<?xml version="1.0" encoding="UTF-8"?>
<testsuite xmlns:xsi="http://www.w3.org/2001/XMLSchema-instance" xsi:noNamespaceSchemaLocation="https://maven.apache.org/surefire/maven-surefire-plugin/xsd/surefire-test-report-3.0.xsd" version="3.0" name="com.revature.planetarium.controller.planet.GetPlanetsByOwnerAPITest" time="0.427" tests="2" errors="0" skipped="0" failures="1">
  <properties>
    <property name="sun.desktop" value="windows"/>
    <property name="awt.toolkit" value="sun.awt.windows.WToolkit"/>
    <property name="java.specification.version" value="11"/>
    <property name="sun.cpu.isalist" value="amd64"/>
    <property name="sun.jnu.encoding" value="Cp1252"/>
    <property name="java.class.path" value="C:\Users\midas\Documents\JWA_PlanetariumSprint2\target\test-classes;C:\Users\midas\Documents\JWA_PlanetariumSprint2\target\classes;C:\Users\midas\.m2\repository\org\postgresql\postgresql\42.7.5\postgresql-42.7.5.jar;C:\Users\midas\.m2\repository\org\checkerframework\checker-qual\3.48.3\checker-qual-3.48.3.jar;C:\Users\midas\.m2\repository\org\slf4j\slf4j-simple\2.0.10\slf4j-simple-2.0.10.jar;C:\Users\midas\.m2\repository\org\slf4j\slf4j-api\2.0.10\slf4j-api-2.0.10.jar;C:\Users\midas\.m2\repository\org\xerial\sqlite-jdbc\3.45.2.0\sqlite-jdbc-3.45.2.0.jar;C:\Users\midas\.m2\repository\io\javalin\javalin\6.1.3\javalin-6.1.3.jar;C:\Users\midas\.m2\repository\org\eclipse\jetty\jetty-server\11.0.20\jetty-server-11.0.20.jar;C:\Users\midas\.m2\repository\org\eclipse\jetty\jetty-http\11.0.20\jetty-http-11.0.20.jar;C:\Users\midas\.m2\repository\org\eclipse\jetty\jetty-util\11.0.20\jetty-util-11.0.20.jar;C:\Users\midas\.m2\repository\org\eclipse\jetty\jetty-io\11.0.20\jetty-io-11.0.20.jar;C:\Users\midas\.m2\repository\org\eclipse\jetty\toolchain\jetty-jakarta-servlet-api\5.0.2\jetty-jakarta-servlet-api-5.0.2.jar;C:\Users\midas\.m2\repository\org\eclipse\jetty\websocket\websocket-jetty-server\11.0.20\websocket-jetty-server-11.0.20.jar;C:\Users\midas\.m2\repository\org\eclipse\jetty\jetty-servlet\11.0.20\jetty-servlet-11.0.20.jar;C:\Users\midas\.m2\repository\org\eclipse\jetty\jetty-security\11.0.20\jetty-security-11.0.20.jar;C:\Users\midas\.m2\repository\org\eclipse\jetty\jetty-webapp\11.0.20\jetty-webapp-11.0.20.jar;C:\Users\midas\.m2\repository\org\eclipse\jetty\jetty-xml\11.0.20\jetty-xml-11.0.20.jar;C:\Users\midas\.m2\repository\org\eclipse\jetty\websocket\websocket-jetty-api\11.0.20\websocket-jetty-api-11.0.20.jar;C:\Users\midas\.m2\repository\org\eclipse\jetty\websocket\websocket-jetty-common\11.0.20\websocket-jetty-common-11.0.20.jar;C:\Users\midas\.m2\repository\org\eclipse\jetty\websocket\websocket-core-common\11.0.20\websocket-core-common-11.0.20.jar;C:\Users\midas\.m2\repository\org\eclipse\jetty\websocket\websocket-servlet\11.0.20\websocket-servlet-11.0.20.jar;C:\Users\midas\.m2\repository\org\eclipse\jetty\websocket\websocket-core-server\11.0.20\websocket-core-server-11.0.20.jar;C:\Users\midas\.m2\repository\org\jetbrains\kotlin\kotlin-stdlib-jdk8\1.9.22\kotlin-stdlib-jdk8-1.9.22.jar;C:\Users\midas\.m2\repository\org\jetbrains\kotlin\kotlin-stdlib\1.9.22\kotlin-stdlib-1.9.22.jar;C:\Users\midas\.m2\repository\org\jetbrains\annotations\13.0\annotations-13.0.jar;C:\Users\midas\.m2\repository\org\jetbrains\kotlin\kotlin-stdlib-jdk7\1.9.22\kotlin-stdlib-jdk7-1.9.22.jar;C:\Users\midas\.m2\repository\com\fasterxml\jackson\core\jackson-databind\2.13.4\jackson-databind-2.13.4.jar;C:\Users\midas\.m2\repository\com\fasterxml\jackson\core\jackson-annotations\2.13.4\jackson-annotations-2.13.4.jar;C:\Users\midas\.m2\repository\com\fasterxml\jackson\core\jackson-core\2.13.4\jackson-core-2.13.4.jar;C:\Users\midas\.m2\repository\io\rest-assured\rest-assured\5.5.1\rest-assured-5.5.1.jar;C:\Users\midas\.m2\repository\org\apache\groovy\groovy\4.0.22\groovy-4.0.22.jar;C:\Users\midas\.m2\repository\org\apache\groovy\groovy-xml\4.0.22\groovy-xml-4.0.22.jar;C:\Users\midas\.m2\repository\org\apache\httpcomponents\httpclient\4.5.13\httpclient-4.5.13.jar;C:\Users\midas\.m2\repository\org\apache\httpcomponents\httpcore\4.4.13\httpcore-4.4.13.jar;C:\Users\midas\.m2\repository\commons-logging\commons-logging\1.2\commons-logging-1.2.jar;C:\Users\midas\.m2\repository\commons-codec\commons-codec\1.11\commons-codec-1.11.jar;C:\Users\midas\.m2\repository\org\apache\httpcomponents\httpmime\4.5.13\httpmime-4.5.13.jar;C:\Users\midas\.m2\repository\org\hamcrest\hamcrest\2.2\hamcrest-2.2.jar;C:\Users\midas\.m2\repository\org\ccil\cowan\tagsoup\tagsoup\1.2.1\tagsoup-1.2.1.jar;C:\Users\midas\.m2\repository\io\rest-assured\json-path\5.5.1\json-path-5.5.1.jar;C:\Users\midas\.m2\repository\org\apache\groovy\groovy-json\4.0.22\groovy-json-4.0.22.jar;C:\Users\midas\.m2\repository\io\rest-assured\rest-assured-common\5.5.1\rest-assured-common-5.5.1.jar;C:\Users\midas\.m2\repository\io\rest-assured\xml-path\5.5.1\xml-path-5.5.1.jar;C:\Users\midas\.m2\repository\org\apache\commons\commons-lang3\3.16.0\commons-lang3-3.16.0.jar;C:\Users\midas\.m2\repository\junit\junit\4.13.2\junit-4.13.2.jar;C:\Users\midas\.m2\repository\org\hamcrest\hamcrest-core\1.3\hamcrest-core-1.3.jar;C:\Users\midas\.m2\repository\org\mockito\mockito-core\5.17.0\mockito-core-5.17.0.jar;C:\Users\midas\.m2\repository\net\bytebuddy\byte-buddy\1.15.11\byte-buddy-1.15.11.jar;C:\Users\midas\.m2\repository\net\bytebuddy\byte-buddy-agent\1.15.11\byte-buddy-agent-1.15.11.jar;C:\Users\midas\.m2\repository\org\objenesis\objenesis\3.3\objenesis-3.3.jar;C:\Users\midas\.m2\repository\org\apache\maven\plugins\maven-surefire-report-plugin\3.0.0\maven-surefire-report-plugin-3.0.0.jar;C:\Users\midas\.m2\repository\org\apache\maven\surefire\surefire-report-parser\3.0.0\surefire-report-parser-3.0.0.jar;C:\Users\midas\.m2\repository\org\apache\maven\surefire\surefire-logger-api\3.0.0\surefire-logger-api-3.0.0.jar;C:\Users\midas\.m2\repository\org\apache\maven\shared\maven-shared-utils\3.3.4\maven-shared-utils-3.3.4.jar;C:\Users\midas\.m2\repository\commons-io\commons-io\2.6\commons-io-2.6.jar;C:\Users\midas\.m2\repository\org\apache\maven\doxia\doxia-sink-api\1.11.1\doxia-sink-api-1.11.1.jar;C:\Users\midas\.m2\repository\org\apache\maven\doxia\doxia-logging-api\1.11.1\doxia-logging-api-1.11.1.jar;C:\Users\midas\.m2\repository\org\apache\maven\doxia\doxia-core\1.11.1\doxia-core-1.11.1.jar;C:\Users\midas\.m2\repository\org\codehaus\plexus\plexus-utils\3.3.0\plexus-utils-3.3.0.jar;C:\Users\midas\.m2\repository\org\codehaus\plexus\plexus-container-default\2.1.0\plexus-container-default-2.1.0.jar;C:\Users\midas\.m2\repository\org\codehaus\plexus\plexus-classworlds\2.6.0\plexus-classworlds-2.6.0.jar;C:\Users\midas\.m2\repository\org\apache\xbean\xbean-reflect\3.7\xbean-reflect-3.7.jar;C:\Users\midas\.m2\repository\com\google\collections\google-collections\1.0\google-collections-1.0.jar;C:\Users\midas\.m2\repository\org\codehaus\plexus\plexus-component-annotations\2.1.0\plexus-component-annotations-2.1.0.jar;C:\Users\midas\.m2\repository\org\apache\commons\commons-text\1.3\commons-text-1.3.jar;C:\Users\midas\.m2\repository\org\apache\maven\reporting\maven-reporting-api\3.1.1\maven-reporting-api-3.1.1.jar;C:\Users\midas\.m2\repository\org\apache\maven\reporting\maven-reporting-impl\3.2.0\maven-reporting-impl-3.2.0.jar;C:\Users\midas\.m2\repository\org\apache\maven\maven-artifact\3.1.0\maven-artifact-3.1.0.jar;C:\Users\midas\.m2\repository\org\apache\maven\doxia\doxia-decoration-model\1.11.1\doxia-decoration-model-1.11.1.jar;C:\Users\midas\.m2\repository\org\apache\maven\doxia\doxia-integration-tools\1.11.1\doxia-integration-tools-1.11.1.jar;C:\Users\midas\.m2\repository\org\apache\maven\maven-model\2.2.1\maven-model-2.2.1.jar;C:\Users\midas\.m2\repository\org\codehaus\plexus\plexus-i18n\1.0-beta-10\plexus-i18n-1.0-beta-10.jar;C:\Users\midas\.m2\repository\org\codehaus\plexus\plexus-interpolation\1.26\plexus-interpolation-1.26.jar;C:\Users\midas\.m2\repository\org\apache\maven\doxia\doxia-site-renderer\1.11.1\doxia-site-renderer-1.11.1.jar;C:\Users\midas\.m2\repository\org\apache\maven\doxia\doxia-skin-model\1.11.1\doxia-skin-model-1.11.1.jar;C:\Users\midas\.m2\repository\org\apache\maven\doxia\doxia-module-xhtml\1.11.1\doxia-module-xhtml-1.11.1.jar;C:\Users\midas\.m2\repository\org\apache\maven\doxia\doxia-module-xhtml5\1.11.1\doxia-module-xhtml5-1.11.1.jar;C:\Users\midas\.m2\repository\org\codehaus\plexus\plexus-velocity\1.2\plexus-velocity-1.2.jar;C:\Users\midas\.m2\repository\org\apache\velocity\velocity\1.7\velocity-1.7.jar;C:\Users\midas\.m2\repository\commons-lang\commons-lang\2.4\commons-lang-2.4.jar;C:\Users\midas\.m2\repository\org\apache\velocity\velocity-tools\2.0\velocity-tools-2.0.jar;C:\Users\midas\.m2\repository\commons-beanutils\commons-beanutils\1.7.0\commons-beanutils-1.7.0.jar;C:\Users\midas\.m2\repository\commons-digester\commons-digester\1.8\commons-digester-1.8.jar;C:\Users\midas\.m2\repository\commons-chain\commons-chain\1.1\commons-chain-1.1.jar;C:\Users\midas\.m2\repository\dom4j\dom4j\1.1\dom4j-1.1.jar;C:\Users\midas\.m2\repository\oro\oro\2.0.8\oro-2.0.8.jar;C:\Users\midas\.m2\repository\commons-collections\commons-collections\3.2.2\commons-collections-3.2.2.jar;"/>
    <property name="java.vm.vendor" value="Oracle Corporation"/>
    <property name="sun.arch.data.model" value="64"/>
    <property name="user.variant" value=""/>
    <property name="java.vendor.url" value="https://openjdk.java.net/"/>
    <property name="user.timezone" value="America/New_York"/>
    <property name="java.vm.specification.version" value="11"/>
    <property name="os.name" value="Windows 11"/>
    <property name="sun.java.launcher" value="SUN_STANDARD"/>
    <property name="user.country" value="US"/>
    <property name="sun.boot.library.path" value="C:\Program Files\Java\jdk-11\bin"/>
    <property name="sun.java.command" value="C:\Users\midas\AppData\Local\Temp\surefire397102594752464005\surefirebooter-20250514150410891_3.jar C:\Users\midas\AppData\Local\Temp\surefire397102594752464005 2025-05-14T15-04-10_650-jvmRun1 surefire-20250514150410891_1tmp surefire_0-20250514150410891_2tmp"/>
    <property name="jdk.debug" value="release"/>
    <property name="surefire.test.class.path" value="C:\Users\midas\Documents\JWA_PlanetariumSprint2\target\test-classes;C:\Users\midas\Documents\JWA_PlanetariumSprint2\target\classes;C:\Users\midas\.m2\repository\org\postgresql\postgresql\42.7.5\postgresql-42.7.5.jar;C:\Users\midas\.m2\repository\org\checkerframework\checker-qual\3.48.3\checker-qual-3.48.3.jar;C:\Users\midas\.m2\repository\org\slf4j\slf4j-simple\2.0.10\slf4j-simple-2.0.10.jar;C:\Users\midas\.m2\repository\org\slf4j\slf4j-api\2.0.10\slf4j-api-2.0.10.jar;C:\Users\midas\.m2\repository\org\xerial\sqlite-jdbc\3.45.2.0\sqlite-jdbc-3.45.2.0.jar;C:\Users\midas\.m2\repository\io\javalin\javalin\6.1.3\javalin-6.1.3.jar;C:\Users\midas\.m2\repository\org\eclipse\jetty\jetty-server\11.0.20\jetty-server-11.0.20.jar;C:\Users\midas\.m2\repository\org\eclipse\jetty\jetty-http\11.0.20\jetty-http-11.0.20.jar;C:\Users\midas\.m2\repository\org\eclipse\jetty\jetty-util\11.0.20\jetty-util-11.0.20.jar;C:\Users\midas\.m2\repository\org\eclipse\jetty\jetty-io\11.0.20\jetty-io-11.0.20.jar;C:\Users\midas\.m2\repository\org\eclipse\jetty\toolchain\jetty-jakarta-servlet-api\5.0.2\jetty-jakarta-servlet-api-5.0.2.jar;C:\Users\midas\.m2\repository\org\eclipse\jetty\websocket\websocket-jetty-server\11.0.20\websocket-jetty-server-11.0.20.jar;C:\Users\midas\.m2\repository\org\eclipse\jetty\jetty-servlet\11.0.20\jetty-servlet-11.0.20.jar;C:\Users\midas\.m2\repository\org\eclipse\jetty\jetty-security\11.0.20\jetty-security-11.0.20.jar;C:\Users\midas\.m2\repository\org\eclipse\jetty\jetty-webapp\11.0.20\jetty-webapp-11.0.20.jar;C:\Users\midas\.m2\repository\org\eclipse\jetty\jetty-xml\11.0.20\jetty-xml-11.0.20.jar;C:\Users\midas\.m2\repository\org\eclipse\jetty\websocket\websocket-jetty-api\11.0.20\websocket-jetty-api-11.0.20.jar;C:\Users\midas\.m2\repository\org\eclipse\jetty\websocket\websocket-jetty-common\11.0.20\websocket-jetty-common-11.0.20.jar;C:\Users\midas\.m2\repository\org\eclipse\jetty\websocket\websocket-core-common\11.0.20\websocket-core-common-11.0.20.jar;C:\Users\midas\.m2\repository\org\eclipse\jetty\websocket\websocket-servlet\11.0.20\websocket-servlet-11.0.20.jar;C:\Users\midas\.m2\repository\org\eclipse\jetty\websocket\websocket-core-server\11.0.20\websocket-core-server-11.0.20.jar;C:\Users\midas\.m2\repository\org\jetbrains\kotlin\kotlin-stdlib-jdk8\1.9.22\kotlin-stdlib-jdk8-1.9.22.jar;C:\Users\midas\.m2\repository\org\jetbrains\kotlin\kotlin-stdlib\1.9.22\kotlin-stdlib-1.9.22.jar;C:\Users\midas\.m2\repository\org\jetbrains\annotations\13.0\annotations-13.0.jar;C:\Users\midas\.m2\repository\org\jetbrains\kotlin\kotlin-stdlib-jdk7\1.9.22\kotlin-stdlib-jdk7-1.9.22.jar;C:\Users\midas\.m2\repository\com\fasterxml\jackson\core\jackson-databind\2.13.4\jackson-databind-2.13.4.jar;C:\Users\midas\.m2\repository\com\fasterxml\jackson\core\jackson-annotations\2.13.4\jackson-annotations-2.13.4.jar;C:\Users\midas\.m2\repository\com\fasterxml\jackson\core\jackson-core\2.13.4\jackson-core-2.13.4.jar;C:\Users\midas\.m2\repository\io\rest-assured\rest-assured\5.5.1\rest-assured-5.5.1.jar;C:\Users\midas\.m2\repository\org\apache\groovy\groovy\4.0.22\groovy-4.0.22.jar;C:\Users\midas\.m2\repository\org\apache\groovy\groovy-xml\4.0.22\groovy-xml-4.0.22.jar;C:\Users\midas\.m2\repository\org\apache\httpcomponents\httpclient\4.5.13\httpclient-4.5.13.jar;C:\Users\midas\.m2\repository\org\apache\httpcomponents\httpcore\4.4.13\httpcore-4.4.13.jar;C:\Users\midas\.m2\repository\commons-logging\commons-logging\1.2\commons-logging-1.2.jar;C:\Users\midas\.m2\repository\commons-codec\commons-codec\1.11\commons-codec-1.11.jar;C:\Users\midas\.m2\repository\org\apache\httpcomponents\httpmime\4.5.13\httpmime-4.5.13.jar;C:\Users\midas\.m2\repository\org\hamcrest\hamcrest\2.2\hamcrest-2.2.jar;C:\Users\midas\.m2\repository\org\ccil\cowan\tagsoup\tagsoup\1.2.1\tagsoup-1.2.1.jar;C:\Users\midas\.m2\repository\io\rest-assured\json-path\5.5.1\json-path-5.5.1.jar;C:\Users\midas\.m2\repository\org\apache\groovy\groovy-json\4.0.22\groovy-json-4.0.22.jar;C:\Users\midas\.m2\repository\io\rest-assured\rest-assured-common\5.5.1\rest-assured-common-5.5.1.jar;C:\Users\midas\.m2\repository\io\rest-assured\xml-path\5.5.1\xml-path-5.5.1.jar;C:\Users\midas\.m2\repository\org\apache\commons\commons-lang3\3.16.0\commons-lang3-3.16.0.jar;C:\Users\midas\.m2\repository\junit\junit\4.13.2\junit-4.13.2.jar;C:\Users\midas\.m2\repository\org\hamcrest\hamcrest-core\1.3\hamcrest-core-1.3.jar;C:\Users\midas\.m2\repository\org\mockito\mockito-core\5.17.0\mockito-core-5.17.0.jar;C:\Users\midas\.m2\repository\net\bytebuddy\byte-buddy\1.15.11\byte-buddy-1.15.11.jar;C:\Users\midas\.m2\repository\net\bytebuddy\byte-buddy-agent\1.15.11\byte-buddy-agent-1.15.11.jar;C:\Users\midas\.m2\repository\org\objenesis\objenesis\3.3\objenesis-3.3.jar;C:\Users\midas\.m2\repository\org\apache\maven\plugins\maven-surefire-report-plugin\3.0.0\maven-surefire-report-plugin-3.0.0.jar;C:\Users\midas\.m2\repository\org\apache\maven\surefire\surefire-report-parser\3.0.0\surefire-report-parser-3.0.0.jar;C:\Users\midas\.m2\repository\org\apache\maven\surefire\surefire-logger-api\3.0.0\surefire-logger-api-3.0.0.jar;C:\Users\midas\.m2\repository\org\apache\maven\shared\maven-shared-utils\3.3.4\maven-shared-utils-3.3.4.jar;C:\Users\midas\.m2\repository\commons-io\commons-io\2.6\commons-io-2.6.jar;C:\Users\midas\.m2\repository\org\apache\maven\doxia\doxia-sink-api\1.11.1\doxia-sink-api-1.11.1.jar;C:\Users\midas\.m2\repository\org\apache\maven\doxia\doxia-logging-api\1.11.1\doxia-logging-api-1.11.1.jar;C:\Users\midas\.m2\repository\org\apache\maven\doxia\doxia-core\1.11.1\doxia-core-1.11.1.jar;C:\Users\midas\.m2\repository\org\codehaus\plexus\plexus-utils\3.3.0\plexus-utils-3.3.0.jar;C:\Users\midas\.m2\repository\org\codehaus\plexus\plexus-container-default\2.1.0\plexus-container-default-2.1.0.jar;C:\Users\midas\.m2\repository\org\codehaus\plexus\plexus-classworlds\2.6.0\plexus-classworlds-2.6.0.jar;C:\Users\midas\.m2\repository\org\apache\xbean\xbean-reflect\3.7\xbean-reflect-3.7.jar;C:\Users\midas\.m2\repository\com\google\collections\google-collections\1.0\google-collections-1.0.jar;C:\Users\midas\.m2\repository\org\codehaus\plexus\plexus-component-annotations\2.1.0\plexus-component-annotations-2.1.0.jar;C:\Users\midas\.m2\repository\org\apache\commons\commons-text\1.3\commons-text-1.3.jar;C:\Users\midas\.m2\repository\org\apache\maven\reporting\maven-reporting-api\3.1.1\maven-reporting-api-3.1.1.jar;C:\Users\midas\.m2\repository\org\apache\maven\reporting\maven-reporting-impl\3.2.0\maven-reporting-impl-3.2.0.jar;C:\Users\midas\.m2\repository\org\apache\maven\maven-artifact\3.1.0\maven-artifact-3.1.0.jar;C:\Users\midas\.m2\repository\org\apache\maven\doxia\doxia-decoration-model\1.11.1\doxia-decoration-model-1.11.1.jar;C:\Users\midas\.m2\repository\org\apache\maven\doxia\doxia-integration-tools\1.11.1\doxia-integration-tools-1.11.1.jar;C:\Users\midas\.m2\repository\org\apache\maven\maven-model\2.2.1\maven-model-2.2.1.jar;C:\Users\midas\.m2\repository\org\codehaus\plexus\plexus-i18n\1.0-beta-10\plexus-i18n-1.0-beta-10.jar;C:\Users\midas\.m2\repository\org\codehaus\plexus\plexus-interpolation\1.26\plexus-interpolation-1.26.jar;C:\Users\midas\.m2\repository\org\apache\maven\doxia\doxia-site-renderer\1.11.1\doxia-site-renderer-1.11.1.jar;C:\Users\midas\.m2\repository\org\apache\maven\doxia\doxia-skin-model\1.11.1\doxia-skin-model-1.11.1.jar;C:\Users\midas\.m2\repository\org\apache\maven\doxia\doxia-module-xhtml\1.11.1\doxia-module-xhtml-1.11.1.jar;C:\Users\midas\.m2\repository\org\apache\maven\doxia\doxia-module-xhtml5\1.11.1\doxia-module-xhtml5-1.11.1.jar;C:\Users\midas\.m2\repository\org\codehaus\plexus\plexus-velocity\1.2\plexus-velocity-1.2.jar;C:\Users\midas\.m2\repository\org\apache\velocity\velocity\1.7\velocity-1.7.jar;C:\Users\midas\.m2\repository\commons-lang\commons-lang\2.4\commons-lang-2.4.jar;C:\Users\midas\.m2\repository\org\apache\velocity\velocity-tools\2.0\velocity-tools-2.0.jar;C:\Users\midas\.m2\repository\commons-beanutils\commons-beanutils\1.7.0\commons-beanutils-1.7.0.jar;C:\Users\midas\.m2\repository\commons-digester\commons-digester\1.8\commons-digester-1.8.jar;C:\Users\midas\.m2\repository\commons-chain\commons-chain\1.1\commons-chain-1.1.jar;C:\Users\midas\.m2\repository\dom4j\dom4j\1.1\dom4j-1.1.jar;C:\Users\midas\.m2\repository\oro\oro\2.0.8\oro-2.0.8.jar;C:\Users\midas\.m2\repository\commons-collections\commons-collections\3.2.2\commons-collections-3.2.2.jar;"/>
    <property name="sun.cpu.endian" value="little"/>
    <property name="user.home" value="C:\Users\midas"/>
    <property name="user.language" value="en"/>
    <property name="java.specification.vendor" value="Oracle Corporation"/>
    <property name="java.version.date" value="2024-10-15"/>
    <property name="java.home" value="C:\Program Files\Java\jdk-11"/>
    <property name="file.separator" value="\"/>
    <property name="basedir" value="C:\Users\midas\Documents\JWA_PlanetariumSprint2"/>
    <property name="java.vm.compressedOopsMode" value="Zero based"/>
    <property name="line.separator" value="&#10;"/>
    <property name="java.specification.name" value="Java Platform API Specification"/>
    <property name="java.vm.specification.vendor" value="Oracle Corporation"/>
    <property name="java.awt.graphicsenv" value="sun.awt.Win32GraphicsEnvironment"/>
    <property name="surefire.real.class.path" value="C:\Users\midas\AppData\Local\Temp\surefire397102594752464005\surefirebooter-20250514150410891_3.jar"/>
    <property name="user.script" value=""/>
    <property name="sun.management.compiler" value="HotSpot 64-Bit Tiered Compilers"/>
    <property name="java.runtime.version" value="11.0.25+9-LTS-256"/>
    <property name="user.name" value="midas"/>
    <property name="path.separator" value=";"/>
    <property name="os.version" value="10.0"/>
    <property name="java.runtime.name" value="Java(TM) SE Runtime Environment"/>
    <property name="file.encoding" value="Cp1252"/>
    <property name="java.vm.name" value="Java HotSpot(TM) 64-Bit Server VM"/>
    <property name="java.vendor.version" value="18.9"/>
    <property name="localRepository" value="C:\Users\midas\.m2\repository"/>
    <property name="java.vendor.url.bug" value="https://bugreport.java.com/bugreport/"/>
    <property name="java.io.tmpdir" value="C:\Users\midas\AppData\Local\Temp\"/>
    <property name="java.version" value="11.0.25"/>
    <property name="user.dir" value="C:\Users\midas\Documents\JWA_PlanetariumSprint2"/>
    <property name="os.arch" value="amd64"/>
    <property name="java.vm.specification.name" value="Java Virtual Machine Specification"/>
    <property name="java.awt.printerjob" value="sun.awt.windows.WPrinterJob"/>
    <property name="sun.os.patch.level" value=""/>
    <property name="java.library.path" value="C:\Program Files\Java\jdk-11\bin;C:\WINDOWS\Sun\Java\bin;C:\WINDOWS\system32;C:\WINDOWS;C:\Program Files\Common Files\Oracle\Java\javapath;C:\Program Files\Java\jdk1.8.0_331\bin;C:\WINDOWS\system32;C:\WINDOWS;C:\WINDOWS\System32\Wbem;C:\WINDOWS\System32\WindowsPowerShell\v1.0\;C:\WINDOWS\System32\OpenSSH\;C:\ProgramData\chocolatey\bin;C:\Program Files\WinGet\Links;C:\Program Files\NVIDIA Corporation\NVIDIA App\NvDLISR;C:\Program Files (x86)\NVIDIA Corporation\PhysX\Common;C:\Program Files\dotnet\;C:\Program Files\Git\cmd;C:\Program Files\Microsoft VS Code\bin;C:\Program Files (x86)\GitExtensions\;C:\Program Files\GitHub CLI\;C:\Users\midas\Downloads\apache-maven-3.9.9-bin\apache-maven-3.9.9\bin;C:\Program Files\nodejs\;C:\Users\midas\AppData\Local\Microsoft\WindowsApps;C:\Users\midas\.dotnet\tools;C:\Users\midas\Downloads\apache-maven-3.9.9-bin\apache-maven-3.9.9\bin;C:\Users\midas\AppData\Roaming\npm;."/>
    <property name="java.vendor" value="Oracle Corporation"/>
    <property name="java.vm.info" value="mixed mode"/>
    <property name="java.vm.version" value="11.0.25+9-LTS-256"/>
    <property name="java.specification.maintenance.version" value="3"/>
    <property name="sun.io.unicode.encoding" value="UnicodeLittle"/>
    <property name="java.class.version" value="55.0"/>
  </properties>
  <testcase name="getPlanetsByOwnerAPIPositiveTest" classname="com.revature.planetarium.controller.planet.GetPlanetsByOwnerAPITest" time="0.398">
    <failure message="4 expectations failed.&#10;JSON path planetId doesn&apos;t match.&#10;Expected: 1&#10;  Actual: &lt;[1]&gt;&#10;&#10;JSON path planetName doesn&apos;t match.&#10;Expected: Earth&#10;  Actual: &lt;[Earth]&gt;&#10;&#10;JSON path ownerId doesn&apos;t match.&#10;Expected: 1&#10;  Actual: &lt;[1]&gt;&#10;&#10;JSON path imageData doesn&apos;t match.&#10;Expected: /9j/4QJaRXhpZgAATU0AKgAAAAgAAodpAAQAAAABAAABMuocAAcAAAEMAAAAJgAAAAAc6gAAAAEAAAAAAAAAAAAAAAAAAAAAAAAAAAAAAAAAAAAAAAAAAAAAAAAAAAAAAAAAAAAAAAAAAAAAAAAAAAAAAAAAAAAAAAAAAAAAAAAAAAAAAAAAAAAAAAAAAAAAAAAAAAAAAAAAAAAAAAAAAAAAAAAAAAAAAAAAAAAAAAAAAAAAAAAAAAAAAAAAAAAAAAAAAAAAAAAAAAAAAAAAAAAAAAAAAAAAAAAAAAAAAAAAAAAAAAAAAAAAAAAAAAAAAAAAAAAAAAAAAAAAAAAAAAAAAAAAAAAAAAAAAAAAAAAAAAAAAAAAAAAAAAAAAAAAAAAAAAAAAAAAAAAAAAAAAAAAAAAAAAAAAAAAAAAAAAHqHAAHAAABDAAAAUQAAAAAHOoAAAABAAAAAAAAAAAAAAAAAAAAAAAAAAAAAAAAAAAAAAAAAAAAAAAAAAAAAAAAAAAAAAAAAAAAAAAAAAAAAAAAAAAAAAAAAAAAAAAAAAAAAAAAAAAAAAAAAAAAAAAAAAAAAAAAAAAAAAAAAAAAAAAAAAAAAAAAAAAAAAAAAAAAAAAAAAAAAAAAAAAAAAAAAAAAAAAAAAAAAAAAAAAAAAAAAAAAAAAAAAAAAAAAAAAAAAAAAAAAAAAAAAAAAAAAAAAAAAAAAAAAAAAAAAAAAAAAAAAAAAAAAAAAAAAAAAAAAAAAAAAAAAAAAAAAAAAAAAAAAAAAAAAAAAAAAAAAAAAAAAAAAAAAAAAAAAAA/+EB3Wh0dHA6Ly9ucy5hZG9iZS5jb20veGFwLzEuMC8APD94cGFja2V0IGJlZ2luPSfvu78nIGlkPSdXNU0wTXBDZWhpSHpyZVN6TlRjemtjOWQnPz4NCjx4OnhtcG1ldGEgeG1sbnM6eD0iYWRvYmU6bnM6bWV0YS8iPjxyZGY6UkRGIHhtbG5zOnJkZj0iaHR0cDovL3d3dy53My5vcmcvMTk5OS8wMi8yMi1yZGYtc3ludGF4LW5zIyIvPjwveDp4bXBtZXRhPg0KICAgICAgICAgICAgICAgICAgICAgICAgICAgICAgICAgICAgICAgICAgICAgICAgICAgICAgICAgICAgICAgICAgICAgICAgICAgICAgICAgICAgICAgICAgICAgICAgICAgIAogICAgICAgICAgICAgICAgICAgICAgICAgICAgICAgICAgICAgICAgICAgICAgICAgICAgICAgICAgICAgICAgICAgICAgICAgICAgICAgICAgICAgICAgICAgICAgICAgICAgCiAgICAgICAgICAgICAgICAgICAgICAgICAgICAgICAgICAgICAgICAgICAgICAgICAgICAgIDw/eHBhY2tldCBlbmQ9J3cnPz7/2wBDAAYEBQYFBAYGBQYHBwYIChAKCgkJChQODwwQFxQYGBcUFhYaHSUfGhsjHBYWICwgIyYnKSopGR8tMC0oMCUoKSj/2wBDAQcHBwoIChMKChMoGhYaKCgoKCgoKCgoKCgoKCgoKCgoKCgoKCgoKCgoKCgoKCgoKCgoKCgoKCgoKCgoKCgoKCj/wAARCAQABAADASIAAhEBAxEB/8QAHwAAAQUBAQEBAQEAAAAAAAAAAAECAwQFBgcICQoL/8QAtRAAAgEDAwIEAwUFBAQAAAF9AQIDAAQRBRIhMUEGE1FhByJxFDKBkaEII0KxwRVS0fAkM2JyggkKFhcYGRolJicoKSo0NTY3ODk6Q0RFRkdISUpTVFVWV1hZWmNkZWZnaGlqc3R1dnd4eXqDhIWGh4iJipKTlJWWl5iZmqKjpKWmp6ipqrKztLW2t7i5usLDxMXGx8jJytLT1NXW19jZ2uHi4+Tl5ufo6erx8vP09fb3+Pn6/8QAHwEAAwEBAQEBAQEBAQAAAAAAAAECAwQFBgcICQoL/8QAtREAAgECBAQDBAcFBAQAAQJ3AAECAxEEBSExBhJBUQdhcRMiMoEIFEKRobHBCSMzUvAVYnLRChYkNOEl8RcYGRomJygpKjU2Nzg5OkNERUZHSElKU1RVVldYWVpjZGVmZ2hpanN0dXZ3eHl6goOEhYaHiImKkpOUlZaXmJmaoqOkpaanqKmqsrO0tba3uLm6wsPExcbHyMnK0tPU1dbX2Nna4uPk5ebn6Onq8vP09fb3+Pn6/9oADAMBAAIRAxEAPwD5Y565HFOjjeQkIpbCljgdAO9NIAbCtkeuMVNbI0kvlQl2kkIRQn8We348cUwK54oFPYEMVYEYOCKaRnpikAi9cGn5GD2IpvQ/40pHyg9+9AE7zQNZxxrAVuA7M82/O5TjA29sYPPfPtUBycdqFUkEgZA5NAFMBADmg8HFT3MSROoSaOYbQcpnAJHTkDkfl71CSc570AAU9uaOh56VKkrIoCkjqM+metRkdOetACAZ5FKQR2xSgFHwwII609XQEnG4dADTEQ8g0E+lKwOc/jShmUMB0YYNIYIqs4DttU9TjOKQ8N8pyM9TQQfoadtIAY9OlAAQNx29PekAycDn0qSbywyiFnI2jO4AHOOfwzTAT2wCTTEN70tOOQecEjjjmkzkYPNMBO/FLS96exUuSi4XPTOcUAIxyxOMA0i45zz6U+TLZcRhEY8BRwPYUygAOSM0mafGFLAOSF7kDJpKoQFW3YIIb0pzZHB4NID3PWjt/SmAbTjdx9M0KcZ4pKXr7UAA9qcPWkAH1qRSQuB0PX3piAHqTwaWjtgjFAGSACPqaaEGCQcfWlQfN1471PYxpJeRRzSiKN2CvJyQoJ5JHtT9Riit7+4it5UniRyqygYDD1piv0Kr8nOMVH3qQjt+P1oYYHbmkNMaMhSMde9GOCRS/wAB9ulJ2pWAQnjnH1pv06049O1M+tMaEooo7Uhi9hjr3NLnI6c0gxmhfrQIX6iirWl20V3f28FxcJaxSOqNNIDtQE8scdhS6rBBa6ldQWlyt3bxSMiTqpUSKDwwB5GetVbS4r62KhwO9NNOptSUhDSUueMcUhHvQMTuM9KGxk7c47Z9KOe9FSAdqXJ247dakuJEkZPLi8sBApAOckdTUePWmAoJ6tyM5x60FtzE++aTGfrQMUAAJGcjrRS0p5xgY4xQAfTmlHB4pBjFLjp3x2piLl7qFzfCAXMm/wAmMRJwBhR0Hv1qsD17U2lxjindsVkhefzpccetKo/SkxQAgpccA0uOfb6UYzgD8qAE68joKUdKMEH3pwXn19aQgX3FSLgDkZNIB+ApduBTQhwJx/WnjPAHJ9hSMAGIDBgD1HelHXjIOMVQhCOT2PTFIRTvmBznnPNXNQ1G4v0tkuGVltohDGAoXaoJOOBzyTzQBQwCfT8KTHNPI/Gk7nOOlIZIkWYt25RztwTyajUc8dKEye3FP4znjmmIYVwOuaacfTHtU6KrNh3Cg55xnnFRMP14zSsFyBiSeKbipNh6YNJtPvwaCriImVY5AwM896UDDYJpcY4OaD7UAS3aQxlBBKZQUUsSm3DEcj3x61AOKdgYwevpShfegVwjHzVIpwemR6Uir1GOfWpFUEc5oJbGgHrT1TJ/QCnonQHpVhI+QOOKpIhysVwn/wBepQh4qykHT35qV4NqKcD5hkc1aiZymUdvp69KeAeARU4j46VIsXAOfanYlzIApwOPxqxEhOODkVZaJXKbU2AKB1zk9z+NaNnaA7CvPHNbQjqc9StZFaC0d1JUU5laFvnUj2NddpV3b6eJlktoZy8bRgvyEJ/iHvXNatIHkJB5PeuiSSRwwquc7MzJD3H5VEJMdeaRnx9aYO3oa5mzuUdNSZTu69+9NfgevuKjJ/Cm7zRcOUV2IAPXNJ5mTxSPjHTFM3bR2qWy0roRnPbNG/I96Yxz+FMEgXGQCPTpSuapCtwTjmkVsEZ/Koy/rTd3vzSuVYlkkyT2/GowMhsbi3XGKjJz1605GIyRnkEdcUXKSsJjjgHmkHXmnHkUg68Y60h3HAE008Vo6VfNp8sjiKCYPG0RWaMMoBGMjPQjsapMMmnYm5FnGc80zJJ4qVlJHH/66iOQTUMpMduXAx170ue+PamAZPtUygEZGaa1E9CIrzTcVKVOCcHGcZpmBjiiw7kRHtSEHNSYz70rKM4BzSsO5CBzgVNBNJC2YnZWPykg44ppUg5H6UEdc9c0h3uZWOeOlBOCNp6VJKYy2Y0KLxwWyelMBBzkE/SuQ6RNxYktnmgccnsaVRlwvHB70mTjGfwpAJkk/WnL8vOAe3NNBxSv29O3NAC5wMD/AOtSd+O1G7oOwpCOPWgBaU8/MSMmkBwCODmpgyLE4Vch8DLdVI9KYEeflPbNOcZCsVwDwMDimj5W7Efzp4ZpDsQE5OFXGevpQBGeRyeRwKT+dTyiKMMigu/HJyNh/iGO/wD9aoeh4P5UAT2sqQXEUrxLPFG4Zo5MhXx2OOcH2qMYef5QqqTkAngU0gAZDfMeoA7Ug6HJIFACHtk5HrRnnqQKcyMh57AHg5pvBOAeO2aADjtmntyc9O3JzTmhZVQ5Rty7vlYEj6+honkEszOsccYPO1PuigBFIRuQHA9zigHGMBTg5+tIMcH2o45xmmIDjtkd/pSqD/8AroIwByCPrSqPbJ7U7AJzxS9qUdOe/pSds5qrCDtRS446jr0zQM8n0pgHpS9jijqelL+gFCENI560oFOx8vXnNJ9adgAVJCFLqGOBnr6UwZBBpw5ycflVITNLWobeDUWSG+TUFGMzRhlDHHQbueKzjg5/lTe/Wl/Ch6iSsOx0wc+tLnoM5poxnkU5RyASBnvQAZz0IHak9doPr0pvSlJ9D7UgAtnjA+tIfajoOnvQcbRx096BiGmGncdxSMOeKQ0J0JpB+lBGDQRjigYoODQOuKB36UtADmXaFORyM8Hp9aSig9KYhDSGnHpSEYxQMacnk0lOOMAjrTaQwVSxwOTSUvejFIAAox+NOTAYEjIB6etPUk5VB9/jHWmgIxwecUY9qUjBPHSl5xTsAg4PQGgClxS4xxQIQClHrTsUuKYDQOec49qAOuM4pxHSgDmgQsY45pdtPUAAENz6UvU569zQTcjIGB196Xb7U4jBpR7UgGgYpQDT+xHY0oHpTsAir8vXnPSl2jFOUZp2CTQK4xFP4U/Hpxk07bgVIE45p2JbI8dCAaaRg5PNSkbeMnPSmSuHJYKo9lHFA0R+vam9e1OPPNNpDEA5xmnjvzSNnOe9LnpmmJinJXjmm+lPOAPc/pSehFMSY1gcdTTQvOak46E803pyBSHcAAck9KiI5OOe9Sk5HzdaiPHQ4zxSY0KpyalEjlAm4lAc7e2fWoYxzUwGT8uaBMeEx1HFSqKYnXoamHbpVWM2x0a8VPtGcZ5qLJJBY/nU0XJ5qkjOTJo1JPPSpgAc5wKhJAAxnNPVwcZ/KtTF3eovl54HBpVXkAjjvSqwGfepYkLxlguVHBPp6UyL9y3bBcDrv/Sr1vlGDKSCPSsuHKvwTV2WUogJOK0izmqJ3J3mADZrJvZN3HXimz3W4nJ4qnLIWxg0pTuVSo2d2Mds88VGZCQPQdqjbJPXNBBAHTmsbnao2JoHj8z96CUPXb1phcZ47VEWGSO1Rlj2ouNRJ3fNRMxA4NBcY5qN2BY9B7Umy4xELnPNNLZNNJPNN5z7VNzSw7I+npTSxozwR60339KAsPzTlxxzz6UwA5pxPOe1MTHdvShRxnPPpQTnvmlX9aYug8dOPzpSMelKoIPOKbNJvZmJGScnjFMgidypypI9CKhJ55pW655po69Kg1itCZUO3fjjpW39hsz4XF+uoQ/a/tJhNkVIkCbciTPTHasEE446U7J6c4ppkONx4ORtzxQEJx/Wm84zShz+VFx2Ze0Q6dHqMJ1eOeSyGfMWBgrng4wT74qjKVZzjO3tmlY5z+dM+nehsEg6YwKCATxjPpT48YO7J9MetMbrQHUxvejPTGBj0qe4na4EYMcS+WgQeWgXIHc46n3NRRxu4dkXIQZY+gzj+dcJ2Dc8579aklcec7RZCk8Z64pOZH+ZgGY8lv600Lzjk/TmgALEnkDkY6Um07d2OM4pxb5duB1znvTpWklVXcllACZ7DA4FMCEVIUCvjeGXIyy0YLkkgnHUgUg6FeMHv3oAGChyFOVB4OMU512qjb1JYElR/Dz3qP2p2RigB4zIqoig7Qeg5Pfmmru5K5+XkkU0HHrQT0wc+1ACjg+1HfOOP5UuSqnjhh1I/lTeh68GkAoo3HhSeB0FB27eM7v0xQq5YDIHPemAmDj2pAM9M5pxI5AzzzSBiCdvGaAAZ7dO9L1oyduBnH86VfmyML6kmgBy4G0n5h1IpQASf4R/KkABAJbn0xS7c4+vTvVJCFVcuBjOaXp17VdsLdnlhO1jEZACcdear3MTRTOjDBUkYP1rb2bUeYjnTdiMkuck8+ppCNrEdcHt0qWSFo1UuQGPRe49z6VFUNW3Ghvc4p6sQCuSFPJpFUlSwxgdeaWhIYDGDxz25pfSkHpSjpTQh2BgUYwcZB+lKST1zwMUccetVYkbjmlHTpSk/wCHFNxjvQMXH1/CgDB5GRR+OBThjBznPbFFgADvn8KBjkHOPajk/SjrQIMkcjHpTSCafjgGk/L0oAbRnBP9aU/Wk3EAgYwRjpQNAoyewP1prfXNL0o9aQDcZB4PHNJjHORTj074NIOPxpDAZ780uKMYpV6E55FMBMc0fSnKAW+bp7dabjnkUAFJ2pR1pe1ADMUpXgHIOe3pT5GDsCEVcADA/nTOp4FAxMD1pMU7FKOD2/GgA2kIDjrkZ9aAcYIz+FHOad1OSO3QcUANFLilApQBzkUwEOCeBilApcU7HpmhIQgGKklZHSMJGFKrhiD945PP9PwpoFApgNxS9sY/GnY4pAvPFAhVz7n0pevQfWhR6/SlApCYYp2MHg0cHHY07HJ70xBg4xj9KUDsKVFyM5HA9acBTsIFXOO1SBeT2oC5xinqPXp6UIlibQVAA5p6cevPvTlQcA/jUhXC9PmqkiGypKpJNRYHf0q1IR3/ABqG5fzpmk2qu452qMAfSky0yEg9+Kbx3zUirkGkxzxSsO4w0qfSjaad0HShIGw7etJ684zSkevT1pM80xCc0oPqM0UDg5yKQCEcUwoefSpvSl29/wCVFrhexCqfLxUiqSOaeF5z6VIFHH9aaQnIVRheRSh/lC5OAaX0z1ph5PHFOxCHbsd809JCDn9ahAOMjmjfwBzj0o2CxaWQE/OaUv8ANkHBzVISYNPSQd8n8cU7i5C2JcAnPNW7K9eHIB+VxhlPQ88ZrFMh3ZFPSXbimpEyp3RsNc8jHAHGR3p892pj649qxhOQOvFJ5xbPp9afOT7EsNLzyaaZcn/61Vy5Ixn9aj8zqCam5ooFzeF5zz/KozJxnPeqxf5eDxSFueoPHai41An3bjzTlwT9TVUN61NE3PJppg1Ye4wTjp0qI98GpZsBmCsCM9RxmoSeOOlDHEC2FIwOcckc0z0pWYY5HNCtzU2KF2EjI9elIBkcdqcMjkHkcg0q4Jye/rTsK4iof0pSevAxTwQOKQkH/CmJNiY5POfpUijHeos4PFKG7ZoE1ce7YAHpULnjA+tOY5PTtUTHvSbBIbz1H86ACOvApeSfWlA/TikaCjGBjr3p4U4+nWhRxUgHGM9T0pk3GckYP86MEVIq/iKRhk5osTcjOOgNIQSP1pzClH6g0WKEzwM0h5+tPx9PpQF57U7CMaGaSCQSQyPHIAQGU4PIwefoaXythIkIXK7l96ayqFBDgseoA6UiMQ2cAk8cjiuA7BMnGDz+HShSR05PTilYFWKngg4NJyjdc4PboaAF2jC4Of6UjEgkcY9qbkg8cfSjvQA9Tg/Nnng0hXa5Ug5B9KT0PrSs5YkknOMZPWmAE5zwATz9KQ5P4UA4B4BzxSgcjPegA46E9PahSN2D936UmMk47UsYBZQTgE8n0oAchLMm5jheBu5H0pZdg3BfXgj0+lM79qlmZ52eZ2UtkZ6An8PwoAhycg88dKGJY7jzzyaPanKOdvXn14pAIwzznnjINIAMHnntQSTyetOYBW4IYdeKYCZ4GT9OaeFbbuwducbqQ5GMrgHkUmSMYpiHoSFIABB9RTzGR1YA9sHNMXBVstjHI9zTlKjljxjtVIDq/h/d21prkL6nF5umAj7QmcZHt710HxNg8OWeoC58PTTP9sjFwkky52BieAB346mvOxMX+VRtUdFHSn3Vw8/lKzfdQKMen+TXdGuo0+U4pYduqqidiu2XbO5WJ5JJx/Om9Dg0hBB5GDSgjjPP41x7s7BzAKEIcEkcjB4pBz1pO3XNB4JH50bAKaAeaCMHGQe/Bo49fpTEKOtPGSKYDWnoOqvo2pxXkcFvcFMjyriMPGwIxgqatEvyM85FJzUlzL59xJKURN7FtqLtUZ7AdhTY1eQqiBmJPCqM5PsKTBDaUcdaQ5B5GMe1OUMxCgEkngUIBBz0p31pB8rDjkHpQTkk460wFBPbvSUtA60gCQKAu1icjnIxg0zj+L0pzdKaeevakCY2pUeJbeVXjJmYqUcNgKBnPHfPH0xURpp/OgoXtS0Dp059aXtjA+uOaAE56Ud6XHH9KBQAuOM9s+tAGQTnoO9JS0wEo+tOApaYDMUuKXvRgZpAJ0ox70tOA9KAG4GO9KM4wD160uO1KB6U7AJt780uKUCnYosA0CnBacBinoueuc44xVCuR4xQVqQj2oC+tKwXIyKcM8c8in7aTBxjtRYVxvFHOMc0/FA49qLCGge1OA6UoHXrxzSqPpRYVxwGFB4p4HelVcjipEQkdKqxLYgHHSnqMdcfjQFwOaCfWhIm5JHj15HY1LO4MaKqrlc5I6nnvVXcQRj86Utu5qiGhkmDnHrUWM1NIu04PUU0HjnFTYu40pwM9KYULZ61YQZbrjNX5dMmjsIrx4z9nkdkR89WXGR+oq1C5m6lmYxXBFD8n1qy6fKemBUG3NS1YtSuRgYpOQT71K64xwaYTzSKTEwR1/Wn44wTTQSW5yTTyMAA5pAxh64BBFO780AZPAz9KBx+eKAZpwx2B0iZ5JZVvxIojjCjYU5ySfXpVFXGCO3rUZbB65pAe9U2Qo7khIzjHNN3cUwt6U0/jmlcpIkyAPembuOO9Mzz15oLHAXPA9qBpATzzikDnOQelMNJn3pFWJQepNKScVEOBkEU8SFVYcEEY5Ge/agVhCcUAHnrQrZBHPNH4Z7UhiF8DjOaTqB9eKeyjqPSmbTj2oGhM1IoAUcZNIoJHPSnqCOtNITAAsev51IFxTVXkA1LMAp2jBPcg1aRm30IiTSe5HFIfocU7AP9KQxjDPT9KaODUhHFAXngUDuJn2oJJOcdKDn29BS555H5UCHLjHOfwozjocUvUdqMe1MLiDOMcc0w89qeOuQfpSEZ7UBcYPfihjnk4/KnYzimkfiKQCLz+PvT1XngUgHep0A9vxoSBsRFz0p+3LU5U6gDtTgOOvNOxDY3bjAzz9abJ+H0FPb3pjDcTTEiLHPHWjB/xp+NvUUg6/4UirgOeT+tPA6DHNOjBHIOO1SBB+NWkRKRzcOwSjzUZ05yFbB/PBphp8bsj5iZlb7uR1IIwaYBj73Hsa809AdtYpv425x1700joMjn9KfKVeQmNdiHoCc4H1pmOcdcelMBMelOA3DPJxTfpT4mwwyMjPIzjNCAAxQHp8wx602hyN7bRgZ4FLldoGDuzye1AElxIJpS4SOPOPljGAOKjTPIXOenFKSXyxbOABz+lICV6HGR2NACAHOacSMDBO7uaWJmR8oASQV5UHqPemkEMc/pTAVtw2k8cZH0ppI7Uox16e1Ip65BPFIBcfMNpGT+GKd8y5OODwTjIqOpG3BAMnafmwaAGhS2doJwM0HAAxnPck0AlcYyD2p6RhkZzIq44wepPagBq5ZgCSO3TOKMgDHfPf0pU+Uk7ipA4I7mm9/SmAuTgADGOvvTwQPTB560hxsAwcgnvxQeV5P0FAh4ZdgXb82eWzSsRgAdT1pgGAPTpT5FQNhHyvHJGOcc1SYCEk9e9B9R0/lSd8DBpxOfTGOg7UxDSaUY47U2lzk+hpgOB6AfSkIIOPSheeMZpRx6UxCjn8qXODSDpwec9KCCACRweRTEOzgYxUsE0lvKJLeR43Xo6NtI47EVCOtWb8232gixMvkYXBlxuJ2jPT3zj2p3EQck/WlB6Y4+lIPaloAPr1opQtB9hQADg+tAOO1GKO9AAQQM9vrTeT1pxooAjIpAOemaefWjtRYYg4x0peueffFAHXFL0H1oGIB3Bzj3pOp9qXinlF8vdvGc429/r6UARilFKKXGKYATkAYH1pAOaUClxwDkfTvQA2lxS9e1LjjmnYBO9KBSgc+1KB+VCQgC8Z44460uKdgdqMc1VhXEAp8cZZ1VASxOAB3NOVTTselFhXGAdjTkLIyupKspyCDgg04L2IpwUY5osFxmM9acFp4UYp4SqURNkLLjAI7UbcVMUI7YPvScbTkc0OJNyuRSAcnJqVuOAKYBz04zU2HcB0xzilA45FOC85IpwHt7UWFcehxjvUyH061APypx6jFMm1ydmyADzUTL6HNOJ4pGIIGD9aomxERyaOnQ5pTSAcjvSsUISc896B700nB560jfX6GkIsIwHPFSNOWjCljtFU9xGM/Wl3ZPNWpESp3JXAC8HI70xcDsDTS+B79KFfA44zU3Gk7COcsScc96jP15p5APXrTTwOKlmiQiDPOCaUtnPrQoI47U7YM9MUDGg4HHWkLZHX8KViAPQ1EWJ7UgSHqxGc4x70E59qZnOB79TSZ7Z70XHYXPOTRuJzTWBBIPUUh96AHD86TjBJNAGRxRgH2NAxAOfYc0nXJzge9OxmjGPpQAzp9KUDnNSEAAcZPqKTGQMUrBcF65OOPWnDJYUmOaljGMd6aQmxGUgAAYpoUNnjFTOAW9RTlXHOMZqrEXIwnAyKdtx9amdQPTHSmhST15q7E3IgvU5HHPWkx+WalZR0pAuPpmlYdxm3pxgGhl+uOlW7jyDBC0e/zcHzAR8o54x+FVCeeKQkNAwcnkelO2jHP5UH7o4HvS44GKB7jNvPFJjBx3p7DOOKMYXk8+lFgQ3HA7mlzjpQeh54oGCvOc0wFHP0PehienH5Upx/hTWU8HnmgBrHcSSAMnsKaODkDPtTiBQByKQxVFTryeAaYgI9qmiHr1qkjNscq4I4OKUrj1x05qQgbcYH4UzIFXYhO5EfvetPwDyMCpLeLzZdodFOC2WOBwCcc/SoS+3O2o2KepG+M00DGMZ96Xk9e9O2jA9aRWxIo9KsImcVHEmVJz07VaiOOoHNaxRhNnE55zilznk5ptOHevKPVJ7e5MIkwkTF0KEugbaD3Geh9+tQ9ec0h9qAcDHY0wHH5j6fSnIxQq4xkdqSNzFIroRlTkEjPNIuNw3E4PXHpQA096XHXrSOck4zjtmlU45PTNCAPTNBUjnBwelaniC+sdQ1V59J04afbMqbbYSGTaQoBOT1yQT+NZZzwDnjsabAXLLyCR3BFNA5wDSgEn6UoG7J46ZpAIVIJB6g+tIR05pfw5pVA2klgADjB60AIBkHrkUEn1pQSqkcgHr70roY2IbG7g8EH+VACZyMHsODnpSAniniKTZ5mxvLztLY4z6Z9abgY680AO2YQnoQenrSLnDAdD1pB9KeSpTodxbr2xTARMBgWG5QckA4zTwRubGVU5464FNHAOckHoc96UEgEccjHNNCE7DHXr9KcvXk57800e/SncbuMkZqhCr0PJB7YFL2Hr1pB7Uq4BBI3D0JxmmAjHPYUDPAH8qUcelKuArArkkcHOMUxBtO3djjOM0UlOHPTNMBBRS0UxCClA54pRj8aUUAKPcc0opAOeacOOxpiAjDEHtSj8KB0pfwoEAGTgY60hFLjjjr6UuOB0p2Abxg5BpCMfSnttyMAge5zSdCduMH2pDGY47UAdenNOPb6Ug4PNACYowOeaeAMH9KQCgY0CjFOxz6UoAwSTyKEhjAOuQOaUClxzzSgZp2AGOewFIBzTsUuKdhDcdaXFOC08pgKcgg9geR9adhNkYFPApcDtTtvoadhXEVRkA5/CnBcH0NOCdCTTwvf9KqwmxFUlSQMgdacqk8AZ70u3inKvHQ4pk3Ggce9OA45p6jBHcZpQDnpRYVxFUVMiZFIgxU6OFR1KhiwwCeo+laxRlKT6EMiF2wCSelMvLWW0uZILmNopkOGRhgg+mKkJIYHpTJ2eSRndizE5JJzmhpWBN3K4Q4yBx60m38Km9Ac4HamsATwOKzcS7kZwpweaVefpTmX9KVBgE4zUtDAAU4KPw+tC5z9amVfl4FNRJbsRPnPGMe1NwMmnsDzTHJC49aLajQgwWGTgZ5PpUb8f0qQeuKjbJ+lFhojJ69zSVISfLCYXg5zjn8/ShFIyAOfXFKwyL3pB+tSPyOBjimPkYyMcZpcoxOcZHOOtCsB260jdeKOcd/rSHYmdlxwuD3OaaFyfUUIOOtTrHkccU7XJ2I0X0x70EZBPpViWFopGSVSjqcFSMH8ahKgEg9c0NCvcrEZJORnryaiYjJA5qdxg4/WosFiTUM0Q0Y+lJnJz70dOBQBzSAXNKq5B5AwO9GPfNKAOp6UCFjwCd2ce1If/ANQoHBzyAaUcnjiqExuOPek56+lSMASOQPekK/5FFgTGgZNL0/8Ar09U56U7ac8807C5hirzU4yeccAdhSIuGB9KcT1HTnpTsS3cFHNSgAAGmqOlTKARz61UURJjMA9e3ShVyKlWLOAD1q8beewhDSKEFxHlcjOUJ6j06VryshzRmY428U1QB2qVuTz0P8qjIxwcnms2UncjkXIIzUeOKsMuRkelRMDkccVFi0wA3Yye1GB68UuOM9Kci5GeD2xVWFcYFGfakI54qbYQpxmmBD0NFgTGFeO+PemgDP8ASpzHgDnrTCuCcUWGmMwOhFIRk5p4HY9KXA6g8UWHcRo8IM5yeevakVQCMmnqCTzUiLk8cjpTSIcgiTkZqQJtPXOO9TRRn0OaGUk8VoomLnqQOT0FNJPGe1SSLkjNM24FQ7lxasNkIzlePQVD055qd1BHHHrmo2Urkc5qWWmNQZNTouSM9KiVSDn3q1GBTiiZuw5E54qboeOakjGBng9uaGjOc1qkczlc4QUvQ0lPwdqn8K8k9oYeTTmxninHZ5ahVYOCdxJ49sU3jABOff0oAQU5ULkgc4GT7Cg4xwOfWkGAcHpQAh5HU5pQcjBzjt9aTjPf2oFAC5x0zSZ/OnMxZiTgBuoFN70AOBycZxnr6UYAYjPHTI703tSgZU+3SgAUkdM5+vajoRnBHpml38AEZUZx+NCFQfmyQewNADc9ugpR93PGOlG1ipYDKg4Jo69T0oAcCcgZ4pMYPXNABpyKT+PrVJAIVIGcHHr2pVAJwWwKApAJBHHbPWjsT6UCA+lLxik7D0HSnYycjgH1NMBD04NOGPzpADnvTurdAPbNNCYpAB+U7h9MUZBABHOetKpAPIzznrR3zViD349KfCgdyGdUG0nJ6cAnH49PxpvandM0WEJ+PNA+tH0pR1x29KYCAcE8cUUox3ooAOvWlA54oHNKMf8A1qaAAOaeobGQDx39KQdegpemRnpTEDYzxyKMUrKyMVYEEHkGigA6DjrQfejFHOaBAeTxRxjoc/WjH1ooATr1NB6/hS4pcc/1oAQdeKAO9LjP0pR0p2AbjmgDg8in+nFG0dqdirjMU4AdKcFxTgtNRFcZilC1KE+tPCZPQfhVKImyJRxjtTgualEZzUipgH5ckjGfT3q1BkOSIAtPVKnWIkj5etTRwM3QZ9quNJkOoiqqfTFO8v0q8lqxHQ+vSpVs2wcqeRxV+xZn7aJniMFiRwO2fSnBDjHatFbNsfdP5VIli/8AdNNUGS68V1MzyiDwQeKcsRK57VrJpz9lqZdNf+4eK0WGZlLFw7mMkZ96e1uwyODwCSDW1Hpsg/gNSjS5SMeWfyrRYZmbxcO5zjRt6cGkeLAXBySMn2rov7Kl7xkU06U/9w5o+rSD63Duc8kDOrEY+UZOaaybVG5cH+ddD/ZbD+E1FLpzYwVPFS8NIqOLg3uYQibaW2nbnGe2aAhrUNiw/hNIbR8fd/Ss/q8uxr7ePczAuKdlsDNX2tCBnGB+tQtAd2Kl0ZIpVYspknFRsMnpxVuWMBiF5A4Ge9RNGR1qHBlqaIQPQ4xSMvOeMVdW2Q2zSGQBwwUJg5IOcnPTjA/OoPL65OMcUcjK5ivtA/8A11agspriC4mjjdoYFDSMBkICcAn0BPFR7OewPXmlDOquiswU8EA9aaVtwbvsVyvOAc1HIOSOp6Zqw6EZFNAO4cAkc4IyKhopMqlSaAOQM4GKlZTwfWkVMscfWs3Eq46MEEVacnzC5wDnkDtUUUpWN4wFIfGSVyRj0PapCv7oEDg9frVWstCGw3s7lySzE5yec1G53HLH6VIgwnNIV6jHOaWrEVplwaruOeOlXJV54/KoZFHUjAqGi0ysQRyRSgDuaeQTnFLsPPcdM1Fi7jQODwDnpRjNPUClAA6inYm4zsc8UoXGP8aGzn1p64wO/tTE2MPA5FKo5570hI6ClBz2xTEWpViMr/Z9wjz8u8849/emKvHFNiPGOvrU6js1UtTJ6EZIwBj60085I4IqR0wSaiPuaGNEiOcdjzxmrMY3DJx7VUTOR/WrsXTIFVAmbJlBCg9hSzymWNQxJCjaB6CnjLrgjpTGG0+3piujoc11crBecHpTWUZ6jBqzNMJIo4wiDZn5lGGbJ7nvVOXrwcisJaG8W2NfgAD9KYck+tIWzkUgBNQa2HEjA/pUtvjOOfamNE6BSVIzyOOtPh+R8NwapbkvVaFwQ7hnHFIYcc4yfpVyyKuQHwM+1WNTjigkIV1cDGGXoa25U1c5PaNSsYsseBmoSPX8KszvuPPBqvj8azaOmL0GbfQUu3jjvUgXAzTlXceaVhuRHtBHSpY0PWlxjjpU8C5I457VUYmc5aE0UfGKYU5I/rV6JRjmmNHznjit+XQ5VU1M2UZYjoKQr61ZkRckjtUZXJ56+lZcpupaFZl5qNgWIz16VadVwc/karEc/wBKhqxpF3HKuBgDn1qWMYPWmxjIGKlRRnNJITZajGFBHOakAAGMdaW3XIAI4p7JgnArZI5JPU86HUEV1+o+INEuvA1npVv4ehttYil3SaispLSrzkFffI9vlrkD6ilXg579q8dOx79h0mz5Cm7O35t3r7e1IrEKygjDdaGyTubqeaTvx0pDFAG0c9ffikpWI42jHGKRSQeM56UAJSnlevSgE4x2pBQAHJ60U7gY7+opD1zgfSgBKOnHce9K+SckAZ9KM/LjA65z3oATHPXNORGcnaCcAk+wFCAl129c8ZoYksSTknqfWmA2l9u1KvBBx068UuRjJzuzRYA6Ac5z1p5IfHRSBjgY4oWMmJpNy7QwGCeefQelN4xVIQdOQc/SgCnMpXg45GeDTvMfJKsQSu07eMj0pARjI6UopeoA9qMfSqSEOQZbBYD3oFGBwAacAR/SmBLDD5kcreYi+WobaxwW5AwPfnNRj2oFPbGfkzj3qiRDyegH0oP6UpxgYHSlYAdCDwDTATtR2o/Wl/GgQmOccUd6WjGKYB9AKWlwM8H86B14OaADp0pcGgjBINLgfU1QAcnknn3qSHyt374uFwfugZz261GTSj0PSgBBS4I7daVV3dMkgZ4oGe1AgP8AkUYxxinAdBTmLFFTOVGSB6E9f5U7CI8UN19qeBzn07Uu3n0osO5GAaeOvOCelOC8e9KE71SiwuJt46dOtKoqRVPAqVIiR04rRU2yXJIgCe1SpH7ZqzFbMxxg1ehsHbHy810QoN9DCpiIw6mdFAWHYfWpRbHHIrpNM8O3t+4jtbaWVz0CKTXe6F8HtevirTxJaoe8pAP5Vs6MYaydjjeMvpHU8jS0OR34q1FZNI3yp+Ar6K034JWMGDqWqjPcRoP5mup07wF4N07AdJrxh2dj/IYqfbUY+ZnKpXlsrerPly30edyAImrf0vwZq16cW2m3Muf7sZx+dfV2n22j2KD7DosESjo7IB+p5rSGqIB96GMDsozUyxyXww+8Sw9SXxT+4+aNP+EniW4CkaW8Y9ZHVf5muksPghrD4NxJaw+2/P8AKvbZNdhXOZ2J9hVZ/EcWOJXz9KyeNrP4Uh/Vqf2pM88svgbGMG51FAfREzWzbfBfRo8Ga8mfHooFbc3iu2Rtrz4NQnxRalv+PhvwFS62Jl1GqWFXS/zI4vhL4Zj+/wCe3/A8VYX4YeFVH+okP1kNRHxDaH/l5fn/AGaRtdtev23H1FReu/tM0thl9hF1Phx4WT/lzLfWRv8AGpB8P/DA6WI/77b/ABrKbX7bPGoD8qQeILds41GPj1OKP3387/EL4f8AkRrf8K/8Nf8APl/4+1Ifh74ZPWyH/fZqot8z5xqFvgLvJL9BVCXxGkQJF3vwcfIKSdZ7TYNYdbwRqSfDTww45tCPo5qjcfCbw1KDhJk+j1QPi7B27pM+vSg+KpPKkcSKCmMK55b6Va+sr7TIbwr+yRXHwW0STPk3U6H3ANZN38DYSCbbUh7BkrZj8ZShvmH4Amr0Pi8fxs6g985rRVMVHqRy4SW2nzZ5rqnwR1lMtayW830bH865TU/hZ4itN7SabKyjug3fyr6Fh8UxnAFwv/AhiraeJVIyQjj/AGWqli6y+KKYLD0/sSaPki78L3ls2J7eSMjsy4rPm0WRDkocV9mPq2l3g2XkCHP99Aaz7vwn4X1UH/RYVZu6Haf0rRYyH24WJdGstYSTPjeXT5EDds8VXa0YckdvSvqfV/g1pdyGaxupYWPYjcK4XWvg7rVqGa18m5Uf3Tg/ka0jUoT2YnUrw+KJ4a1vsT7pJxz6CoDFgjAJJFd9q3hLUtPYrd2csRB6leKwJ9MkUn5Tke1OVG+qLp42OzOeEZA29AetMeMBj+nbitiWydcAqRVZ7U88ce9Yuk0dUa8X1M1oSqBjjDZA59KjZFV8A5GeDjFaMsQC47gdaqvGR2rGULGsZplYKQcCrKjgDpTGQ8EnPerCABfm5J71CiU2M5KYHQDmgdsirIhPl7gRtLbevNR7evGO2abiSpFeZQPu8/UVVdeavMD6VWdcnntUSRcWViuO2T9aNuD+tTFeDxRgNjjB71FiuYiICjjaSR+VGOOn51I4Gff2pmOPYUWC5GQTnvTTx1NPYknp1prD2qRpgoBPNKRgdDxx+NN5zxTlyRzQhsdH1qygxUccZyMjI61MRznGB6VokYydxXBPvxVdh+NWWOUINV+nSiQognBzVhJP73SqxYdAMU9T9fWhOw2rmhDMFwTT7iUOAMAVQDkEdzUu7KY74rVT0MHT1uIxCjIOT2qu7cU9n4OBzUJNZydzaKsIxPX2pVbbg0hwD65po68EVBpuaF/qT3cVssmP3EflrgAfKCT/AFqkDhs54qPkt9ad3xg03JtkqCirIvQzbFGOT9ac8zOvLdKppk9asbPlB61qm2ZOKTuxoJY5p6rk9PoKYFI4qxFkYI69sGhIGyNU561KqZ6U9FPUdOlTJHx0q1EzlMrlee1WLdSXGalWLNWI4dz7u9XGOpjKpoSRxZHHWh48DGKuJHhOn1o8ok9K35Th9pZmW8XfHaq80RzuxitowFgeKgmtm781Dpm0K6MSRRtOc57VDt68dav3MYXPGMcCqqryPSueUdTthK6uMjUg9sVYjXnIFKqjPHIqeNOc0KIpTJI/lGKsQkb/AJ1DD0NQlSTnHepFGOtaI5pa6nmvXOOgoz7dPakJ9qcTwMDnvkV4h9GPlnllCBnZlRcKD0Ue1RkDAwf0oIIJXP5Gk780ALuO3b2zmjBGD6+hoVSxwoJPYd6TpSAdtIJB4I7HikHXJFHengryWB5HGOOaYHQeDNBtvEF9cQXeqW2nJHC0okm4DEdhXPzKElZdwYAkZXoabnFHbPPPerck4pW1JSabdwCkhjkDHYmhTtcEAEjsRmhgA/Bz70+XaHYRlimeC3XHvUlAGbyiMDZnJIUdfrTe2APf3pCc44A+lKVIOD9etMQoG7A4XAoUcE4PAoVSxwDzW54i8K6x4cttPm1mxktUv4/Ot95GXX1x2/GqSE2loYYB6YpSMGlxnFSRRq+7dIiYUn5s8n0GB1p2AjHTODSjGMYGc9aUj0xS+y/nRYAGNoG0Zz170c9zxSjHcZP1pVx3wBimkIQCnAkgA5x6UIpY8DPGaWmADr7Uvf2oHNKBTQhQPakwV+opaOaYhO+aMflTgPbNHGOnegBoFO9s8UcccGjuaAArg9R+FKPakFKBkUwD60DNLx+NGKdgFPPQYoAJFAFPK4JGQT7GnYQg6deadyKAO1OAFVYQgHHb6U4DPpS7aeASefpTSENC07b+VTRxgkbs49qnjtyxwOa1jTbIlNR3Kipk9M1YjjJAULwO2K1LTSJZivykZr0Lwr8LdZ1fa6WjQwnnzZ/kH4dzXVHD8us9DgqY6KfLDVnmltYvLgKprodH8L3l9IqW1tJK+eiKTX0DoPwq0XSkWTVrj7TIP4F+Vf8AE116Xul6TB5WnWiKqjGFG1f8TTeIpw0grv8AAxftqivJ8q/E8a8PfB/UbnEl/wCVaR995yfyFeg6V8OvDWkKHuY3vJB3lO1fyqxf+JLiRtqOIx12xistLq4vbgCJHlJOMEnJNRKtVmtXZeRCpU09fefmdQNUsbBfJ063hhHQLDGP6Ufa7ucBppvKQ/hWUljdjhgsDn1OMfjWbqM0ttMY5ZScYBZWyBWCs9EdDi4q7R1hurKIgHzLmQDoOOar/wBrzcrHHHajPJkGMfnWJbW0s8O5Lps/xDyjn8+p/So/7KggmL3k0jK/8Jwpz+NQ3Fbsrll0RtTa1aEN5t2ZGUdYwSDVGTXImO2GNyD0xk1Mh0fT1EmIQD65c/rWdqPiohimmwLs7tJwPypR1eiCaUV70hZdQuyf3NvIxPbrVK5i1e6DO9u6p64xis83up3jMVuZeO0MZ4qa2gu5eJRcMB1Z8kn8BW+sddDm0n0Yf2fcKQJJI1z6vV6DRiVQ/akO84AXmp7Szt0Kl/tRx2MWAK3/ACLMIoEk7FhyAh4/E1hUxDTsjelhYvdGF/YcQZhNczAgHGyLOT6darf2VltrCbGeuO1dGlrZxqZNzYBxjODmopGHJjmO0n7rPnFZKvM2eFh2MYaImwHdOMn0XpQNBjY4Sdg56jbWibaUANHcHPtg1ZhldEIcKX9T1odep3F9VpdUY6+GyMbZFf8AH/8AXQdHnjc/fx22gEfyrWnlkwPKHluRyQo5/OsptVuLaQDz1c574P4YrSFWpIzqUaMSs9vtbmWQH0KVGbVJCT9rjBH95CP6Vfn1qZk+a3ifcMq4+Zc1k3GoI7b/ACI1bvjgH8K6oOb3VjjqeyjsydtDnktmmhVJxn/lnIQw/A1kgIJDlnQg4ORmnyXpDlo12HGCFfj/AOtWfNcbjzxn8a3ipdTmnOOnKbFxPYIqLbSyk8b2Yfypt9Pb28i/Y71blCAdwUoQfQg1zzuBnnrURb3zRyeZftNDsLDVQvMuJBjkb8Vo2+rwsy/vWhOM8/NmvPt5zV2CTK5yWx129vrUumi41mek2fiK4hI8uYSL9a3rTxSkgAnUV5jpclgd32yS6XnAaIKw/IkGt+O10uVwLLWo9x7ToU/WsZ0odUbwrT+yzvmvLG+j2yBHB7MM1z+r+CdA1PJazjjZv4oTtP5dK5yf7XYlWcq6Ho0bhgfyqa1150wFdh7E0o0pR1psJVYS0qxMTWfhHuDNpt2PZJV5/MV59r3gbVdLbNzaPj+8vIr3a116YgHazKe+K0Y9ctpV8u5iVlPUEVrHE1I6SVzN4em9absfJdzpjIzBkIPes6exOcgdB0r6y1Pwn4b1wMVRYJW7rxXAeIvhLdxBpdOZLhPQda2VSjU02fmZ81elq1deR8/PbFe1KkQFdrrHhm8sZGS5t5I2B7jFYUtiUboRRKhbVG9PGxkZO0jikVFyd5OCM8etaTQBcArwP1qCSIEk4I9qxlTsdMaqZnOvqMmq7Ic8AmtIx8Edz69qgeLj8axlC5rGZQMZ5PpTSnSrxjxwMH3FWbRoIre5WaPezIPLPHysD1+mM1HIU52WhjlRtOQQc8elRMzY25+XOcdqsSjcx4qJ1GehHrUNGqZXIGfYUHknpUuzI6HimMMVFirjVC55PHqBThjg0gGcAVIiYOPzpoGTRA+x9an256Co4uuO1WlXAyB7VrFHPJ2Krg5xnpULEdOOvWrbp6ZqtIhz/hSaKiyHjkdaUE4/QcUjDFIvB4/CszUkz0qQPhTjvUHIPI/SnFs9OBTuS0KTggnpTWO7OePakJPfkUKOelFx2EI46YpOopWOTzzTowMgE8GgYwjnj60o9+tP2k5xzjmjq2TRYVx8Q9q0beQRDLKjjBGGGRyMZqhGCOTzVjotbw0RhU1YYyTUkQ7CmRj5sVKgy3y0yWTRrzxxVpANoBAznrUMQBX3z1q3HGdtaRRzzkOjTJA61bhi+bBHOajijweetaMa7QCB24raETiq1LCxxfLiphBtH9akj/AVLkAZNbqJ50qjuV1gDA0k9sfK4HFX4lVu2Ktva74cgH6VXKQ63KzhdQTywQR3yKzVU7vr6V1GrWpy2RWKISvOOlcdSHvHs4esnAijjyehq1DFyB3p0C54I75qwkYDUlEc5vYidCvsajwSelXZcng59eah8sdKbREZaanlWOD6DvTgxVSuBzgnimtjPy9KfAyJKjSp5iAgsucZHpntXgH1Iw8HPvSt948gn2qe/limu5ZLaAW8LMWSIOXCDsMnk/jUKco3PGM9KAFhZ42LxvsZR1BwfTimfyoxjHHXmjJxjtQA9yCwwu0YH/66C2W7KD2HSmZPcmnAFu3QdqAHJt53bgccYHekOSO+39KTgkc4HvWuPD+pHw6+ti2f+zFmEBm7byM49f8AIqkhXMlBuYBmAyeSe3vS9KQelObkL2wKEAiLuP8AjSn2HFFO2kckEZ5HvVIQi8Yq7f6le6hHbJe3M0628flRCRy2xAegz0FU/Sl+lVsIUBc8k4x2FGP1oK88HNOUZ79OaAuIE+QtxgEAjPNA4pKeMZ4/WnYBOlGKd0o79MU7CuIo/Knr1BIBHpQB6ClAosAAfhSgYoApw7Z5FMQgHYflRinY7jigcD9aBCKpYhRyScAU64ieCZ4ZUZJEYqykYII6gikJ5z3oIZssQSM8nqM0xjD174peM8ZpAPzpT2B6e1Fhhj8fpSiljTfIq8ZZgOfel/CmkIADjBpSBngAfjS04AcZq0rgIF/KnBKeqn0rSt7ryLK5t/s8EjT7f3jpl48H+E9s1pGFzOUrbGVgingDA46VMIySc1PDbtJ8oUZq4029iZVEtWVo4yT0q3BbtIelbOk6BcXkqRQwvLKx4RAWJ/KvYfCPwcubhUuNelFlCefKXBkP9BW6pRgrzZx1MU27QVzx3TtFuLuSOOGNndjwqgkk1674O+Dl9dqk+rFLCDqd/Mh+g7fjXq+l2Xh/wxF5WkWkZmAwZMbnP1aq1/rs9yxWIs57KnSh4nl/hq3mzklSnU+N/JE+leH/AAx4YUfZLRZ7lR/rZQHb/AVNe+JdzBVOzsAtcrqAuV5vJRGDzsJ5PHoKyBfQQn5o3dvXdgGuZyUndu7NVD2aslY7CbVWyCRhSMls5rIn1ISyBUjJY+o3VT02UXtwyCAISOSBkKPr61Zu7u3tojGjiVx1GaE0jRq6vfQsRwiSHzLpogrDcGdTz7AYqCG/FrNttLbdzkSBc1EYbm92lVcIOhYY/Km3EX2ZWDzBD3Cnc34mnfoxO+6NOW9TBl1W9MYPOxDg1kyeIrG3bbZWnmnrucZrIaH7RJ0kk+vetOx8PXEg3lY4FPJMp7ew61EuSPxManUn8KIjrmoXRO1hAD2HFV4Yb26lKqssz9gOa6u00rTom/fSNcuoxtAwP55rXtXSEbIIREp9Pl/+vWDxEY/CjVYecviZy1l4VuGCteOIv9lDuatmLQ7a1O8QiQgfelO4/lW0MsOgz9ay9S1u0soyjSBpOm1ecVHtpzdkaexpU9WVv7QaOYQwwufVgvyj/wCtWks8aRkzOIx1LE4zXG6prEUi7oSRM/IjXJAHYms1Hu7qeJZ4XcEjbhhg+h54rRUW9XoYvEqLtHU7ObxLZxEpGDKw9utZ914rZsqtuEGMcHBoh0KOaBnAuoZCBjI3gnv06Cm2/hed2b95jBwN8ZyR6+1NOlHcmSxM9jPGrvLIzAyKWGPlk/xqPdJIpIed2PbeK3Y/CE7j9/PHk5xhP8KvWfhm2tFP2kPMQeCF6fhT+twjtYz+o1Z6SucikdwhLGC6Ze5U/wCFV5LlUchjdof9416I2kRSwMsMf3uN2MEVFp/hs20khkRrgHjEmMYprHRtqiZ5XO/uyZ5/E6SSAtNMUB+bJ6V0aSIkQhhihcAZC5DuRWrdaJaDzvOtoo36Bt23H5CsS909bYq1mCkuflYEEH8R/Wsa1eNbbQ3w+Gnh782pbEFtOijyzGepA4NZ11pheRzFIMZ4DcH8+hq9aSrMqmYqlwPkkjIIB9wavGdEGGAjH14rKGJqUnZM3qYWlVV2jjri1nt2/eRkKR1YcH8aplDK4RIgW9BXc2yG6cRjd1OAEyMe9M1fSLKOATRbZJFGSUYhR+XSvRpY5S0kjzKuXcusXocDPEBIQwMbDgqR0qAxjs4qTVHVTuEgZyeVzuP1z3rNNzjvXoxd0eXNtOyLwhPYqfxp0T3FuS0LvGSMHacZHoazRcjd1qZLwqeGqrXJU2jb0XQrvW5ZRBJEh67pCAM9ccd62bPwjqX2mFLgfuz1dHyV9x/+qoPBetNbzyQiXb5mNsax7ize1ejRTBSyBQHUfNtHT6iuSrUnCVlseph6FOrFN7nLHwvdW8aNb3BMoBDI5xz7YrFvWubG4A1K0fZnG8dD+PevQFeRSQFXb3yR+dNlKSx+XNGjqOxwayVaS3OieEi/h0OLj1ZDCiWMk6qR86bs5PtipDqcuE81dykZAcdfxq/qPha1lYzWRMEucgfw/l2qDbJCPK1a1DqBhZUGRj3q+eL2MnSqLR/8AWLUImIMczRN6NyK1LTX7q127iWTPUcisl9EtroBrObt061VOh3cJJjl4643YppwkZyhVjqkdt/aGm6zD5eowRSZ7sM4rl9d+GWnaijS6TN5THnY3Ipltp14CD/Ee9Xvtl7pUuyUEdDkdDTTcHaDJlHmV6kfmeS+IvA+p6QzGa2bb/eHINclLaFHKupAB59a+orPxDBdJ5N7EroeMsOtY+veAtG11Gl09/s8zc4A4/KtFXW1RWJ9nJa03f8AM+Z5YQpO0H2yO1VGXbjIBxXpnifwFqejOztAZIh0dBkf/Wrirq0kyEdcbRgcYxVuCauioYizszCMeW4pjoMD1J6VoPblWPpUckJUAEjJ54PSsXBo641UzHkQ7e3p0quUPzZNatxFjGSTVOSMjk8isJROmE7lUrlcA9etMKHjIq0q9R2NBjyMD61HKXzFQqAflzipFUk08xFTg8fWlCc5GTSsNsVcgjHAq9AM9s1VVOB6VagB44J9a0iYz1Qybr0xiq0yjHBzmtR4gy8Dp1qnLHhcYptCjJGY4I47U3GevQVZdCTnFRbOueOxrFo6EyLp6elKF4pdp9MjvSZ96kY09c08D5R3oC/Lzz2p6DtTQmyMg5PSgCp/L545FK3IA4OBjpVWDmItvApQuSOtPx3py5ye1FhXHwDDrx3qZgvmMBnbmokJTpxkEdO1PXr7VqmZSV3c0dYh06K6QaVNNNAY1LGZQrB8fMBjsD0qsoyeBxUeMYxn61ZhPIJ6+tUtTLZE0Ixx3q7CoIFV0XknP51dtxk8Dmt4I46rLMcfGQPxqVGIwvUehqaGPeg6dM02VCvPat7Hnynd2YGXaR606S4Qsuwt0Gc+vfFZ8jnfwQB71en065trG1u5omWC5LeU/Ztpwf50Odh+y6ly2mw4wa7Dw7c6cyXCakruDA4iKHGJMfKT7Zrg4GPuKupcGOPIzirupKzOSpTtK6G6wMzHFYUsYB/pWtNL5oXA/GqE0fr2rOep1ULxVmVoFG/0q4sWcHFQRRgtnpWjGnAqYI1qzsVnjyPmqPbgdOatTsFHI6VTL7u3Sm0hQbaPIzUlrbzXU8cNvE80znascalmY+gA5JqPPanIWU70JBU5yD0r5o+yAHBGQCB+tI3JyABz2pQM0deQOOlACAZBOeBScZ6fSnAZBIIAHqeaQD0pgOkCjG3djA+8O9IoJIAzmgZH88U5MA88/jimkIUITx1PpUpuZ/s32YSv5G7f5e47d3TOOmaiAwPr3pyqQN52lQcYPeq2AYPXrS9SSevtTsdWxgH2pBTSC4nenAUUAU7CFXk84pT17Uen0pVO08dxjmmIdEFLYkJ24PQZPTim88ZpQBnn8aBTEKF9eKUDjvQKeF49s+tNCE5xjJwetKB0pQMCnKpOcDoM0wE6cDPpRjtinjGOQcnBB9KOw4GRRYQhUA4zn6UY5pxx2zj3oxRYBuKKcRj0PGeKXA98U7AMxzRgkYGcdad+FA4p2GN20AevP1qQLwTxgYpMdu1OwDQOegp4HfnHegDFOHTBzTSAQdxUirjHQ/SlVOM8VKkea0UWS5JCIOasxRkjFS2to0n3VOB3rv8AwX4B1LX3VoIfLtgfnuJchB9PU1006VtZOyOKtiEtFucbZabLPIqRxlnY8ADJNeueCvhDfXwS51hhY2xAJU/fYfTtXf8AhbQdC8LnbbRLc3iD95cyLn8B6Vb1nxO8mUtzx04PFVKrbSmreZxXctZv5GlYweH/AAjbeTpVtEJQPmlbBY/VqyL7xHNeSlYssD0XnH5d65y7nMpPmyZHUjuTUK37RqRAu3Pccsf8K5pJR82axvLTZHRvhVD3k+QekKdT9fSmXmouqbbdEtUOATn5j/WsNr6aQKoGxscsDkn8e1JAkjOCVZierFsflXK25PU6eaMFoid0e4JMkwBfu5wcfhzT4NPO8CGDzm6YK5H5f41a8y0hRfPVpZQeEXkVebUbgWBGxLWI+h2uf1puSiiEnN3ZX+zT2jGO6eG0yOBuGfwUf1prm0spA0StMT/y0Zep9lrClvZPOZgjbvUnr9asWVwZJsvbZYZ+cc1DqlqKNM3N3enAHlp2OD/KpUsljVWkheVh/wA9DsGfpWvpItRgyS845DkDH4VoNd6czEeYgI5OBUOrfY1VJbsx3aaHBhWCEBeflxn+tMtrlmk2uhkZmzjHH54qzNY2N05lguo1cnq/NFtbRRsczwyYOCAeCazky1Fo1EijHzGOOPPbgn+lTMcJuiRWX26/lSWkYJx+7PsBWgqxxoTnB79qnmsaqNzno/tF3KRMkqxDgjbtq2NNtiuxbeMqepKVpNKrZxgn3pFk5zjH40nVfTQUaSW+pjWvhixjlMhjySckZyPyrYttOtrdERIkwgwvsKeJBnLcU4Spnr+FTKpJ7suNKEdkTDCjIHXtUe7GcDHtTsqVBXp3NCSIMgkEms2zWwIGxx+NPjALc9+9IxbooA57HrUVzeQWaM9zIoOOFzyfwpK7dkKUoxV5M07ZvJkAXoR+dZ11rMe8LGo+8VPzAH8vrWNP4x0e33K8xJHTA615pq/iVW1GS4g3AF9y4PTniuyhg51L8yPNxeZU6VuR3PR9R1l97RfZJACOSYtxIrjtS1W0t7nbLbXCoDja2Bz9P8Kjh8eaiEE0U8ZbOTkZbHpT18YWWoTf8T2BXhwcBFBOfpWn1WUd4mP1+E9pa+Zm3Gr2TsQjS5BDKHwfwp0WrsxVS5Kc5XOK5y6urczuYVHl7jsB647VXN2OgCqD6V1rAJ9TheZyT2O6fxB9gjVLW6853X94B/AeRtFZlxrZnbcwEZxjCtx/+uuU+0AHg4BoEuTndW0cJCBjPG1KjNy7spby0lvYUZmiP7zAzketYLsTkFQa7DRr1LTS2E0cm6U4ZWymBxz78VzmoeVLMxjXaOoowtdynKHRCxlFRhGd9WUCAT6e1PjjyeSKTyz1FPVW5wM16O55jnY7Wx8O2dxoxvNJvjcX0ShpLU/K/XnZ3PFV9B8QNp8kiGMKMlfnJyua5eN5EbcCQfUHFW11C5VXV/Lm39RNGH/nzWTpb31OuGLUbWVj05L+3+zLP5iuWIVQj5y2OmKuQS3JjS5mKhWXhcc/Q15mllOllDPLILSGQqE8tC2fXgc5xziugvbW8tLI3Oi6y93ZuApWQYcMecAf/qPNcsqaVkmenDEyau1sdh9uJKqEKE9j1NSyTwyNt3Kfxri7KbWZPsiwW63MrbkBPykHqR2yfpV621OW2RftsLx4OwselQ6XY1jiU1drQ2brToXYFQ0THkMpxmqdx/adow8qXzEPUMOa1bS4tpS7lkxxgg8DiiaOQFihDx8EhjWd2tzbli1dM55tceGQJdRbCTjParQ1CO/tPIMh8vO4bSDtNSX3kXFvNHcRKeMgdvwNcNdvLZ3zRwh0IOAM9j71vTgp7bnLVm6e+qN/7Z9nfazdPUEVrWGtKCCjYPoDXG3WoyrGsV9bMXI3K7Aqce3rVM3GGzGxHsa19nzbnPz8r0PYLLXI5kEc+HU9Q1ZOveB9H15HlssW9wecAcflXAWuryxsA5yK6TS9ekUKysWUdu4qOSdPWLL5oVNJo4DxP4I1DR5G8yElM8MvINcZcWhRjuU8H0r6isNbtb+Hyb0LLGeDntXMeK/h7a6hE9zpBXJGdlaRrKWk1ZmTpThrB3X4nzrLEo3blJbtg8Cs+WBncBRkscAV3Wt+G7rT5GSaJ1ZeuRXMXduVY8GidPQ2o11cxhGVY5GDnFDKTjIq6YyhPHI5prR5+YdepFY8p2c9yjs56fhT44wW9vWrAjPPHalWM56fjU8o3MRIuMCpkjxwepPWpooyMDiptn0JxVqJi6mpW2nHtmkkg3JuHb2qcKAM8HIqcSItu6nOe1VGKe5nObWxgSRbWqvcDKjAUYGOBV6f75yOKqyrlcDr3rCSOyDb3KBHGKTHcVYZCDzSMN2OAOAOKysb3Ihuzz2qVPu4YDr1pPL56VKE4ByM1SQmwC7QSCR6e9NC89Kl2NjGODShfWqsRcjAwOKAv5VKEP1p4UHBwBn0ppCbsRhO1OCYPNWkAKAe/WnrD8w3dOoq+UycyAqSAR096nhU5Ge1XBYym0a4CEwo4RnHQMQSB+QNQou08DIqkjLnurE8Y28Kc54z61aiBUjgioIRnjGasjg4xgCtonLUZpWLhZFJPGc1YvgrsWXGCeMdqzY22kYzVgPvG2trnDOOtyhOnz5HI9al3v5aqScDpzU0TGG4V8K205wwyD9RUU7BmJwBk5wBgVk2ap6CBscg80NOQBk1ExAXrx3qMjcMjjFLmZXImWFuMEHr6UyWXcck5qtznrSEnijmLVNXLtsfmB4xWpGBszWTb/eGOnpWnF86gZHStIPQ5a8ShfPzx+tZrswPPStK5Ayec1lztzgd6ibOqgtLHmZFAz2px+b2poHavnj6wcGKOGXIZTkH3pDksTxz6Uck+46Uv6fSnYQhA7dKVl29GU8Z4NO5AAxSetOwCAUo4Of50EY7g8UpGOvU800gFUAn7wA65NJ3/Cl44xxijGADkfSiwgpfw5NA68nApVUE8kAetUAgH1NO7dfwoH0pfpTEGMCnAjklc5H5Uu9iipn5ASQO2T3pPpnFMQLwD6+tKBj7wNL8uFxnPc5pcEnJyT700IFpwoHalpgA5+tKOaB7UoFNIBwxjkc0pxwFyfrTT/KlXqKYhQMnjmlAHOaABzz9KUcGmgDA5+tAHT+tT28qR7/MhWQFSoDEjaT347ioDTsK43vQKdjBxSgGiwwAoxxxSge3FShOAc/hVJXE3YiwakVctkAD2pyoSRxVu2tS5x/KtYUnJmU6qirshhiJOO9dB4f0G61W8jt7WBppG/hUf5xXWeBPh/d+IHWUx+RZA/PO/Gf931Ne02aaF4MsPs2mRK1xj5pDgsx9zW+lPRas8+dd1NtEc/4U+GumaLCl54iaOaZRkW4PyD6+tdTfeJoFQW9mI7eFRhdoxgewrj9T1u6vpC7PgfyHtWQ8oz6k9zWb1d5GUV0RvanqoupFjt92z1PVj61QaN1QF5lJP8KnJqnDHJKwCgnNaVtZBjl26ehrOdVI2hSuUsyFsR/j3qSO12tvnBbnpW9alIIWW1iUSNxvcgkfStO30Wa8CtNIeR2P+cCuOda51xonO28ilwBGeOxrWtkeZgsWQfVRit228P2sLAyKrEd806e4t7EGOGNd/IB9PesXO5qqVtzNNr5JAkUGUcjOeKR7H7Qh8yQ5Az1xioZnZju2lpD1OTSLMyjk7R6DvWbkXZbGZdxLbOuEeQ+uM/4VVuLqfy8K8arx8nQmtqWKKfBZ3Hpzx+VWbHRYH2lsydPlAz+lTe5HI+hysb3Esqqszqx4+9xW8dI2RRtdalAisM4jG/NaOo6cFl/dWgC9OhBzS2GmzB9zoFJ6ZpiUdTNtUm34tizgHqyjn/CtuxtAw/0tEU5ySDj8607eBLeIgRxKf9kdTVWaNpZ22eaT/dJ4o0NFGxpQ3ECwBLeP5v7xNR7mLHg5rKaOaHn5mZuPmO0CtKBWCjIOcdS3Wky4seRIOcAfWmNISclhn2GaeASTlRj1NGxcEngVJYzzGI7j6jFEjgYYncF5wAKeqLjAIP1pjRuSduBn8KncYyPU7Y9J0wTxz39KnS7Tl2DBMcNniuc1SxvoBPLbwo6uATjJZjnr+Fc9dalrzItsLZ1II2hICSfx7V008Jz6pnFUxvs7qUWdlfeILKOGYpcYlAOCvr6DNeea1rn2otLHK/I5DdRWZrtzP/aNwlwUMqtscouAxHGax3OSF9eK9jDYSFJXR85jcfUxD5XoiOa6ds7jk1VaY+9XLiOMEhQTiqzJg8rXajz1ZDFmIbgkfSpPOLY4zUezn7tPVBnkGmVfsPUgknmnEL/Dn8aNhbopHtVuxtPMlTzVdo85IXgkfXtWU5qK1NadNzehTb2AxV1TaGzh8sTC8DHfuKmMjtgYzmrA0wySMYQwTPAbkge5p6aYoBZnXcDjg1jOamtzpjCUHqizBcrI4F47uETCEZ/kaz35JI/WtVbWERgvuzjqeKrRRpK8kbj5iMqfalRtHYVdSmlcoMN64NRGNhghjj0q4VKtwOhrZsdHOsBzYlEuFXLQk43e4PT8K7OZLU4Um3ZGBGzrwefrUnJHPFbkXhu8W9todQiltopGAMhXIAzjNdDqngNojcT2MzPaRx79rrlmPACggc/XFTKtGLsXDC1JpyS2OU/tm/ks4rSadngiIKKQMjHTnrU9qvmzxG4WVVJDYJ2hiD6/1qWx0C/m2Sw2rnncucZ49j9K9Jgun1HQBDrFgZ7lPvKABx7Y6HvWc6kYfCjehQlVbc5NPoLZ6dd29gj6aHjgmxKiSv5phk7sGPr1rGtdF1u1uFluwLuCWbEkbvuGD/Fj8q6vT9SguN0cEixsoBZen51pRMPLAZck1xe0lFvQ9yNGE0mnsc3NoNpcTtNb5iJYblQYVSOvB6is3xDb3NiFurLzTCNokzzj1I9q7eS3LA7flYjBI9KoXVm4t2gkZwrggEc9e1TGo76lzorldlY87utVjlULcvz2AHWsR7N51AtN0ytx5eN35e9dXrnha3kjUZaz8pDsmJyHbsCOwPHfiuVsjdaPfRXUaxthmj3bhtYjqK7qbi17h5lWM00qmx2WhaY91oRstSZGj6wowwyDsOOnU1j6p4NjhRfs88vmlgPnXIA9SR+Fdbo2sQajaq+I4mZQChIyCKuoGkwCmVPQk81zc8ot9D0VSpziranjd9bSWVw8UjxyFTyY23CiG42MGRirV6Jrnhqz1ObzlaS3kIxlcbWx61wuu6A1hZGe2n+0PE22ZB1HfcPauiFVNanNOg4lq11E7gS2yT17H610Ok+I5reVVLYOe/Q15vBeE8E4rQhuiAFY5HbB6Vo4KW5z80ovQ9dmk0zxBbiK+iTcf4vT8a828ZfDqWBXuNPzNF1wByKLHUpISMN8v866nTfELgBWfK91NQoyhtsOTjPfc8KutOeBysqEYPPrVGaLaGCZCk8Z64r6A1jQ9M16NnQLDcHuOhrzLxB4YuNNlIljO3sw6GrspbEe1lT+I4URjPTpT44frWlLaFHPBBpqQ9SetTyG3trq5FDCewz9KY4weOlXFDL7VE8e4g44puOhCnqUnXrjtVeQndWr9nLIR0I5qm8JyemKyaaN4TTMx1yTUXlcnAOPWr8iEZ9j0qMDIxjHfNZNanVF6FIwk9RwKaYsAnkCtfygRwCagki5xihwGql3YzGDNjJzgYH0pyDnP6VZeI/maYIvzqbNF3uMUYHSnFdy9M4FSxx5IBAPrmh0IJ9KqxFyELnpUmzHH+RTlU5Pepkj4JyMD1poTYQpkcg4qyFx1x9KSMDinyDbxWiOeTuwLsEMYJ2k5Iz6VGi8nPJpeM1LGpByOD2oJeg+Lnt7VajQHr0pkcZHI5FWolAOK3gjkqz7AkWQaWIgPg8AjrV6OPMZxj8DVSdMMcZrSUbHJGpzNpkMvB4qGRht4zxUkhyDVZiSTzWEmdMI3ElkGMY69TUayAdelEpUtwAuccdabLEUjjY9HBI59OKi50KCsIW3MCOM1Kig9s1HGNxq5BGTx1ppCm0hsYwfer0bYSq4G0ngU5yAB34rROxhJcxBeMQenNZk3Jq3cMWY85qowPORWcnc6aUbI86CgqWLAYxx3P0pp6cDnPWjv6UpJbGa8Ox9KIRg4yD70o4PrRjnGR9c0CmkBe1a9TUL1riO1gtUKqoihGFXAA/PjNVNnyFsrwcYzz+VIDgcUdabENHWrUFp5tpPcedCnlFR5bth3yT90d8Y5qAA4JpVOCM5K+gOKdgDbwMtgk4x6UbCBu7Zxmg4zkDA9KMc0WAAKfHtDDeCR3A600AZxTlA55AwM/WmkITr9aMYHHNLR/KnYBf51JGqlGO47wRhQOo781Hx1p8btGSyEgkFc+x4NOwgzmlwRjPWminCnYBw9qO1GKUdaaAOpp3GPegDmjFUlYQo569KMc0vHrSjjrTSACOc9ulOHFAAwec0o9MUWEJ6UoGfTHvRj86cBnFUhCAZPalVTz3704D14FPVatRE2Ii9elTImaWND6Vr6PpU19cRxxIWLHACjJJropU3LY56tZQV2V9OsXuZAiKTzXtngD4YxvDHqWvDyrYDcsJ4L/XPQVs+DfBVj4ZtEv8AXFR7vGY7fqF92961NV8QtdxGSQlYR9yNf4/c+1bSmkuWn82eW5uo+ae3Yn17XY7O1W001FggA2rtGOPYVw80zzyHJLEnkmlu7h7mVpJWyxPHt9KbFG7HjhepNck5qCsjWEHJjBGWbGckdq0bSw3Kzvjgd+lRxoI+gGcelSCOeYqvIH5Vx1Kz6HXCmkWFlhjfEYLcY9qt21vNchRyB2C4H9KZa2gRgOpHXIrq9OiMcShcD1J71zuTZ0RiR6LpIjmDyjPH1JrpJGjgUKoLcducVmC6hgB86TAPHLc1Bc6umNtuoA9W4qGappbE175864LiFfRetQJaQIMqu8+pNVBemYfN859zgCs/UdRmRiCTjPQCockgWupttBEeJQg9KVtNtZCMk/hXN2+ozM4KI2RxxzXTaQJp18yXcIj+GanmuWlcdHo8ORhnwDyBW3ZwLDlbeEfjjmo1Cg4BqRXKsMHAHOTVIbjoXbaFpAwnjUA9MGiSzC5aJegzjNNgu1Rsuxz3zVqO7jYE7sn6YrXRkbGPMuCdzD6Coiy7sDAbuT1rQ1OOJo0fI3HPAOaxxk5G4Kh6nHSs5R1Li7kN4Y3BVyGyMGsxYIbeQXRaTfHwu5y3GMY61LcSwgnGC3Tnp+VUbiGaRm24TAzkt3zSjo9SKm10XU1+1kUKqT+aTjYF/rWilyW6qcdu9UVMICx7R5ijG7qWq9aRgcspWlUcW/dHSU0vfZOpYnJyKsRoODnFIuM/dwfTrU0Ss3JBFYm6HCLcOelU9Wt5/JC2oyM/Ng8gVqIcLhaep56daak46ilBSVjwzxVok1nc+YkcnkyEtk84Peub8tg2T26V9KSWMFx/r41cdMEZrDv/AAJpN4SyxGNj3Q4/SvWo5ooxUaiPAxOSylJypM8LSLjp+NO8gnotetS/DRPNPl3ZCehTpWfqPgSaygEizRvxkqeDXUsxoydkzz5ZTiIq7R5vHZluxq1Bp4zytdJd6NJp0Kz3w+zwN0aRSN30GMmsoa3ZIQLK1mvJs4CudgP4DJP6Vt7bnXuamUcMoa1NB9lo0ly+2KNnIGeB0HrWjczadoSeQ4+1aiOGRG/dx/U9z04FZPivXtQURafIsNuFjHnxQjau487W7nAI6k81iDU3lYeYqlsYyKx9jKrrI6XWjR0gte5cuNTnmkYooXPZRgCqTTykjIOQa2LeSKawZViXzc5Zzzx7VnXClGzjBNaQSWljGbk1e5ctkZ1+d29qHt2SRXjkJI7GqUdy6Ag4/Gmtf8MM5Jq1F30M3IsTyAzHkepxXTfD+GGXVjNNNKjRkbDGwxk/3gecVxaXC5JkBPHavTvh5d6E+mrGfLGqIm0mXCs2Tzhu46cVpOXLCwsPR5qiZ2918qpGyAowyjJ82M+v6mq91LJBBEZnDOGBTZ8rKAO9aLnErCUqCBtwgJNUby1jlBVW8xGIwUOCvuc1xxa6nszjJK8SsmrwGe2ZgTGVIl2jDH6U+1exTxJNLa4kjnjGBI2MOMYx+Gat6dbWmnzxqY0eeMH5nxhgfWrMWnWc9wbqS0Xz1bJZW4HpUycb6IUIVWldrchvdGS6dLksFnbgkZI+mM1eitLaCUSQrhggUqWzipYiMhY0bZjH0qJ4SkjeWP15rK7elzsVOMfeSLYKuyBGHv8ASoLkjqo3KOuBVAySr82D6Z6gUxX8w7g5yOuO9JQG5k1yYrhPLljBVh0ZSQa5vULCw0u2jE1h5lmGLum7IBPXA7fpW8JJJWGV+uBVG+k3r5csJYspCsOx6VtC6ZjUs15nD2ukX7STalokCxwrkR5bsfTP5dDXXaBcvLYQo5lluAn74yAKVbuMCsWa+udACTXJe7td/wAqeYWwOmMnpWMmtfa/ECyaXbCCfDK6htxYYzjaWGfwrplGU9Ohx05wovfXsehvEyIUMW5etYHiKG4hs/Ot3Hy9QEz8ueeO4rU0C9uLuwV7lNjgDBVvvD6dq05Io5EznBHb61zX5Xqd7SnG6PC9Xs4JvOu7J440iODGRtJ98VlQzA/KTzXpHiXwdbzMHtCbaR3JJ25R+vpXEv4R1WMyKUj3ISFXd8z4/ujvXbComjgnRd9SGKcqeO9Xre7Kkc1T0/S7+ebyWgaN14JkG0A9BkmnXFvNayGOaMh+3fI9RWimtjn9m1qdHY6mUYfNXQR31vf25gvVWSM+vb3FedRXGOM1oWt8UI5oaTE00SeJvCrQBriz/e255yOq/WuPmtWjOCvHQ16Zpuqkcbsg9QehqHWNAg1BGuNPG2U8tF2/4D/hVqXSRzSg46xPMmj5AxjA9M0wABsYrevbEwb1KbWzySOR7VkSREP0xVOIQncTU2t3nc2cbRQnG1WbcRxzzWXKpPPNabJ8ox1qu8fBGBz61jNHTRdjJkViTkVGUyfQ9M1oSRc8VEYsEcYrnaO6MtBka8Y69qRo8nmplBUYFPCBgTn86om9ig0POeajMQHOK0GQdx9KiMfOeMe9JotSKsac4P50SxgjjrVjaT/jTtnfiiwc2pRRCOalVe2Km2kn26VJHFn2oUQciIIAaftyp3HtxVlYsr7imODgLnIBzjPSqsZOVyttOcVZgTkHtTorZ5A+wbtilz7D1qxaoR2yKqKMqkrIsQxZXpxUph9qsQqMdOlTCPOc10xR5VSpqVolK4yCB6U24UZyOhq40R25IqB/mAyOnFU1pYyjK7uZUi7c5APGOaqPwevHetK6QgnArPlUEk89a5Zo9Ki7laT8uaYPmB9vanSBieaVU6eveoOu+hZto89avqmxCcZqtZgDrV+XiMdK1itDjqt81imwGOajOdvWnsabgnhc1JS0Kkq/NxTDCSauOpzmrNvGrDDD6Ucty5VLK543knAPQUfSlwKeCpVt2d3UEevpXh2PqRmKVaBjn17UvOB700hB1pQcdh9aUZ9B6c0gFUAelH0paUnJxgcDFAD1i3W7yh0AVgu0n5jnPIHpx+oqPqfSl/lRjigQlKKMd8GlFOwAOaUUZGCMfjSimACgUoopoAFSZzzxn2FMFOHX1piHClHOB+FIKkiVnYKqlmPAA6mmIQ8cd+9ApygE4PHvQKYAB+VKOKQU7vjOaaAB1q1awxSRXDSTLG0aBkUgkyHcBtH4En8KrjrThnPSqRLFAx2pwXt3pUXOP61KBzk8/hWijclsaF55qaKLLDuOtLHHk10Hh7Q7rVL2K2tIjJK5wFWuiFO5z1anKiPQdEuNUvo7aziaR5DgKBk17/4X8Oab4J09Z7oJNqrL16iP2H+NJ4e0ix8F6fsiCTaq6/vJOyewrPvriS7lMkz5Oc5NTUrK3LHY4bObvIbq2rTXkrOSzEnBHtWXK5LZYc/3amkkRjiOEhieGznNTfYWRPMdlyTwueTXLOvbY2hRuypFGGIZu3XirqOmAAmTjuajjhLuVVT9KuJAE+/8rHjb3rjlNyOmMeXYSPczDAA/3RVy3jLEE4UZ6k0W9rNLjYpI/IVrW+m95X9tq81FjRJlW3jbfiJSQTxjirtxcPaxCKMgznqT0UVb2JbxkJgenrWJc209w5LuQD1pN2KsyOScblLyb29Tz+VQPIGk/i2juDmkexVTncXx6mrOnx75GVIwEAyxYY6Vi3cIxLFvK4i2glB71Pa2AuJcN8ydT7VEVCZJXLdKu6ZMxkCxqAMjOTxWbep0RjZG7aWkUEKpCoCj2qYExjHf0FPQjaORk03ocdT7VokABiCcYB96Vmwoycn+VN2jcc5+tOI9RxTvYVriZDK3PNPt5SuQxzj0qMgdBgCkQHPb0qCyxI+5c85qlcHIOBirLDBO7IqCUZ4GPxouwMKSNZLjgE46noKbO2Ds4bbx1rUmh2ZA2g92Y9BWRcMQ37s5z2FS9EJImsSpuo8gbwfWukZVYbpRgnpiuX02Mi5VnO5gd2B2rpI2DscHgDrST0KsXYEXHHzc9amI2nGRxUKuUUEcn+VMMvzcc96BlxQTjA4qVfSqJuIofmuZljB5ya5TVviEtrOEsrIttyGac4z+A/xrSFCdT4UYVsZSoL32egxRE4JqyykJuUD6V4vd+NtUvrsyw3EtpGCCkMR+UfX1/GnXfjHWb8CO4uR5YwCsahQR74FaywU0jkjm1GTsj2zywygkc1Beaf58Z2OY5MYDgAkfmDXE6D40Kxyi6eOR15WMgqx/HGK6KHxdZCz868BtyU3Kh+Zm+mK5pR5Xqd8KsKkdDz3x7oV/ZXNsJbu7uI7h/lZTkgr1HPHOfYVY0fQbK3dJrZGEmcP5gG9WxkgHA9euK7CBpNUulubwNE5jPlQuN3lZ9ccbjxn0x+NOs9IEF7JPyxbk7m4H0FbPET5eXY5Fg4c7nvc4TUfAOmzie7vBcR4/eNmVTuPc5xyTWdqPgTTp0gXRbwQ3DgFknkDKp9OBnP516ibdZUYStmEc4Iz+VZIsbGC4T927MGMybFH5n86UcVVjqpFVMFRlo4mVp/gez0rTHEpa6uZVxvC5C/7o/wATWNqXgJ5oWmglZCT/AMtB2x6CvULMpcoW3qFIGADjFc5421SLRtInmE6+cSPL3nG4+lKOIrOd09WVUwtCNOzWiPALw+RcSwzD50YqR7iq0bq7EJ196n1CLzB9qkl3ec5bnv6nr61RjglkVnXIRSAPc19JCemp8xKCvoW7S3e5dhGylgcbSQCe3FXYInWRlZSjr14rJAdSCDhs9a6/TrTUpbQ3F5Dm2ZHPnHJAICjPHU8D86U6yhqyo0HPRG74U8TXWn3EcFzOfsTuPMJOWA9j1r0R9S0Z742kV5C0s+NgByvTIBIrxN227gOSDgn1pIZiH3K21h3BpOkpu6Cni5UlyvU9/lgjld2KKuzAbbyPwAoSZBH5UAKnIf5hgk15Po3iyTTNMngjiZrp87ZS/Qe479/zrq/CviR9euhbzxGOWNd/7vJ3AdaxlRkk30O+ni6c2ktzurW5OA7Y3jpxT5G+1HeVUepHasGadFmchGUZxg9foBViGSTYrtEzI3QDj8axdPqjrjWT0NMqZYShiXafukDnNYs9qq+YQxGc4z3/APr1YjumO94tx24OPQ07zGaRZGAYcN0/zzSScRu0jHcSwRBncKDwGbIIPvWVp2v28upJBes0SA4Uocknpz6V1V5aC4m86CYo3oeR9DVabR7Ka7hvntEEkT4OD6dyO9axqRt7yOepSqXTgyK5sF8p4WhS4t2yDtPzDI9+tYeqaFZ3aCGwjitr8hZBIMlsICB+ODzXV38uxcIoBHy5UgbqxkuYr6GVYZY47lRx82HA7gYpwlLcqrCD0ZjeHdTvbaCG01WBY7jzNiOpyJBXXxyxArnn3U9K4XxbqyaRYxwyWjy+ZHhZWlPD8557fSuS0bxNPb6jvhbykmdTIHYsqjPJ/wD11q6DqLmWhzrFqlL2b1PZrqDeDtbryDngelcxqdtcxOxSJAY8NuDbsg+1dCtyzwI0DLJhASUPBHrRFMzbWO1kIzx/KueLaO2SUldHDSXqyoY5AI9jAHgEHvz7ZrlvEMl7BdJP5+Rk7WRs4HpwOPpXpMum2BnlnWH55OHAOOetYmp2cMLhYlZyWAEcnKke1dEZRvojlnCdtWeXlz+tSwzc81e8T2iW2pEQxiNSM7VzgHuOaxdxBzXTF31MLLY3bW4II5rodO1AowIauKjm4Uj8a0bW6ORVbmUoHc3llba1BnKpdAcN2b6/41wmq6XLaSyLLGVYHoa3rC+KEEGt6UW+sWohuTiQDCOOo9vpQm4nNOnfVbnlzxAK2QTnpVZgOmK6bWdGmsJWV1OOqkdCPasGeMhicc05K+o6crOzM94hzzVeRCB71o7R/F3qpKpB9KxaOuMyqF6DjrmpAmOvQ0Yp2RkHue1KxqNaMbc559KhZcjNWwpxkZxUDjmgEQKvc1LJGNox0pGJYjPoO1SJzxnPt0oSBlQrh8ZzirSINo5570wpl+lSxrg800gk7kiR5/rUZTceg4qyg+Uc8nigRENyR781SMb2IVjzjiraR4wMUsUYLjjqa0I4Mn7taQRx16lhbaMkYrQSAc4FNtIip5FbOivDFqFu15H5luHBdfVc8it9lc8qcuaVjDuIipwQfaqEi4J9a7Txn/Zr6vKdHGLQgFc+uOcVyU6jJ4qU7pM0hpJxuZc6FjkkfjWfMgK479a13BOaqSxjoBWMkejSlYzBGeM/yp6R5PSrJiwppqgjAIrOx0c9whXY/FPuW+bHYUgwrZ9KRst3NFxct3ch55zzUoGTkcUqx565qdE29u1NImcrDPLUqp3ck8jFWLdcLnPSowDkCpVU7VPGD6GqSMm7niNL05pKXFeEfYgKUfWl+lHpQAvSjvxRS1QAPX+VIBSgUrEscsST05oEAH5UYwSAc4pF4p2RgZHtTAQcUvbp+NIOlKOOcUAHb3pRxzSD60op2AUdelKOnShlZDhgVPXBGKP0piFFKPTmkzTh1pgKvIp4455FNX8qcP0piHAelOxSKKeBgU0hXGgU4D8B70oHY04A96aQCAY6U9BTlXKn/Gnom6tFG5LYqjK9uPbk1Yijzz2oiX16elbegaRcarexwWsbOzHAAGSa6adMwqVFFXYvh7R7nVL2O1soWeWQ4AAyf/rV754b0W28L6eYLYo1+y5uLntGP7opfC/h638N2Qt7Xa+oSLiaUchB/dBqDV9SjQeRbEOV6nrz/U1FWqn7sdjkd5u7K925nZzkiMH7z9WNUvL3MFRWBPrTrCOS4nUMxPPJ6muoltok2KgB2jGAOtcNSZvTppmNBY7Cpblsdc9KvrabsZ+6Of8AOavxwkqzsOg4C1UJmeUheB3Pv6Vg3c6VGysOW3jU4jCRg9T3NLFZRLJypdj3NSQ2yxI0k7n1yafbXcShWmZFDcjLdqTDQmmWRI1SEAEnBYdhVqOMhcAfNjkmqz63p8QAE24/7IzVWbxPbZKxRMcd2OBWbZSsjTZFTLSc7Rk8cCs66vUc5hIxjIPH51A2tie3yyBQcjdnjFc/e3EUjkxlyCcDJ5qGwcuxelvIgSQxZ8+mKs6bK0oAXIPfPC/jWPbwswZiMIO5rR06RPNCcbO/NZsIXb1NOWHduDOG56r0qSCMQzxyBd4HbNTELtxGOPanRRkA7VJbt3rJN3Ou2huwurAfN82MkelOJ9s1WhSOG3XJCyHGRjvTy5XIyMCuuxgn3LCyY5GCKa8ny5xg56CoDIqsAOp5psknz87R9anlHctbhtyRjPY0wyEHHPHOa5vxDrZ0+EPACblvkhUDO5mGBitS1aVreNbh902xQ5xwT3NOVNxipdyYVVKbguhotKOcHJP40ySUbCXIUY78VWZgMBc8dTVW/wAzKqscIDnHrWN7G1h1zcArgHk8c1j3Jy22PLHu3tVubcQVU5xVeGIu54PyjrjrWcpXGkWdNjfdycD61tIpiVdp+YjrWXZlFO0N83XpWizjaWwaSKLAlAcKTlgMkLzWdqOrtbQFjGFQnALnA9yf8BWVq8E0V095aA+Yy7cg4IP9RWF4m1/7EYbeWB7uWVSVJX5D2I/A120aSm1bU8rE4qcE1awt9rI1HUBPLLsibLFclgPYDtWJqM0MlzI1ujJGT8qk5rOztYsQoY8kLwB7Co5LgL9a92nRUUfI4jEOo2iyxKjIwDVKWSRGwjEfjVKe/JOFNSadHPeNK4QyRwrvkA9OlaTtGN2TRpTk9C0uoyIMyXAAxjLHNdDod7aXTQ3n265E1oMPHNjy5Mn7y8/KB0xyT171kWMcTJ9mvbOzBwfKM/7tzz65yf1rvPDmh2l7aQW1oYA6Z3RxIQOp5zXi4uvF6WPpsDhZR1vc7HStckmmgil8rb5JI2cD61qpqKywq6YIbgHdn61zNp4XW2uVYkRuq7Q5GOMY/L2qT7JLZwySRx8oMJ821R7/AP668xpX0PZUmlqbOpakljE0khDRrwWBAHNcZc6mhvElt5MqMhZASM561g6u+rNcyRSwSNECSNq7gcmqFrpl/PFI6QyJGBlncbFUeuTxVqnJnPUrnbSeJH8l7lZYlHl7I41fknIz9Olc38RvEU8lvpivFCtwU81k28gZO3OfUc1lxahYaQd2Uv5wDtT/AJZqfUn+Lr0HHvXO300l5ePe6lOWeU7mPUsa9LCYJp88zysZmCa9nF3ZTnmkunee9kG4tlVGABVjTtOur6dVtYpGPQbUJAz6noKyJZVaUtGTg/w9a0bTxFqVpata2l5NHE2QUDYFehOMrWgcVJptOZ6xo3gfTbbR4X1m2d9SQ8pFNjfk/Ue1QeLNRbT9Ci061s/sNoDuWJwcsM/eHbr79q89i8U6rHdrcG7mWYDG4vmpL3Xr7VrsTapetdOvTzOBj8K8+ODqOopVJXSPSljYKm4042bK813gYXiqy3QLelaJisp7O6klZEnXBi2cqTnlcfQ5zz0rDVA6SuZUBQ8IeM/SvVUjyXRvqzR+0jA2mvRPCnhnULa5sNVmmgt4iBIUZ8Fo/wAOOR615Vbq0sgRBnccDmu8hsdY0q6s9Jnle4Vt0hhilYBAylCM/Q/rWNara0U9zXD0Ip88lex7VJHGYnlBifjKl+gH+FYHim3lfTmSyLRTwgShDLt8xO5GTyK5QeIrzR7O6tZplFwgVRHcEPlT3U/h3x9Koaj48v723hUJCjxZG4LnK8YHPbisacZXTR21sRScXGWjJ9J8ZrBC1rqCMqFgPOhPOB6jvVy08aaelqT5r+b5hQI33SvZq4aWW0u7JzMDFfZypXlW+vvS2senW1tG99C1w85PSQrsA44x3+tdVV0YLmkmcFCpXk+SEl8z1e11SK4sJrrTZjcuhBMSnoT+n/6q04Lh5oGeGBxIwyVD4V8Y6GvFpdPuIbSea0M32eVgWgOd+Bjr6itC48V6k5tUtiLOG1UKscZ4Prn1rFQhVV6bO1YmVL+KtT1pfLu4MsBDLGwLKV3g15v47a002TfGoilaQnYi4Rwe4I6Ec8GpbDx3L9piW/gHkKm1mjGGPT8+/wCdcDrzxTapO1u7SQ7vkYgjI+la0acoy1M8TXhUh7ot5rN5c2620lw7WytuWNuQDVWGC5mjmmihaSKHBkcDIQHgE1WIHU4/CtXRrf7RHcZmMQWPO3nD8/d4/wA8V1SlyrQ44R5nqXfD3iO+0yVoopyIXGNrDcB+FdlJ4imsI43uBHcA5IlhbjB6ZHqOa81eORH5Q9e/etbw5Al9efZ5rqG3jfgmUgD/APXWU4xerNoVKi0R6Lp2rWt9FFKJ42nBJdc4JB4HHereoSSxQYNozxnAyw5APcVk6r4d0/TfDa3ttNOlxGPlnByj4Oegri5/Ed/dLFb3F20qRcAg4OP61zxipv3TslVlTVp7nodzpFjqtkguohJKMFWXKsfzrznxf4a/sNN4nkkk8zDRGMjYpGQc9PaulsNZOoR2kUYdLiM/vJdm9X6gcVmar4gj+1vZ6lbm6gUbGc/LKhzzjgY/EVcOZOwpSg1exxcDnoatRyYNV7hoftEvkFzBuOwyDDbe2fegOcAdu1dFzLc2bW42kc1tWV2QRzzXJxyelX7a5Ixk1SZnKB38M8OoWv2e7GV/hbuprkNf0aWzlYkfIfusOhFWrG6II5ro7e4ivLcwXQDofzH0o2MJRv6nl08RTgg1TZN2c5z29K7XX9Ea0cty0Tco46H2+tc6FEEyuoDBGDYYZBwe49KGr6jhO2jMgoeeOnGaZtq/dHzZncIq7mLYUYAz2HtVdk5z1qGjqiyJc4xk461HIhycdBVlVxxSvGCOKmxVzPIIUg/WgZGOmKsvEePSomXB+tFh3uKi8dKXBPWlVvlxwacq55/CmSORulToDioACKsQ9QKaImi1CvKnHFbllGHwMfWsm37ZFa1pJsYMa2ieXiHqa8ViDHkCq8sPluSelX7O5GASePSo9QcOvGOeoFNSd7HNKnG1zIuG6kdPWs2U9cir8zYjIzWZMcn1+lUx043ZSdiGPSkZQxFJIPnPXmpI1OR1rLc7bWRG8Xyciq3lc1qEAqBgcVXkj4okgpz7lDZ83HenLHk1Z8vtgmnpHz7Vmkbueg2GEZGRUixqGBYfKDyKnjTscUrJnIFXYwcrspgZP9KkVCB061II8MSOlShPpxQM8DHvUkzq75WNEHA2pnHA9zUdLivDPsgpaPpQOuaLCFHWigdaWmAvbk9O1JS9hRQAneinfhSdqLIA7ijHPrR2pRTQgxS8Un8qWmApJYkkkk9zQOlApcenSgBRT+McUwCnimAopwoUYPY04DvVCY5R0q7Lco9jDCsEaujMxlGdzZxwfYY/WqY6jFO69etUm0S1cUDmnAEYoAGAec5/SnqDVRAcgyat20XIyDtHXFR26rn51LDB4Bxz2rQs4jKVVc5Y9B3ropxuY1JWRNpdjLeXCQQIXZiBgDOa908G6FF4csx8oOoSL87Zz5Q9B71keB9Aj0a0W9uV/wBLlH7pW/hHqa6O7mdLbfx835/WnWqcq5YnBd1Xd7C6vqIij8q3OGYHe2a55VCnJySalhzKDI/K5796fbrul3y/cB6evsK4pM2SuaWj2zK63D5CZ445Y+groVHnSseNw6gdqwpbiR8EY81htUAYCD0A7fWtiweCxtP9YHfq3fJrmlK7OqGisaBjwmAcis66uoIncSEKFGcjrUV9qMiou0CLf03nrXP3W+e42iTzWXljjCioci27FnVtaNzmKEMsA6Du31rDlkaQHc3A984qxez2tuyrGTLLjkr0zVRH+0M290QD+8cY/Cs5O5DYu9m4RT9SKJWPEfV81FJKi42Nu45bsKZHIWyYgM47j+tZtiLaTuqCMtjHYdqtae8fniSVN4U5Ck43Vloq8YOR61ehu1tYXVeXIwWwCR9D2qb6lImv7t2kcv8AKf7g6D6VWtJ5JLgKHyueV6CoJbjIdgS8snGWbOKfp9pNcc7tgU/MScZ5ougV29DtoLkLCiqc4A5NaFjOH5BAPoK5nypYoBiQycAAGtXTJwyYQYf0xjHvWdtbo61J7M6KNgx3HqPWns5OTtB46mm2vMC8jjrTmYKD9K3Um0ZtajCQRgLyehpvAiKevTNMz827jPpUU0jNkHglcijmCxzHlvceIT57k2+n8pnoXI4/IDP5V0kU2/BXnPTIqnHap5jfL8zHJx3PrVtU2jbwMDGRRWq87VtkKhR9mn3ZOBzkdPWlcZU4xmmxsFA709nBPGAMdKxNyhKj7sbeGHOKW1Ro5ueBVzOSM4HFJtGQydD3pWC4S26r+845PQVOs8UcLJNgN3FZ2pzO4Eakgd8Cst5rawjkkvJwN38Oc8elVGnKbsjKpVjBXkauqzsltINgVgPlzzg+pFeca7qgaOKKSaOZ4i2XERQ8npzzWr/wlMSi6MdpJshVnBALjPbd6CvMdUvpLu4mmdjvdixJr28HhXSd5HzuYYr6yuWm9DWmv4xwGFVJLsNxmsAs2455p6SHGT2r0kzzPqaj1NCSZc/L19a1dG1e5sUlWzl8vzBh+OSP8muc3+tPWTHQ0pJSVmaRpuOsTqLbUlN4bi8giug/LhsjP5dPwrqbb4g3lvYfZtNt7WxUcB4kJOPqxJrzDz8AjOaTzz3rCWHpvdG8alZLSR6Xb/EXVYNiSXYuVU5w6jn26Vj33iO/1HiW9lKA8JkgD8BXHRyHd8zADqaQ3h3AIcBu2aFQpRd0huVeouXmZ0kWrS2MheK6lVx3RyCD+FVrnXJZ23XFxNKTx87E/wA65xpCeucHvVjSbZb3Ube1eVYVkcKZHGQuT1qm4x1sEcNKWjZrQ6miPyitxwDVC5u5ZnJdufQHpXSar4F1S0N1c2MT3lhF9x1HzuOcfL9B2zUlz4W+zeCtN1KWMQ3VzcSHLMQxiwNuVPuDz71jHFU6luV7mk8DKheU1scxDKUwAMEjHTNSzCNEQxOzHaC+5cYPcD296Roh8oZyOeSBzVeVwpdIy5jJPXuO2a1adyIyT1RZtlV5AWdACCevtUrXKgDYhHA6nms4vhVA6invcMxLOdxIx0osFrs0IbhRkuu7vjPBqvMwkyy5U55AqB7lXOUjSP5QPl/nUatnhjxQVaxZgmkib5T+ldRN4lmbw3a6arqdkrSMR945xgHjoOT1PWszQdEk1W3vZ0nhhhtI/Ncyk/MB2GO9Z0zKGwiAFep7n3rN8k3bqivfgtNmaYvGlb94Tz71YEqgcNk1ipcBmVWAGTyx7VYMckM7RyIQ4PTOa05lsckqTd2zctITIyFgcMeD2P41qtEr3FjCvDEEAY9zmqekLcJaEtnY/IX6d617mSNltA+EKk4OOc5zXHjX7h0YGP7wm1rdBaQMCwkDED1x1rJklhvFUurLMR9/Hf3q5rMrPZq0UgdwdrK45GOc1hiXJ445rx4TlB3iz3KsIy0aHXcEsPzSDKZxu7Gs2QA+3Nb9wbmLynLg70V/ZlPtUEsNlcMnmobdzwWjOR+K/wCB/CvWo5inpUPNq5fb4DCeNlBZeR04q7Y6nc2UE9ujYhnUCRcdcHt6VafRLwsWsitzGRnMXUfUHkVmXMDRRDzOJCTkEcjFd8a1Op8LucnsalLdFkXJkDI4we2ahIKE7Rg9c1E4Mtmko4ZPlb3HrUum3YG+KcZDDaD6U/QfqWbjUr97VLVriQwLyqluM49KzFuDGQxyWHSrotpribyLdCzdfoPU+lU7zT7mKNZWjDRH+JDkfnUqcU+Uq0nqdInjW5+12lylrbQXEHWSJNpfn/61X/HesaBqsdvfaekq6nPzcp/D0HJ9/pXnoZskEEUrqyEZ9MiqVON1JF+1laz6kryrvyBgE9u1TqSFwPrWe3r3q7Bl4FbPI4NaC6EqN+tWI5MGqyjJpwJQ81SFzI2bWcgitu0ucEHNcrC5GK1LafIHNURJHbW1xFdW5guQGjb17fSuT8QaLJZylly8Tcq47/8A16uWVyQRk10EE0V3bmC5G6Nv09xUtWM2jzKWE88cDjNQmI9fSul17SJbSZsHMZ5Vh0IrKSFuAelFhxqdyisP+cUvkgVpJCBxxx60jxEknH5Ucoe0Mp4s9sVXeDPNazRD8ahlT5QpAFJo0jMyNmDipEAxTpU+cjtSouKk23Qm325qZBgCkRPrUyJgfWmiZFm1PIH86vRN8wGeapxjGOg4qWM/Nj+laJnFWp8xswSMhI9KkmkLd+tZ0MjAYPNTtISuelaI4JQa0IrnJH9KzJQM57VbmbJqs4J6dKUma0YWKvll2JGARzVuGEBR3qEAB8VbiBUA5qIm1RO2g0xnPShoeBkVN1OCKnVeAD1qmzFJmc0OMnFReWQK1WhyAcVH5WBwPapaKUyrCnU4pXXA6VaSPGRjj1pksZxj+dJjjqymq96eoG6lK7WIHIFPxz9ak3sfPo9aUDryBxnmkpa8Y+vADOee2aBRS0AHelpV6884pCKLAGKdxtxjnPXNJinM245OBn0GKBDcUYp3LdT270lACCpIZGicOoXIzjcoYenQ8U0fSnKdpBwDg5welMBuOB60lO/nQcdqAHJE7K7KpKqMk+lIBQOlKBTAcvykEEgil96SnAUxDuh604CmrTwOKpCHU8ZA9qQDgflT1XPNWkAIOamAyRwB9BQqggYGOMfU1Ztog8gH3fc84rSMSJSsiS1iDvk5APU16X4B8PoFGo38f7hT+7Q/xt/gKwPB+hnVb9QFK2qHdI59K9NdlVo4IAFjUbUA6AV0tqnHzPNqzdSXKjQhWS+uQG+73P8ASrepNG0UgYlY1QAYHWpLNRZ2gkwMbeprn9Qu3lk2IRgt0Hr/AIV585XZtFcqI3O58A7UQYA/z3qzCFt03XABftHn+dUBcG3kCxkGRere/tUMrF5m+Yn171zzmXFdTUaZTKMNlz1px1IQLsBVpT/Ee1ZAlffiLhj1z6Ux8R8/efr9KwbNU2at1fCdPNmPzgcACqUheRNqsQGPQHrVFp9xPOB3FSJMRtJGB2xUcwwvIUtjtc75BjoehqoxDMMdD6GppSWY4GATkcU1lbywxXgdBjFTImwFAsQ2ZbjJP8IqGPfJIVUsMjqaQSsCoCkj061Yhiklm3MpUegrIdrk9pbNhcsc9AAeTVx7BFQN5jAfxcc1Y063ZMbQGyMkMM1OxZXJdYhGOxO00LzNOXQoS2EUShi0kgYZHGM1YtLtY4iiowA4wccVJeXVrb2LthHmK4xk561HBdxPoShIR5hXlvetGoqN7CV3NxTLLXYWPyweo59ataVjzWZWPA6k81zELs7nB284zXT+HVVC5lcbgSAAc1m9jWm23qdnp6bIPnJLHnFTnB64Gaz7SfzThjggenWrDkMBtOP51rBqw5asjnhRWEo6gYzntVaR1YZ64qbO5SpJOOefSqU0hUgEZHSlIIonaVBIFUHd2pkkirsQthnJ/kapzzlH3A4VBzzWFrmppJd232dyTFlvl5+b09+M/nWRcpqKOrj2oCg5JJJ5708bQSOlYtpeJcASZAJ4Kjscc1mat4ie3uGtreIFl6uaulRnVlywM62Kp0Yc83obGp3dxZyh9oeA4yTngVoJfQtaJLG+8MOAvUn0rgNR164lt9k8yqnUqBjNc3/wlkVjMQiGRecqGI/XtXpRy+Vvf3PIeaKcmqSdjvLvXpbe6Mcj7Hz/AKsck1h6zeWbpI+oyy7/AOGDG129/YVxdz4umaXfaQRQP0Ehy7j6E1izXjzys8kjvI/LMxyTXTTwrTvsjCpNyVpas1rjU7tEeETOlu+A0asdpHofWsy4lU9KiN2Rw2GqjNIN+c/Ka7npoZU6LluWmc4zu4polINUDcSDIBwKiad8jk0jqWHua3ng8EUonTPUg1lrOejH8aUyk45pieHRpm5RT3ppvADwv61mhsnrz705cUx/V4o0ZLwGLaByTk/0quHBYHn35qFQSOtTQgK/7wZA7VmxqEY7Fw7CqquVwOc9zVrT7prK5hmVmV0dWVoztZcHPB9apLIAx8tdpbp3xUse/fhlOBzkjNZvazJ8z6X8Ha/Y6ra28aytJfRxi5kDMCqDHKt7jrXnXxQ8Xwa1fR29pGq29vlVKnO49z9K5O48WyLp02nadAlnbS7TIwYvLJgYwznHy+wA/Guf8zcWIOR3NcuGwipycgxeIlWioMszTbicVDxyWOBTBLGCMjPrg9aZI4xxx+NdxxxhbREpKDuc02VlYnau32qu0maaGOMjOPWkaqm9yfIUjBBP8qmjbnJwVHWqozn5iKmhaU/uogzbyPlAzuPakNo9G8CXCRaFqXnfZ3jkdEaFvvMp/iz0AHPPrWlq2jeHmtbaWObyNuWljR8yBewAPU++a5bQdPntrG+ivEkhWQBNskZ5fPT1HHtWfe3JUeVG21cYwtee6M5VW4s6HWhCmk1c6Wez0GAK1q1xdgMCSSFUjuMEA1JrOsRajaWMh02G3hhYosyockAgbTjvjmuJW4bON5z71fuLm6WOC0kfYqncIx79/rzW6w7TTbuzmlWbTSVkeiado0xs7K+j8qWCf5fv5APofSs3xTci0vEskjTbEm0OrZyTyWz37dKyfC95PBqKRmWJoVHAlfCqWGPzrV/tAIAt9Ct0EbmFk9OMBgcniuTF+0StubYb2d7rQ5yW8klm3FmJA28mkM3llSijPp6e9WtQt4lkkltwFjkIdEORsB7E98etVJbWaCfbKOQeucg/SvNPRRoXLRrFB5bMzlBvY84xUSuAMtsGD1xjP+NS3Elv9kt0ik+aNSsmR3z1HtSabplxqEyrBwCc7jwqj1J7UI0luW9Jv5LC9jmwWRCPlBIBHoaseKlF3N5VuiwwMfM24yckev40thpUt5N5CIzyL93YpKue/PtUWsItuIS9zvusfMobIUdAPbtXVhYv2qZzYmX7ppnIMzW8kkfOPukVGnLHmi9JM5z35qKInzAD3r6OK0PFbdrm9ZQzPZ3LKWXKBA4HbOT/ACrS0by0/wBHmKmLAU+x9abaSmKO1t8ZV4WdsdixwP0X9azll8u42MoOBhucc9q+exNRus2j2KELU1cn13RvIvNh2KWAKMeAwPSuanMkLtHIOVOMV3elTwatY/2VfS7ZP+XeXup/un27VzGt6Nc6e5WVWYKdu4nofQ16OFxSmuWW5yVsO4PmWqMrKuu3GG7VLZsVJU9KhVPmBBxirhhAkDJ0PNegjnbUdCykeU4pCCxwasRJhc9MGkddr5Hemjm53cYgZevSpoJNjYpFGeMUhXH4VRop3N61zJGHXqOtaVvMQBzzWNo8uW2noa0m+RiPyqb2ZW5tq8d7bG3uOnVW/umufutPaCd1dcMPerUE5Rua1CFvYArY8xR8p/pRexlONzlTFhueDQyEj6Vpy2wDFW+Vh61TkTaQOtWmZPQzpI/mH1qGdM5xzWgYs5qGZR25oZrB3MWaPrgfWoguMcfpWjKv/wCqq+znIHSsmjrixiDnPFSYPGcelSRR5OTUhTHQU0JsSMZ/+vUnQ9aI0xjPNT7AAPXvVGUgU8jnOTVkIWGBzUKKQBVy3LLjGQelWjkqxKbRnkCmNDxg1qNDzmoHjCjkUmEGZZiO7p0qwinj+VTiMHtQiY4qEzaSuNSME805cZNTqgC9qQx+lO5HLYkjUFeaiePD9KnjBT60uNxzx+FFzFx1K7LjioZBngcmrMi4yO9V8fPik2XTRVZD1A9qkSMse2anKAjoakhTDcjtUo3lsfNijccZA+tApAKcCPmGOvT2rxkfWijoeBzSUUopgTwwh4JpDIi7AMKTy2T2qHNJ9KUcZA70xAKXnHqKSlPTrn2pDCl7eppOtL1P4Y4piFHTHH1o/Gk6dOacBnHahAFJ2+tKqljgd6BimAvU8DFKOtAHFOVcgnjA96LCDHpTwMZyM0nboMU4D86oBR0AqRQdvtSKo4qVU/HHaqSEAHPHSpFXkD1oRfwqaNOn9K0iiWOjjIAPHIyOa2dG0+W9uY44ULO7YwKo2sO8jI716r4O0oaVpovZE/0qbiEEdB610wSiuZnJXqaWRuafZQaLpgtYuXxmZ/U+lV7ORnuGLAc9z2oupXEZjHJzk/WmwxhwqsSFz8xrlq1Lsypwsa89y86ExnECAFt3Ugd6yJnAJww5yR64FWtQIggWLoQNzZrPtGy+5wWUcnsSK45zN0ugyNh5gIGCRUpGBlTgn9aYGCBpNgI7D0qt9pLdBk+9c0maRVizcy+WgzkydyKikWQw72OMDAHTFIwPLkM20jNWHCsrMB1xjNZuRaV9yhHF+6ycD3JpdwRuMkdKWdiCVbIxxUDAswJJ2+lK4i9HcMcbtpC98cgVDLIGwBy2agZzHHwQB1I9aSIluQOaGxF3TUHmMSAfTA4+lbUcIb519Ox6Vh28zLhFUg98HitW3mJWNMlBjv61mzena1iK7uLi2aKOI8kZBxn602KdnjUlWaZySzk9PpT/ABP539lh1YBA4BAGD+NY1vq8MMKDLGYdscY9a7YUXUopwWtzz6ldUsQ4zelrmslst3N5coygHzZp1+4TZBFhVA28DgAVU0W+IS4kceY27nPbjpWXfXsktwzKePSuerBwnyPoddCpGdNTXU2tOSK4nlBmC7cnoctXV6e8flRojDe47nn6V51Yzlt2wqo6sc1s6fdlriNmOJA3foQPSsWrm0HY9GtEYZbIA9askqsfGMkdaq28+6HehJTAp1xMWBbPGMAVtHRD3YwyAkjPHQ1ka3dSRoFt8lmPX+6PWtD5ipJPJ7VieI7k21oWGDg42+pxUN30HJWVzO+0OIpZbyaMqVKqXyD+AHrXPvNafaC8E87sBuwi4+Y9ev8AhWfd3ElxcO0pLyN+Q+lMGIIH2KfMfq3oKuxx89za0y/Ml+8Vn5aTP821m44HP1zWfqWoC3Z9+DKScgdjWOvmqWeKNycZJHYVmXdzvBx065r1suSs2eTmNNzlFdA1PUJJnJLEewrGdyxJJqSd+pqlJISTXosqhS5VZIl8wBCSfmqNpqhySeKTknmpudCprqTCUkfNS5DAZOBVfBpdrFc9ulFyuRdBZMDoQfpTAc9c4pvQ4NSMoIyo2ilc2Wgyp0kjCbGXcOue4qFYyU3D6UojcjIBI+lK43ZgDzxUkbhc5z9RUW1gOhp2CenWmKyZehumAXKqV6YIqyWT5Tyuew5xWUhK/MQdtWo50ZFHAYfrRcwnT7FxplwNjsO1QPM6jljk9jVV3zISRg57UhnZlVTyFPAPalYFTLYuCVz1P97/ABpVnOc8iqKtz178U4uWI5yelAezRb83IHIB9Kf5p2gE5x056VUD8c9fSnKQMHqKCXTRY3Z6mpI8vgbsD3NV2dMZTIO7oewqzHhrdiF6HAbFBLVkTRxk9CM1fsosSIwbDA5yPWqNi26Qhu4pUujFJuLcA4xWiSOKopybijp5HuLjLSyuxY7iSSST61QvJoEwpJdhVOfUmeMJH34zWe7kseSc9qHZbGVHDzk7zLzyKSMDH9aVbhvOU8k981SjcsVVeueMmpQ5Mw3DDA4wKg6VTtuXxOyNu6HvirdtqsiOCcsPU1RCNJ0HFN2gEhc/ShxTMlbodpaeJTgQ3O2W3ZChRlBBB98ZFP1C50rUd8kpktJW/gtxujz9Ccj8DXHQs20dSAakQsuSwOOtYTwdOeti4YqpDS51NhLpcbL9ruHnQk7kjj259Mk1NFr9zZwstuY0iIKqiLwF/HnP41y0bRKhfJz2BHSoRLg7i1ZxwVOJbxlSe2h1epeJLq4kh2IsKRrtVU9MetRQxm8tpplkAZEztPesWGYTxFGAB7GpNIunh1KOJn+Qtg/Q8VvCjGC91GE6sp6tlW85ZSB7VXj4PNaWqQmK6mizwCcVTt494PGSK6YkXtG5r3CoNOhvFlJlCCIIB029T/L86YBvMUgbnALeufrWhb+QLAw3CMYzj7pwR71nSReWzbN2zqpz2rwsXQcJOXRnp4TExqxUeqFeUiUSIDvUksAMc+td7Ao8U+HBPkfbrSPbIjc+cn09f6iuOtzbTW5Dy4lUEKQOHz2P0qvperXGj6lHJZqymI4f5jhxnoRXGr7x3R26LR7MqanZRwyfug2w+v8ACfSprGPzIFDYJXpXd6/aWes6WNTsQI7ac5kGCfLlxjHFcfbQmJmUjG04PPGa9vB4j2sbPc8fG0XT2I/JaOQ+hFDJkEfjVwAHKnr1FQlfmNdyPN5tSuOOcU5xkZqbyyVJ7im7OCDVJlqWpJp52vu7A9K3JBujVh9KwLQkO6+ords28yD6ipkbxldjVzt9xV20mKsOaqbcMPQ8UKxQjH400W1c27uFbyAyx/61RyPUf41z8gIbArZsrgxuCDS6nZq2LmIDYfvD0NNaGUo3Zk3LqbeJRGq7QckDrWY+AeQcelacyk544FVGiBzmguCM0pljk4qFhx8orQkjOCAKqyIecdqRvESNfm981MVz71EnJ6duasIo6UITQ6OP1FStF26c8VJCCSMr+FWTGCelUYyZUWNuM+tW4o8MPX0pwixnipoFO7pxQYz1JNu1DjBqnOo5I9K0WQeXVKZex55qJMqlHqVo03daeIcVLEmOlXUi3KT396jmN3Ez2TjpSRrk4OeKtyRnPTGaQRgH1NO5m0RbQRxn1oCAVMsZP0zTimBjFHMZuBRmGBjFV9hzmrs69R1qJIuaLhFWGKmcZqQLgdOtShcAGkYc8Ur2NUrnzAPWilpVxkZ6V5J9WApf50lOFUkAY+tGPWrMVnPLbSzxwu0MWN7gZC56ZPaq56U2mtxJpiUo/OkA96cM4IB49KlAJx6Y4o6UoY4I65GDxQBTAUKcEjoCKD07fSilxmgBDyelKKTjPtTv5UCFHWnhTz9O5poGOuacBmqQClSpKsCCDyDxUiqd3r3pgqRR0xQhDwQeuB6YqVRk4HI+lRAZFWYxkD1rSIMcg9v0q5BHnbkLj3qKJcYra0eye7uEjjUsWOOK6IQuYVJ8qN/wXoQv70STLi1h+eRsdvSvQbi5Xc8pUhVGyNQcYFVbW3TTbBLKIjI5kb1bv+VIoEo3txEpwM96zr1OiOOC53zMrq5U5bLZPArc0aLc5EqBQSG3N2qC0tkkZXHXqPaticCytCxxuxwfeuGUrnVGPU5nXJEfUZQCDt4P4VQW42rjJIJ59Kddyb3eUZ3sf8mo129WIJHOKwkHUS4YRwK0jAsckKKj01TK53cKOao3LzTz/OvHtV3Th5ahQenGaxkVF3ZsBgivGnQjkgcCoJCoHygkACrYhWQKrMAoHJ6VnSTAyukbZTdwcVmby0ROEUpllz/vetNmhiSMmRR04xTo0ZysSEfnVW9hZZUjYZctjg5xQiLGe5O49eelSRlCBuBH0PSi5j+csCMdx6VEh3yD5sADOTwKpkNamvbMioGXbxwQT2zV+2WMujK21eueuKzbIxFliyvqXxkVcEiW4DMxbccKf89KSi5PlRo5xpx5pEutj7dbmFnYKeQw65FZtlp8UUyoQsu1idx6N7VNHPvQOeFGRz+lPdkUbl4yDwDWk41aC9neyZzU6tHEP2ltUQygIzRoqouc/L3rEkCmXlSwz1BqTRv3i3MjuzMxCjc3GTk5/WlmjHmOhxlaVSDpycXua0qiqQUkrIhth5jMBlQp+6K07eVoZFjKkKffkfjVazhzIQG4zkkCta2tyHYsdwPANYtm0Udbp92fsEQ3AIBjk88etX4mMmCOg/WuRtybO1nMjDywNxz29K2fCF4b2xaZ0wQ5AHtVXdjRNXsbaJlvmLc8YBrL1zT4prWXauZh8ynGcVtAbELe9VbpFeIFiVJIztOCRSHJXVjzmKwCTF545H3jJ+XH+fpV6a3t4FQFIolI3EOcsfqO30rpEnVpHX5WI42A9v61BcQWs6vLcQIRuCkk/kK0i4t+8c7i4r3Tlr7UrK2t3FvtnDKVPy7QTjpn8a88likjAEyOm4ZUsCAR6j1r2L/Rbe2MccNuo3ZDbAzD6ZrhPG9tNPA1692Jktz5aKSAQhOensT0r0sJVp05csVa5wV6U5K8mvkcbPGhQkEDAzk1mFuancuykDJAGeKpMe9em2TSg0rNkysFOUY5A4xxQZFA68YquWyaRm3HOAO3FSbchL52AcfrTDKWJOfyqPvRQaKCQ8EnrUgZgADyKiBHbIpc9aQWLSPxgdT1BFPScquMcdqqFvQn8aeGBXDc+lO5LgmXlu8j5gMkVVYZbgHOaQfKRzlc46VPNt27doU46juaCOVR2KxB245K/wAqBExxtBNGDxx3qwJ8oABz60Fu62IlAYhc89DT7uBreXYzI2eQUOQRTH+UjIODzzTGcsCO3bNArMQngA09WwR19sVGoJBIGcCjPNAyXPOfarMcsf2WRHzuJBUiqe/P3ifrTS1BLjcmDfMatWtyYHJwrKwIKt3qgD3pd+O9MTjc2tNnU3PJABzwKtz2yOGZcBzXOxzMjhl6itey1BZDtkwGq4tbHDXozjLniNliK4UkAgZpqK3BPQVqzwrNHkEEgZGO9ZbAq+BkADBpSQ6VTnVmSysPMG3p2bFPt3VJQ0rZwaS3dCvlyr34J7VOY4yflUGoCUktGaEE8bLtBGSPpS+QXm+U8+uaqJCkigqArZ/KtGL5YxzyOKqNziqtQ1iPihEMm5m4AzSzzR7GxgA1FcuSg9MVnXJDMvltlu9WzGEPaO7EuZwjEcnvioI5dxPcUy5jZ5M7s44JpyL91R96osegopRLkchjXdnjrS29xvvIiOpcfhzVC4ZtuxTyOuKv+HrOS4uI5JBiNCGJx1oJcYqLkzb1mYPfEryRikth++LKoAIrMvJVa7fac5bFbVmFXaBnitEclT3YovuhMC4yCBS29vbXEUi3F00Mo+4CuQ1TYxGPeqMqjcG/CsqlNVIuJjRqulJSI7/S2s52G4YXG4qflXPSpVg822JMXmZIV/8AZz0OasGNJdrgsGxtyO49KlGkS+UH0t2LAEvAzHJH+yf6V41fCTparU9/DYyFXR6M0fCV2NLupdKu2b7HeAoSckI38L/rzWRq1hLoesXFvM+9VfaTk/MM8EfhUdxfEjZNGROMDBGCv1FdJHAviTSVhlmMmoWqgIx/jj9P19e1ctOo6crnXKmqseVmA5UFSpyMdfWlYbiCODSNBJbjyZo2R4ztyR2pYRgjPWvpKNRVIKSPma9J0puLHKmCGPTvSTR7WBHQ1YZcAHFSmPdaZ7rxV3MrGTF+7uh6VsaQ27evoTWTKCJlrR0b/j7cetVLY0hLUvyDBIPamlRzu781amTmq0wOFNZpnUSK4CgdxWnp9yrAo/KMMEVhscZPpg1LbybWFaLUTRevrQwsQPmXqD6is509QRW7DJ9pg2MfmHK/4VTnhJJzTJWhjyxDAIqtLBlSRjqO9a80LKBxx6VVki4z0HvSNYsyhFjgVIvOB1qy8WDnGaFQbuBx9aCh9uMMPetGNFYYNUokGQT07YrUtVBwDTMZiLbgnnPSk8ra/FaKx/Lnr6Go5V56cd6VzDcjCZQ5IxVOaLn6dqv9eO1RvHke9Zs3grIpQoS+SOK0YVAAB4pqRbAKXBB5zUs1eo2ZMZxj61VkUqcj8augbuM9KiZOT1pXIaKm7B96k6jrUTD5uvFWEX5Rii41C5UlTkjNOijJx3qV48tnGamgTGDg07kNakEsWB0qJo61bgq+DtCnGOKq+Vk4qZSNqcND5QFL1PFJSg4IIrzT6QVcZGaXI98UnNL9KYG5p3iW90/QNR0i3ZVtL4qZhtBJ2nIwe1YeeaB1peAODx9KuUm9yUkhM807jHf3ptLUoYvFPEbeVv8A4c7evfFMpRxTAXOaXuTgD6UKMnmiiwgHrx+VOXrSdvrSimAuMdaeBmmrxTwMdc00AvsKkUHPvTRk4NSIO/H407APXqcLViNMkbgeajjXI5yKsxISc4JrSK1JbLFsm5gD616d4J0sWto19KuHb5Yhjv3P4f1rkPCeltf30UQA2E8kjpXq8EIdo4YFwkYCoo9K6JS9nHzPPrS55cpDFbvM5B+4Bl29qqyP9ouFWP5Yl4UVp6xPDaQ/ZYT83Hmn39KzdPTkSY6ngV5s53ZpGNtDdtkeEQRqM4wTSeJbiL7OpDbME9D1qUOh3O5wo6fSuT1aYzTMM8AHBI61gpHRJWRXMiyZcYTPRaeP3cQx/FnNUUzuBJ+7xUktwAh2k/jWcnchEE0nLKCBjg4pbZgrDJPvmoF3STfKDxzmnRABN5YZboM1DQk7M0JZHmYAs2B0BPAqaHqE498Dmq2nxyTYEXzvnceenvWnZx74/lCecTk8HpS5H2KUk9y3DZAwF2cqeoGe1VlXc4fcCBnGOO5p8F1uZojJlADwB157UxEIZQhHX1qdjdNPYpahblSFXGevTqayLiNoZQCecHcQeBXSXdlc3O/7NC0jAdV7Vg3UYQsm8O4I5Vs+uRxwaaTtcxqNXH2TiMqWON/an3l0GulSJixUDj37/wA6oxSeS4O7584AI6VVhuPMup5FBVuSD613YGnebkzzMwqN0uVGvHKW/dqCQpOD/OpFvhCpicZDDOR9elU7MMUSR8nPIH+frTpVdZlMQUk4JU8Gt6talKo6U9v1OShh6sKaq0vn6C6XK0cc0eAEL8DA/OmFD9vOSdrEj9KRZDFGNygZOcDt7UsrK0qMmQSQa8yvPmqOSPboR5KaiatvEcFhwM4ODV43EFpb72LFx0QdTUNlOi2DupVnXgKe7HgCseeGR1klfILE4Oev0rJQ6s2lO2wmq6vJqGA+FiBG2Jemf6n3rp/BetW1hGbW6zErHd5uMgfUVy66c0JRWQ54bgZ3fSoNQ1c2IltLa3iE+NrzuNx7fdB4FdeHo+1lY5KtaVP3lueu3mq6dBZ/aW1C1MPqJVz0z0rkdd8c6Ov+j2tz5jyDb5oQ7U/qa8lv7l5WczOWZiWJ9z1x6VnM4HUZr0IZfTi9dTOWLqVFpodlJ4titbhjCrzEdHzsH4dzUN145ubi1e1aJRG/UqcH6ZrjZG7/AKVEz57V0+xpp35UZRg3Gzk/vOv0TUZpdTgSGR4wxwWVuRz1/CujdbefUvKeRpoc4UBOHBwD9een0rkvDyW7abPLKyRyh9qvu+YAD0resdZ0zw9cTOZPtkq52IDuDH3PavNxfNUq+4tjWjBU1Y5LWLltOv7u1twE2M0THHUA4/CsFmzmrOoXD3V3LO/LSMXbHqTzVQ16Sbsrm8IpCjvz0pcnpTQeeKcOAMjjtQmXYTFJUm4ADByfWkIBPXNMBAce9Ax3NHHvSUBYcDTlbGMZ9KjyR/KhWweaQWLCOSwBIz6mns2epyB39KqhgDkfrT1bPB65zTuS0SGRic56cUbicZ6DpQ6FVUkghhnGefxpgG7gA5p3AcT83z/maReSBkdcc9qCCO3tSDtigBwPUZx2pDR0OBSk8YxjvQAn40Ac4xSY75pckdc0ALyBnFIe+aUEnr/+qm/WgQGnjjBzTQvODxxSigTOo0qTdYJz8ynFV9SIEpOwLx+dLoRU27oM560/UYmbawGeMcdqvoeZpGszP3kquTnFPimdHHIxUezDEZ6VLHtfarDHoag6nZrUv2c483PPPB+taHmAY44rKii2kqe3Oa0oyHjTAq4nnV4rckuGJiyOnPFUIseZk9jVi5dlwecdKksbfzXCqMljnNPczj7kSrefuI1YDg9veqFuzyP8o+cnHXH/AOqr2tM0915Vqv7qH5c+/c1LbWSWVqbm7TG7/Voerf8A1qR1wajHXcsSaZFaR73vIpA38UeSPpRLrJitmhtVClhgt/hWfcXL3CgN/q1ztUdBTLeLJBI4HvQS4p6yLWnozTBiMjOc10Fs/wC8HrWZboBFuXj0FXbfJq0cdafMbisTCCT0qlNIATU0DfuGFUblufxotqcpYtZirZ3Vt2d9sZTkg1zMbccd6twTEDGTRKN0XCo4vQ6y4is9URfOXZcqPlmTr+PqKzNFz4Y1mO+uofPjRiSU+6c/5BwadYNhlznmtXzjHIwKLJGR8yMMg15WKwfNrDc9rCY7l/ibHSa4mma94Y8zTpI2uLf5yQeST1H09q89dCjdO9adtILK9a5swYRkZQcZ7/0/nVG6k86YuFC72JwO2avL6VSinGexjmNenWanDclYbo6ltlzbyAjoM0yMfu+auWy7LdicDdxzXe3ocSjqYUy7pRWjpEJ8/d68VAkZaXB61t6dCFkB96qTsiaUbyH3yYAIqjOD5a1q36gxD61lXLbpNo4C8VnBnXLQgAzvz6VEjVaVdrP3FZu/DkVpF6gjZspirDB5rZ2LMnmY69a5i3fpmug02YMNjH5TWhDVhJos8/hiqM8QI4zxW5LHjNUJo6Q4sxnixUZQ9cCtGWPBOMVAV59qRomRIgGK0LXG4euaqhcj1q3bcMKCJLQ1OCo6U0x5XccdcUI24cYpCee9I57DRHg5xThHx04p7HAHrUkZfayqSAwweKiRtAr7AScc0xo81Z8phk9BSmPIzWdzdIpBcNjpSSKcGp/L+bPpSMpIIH5UCsZhT5uORVmJMrjFLs+bGKmjUgDHWpbNIorFMHp17VLHHg4PIqfZwSR1oCVLmNU9SJl46VJAh5yM1IEzxUqptWpvc15bHxz70Ud6XvzXIe0HYUelApfrTAPzpRgckZ4xSUvWgQBcgnI4GeTS54x6UlLTAMClpBjn17Uo5HYe9AC8CnjngkcDvTBmnHI44yKaEKBwTxxSj8fpSfSnDpTGO9sD8qeAeOn0z0pqrkE56U4Dn0oAVRzU8Y6YIPH5VGo4wDmp4l46dapIGTR44z/Kr1rCXI479KqxJuIHAPua6rwnpZvLxNwOwHJPtXRTWupz1ZcqOx8KWS6fpRlcASTDA9l9fxrcs9UFnHLJGA87DCZ/h9TVK+dQoROFGAB6CqhTY4DdVGcVz16nMckFrcdcO7EE8lzlj361fsZP3kcY6Zxn0qgMl+TzV3TYtk+ZGPsM1xNnRFamnqLMkHHfqR2FYF5EQnmYILV1CLmTDqWD9qwfE80YuUiTog7eprLoaVDGYYTBHUioZ1/dgqeAc49TSh8rkqSc4pLhwU2L1GSakghQMTsx8xPQd6ui0BG6QMNo+6oHX3zVOBihAJGfbvVj7SWDBmJJHTHYUnfoC5balu0823kKxKsIbku56irUl+qweTDyc/PJjk1z+9yu4tz0FSpMcbV6dS1W5tKxHLqasTAttBx0ya2ra38+L91hVQfefoP8a5xZQiDGPpUrak6QIik7G/T61klc05uVFnVb9EhWK2AZujSHv9B2Fc48m0knqe57VLdSZJbeTk856/lVeKPz3wW2KOWZuij/AD2rVamEm27lhSI7WScZ3MPLQEdz1P4CqaQyRSGNgA/BOO2a1IlSVklK4gQFY0PXA7n8eT+VP3LBC1wUHyfr+NdlOrKjZJXuclSnGtdt7EchltjBEvAjQ+YxGeWxTSx3DjP9ajjSR5DNNgNIdwBNS5BPBAxxmuKs05WR2UItQ10IWkVt2OCe3am7wU+UY28Y7ilMa79xGccnB61H97JK4rJo2uX7G5CpIrltvBOOcnNK1+J5FA5VOFUDGBWWz/KURtsXVie9ORvmDQrsIOfXJqraCbNxr9I/LtpJDGm0YOATnqBXD6rP/p1ycY/eNgfjW+8byzJKpIfOMn19a46+nMksh5PJ5r0cv3bObErmsiGZy2WY4qs8noOKeAXfFR3DLkKmMDqfWvU8yYRSdiN5GPfikGSfX600CrFrOIS4KRv5iFPnUHbnuPQ+/vUXOjlSIi7Z5puTjk8elPcrn5eR9KZgcnIxmhgkOiG5vu59qhkwDx+dO8wgEKcHuaZzj1FJlJahnpTvUNkY4ApD1wOR34pe/A4pWKFOMZGc96TOBx3oB59M9aUgDuDQAY2sNw4680w8U89OPzpp9aAEPWkFLSUmMAcdgfrUiHaRkZqMDgnNKKAaLRcMcBQBikAIPfpUangZ61q20SXEPX5lqkrmE5cmpnEEEYz60h6nOPSpZ0KyNk81D6f1plp3Qdv6Uo9cjjnmkJ5/pS5Bx91cCgBMEnOPegdvpSr83QZ9qT6UABPTAAx+tKQB0pAKUDPUj8aBCClxS4pUBzxTEaeiS+XPgnAbtWxLkqwBw3UYrnLZtki+xroYmDBH7CqWx52KjaSkjNl+Z/nIJPeoyCh549KsTR4kcDqpIquxJwDytSzWEjT00+b8rH5q0IItrOMdDWLbM1vOjHp/Ouy0eGOWcORlStVE4sQrPTqZM0BP3hx1rQ0+MpaSsMAkYH48f1ovICr7emwlSKS3uUUSLjLAcD9as5He1ifTtPg27JMCKH5nY/xH1rntZu2vrsvnCL8qL6CtS4u2+xtCpJZ/v471jxRhpAcHnk0rHTSf2mRKpVcH8asRx8gYoEeZCT1qxEhVSx7UkhzmrFtfltsYGBU0D8EVRQsTjOQatJkHp1rRI4qjNKOYhNuapytn86XcQMHrSbc/zp2OdMWAEHB6CraJ83So4I6uJHgY7ZobLinJ3NTTG8zap5ZeM+1aLtmVh2FUtGhKyFu1XxHulJI71zy3OyK90qSjbknoaiEGZB7VPeL+8H5VYtkwQWFO+hna7sV9hBwParMwKRbe4qdIAZAT0FF0paPgYyf61NzdRsmZtoB5x3jnnmtq0Q5XjtVSCECbbjnOCa04V2jnrSmyqMGiO9Py9KyAmZgcd61ZlMmR+dU0AWUAdOpoi7IqWrIbvEYdv7tYRJ801saq2Ygo6scViO+ZGI/vGtYbAyzC+DWraT7SMGsEP+8NXbeXpWlw3OztZBPDzywqKePnOKz9KuCjg54ralAZc+tBlszJkiyeaqtFjsa2GjzziopID1H5UFcxlbMHAqeHGcHIPTIp8sR+lMRVBGTUs0vdFyBvXFWNuT6moIEABNW0Ix0/Ws3KwlAbs4/nU0A2kAmkA4p/T396hu5aVicgbcAD8qYsfPpSxt+tSrx1FZt2NEVJISvOKpSKdxzmtibBHT2rPeLLccUJj5StHEM/Nk8cVOkPIqVEBYYHFWQihMAc+tTJmsIlTy+KQJg8VawAOOaaRntWTZtylcLz0qSQDt2p2BmiTA4Un8aaYpI+MwOCc9uPekpenSlRtjqcBgDnDDIP1rE9YbS9R2FDHcxOAMnoO1BHYelAC5OAD064pRjB4ySOOelJ29BR/KmIXBPSjFL6YPOOe2KBxQAdu1HanE7sAnOBgClABHr3xTsAmDzS4IAyDyM81JGqNv3NsKrkAjO4+n8+aawwce1OwgB5pygnp3poHrUiqRtIyPQ0IYoHrxUiqe9Jj5Rz16U9SwG0E4POKoY5VNTpnIBz+FRqvI4/EirUKE4wAcGriiWy1ZxF5BgZOeleqeHLNbDSFZlw7j9K4rwnpn2y/iUghM/N9K9B1GQDbHH0Uf8A6q1m+SNu5wVpc0rECvmfLdByaQnexd8Z61ACXwhzzyT6AVNEQ/tnvXn1WOCJbVOCxxjPf1rTsIw9yhOMk5/KqY4UKCO3NaGlpudmHGMjnvXNJnTCJoSMsKkk8LknPpXC3l2s11IxGdxLV2WoDfaTNxnGcnoMV55MdzuxIzn1rO4Vd7FuSQEAJxjJxT4YS67iMDqapRE456dOalMjSjaM4zjjvSIXmTBQWYL0PPApAoKkY9hj1q9YWv2qXZDhVTOfMOD+NOvIFi/491B3Ngbh0Fa8jtcjdmJIuTnOVB6VKqkKvHHXJFXJY0WExxqC4+Z36D6Cs5pxbq6SEO+AFGf1qZRdrji1exNHLul2jJPCgVrMIHiEU8ghMWMMRkA/xZ/SsS2kKOjgYYHOT2q9d2pgtUllYmWQZw3HBpRaQNN7FF7oCYFAHA67hwfwqFpVkcgqAm7IVRhRTZcZIAOffmolJi4bGSeB3FaRetzGcW0SyXeJMLwBxxUokE6BXO5V5welZ4idp2UjaB1NXIjhVRcHHc8V3YmvBQUY7nBhcNL2nNIked9mSw3ZyMCpoCMEltwUAniqsrDzDn5l6Z7fhTEI2bTuGewry0j1WXJZhu3AY3HOTzVSSXkEsFX0JpZS3ygoQB0BHTFVrhlZ92PlPHrTAngheTIJB5znPAq7Au0ZGDkYHHas+0JUcBsnq3YU+WZzgBycA9KN9xNtFiS5ggWR5HIdVIRAckn+lctDdoDcKLaBzICo3pvZfcE9D71qG08+Q/KRx0FalqlvpttDB9ngklWUyvJtBc+i7uwGK7qVelRVoo53TlN3kcv4itF0+KxhKhZ2hEkvPck4H5AVgnPvW34tna51eSV8bmAJA6DgcCsTvXox1irmtJWWooJPriggrkUYGeD2+lLvO3aMYPPSqNBokKhgMYYYOQD/APqpueOaCPUYzSVJVhPSlJpKPWgYvQZyOfegUDHejIxwOaAFzxTlBPCjNNBIyB36076GmIUkbcEc5zn2prAg4YEH3pf0HoRSElifX86AGigEg5HFFL1zSaHcQDp6U4UDg5HanAFjxyetIQIPY/Wr+nSGOQDjBPNU16DHrjAqTAVgQfpVrQzmuZWNy9sVmglfgOo3fWsHJB6gGuigcvark8ONpPtWRqFm9rIB95SOCKpq+pzUZ2fKyieeTnFFKRxzSkYYjI6+tQdVxMc0U4Dn1A9KQ4x3zQFwGB1FORS2QAT3wKZjNSpgD1Pt2oQmIvXg1IFJ28AE8cUgGOVzjHWlB596ohsmRNrfPwa17Q/usVmW8RcBj0z0rWg6/QVSOPENNWIbpwZnK9M4/GqefmqeYERgk8k1XfHFSwprQuxLvAXGfQV2egRlUVfSuVsYwSh712elLshQgcmtFscdd30JtXtttm04H3vmNcvErJEZGUgv936V3l1GHgSMjKkAVyutKHvSkWNigdOxpRdznl7pnwqA+49jxUksQklLgBeOAKliCQrlsM3bNWWwsSMTlm5qmQ5W1M3yQjbcZOOfamybTgVPcSrGu7jJ7UQReYMyDAPNNCu3qMt4i/uB3qdhhuO1XEjEcfA7VXIy2fWqTM5jU+90qdF5HrTY0zx3q5BFubpSuQldkltD/ERx2q9FDlgTSwx4A46Vct1ywzWLlc7YQSRdsI9i8jtVmNfnBB56UsaFYSR3qxGgSIuRjismzVIzZoxJcBR+dWBF8wVRnvSRfe3sOe1X7aEk7jVNihG7Goh2ljTGT1ParzIpjI/uiq6xlkLNwDUJm7VlYr2cRMhJHerTjMmBxgVNbR7Rnt2pqKWLs1JvUpKyM+d/IQnOWPAFVeQGY9TwKszxmeYkZCr1qC/YRIoyMnsK1Ri97mdeuNxYc7Rn/CsTOOta1+pW1G/G5+ce3asZzxgVtEzbsPjbLVZhbBqmnWpomy30psqLNuylwwrqLCTzocZyVrjbZ8EV0Wj3AjmUt908Gn0FJGx5RzzSmPK1deMbc45qE+gFZ8xLjYy7qEL0HNZ8o29R0remi31l3cW1uORihs0gJbuNoBq1GwAJzVBBg9asRkseDWUjoSLkfPSpGB47Co7fnjpV+NQRzzUN2E0RIu1RnrT2cGUnn8abIMHPXFRBhuAFLcpE7kn6VAwBUfLznk1NjIPOBTAuX56VBqkLHF8uRTlOGx1qdAAvA5qs64PFQ2axQw8tz6050wmTSKvzcdKnkOY8DAqG7GqRTUUEZqXZg5xShCaLi5T4uI4ByMmjt79c0uOCQR16UAVB6Q2lAyRiil6AdKEITpSgc0oHFApgAqWEFm2h1QP8pZ+APqaYMDjHNA700gFXIPBpcY46HvSdB9acuMHOenH1piFUZPFKTmkHT0FOQD+JsD2GaaAQjABNOUngc4Ham8Z/GpEXPPAosND0XdnGPWnrkfjzTT8rbcdOKljz0HTHOKpICSAKThiQPYVetY93XvVSNDxgHFbOlW/mSIoBLE8jFbU43ZlUlZHc+D4BbadJMRhn+Rfb1P8AKr8rl3JboeAKekaW9ukKkbY1xn37/rUKKzsB3bvWNapeRxRXUkA2oWOPnpNxijLDvxmpHj3uVBwAPyFRPy+xfu+tcM3c2SNDT0V3Bf7gOTnvWuzKqsqEBR3FUNOiWOIM2fmGR7VBqt79nLW5UDI5YVzyZ0x0QeIL5RZ+THnc4zwe1ccz4bkdTya0blizAnOfes+5Ta52nGOcVNzObuPZ+gwB71e0pCJVIkCl8rllyPpislc43NkmtO2HlDLOcgZHGMGrgrszbOqsohbRhpAgnZMhAc8f4VneIrmG2J8hkZn+6o/h7UG4WHRuSfOK4z261yrMZ5CWJZnOee5repKy5SY6mtbSMUMrgEDlhj9KxJXEt2zOeMk/rWu7PHB5RGNgBb27fnWRPFiTf0U5Kg9cVc4P2afQxhNOo11LdvL0fCgA9xnmrAn3MXYsw4x7+3NZqSFuhBUdfSniVmYAKSTzgCuOx07D7idFVmAAcn73f8PQVRRt0nXG44OelTXQOWLlTggYFVNhZ+mRVoh6l6NHd8BWb5uOOv0FWXi2PIqsrlMZw3WodPMkm8oSAMBmPGParc0QhMm1iDsBYsOefT0FVyp7ivYqvhCTt5PTuKQQTna4jcjHXaauSFYlRY3MpVctgdPp+dUzefMY23lc9M0nFR0FGTkE7FlCltzgdPb2qCPKsx4wM095PupGTtPJJ60pGw7YQJGxzkdKzZoiQ280QxKvlrt3DccEg+3XtUUsyxrtA3k/xY6Uh3qCyjDsPy/Crei6LdarKFt0OAfmkPQUX7jSvoV7fc0qKuc/xMegFXo7f7RICFO122IMc12lv4SSCEIzsxGWkbpx6ZrH1i+stDik8uRZJYzwewNaUKcq8rRIqyVJe9uee/EG0Sx14RIFA8pCceuK5kVc1i+k1HUJbmY5dzk5qmp56V7sVZWFTTUdRcUbffFSKTgnaCP5Ux23ZIAHfApssYetJ096dR820DkKTxnpUjG8Y7596MUpyCQeKTFFxh1PTijGF6c0u0g4PFBGQDnmgBBn1FLilHHTv2pR1PC/4U0DBxn2xxzTTVma1aK3hmZkKy5wAwLDBxyO1QqoLAMcAnrjNMVxgxQO3T60oH0o24pBcFUbvmPHtSgU4LkDFPMTAnjkdqVhcw2L7wBGasbd31qAfKRWjCu6PevGRiqRnOVi7Zr/AKIhPGD0pNfnwkcIUcgMSaktc+QBzweKo6y4klwc7l4/Cr6HJFXqGYPYd80owOtB7U4gYHPPfisztEBx7Z4oxSjnqRSsME4OfcUCG96co78fSg4zyO1KBnjoKaE2P5IAA/EVJHGT9PWmxpyD1HtV8Ddjjr2FUjGc+UltUGwewq7FGQjHpmobePyxyOW6VebCDgZPSrPOqz1sZ96o8vj1rOLAuBWjqxEaKpPNUdNha4uAAMgc1D3sb0XaHMzoNLTdLGoGcACuxsI8zKo6LgVlaBZCNTIR8vYkdTXRWiCDLsQAOapu2hxy953JNSnEMLsCBhTj61yQLRoZJeSeRn+dbmpTebAGxlWbIHsK5XUL1Zp/LDfL3IpxVkYSTnKyFGZZV6kuQBjtV+eVTIyLjauFH0qnHcpEB5a/N0QkfrTJgSq8Ese39aYNXGPKjXJYAle1X7dySu4D6VUtYMnGKvxpt6CqIm0tiaWQEACokTJzUipnj9KsRQ57UbGLfMwhi7kVoW8BAFLbQbiMjCitKKHAzis5SOilDqV1TnHatCzi5yelJbwb3x2HWtW0hG/P8K1k2dSVyVYflVRjA61HdfN8o6dBV08DAqE/L1FZpmtiGG1yRuxgVe27I8L1NRQ5dgv51cVAeW+6P1pNmkI2IkiPknJ+9TSg4A6DpU+TIxPQfyp6AEgDH1qbmnKMSIkYqKQBN4B+8cVMZgbsxAfKq8mqc53XAwcKmSfemtROyRSvXSLdzhF6n1Nc80rTzknJJ4A9Ku6tObiTyowSo9O5qvsEUeBjeRhj2Uf411QVkcU5XZT1CXzG55J/kKzZI9oyTz6DtVycgscdKpyH2rRGLepF0qWHimAZ5NSxAhee9MuLLcJxWrZyYI5rHjOCKvW74I7UkanoWmS/abFDnLLwaWRcAisnwzc4l8onhx+tbtwnes5aMzZTPPGaz7tf7vfrV6Tgk1UnYEEf1qWXB6lBYstUypgAgH0qeJc8EVL5e0+tZtnShsC45J6Cr8bhQMiqagg57dxTwcn5TUsZJOcmoh1/lR2wakUZoKSJ8hoxwM0xBn19KAKcFxyOtZs1RKg4PHNMEe7dT1bbkYzkU5MYPPWs2bIg8sAccUoHFTkE0hQcVBoiErjrS7RUpXLe1ATueKlstI+JMcH603JzTjnIPagnnoOlWdQnQZ454owR9DQAM5pQCePSiwCozKSVODjFHTmlHA4yCaAKLAXtCisJNXtI9Ymlh09pAJ5Il3OqdyB61VufLFzL5BLQhjsLdSueCfeo+tLjAGOM1V9LAAB/T1pemMH64pcDBycUqgYOc5xxigQAZAPNKCOhJx2oHT68UEk89aYCrnqOuOeKcr8cjj1FNyR0PXrT41JzgZFA07EoG7HQ1NGpOOgHrSWTRpOjTRiWJWBZN23cPTPb61KpVnYj5AT068VokDZNCpYr0IHaux8HWmbr7QQCkI3/AI9v1xXKWqAt+gFel6Dai10aIYxJJ85J9OwrRy5IXOWq76FiZztCgdTUyLsi3/hVZ+bhVU8KKu3gVYo03Ajbng157ZCRXMrBcjANRSShRw2M9fpTXbuelUbkl9wXuc4rmnItGrNq5l2RQfu0Rh171HqcyXMvmAEAcE561h7iZB6Dr71r20AePc5+XbWTZtHUaEDtxj5R3qjciJS2cse2OK0iBEhBXAxgE+tY95827n39KlBLQaykqGXoTxjtitKxjkmjM8WXkXqDyPyrMtiPLw7FQTuz2qbcbcfIWLHBJHHXtXVBW1OaWprXty5t/Jd0lc4LEHIQDtjpmshSEbzSORyMDvU8Ks8R/uDknuarkGSYKvA6lj0UetZzk5O5aWgiO0pL7yqnmRm/OqMxeUsSTknGTV24lRlVIxtiXoOufc1CScKEBDD0HNJzk1Z7C5Yp3tqQIjRfuyevNTSbtmEyBjk+tVguHZ3bODjHX8Ku284iBeSNZT23/dH4VNhspYyPmY4701ypTjrnpmpJ5fNbcxyScAAYH/1qakeWGdo9z/KnYncdbXLxJhcgE5qxud23NuOffrSxRQxksxyQMjsM1NaxG4cP1BOM9BRzWHYv6VAvlZlbYrHHNZs1qUkPcdiR1HpWjqLw2EINy4VGOB71l3Wu2G0FGYuDwgHFa08NUqLmWxE6sY6ImiggJZrl5EULkEKCCa0NJ0h79lW1bzXdsFVGDtz1rJg1u3WVBLCki4xuXJz9a6V7kRxokL+SGHypGMED3I70qtCdL4iYVostQ+ESL7yGuoXIY7lik3fLXZ/6BoenZyII1/U/1NcxpGpWeiws+oON8mME/ff2ArivFPiKW8uJmc7hkhEzworTDYKVZ3noh1cYqcbQ1kzqfEvjKGON2hkwhHCg8t9a8k1rVJNQuC7Ehc8LVa7uWmcljVQnmvXUYwXLFWRnRoa+0m7sGPNPiUs3y9hn8qYaAfUZpnUSlsIVwOSDTM9qcCDgEjHYU0jPpSEgOOwxSA8jOcUvAPPIoAGRk8ZpDEB4wenpSngmkzg/0pRyOTx60DAnI5PvS8qmMDa3fr0pvGTjOKVVycDk80gDHI/OnD9KQDPfFKODTETswwFHTHUim43KFVDu9adCFydy54wOakSFnI7Va1M3JIgEZyeMGnhAdo6n1qUvsYqF4HXNTwoGIyMA96djNztqQxwMHXIwDT5oSjbsHmtHyfkCrggdDSmDeozz2o5TD22tzJEIMRbPQ1p2a5t1zgbeaZ9lKyFCOD0q8YCluoXJLHApJE1KqdkOt1wmSOOtYN6xeZjnv0rqHi8m3J9BXLuS7EnAP86piw0uZtkBGDjFLgBc9804rzzRjjGO/pUWO24wdOaAOMZ4NP5wFwMZz0q1FEjQnJGc9cUImUrFQD6E+tWrWAOBz82eB2q1BZxkhSeaeSInKoOB1wKaRjKpfREsVkqSZZl2j0NTosc0yJEML3NU/MeQjLHA7Vs6Pafu2mI+9wo9qtHHVlyq7eohCQgbgCccCo4f30hLDCDk1NJAZrhtpyF6Yp00ZCeTH1PDVVjk5kYl8rXlztQZA4Bro/D+mJGgL/d6k+tFhpuxvmGT3NdPY2gVVLDnsv8AU1O2prKo5JRWxPaRfLuxtQdBUN/IZXS2iPzSHBx6d6ffXsdrFljznAA7/SqsL/Y7eW7uRiVxwP7q+n40JdTKcrKyM/xbqCwFYIW5CgD/ABrmLOAl975x6mrUyvd3TXM4Jycge1WETPHSmCkoRshqoCxfHzdAPQVZig3H39TUlvbs2CM4+lacNsAASMeg71WxjKRBBb4UACrKWrdqv2luzdB+NaCWoGAcGpcrBGnzamPHac9KtRW2CABWstsO44qWKAKOKzczWNGxXgtwoGetWDH6flVlYgO2SatwwdOM1m5HRGHQjsoCE5HWrW0xrx3qZVCLUghLAZ61m5GyhoQxDOSelN2GRwFHP8qstEQBGnXvVqC3Ea/7XrUuVi1Tb0IYoQi4/M0123HAyFFTzHPAHHemJFlsmlfqaW6IjRS+ABhfSpMCEFm7CrKJgHbVW8f5COAAPzoWrK5eVXMyJmWd5G5L9Kr3tyo3KhwzdTT7iRgpCHk8Z9qobHUkIrEnqxreMepxTm1ois5WMYI25HOOp/GqcoaTttUVbeBy3zg/Ska3kYABTj0ra6OVpsy3UcBarPCdx3Ct1bTbkt1qCaJV7U+cXs2zG8vHanccAValTrjiovLC9BVXKjBoEGDVlGwRVYgg5p4Y7s0G6Ru6XOY5VYHBBzXchhNCjjowzXnFo/INdxocvnWRTOSp/SpntcmSFnXk1VkXJ5q/cIarBMnHasrlRQ2NNsYPHPv6Uh4IxkCp1X5elDR/L0qGzZEH3gcUZwTj8KmVcZPHFRtxkY49aChI1yG3H2qdBgcU2IcE44NSdSAvpUspD4yM4IzU2zioI1O7tVxWBxWcjenqQOORTgMVIV4z6UzcOeKhmqVhacFBWmL8w69KevXioZaBFAOKUjtTzwOnNNPPOKixoj4fkG0jBB7nFNHXnpRg0vLE+wrQ6QyNuAOe5py4wc5z2ojHzcjI74OKVR74/GmhAR2NGO9Ko5H9aeEy7BRvC5PFUBHxj370DP4U/OQBgDAoGdpAJx1NIBp5A5z7elA69aCO3OKXHvR1AXtnvTj25P40jYyTyB6VJbIksyJJKIlY4LsCQvvxzTAZghiOOKcvXH86Tp/+unAfWgESpx16HnFTxAHgZwO9QKAcc1agU5HQZq46iloje0CyNxdxRKQ25hkjsK9KmIUAKAFAwB7CuR8F258x52H3Rwfc11M78kUsQ9onHu2xiqNwYg/NzRcsSiqAKlnwojGR90Yqs4ZyG/h6VxVNHYqGquQTOSAB0AqFkJic9gOOOtSCNmlYDBIBJ5pUQiNvlOTwK55XLRjSDa4A9eBW9bACFW7ADLVj3kTRSkgf/WrZs3HkKG7jkGs5GtPcgZ2kZsAjHPSs28AKFuBkYrXuWVEOOT7Vj3bBlOBn0GaUQmR2gWFAzAEn7u4dDVy2eC4kdrmZkdslgI8r+AHSqaldgbk8dDTYXwTnBYHI966ITt5nNNNrR2NIXVv5O1TKxBBO0bf1qtdlvtG14xCpwWjznA68+9QwMVI34ZQeQBjNPlLzSSyyAhnYnJOaudRONkrGUINSu3cjnkjEjiNcIAMe9VhIVLkALvGM0sxIBQcY9utQlSQoH1z6Vzo3CQAcHk459qkjjDqzOxCIMfX2FJJAybWkDDI3D3H+RUiKGjAIGepphuQ4xxjGPelwEXIwSeAatNbBCMkAkZzn9Kkit0mnXaDyMBQO9K4W1KMAMj9zzngV1OlxRxr5e/Ep+YHHA9sVasdHWGFWlUBpGwD6DFOt4rZS77huiJO4c5FEPfkkEk4pyOF8e373GsG13Ax2w2ZHQt1J/XH4VzO3By4rX1a9juL55o4gCxzkjr71myku5ZySa+jUFGKS6HHTnKSu1Y0NFlt4bnzLpsRrz0yT7Ctm68WGNWj06AR88SPyw+grkyMkUqsBnI59KmUU3dj9km7snnupppfNmkaR85LMc1WuZmkcs3Umm9frTZDuCjCjHfuaLm0YJO5ExyaYaftJBP4Uh57D8KRuhKKD7UDrzQMdjGMg/jTn4x16dTTkVSrZLZA4wM80zvQTcQCkp2c8Dp6UhxjjOc0hifXtRS9PrR244pMBAcc/hQPalPalVcnAFILguSKlRVxhs57U6CJnkAAyfSrNvCsh+ZsDrnFVFGc5pDYflXHc96mXAIOeMVcZbaGPAwx7Go9kcrYXA4rVKxyOopa2Io7Xzn3jHritCGBXXB4K9qbax+TtB5q9FGrSow4yeapI5qtXzKUZ/eFOmOmauxRAqe1SXFoFJdevrTY1JXI4xTsYSqcyuhyxBQSw5P51oRWyCNXYfcXj69ajto/NmRSM5IzWhfOI3VFAw/WnY5pzbdjLu1zaSluPlNcgynJxkD3rt75AICG4HWuTuYwZfkXCnpUyR24KpoyqmNwzx2zUqxjY4LHI5HNNKYkwRgj0qwUZIenLe1Qd8pbFfywDk8+lPGRGR0FIcYAHXpT9jOwT8OOlIL9yQBgqnPSkH7yQuxwD61OyY3d+McVJpNlJdXSxLnnrx0FBi5JJtlrR9P8AtEhLZEY6n19q6CddibYxjsAO1aUdolnbJGowxHH+NJDFzwvA6VotDyqlR1HcyliaFRGg/eH7zHtVi1ssZOMk962YbAABj3/WrSW4QZI68AUnIIwvuVLW2Ce7dz6VJe3MdrDn1446sadeXEdrH833vT1rAvtSW3cvIFmujyqn7sf196Er6spyt7qLkMDvIbzUOABlE9PrVHVJ3vGLMxEK9B61SF3c3Lb5nLKe3QU9d87BVBbsMVZm3Z6kCsWbgcn9K07Kwd8HY2O5I4rR0vSkiUPcKGfsD0FbEe0YUY/DtUuVhqPMUIbJhhQuSPbgVdg045zKfwq/EDtHloB7kc1aji4+Yms3NmkaMSuiJGoUDn0FTIh7jFT7Ao+VefapUj7ms3I3USJFPanrHnk1IcKOeKkiiaVhgYHpUtlJDYIy7jaK0Ei2cd6khg8pfepwgBrOUjohT7kMUOW3NVgJ6U5foMUjuc4FZ3N1FIEVVOe5qbAVctUKAj5mGKPmkfPUUDWgMN3PAHrTGkCj92N3qT0pbiKQjDAbT0GetVrjOCGwigdqpK5EpW2FNxhGeR8+lZk87SE47etWdhkXC4YDuecVC1uRnzG/A9K1jZHPNykivEAclmVmzzzTmXnjB96SaKP/AGAPaqsixDlZeR71a1MtYkzAA/NTGORwapyRJKP9aSfTNVp7aSPJikOPTNVZEuTXQuyZP8VU5c9MGq4uLmPG8bhTVu3P+sjwucZos0HMmEiZycmoGUjpU7uMbhyKrvKp68VauBWl3dBSI7HGelSO4J5pvp3qrjTLtqcd667wtOBcGMn74x+NcVCeeK3dHnMc8bjgqwNN6qwNHdzIOarFMdq0GXeoI5BGaqyr1rmuUiuVyeOaey/JQMA+9OcZpMpMqPx0pjDPUVO8ZGehFR7DjJHFMdxVHA6etPUZHFMUc89KnjQZ5pM0Q6FTznipiOPenwRgrnNKy7eQKxbudEdEQEnGOp6VE7EDng0smWfPSo3PTHSiw+YcjE8Dj0qyvTPpVeLAX/aqwvSpkaRYbiafj8qQUoHHrWbNUfDrDpzzSopY+1AH41seHdafRZrl44IJxPC0LCZAwwe49DWkUr6nQ21sZOCB+NAHHFOdt8hbgE0DkYp2GhyMU9OQRyM0mdvQnkc0HsPwoxxkD2zQAY/E4oxxngigdcZFPChgNpy2SCB6ULUQ0knHHGMU3GCPangE5wM4GSKaTuJz+dFgAksxJxknPSnDGO9Nxj3py9sDNMY8AY9D/OnAHsKB1Hygd+BUir36k0DFQZNXrVNzAf1qGJVwM8duladhFmRBkdegrSmrsipoju/DMPkaYh7uSfyq/OeCR0ziktkWG3jj7IoGPwqKVyQMGuarK82zmS0QGZpZE3+n6CrLnzFJUfKBxWdE2AN3X+da6KFswfbNclSV2a042RlbgN5XqeOafJI8doozk5zx1phfewA+UEdPSmkmSXGcgd6ybCwzViwtYi0Y82YZyD175qbSsPbozk8DFT64sctvbbcAqRk54GarWISN5I8kqr4Vh0I9alq8bgnadie7HJZemOgFZjxiTC8AA5z6CtS7OUwDwe/pWWAcnPBzSiXMhQKHEZPyg8tjtUTttdtgGMkAn0oZtzsQeppinL9cc1ojBsu2KrvBLHIIz8tWblAtukkKtleGGc8noazIJ/LkO2Tbk4BPQ896sW9yVyZDzg8Hj8K2jCNtTmlOV9Cs6Ebm5xnqaZuxkyYyuOh9aW4YNMxUbV3YAzkGoS25lUEY5xWLVmbLVFhbkPDtIyQTz1P0/wA+tPWMsVx3OTgelQLHlhhgw9hWvZWvzLHJvSZs4z2Hp+OR+VJlpFbeCHyvUAAn0pYpWij8wpyc7QDyaztUu3gldYSoKnluuaFBubSESAJtU7m9QTXXDBSkk31OWri4w1Ne3nlu2XzJH44B6DNaAhSKdJomwhG2RQc7hjmuSGpBWCxKqoox8wzmuotj5QEcqhQQroQevtWeIoOi00XQrOpH31Y57UvC89tdSLg+WOUI7jqDWUbHbF907ycc9q9J1mZG060kLfOQY8+oArhtbkZY2ePIZjgAV62GqOpTUmcVVyjV5LmPOlrEygszkEFwoxgelUZdu9mjBCE8Z9Kv29i0g3SyBAwzyMmobmALnyw2wetatHRCcU7XKjMuzG35s5zUe0+nFTeX/wDWqaOMtgYwD3FRY350imIyQxGOPf8AlTGH5Vfe3Ib1qFomPQcemKdgjUTKm004pgep71aERQc4Un1qMpg4HNIvnIhnGO1KQCOmP61LwMYQcHv3pAxGdvDH0FA7kOM8mgkuSWOeOpp7DJ6ZGKQLyKQ7jB60AGpWUqxHcHtU9vAJG3SHCdzjNFhOaRWRNxAHU9qmjgYnoc1JtCkbanjB25JyT1p2M5VOxXJZHJ5yKFZ/erRgDIX4A7e9JHGSQvr6U0iHNWESFnUAnHpnirlvYsCrE5FWI4MBTLwex9qsGdI0I3A/StEu5xVKsnpEjICDDHIqzDKEIAwarTkOgZecUy0XzJACeM9KsxtzRuzavXCQZ9RxVeAb0BFLqrfu0X86doERlk2n1o6nPa0Lm5Y2gjkDY42liarzxiS6yeccZ9K2vLKW8n/fIqjbxhi5YYFCZzSb3KF6mYW3DK8cetc8IVjYs3qcA1u6xOsK7cEseKwWky5Z+PSk3c68NGSiRGHDeZJ37VWuZNxyvXoKmkZpGOcgdqiWMFwoBznvUnoR7sgSFmb1PX6Vs6basUVXGepA9KksrDOHGfKHcj7x9f8A61b1mir8uMufbpRYwq1+iMv+xi78MQo9q6DRtNFsrMqjnkmtG1t1RA0mMfzqwY2lIUDap7DvSOaUpSVmUZWDPiMZJ6sf88Crthabvnb7nr61bayXKhwqqRwg/i+tSy/KmwelJsUYW1YyJfMdmUfKOBWXqlwqT4Vs7B29aLrUPLdYbdxkA7m7CsW5vY1chAJG9T0qow1uzKdS+kSHULx0bcTumboOu33rHjgZ5Nz5JP5mtNUkuHyx4PJ4HNa1lYoAC6n2GOta7Exny6Ip2WmtKisRhK17S3iiHygelWhaySkBsRp2UVftbONOANzfrWcplwg5FcQSPjOFHartvapGN79PfvU4gcEZIX6dal8peuCx96xcjpjAjVgSMLn2qyg45GKQI2OBinLA57mobRokx2QBQHJ4QZPrUqWnI3ZNXoLYLyQKhyRahJlW2s2chpDWnHGsYwAKcq4HFHAqG7nRCmoikc8daUUgPoKUYzk1JqSLycCpo4kUEty1Vmm2DsM1We7c5CDd70crYOajuXmQsWaRgF7AVHJcoo2R9vQVnqZ5WO9wqemalcKgwHP9arlM3O+yCeZwpJKqT6nms9D5jFpg8h7KvSp38ofMx5/z6003kacIuPqatKxjJ3erDMvIEaRrjuabJwVDSDbjqDUE9yZSTuXNZ90ZgnyvxVKNyJVLbGhMIHQqCHqhIIoxtRBjr0rMe5cNgkg0sd0WHXI71ooNIwdZSexed0IyFG6qdxM2dwHfoKQTAHAPI7VDK43ZU8U0huVyvcTTAggHHaozcScgnkdj3pZbkCTY/HOKZLtkGPatLGSbvuBnUjGNrd8VE5BY5INQlGXgjK5znvTUYjOcHtQohzjzH82QxqVARgjkfyqMPg8H8KCx6qaC4u5cTDDI/OtGzba/JrEgkOc9BWlbycjPUU0atHqOkP8AaNLgb+IDafw4qZ4OCTWb4Nn82wkT+62fzrbfp0rlnpJoqOxmyx5bjtSmIGPP8Xep260xh3oCxXWPcf6VO8QS3wQOuafDHmlul+Xvipb6GkUZ82C7FUCgnOB2p8OCR1zSMpycUqDDZzzQ9iluXQdq44qKYg0pbI65NMYehHvWdjXmIyQEIxyT1qMjjsc0SZz35prcAUxpjkBz0qdeOvWqqPk+lSK/pnNQ0aRZYqYxlF56moEOMVbtla5kVPzPpWcjZO58MHpj060ADODwO9OkYMqAIqbRtOO/ufek24we3StGdQh6n0/KnhT1A9qTjOB0pwzwBmmkAh5BzndnOc0nUDBp5HJJH6031zgY9qbQXEwc88GnKRnkZFMyc04dv5UkAHPXt7UYySSOTTmBU4PFI4xgZzimwAD3pwBHBGKsvaFNPiuvNiKySNGEDfOMYOSPTmoATnLc80bDWo9Af6ZqdAoPIzg1CpO7d79uKsxDdw3T1qrFxVySNctkA/gK6Dw9b+dfxR4JBYZrEjYgnHygntXWeD4SbhpTyEUsP5VpDS7MsQrROjmkwT6E9RUMjEjPQDildsMB6U66QJMyDopwM9685sw8hsURLqSeQP0rUBXySO2KzVbYST0OBV132QscdcYrmkbQKbx+bJ0YFRyRUXdSQecZq1bpI4JIIBzkj1qXU7XybSOZW2lDjB6GobK5L6lO/wD9Qw24+Uc1S0pzJDs8wnYfunoBzVmQ+ZDlmJZuDmsqAtaXPA3Anke1XSXNeJhWfK1NHQ8YbgEg4ArG1E+TKzdN2eKti9RFV85LdR7+lZl1MLhlO3JHUVTw9SnrJaE/WadT3YvUh4QdTnFRsfkJXGQOeaCcNgHj+VJITgnPv6UiSBmBIGDnqc1YjnLyKxAO7gg+vQ1H5Jckr16/SrFjbF5Qg5JPBpc1gtcSRWyAeFHOatWUIjkWSVN6Lhtu7bu9K05bDexfbuHqBwKo30y2tsCqsLgggbxwB6itaVGdV6ImdWFLcigjdXiKKAd24sRwPerlgtyL9JTNh1JG8ruyfZe5rnJLudlx5rfQdKmjv5yxdiWcnJJ9a7PqLtZM5/rVnewt1a+ZcMzsXVWyTjHFNvJSLZliXgfoKvQC4u0AdsIOSxFVr2SKNGjhUEHhnPU13U4uMbM8+clOWhjRkmQdMD3rqSGLxXkzNISFwqdMZrlmDbjtUjJrovCt4sTyR3ERZGwqndgA5rnxNNyV1ud8KijubmoXiS3VrZ+XhYI9zfU4OPyxWNcRpPKQV3bTwK1dQto0Mt7Gdzy8Mu7O0+1UY9xyEGM1vh4qNNJHn15t1Gym9gzchfyqJtIlk4VRj1NdLpahMhwrDqAB0qecDkqMD6Vre5j7aUdjjpdJWEHcdxFVGgVORXVXURkBPb3rIngjGeSx9qTiaU8Q3uY8hbGOw9qpzMRwCcd62TayO2QmE96ik095DkhVA9DilY64VorcxGU8E5xQsbZGByfat0aeigFjk5qRIbdDxgGjlLeLVtDDFo/BIwD3qBkO8g/nXSvGjAEjr0xTHhhIAMYJFDiTDFvqjnliO0cZ5qT7OwUkglemcd62WEaJtjjA9aPJYhUZ1ZR/dPAo5TT6w9zHhgZ3H8qurbvtCDOO9aQjSPIAH4VBNchG+VcZ607GbrOb0GCwCgZwc880fZlV/vZ9hUyOzoCFOP72aWN4oiSxVj9aLC55FcxhpQrDCgYqVzHAgcLjHpVa6uBuBQnJ6nFVEZ532EFhnIA70r2L5eZXexLNfPKSATj0qxZ2xZd0jZHXFWLPTDjdMNo67RU8siIPLhXJHcdqtJ9TCpWj8NMhcogCoe9XNJtS8wbB2r8xJpNPtDLMPkyTxk9BXVW9mIolQDoOTVHNOdlZGJe2hlkJPQccVf0GEQy5Pbp71LIV3kDp0AqWygYsBjDN+goObmbVjWz5kfzfU1QvJRDG5UDpx7VanHlpx0rA1G6aR9qgbB61KKavoZOqsJ3JLncDjgdqy0Ric84B+tXHDbjtO4/nU9racjeeepVT0+po3O2ElTjYIIUdEUJ06nHP51Pa6cAGJPyZ5Pr7fSrUETEkNgL/AHF6/wD1hWiiDaDLhV9B/SmYTrPoVYYnZhswAPuj09629J049XHX170+ygBCsseB6Y61qRo6DMrYz0UVMmTCPNuBtgv3uT2pwZbdN2CT0AHU1IWBI6ADrWVeagsTERgOQfvdh9KlJsupOMC15vkFpZ2zI3/jvsKw9S1OSQsqsUUdQOtQ3M8s0hK5z69hUCWbE/Pkn2rVQS3OSVVy0QtjC8yzFe6N1qSDTuQWGa2rK3Szti8i/M/Cr61bgt2k5I2jrSchqDKFpYYx8o9ga1orTZ9/GfQVPbR87YwW9604bToW5NYyqHVSo3KENsS2eg9TV+CEL0ANWxAAOakjjAGAKxc7nZGlylUwb3yamS2AHNWVUKelPVc1DkaqCIFgUVIkQHQVP8oHTmkJY9BipuaciGhcdakXPamY9TUi8c0ikhdpPekAA60yWVQOtQfa4wSAckdqaTYnJIuEgCoJWfHAAz6mqzNLMwyQq+1SKgTqdx9zTSsQ532JEChSZDk4qEzojfKgpzMCPmxj0qEyKuQsSgf3qpIiT7EqzNJ0QAfWh43OeR+dUWmiU5OSfrim/bFHG7A+tO3Yjn7j5wVPIyapyNGT8xANOe7yvynd7iqlw5kGMjOe4q0jOTT2ILhjGSVP0xUf27cmJM/UU1iSSsh2sOlVJgCQDkH1Faqxg7rYjuLoFuRkfTmqZlKvuRiKluYyg3YyD3qlKcA1orHNO6ZNLdF85yD2qFb9sYJwRVSV/eqc7kPyeD3qrIUZNm15qzrwQHHT3qN5jnrtK8VlwTMBkdRV+RhJEGB+Y0rWNUSrdBmZW6g0r4KgqetZnmFZATwPWp7WffGATyOKZThfVEkrlTuB5p0c/HNISNwBwc1A42ufSmaQWli8r45FXrd84rLibK9at2r9B6VJ0W0PQ/Adxi6eIn76H8xXXz5BrzzwhP5Wq27E8FgPzr0mVCW+tYVlaVyI7WKIX5uaRunFTyrgio9uTWVy0iW2XC9KJwdhAHBqaAYHtinTx4TJ4zWTep0RjoZDoc8UBcnrU7gA4zx600DHOadwsNC4+lNNPY8e1RFufegNhrnA5qEoWqfbk/Wn7BgDvSbLiisI8A45p4T5hzU/lngVIkXzAAVLZqokSrtBY1bti6AlDjcOaYI92Ac4qU8D5e9ZvU1irHwvz9aVeo4pR/P3pxx/Dz9RWqR1AV9OeO9IOD1pwHVScd6Vzj7wGTV2ENJB7DjjimN1FOCnk54pG561LuCEA4z7460p65JzSKpP0FPjTccDnmkUJ/F605R9aBnr36mnEg44AwPxqrDsIATkdutPXlsHHX/JoAx0zmlQHOD+NFikiV0CyuqsrgMQGHQ+/NWYEBIBYDnr6VBGvJ+varAU7sYxWiizSOjJo1+YgDOOldv4TTZY3Dt3IWuLthhgSeld7oCBdHyP43PX0pz92DZhidUiZhhmJzk4xTkGZAW45pjljITnBHQ1NdSI1wzIMK2COc9uf1rzL6HN1Ii3BbuKsRp9qKlWO3HJH8qka0VNKmmcrvbGB3AqPQ9wfbtBRh696mVNpXHTqJysbccSLFHtGOM1Frqf8SqXAyeABUsxKvGjAjJ4564qW/h+12bxcYYDFcsjrW1jjw2I/LPUcmqk4WGTcB74rRNqwkY7TjoSOhNQzWDzSAfxHqKa0MJJtFBoy8vCkEBuPpVebegGBg9K6q3sdwbIwQo/Kqes26KyFAMAdMfnVuo5aGXslHU5snofmz708hhkdd3HPcVYa1dmXaMLjtSSwP8AJ6jigkiiU7s5PDY4roUijtNMjkbiZsgAjoTVWxtFRfNlYBAMgerelP1K8e5ZPMHyoMIg6KK6sLhXWfM9jnxGKjRXKtyS61BobC3iVi0+DkDov/16wpo3uJjJIxaQ8sTVwQF+SOTV2CxwBkV7ahGKsjxp1ne/UxVtRztXPvV6000Y3vwg/M1r/ZVT+HJ7KKvw2TNGM9cenSmR7VyOeuiSApBWMdEWqZt/MYbhgdeBXTvpo3EvjPc1EbeFMhASx9etFg9rY5aaAKwAjAz91fWpYHitQHkI3HoFxzW6+kebhpGIPtx+tZt/pdpEAWdyVPK9SaTNI1FLRhaalNcOSUCxAfKQPy+tNOpCN9qgIScEkfzNVp3B8tY3K44+X+EVg3jEzFt4KA425zUuyN4UlUfY62LU3ZzHEEi77zxmtCOdRGN75buzHrXF6dcr5yofkHbOTW4Yo50wxZuemaFqZVqSTsXbjUbVG2GVCfbmmrNFImU2kdc5qFNIifOEwnerNtp3kphFKqT+P0p6mLhBLQptdIWA2kntUU0qxIS7fMemOc1p3Vs5UiCMZI+Zm4rMXSmdsyMZOedvSgqKh1KUwd2VmcbWGR7UipEoBkbJ7L3q7c+XARHGPMmPAVe3uaa1v90NGZJOpwMD6epoNeay1K/mqeI4849aI98rbiqj3I4FX4tPmc/OoUf3R0FXFs0TAcjA9s1aRm6sY7GNHZPPKTkkHv2qR7FoVygJHtW7FtiIwo6cZpZGjL5flj7Yp2M3XkzFgsnk5finSWG7O0/pWw0SrAkjPGd3RQ/I+tZN4ZycICi9cnjNJ2BTm32KjacxU7pmA9KqPZKp7nHetKBFGGkLSN6DpUvktK24rtHpSsa+2lHqZC2PmnkcelaFnYR2zBgMt6ntWlFbYwAM1MYlTlu3ehJGM8ROWnQoSQvJ8oJVO/vUlvYxgjkLk8k1YGWVto4ra0zTVIjeZdzgZwelNuxEXJ6IbY2Kxsp2nCjIz/OrF3+7hLDjIrS8oKpJ6Csq7fL9N3Pyr6n/AAqU7mklyozkR2ZeB5h6D+6PWtq0RYIizn8T3qvFAsKmSU9eWPqaiuJJJBlcAY4ycYobuStCLU7rc3UKOmBWBMN7gDJz2FazWxf/AFjnnsBkmrEVjFGmZeFP8Pc0bAp2dzFhspD8ltzIfvSEcL7L/jV5YY7SNYoxvmH8XofWtArNJ8lrCUT1xj9at2ekcZk57nHf8aNENuU9jHsonLYRd8h6k9q2rLSskPMdx64PQVpwWkcS9gB2ptzOyoVi+Un+L0qXK+w1BR1kTDy4F5Kg+pNVnvLeNt8smM+vGfpWXJKxcsVaV+xPQVWFlLcSeZcEknsKaguonWb0ii9d6itynlQAhCc4Xq31NRJaNLhpB9B/9ar9lppRRgBV7kjmtO3tUXkLn/aP9KHNR0RCpSqO8jMt9NIAHU+g6CrUVnDAdz4Y1fZGbA+6voKsQ2oIDY/E9azdS50RoJbIpG3a4dWK4A6DoBVyKzUDL5atCC2OATwKsCICsnM6oUOrKttbYHAxV1YtoxxmlAC+5p6hieBism7nVCCSI2j5604bV+tSGNu9MCDNK5VhBk07AFRtPGrFd4zQ3zLlTk+tA9BfOQHGeaRZg5+UGodip80hB9qgmuBjoceg4FNRuRKdtyzLdRJkE8+3NQSPLOB5beWv6mqod2AWNQB3NTE4UBicf7PWrUUjJzciTzEjAXeSe+etPihY5ZY9ue5qJHKr+7VE9z1pssmf9bKT+NAr9yxM4jXG5Qfc1TkmYJu81fpUDy2u7lh+eahk+zOCFk61SREpN7A945yFZiB3FRLcsvzBzk/3qZ5YGBHODjseaglU5ILZPoorSyMG5FmS43ZJKD0z0qrI/mZBZF7cGoplkRRnlfSoJPLYEspz7VSRDk+o5JTDLjcCwPrwaupdJMo2ja4HIPUVjSTDaCg4HBz1qPzY5HVgxRgOopuNyFU5TTlnXcVyGI71XkKuNyt07ZrNuJ2D7mIA7GmC5aP7vIPXinyj9rd6lqdyy4JqnMAVBWnu4fkEA1ATjqapIiepUkOc1UuCCmD+dWpOtV5F3AirMYuzK0UjJJg8j+daSy+h4FUELRNuXGR61LGxbcxpM6U7kjsrEq2cmoC7xEAnAB6gVEHLEkHmpZB5kO4de9I6I6aFq1lEiKe44NSSHcMryR1rMs2Imxn5T61eTKyDj5T3oNJRsye2bJxV2E4YGqCLtbIHU1cjfGDTuUjpNJlKTRuD0INevKwkRHHRgDmvF9OcBhXr+gSefo9q/fZtP4cVhX2TFFaj5OtIievep3TmlRPmGa5WzWMR8UeAKWdcqSeMVYjwBTLkDZx0rFyuzqjHQxJj8x6AVFk7SalnT5uM1GU49626GGtyMksDjNN46k1MIzgelCx5PTFFx8rCNT16VMIwAD606JM9Rmp1TLgdu5Pas2zeMSLAVMAcnk0+2iLuO+TjilKh5O2Opqe1bY5K4yOcmobNktRs8YjYrwcGqsmSc81bkyzHHOTVa6QxnGeeppIbZ8NAZXOeT7UL+WKEAJxnA9fSnALwWJz6AVubiZ4zx9KDgnPrSjnjHOetKoGQGH1xTAfBHvcZrTutGuo7MXPkMIWJAbHHFVIHVJNyDauc8nPFd5qHjsz+C4NBEEQijYuGC/Nn61tFKxjJyvoeb5IXbyBnJFAyD8vFPcguSeRSrn5ucA9axa1OhbCA4BAJwetKFweO9Kq98VNbwvKW8sFtqliB2A6mhFDAuR0p20glTwc4pTgDgUL146VoUjR0a6istRt7iW3SdInDmN+jYPQ1PqVxHfalc3MMKwJNI0gjU8ICc4HsKzUXnir1pEDt3HaueT1rRSb0KjDW5LbrjgnqcV3eljbpVso4yGPP1rioQCcHHXuK7eyX/Q7YZ6xg/nWWJdqZnX6A6naCf4qijVWniQngn5jV2d0SFVJGVPAx1zVbSwZb/nGFBbLVwpJRucNRtvlRau2eWDY7EoP6dKt6VAsX2bPGVJPvzVa+lLlgzHBOAB0HrU3mM8sCg7SFwOM96qT5qLkzGmlCsoI12XfPnPTnpVplBxjoahhQqq92xz71InOOR07V5zPWjsZwtP8ARpEJJZWPOMd8g1WWLIIK5ZemPetaRWAYg5OOnrWb5sgmCpHmRiScnAFS4t7EOSjuE0bK6hWH3cY6elUbyMSsp6Z4PPTil+1TLI7S7sE4TPT6VWZ98gZjzXo4bBqa5mzyMXj3F8qRaW2SONNrFtuC2B/FToYLXhpThucnGeTTrMI8qrNIyxM3zlRnA9cU10A4Xpn6V2rBU+p5zzCotkiG6CSYWMHy04X396pfZixxjJ/lWosIXA/ibmrkVnhVZ+B0GO/4V1xtBWRxuU6krsy7aywQAMmriw+WQOGfHLHtWi7JEMIAG7nvTbeMcM3A6073Fy9CGC0y+SCSevqa1JFjtYPmA3Y4FQq23JAKqen0qxGqsoknIEfYHqals1hFLYw5jI7E7T9ccCmQWzLksu5j7Vu5DnEcRx70JCx9M0+cn2WtzJa3mkGD8vtVWewUghxn1zxXQGJAfmccds1V1AqkXyjGf1oUh8ljj73ToGVlwAO5zgVhTaZA0u2Le3+yDXS3SPcOQzNjP3VrS0rTArBmTb7d6p26mlOpJbM57TfDwVAz/IP7uea2rTT4ywSNe/U1vmyLkJEAAepq7bWSQJwOe5qHOxTUpvUy004KoUAM3fNJ9nSNvu7m/SteSPJwBhfQVGYccn5RU8w/ZpGK9k0rZfn/AGR0FJJpsZUBiQvopxWs8b9I1/E9qgkgfdmRj14A6mqTIcDJWxtYN3kRKpPUjkn8TVWXy0bCD5vRa2praQ8LGVX34qjPZx7W8yRlB4wmBVxZjJO+pkTTsgO4iMdMdSagAmf5kQ7eu4itIQxQnEVuCw/iY5p+64bHAX2q7kbbGOba8kPCufwqOS0nU/OAvuTW00c7dWb8KT7NIx4UZ9T1pcw+ZmRHaspDv1HTNEkW9sscn3rW+wueWPNPW0A6Lk+tTzBqZsFrnHy8VfFuEHzdq0be1AUbsUS26swC5NS5alODtczgjMwWJBn1pr2MrsSx46VvWloIxucc1YFuZ3zjCjoBS57DjSZm2FgAigABBznHJNb0FuscWAMYqWK2CAbgCRUjIT061Ep3OqnR5dWZt3zgAHHYVXFsEy8v3sduwrTaHaST19apzKzeyn+93ppkVI9zJuEknfOCFHCgfzppj8vAVS7njJrUWINxnPvVlbbZjCjd2J7Cq5rGKpOWpQtLRI1zIvmS/oKsrGM5CqD6qP61dW3A+9TxbM2SflUdhUORuqVkUwgU/M3P51N8wUbYy/uTgVORFEOBz71G0+eOfwFFx2SIRFPIcuwT2WkktkHX5m9TzVhPNf7qce9S/ZXfmVsD0WlzWFyJmb5K52omT646Vbgt1QAuMtV2O1AwEGKsxWwzjGTScy40irHAXIJBC+lT+VlunA6D0q8lvjjvVlbYADNZuZ0Rosz4rcDkjcauRQ85YfQVZEaqPlApjMF7jNS5Gqp2HAdqXGeAagLE98UvnJGpLHmpL0RI2EGTimvcFFzjis+TUFEmXPX26VXuNWjK4jyw+lUoMh1Yrqa6X/ybpF+Ue9VZrxpPuR8euayhfSuPkTA9+lG+Rhl2Az2zVcljN1rrQvF0C/Ow+i0C7wn7sAdvWqSrzzlqsKMKAQB7UNIFJ9BWnuHPZfem8A5c7j70yW4jjB3ECqE9+mDsOfrVJPoZykluzQafGQOKikuo05ZufSsZ7pmblvwBqCV5X+6Bx71agYut2NeXURjAAqpLds/UkfhWcAzD5mA96cJDEoIO7PUVfKlsZucpbkhk3H7xJpwBOD2PpUARG+ckgntmrfmgQ7SxA9KbYoxvuV3kKng1YtrhfLO0sW6EVEY1f+6R7U0W6qcq3Xrg0m0NRaZZa4YjleB+lUpGySQe/pU0suUKAiqJbYTnA/GhBNXGXSEJuJJHqBVLzQ2QCQau7sD+8D1FIILYg43oT6GtE+5g4djNnZ/LIDDrn61T+0HeByp7+latxbbEJU7gfesyWFl5UcH8xVJoa7MkWZkycZ9qWG4WbvzVScmSHCtlsVQtpxHL8xOBQaQp8yNmXmoW96HkwQMg5GeKYXB+7yaZg6bTEXBcA1A7nMu04UD8acJV38n5ulRyviKVgBkjFJnTSjZ6lKOYpJ6irccvzYJ+U1lg81LExBqbnpOki2rGOUY6A1prIpADdRyKzhl4yepWp1+aJW7j1oE43L8jHAI9asxMGTNUYCGGD9asQMSAM8UyeWxuae3K1654JlMmj7P7jkf1rx2wYhhXqvw8kzb3Mf0as669wlfEdUyc0qpipG9qXzMRbcDr1rzmzpikMPHFRzjK1KoyTmlZflJOKlmyWhmzR4IqKNU3fOcL7Vbl4z71TkbgjOMVa1IasLIyk8AD0FN2jg54qHJJJOamLELTsJSJCAFAAxgYJ96kAKRnjlugqO3yzgepqzIw3nj5RxUM1j3Itu1MDGT1pwYsuxeh5oVdx5/AVYiAVenNIojI2KcHmq5jM0hBOe9TzHGar9CeetCQNnwt2zmnryOB07ULjp0x696cOmB06nFbpHUNTbyDnkUuOw4NGCTtHP8AOmk4GD+OO1ADlbBxk4pd5OcHNR9T6Yp2MD/61CY7DucAHHTpTkHOMc0xV4OO1PVvWkWkSYwowCOPzpVODnH4UnOMjOOlJjH8qopIeTkAcfhUyY2/d5Pf0qBBjr0q4xjaZzEjJGSSqlt2B6ZqkUhyLk9QDjmrURHA5x0qKMDZhRz3Oakj4+taI2SLkPAzxgeld7bIBHbD/pkv8hXBW7ElVxxmvRCoQRgcEIF/lXPin7hzYjdGZdsTPtJ4FMtS0eHB5PSklObl8n7oNT2kRdlQDIAJFeffQ4mtdAlwZY2YkqOW561rab/pMwfGAi4HtWTeFv3a7QBnBI7mtzSQpiKjqOBXZXaWGjY4cNd4uVzWhbIH86a8bJkpwc5I9acZFhKb+FPAIHAJ4qS5B2ggEt1ryz20ysx3eX3JHIHc1S1iT7LFG55+b7w6rV5W38FcdTms3xBbNd2JVThgwYbeDjvTS1InKyuYl/M08Nq4OASSqkU4NkKqjoOtWL63Z9LtiBjyzjGORkCoYYyCRng17WBhy07HzWYT5qpctx8ozUw+8FNIqlEWnwJ5kwUck8ZrsbPPS1sWraNc+YwyM/KD3960NrKjSMMsR3pllB50+/afLQYFXbhVTAI+grFvU6ox0M22tS5Msg46gVZhgLEyMMA/dFSjBIU9Ce1W5Aq5yAFFDky4U42Kf2cM+W5A5+pqR1RcFsMR0zQHaV9sIwKke3VVy53Gi47LoivJKB/9aqM8kj8Akewq66Z4UYFEcAByQCad7GMry0M37NJIR2xUq6a0mN7E1rxQnPSrYi2rzik5lwoJ7mHFpcaH5lBPrV+C1CngcVbCgH1FTRKzcItS5s3jSSIlhCgYxn2qRouMtirsVthfVqgm2b9nzO3oOgqLm3IkVljDNiNT9ac1t6nBqaSTyU+cgH0WqsjySDg7B9etUrktpEVw8UPyqDJJ6dh9apmVyxOxSfUirBQHoM1IlsT1FVojFpyehmT+dNwTx7VHFpv98ce9b6Q7eiikeM45o9p2H7C+rML+zgCcDj6Uv2FfTNa7I2eaTbxRzsaooyTbBf4RUTQjOAK12jU0CAHsKOcl0V0McWxOM8Cn/ZkUDbk/hWqYMmj7PngA0c4exsZQhycVat7THLDArQitdvIXmrcdtyC3OKlzNI0jNS13cgfL6VbihWNR0q7sAGAKgdAMs5FTzXNVBRInIz8g/Gm7kUFmOB3NV7m8IO2JT9aiUSSZycVSiZyqa2Qs825SI1C579TVdLZ3J3E81owRbVwq8+pFWI7Vj1GB70c1iHTctWUILYL90HPrVoQAHk5NWgqp3/KnBGf7oAqeY1UEiqUVe1NddwI4H0rQhs933jUotFFLmQ+RsxhZqx5BJqdLVV6KM1qCBT2qVLdRRzgqJmLDkcCpFtmPXNayxIPSngADgVLmaqj3M6O1PfgVOsSoMDirDKW6mmttUetTdstQUSIKQeKGcL16/WmySDHUD2qlNcIvC8tTSuJySJ5Zziqcl4qkgnkVVuLhzwfk5wPeqskcxJ5UH19K1jBdTlnWf2S6183QKRnvVKa4eWT5izY7KaBAzHMjs4+vFOEYUYGAPSrskZ3nLcgcPIBuIUegqaK2wuFAA70pKjryfanhv72AKGwUUtx6xgDCkkmnGDZyy7vrxURvEQbV/OqdzqA7kD8anVmjcUXmmccKEH0qCWVmHzSKv1rKkvsk7GFV5LtiPmYfnVKLMnURavEl3Dy23qepFQxwNnM27GemcVTe/VO6CoH1GRvuGtFzWOd8l7mvIYFUgIFHr1NVgyRDcjMT1rJe7d/vtg+5qI3RXgsSfamoic79DVmm3qchm9qh+0FFIGaz3uwVwWYD61AJdhDK5wexNNIC/PesrqGAA6ZFNk1V4yVU59zVGWVZeWFRSR7hk5BqrIm76momsFfvd/Q1bj1EFMoM9+a5lkA/iB9adby+XMrA5xScUWmzf/tAOSR8vrQblXByQR0rFvT825CMEdaotcSQltuSB3FKyLimzo/M7hhtzxUiS8YNc9FqAk2leWH3h2rSjnDgY9KCZQcTRZlI4YVQmDLyMsn8qjZmViQTT45c8nmmtCWrkUcCOpKf/qrJv4CkuAvBOeK3g6K3AALdeKhuYfNUHI3Dmi5dOXLIxXZofLBb5On0qWFgrFgcjtjvTLuMyBunyjpUFoxCHJ6HpTTOiUbxuK/qAc9TSztm26gEnvUwPRQOvWs24cbyB0zxQXRjzDM81IO1RZG/jpUqAsG6cDNI7i5C+zaePpUwYeXjHO7NUg3QVKrUE8pehbpV2A81mQtg1oWx5FUiJI2rI/MK9M+HT/6TMnrHn9a8wsuor0b4evt1NBn7yMKmt8DMPtI9Gx+VRvyal6CkC5bpxXl3O1IaqnHtTZGywFSucDAquRgZqdzTYrz9MVSk56/WrczEgAngdqiC5bJ6VcTOWpCI8AdCcZpzKc4BqYjB6U6NMnnnNO5NhsCmM7vTpSkFz7DrV2RUjG1cMfX0qFlPapvc0StoJEdpJIB9KsKmYw2ee9RpFnk9Kkdto2j0xSZpHzIGTc20dTUc6xxL1ywoMm0Nzg1Ul3OeKaRLZ8QbcYJ470uAOcZ5707cCvPLfSmkjHvjpiunQ6xr4JyelIQCucjk9CeaJGHGBgDrTMjNRcqw4nkUv0I4GOaYDzTweeAenehMaHAAU7AHQ8+lIgPP50o+tBaFBz1qTrjuMVGBhhjj61LGpDdeKVykORcgdanQYxwajXjoR6Z6VLGD2NUmaKJajHoKkK7SO9NiBOABnPpUjjbwRg1stjUlt/mkXsSRXpF0Nu0+grzi0Aa4i643D+dd/e3IWXB6dMe9c2K+E4sS9UZ0pAjkl5y7YFWdNmVSWZhx6HtVbVDsSKJRwi5J9zVS1cu52Z4xxXL7K9O553tLTsaynzQPlBGWIzWppROVDcb1JH4GseIjbgEcnJ+la9odi2wbqchR6g1Cu6Ti+gaKqpLqaup8abcDdtO3r6YqZpVaFHZvlwCWJqK9Qvpt0o++Y2HHXOKwU1P7Tp1rFjAVQGPqRToUHWskVicUsPeXkaNzenBjthkDo5qCK6aQslwm7A4I43e1QWUuA3AP9amUrIrk7dyYwD0ya9OWHpU42seJDF16s73Khdmb5uNzZxnvUipiT1GM80+BFeVBIPl3DJx2qW4RI7mVIySgcqpPcZ4raLS0RztNq7D7314FWtOB84kDIJxUaDEuB0DHmtzQrRZGZ2PK8496JysiqcOaRdVVijIAC/SqDhpZs5wKtSlpptq8KKeI8kAD2xWSdjqkr6FeCNY/mYEnsPWlkG75iQfQVZZMsV6+p9aVIMDLDvRcOXoiOD92mAOT1NKQDyam8rnFPWGpci1BsrCLd0qSOEd6n2Y4xThGxPQ0uYtUrDQFUcCkwznCjJqzHbZ5c4FWUZUGI1/E1NzRRKsdmcbpDx6CrGUjUBBk+1SHcx+Y5FAizj0ov3KtbYjZmZDk4zxxVfGxSEGKuMg7c/Wk8sdT1oQmjNeEvyetKtpu+/1rR2qe1LsAHIp85Ps02U0tlXoKcVC9qklJA+UVX2u/bFTcrlS2Gs4prMSOBT2iI69acq80AkVmjOcmoZEYnA6VpiInr0qVIFxwOafMHJcyo4GPWp0hOOBWksI9Kf5DdlpOQ1CxnrbjqamWAZ+VauLauSOKnW2Ye1S5FKJQEIHXFL5dXVtXf7p4ppiMeQT81CY7WKrQ7E3sML71nTurkKFH41o3KvIuDmoI7cKclcn3FXFpGM027FD7GfvFQM+lTQWgYgAfjWiImc/N+QqxFEAOKHII0kipFbqgxxn1NPNuCeWNWXyvGOKiJ9T+lTuaWSIhbIvUVIFVemPxpQGb7uTUotmkA3EY9KBpdiFmGSAaYBz0q6LTaOlMZFFCsDT6lYdeBinKG9TUnygUjSAdKdwSHA460GX+6KqSy+pNQGX1zRy3BysXHmJzlqpyzAZycmonlB6kD8c1C8kQ6sD9KpRM5TEmnY9M/hUBV2Oc7QfepPNX+Dk+wppYt149zxV7GLXNuRCCMNuYPIR0z0p7SEcfKv60xpF6F81A8qZ4xRuCSRM8/wApAJ/GoN+elQSSZ7gfhVaSYLnBJppEykXJJgnf8qp3F2RzUZk3cHA+pqrPGr981SXciUnbQiuLzcDiUCsy5um2naQasTW2BkY/GqMqxRH5mH0zW8YxOKU5X1KwaSZzmXBHbGKevmqSfMOPTNQy3EA5/i9qha53Ahc/nVOw0pMueYSfXHvSnnoTjvWXJM+PmY/ShJN2Nz4/GpbLVNl9pIlPO5sdjR9tzhQCo7YFVzJuUAFf51Gwn6xyKT7DFIpRXUuGVWHJGfemPKqjgqfQAVQfzekgP4UxsuVTdkdvalc0VNF1btR6ZoFyv8ROfes94GGSCGxVaTcTg8Yo5hqkmbcbpIcKwGakNuSh28ke9YCCYAMhBx781pWt9KIgVGWVsMPUUKQpUWtUy9axM0hiK8MOc1S1IOrNCoCL1Lf3q2kljKxsMYbnI7VHqIjeIhgB7ntQ3cqC5XqctFuWYspAI/DNaEV/1fARgMMueD71Qu8LKQoBHY9qgZioyGxj8qm9js5FNHSx3iEr5hKhhnJqVJQXYJ0rm7WbewWTnsK6G0tsKpyAdvFO5lPDpbExbdj1FTRvuXjrVKVsMefUUyGQxSLu3BW45pnLKi2hspQzkbc5ODz3rNuX8ohVGBnk+9XLsiJmcnnOR9azNSlV4wwPJPIpXOylC9hZL0GAgZLk1SLc9ahB5p+e1M64U1DYlU1bjYImDjDfyqpGfmUYyKlByaCmiZTycHoamRht985quhwalj5NMVi5D2xWjbtgEEc561nW5wQeuKvRHJ+tMzkbVg3zCvQfAj41i1HruH6GvOrDt9a77wO2Nbs/9/H6UqmsWc7+JHrGKTGBUxGKjPJxXkXPQSItu44qKX0FW9o6d6ilVAo5+ahMqxSkQZ5qPGBzUzjgZ6UwDPOOKtMya1GImT81WdhlkyqgZHQVHkD606Mk5x971oYIci5IHepxFtxRGmDx+dPZ9in1qGzWMe5FIwXgVC7BAS33uwokb161WZsn600gbIjljzUu0KMtj6UiAAEtnAprZkfr1qrk2PhyJWaQrGhkdxgBRk+9JHE0iyMgBEa72ywGB/k0iOIyDt5wQBkjHvmojzj1/lWtzvURpPUd+tNJz+FO2/LnnNIo55OB16UmFh68A4GeMHI6ZoUAkZNN/wD104DkAHPv0ouOxKm3IznGaccDtznvTEGMlf0qRAMEk4/DOadykiSFFZgCwUHu3QU7j2P41GoxUi/zoNIkqE8cfSpkOeec1Ei9OxqUE44xxVJG0UWI2PBGakHzAkfXHtVdSenSpwcKPmHPbP8AOrTLZPZkGeIc/eH8673UIgBuPPzfnzXA2vE8ZP8AeHSvRJ8faVDdCwGD9ayr6pHnYrdFLW0MNszFMGRgqk+igZ/nWdp7t5e1flYnOcda7zxP4euL0W/2RN0IXbgcY9/0FS6B4Yitol8/55hxg8hTmteWPs7M8JOTm7HHlioZh8qgAEVPd3ss6wTfKAvGB/simalGPtdyi9FYjAPvVES7YjFjvuB+tebTfLOzO+pH3ObqjtdPnhngDoTh8cH+VcxNamxvp7YjKglkIHBBrQ8PXBIMCDJHPP5VqmFZo1EqglTjB/xq41HharXQipSWNpJ7MwrNGd1CclgeKt2jMzXEchABXd93kHPSsO9uCl26RNtjVztKmrOm6i0ru10/mOmGViecDgj8v5VVTGe1l5GNLBKjF33NWMdSR0pBE0kmefU/WprXEwDKPlbkVqQ2+IzxzXpqWlzynBvQo20ZK7j61s6PKYJTuHDdaqCHaCoGKu2cR8wcenFTJ3LprlZpLGF3OoALdqBFjPvyTU24FcY4H86a8iQxmSd1RB1ZjgVjc7OVCiMYwBTvK45qrbaxYySqiyncfukowU/iRitZVBWp5r7FqFtyusPGakWIY5q0ijZ70hXnpSuaKNiARBecU4g+lWQvy9KjkXHrSuNxIduacFFKq57YqTgUxWEUYpx6U0kHpxSoCSBQAmPamEYPNTshB4qBlYUJg0PUAUpQt0ohQkEsacTjpUtlJEDxgctihQvQYqRkaX7ozVmCyJGX4ouCRRMYIoWFRg1qNZqRhetNjtQhyxzRcOUpxQPI2FGB61eht1jGO/rTydo4FRtcBM5NK7ZailuT+Uq84FIEOM4wPU1QW9Mkuf4Von1BiQew6ClysfNE0XYKmVUZpkQeWI5wO2fWorSQ3ibuUUever3yoOPujpS2GtSABlUICAB1pUjtskyuSR24FUby5keUrAhPriq3lXEjAMyRj3OTTSJcraJG7bS2rShFhXB7kZrSdbZo8NGhA74rm4IVgbO9mc96sl9vzGX9amS8zSMn1RLqMEUm3yNsWOpNVRbJGoP2lfrjiqV/LI7llyQeAAazLuaRGEbK3H8JNaxi2tznqTSexuEAsQZEYDnIqnJKgcqGBrLMshTjKg9s0wg7ctJge1Wo2M3O+yNuK4jQcsM1J/aEQIrm3njXoxY+pNVjOCc7gaPZ3F7ax2X22NxgNis6W5AY7+BXPi9xyWA/GlN4sgxu5oVOwOsma8swk6PhfQUnmhRjNc9JdlOjGmG/f1/OrUDN1UdC8yd6z7idi2EHB71mNqLn+IA1GdScd/yNVGNjOdVMu+a4OGyeferO2JFBc4b061mLqG4/MSc9zTZboDHHPrmm0QpJamobhV/1YUVTuJ2Pes17wDocUw3oYYY/pTUBOrfQfLcMM4/nVaS7cHqPyp7MhGVxz7VA6Iw521okjCTfQglvmJ4zn61BJevnAGPxqWS3DZ2moVt2Q561Whk3Iha9l5y2B9aamoyAkncQPWluxEmNxGfas2fB6v8AgKdkxq5o3WqIyFAvNZDuHbJbaKQFAfu7vrVee4XGDj6U9jRRbZM8akHZF5g9Q1Qtb55IZMVHDdBG+T5R35qz9oVh8z4NSy+WUSNotwC5HtVdg0bHK5xVl2IA+fP1pY3Uqd3T1FK5SukQxt5jAZaP09KlSbY5RmXdSyBSo2/Mv5VE4hbqcYFFwVmW0lbBLDgUEQSEkDn8qzmufJO0lSD3FSzSptWXJI6ErRcPZtMsPCuQQ1QSxqD8xqq90BCz7uc/KO+PeqxumZQ2aDSNGRaZVXJzSJE28lSeRVCSYMRz1606K6eNuD07VJv7JpaHT6dMrQlCCCDjBqzI6zW+08nGDXPR3zKC4GcdulSwamsqqSMP0PvQT7N7lK7YrJIgXCjqM1U3bwRznPFaGrRlmWWMcMOazuI5VAIDA4apOunZrQlh+SQH3zXXaVLmJGzkEVycm3yxjlieTWrocjlWVSdqjrnoaAaurmnfMA5wOuBVW4Ztyk/w8VPcxt5KsfvHr+dSXsStbkgDzABTUrGfLcpXw32wb0AJrCnGARnIHSte8nH9mCM8uW7Vityp9MUDoRsrEajI9qev15qEHBqTp1PUZq0dBOjeoycVLjBxkVXWrGQWOOlAiRasQqT09M1BGOlWU4DY6d6ZLJYzgitGIYOO4rMj+8K1V+Yq3qKaM5GnZdRXd+DDjWrL/rqtcJYc4rtvCJxrFif+mq/zon8LMHuezOcUirjk9adt+bJpC3WvFPQI3bBNVnJY896ndCRu7ZpgUbXZiPYU0DZA5zxgCo2qQJub2pJBzgdKtMhkQyTxVqFQqjjmmRxkckVKikmhscUx4chSB3qJuTk1IwwKgkPB55qUakUpycCoyOMdz+lSHpnH1qGTAz71RDQOB0B+UVVknIBVRjPcd6V5CQe1VJH9OtNIiTPiopycmkC/Lnn0q7gH5cDBPYU0x43L0x6itrHschT2fnTtoABOc1OU/l2prKc470WDlsQ7ckbjkUbeDgVLs45xShORzRYhxI0yDgZqRcjrjA4x60/aAOhoVcHtiiw0rCAVOoBJKjA9zmmnluQPwqWNcDB6+uapI0itRVXgHmrBjCop3BiwJwDyO3NRjIG3PGc05FyR0HuapI3HLzyQKlUFuxpZYJbaYpPG0cgIJVwQcHkVOjAbRgAdc461SiK462/4+IjjlSP516bpdv8AatS3SY2KxYk+ma82jGHBXkZ616xo0P8AoUswzyaiotUebjdLHW29z+4QsQeuB6UyUGKB2xkspxj6VUtpB9n3elOM+8hm5VRyPWs2ecjzW8dRLNuOCc+9UkJCqe+OBVjVU8q8lKY2huMH1qFmRoYu7nk49K816O51botWEzwTCVSRjn8K2ry+hGnMUJaRhgc96xLUCS3dNxEq8ge2OlSlh5W3nJ9q9Fwhiqd+qPLVWeEq8v2WY92xB+UDnnFRW7gTIzH5T/Kta500/YmuPPj9QpbkisFgfMYZIxXk2s7Hq3TVzu/Dk+5VhYYC/cye1ddBECQcZry/RL5YpQ0xIU8Z9PQ16NoeopNEofAbAwezD1FerQq80bHl16XLO/cvzWvygn8KfDHsBbHzdKdfX9rYwebeTxRR+pP9O9Zep67FbwwNbL57TLlF6fTPfPI4rSU1FaijTu9EW9R1GHTod8+5nbhI05Zz6AViWkdzqVwbjUWHynMcQ5VPw9feltrWSWV7u7O65cfKG6IPQCta1QKnOd2eeK82vXc9Eeph8Mo6yIJFWEliMBTkDHHFdFYXMF5arNbvujYcex9K5zUJPLtZBgsSO3Xnj+dcxpOsT6NfzeWfOgzh0PAPTn2NaYZ2uZ4y0WnY9XjOBipQQfpXP+Htaj1WJzt8uVDhkJz+NbiNxiupnPGSauiQsAKCAR0qPOOaQTKTgHrQVcVwB3qI4zyakZGb6UBEXqp+ppiZGCvQdasxKBzUQ2M3ykZqUIwHFDBDnNQDryKsLGSMt0ojjXdk5NTcbRACzcKPyqWG3Zm+bgVYDIuQm3PrUfnbcjgmlcqxZijVBgAVKzADJrOe7CDGRmmtcrJHj5smizHdIveaOT2pg3OSwIAFVIYpZn2x4AHU+lSyB7NlBZWBPUUDRPEBKmXBX2qOawEgOJMUouPMXCA+/HSmxs5m2s+B3BPWlqN2M64sp0kEaKWLcDaK0bfRWWENOQ7H+HsK0opFXvn0NTeeG6YBoc2JUo3KotvLRRwABgAcVQ1CV0XJysfer9xNsXcTn2qrJeREqjENnsaSY2lsZJ1CNl28qvTjvUriKGMTCTPcA96hutKiluDIkxSPqVx3qteWrCECOTeuMEdzWujMG5pO6H3OsLGQCoKdsGqVxfpcbC8zxfSsO/le2VliiJbuG7VFpiSyMZZ889FroVNJXOF4iblym3HeeWpAkdpM8MeBU0UnmMS53E9zVNVUEZFOJ8vkA5qbI2TfUmmkA571VkcOOc0kxLcqfqKps/POaaREpEsiDJwfzqrNEGHJz7Kak8wn1prFT2/I1SdjNxTK4hAIySfbipNjKOF/E4p7TBRxxVOe79Wp6sVlElmcheG59M1nvK2T8wB+tNlujng1TlueuW5q4xMJzXQstKGyTvYj0qGR3kU8bD2JPSqb3hzgMaqSXjk4PGatRM3dm9ZOIkbfJvcnk/4U+WVAcA5984Nc59sIznmh7yU87jilyMtSurM2pCcZQ59iapS3LocMhqg19MO+R70HUCRhkA/Gmricb7GjFqSD5W4B70r3APAJ+orFM6M2eB71JFIF/i4qkkRJNGqtxzgO2frSyXTgcuMfSqLsVC9gRnNRM+4ZWRc+hosSr3JZrqIg7gGPsKpTTxH7oxUU6STHLMRz2bikaNRtX7wPB4oNlGK3IXbJOWPFV9u8kqw47kYxU8+nnOVY4PIqA2jpExHJJ4qWdMHHoyJgXY8n8e9A8sYDOS1LA5JUSErj2qKZASWyFJPOak2td2ZPI4XADZParMbtkHtWbtXACnPPWr0M8cQG8456UhTjpoW1TIbsMVlzK28qOK0/PjMe4Ece9Y93dfvCVPANK5NGMm7C7VIw+RUEkpgLIeVPbNVpLtmLds1WZyx5zQdsKT6kzyHsetOibOep4qsG55NKDnPOKDXkJSffinGTGMNnGKgB+uCaAaA5S8snU7u3OfWmgbSWzxzj61WJzQzYxigSiaa3LfZSG6EYqiDubr3p1u26KRSeeopkWDIuaTCMbNmkIwYiOSAMk+9WNPn8tkjHCsef5VPpkPm2zNMByfl/Oobi0e3lDbcJ2NInyN0P5tsVznacD6VOfmUj+LGB7Vm2LOqITzvJ5q9bElizHknNSxWMO6jDQsykr5Zxg1mN8pOeQa2tQUtdyJH0X2qvqdh5EKPkF9oJFWKLtoYw609T2pO/SlXrVmxMvSpUqJelTKOaaJLMJwRmplYgEevFVozzUw60ybFq2GWGfWtmaNY3QKMLgGsi07E+ta8jb2BPoBR1M5FqwyDj3rtvCRzq9iO/mr/OuLshj867XwYAddsR/wBNV/nTl8LOd/Ej2lutRuvvUjsB9aj5LV4p6IwjAqLaZGwOlSTHjAoX90uT35pgNmCxrgYzVdMbssM0rbpHwBkmkA5AqloS9WTqC7egqZyFHGBgVGpCLgVHI5J+tRubLRDXcmozgAsT9PeiRgPlqJ2AXLc+gq0ibiFiw5HFV5WODgVODkc1WuJB0GKaJZVmwOp+tVZGJPFTvyCSOO9V9oaT265rRWMZXPkZlOxXVSE6Z5xn61Cc5yec81IrELtBOCckdqCvuMe3WtD373IgAVPXdUZXnHSpX4b5cjmgDsRnPTIpoTZHtATLde1Igw3OD6Zp07bHZMbccFcg8j3pEYgc4HoTQTdXHHJyOMZzihGIG0H5TjIpXcMPUdPxpE4HXmnYHuSKnPHP0qRIzxREueeMd6vgEFMKmQMcVpGJpFFXaVHrmlxg9asGBs98dqkWJBkSA546VagzRld5HlbMpZjxyTk4AwKdEMEZI5OBmngDsFJIxzxj6UmDkdQB2pctiC5GRwMjjvXtel2og0Qqf4gM5/3Qf614lCx4IGO3XrXu88n/ABLwzcYjXOP92s6nQ87HdClA3lwuM9Diodam+zafLIDgkAD6ninxOJUzkDsfesrxhKUsIUz9+TP4AVzz0TOGO5x1+xLgdMio4SAgPoaS8OGGevrUYkwyhcY/nXnyOhGzpybriNo1z6c1fvbVETzlY5LcrWHbymMpg4B6gVt3c0slpw2EXBxjrx1zWlByU1ZmGIjGVN3KZiQIJHAPIHSq2qWqI6uEOT1I/SpblmazQg8HAFaCRLcWiD+8uPp71pi0lJNGeAfNFxbOWlRt3A27hnjpmrdhql3ZRPCp3LnAB7H1xRdQODIj8lDx649arIDuO8bjxgiueMmtjokk9GbBF1q8xCRvKW2kmQ/KuP6dK6XRdGa2JmvJvOmxhT/Cg9BTtHINrA+MZQZP4VsxsABkDnHSplNy3Z006UYrQJQ6xkIFL9s9DT2bauR+NNdioBJzj1qrJIDnON3X2qEjYlIEkjBgGXA681lXFnbW6SRqoEbnOD7/AP6q0Y2ZMk5OBk1larMFQO2yNj0LngU3d6Izly2vIg0m4bRNYAtV8yCUqrl+vJH5V6XC/UE9CRXkEd99qu4TgRjzFZ2z6GvUbG8jvYfNhcOhYjNehSUuVcx5PNHmfLsapAI6UyGEbycY9KiWT04qZZhuG6tC9GSs204RSTTQWb76jilinUillbBBQ/WkVa4792Oq/pTJWUKfLzQGBGTzSEq1AWJLWUHhz+dWJJY4hwMk1TEIPSpfs7hchSaHYavYoyksxKg5PaomLRjLZJrat4GdMMm0eppJLC25M0x2+1Ckg5GYcUgZ8ldxNXreKSRwFXr27Cron0uxxjbkdCTk1Tk8Q24YogGfUdKOZvZDUUt2aTyrZwleN38zVL7TEAzSyr5x/EVz+o6w10dtuGJzyxrJP2kSeYzFh6EmqjSb1ZnPEKOiOtnugiN5XU96gti4fznfk+tY1tfOwHmglh0qaPUomJDNjHbriq5GT7aL3Oh+2hl/rmo/tKgFt5x6Zrnb7UIpIdts/wAw75wKy7rULqOBirK3qQKFRbJnilA655myC0mB602WSRmDxuCB2rgotcnwUZXZvep5NYlfaIll3AYI7E1f1doxWOhJXsdnNf4QpIUwepz+lVkvIGikVJMAc5B6VyE91eXMGwoqc5znmktredpVyx3Y/hzzTVJLVsl4qUnZIkudQDSkkFs+tOt75Q4Cn5u4xTJLOBpR5rgMeuD0NUPJMNwSCWAPBrdWascb9pF3Z00VwzR78dKieUSH/WYJ7VThnPl89/WlDJnJ59qysdd7os7jjlhUTuAeTmopZiy9gKrPJnoaEJuxYeUHocVC06jODzVR2A69aheRsHFWo3MnMlnmyeGOazLiRznL4/CnyvnoOaz5s5PJzWsUctSbY5y5GfMx+FUpkl5Yyt7VIz7TzmnFty81djPmlEoO0mANw/Ooixzy2D7VcljBOarNFHu9fbFSzeM7liM5iB5/GoZL1I22tmnO42gBuf5VmTWzPISWAB680mzWnGLfvFx71QuVwxH8NQHU4n4kjK1QuYhGMxN9RVceWzcna36VNzrjQha5otcxvIBDJgE4INTRytG/DgqPXpVARKmMdT3zSSO+0g4AouwdOMtDoLfUUdBDKQQentUMxtw33yG+tYSMVIbzAAOajeR5WbncSafMQsKr6M2i0aNu3MzduajlvAoYgnPaslxJEACQT1zU0ZDBFdSB35o5h/V0ndmraarG4An4f17Gny3iKW4yoPJrmpdof5TkA8VLLcGMgFeQMEZqeYv6pG90buba5zsbmqk9q6MADkfWsQSMMsjYxzkVIb6Ur8zZ4xRc0WHlHZlq6xC52NweQKpSXRaTJOfrVd5Wfvnio884NK51Qp2WpbW4Zc7TgHmonkycg8mos/gDSHvg0FqC3H7sKRgZPc03P5U1myABjApMnpSKsPznrSggdP1pg6UoouFiTIDdSR709CG3c4IGRUIqWE7XH5UriaHDkEA9OaRiTSDKnHenDlR6dKdydhFJHFSxKWbg0xUJH061YhVVjdmJJ/hFMHY2ba6+zCGMqXIIOBWpbyRX0LCQY2nkVjhVmtfN+7IrcnPJFXtGkjxORnd0IqGZtGnDCqxIozhScH2pInAfGOBSWkrSRASAgDNQuMM49ef1qQsSX0KmHzVXEhwufX1qea0FzoZmyN8cf54qpczGSBgWwFG4e9XtOdZtMNoGwSfm57Gq6GTOOMO6KSQY+U9KiFX9Qt5LC6ljIypH5iqK9a1RtFj1qVaiXipFHftTBllRgA8cjNSjrUSj5Vz6VPEuSfYZpklqFfujvWrEd0mPbGKykyCK0oT0I70dTORqwD5wBxXZ+CVzrlj/ANdFrjLMZIrvfAkZOu2Qx0bP6GnP4Wc73R60QSaU4UU9VokjIALDANeLc9GxCFyct0qGZi3ToKndudvaonAzTGV/u805flGT3pH96jDEtz09aolaEhPc0wucZ/WhmznsKYTnpzSSLbIwSTnqTRJhSc8tSs4T/eqFjkcmqJI3YnPpVZ25AHLe9SNuc/KKimPljA5Y0xMikYs+wck0y4+RNi/fbipUVYUJc89zVN5SzM/OPX+lNEvRHyLGcY5FP9DVdWI4xjBwKlSQoRnk/nWyPWUhHXnjn8aiZzjHUe9Ofk8c80wqclTgEHBzRcGxhPBPApVYqysO3TigJk8c9hin7ccZ9uaSJBMZGcjNSrjsD6Y9aiwWyTn605OCK1RSZfhIKhSBjdye9acFuxQMoJAPXHSsYMWfOFB6+1bmmalLbwyRpLhJU2uB3GeldVLle5rBvoWIItjDI6daqXf3s429sVZku1aJQVGc53iqvmLzwGraXKlobO7IGJ27QevzH601GwMevXirKqrkEcZ7AU2WDY30GeaxcepGxJbnay5+nFe038n+hptPBVf5V4vBguCcZr1Rp/Osbc55MKsPyFc9VbHn43oS279FH8LZ+tVPGts8mmxXMfKxN8w9Af8AIojmER3t93Na16v2zSLlI1D74yF+tc81dHnr4jzO8AYZBzkGqifLHz1zx7VOWwcN2zUbAdcZHSvNkdJZibI3Zxitm0czW3lPIfmC7eCec+lYETkIFHr0rdt4x/ZnmRkgqcHb2qqW5lVXuiSxusUluRh4m/pVrSj+6wx6HH0rFP2hbjJkYsOck9a1bUSxo8sSebHJ9+PJFd9ei5w8zzqFVUqumzLmo2InCtHw6/qPSsV9OnE4/dsNx288jFbWn353eXPwTkjJ6exNaJh8xA2Py715lmtz2oqNRXRNpyJDbxxKc7VC1ecApsBBIGcVmRggBXAAByGq4hbzN4O5cjj0FKxuiaRyyhOjY5qvbsLgll6AlfypC7Ejn1zilVPKjZo+/rQLqQaldf2dYyXEhBI4Ck43HtXBS6nNLMTMRI27OGPA+ldtLbvNeM18sboo+RByPyNc/rdtb3OpughEaRhS2wAHJ6YrenNU9TixNN1N9irayCd4hAmHdwu0djXqHh6zewsBHIcuTub2NeR2sbi8mh8pWVgSrF9u3Gea9N8D3dxc2MyXLtIImCo7HJK4/pXYqikcFOlyPXc6gNxTiSAPSo1OaQsR3pmw8ZAz60pnKH1NNyW4UGpUtQRmZvwBodhqLewJPlRjP4VaRWIBxjPrVea5htkwoA+lVDqDl0YyoIs8iluWkludDbYQf7VOuNUigQ7mAI965y51lFBWPlscAVkTGSdg0jEt6elJU7vUqVRR2Ny88QNISsIJHqBWTcXt1LnLFR71ExkUZxzTRKSw3itVBI5ZVZMctsZFLyuWJpgtUdSO59KtrKpAGQBSlUPzK2DVXsZtXKSQtbjC9DUqvgdPzqYknhlyKDGTgpyKfMTy9iq+wgZUYqlNbxMMFnX6VrtAAAarvHEM7mKmnzWB077mJLpnAMdxjn+Kq92zRqIDLknj5Oa2pbTcCUkB9jVC50oyMCyEH1VsVcZ9zCdL+VFIW7w42YZj3J5qdFLMDwD3NTW8U8DbCu9egJPNOu4pNvCkj0FNyuKFNJCq6+Z94bhU8dwqLlB83rmsSbKDIPzHofSqkt2wG0P9TRyXB1lA338mYHenPUkd6a+wgIgXHvXPpdzrna7Y9TT11KRThjk0ezaJ+sRe6NGV2iYEoxB79acsyyDqRj1FZ66oy8MSy9hUc2pFiQCMn2p8rF7WKNTlfeoJWPpVa2u/MOxmBOOMGklv40cDacjrQkW5Joc75HTn3qCRucZH0qy01s8ZLspJ7elUJIskvFLgDnFNOxlKLZIuG+8OKJIlkTAXAqj9rdGIBbjqTUaagzN1JJNXcydJi3VuU6A4rOndwxTOMc1rXFwhj5wSaymkWNmDevFO5UIMazlB1zxz2qEzgkg1NLg7GjIJYY56VBO0KuTkFgvRR3pXNYwXYUAPt2kZ9+9V5LlYsqyrnPao5iGOY12D+Jc9qpXLR5xFIWGf4h0qWzpp0U3qWH2yZYKG45x2qq0A2/KRyelNjnaM7hnjrT3ujNIDwM55qWdCjKL02GF5YWwCRUW8ty2SSepqYlRjOWAP4moZWV2Oxdozx3qTZeg+AZcLleTgE9qfdSKPli69zmq21tx6g0YYqQBkdzTBxTdx6SAYZgTjtUv2reuJckDgY4qs8UikZBP4UnksxGAQPU0XZXLFjWch89uv0phcsxJJ5pZFKnnH4Gm9gB97NBqkhpY9M0gPUf5NO4AYEHd2ph6dec9KQxrsWzgYGegpvPU5p7DAOc7umKZ/KmUAJ680dRnvRg4z2pPakAp7UqBSwDEgZ5IpMnaRk4zmhcAnNACjrzTtuADkU0VJHyMHHtQJgvc4p2OnoadA4jO7Az2z2p0Y3soJ78Z6UCDYc56ipYwRmIg7iR/n9abNL85WMbUB4pI3xJ5gJ3dfxoJJYdyT7Qp3Z6VrJp/mOVkPlqoBAI5rNjlPnLOq7sEFs9jW5d6iC9v5YGeCTjp7UyJXKkTPZyGJwNo4ORnI60aXOzXPJUbvlJ9cVDrE/wDpvyqAMAH3qCyj865CxHGeaQJXR1wUhEAwO9VpD87tuyOasjAQAn05NVZxsGByTUdQKnnh0VDwq8E+tW9NcW9ysgU+WowT2NUSmyNuOvFOgmLKEXgA9Kslo0dftS9u847YJ+h//XXMY2muyusz6KzeiY/z+VcmsZaJyP4acWKLtoMAqRBTR0x6VKgGD69q0RROvAXjtUy8n0z6VCnPWp4xVElqIZq9AOlU4xV+EdKZnI1rAfMM16L8PEzrlsfQMf8Ax0159YDoa9O+GMIk1kE9EjY/yFTWdqbZgleokemqAAWYcCmN84LMfpTrhtzCNeg6moZZAgCjk14u56hCw2gmoS3XNKzk5zUW7kZqrEXGtyfSmNxwMUrnLnbkAnjNMc44HPvVIVxpPPtTXfAwOtNL4+tR/e5PCiqsK4AFue1G3f8A7ophk3EheFFQXV15a7Y+WNFmwukTTyrGvOBVJphnceF9aqsxJ3THJ7LUO8yNkn/61Vyke0uSyu1w3og61MirGvmzABE6LREY9nPyxr+dZ15cmQ4HCjoKEr6IbdtWfJUe3GWbj6U8Dg8Z44OagX8jUy4K+/tWiPVQ1mJIyBjHalIx2pQM+ntUiAnHXPSnYpIhIOeOPakBOff3q15O3nn1qAja5yOKFoOSsAbgZHbAFOQjd8wOMc4pqrke9PdemPzrREj0457Vch6DHyn3p3h7TH1jVrawhliikncIrSnCgn1NW9X0ybRtTuLK72GeF9rbHDCtoFQmk7FfdwQvOKXlXAPXHc0kaZUt75wKU/eGBxx7076nRJs0LaNlDuQhCgEhmHfgY55/Coy2Wx09qr+aQuBwFPXtT7eUggNyrHjAqnIzRbggYqWA/dr1bHH413mmTeZpllIM4EWw/gSP6Vxs+qn+z2tFVQN+5jj5jx0J9K6HwpOZtPEbn7jkfgRWVXY5MWrxuaar5q+WeecV0OnJ9ntPLHJXqc96wLFSbh0JxjrW2jGJCfWudnmHG+LrIQX3nRIFimGeP73eufkOMcV1vi1t32ZSCEIYfQ8YrlCBjnrXnVlaR0w1jcSMAv8ATpXV+HlLaZcI3zcjHPXiuaiJ+QoFznnitmymaGCbqMgEcUqejCexWXcVyRwhKZrQsp/IuBuHyt1FULIPLNKueTg496t5OBuXlOOete1D3oanz9ZOFRtE1zZgEFAWGOPcUtpqElr5at88HYdxWjY+WYh5xwD0PXFOu9NiuwNvyt1BFclSnFvU7qdSaXNB6ktpcQ3cLSQuGXuPSpVm28oOPSude2udPuGZeMnqDkEUy91KNIWcybGHQDk1yzw7Wq2O2ljk9J6M6Uzx7mBZd3cA1i3t1cteutpcEqQBtHIB71zBvZp7nzY2IZifmXvWtpWn3t5gQ4BB5J4x71ioNuyN/bJq7Ny31B4Aq3asnq5HBqnqCRsDeWpG8YDAn7wzxxXRDRoWt/LuGa4Y93OPyrmNQd9FnlR4t0ROU3DqMetazoOKuyI11N2MwK81zJPCvDqBtA6etej+EIBDpZbBDO2cHrXnmg6x5TtHFHJCWcn5TknPQEV6bpP7uyiGCGIy2euTWlFK+iMpq2poltv0qQPkfdyagO0csc1DJKXJCHAHeumxkX0uI43VSwDNUF5cu7hFbavcis2dVyhBPy81Iso+8KOXqPn0sTlFKkPhs9s9Kqz2yHPHFSht4yDQXxweDVIhsrRQIvK5OPWrKlTjkGmEc5HBoPzdeD60yNRZQQCV7VWZ/wC8KnbcoODmoXZT94EUIT2EUhj8pwTQWIbG79ajIGDtcYqEtzzTFYuCdk5yT9Kd9rdu3FUhhuQcGl5A65pAXDcnk5wKqzTAg7s1EWYdRiopGRgQ4OPamkKTKlxexRtkOQaE1x4wQvzfrTJILctuCfN6tVWe2Lj5GWtEkzBuS2Lqa+xb506VZj1qCUjfjPvXMzwXMYyig/Ssm6NwCdykH6U+RMhVpnbXLWd10IB9Rxisy704DmJwR6GuXtZpVkC8nPBrTtJbsOyK4IHPzHrVJW6ilaW6LDRSRDBGGqpOTn5ifqKdc3zrIVmQg461RuLjAyGGfQ1SZn7LsI8xB4YfTFN+0gsBz9RUEk691AJ5yDVUyNyQAR0yKTZqqZtRyIn3HPPelacdC2awluWHHT8OKDK5GeTSH7NmyZEySTTDKuch/wBayFlcMARn2qyEVhuUkexpicLF47WwC5IpdiqQysNw6HFUY59vBzVlZVYDB4oIfMhJUds87ifes2feBznNam/H8Qpr7G4JGaCo1Gt0YcuTGoDMSOSKiEpTtzWvNaIclcVnzW4Bx0IqTqhVi9CsWz1qpcIV5zkHvVvyiW29ae9m4XqpyPWkbxkoszA2TtHWpEZAjHnfnj0pJYwkhAyMdqhk3HBNJnRuWAw4PWpJGWNQcEOeazw5B65pS+7JPGaLj5C6tzuADE5PcdaJpgVADcevSqWcikHfmgPZo0FvHRACQw9D1ps96ZVw6gD261S9PSkxmncPZxvclDJznJOOOlIY3VdxU4HftUY4PWguxGCT+dIuwNz1600nBzRn86VF3EDOM+tMYwkkk0dulB4zR2x3pDBwFYgEMB0PrSDHU9e1HT3oHpigAOfwoIx0xQBSmgAU47Z+tOHGCKaBzxTscc0APJy2QMVIrhVbgEkYGe3vUI4POacBjrQKwdeelPikaI5XuCvPvU1vGkhYMPmNRzxGJ2XOQKQr9BY5G2bQSOc1v6VpjXloJllAAbBU1z6hT1zW/oTyRoyxqWLD5jngCn0Jn5EGvW7JKrFflxjP0qppu/7bHtyea1tYj8y1SVurDp71R0mPEkkp5WME0iU7I2Zp2KoysNoap5VaUoyY5FYLSlioU/ITmr9nekLtAJAGM0rCt1NN7ZXgCnrjBrM8kxbxnv1FbcIO4D+E/NzVS5t8Rtgck5zSuIWF3n0kwxf6wHBHrWCknlvKrDBORitK0JSR4mYqHHBBrPu7d4ZgJCGychhVoVhIoySv+0cU9Rtch+OoNWooZFjCkYUEHIqCYEyNnrmrTAdGKsxioYxge9WoxnBrQTLEK9K0IMs+T1NVIV4+lX7ZeRTRnI17BelepfC+I/a7mQHG2Lb+ZH+FeZWA4Feq/DtTHZXT92ZV/IH/ABrLE/w2Y0/4qO1lkCKVXr61X680Dnr0pGbHXpXlpHe3caw555qJsUjy9x0qu0lUkS2SMR2qFjSl6jbJHPeqSFcaxBOBxjvUMsmRtHC0+ZtiY7mqrKfLL/wg4+tUiW7EbyMeB3qGY+UPm+/6UkkpRsg4NVJHLMWY5J71aRm5D3POW5Y0ixsSNoJJ7Cmpx87/AHRTDNLIGdeEH4Ae1JlRC4cplcgkccHiqMj570rv1NVpH5xVxiTJny5sIUPg7TxmnIc8gHGO3amMrnk5IHQ06PIB4qD3GTxgZ9/rVpAu7Izt7VXTJGcY4qfccg4GMdOlWi4ssTKAg4Bz1xVAjc7EgY9BUzSnb/WoAxDVQpyuTLGMA9qbKhGcdu9DNwccim7jnnIzziruiSxaDkEsFI79OassSRuYgknGD3qnvGflJP19akWReMemOTTUtLFRSuTKWUYzwKJHyw3dBx0pJJPkXHfrnuaieYuQvJxSubNpImkcPyFGPbiiPqDzjsRUaMzHkcZzVxEB7fjTuRe5LDDvjkfeoKAHa3VvYVv+D5fnuY+QSA4/A/8A1657P4VqeFpTFrcKk4WQFD+I/wAcUtzLEK8GdxbqwvhjkucfWtmTGB/KotNEfljcq+cBjfjtTbokBip5UVieQznvFEgcxQn74G7Pv/kVzL/eLYrptfjEtsJRjzYzgn2Nc1JjcGHeuCuveub09iS2YqxOcHHFXSxa2Cg5Zjnr6CqkSszDGOPWrCsMhmyOw4qI6ajl2LWkhPOlaYEOcAYPArU8oKGJGfU9xVLSXhM0yNnawGB64zV6IssjICWTtXp4ed4nj4qHvjsbTgEEHtSx3DQuRuIwOnrTGRgCQDkdR7VDIyk5yCfSujlUjnU3HYn+eeRW3ZGeBVXV9IhvAghHlzLySeh9iKt2My7+Bt7GrEsTFWlzyORUTgrcrNISb97dnP6H4du478TXToiIcbUOciu0sbeO3UhCxJ6ljyar26vsDevNWUJJ5yKyjShDY6edyRbWWmXKJMmJEVx7jNESnvUw4HNU7FK5Tt9OsopllS0gSQfxKgBFaKMFGarhsvjPFAlySD+FSopbFX7lwPnJ9qjVSThuhpiOOcmkWb9KLDEmO1SDVZZtpGOlT3GGXPcVTZMrletNEsvxuowF7+venGTdnJrKDcYJ47e1H2qSN9rgkHv607E81tzQMjI2OoqUSK0Zz1qoku5c8EUhdW5BANFgTLKuR0NEjhuoxVBpSDzg0v2kHvg+mKdhc3QnZM5I5+lMDADBAPtUBuevb6VG9xvU7vwIosJsssEPKHBqMvInoRVJrhScHPsaFnYDh9w96diFNFtpwevH1qCSUY4pjzo33hj61VkZf4WoUQcidpBjmq7zAVCZG9jVaeTjGSKtIhy0LbXAz96q00yMcMBWZcTMp55HqKz7i8bHqKqxk25aG04iLZCg/SmrKFztYgjsRXLPPPGS8MpBz0zU1prG/wCS5G1v7wHFI0VJ2ujX1GYGMrKoJPQmsG6mZAfKcE+lajypKmOCCOtYV7EyZIIYH3oNqKu7MpC6kBweKnkuSEjJlVywyQCcj61GNmP3qAqenFLFZRTKzKSpHrUu51+71CO6wWycgjpVq11JkDqTiNhzx0rPNn8/yv8AmKYYJPmwecdKV2LkgzZtdQgMmHbHoateYjAlPm/GuTIKHkc0+GV1bAcqKFMmWGT2Z0lwY5RgHafWm25EZIEgYj34rG+0SoMMQRnORTGl82TLZDZ654quYn2D2ZvrH58m3fg/WpJbHKrsfk+/euc+1TRblBxng/Sliv5Y8AO2Qfwo5kQ8PNapnRx2sqJtaXOarm3uI3wRuUdTTLHVfNAWUgE981ptcYXGAfcc1WhzSc6b95GcAzHaqHP86k8p2Hzr+FW/PTcCowfcVKssbEBsjPfGaaRLqNdDCudMlc7o8H2NU2065A+dAF9zXVNbgjIk4pjW28EHH4ijlNY4uS0OOkttjfOwx7c1AV54BxXVXOnMc4QGqN1Y/Z4xhRk+nJrNxOuniUylaWSSR5kkCnIwKinjiUkK5JBwKV9ykgZFQ855NK5urt3uWkig+zFmJ80nAHYfWoyyPIN6BVLZOKSUMI1RgcdRUJPanca1LAtVkumjhfev8Jxyfwpx06YIzMu0A4BI6mq6TmGQPESrLyD7057uaQfNKzHOeTTugtO+hEYmAJxwDg0PE0ZXcMZGRT5J2mRU6Y9B1pbc75ljkPyM2DSKTe7BrORrX7QqEoDhj6Gq6DLgfgavXkhWRoInPlJ0Cnr61XguGt5hInUHPIzzTCMnYZcW7wSMrg5Hf+tQ44xW1LMNSt2LbElUbjkferMCgSYdcr3x2oaHCV9yEdMEfrS4yM1I0QEe4EEbsAd6YOtLYpO4nSnLzxUqWzvC0iDKqcGoh6GgCQRNs37Tt6ZxxmljiZ+R0Pet/T7VJ9GIkHIJIz2rIuH24UADb6UEKd9BdPjH2tVfsa17y0+UEqMScfjWXaS/6QJDwd3NdakKXaID0XkVLE9zkFtnFwIipBroNDtHtWd3fKkcAd6u3djFIRImN46YqlFcyWpSN0yM4684ovcV7k11As7NGT2O2ltLIR2MyMfmcHmrE5BRSmQcdRS2E4lRgyncKESzlE/1wBPANaFlJ5m6MDAzkY9qr6zCtvqbqB8pIbg+tSWuY9zBsDcMUF7o6W3lDwruGGqV1Xy85GMZrLjn2yAk5BXpVjeZ4pASFYDGKRJDc2oMIdfvjkVRu52uI0DKAV9q2rKRpGMbJjauc1l6hCYpzjG1hnpTRJc0p/tCur9duKzZoz5hz2NX9CYCeU44AzUV0v8ApDkDgmtI7iWjIwuHPpU8Q4qMDpU8Y54rQRah6fWtG2HIqhCOPxrStRyKpMzkbenpnHvXsXgmBYtBRm4LsW/p/SvJNLXLCvZtIjMOkWke3H7sH8+a58W/dSM6P8S5cll7LUEhPJY8e1ObAPPOKikOTk1wpHU2Rudx44A7VFj1OfpTm56cUwsFqiRxIAwKj8wBsGkfOOfvHoKdDb/xPyaNEUrt2RXlJlfgHpVW5OMLntWq6r0HFZN+AJAOgxzRF3CUbFJzzmliiMr4/M+lPVDM2EXao7mtC3iWNcdvX1qpSsiYQuyjNAHcbiUgQZPvVK7uEdRgbYF6L/eNXNTmRTtcnaP4fWsC5mMr5wAB0A7UQi5asJtR0Q2aXc2Tx7Cq7NQxqJ25ODx3roSMGz5uVTkZ7VKo34Uk4Awo9PYelKgAHOfwqRF79axPpeQYq4PoP5UcgHnn61MwPtTD06Z7YqkRJWK4kIbPGQc88ikBPGPp0pwU45A69aTbgf40GaVw+6xHcetLk5OfzpMEcGnZBUAgdetCGxV55PJ9KehGcYqIZB+X88VIXBQgqN2fvE81VxXH8t0U4Xqc0qjI5BxUSEkEZwP51PGyj7wB7elNMtXZPC4hdW4bac4YcflU0LgDOetZ7Mc8fSnRMc5JIouUtDSbcVyM8VJaSeVNFKD8ysCOPQ1UjcleegqZFO7oMVSCWqPXLFgyloz8uNy/Q81PKQQGGCCORWF4XvAdPtix+6DEw+nT9MVoK5EzRt0PesZaOx4842bMbVWKP5JK4bJ59KwJFwrg8Ec1o6ozDUnV+cVXkAZmBHUVxVNWax0RVUt5oIBI9qty58mMeh5p0AkjXMYX5VPOKrvMZEYA+5+uai1h7lyLCSqNwXcOnoa1YZGCjceTXPocomOvrWzbXHmRAyIAy8Ee9dmFnpY4MXB3UkacSnOR0qre2JMokhPGclT2pbW8Awf4AcVouwZAVxk11XscvIpKxRt49jnNasYBTFVdoY9OaswjAGelEnc0hHl0LI4UY7cU+PG7JqHPNO34dR681BroW1fuOnSo5ZcHaPxqKWUBsL25NQM+QTnvQkDZY8zB4pxf5c1SVz1JqQyYT3NOwkWFk96az4JFVkk+alkfOKTQ1qXIZt6kHrUW7DEGqXneXIG7GrDvuAcHikJiyEE+lQvlgVbkdj6U2R6gM2DVJGbsOSZoG2vkqejdqmabAFV/NR+H/WmBgnC8r6VROqLgkDDg4NQOTyWGKh3qxyrYPpTHnYLhulOwr6D2Zs8MPzqNpSD82D9arTTnrx+FVpZiAWBLAdgeadieboXXzu3LISP7pqJbtw7IRg+hrPivlkJ2Mc9wetOkmWX74+h9KZDRea4BPPX2NQNcEHGTWXNP5YO85HZqg+0spBibeD/Ax/lVWFqzUMu45DD3FQyzY+lZs16gy0IJk6FDwRVG5v53+TARz2zS0GqUpF27uCpJVwKy2uiz+XjD55rMvbp3wGJyODmmR3bLKJcZYDAx9KlyOynh7LUvPdqX2kDcKSSMSW8j5+Ye3Wq0EH2kZDYYg8etSQyPEkiYyDxSbNORL4SGO6dDtDED2NOmnlaQ7m3EDv3rPkPzZzQrMSACTnoKm50qkty3NM5wCSMVatrqNYdrZMhPU1mM7AkNnINJuGAe9O43TTVjWkdQ3LADGabFKsmecGsovzyTxSb8HI4+lIj2JtXFtvhWWPkZ5qldKj7XRdjYwQKgW8mSPYG+XrimPcvIRkZb270Ow4Qkty2sCbFw5LfpUEm5Cc8EU+NwImIJDDpjv60kcodSHGR60ws0x2np5tyBIARgnmnXtqYULxNlM8+1ROBE4ZDkdsGrEt0HtimMMeDzRpYzlzcycdjOV2J47d614VvIokk+YIe+azGO3p371btNSe3O0fNFnOw9DQtC6kXJaI1I7oEgSEg460/z5VwVYlfbtWZLdCZSycYOTmoZpR0idipAznjmquc31e5uLqyLw7Hg1HNrUgmOw/L2B7isTcjEZ4PTNSQwGUMATvXkc0XY/q0FqzUbVWkRRGxVs4PvWlGizx7mYRt6HmubikMbEBQSPahLt1PPP1p3Jlh/5DamsCSdwJA7gVlXFoy5K9Aaf/a86hk3Eqwwc1AdQlYcnp+tS7MqnCpHcWJw7qk3IHGfSmXtuYJMMOG5U54IqMsXBJ4qKQsQCScdKLnRFajW44yPwpvWlwCeTRjPQ9qRuKqngY+maXcRLkYODTD+lIRySOlArDmcuxLdSc0zmj3pc98DHSgdrDkJJyvJAz1q1cX7TyiTy40IwcKvHFUhnOAM0oG44FCbE0mW/tYa4EpjVfmyyqOoqa5kspULRxSRyHJwDlaoY4xnmnqdqMNoO7A57U7k8ut0WrC4ESyISVMg27sZxTbiEQXBXd5if3h3qqOa0tIEckrJKNxPQe9K4PTU3dNO/TAHBA5H1rHn06bbJIFPy9R3/KtW+kKGOOM4+lStdJaxguGbeAWJoMU2ndHO2sTNKAwONw5x0rp0LC32wMe3I64rMvr9X+RVVcEYI9PerWjyebuQurLyB60mW23qXrV2+zuSS2MnnqKz5W+0NvyQw4rYWPYm0AYPXFVJLYRxYj7ndUoRnSXRt12tu3A5H0qzp91HJLuQlfUZ61n6sjHa5+70rORmicFTjHOaofLcl1KbzryR8k84FLFM2wLngc1Fcbdw2nrzzVmzt9+GOdvT60itErFy0kaVW3dQcitC2lG+XjtVe0gSISMTnPAFMK/OxBPWgnc07KfDkHAGOtO1GMsisT1B6dqpDPkFh6jPuK1vLE8S+mKaJZlacCsjKDjcMVPeRtHKVbrj86jtF236AcndjH41e1VS8u/HAGK0W5JRxzip4xzUYU5z1FTxCtWK5ZhWtO0XkVSgWtazj6UIyk9DoNBg824hT+8wFezttRQqgYXgEV5Z4Ot/M1e0X0bd+XNeoSLjO49K5MU7tImh1Y3qSBUTikL1DJJx71zWOgSRgOB0pijjLDk9BT1A2gt+A9aUsE+ZiNxp3BK4qoE+aT7xpDKN20HB9Kpz3BByOSemapPI28YOT1Jo5blc/LsaF3crFkD7/p6VkSMWbnkk0krZJyck1JaxM539u1UlykNuTLSKsMI3kADkmq0uqIoO1Dx0qteylztzlV/Ws6VuacaaerCVVrREd1K0shZzljVR2p8jHmq7mt0jnbvqMkbrUJYdT90daeVLE88dz6VBKys2F4UUxNngWO/FPXgZwc9sUgPQEfSlIw2MgEHFY2PqBu4k9OtO2EgE8ehPSmkDPGamjUFCRgY9TVIhK71InjwfmzUbYVuBnPrVoqz9Oc85x0xUEyY7jPfBpNFWsRNtAzg5pq9TTiMrkmkUep4pIyk7jgvHA6+9GwgZwakVSQCM5oJOSOuKofKNjT5STzQqnOM8GpV5wP6VMkRI3BfY00i0iIR4GCMU8IMd8jr6VJ5mxQrIPWmQjMgJ7HNOw+o6FeOc9a0bePJBIJxwRUCxjOcHr2qeI84I6f5zWkSuU6XQX8sywkYzh1+o6/0/Kuptisqhm6iuKsJdksLkH0J9uldbaMFfaT8rVlUjqedi6fLK/coeI7UNNFMoxn5SR7dKy2j6Mx69K6fU4jPZsAPmXkVztx80IxwQea46kbO5zxegEiIr5Y6jmseNykxXHc8VoRPwF9/1qheRN5nmRjB7j+tYyKRJGdjbTnDHINXYy5bcg/eKOR/eFZ9tJvRQ20gnAJPQ1PHcnJDLiVeM460Rlyu6FOKkrGms5VA6Y8tu+O9WrG98w4JJP9axZJvKkWSTJgl4b/ZNSktGo8rGAcj3r0ac1NHnTpum7HVQvVlZARjHFczBeSO4ZTwB8wrUtboOnDfnV2EpGkHOevHpT3YDa3cVTDhgCDUrv8gosO9xkkn71jQrkjr7VDIwwcetLGw2E96Yrkynkc0rSdveog/eoy/zj60homZsMuOmeaJJMDPXBqEv82KGJaNsUih8/wAynt3qCC4ZRt6460rP+6U96plwJc+vpQlcmo7amgzZGR0NQSENn1qNJgjlW5B6Ukjc89DVJGXMmNZicjPNR+e65BOQKeSCPeoZFz0qhSQ5plYAg4NNadhxnI+tV50+XGaqqpR88gexp2My5PMqx7ueKreeCA2RSudwww496z5YRESUJAznGeKYkWXBPzRsB68dahF11V1IPqBxVCa4BLbiyKOhHSkWYsgCsHA7g5pGqh3J7qbepVhxWeXZG+Q5FXAASTkH1FVbyElS8Z6dqd7IqC6M1YNEm1CyFyCEJOEBHXHU5/P8qzbmCWGZEuUwvRWY8fnXfaTB5GjWcJYBhEuR3BIyf51l6lbpPazRy855Ueh56V5ccZLnaex6rwUeRW3OB1G3iRSS58zPIxkfnWXuwe/FdfeGGy0GaOZEa4nO1eOnPX8q409+1ddOpzq6FTg4qzL1rIN2V+UryBVzUWX5XQj5lBI9+9ZMLZcdh3pJLhmyM8VpcTp3lcH55qMmjdmjOevFBulYUN6ikzkHnpSAc96cOMgg4PFADfrSilUEHFAwRnpQITGRSAEHjqOaduwAB3pp5oGAYg5705W7jg+nrTCMHkUcZoFYuwDchBOB1qAn5uaWKTYjKRkGmluveglREz/OkHrSbj9KTv1oKsPDkADjGakSXaRnnvioKKYuUmdt+T/F3p0EzRHjvUHBNP2kBSeAelMTimrG2sSXFq0qYSToB61RuWkU7ZFAYcdKhhuGjTaOhOa0Jb2C4sWEy5mGMcU2cvLKEtrorWsUcu4S8v2xStaqFLZ+UHH41Wify5A3PHapHnJbjjvz3osaOMr6Fy0mRFCOgZc5aoLhMoSg/dk8VErKSST9B606O4cYU8qe1BPI07orFMHnNNxz7VtywoiQysMRSDjNVL2y8p90ZDRnuDU2LjVTdmUR14owVbOKsrCyqr478Y61IVMpVdvzk5BHFFi+dFR4sIWBGM9PSogOwq7dJtYEgqCOfc1HEGilVhgehIoGpaFcDjn86VVOCRz61NOu1yr4JB6g1PaxB7dgrjJP3cc49aAuUwuKcR69akkURnHvQq+YWO5QRzg96BjNuKntWeGRJkUnDdadBFGVzM+0EcY55rcvVjtdIiaDDAHrjvQRKXQv2zrIodgobqM9axNUuAty6sN4x1zVE38+4bXwB0GOlVZJGc/MxJosJQ6jmcliATir+mXHlElVJPpWajFW3A4Iq9Y3AViDGCx7ik0U9jpLfUleRVboeAQKsXxYwHy8bsetZVnPHIAyoBjqR2rUtp1lUlWViKkhoxb0NJCxfKnggHtWUwOctXSXab45fN4OODWVe2+FjZBhSvJp3GmZ+Ow5re0dR9nBdflz19KxCn3cHqcV0enrtt0jUgg8k0MJbBEALllU5GPwpzQEKSBncTzUkEYaQn0yKsSMQPl+6BzzQRchmTytKwxAYnNWrJnECx9yOtZ17J5kqp24z9aupKVuE9BxTQEdovl6gncg1pXyj7M47lgc1TkKtchxwQcVcv8A/j3JzjpVrchmcuQvPQmp4RUIXhfcVbgWthFy3XpWzYrlhWbaryK27BMkU0YVHod18P7fN5LMekaYH1NdpK+c4rnvBduYtOllxjzGwPoK25Bt45Pqa8+s7zNKOkCNiSeKaFBOT0/nQXA47VG8pHPftjtWZpoPkk2kcZc9B6VGwypeU5UdB61HuCKWkPzHpUBmy+5vXpTSb2HdIZNk/O3Q9BVZm45wCaluJ/MJJ4A6AVVY4OSeetaKJm5ajhGWbH5n0pZ7kBPLi4UdT61FcXDOAo4Xv71Ud8CqUb7ic7bCStiqcrVJK9VJGq0jJsjkbmmY4LHpnAHrT9uV3NwB3qOaTC56EjCj0HrTfkCIZ5MgquAvc+tUZZccLT5mxx2qnIeapIls8TDYPHJpWckYPYcVC7gDIOTTDOBwV/Xmue59LzWJ1+9xUqE8DpVFSWfr+VW7W3aWZEMgTewXc5wBk9T7UJi5y0pBUf3vUVBP6Y6/pUpjMbMMq5U4ypyDTMZ4IHrVM1vzIZAgY4PPHpmntEqgNkYPYnmmsSnPTsaBKC2TzxxSBJWsKCMAEfXFMJ2ng5Oe1K5x04OenWpEgYpvx8pNUhWfQSMjPHX1q5ahQxEhI4/M1Am1SBjkGplG5sjAGenpVJFxQ54wffNSRW+CPlqWPYW+Y4+gzU6AAHHzH61pYtRRG8JUDHAPrVm2gGNzDIA6dM1Hu5wefb0q1C+5MNwByeKZsooYGIc7TgGur0yQz2SNn5hwfwrkmXJ6Zrf8NykSNC5wW+YVE1dHJjqfNTuuh0EUvy/NyM4Nc9dbTPIqH5NxArcuFxhl4B4PtXPX6NHcbl+6x5+tclRaHjwK0ikZIGc81BeuwjWWMDKnmrLuUAbt3+lRQyxkhJB+7Y4NcrNDKeQq4ZeCCCcVs2zR3asZDtk28VkSxqJWVSSAeD60JKy8A8rzWTKNGViUMUnzKRg0yzcxxrDMCY2+4+f0qle3rCD5VO9hz6VWtbku6BvmHpWlOo4MynT5lY6FiEuVCHGRgn3qxC7YYHOc/pWdZzHeBIMqDn8Ku3FwiR+bE2SByBXq05c6TR5lRODsaFs7pH8rZGcn2q610RsB5U/oa5htV27mB28YIp8er74wGHyk4Jq2iUnY6SRwc5PWoYJGEnTg8E1QimWaIbZM47g1NbsVJ3vuwKTRXMaUjY/nVbzM4weab5vTnrVZm2ORnvmpKbL5fgc0sL5baehqr5gCA9acpyQVpWKJ5XxD61nyNxnNSXMpHyjt1qqG5qkjOo7jzJx1p8U+QFbpUDL3FV5GKEHtVHKrpmoXVR7etNLKwyjgVShuuCrj86jmUctCeO4pWsbxlcuvkjmq0iMvI/Kqqzt2JyKnF0SMMMrTV0KSGGQ4IIqncykZABxV13SQ/LwaryRK45Az+tMlKz1Mt1Eg5/HNRfYlWQOm7PscVcb9yx+6fqc1JHcbjghQfakzbma2KhjkY/dI9+9RoJUb5ZM/7xq+xibluao6g6LgdA1SxwbehI2q3drMJRI5YYBGflKjtUeo+JLu4ZDaxpDtOeRuJP41kzStH0OQeD3qIyRsOgX9axdGF72PQhKfKSald3V2fMuSWYcew/Cs0mtRflTIwoHtkVWmhRwDERn0rS1lZDhPXUpbsA00fpT5I2QkMMH3plSdCsOzge9AYYPTkY5pCCMZ4zyKTk0wHK2O9KCQN3bPWmUUwHFic8nnrRnmkFLkelAgBxS4+U8fj6Umc9aTNABRSZpaYxwHHt60dKVT27daJMAjaT05z60CEJHHrSHnk80lGeB/OgBR7ilz/hSA4xxSkj0wfanYQdfelB5pCKXpgHFIYue9OHNMp3YYzTEPfK4yCDjIzTcnPNDMznLMScY5OeBxSA0CFPXnpTl56UynoxRlIJyDkeooCxPNcyuscUjMUjG0Kf4alsrhYphvJMZGCKpMSxyxJyaQHipuS4JqxoWt0omw4yhPT0qW6nUwboyBhuAKywcU4SEKRgepp3JdJXuSvM743846USOzgEjjoBUQbAIxnP6UZyB7UF8o+Vw8hb1pYpNkgYZ4qM42985/CiKQxurLjKnIyMj8qAsT3LKW+XODzUI470hJNAoGie2jeVtsY3OegHU1rW99Amny210GLE/dFY8LGN1ZCQ3Yimvksc9femS43Jpzb7CIlcNu4JPaq9FAoBCjrUsYPOOwyaYiknjFSAdKBMkhkaI5RiD7VqWtyI8TICDkB17GskdKeGO3GaTVyWjsE23MO4YKkelVJoQLRY3XBUYqnpV232V4v4kG4Z7itMMsyIwPXnFRaxJzl3GIbjYQeRW1pH+ow3rxVfVLN/MWUL8g64qe1eMopt+NuCwJpjbua8dsQjbehOfpUdyojxGDxnJqKS9IVVQlS/GetNWUtsycnBpElG6O27HoOaswsZJMjiqs6ktuB61Nbcq2fwrQOhctxljzznrUsoklV5G+6rBaZCuFOOM1buW22scYwMnccd6a3JZWTlVHYVdt16VUiXmtG3XpWpmy9bL0re02PJGO9Y9qvzCus8L2ouNRtoz93cCfoOabdlcwnroekaZD9j0y3iIwVQZ+pp8nTJ/CpJZUB9cdBVKWYuTk/jXm6t3OhWSsRyEk46E087YUDMM9gPWmrtHztz6D1qrcyMzEn9KaVwvy6kcrmRyzH/61V3btmnM5x71EzYHqfetUrGTdxGIQfNyewqs7ckmlc5JJqF2qkiWwd6qyNT3bAzVZ2zVANdqiCl2wO/f0pzHNCKCCSeO9DBK4t28YVVTlF7+prMlbJJqxdS7jwMAdBVCRqcUDIpW61Wc1JI1V2arRB4ew5qJ1IOe1WSQMD+VM+UsPMBx7da42fSSQyAkNnvVwynaFOeBge1Vo1XPOatKuIw6hjg45poFG4nmHaRnJHepFRwm4YI9c0yNN7ZIP8qmAyuBxjj609S0iCdyRzzioCxzwatOgAIHJ9aVLYOMkHB54oDlbK6NggZ4PWtGKdimzO1fQVmmNg+AOKtKQqgZy2eSTx+FXEcW0aFzaNbrbszwv5sYlAjcMQMkYbHQ8dKRR/wABOKhjkVfv9CO1TK4YYWtEaxJEOPepYyO3/wCqoUAz1+U1KGUjGMYqzREyIx+bt65qaMHPXrTrG2aXG3kHj2q/Fa4ySOnrVKJtEZBEWOSPfirSMIrpJFGCD19algQKOoOR+tQyjJYd/aiUdDScFKFjqVKywZzkMM/SsK/TmRG5PUVb0mfEGCc+X1HqDSamF4dDnFcc10PmakPZzaMTPmxEZ69KzpNyscj5emavsPLmO37vUVHcqHRx/ERkY9a4ZIpGXvIYrjpzTJSSwYEc8U91IbPpTGAA5GRWTRZDcyPNHk/eXj8Khs5VScbhweDU0h2uoHIPeoPIJk+XaMnuwGKQjftVEhwxw2flJqO4Rra4OTiJ+CDVWOVFVcygsnGB3/GtC3mjvIHimXnGVOea6cPX9m7M5a1HnVzPurZo2GTmNhkMOhrPJeM9SVPQ1tJNNafuHUPF6N0qOS1guI90R2k9R1r1FJSV0cSk6ekkQ6RelJQmSCTmulhkSVdynjHWuXl01kBdH3lR24rQ0GYtDLGeMNkgntQKfLL3omr52QcdRzipC4kjDjFVV4lwT3qsZTaXLqxO1jwPY96TRKdzVtn3fKasIQhAJ+lZImKOCOQeRitISLLEpHWoZcXdDLoEnOetVckHjpVrdlearSjaaaYNaXFL988VFIPxBpC2QQabyRgntVJmEoleXMZ3ZO3+VO8w7TtNI5B+U4NVyGjztyU/lVbkrQhkunVyxXj1qzFOktuZFPK/eHf8KqTgrh1wc02ONWXAXa+c8d6lnSkmi35i5yjA98VJ5uV9G7EVl42k4PHcdxU8Uv8AC7AnsfWncJQViWcbgS6596z5AyHcvb3q5K5U8Hg1SmlGcd+4ouEL7EE+osGUbNvaqV1deauTnINWpYknjx6dPUVQuLdol3ZBFSzrpKHzGPMXX9CahJpppDmpOtRsSxzOhyp49PWpPOXG5flPdc1WzikpicUXHvGkjKPg8YGRVInmgjgH14pfcUmOKS2EzRjg8iiigoBR9RmiigBaKKCaBBStgdCDSUlAxeepoFFApgO3Z6803ml7Hik+tMQYpKXr1o70AKQRjI7ZpR19KSl60AABJwD+tODNs28Yzu6U0jinfKFXaTu5z6VICCl4I/rSCimAvNLTfSnYI6+maLiFA5pcEn5ecUEAHg5GKdHknC9W4+tFxMNxKhT0BzipJ4wgTaDhlB59aainvjg85q5eSKY0VlAdVwBQkZOTTVjOI+tFH86KRsKeDSmhQSDjsMmjvQAmD70d6cR0pMYpiHDoc0oQnJ9OuaQcUpyWyck0APiIAOc9Pl+tI7FzlvvE9aD0Azn+lOiQySKi/eYgCgQ0qR19KQCp5ZXYIjncIxtUegyT/MmmIoO4kgYGfr7UxCAcCnLSL/8AXp/XknmmIMk9eaOe9KBS4oESW0rQyB17dj3rWtbw703qoRhx7GscD2q1AwZNknbkUmhM6qMBgd2OR+dYpTyGkUKDhq0bJwYFUMMqADzUd3CjzNuYKxXOakkqyusjwqBgAZ/GlilJdeu0GoyoGS/3sYGDSDIVRnqKALWPMRiMDaOlOt0wfrT7RSsTnAJYbcVYgiAVz3FNMRYRfugdRVi+j2xQk4yQRUdshLA561LqBy8YHYVSepLIoV6Vo2ygEZGapwLWlbr0zWxlJl+yjywNd/4Ittvn3LdFGxfxrjLCPJGO9emaLbi00uKMj5j8zfjWNZ2iZR1kXJG4+tQNklQDTnYk0KQqnPU9K5jTccduMHgDoO5qlMWdunJqzHJhydoY4wM1BOQv+8aErMctis/BxUUjDtSu3WoHatUYjHbNQtwOaexx1qCRutMZHI2SarsakkP51Ax/OmAcEY5JNR3D7FwDyeo9Ka8m3pwapyvRYadhsj5zVWRqe7VWlbmqRLI5GqBmpXbrULtVoVjxwjP1p9tGjTRrKTsLDcR1Azzj3p7R+uMkVJDFvKgEAk4yeg+tcSPpuUikQLnHTJFNG8YwDxU5X5mA9frViOJSMYOCOxqi0VYsngscVZVSFJU5A/SllgEZ4YHjI5qLzDjGeKDRJWHqeTwAQeKtQ7WT5sgnsKroVA5PFL50aOSnT3poWw+eMKMgciqD43YwfQ1cuLhGHy5yaqADk5z6VREtdhVJYjPNXYsAHoKrwkdCBwPpinIxDA5471UWOOhbztToc1B5p3Yz09aHk3YxyPSmxqCx3Ake1VcqUux0GnXCGJc5DZ/Ktu2uWikWVWUupyMjcOnoa5W0Gw5rYtpgAA2eRW0ZaWNoX6lx3xxj8qjJcsGJ4I6mnRrvIbqOlSOvTIA4otc15tCawbyZlzna3ymrkq7WaNjweV9jVDIVABjn0q5H/pFvk/eTrXPWh1PLxtO75yjLDhjweO1VZcggDp1FbYQOgPfofcVm38BhmPO5T0PrXFUj1OFMw7xCHyP4v0NV+q89RWhecFeMox5FVZYgd4X8PesGi0yukYdGGcY5FU7hSPvduM1cBIYEAkinTqJ4964BHUYqbXAy0LDg+uauxzB0O1D5vcKcfjVN0IYhhx60sSFSzllUDpnvWY90dAji9jKucOgAAPeqiK9pOG7fzpbadJwWZVWQccA8irVxJb+Qv2hxtbuAcVvRrODOarS5kQveiJVbgqxPbpVO4JWTzLdwG7haiunaGDEYWW367qqRXmOCAoznivUjNSWhwxoOGxv2moB2Mcu1XIBq3fIJrUSAjzY8j6iualmWb59wLLgE+tattJKkKbjuVhwf6VRMopaksN7uiVZBjHyg09b0wN1JKnBHY1SSFfMzglCcn2p07RuFJQ7NxBbPJoDTodDb3CXMO9Ka7ZBB7Vnac8calYGJB5IJ6GrbvuG4HmptqO4wkg9eKa7ECkMgAyfu9/apBtdOxHtTIkU3JzxTN5+tTumOlVZMg5/OtEZWuxk6ZbcmB6iqoujAxSQc/qKtZ5x2NUb942BWThx0NSzek7uzJjPDKvDbX7VVeYq+H61nFiD1pRLuG1+R2PpUnWqVjSNwRhWOVI4aqc7YJO7DD3qGOZtxXgg8H3pLhgy7wPl6EelK4407MUTbsbSQ36Gp47lZVMcuAelZZYg0u45z3oubukmPuYTDJg8g8g1DjNTiffHslGR2J7VCcqcUFxbtqIaTvQTim0XKFP0Ip8ZXYysMdw3p/wDrphyepozg8cdqQCkkqF7Ckwc9KM0vSmAUUUUALSUtFACUgPXNLQaAAcUYoFFAAO+aMUtGKYhKB1paUY70DEHWnjI4PT6U3FKDQA+Y5YZAGB0ApmKOtLSASlooI5oEHegdaKKBjgQDzkj2pMnPFJ1pxHY8UhWFUkEH8adI5kbPTjpTccZ464owdpPpTFYB7jtxijtR9aBQA7HApQKUDPSgUwFY5CjAGBikxxQeBSr1oARVLEBRk+lL9aUDnijGOtIQgqWEDPNMA9qklUI20EZHX60AyM5JpaQZpyg0wBeDxTxSKpPTmnLjPOaZLHCnHk9APpSAU8dKZIsS5JzTlBzxSxjmnJwwNAmaOjkkuSeOOKvXi75VwcEg5qhpny3LLjhhVyUE7jngHFQ1qIiuURoo3UHjg1HEu4lhjK9O9aiQq9oqEgBuTVSBFbCJgH19aQE0A/dg++atKcHGBk8mogCmE7jrUkY3vx9KEIvw/MUVegpt2S0+3H3RirFomMcc1DP8105PrVR+Ih7DoQcitS1U5FU4E5FbFlHkg1uYTZ0Hhm0FzfRIR8o+Y/QV6C3zEBRWD4QsxFZtO4+aQ4HsBW25wcCuSrLmlYKasriSgISAQT6iowhbk1aityRufgU24ZEXJ4HpWPN0Rso9WVGIjBY8HtVB2OafPKWbJ/AVWZs1rFGU5XEdqhJ9aVjmonarMxHaqztmnu1V5GpoBrt6VXlfHFPkbHA61VkOKYDXbiq0jU53qtI1MYx3qvI1Pdqgc00FiJzUTtSyPzUDGqQWPLoYy8mM1ZRQD2qoHVACDmp1mL4Vh71xJH0akShOdwwQRT1JVWIGeDnBqPzVQgkcVTluC7HC4UnHWnsNyHSzMW6nmmKxLcnOe9Rkk5zn8qRHAYZ6ZoJUmaIAEQyefpVRwQeCDTmuRnA9MGmq+4ntmnc0bTFjAyC2SB1x1p+3ADZA5ximHHGG6dabuJztoQaJE4YL6EEVIgG4jcCPUd6rhS3PepITtPOQatCUiZjgkdRntQkrBsLnHXFBUsARSKrA8c1aKb7GnbTpJjIx7AVowKZXVYwMnpWHBuU4C5Fa+nxsZ87gAvJNaRZrFux0sERhtxGQM55P9KjmjAj3Z79M9Kqy3bQRgnp71C16sgyCSa2ui43W4+Tce5q1p03l3ADZ8tvlaqBmVsA+lTRNuXIyfaokuZGdSPOrM6NI9su1sYY/lWfqqbUKOOV5Bq/p8omtMsfmX5W/pTL5PtFuyj/XJ6964JxtdHjSXLKzOVuhuTn6iqRBDHitCaJl5A4/kagZVYEEnd2rkaLRRPPPvjikiO2UqDjPTPellyj7hUDkpID1rPYdia5WOR+YgpI52nvVMqOjDIFW1dWT5vXr1x9aVmTzF2xKCevJIoauIpeWY2DRk49KuLIJoyroAMdv50s5jERxGqkcHaTwfxqKSWPO7LMOMEHBqXGwmUwZLedlX5kPG3sRUd3Yh1861yeMtH/Ev+Iqe6kWUDC4K8dOadaRSyESQttcd881pTqODuhSjcyASp54YVqadqkkKmKVRJF2z2+lOuI4pZCt7GYZscSqvDH3H9RWfPA8B2uVIHIIPBr0aVaMzmqU1Lc3YrlJSCjDacjFTwyID5brhvWuYWbAA5BHoetaVveCUJvJ3jj6itr3OaVBpaF4I9tdB1/1bnGRWkHO0OB9azbW6WTMb4yPXrVqF1VyH+VW4/GmYybvZllgHUjseoqlE01pLjBaLt7VOHEMmxs4PKmiRd2R/FSKTsTFxIvmKevUVDIAQagjdom5BA9BU5AcblIHtTRm42KjqUPrVPUYDJGJIznHUVoSZHBFUZwVyVz+FNl0207oxXBBORzUTHFarAMRvUGqV3bFDvTlKho9GFRN2ZV3EEGl807yex6imkU3rUnRZMcyj7ycr/Ko6cp2nih8E5AxntSGhtHNGKKYwz60spXI2rjAx1zn3pvXpTpI2j27wRuAYZ9DTuIZRRRSGLRR2oFAhaWkpe1UIAKDS9qKBjaDzS0hpAFGKWjFAAKXpRS0xB1pO9LRQAUUUUAL2xS96QUvbmgBTz1ptGaKAEJooox0OaQDlJJLFucd6MUUoGaAFFKvTnvTc0opgGDSjIII7UAU4AnJHakIXJJ569aAPWgUopiACpVWPyWJz5mRge3eo8e9OxSAQUvv1zSgfLkkUpJChT0J3YoQDrdQZRkgAcnJ9KbM/myFvXmkYckAED3pBmgEh2OQOvGacBxnPNNUEninLTQDgM05RmkHXipE46jPpTIbEAp/J5NGKcvSmIUClAoFOApiLuny7XwRycYNXXH3xnILVUsI/wB4rsPlFXc+Zu5Awc/zrN7kk8TBbV1YnjpUaRFQrJ0680s7GOGNQRk8mpEffAqgdO9IYqAlmJ5PX8au2sf3W/KoLdPyrRt48nA7CmIlRvLUk9QM1WhGSSep5qadcxnOBk4pbdOlaU11M5suWydOK6HR7Rri5ihjGWY4rJs48kV6J4Islhje8lXLH5Ywf1NVUlyxucz952OhghW3tkjXgKABT0CIN8hwO1LNLk7mA9gOlVZCXOWP4Vwas3Voiz3jknZ8q/rVCaUuSWOafKwycVWc1aikRKbZG7VA7elSOSahbitERcYxxVeR+aWVutV3aqQgdqgduaHaoWamA2RqrStipZCACc9KpyvzTGMck1A5x1pZHqvI2aCkhsjVBI1DNUTGgdhjmmd+etOx82Bkt6Ux22qT3PcUcw7HkwJz8tWYCpUl3wQuV4zk+nt9ag2jIwcdgaHb5snJ/rXKtD2i1w2SMHJqBgEkPpSxuCM9qcwUjGO2etUWN35ULgY6ccVXZceuO9TMGC8DgdaiG5yFHfoKTFJjVHIGferSKMDBO7vjpSRwknng1ZFuQcgGrSErjDBxn1PFK0QHAOatxJyAR70NGpPX6VdjRRZWjUYIPQdqeUz93Oac8e0/KaswwEqcgHjHXFJIepWicg88ds1YijDt3z2pFhIbjGOpzVuNcY64HPFUjanG71LFnCqqwYDJGMnjFXYIvKUkA4PvUMBJBLfrVoA5GW61pE67IqXbnbxnGMc1UKnO5AfetC5VduAc8c+lRW8R3eop2Jcbsjtg5bHqcCtGJ1iVlI+bIGc9KUW+PuZ46VA0bK+08HpTL9noa2l3S290ATmKT5WrVuw8VyGHbr71zUKMTjGce9dHAWnsl3/6xOD/AErKrDqeTjqLj76KN1AhDHor8j61i3MZjkBHauilUsGV/p9DWXNEHTDDnoa4KiOKLMaRN4II96qSowUjHStFlwSM4IphjDpuB6cfjXO0WZinDDd0PWnFg6FWXHPBzT2gJY7GAI556GonJGdvJx09KQE9swGWBBU9Qf51Wu4ShDgAKT69KLc/eGcnt61Zj4kOcEFeSaBbFee1ZERzlkdc5x0pQ0kHliMh1xvA6Yz2rVtGZcxy5MLcYP1rXk0+zkt2kniPyrgHOMVap3VyHLuY92pu7JdwXJA7Yzisy2gWZ2gl3BegwMnir9zJBB+6iwUX7uD781mtKI5vMTKv9c8Vndpj30KN1amFcqMoe5qGKFi42dc8A8VoPLuZy6kZ6ioGjXeDD35wfWuuliOkiJQsQl380tgBx14rRW8/0bc+Tg9vWqMrktlzgj25FLCjNHIoIJboR3ruTvqc04p7m/BcJc23IBP8qlQrKgZG5HHPWubtJmiOADn0rWV/LIkTJRx8wpnPOnysuTcoWX7wqqJwDg8etSSXCjG7gMKybubynKjJU9Ce1FxQg5aM03nGdpwRUTbH+6QDjvWQ9wWKlTwOlOFyTye3Wi5p7BrYutGQ2dtLsBHT6j1qkNRwSDkilj1JAfukfypXK9nNdCG8s9oMkQyncelZ5HNb63CS5aLnHVfWqc9mJGLRY56ik1fY6KdVrSRlkEUAZ4zU0yMhw3GKg6GpZ0xdxDSfWlpDTLE7jFHajvRtOM4yOmaQAKWgUp5PQfhTQhKBRQKBDuoopBSimAtFAopiFpKQUtAwoooHSkIMUc0tFMA7Yxz60UuKMUgCgHFFFMAopKWgAooopAGKKWimAdKM0EUtIAHtS9etAFOAoBgODRyTk9zSgUuKBAKUUg496cPpQIft4HI5o68GkApygYOSc9qYAc45444FGF4wT7+1Kee/FJiiwh0o+Y/45pApwT1xSn26U4/dABOKAG4pQKUClAzQgFFSAUiinqPSqRIoFPHGR/kUKPWlxTJADNOApVGM5GcinKO+aBF6xJ8vnkA8VNCDvf1zVeElYc56nNWgArqwyAQDUEtiXDFpzge1XbaLfgc8DJqqyMkgZhjNalumyMA9T1oY7k0CBVJPSrVkp/eP2IqB2AQKg5PFXFHlQGlYkgk+ZwOwq1bx9KrQJubJrXtIvmGa2irGE5GhpFo9xcRwxjLOcCvULeNba3jiT7qAKK53wbp/lxNeSLgt8sf9TXSE561z1pXdkKmuo08k1BM/anyPxwaqSHH1rNIbI5DzUDt6U+Q9ahY+taIkaxwKrStzUkr8VUkeqSJY2RqrO1OdqgY0xDWbmoXfApZHAFV5G4JNMpDJGJqtI1Pkaq8jUFJEcjVWdqmbnnoKrswBz296VykhDxyevpUEjdcdaV3JJNQSOQKRQjMDj5ue+KhlkLNjk9gKV22rVczFc470DPPTCdoI5HcjpTJQEHTDj+VH2h9oQN0OaawzGrFgSSRt7gf5/lWWh69xmemBirNqm88jgfrUESdCKswklduOlCKiNuAp+6MDvzUcS4Iq15Z3EdRmpBBjlCcYyeOlOwOOo9IsAEjNWVAzzyDzTIMAEMASTxk4qxuUxgbfm3fez1HpirWhpEaVUgEZ9OfWgoSvsTgZp+MjAP8A+upEXjpx64qjUgEQ9Dn+dSAlcZqxkDk4zioSpc7jgUhChdwz05qWNSD1HFPiRWiJBwwIwuOo9c0qLjtx7UGkJEsPyjPrVgEdeKpFz255qZJOTkA8YqkzdSJHyVwD9RUtr8h5RTx3qOMnBAwc8c1YhAOPUCqRorblpE+UN+vamFNzcgHinB8KVzwOwpvQ4qi1JFqyiUOpdc+wrWaA2cw8wMAwHB5yD0NZEDBCOnPtV92eXncTgckn9KvdWJq041I2Y67AQ7gM+vuKzrvl94ACnpWnEPPiKPywHB9RWXMuwtE3/Ac159aHKz5ypSdOfKzOvECsHUdaqRvskHA2t1BFXxyDG5HPTNUpkKkg1ySBEM6HcT74qoU2vjAG7vV3HHNRvHvXC5PpioaAqMn71XHy4HOBV1bRjIqsNrckHpVeIMSEB+bOME1O8x+0fOC3G3I/LIpxS6iZamUwWseWRt3Qnt9Kiu9S8y3WJmkA/iK96p3U2UKnL+nYiqjTqyFH49CO1W5dCVHuV5JtrYRgw9TTHb7zoAVPYdjUMgKkhsdPWoznggnisGjSxfeeK5UGQbHAxkDr9ahlRoxx17EdDVUFhwKmRwB8wPPHsKnYLE7QPICZQQ+3INVY5HhfB47kVfjlLAq/IHykdMf402SGOb5CcMOjeldNGvyaPYylTTK8rfKHjbknk46Ve08F1kQ/dxkGsiSOS3Yhunr2NTW8zBkKt04xXoRlzK6OWVNpWNIwu4aM9PX0qnPA+NkmeOhFaPDkSocHHQ96Y12jq6PG2QM1W5jGUk9DGMDqpOOhpEfawOMj09asG6YNtYDA/PFJIiSrvhOD6UjrUn1KVxHsPXIPT6VXNXJi3l7SM1Tcc0jeDugR2XocVfsb4xMFl5U/pWdg96VQT0BpXsEoKSszoZooruD5SN3Y1iXELROVYYot7l4HG0/L3FaJZLuI5xnt7U73MVek7dDIpVCk4bNaD6awAIcZ7VWmt3ibDD8aRsqsZaJkDKB0NNBOMdqkEbHoDTCpBweDQWORFYH59re4602jFLTAbRS4oxQAuOOOvegUCimAtFFFMQdqQUtFIAoopQKYAKKMUUALRRS4oAKMUoFGKBCAUU7FIaAuJRS0UBcSloxSgUAJSgUuKUCgLigcUUtAFAgpcU4AY96cowc96QDRz6dMdKUdvanYoFMAFKo564pRx2zRTEGMilVSxAHJPagCnLwRimIFRicYOemKUgjg9RUuGQBwSCelMxSENApwHpS4pwFCQNgoqRRSAVIBVEthilApwFOApiGgce9SL0GKQLUiLSETg/u1X05q4DiAF/TAqogyRV19pQAEE0miR6q812pfkHH4VrQICelVrRMuegwBWlAowW7CpYNjY48yZ7jipblhhY17cn60kT4G8/hREhZiT3qoq5EnZE9pHyOK6HRLJry6jhTufmPoKyraPGAK9F8Mad9ishLIP3sgz9B2FXOXLE5viZtRKsMKxxDCKMAe1I544pCeajkbjiuM2GO/pVZzUjdOagkNUkQ2RuaqyPxUkr1WYqQxYkegHerQiKR85qCRuOaVzzUMje/NWSNY1BI2PaleQAHIyfrVWeXdwOKCkhkj5P0qBiT3p+N3eoncAYXv3pXKsRv9agldVOOvvTpZNoz1NUpXJY59aBodJIWB9KrO3G49KHbJwTUEz5O0dKCrCGTkEjI9Kgkk5yaViAMk1WdsmgoSRic1A7D1pzk1XdhzQM4Nm4zxnNLEfmFMdsnke2KngOFZe57+lc63PWRYiJClQcBuD71Yiix0xg98VXiOVxt+YdCKuwkiLBI2ZzWiNBERQ2GIwalXaExwCTjk0zHUkZHpjpQRjn730FUFx5zxjr6+tKmVO0/jUIYdO44zU0a/KCMkHrRuJPsWU2kKc5OOas42dfTI5qqgxng8VLFIcH5sDpimajn+YnikYAHaGBwOtDHnPBNNAPboaYnIswgrllwcdz0pSwK9gAOuKjQMTgH3NPUHkEGixSkMA5qVFI5Jwe2aVk79PSnqp3A4/GmkaJkkQ6+pq7DEWAwPf6VBCnHC89Pr+FWUYBsjgelWkXz9ESPGQinjJ75qNOpDZ+tTI27IBp+3POOe9NJgpPqM3Y6duKsW8qqQGqswCD5m5PY1Cz4J5Jp7HQpXRr3E8SyB7Zmx15/lT7yJLu3W4h/EehrD3ll7mruk3ghuNj/6mThvb3rOrHmRx4ujzx5luipcR5+YdahaLzF7ZFb19biGQ45V+mR0NZUqlXyVwfQV5042Z5KZSa2byXYclRkj29RTdNk2zqDgbuOa17PBJPfB49u9V59OC3SSQvmJuh9PapS6gzM8RWxgu1kiXCuMjHHPeqXmfuFDH506HHauru4Bd2RicEyJyuPWuYmjIJDdulTUVnoEXcjlCTJuI/eNnOP8KoXMAQNsYHHbvU8gKMCB9aZLL5rZJG7pnFZ3KM98ng/d6fSmhc8AfrUzqdxA/OkjAVhuyKW4yNY2xk4x9acIt29gQFUZJNWpiEjjMZHTkkYqOJTKrDcAuc8nGKGhXKp35wDwORVqCXeMOcSdM+tOMSPGCrEtjof6UxLVyNyDPcgUguid13pskXj3rOntzEd0eSo6+1XkuWHEiKwHGTSRSCdivCk9PetKdVwehEo3KUVyy8EkgVciurdpNzk7z1JqvPaktlB+FU3jZchgVIr0YVYzWhzTpJmnqiKIAyIMZzuX0rMSfyydvQ8YrQ0y4SJWjmfKN7ZxT7rTYZvmtG+b+72qyIyUfdkZ7TI4AIqvKgzlfumny27xnDqQRQoZCAR+FBvG0fhKxB5p8EjxSK6HDKcg1oKI5MfKBTjZxsRj5aVn0G6y2aIdTRZZRJGgRyAXUdM46iqkDtG3BwauT27QMGHKngU1rdnXeEIBPXtSclHcUXdWJftgaHHRqj88vgScj1oS1bJ2spwCSBzTHhKx7uq561MakZbMFTSIZDtc4PToRTGYt1JpWGDTcVZugopQKKYCUmKXFFACUtFFFwD6UUUUXAKKUdKMUAApaKWmIKMU7FAFFgG0tLQBQAoFGKUUYpgJSU7FJigQlGKcBRikAmKUCnBTS4oBiAUuKcBTsU7CuMxmnBacFp2OKBXEApcClHIpcUWC4mKCOadtxShaAuNxntSgU4KSKUDimK40CnIoJAOB9aUCnAUxXEPJoxTgKeBSAYFqQLShaeFpiuMC08Cnhadt4oENVakApQKeBTsIaBUqrShakVaBNiquCKsQrlx70xVzU8KHOaCbmhaoTuwev61peXthCg8twagsFxGpxx1qdnO8nsvT61HULjGX95gdBxV2CPgVWt48tzW5pNk93dRwxjJY9fStVojCpI2vCulC5nE0y/uYz/30fSu45PSobG2S1tkhjHyqOvr71M7YHHSuSpPmYRVkNfj61BIwHWld/Sq8kmM+tJIGNeTJqvK/pSO3NQu1WkSMkaq0hqR29KrOc1Qxjn0qtI+M4qSVuCAeKpSt7/lTEIxLnA6mo7pRE4Tdk4yanhdYAZWGX/gX+tUbiVnfcxyxPJqb3ZaVkNkcKMN/3z6fWq7MxORmmyNlj3FRs/X1qgsRSyZbH5VXkfGT1Jp7DgtngVWfJOc8etBSQxn9PzqNmwDnHtQzDt0qCR6CkMkbJqBmpXeoGbNAxHbriomI9qHNQu4oGczaraq8IuEYjcDJtPUegHrTtRS0W+mGnmQ2m8+UZcBtvbOO9Uy28jb6fnU0YJAA5qOZNWPSUbO5LAoyF59a0FBWLCggDrVaHjLEZwPpUnmkJgHgnmjY2iOUYbByy+x6ikYA5I454B5peDgnkfrShsEMmcCkmW4iIit1bB96mT7uccCowDndg5zg+9WYlJAwp3dvetIohaDhgoAvX+dMGUJLHvViIcZ3BR0PGccVUkBHI/I802rDbuPL7jnp6VNCC2P5VTXLFffgdqtRPt+X+L1FCJuXYlB5Oc1ZWNQoODnPp2qtAMkc5/GranGc9D6Uy4jo4zI4Ug8DAAqxHCqc8Htg8VBFMYmyhw1P+0blUBcY9qDZNDMsj5BPHPFDS84H54pJMKPlJPr2qIEE/MB0xxxVJmiRoWcgIOQOKvbkC5xnj16VjRvsAIIP9KeJyeCatMOW7J5n+Y46elRpgrgjk9CelNBHUnknpUiFdw35A9qRrFjC3GAMHv71GrYbGOadLgkketRKrBgQKljbOl024F1aGCUZdRwfUVDNDjKY+b+dZ1u7xzCRMgjkCt0lbqHzlABPUDsawqU76nj4qj7OXMtmZcaFJVdeO+Kvwxq75bIPUDsaiZcgjB3Co1uPLcLIcYNctrHLcsXqeXIsqgqMfrWTq2niRPtNsMqRlwOxreYie2Ixu7/WsiO8+zysMgxngqex9KJpNAjlZMjggbTxzVGQbGI9a6q6sob9HksiBMuS8J4/KubnRlJR1KuvY9q5ZKxqmQqwxzwfWmzrv575zScA0HryeKi5REGJznJx2qSMoBhsjvkDNIwDY/mKQocAg5AouFiV5QcMEQnHPp+VSJcy7VjR9qEYwowKgbA+7xkZoUheoyKdxWEu4yHOcD15qIRSIysBnuOetWWAcDOAen1pJFjRVO47x2FIEI1wzIh2qCpwferqQJPD5ihWyPmXHQ1nMM57ZqS2le3YFSRn9aadhOJHPZKWzGSpPY8iqmbi1kyNy9s9q6SJoLiLLff9R/hUU9gzR/dLJ9K6aeIlHcylTTMX7aZBtmGfemXEYZVaJgatT6aFYkNtHoaYkCpnDnjpgVt9YgZ+yad4lEZz2BFWIw7Al22gdzT8Eyb+p/lTeWPfPvWVTEvaJp7O+5IblAFCruI7vzULyyOuGbPp7U3ZkgDj3NK1uC3ysCPauRtt6migkaGhIftJkO0JjBB6fjTtVhjF3sXAVlGRnoaWD/Ro1BOQ3zH8qrXpy6NgjNdGFi3LmIrPTlRBLagKD/D/AHqpugVuDkVpRylhhhkU6WzSWHdD94ckV6BhCo07SMnbk8ZzSMCOCOasLA7NwDUcqEMc9aDoUk2Q0U7FIRSKEIoxxTjQBTAQCjFOxQBTEJilApwFL2pgNAoxT8UYpgNxRTgKMUCuJilxSgYpcUgEAoxTsUAUANxRin4oxQAzbTgvNOC08LTFcZijFSbaNtMVxuKUD1p2KULQAgHNOxSgU4CgQ0Cn4AApQKXFMTG4oIp+PSjbSsIbjilxTwKUDiiw7jVFOxTgtOAqibjQtOC04LTwtFguNC08LTgtOC0WEIAcU8LShelSKtVYVxuynqlPC1Iq0CuNVOKkVacq1MiUE3GxpV2zh3Pg9KjRK0rOPYm4jmpYE20RxjHfgU5V4Cj8aFy75x8o4Aq5bQbiPU0ooicrElrB04r0XwxpQsbTzZRieQf98j0rL8LaOGYXU6/Ip+UH+I11bt1xxWdWf2UZxV3dis4FQO3WhmqFmJNZJFNhIwwfWqshqR2qvK1UiWRSNioWb3pWbmomPc/hVCGyHiqshxn3qV3yCWPFVJH5OOtMYyV/XrUYRfLeR+g6D1NKFMj4HUnpT9RMaRpArgBeTjrmpb6FJdTODM0hdzVaeQFicfhS3D/vGA4A4qq7dhVIYhJNQSNj609zgYquzZPtTBCMS3eoJmzwOAOlOd+OOlQSNQURSP2qs7U+VqrO3NA0I7VA7UrnioWagqwjtULN1xQx96jY5+lIpI5SLjJwcirls2xhkZ56GoFUqSPTripox+PvWMND0ix0xhgTnmmFmVznjtilTI5z0p0iszZbvySe9W9Skw35Gc1KJCTg9BzimOhjYKM8qCcrjB61ZgiWVvncDqc4JHSmkHMx0cmQVPC9cD19afFKoBy2MdMetRiHcDgEt2/rUHlMXwGwD61eqE2WjNk8kZznrRIowp9smoUVVXq24HA461IrljlgSego3DmDHAK/e68VMq7SrdPxp6iMKGIIGelJ5yZIQZ544qrWJU7lu2BZuPm+lXYxjggn8Kz4JPmCjpjtWrZgtt3AY9TTSNY6kJGeTwacp2qSQDxxzWjdQQrzHJvXjBIxz3qjKu1goAHem4midiAsTz15qZVP3ht59ah4LAKM89jVgSMV8vjGcgGixp7TQhLDPPrT/l2qQeSeRjt9aZdW8sDI0sTxrINyFlIDD1HrSpt5ye1CY4y5tiaNxxkDHpS5VhnoaixjBHak5PI5pmnMTKnzYJq5Bbs0Zf8AhBwcnvVWBz1JzirqyALhaQcwzywuRirthM0TgHlDwahEe98881ZjgOTnGR6Ubk1VGUbMuTR/MGU+496y9SjO0vH06MDWjASFCN+BPaq90hQ46g9R6VzVY2PGqQdOVipo14wkEEhxk8UniKwYIbiM/Ln5h6e9MWzBn5ba/wDCegq7czyR2wWQEAgqSea5+lmSctBMyzhkYq46HNb1o9tq6mG/hTzcYDjgt/8AXrBuY9j5Xp6itTSFhdoyZTvyCBnHOfWs49mU+5FeeFwEne2mYsg3BMZz7ZrlnUjORz3r1oLwro3bBrl9c8Pi6kaexIDnl06D6iidG+sRQqdzigMd+KVRir99pV1ZxJLNHiNu4OcH3qiRwM5rncXHRmyaewo5wGPsKVU3EDB9sUqJuGTwBT1IVcqcEetITIWUhutAw2Q/4GpMBlOOtRkY70CF2AJ079aa6nb6+lTqVdcHio3jZUyAWXPWk0NSIoXMTBlzkVtJq+IwGgiL/wB45rIiTccnGKkKBfvZz+lCGya9vGumy21RjoowKptzGc4/OlfAPOOaRhxlelXcXKRbRnjqfemsjhd2CAeM4qRRzin7VK8DpSCxWSMk8ZNWLeNvN2nkE/WhAMY6D1q5ZOI3U8ZHAJHFSxkWoKFcBGBwOnSoZ2DLH5npVi/AkmOzHC9Sap3L5RAB0r0MOrQRy1dZDmjRl/d8GmxStAdrL9OajicjgZqVmEnDqfwrpMbNaMbLMjEHOD0OKrSSLuPGVp0sJXkcr7VCRRc3hCPQY4BOV6UzHNSFaTFBqM70Yp2OaULQFxuMGnYp2OKAKqwhAKXFOAp2KAuNA96MU7FLigQzFKFp22lxQA3bSgUuKcBTFcbtpAKkxSAc0WC43HNKFp4FLiiwXGgU5RzShacBimJsbijFSYpQtArkYWlC80/bS45phcbinAUoFPAoENApQtP204CgLkYWlC+1SgUu2mK5FtpQvFSbacFoFcYFp2KftpQtOwhoUU8LTlWnqtMLjQtPC809VqQLzQTcjC1Iq04LUgSmA1VqVFpypUyJQJjUSpkSnolWI4qTENhjywrQC8ZHToBTbeLHJHFWo49zACo3E2OtoOAcV0vh3SmvJxkYjXlm9KqaVYPd3CRRL17+lehWVtFY2Yii7dT6mlOfKrGL95koVIoxGgwijAFQucmnHJqKRgOlYIoTI71C2aVjnk9KrySE8DgU7ANlkxwKrO2ac7ZNQE8GqsK4jtioJH9+aJGqu7+lMQyVieM8VXducDr2ApztmlZ4re23nJnf7o9BSbsWlcieUW6cf61h27Vnhth8xySewzRJLli3U+9VJH3HJppDEkky3pmoic8+lNYgnNML+vSmApUsTj8TVWR/alklLHHO2oHbFAxsr5NTWdqLhJJJJBHGnf3qnI3WoWlcrsDHb1xniiwxLnaHYIcr2NVpmAwFH4mnSNz61Xds0FIYxzUDtj609zgdahfnpk0ikNb+dIwA69fSgtgf7XrUTNSKMK32qzFgCMcZqRWBIz8vGOO9RqCRjHIpONmSeQemKzWh6BbeQuVJHGMflVi3jDkAEAg9zWcsh79TUglOz5cj+tUmNGjcFGJKLjjHXPNLEQE6kHGQRzis0SsGGfrircUgBBkB2g5IWrTQN2J45ChPJ3Hjr1qNvlOeDjrUSyowbHXPC1IiscDHJ6YovcXMEWxnO+TaME5IznA4H9KYJPnyATn3pJ0Kn7w6frUY4X5gTnmkmS9Se4kkdVfaqgcADpTbW6MHmAhGDjacrkj3B7VAz5cckgd/ShcMQQpyB+dDbuK2ljWlvlunjMUEUAVFUrGDzj+I5PU96vQXXlrjdwf0rAt32liTmr8LHrwc1UZG8NDb+0F0O0nHvVKefOQTg9c1FHKRgluM/Sm3DDblQOffrVORd7slimPBOakWZlIx+tQREbRnJ9BUw27iBz3+tJNlF261G7v44Irm4kkSAbI1c52D0FRoQGIbkjpUcfLDHJ9qXbz0Oc00EUlsTMQAMdv50wuM49aCwCgA/Wm456g4702zS5MsmwDFXLOUeapkG5QckeorPI3bQoGenXrUkB2k8/hQmLmNlXBfK8c8DParqykRDPJHTFZFvIwPJ4rQFw0qRoSMKCowMcZzTBu5YCvKxP8ACD61KhDgoceisf5UyMhRjOQfSnBATgZINEo3Rz1IKRFc2xC5xhhWdchzF5b9B09jW2jccjIHBz3FQXUCuvHKEcH0rhqQaOFxcHqc3syfmGT3qrcIbdy0X3eMitSeJkkZW4I6Gqc2MYPJPX3rnasUhLPVri1kV0kLRHGUbsa29P1YXMhJBC7hwOo/xrmZYuTgfhS2U72swcdB2pxm0Jxud7LFHPFsZFZTnKkZrl9R8MI7SSWkm3/ZfoK0bHWImiVnJyMcAdK1Y5o7iMPGVIPat7RmtTLWGx5tcQNbTNFKPmQ84qqzAtx0r0bVdFh1JVyfKlAOGUdfrWE/g6crN+/TcOYwAefrXNKhJPQ0jUXU5eMgZ55H60FcjPb2p11bS2szRToyOOxqIHFYWa0ZY5Dt4BFTnGB5Z+UjBGO9QhSeQf8A61TQqCPm9apCZEoZJCV9elSupZc9+9PMXJOAcc5p6cAE80NDUikY+OmaRVxxVyQDAI/KoDj8e/FI0TIGT1/SnLhMHqfpT2xkU0HrjnFNCkPY5GPl/AVJbxjzQwAAHbNMQAn3xU8Pygk84HekyCtdqC42nqKgliQ2ocZ3d6tyEP1GD24qJkJtWwOhruov3TCppIoRHDgkdK0AySocgE+uMYqkgAb5uB3xVqAQ7vkcj2NbowqdyObfDjALL6kVSkO5iSAPpWvKj4wV3iqM0GMkAj2xVWLpVEUiKQipStIV4oOm5FilFPxS4piGge1AFPxS7aYDQKUCnAUoFNA2NxSgU/FKFp2FcjApcU/bShaBXGAYpcVJtpdtOwrkeKAtSbaXbQK5Htp2KdilAoBMaBzTsUoWngUwuMApwXmnhadtoER4o21LtpdtFguRBaeFp4WnBaAuMAp22nhadtpiuRhadtp4Wl20CGBeacFpwXmnhaaEMC08LTwtOC0wIwvNPVacEqRVoENAp6rTgvNSKtMQirUirTlWpUWgTYiJU6JSolWI0pE3Fjj9qtRRZxxSwx5q7DFUsLiRxDgDpWjp9k8sqpGu52PAotbcu6qqkseAB3rt9F05bGHc+DOw59vaocrGcn0JtKsI9Pt9owZT95qts3PNI5qJj61je4kOZy3sPSoXbFJJJ/kVWd/SmkFx8khPGelV3akZqjYnHSqsAj9M9qqyNzxUk0gPA6CqzNQA1z61XkapWJJwoyT0FNkUQoHf5m6Be2aL2KSuRFQgDy8L6etZ9zcGaQsx+g9BUl7cNcOB0jXpk/rVCRgvApJdWV5CSOMHPU/pVV2pzvVeRqoBHaq7tnvSu1QM1MdgZsVC7UMSc1C7UDEdvSoHc9qc54yelQysFHUEn0oGkRu2DUDGhnpue5BK5pFWE2liAAST2FQzqUcq2M/WrYKnkSLGcknPYVQllBI6YHA4qblIO2TwKhkccimySZqBnzQUkVU+U5BwTx+FIU5wD7c1M4xyCMdKSMA4GTn2qLHWndEXlcqCBjuelBiGcZ6HtU4wF5xzUczqiZPXJ6UbFLUYY8Y+YZp0rqqBckEd854pvmKqMQwLHgLjOc96pSElsk/lUuViixE53jnIHWty/vbOcx/YrZrdNiqQX35YDk/jWHaFlDbnbyz1wM81JC4zuHp0qoS0IaLMh54yQORQoD4JzSowPBGD1B9KcrAdSAfatEguK8GVw2CSexpj2zIOoPTofWrKMoJyBgenSpZVLIrhRls8Cq5UzPnaZnRhgx6e9WYydwOR7U+XMjKz8k8e9TxQhFJ29uAe9Tym8JgzfuwOuO+aj5J7H6U7BJ2nFLIAvKk9cUGvMSQkk88GrO3GDjGeQapwSrnGDkdKshxjnv6U0x8xajcY+bB7Y9qlXHJGM1SiOW9jV+ALgE5/CqTLiRsN2SetOXKnrgkY/CpJAOdmfTmkVcjHNBq0RFST8vIFOi+Vx9e9TbQMnAIqMjBBximKxdDpxjJ49KmhkweM/lVGMd+cVYiYDjGPpVIls1Ek3ketTJMVIxwPY1QSTYFC9x3qVX5x2qiUrlpnB5FPhk68fKfvLn9ahTgf404Ag8ColC5E6SmrMfe2yypxjPUVhT2/BOMFeua6CKRSArdexqK9ttwPf1FcdSkefKLpuzOYlQEFehHeqzAg8GtW5t9p5GGFUpouMjg+lcjVi0yuB5RDpkrjntj2rR0e7eGQYGEPX8+tUkGM55B7VIiquQpwTyBTTtqgZ2ENxjByDntVtJwwxnFczYPuh+Z/nU+vSrgvUidQzcH+KupO6OZxsWNZ0+G/gKyqC4+6wHI/GuBu7C4tWIeJ9uTzt4r0KKdZV3KR+dJMqlGWQgZHA61nOkpalRk46HmaNirEB3EjIBq9rNsouPkMYQHqO3tWQ+FOUOK5OWzN1aSLRuCp4JNBcEA9DVYK3XNWrO2a6bahww5APSjcLAHGOTxUfuDU9zY3MCeZInyjgkHp9aqYyRjihqw0xWyM8HrTBw2MjFSfMDjkU7yzgnGfWgLirwoYAdxT4SDlCFA9aZz0/LFORiOS2M0hImgVPNXDBj0BxUtxD5QKqQQe1R2ykkFWUY561qNmSNTIFAHQ4roouzM6qujnpYHYnKflVV4WTPBrpJbYOpIcEj04rJuEZDypx712IwiytBcumA3IqZ7iM9cnj0qBgjHkYqJlx71Qezi3cSYqxyq4qPbT8UoWg2WisRFaMVNt9qQLTC5HtpQKfilC00MYFpcc1JtpQtNCZHilAp4WlC0xXGBeacFp4WlC0xDQKMc0/FLjNMBmKMe1P20uKBEYFKBT9tOC0AMxSqKkC04JimFxgHNPC8U4LUiiglsiC80u2pStG2nYVyPbS4qTbQBxTsAwLTgKXFOApCuJilxzTwKcFpgMC08LTwtPVaAuNVadt5p4HNOC0ybjAtOC1IFp4WiwxirUqrx0pypUyJQJsYiVMiVIkdTpHmmQ2Rxx81ciipYos1dii6UmxXCCLgVoW8BYhVGSaS3gLMAByeldlomli0QTTAGXsP7v/wBespSsS2O0TShZxiWUAzkf981pseaVjUTPisG7isDtUDv6USPmoHanYYjt1qF2odsVC5qkIC3Ge1V5ZiBx1NSY3BmY4QdapSNk0D2FzTevJOB6013AA/lUM0pJBboOgoBEst0sS7Yx8x6t3+lZsshc/MSaWRskkmoJGwKaRVxkjAJ9apSHnrUsrZqrI1MBjtzUDtSyNUDNzQWhrHNRtTiepPQU1fnYDOB3PpSGRSMF+tV3OFy3SpbkbZWCn5c8Z44pk0W23MrsAScIp7+9AEE5GAXbLenoKpsxkfaCP8KdJySTkmoi2EZRjJ6mkUkJGhkkCAgAnqew9asXskZRQmBEgwoPc+v1qso2oXJ+U/hmqs0hcjsB0FIdhjsWOaifilY4qJ24oLGucVECMnJxihjupjcZ5pFD96sFAGMcU0EKcg4BPWoWB4+YEkZ47U8IzR55IXk+1SdMY2JW+dSeODVKUbnyelSF8HBzmhVV93OGxxSlqXdIhLKEGN24H8MVE45yTz1p4U564FPmTCpxgketTYlsr+Y6rsDHZnOO2adBOFLZHB6cU2VADnknvxUaZEgK9RU6oaLiTsTnB9MUTXLSvuYnnjFRqrhTkjk5OKZI26QsEUAnO0dBV8zEWrWfEg3tgE4rZ08NOZCHUeWCxyep9q55QZA21TuzkkdhViwnMcmM8e9aQmZzjpoa1xtWTOfwFadvIkloM4DZ6VlSOHALYw3NQwTbnxHnpjFaXsyYu6NUqu4gheKqTjaCvDMf0qRmIiAwGPrmq2GYEkZFDOiMrkluV+Y4y3QYPSrZOVB49MYqhCpDc9KuIOhY9BmpiUnqTQkjr+eK0IDuI3HGe9VIxtwfUd+9Wrfk9Pyq7G8GW44huwfzz1qwUVcbR06+1IFAQEAg0m4qDng+hq0im2yKRCeAR+dQkFCc/T6VK/Xk/QCo5DkbccUAmOQbsYIJJ4qYnbgYwc81UQkHnt6VKHBx6k/hVIpq+qLUTc4Pb0q1EMCqUfB/+tVyJwo5XPFBN7FqNyg4Az7im+YwPHSmow79M54px2seBjNK5SEBPpzV+2k3rskHPYmqiKB949+9WxAQNwB2nvioauZ1acZqzIbyzDe3oaw542jcq647V1EMm5dkg59TVa8tFkXY447N6Vy1KR50oSpuzOTli2njvTc9Nw6dDWhPA0LFWHPY+tVXQZyBj2rlasNMbETyRnHt2q0rtLF8pBK9Djv6VTAKtkEqfammeWB8qcevvVKVtAcbluzvzCSMkkc4x1FaksiajYt5TkNjqOoNc3NMkkrNEcA8/Sltbp7eUFMgZ5HY1Sn0JcOpVvYJ4WIK7j09Qfemw21qQn2iaSJ+67AR+ddPbTRzPtYbeMlD1/A1otb29wDmNGBHO4UezTFztaHNrY6XGuYTNcE4z8wGP0qeN0VwlnCkSnG4jqfxrZh0u1gOY0CZ96f9hg3FmUjPdTQqdiecqRRC6tnScfMfvD1HrWHdaEUfFrKshx91uDXSSx/ZcNGPMUDJyeRS+bAzJKCFBGCMU3BSGpM4RhJEzLIpVlPQ00SHnHGa7O7sLaZt2Q/sRmsy40m2YOdhiK/3TxWTpMpTOfG3HXk1IR8gBH40+5tRCSUkDA9OOahy+0Ar8tZNNF7l/T41yQV+YL+dX2cbDHg/j2rKsWKSjgkn17VrxIxDMQcdTTh8QS1Rk3AZWOCRVd5XK4LE1pSJl8EcGq1zalDleRXox1RzOyepmSDJ6YqJlq4yn0qNlHcVRSKuDTqkZRngYoCjvTHcj5o2mpMD0o5pgRlaUCn4oAphcQLS4p2KMc0wEA5pdtOxzSgU0hDQKXbTwKdtqgI9tAFSbaNtAhmKUCnYpwWgQzFOC808LTgtAXGBadtp4FOC0CGBacBTgtOApokbigLTwtOxTER7aXbUmKAKYEYFKFqQLzTsUgGKtPApVFSBaAGgU9RxTttPVaYrjVWnhakVKeqUxDFTipFSpVSpFjoC5EsdTxx09Y6sRR0EtjY4/arMcVPjj6VbjipNktjIoulaFtbl2CqCT2xUljZvPIqRqWY9hXZ6VpsdkgZgGm9fT6VnKViWyHRtJW0USzAGU9B/drUahnqJn9a522wQM3PJ/Gq7sRSzS7j0A9hVZ3poYO9Qs9I71CzUwHM1RnLHHemsxJwOtRXMgiUDOXPUelMYXcwOI1+6v6mqe70600yFiOc1G8oUEDG71HamlYNxWOOvWq7k5JPNHmAZJ/Wo3dfvyfd7L60rgkLldpeQYXHAHUmqDye9LPM0hyePQelVnamimJI2aruac7VCxqhjHNQOD1/Wp9pLYHXsB3oWJi+CAeeKlsZUkcdDwBRC+QAiguT3pt4Vz1Gc87elVd7AbslRjnHekMkALsxyOTnJ7CormYPIADlE4UU9oCoRpDknB259azZX+Zip6+lF7jSJJpyc9BkY4FVXIHvTWbnik+9kHP4dqCrEczO+SSSAPwFV2OKklfII9T0quzAKSetIpDXPvUDMTSu3NRk96RSAn0pjU5jUbGkxiWoy3I3Ac1ac7Y8AkA9s9qowSFSO+Pep5JN/+PrTVrGzvchYEscEEetMdgv+Bp7EBgSMAcYNRuA33Rk9MVDKFGHI4xj0qxOqhUHGcdvWksYwXGTj1/wqaf8AesvCrkDAHamloS3qU5oDgE9xnr0pkUfUk81fe3MbMsjFWXqp60yJAHyO56U+UOYriJicA8GnrbFl3EcetbCWwK/Jnb0INWYIFSE5QE9APStOQj2ljmGQrleR/WmLjscNnr2rYuYEJK5II9qz7i3EJGHR8gHKH17VDjYtSuD3DCMKSPTHtSW8hjlB5yOlVVJHQc+tS2rESrkDJPep5rsq1jZil3MolJX2qeUoSNigc+tUxulmADZOO1WUUA7Tk1smEUPjiXdx68ZrQt7R55YooQZJH+VVHUnHSq9qoVxuBIHp69qlA5yD82fWqSNLliOMc5OD6EVo2aKSPkHTvxmqccEpg83YdmcFh0Bqzbvjjg1Zd2i5uyuz5c54PcioGygPH+NLux36nrjrTJrp5FRHYsqZwCentQHMyM85zwcUZGCCvJ4Bz0oU7RnOQO1RHr1GKRXNcn2jaDkHPGDUe0g9KerDAH6UjDBP160yoyYsbkHPpVqJ8nnIqoDxwD9CKkDY+bgZqbmhbDnkk8CrMTDGd2SOgqgJcgdB9KsQkAjJ470FXL4bc+7rk81rw3W6BYucZzj1NYcX3/lJwTxVtGwSTn8aCXqSzjDsMMrA5wadHKGXa/OajLeYc5yxHem8jPFJq6M5w5lqNu7UMMMOOx9Kxp7do2O4fjXRISRhuQajlgDoeM+1c06ZxTg4M5ho8A55FVpogUODW7cWZAynNZs0RUkkfWuaUbCTMcAoeRSkc5U8e9Wp4SeVquVINRaxRYhvXREXYjFT1I5rWg1OJmUHKPjoO/0NYKY6HjNKUKn/ADzVKbRDimdKt+C6gEH2IqeO7UttOefauXS5kyqk5XPUda1oyYgpJWRCMgdxWqlclxsaVzs27gwYHggcGq+5SQnTnqelSFUb5s8ketCxJwp4/GmSJHbMsxK8DPSnzQ9T8rA9QaXz2hj2lgwB4J7UxJvOB4xj070xHMaoqJcsqKwA5qouFXktzx7V009tHMcSL75NZ11p7EA2ynb0x61hODepakU9MjUz/O2FHPPettSAGViSnaqEdukIVXVlY8sR2NXIZAQIic7TxUcti+YqXilSGXNQxTgZDD8623tPMixxk84rMl08KxxkGuqnJmMkiKS2jnwUwG9qoT2vlvhjj3q5iWBsHIxUolDjDrke9bXIs0zF8jceDTTAwrXmt4XGUO0+1Upodg+8SapMpFNkwORTcVOy8d6YRVDG84xnim4qQCjFAiMjilxT8UmKoLiAU4CgCnAcUwYCnYzQBTgKom4YpMU/FGKAuMApwFO20oFIAAFKBSgc04CgQgFOpQKdimJjQKMU8CjbzTEIBTgKULUgWgCMLTgtSBeadtpARBaXbUgXmnBaYEapUgWnqtSBaBDNtSKtOVakVKYrjVXmpUWnKlTIlMVxqp0qZI6fGntVhI+lBNxkcVWY4qkjjq3DDnFJslsjiiz2rV03TZbuQLGvyjqx6CtDSNFafbJMCkX6n6V08UccEYSJQqjsKylO2xF7lews4rKLagy/dj1NWC9IzCoXfFY7gOd+etQO3vTXeoXemkMV2qB2od6gZuadhiu3FQO9Dtk4qGQ7T1yRTGKZSuSPvfyqpMSPvdasqyKoZ/mJ5x6VRuZDI5Zuvp6UluOxHI/Yf/rqEnGaU8A5PNNUruJc4Ucn/wCtVCRbtY4o42ubnJQfdU/xGsmeUyOWPHPSpbu4aXG7G0cKo6LVJ29KhLqzS/RCSN61Wd+eKczZBqFzxVAMLfNSM2OT1qOSQLwPvUQKzsQME9Tmi5RpWSbImmLKGP3cjOP/AK9Zd9MIujb3I5I6D2pb25MI2xuzMR83oKy5AShcnvgZqQAzYYkgH0zUEjtI+5+cmjOT7+9SWoQSgyn5V59fwoGh2quyhS5+dx09BWSzVPfTNPOzt1Pb0FVGahbFJCM3FNMpVCB3GKY7VG5oKQyRs8mo25BJNKxFMlbcRwAMY4pMYxhjkjiomOTUk8m9vwAqNFyeelIpDu2Tmm43MelOVS4OOF96RQBmk2MphiMc8GpQ4285yOBipdTs/sF9LbGaKcxNtMkJyjfQ1Wb2xj2oNk7jGILcnrmiHJJwckDPX0qOTOfmH6Um7uBx34qOoy0khVcAHntU6yF+vOBiqQcbAB+PvU8fIxj3xVpktFuN/MO5zx371LbKnO7cCB8uB1PvVUhhjcMNn0q5ZIry4LbffrWi3IextWiKYTxkkjGO1dP4c0iwv/tIvbxbVUiMis3c+lc7aJs6ZwePrV9QxBK5UdBW9tDmbMrV7RVZ9jBhyMjiuYukKkqRXbTwZhbPDHvXN36gSHzFDYG0Y45qJxNaczFRQr5Y8dqNmWyvFT+Xuzg4OelWYIFJwGH+NYqBu5DbNnAGTitWBc5OaqLF5bYYYxweaswkDp0rRKwKXYuxx4HtmpARnIxUYlGAvt2pEYZOOlXcqLNFbtzbiDcfLznA6U1Dgkg5x0qorKehzjqKPNGTxRctyuXfM3H1A9KGPJI6nrx0qt5uTleFPAqUEZ5z060XuCZKrAEbgcdKQsuclT0/Woi6bTuPzAccdT71H5g2nJOT056UXKSuTA5OM981OGCjAxk96pecXcknFOeTPfPGTRuaJFlmGOcUx5N2Kr7+BnOKfI8WE8h3Y7fn3LjDegpFc1iwhxxn9atRSH047VRjYY5AOKkSQ54+vSi5dzWt3HQcmravzycisqB/lJyPoatxyYouK5oIQTSsQeR9KhifKnjPFLG2fWmCZYjd1wBnjmrA/evkkhsdagjZRklck8c1NGvPHIpNBJRluJJHlc9/bpVSe2WTPGDWogHvmmSQB8suAfSspwOOpR5dYnMXVmUJIH4VnvHz8w5+ldXLGeVZfwNULmzV8lOvpXNKBkpdznJEGMEUwbl+63FaMtsVJBH4VWkhI+709Kyd0UQfIw+dcH2q3bzeRhT8yHofSqpGOvBp69PUU0xNXNpJVKgg9fSpg7EcfyrASRozlTxV2C8JIDZrSMrkOJosQwwR+dQhxH2NKsqsOCCTUch3A/Nt/CqIJDOjfK5BBpElCMFzgGs+SF+oYGmhtvBOBSY7GjKEkkyAuRxkdar+Q8Ugb5cE8GojKQPkJbHWrdpIsqbWJyPxqXqNaF+DG35uRio5VXoRzVdbuNPkyd2eh7Vd2LLCHU/N7U4u2gPYz7mBGUhhj0NZM6PE5BG4e3et5kDA1UuIc9sj071qQjKBB4wy/SmSwEjKsCfSp5Y3Q/ISQOoPUU2IsWwQKpPUDOkUj7wqMitiWEvGMqGrPljCdM/QirTuFyuFoxT6XFUmIiK0m0+lS4pQtVcCILxTlXipAtKFpiGBacBUgWl20wGYpdvNSbaULzTER7eKULUoXilC0gIwtPC8U8JUirxQIiC0u2pdtOC0xXIgtOCc1KFpwXnpTAiC08LUgTmnBaBXIgtOC1KFpwWkFyILTgtSBacEoC5GFqRVqRUqRY+apCbI1X2qZUp6R1OkdMhsjSPmpljyelTRx5qzHF7UXE2QRx1aji5qeGAnHFbml6NJc4YjbH3Y/wBKmUrEXMu1tWkcKilm9BXV6VoyQhZLkBn6hew+taNpZQWa4iX5u7HqamJrCVS+wW7jsgCo3akZzULt71A7A7VAz0O1QO2TVWFYHeoWah2xUBYZ5PFMLCu9RFs01mqMyDBAPXvQND5GCj5Tz/Kq4y7YHPt600tlsDj61dt1S3iaZxlwPlUjvSb5Soq7Krxrb5M3L9kB/nWfI4JJouZWeRmc5Y1VeTmml3B+Q6STg1WZ8k46Ujt+dQyyBV469qbGgkfnAOTUMj4o3YBJqqxJOTSKSHO34VXmkCggdaJZcA4PNUnf5v50ikh4cBufxNPhny7KBsQ8sQOcVUY8knr6U+JdxGXC9zk9qBsllkXkInLEEZHSq8yFnw/X7x9BUkzjzycjAGBgcVVldsZAwPSkKwkhVRjPIHOBVQzEbiOCeOtE784zmq0jcbfSgtIZI3U/pUDGnOcmoWNBQMajY0pPNRMeetA0IxqNzu5/DFDHNPKBAAT83XHpSuVsMROct0FNkIY/LxUkhYjA6VGoJ4PepAUv5Ufr6Co0O7lqcQCWyeF4GPWkQALyeTSY9iqGJYYOcelNdxs44OetRbsAc9achUq2/J44x60rm1iPJAOf/wBdA+YAdCOlKCuCT68e1TIjCJ5FQlOFJx0J/lU2HcbbBHlRZG2gsATjOBVoAJOwiPyhiM+oqmoJ3YBJ+napbd8PhmO3vVxYma011usVtzDESHLiYL8x9s+nenWMRQq/8Pr6GoBlI8Rjeh/ix+lXoHEiKCVj2gAYHU+5raK1MXsb+lnKIkiMVwW4PPTir0algoyPYdaw4JGhjYqQYg2wtnrWpa3KMuQRxwBmuhM5pRaLF6yqvlkAMP61zup2u49Qc9x61rXMnmfMfxz3qjLPGszNIvHULmiQRujA+yOuSc7fWpo44wh3kjbx65NXZXQnKDk/dzWVM373Ctj0NYytE6Yty3LTlTwh+XHehDjuaqiQDABzxT1kztPTHH1qbmi0Lscgx85AA74zT0bfjI4PNUZJGdVACgKNvAqSB8dcg0JgWweSRz+NSIexxUJcNnOAKerlRkHpTHcuHAA5GT1Ao83AJGOmOvSqfmkc9cdqQyfKeR0o5ikS7yxPODmnFiOM479agVgWBz+Xejdz/Olc2iyUsPTn8qdGxHU8DqetQg5OSQKcXYgDsOgFCZdyVWx1PbAqSLjryKhQg8kgH6VLnA9c8+wqhNkm48d/Wp45PlxgZJ69xVZWBOeBn0qVsAlVIZc4BHGaQuYtxtk8GrsTY6dfrxWZG3PH6VfiOADxzzTTHzF2JycD+VWUOSOmc9KpxvjnIqRGORQO5fTrx+tXI5cKqnB5zWfG3A6+lThznnrTFe5dD5IIxUiEZ5PWqaNg+hqxG2eTzQO5YaFZRhuR+tUp7Jo/mHzL6jtWjFJjpUm8HtWbimYTpqRgvArjDcH1rMurEpkqAw9RXWz20cq8fK30rNuLV4jyMj1FZSpmDi4HIywgk9jVZo2X3HqK6me1Rwdw59azZrMrkjn6Vk6YKRkAbhihCUb5quNDntzURTacEfnUtNDvclEihBtBb9DSJOjjknPpUBj6EHFRNGyc459RRzNC5UXuGH/16ieM89xTYZnYYYBqsYBHAx7VadyWrFPIVuDilWd0fKcVM0QOcj8agaA9jmpswWpddRcIs0YG4cEVLplx5cgVzgf1qtaDYCrcA9M0s7BJgUGFPWk+4XNmUZwynGagYY75qa3nSaA56jsKYy5PWtou5DKUwVjzWfLAQ2Vx9M1sGLPbIqNoAT3qgMgTMgG9Dx3qxiK4RdxH5YxU8tpnIYcemaqTWzxt8vK/WqTJIJrFk5Qhh+tV/JbuMVdAcHCsfxpzhs/MM+9UgTKQhNNaPaattGRg9qbj2qgZWC04JVgdaXAzz0qhXIAlKEqbA7UY9qoVyMLShaftpQKAGhaXHtTwtPC0CuMC08JTgtOCmmAzbShaeEzTwlMQxVp22pFWnBKQEYWnBKkC08LTEQhKeFqYJUgjoEQBKesdTrHxUix+1MRCsftUqx8VOkXtU6w0CbK8cVWEi9qsRwE1bhtiSBjmlchyK0UPtV+1s5JmCxoWJ7CtnTtBkkw1xmNPT+I10dtbRWsYWFAvv3NZyqJE6sydN0NYyHujk/3B/WtsEKAFAAHAxSMc1GWArJyctyrWHFqjZ6jd6id8DmhIB7vxULvxTGeomfmnYBWJPXj61EzdfSkdwOvX3qrI5B+b8RQMdJIMZPQVWd8nrTXfJOahd8fWmA8uT3phfmonkxkk9Kntoi2JHOB1A/qaG0hpXLlnajh5cZxkCqms3TF1iXiNew7mnTagkXyp87Dv2rFnnMkjMxyzc1EU27suTSVkJI9QM3WmyPjrULyYHua0uSkEkm0EjmqxYkkt1pJHySecdKiLUih7vjrUEj8c9KGORz09arSyjoOlIaGyNk+gqAZZ8Dlj6UrnP1rX8PJG3mnrN2JHQUnoW3YyUjYkqiFpPT0qOYqpKb8nHzEVra3OtsDHFjzX+8fQVhMroBIy5Ujqe9CEncSa4bYFGBnr6mqkshPvSMxdmJI9aic4HWgpIaXOajc475pGOMknioGcZwKCrCu2ehqImlOTSNjHHakMaT61G3SnE+tNJIBxjnigY0cHJ7U3LYZ89B3p4xtO44HU1GoEiuAAOQcn0pDEj+9zye1SqAoPc9zUf+riOzk560yF2Z8sSQOT2pD3EkXYNuOetQmUn5adcuCxC/SoQjFwuefbtUMaXcqoMvgkKCep6ClyccZpBgBcjmpByoGAR/WhI2bCMcjHXrzTstgruJFLHzkHAyKnaFlgjZlHzdPUimok8xAvyocHg9RTox0OQB3zUsgDyZUbAQAB1poA3EAEr/n+tO1gvc0kkU2iKufM3Ek9sdqtKwRAMYPrWVbSKsiBjuHpWnMriFVxt3DcM8Fga3TujF6DTKxU9ABzmlt7kjO3cSTVNgyqCSOegzSRNg47daXNqVZWNhJ2K/vCfQY7VBPK7KScMegPtTZLgmFUXkjOSB1pksqzCJQiqFXaSB+tU5EcthI5ZQ4CgZUcHFU55AzNgHafetFUfsR6celQTW4CO3O1eM1Ek7FxauUk3RMQwKEDJBHNSIxUqTweoqJgcnJ/PvTFck5I71Cdi9zWhiV7d5TKgKsPkJwWz6VHj5j19vSqq7+OoBrRhVQuW5Hf3qtydiPfhTgcnvnp7UvmHH3j70jx4J28jrUeMA96CkStIfY59KbnJpmcdfu9BRv4wvQetFy0TocMMHIFPLEPwRyarI2M5ODT1f1/lSNEycP68n+VSg7tvQdhiqyAsCR1HWpomwMYGD700VcsNGyBGYHDDI560A88VDnrj8CKFfrk5NVcRYU88GpkJA6/Squ8HoPY1YstklxHHJIsaswBdgcL7mmJuxYjOeauREjBPAPNVSFVyAQwzjcOhqxEeMDv2oBO5bQ1Zj4HuPWqkL7c5x07ipN3IwRmgsuiTJHp2BqdH7n9KoRtgjjBHFWN3THpVAXUYdulTq21jsJx64qgjnuasxOB94buCOuO1AF6OQDPc1Okny+/asxG5zmrcTHAH4UhlwOSecmnZDDB6ehFVg5HHP0qRZB7CixL1GT2qvkoce1Z89vglXUithTx1zSkBuGAxUuJhOlfY5d7Q5JHIqtNbc8rXTz2AYExnHsaozWzp/rFOPWocDBqUdznWtjnjP0pDDjgitmS3HOOKgaEg9KycBKZlGArkpgH9DTXcqMlQCK0Xj+oqGaLcMMufcUuUG7lNZQw54HuaGO0ZIyvrUjwgEdT9aUAgbdg20wuUyxzlWxVpHjmGJsbuxFSmOMj7o57UqxRbeQBSsNMasbwNuHKeoNXoT5oyD9DUSDCnbyPTNMCyRSb4wNp5Kf4ULQRcIP8QH1ApNg4Iot7hJl6gH0NTBO4AqhEBXsKjkjBPPSrQUjr0pCuRiqQmZ0tsGzs9OmKptCUbGDWywIBwBVWR8E7lPFWiSkEDc/0okthtzkZ9qsO5z8iik38/MMfSqQGeyFT0pApJ4FaBKsOenvTRGhOQKtCbKflkdQRShKtmMMOKb5RzTQittpwX2qfy/WjbiqQiILTwtSBacqc0wIgtPVKmWOnhKBXIQlOCVMI6eI6AIFWnhKnCU9Y6QXIAlSLHVhI6lWKqRLZXWOpFiq0kVTLD7UyeYqLFUyRVbjgz2q1Das5AVSx9AKTZLkUkgz2qzFbZIwMmt+y0GWTDTYiT35P5Vu2djbWgBjTLj+JuTWcqiQrNnP6foU0oDSjyk9+v5V0NlYQWgHlrl/7zcmrLSUwvWTm5DtYeWqNn9ajd/eoWkpJATtJUTv3qJnx1qB5c5p2AmeT0qHcWNRu3GajaTIwOlMLErMBnnNRh0G4sckDge9QM9RNIFU/3j+lBSHSPg571WkfJNNd6hd8CgQrtULNk4FIxJqKRsZA/GgaQNIFbpuwePQ0y4uZJM7jhfQUxmwMVGm13wzYRRljjoKTXcpAqtIGK5IUZNQMyrnParT3Q8l1RNqMRgegH9azJXByT2pJhYbK57/lULy9Txk9KY8mSewqDcSdxzjtTKSHk84ppcd+KaW/P0qvJKN3sKAQXEufYelVC/NJJJk8VEWplomGW71ei1B7CHy0ADHnJ55qjbggmQnaq9Pc1TuHyck5J6fSluOxOZvMd5Z2LMT9cmoLiZ52+ZyBjHXgCokJz1AFRysCTtBx70DsRt944yRUcrgnHanOfSq8vynB60h2GSNk1HS96F60ihelRswFEjc4qMAtwBSCwM3HNRPN8qqB0pJ2G7CngUsUDvHv4C7tufei4yGRiI/qaVEbco5yT0pZjtcBcHHH0pkzlSArlm/ix0qRokmfa/rjoBUbMxHHb9KaCvlvlMuTkHPSkUlyqDPXgetMdrCOuVyDjnGT3NIjBY2wFye9JdyszgbQFX5cAYqJ33kADA6YFSOzZCvzHjqKk8xioQklc5A7VEc7hnvUoX59oYcetCNGaFiiOW3gK2CQaknljeWNEG1F9R0z/wDXqkshCjYeB1xQ0hXa2d2RyPStebQy5bu5bmEaR5UYY8feqmFJJC5yPSm+dk4Jz6Z7VJHkj69TSbuUlYaARjHWrzXEjmMTEkqoX5j0A6CqQBz756GpUByOORQrphLUmbrkjg1Ys4POdYkVnZuAF61OFVoI9yAEDgg8kURBUX72Hzxjj9a15DLmKZDByo4PTFW7SDEu1s5B706WykjiEvy7WYhTuGcj2qS3+XbuPJPp3qUrPUpyujTuraKOV445FkVW2iQdx64qpcw7Rt7dqBdLEcjBGMc96i+2thT1xntzVtpkRizOuIMN8zDJ4+lVljPmZ9DV+UKx35HPY1DlEBJHfIOf51i0ba2HJxwOVq3HnHUAAVkG5YtgHHfjvVuOY8Bzk00xWZa3tzhsGq7NkjH04pssgI+tRIz8bf0obKRI7fMOcmlUHPIOKa2AMnNR7sdCcGpY0WN2c9x0p6du/wDOqys2M+vWp429vxpo0TJ8lRgcdj70eYT09KiM5IC5JUH7uelCvt4UmgEyyszKQV69M0DgAnkniq6uCeM4609SM59eadykS7u2KmhznngVXTk9qmiOPce1MRpw/d69atIwqlbvuwOPpU5f8MetUUi4HH0HpUsbE9uKoo+Rg/oKsRP7Y7U0XYuoDjOOB3qVW461UV6er9cj8aYrFxHxjgH61MrH/wDVVSJgcZyKl34+70oAuI/Bq1G4x3BrOVxUscgUg8H60Ay/vzyRmnIwAPGPTmqYfPSpg+cdKCblxX5A4qZZPU5qmjADB61Kh9/zosJO5dEnORT9yvHtkFVklAUY6+tK7rg9qVirJkE9mrklDtxVCW2kU5K5HtWoJiueevalQjr3o5bmM6MXsYvlBshhUE1tjkZ/CuiljgkPzKAfUcVUksX5McgPsalwMJUZROfeAdziofJYZxyPzrantZR9+M4qv5IB5yDU+zM72MwJu+X7p9QKGtGXky81fMHfP6UCMdDg/UUvZsOZGYyuoIUnJ71EskqHlj+NbXkxv/CPwqCWyjPQkUcocxlBnVty8Me9WkvZMgNj8KkayI6MDULW7A9OaajcVzQjuUcD5hn0qQsMcYrKELDsacEcetP2YuY0NwPFMkVScnn8Kro7qeefrT1fP3gR9KOVoLoZLBg5Wq5VgaubhnjP404+Wyjg7qpJiuUTz1Ax7UuKtGLuBxSeXVJE3K4XvilCn8asCMdqXy/aqsDZXCZ60vl1YEfNSCKqsIqiOpFjqysVPEdAmyssdSLH7VZWKpFhpk3KgT2p6xGriw+1SrB6iiwuYpLF61IsNXlg9qmS3PpRYXMUkiqdIPatK30+aXGyJj74rWtNCkJBmZUHoOTUuSRLbZz6W59KuW2nTTnEcZb3xx+ddVDp1rABiMOw7tzVgvgYHA9KzdXsHKzGs9BVcNcyZ/2U/wAa2IIYLZcQRqvv3ppk9KN3c1m5NlKNiYv600t6VCZKA2e/FSUSl6jeTHemSOvRePeoSSc+lNCsPZ89+O9QNIB0qN3zURb1q0TYkaQnvUZaoy1RPJimBI8lCqzjI4Hqarhxu+Y8U2e6L4A4UdBUu/QpeZLLIiDbHy3dqqM9Rs/vUTP2p2sG4929aiZ6jL5pjPnOKYJCySYyBURbC5PelOOaryNzhSOPWkOw15MtgZNOYAJsZgB1buTUDyKoIjPJ4z61FhnbrxjqaTKSHSy7+VG1R2qpI2WxSSPlsA8DoKToMt/+ugdhrD8/5VXkO0A9h0qdiDnJ47mqckm45GAg6e9AxJZNq5z8xqnIwAxRI5Zic1BI9BSQ1mojVpDgdO5qMnJqaWUoMgAA9BQMS6k2AIhwMetUs5701iSSSeabkdqRSRKWGOPxqJjikGffFQu3JFFxpEsXMo74qvcHLE560ocg8HHaoJWOetTcqwgonPlhehY9qEJGeP8A61RXHMlA7Aqkjexwv8/pSFiq4HfrSFizgHoOBUoP7pgOTjrQSymRlqcH8sHJyAKM7TnvUIbdJ8xwvU0i9xkhI5OcGltih379w4yAO5qKV9zFj+Apgfac96Q7aD2fPGeKm8xIoT185u46Af41WyFQnqajLc5pXHa5KF3RuWbn+H3NJETDIsjKMDsw4qS2QskjFchR19KrXFwZTyTx0FDBb2LDWkgtTdY/ceYI+SM5xmq4bB6c/WodxIA7dAalOVGDjJGaVzSxKrYUrk896YTk5xk0RgMCcgYH5n0qQksSxG7oM4/KnuIZtIbipYzk4OaRUOPrT1wHA46c00rCepdi8tdwdQ5ZeDkjB9akjjBGcj3FVlIPCg7e1W4MBsEjOO1bxMmX4AsvDkqoyR/hQiqr88qTz9aS1lYAMCN3QZp5TKglSM9/et7GN9S4xjaBE2DcCCWzUF3EkSkJKGOPmGMYJ/yKktl3gs2ABUFw+zIU98iokEdyg7EsQRwOOKjcFTycntV+CylvJsQAySMC2BVSWAKxBODWTizZTWxCXLfLjkdPSq152Hc9athRg84bFUpQwJ7GpehommQxk9zwKnUnOGyCOtMnk82RTHEkeFCkIDyR3PuaQHLZ5PpmoQybcSc5q7BkRAFF65zjmqkJQcnk1aDgAnPHp61aRLGPjkg/pVdzzkY4p80mG+UfrULsCo256c5qWVFEoPQZFSZ+Rc45qsG45z/hTlPOM0Jlk+eR3+lP5bOByOaY53EsQqj26UwNgc9M0xliM8duentUnXHGDVdCARnpUm7k4AUE4oHcm+v6VLGMHHPFQKcEYP1qzH7EVSGkWo354/Kpg+etU0/OpkI/rigtIto/H0qaJiTVQkJxlScDpU0cgxx1x27VVyy6JAq+9KkuCDwR6VTLe4qRTwePei4maEcoPtmpxJ0rNhbG4fhU6vz1FMgv7wM4ORT1kNUBIQcZp4fOMUxM0Fl96mScisxZSD7/AFp6yHOeooJZ0Z1FXsI7fyIgytu8zHzn2zUKycnBzWXFNk/4VOJMdzQKMVE0A3p9fpS+bgZI/wDr1REvfinLLii5Zb8zccnrUqyYxjg1TRs/T1pwYZ69adxl0Pu9qlSTngis8PgcdqlSWgltGhv7MaGjR+qg/hUEbE45qRCc9enpTMpJMZJYRODjKmq8mmMBlcMPatJWGeDipA3vQZSpqxgNaOnO0imGOTHIrplweMA/WlMELj5kGfalYxdN9DlJIs9Uqu1v6Zrr206FvUGoH0tD91/zFNWM3GSOT8hs9DTlib1IrpG0th0INMOmP/c/KnZEOUlujnzETSeSfSt46ew/gb8qYbE/3T+VPlRHtGYnk+1OEPtWx9jP900fZD6Ucoe0MrYSMdqPIPpWuLQ+lL9kPZafKHtDIEHtThCfStdbJj0Rj+FPXT5T0if/AL5o0FzmOIDUiwe1baaVcN0iP41YTRrg9VUfU0XQc7MEQe1PWD2ro49Ef+ORB9Oasx6NCo+eRj9BilzIV2zmEg9qmS2z2rqotMtU6qW+pqzHBBF9yJB+FT7RBqctFYSP92Nj9BV6DRbhsbgqD3NdDvAFG+pdRhymdBosS8yyFj6AYq7DaW0X3Ilz6nmngknigq3rUOTfUtRJt4A4pBLg5qs7be9N354FTYCw8uaYXJqHdilBP0osBJmgn1NRhvQZppbcevHr2FIY8sScCnlDjHfvUcTKASP++jUU84JwDge9K9x2tuSvIidTuPaqjzMfpUDy5zjNRs4NWkTcmZieajLVEZKAwOSxwopisOZ/eoHfGaSWcEYUYFVnegbHs1Rlqjd6jL0xWJGb1quz9aSR8VCz4HvQND3kHIU0wlsZzxTQ4ByefQVA9zhiMDI/KkUkTSS4GFPI7+lVC+WwOtMaUuwVccn8zVqSNbcBAcz/AMTdh9KTZRDHHhgXGT6f4064ycqpBJxuPQfSo5JggKrz71QeRmJyxx9am1xoeHKO/bHUntVeScMScfhTHZpGYM3GP4qrscscf5FMaRYY7uPxNU7mfPyJ9CRRcTCNAq9TVND8xJ6YpjSHsccd6iekdu/rTmYuPnPQYGaBiQJvYljhV5J9qguH3OSfwFXHfZbhQBg89OtUGwOtIEMwTTiu0Z/M05pUVsRDIwBlvXvUJYtwfXrQUIzdqiKkjPFPdsehp0QAR5XPCjge9JjuVnAXvlv5VXJ5p8z9abb/ADb+CSVOOelSUu4sBOHyOtMny5DdD0xUqrtHJpUCA5YbgDnBPWgGyp93JNN38YxVwQiWUgALnkAHiqko2NjOSODQCdyGX1PAqvuwT71LPIzBdx6DAFVyMGky0hrjpz2pj5VsEYIqYnbGfl69PaoGJY5JJJPOaRSE609Yyf8A9VPBCKQOWPfHSkydvJIH86BXHG6kjtnt0IEb8txyfxqieuanZlPA5pko2EDv71LKjoV1cg9e/WpoRucLuHJxk9Khb/WH5cD0p6HHWkmaMsgBWIJHBIyDVm2CnCsevYVS3EfzNSI2CCM5q0zOSua+rxQxTKkEqyhUXLqu3nHI/A8ZqgvT0INNDM2FBzn0p+/yyNo+YDDZ5q73JSsSxyELtGAQeuOav2kSkbmPGePc1nRbNp3ZDAfLgd/ertpLsAzghjnmtab1IqbaGrbW7nqvHbHYgVK7yLGI8s0Ybdjtu6ZrY8PC2nmjFwCIy2GxzxSa3Fai5kW2ZgoJCkjtn2ru5FbQ8/2j5rHPvKUbAJ29fpSfaUfcGTeSuBjjmprhY2jCjg56k1kO2xmXcRn0HUVzTdjqhaRopqXlhfLwu3oRwc1UkuPMPzdRVBmK55FMVj5g5696xdRs1VNLUsTzHcASB71C79CeSRTJW3MSDn+tRM/PJzUt3NEh6kbjuBwOeKRZNj7hkEdMVCzc/Kc+lKhznJGP51m2XYnR/myf15qVX5+8Bx9KpqxHPNSDA9TnpihSCxKWO3qCPrTdxUbeB3pmePUnpzSHjGD0oGTKcckAZHGR1p24DBX5TjvUe7eFG4nC45PTrxT8PGQGUqT2IxwaaC5Kh6Z704kbjt+7ngmoxkdCBUiAYPp6Uyx4wcYI5/Cng8YFRgZ9jTguMZpgSqcY71YjbA71VUjtnH9KkRsU7jReyAcZzz2p27DHGQM/pVZXAHrmnq30xQUi2rA/56VLuCOwBVsHGR3qiXxj0p8bE/Q0x3L6sPSpQRxg5zVRM4zjgVIH7U0DZcU5wOKfu4qrGfSpA+D8wB46GmK5Oj4PqalDjHPWqiMM88j2pwfuPWgVy0r571KJMgAYOKqK3y9DntT0Y9qCbl2J/Tr2qxv4x1qhGwU88j608PjHNFwuXQ/B5zUiPg+lUhITk54qSNvx70wuXfMJAGTjtThJg81T8yn7uh/SmFy75vAxT45DwKoq/FTI3I45oIlqavmhlXaqrgYOO/vUiSdg1Z6SkDHSpw+MYIOR2pkbF1HqeNz24qijnFWYZNuG4yDmmS2WVfk9x71NE/aqgJ5I7c07fnr1pEXL3mDgc/jQW755qqHNSo3BOcY9aQm7FlDk/wCNOBFVll/KpoShYCUsq9yBk0iJSJd+0HrQGz1qCfchCnIBGRnrihXpmfqWVYe1PBB7Amq2cH3pyuAfekLQsgqOwpQ49KrhixwOTSlscE80ENIs7wOhp6MO/X0qmH2kHqfel35JOaANBSSpYDIHWmmXHQ5qoJjjAJwaBJ60rCLm/wDCjcQOciqwbIyTxS+YuOpJoFYsb8d6QPzUIYt6Uu4AgL19aVx2LBO3gkZ9KevqaqiQKeeTTWnyMA4qdWWkkXHmUf8A1qiknJ6cVU35PFSAKE3O3XoBRawNtil803OOc1C0meKZ5g/iNUSWTJgYFIJPmwTx71WL5+6eKYXA75oEWmnwSF4FNE/TPA9qqGQHPOKjZ6VgLj3BPA4HYVA8nJJOartJUbSU7AydpPSmF/eoS9NMuznr9aY7E7NhQSetRSz7gB0A6AVXeUnvzUTNSCxM0lRs9Qlqaz4HNMLEjPUZfvmoWkJ6dKieT0oCxM0lRs+OT0qBnz1qKR94IB+X+dIpIka4ADYHbg1VLEjk9e1Mlb5gFPWkHAyT+XWgdizax4LSs21U557mmS3J3Hvn1qF7lpIljA2xg9BUW4KCT2pDJXYk5JqGSTHTHNRtMxIAHFRlsnJOTQMVyCgzncetQu5Clm7Usjc+/rVG6m3fKvQe9IpIjdyzknvSqT0FQqeKcsm1u/tRcbHttUc9c9Kac9SaSQ7WO7Bbr9KjZiSPU0XEhZpvlyevaqjvnOKklXk4PNQkelIpCxH5iQaVjzxTPu8Z60xmCqW5z0FFx2HMcdaZI/7vbzyelQBiT8x6GpJV2oGJG49PYUmOxWY/MSe1SI2Fx0HfHeoRlue1PZv4QMUhskznvUckwQHd1oLgNz296qyhnZmBBC+pouCVyzbXTRLLMCN2Ni57Z6n9KrhTI3zH1JqLA4X86fJwVjHH94+tSh2SZBIck9BTSCo45PfFTGPhnzgZ4yearyyYGAcUykxu4Zw3SlQKxOKrluaDJg5Xr60h2JJG2ttHIqJmLHk0hPGepPNMNK5SQoPp2pGJJJPegjGOQe9SW0RuJhGpAY9CaQyufmfsMnp6VKFYKrYIUnAJqD37VKqnYXGcAgZqUy2TRruYLkDJ6ngU9ThsdPcVDGxOct07mnhsvnvVomxICc8cnpxTlbB6Y9aaHzk5wPWjdk9BVElhHBP07Z61ftioHznGBnIrNjIBGQcjmn+aexwPStU7Gclc3bK/eFt27C/TvVxdUxHOGVHMqhdzDlcHOR6Vzas2FPOCMVNDJgklhjNaqq7WMXSV7mhM4Pz+vQ1RlJckn5j61Kx3QcDoeTnr7VVdiq4yQP51MpXKgrDMqRyOaffGAbBbrIBsG4uRkt3xjtUDkpJglT7jpTTySckjH51kbWFTG0ZzioZOp25AFObI78VGQC3B4qWy0JnkevSnFt65JUEYGAMfyphxkkcH0oJYn3qBjw2BnGR6U9Ouc/8A1qRF3H39aU8cDp700gW48/OnGARgfX3pCpAz+hFKqjIwQKSQkudxJ7U0Njk4APbPWpFJY8549fSo1OB8o6VIvzdOPeqQiXduxk44xTl4xmmEDnkccfWjIBzjtTKTJ2bgcD1peDx0qENz0pynPei5SJkwT6CpRtx0OahjBcgKCSewp5PAFMTZIGyRyMU5SN3XNQjOOnUVJ6c/h6UguThsgZ6ClDZPB4qFmJOCTxTowWYADknFUNyLKOc45qdH565NVFbawz644NSKdv3hgjnmhMm5okMsSvtAViQD64//AF0zzCT9fXtVVXJx1+tPDAnjj1p3BFlT0FSnCkYYNxk4qqP0BqUMpCjnJ6+n4UDLAYEAYwfWnhgKgVSeg/Wml9pIoEy4HwTyKUSc4PWqokO0jjmlDZ96Cbl1XqZJD7/SqKN371OjYOQaYXLauAeRkfWnBzVYNnrUgOKBXLSNjpUyMaqK+7n+dTxuAQeo7iqFctocdMVOjcfSqSuO1Sxt9ePSglsvRSY6gVajYdzke1ZqydDipopVyNxOO+KZk2aYYbeScegpobnrVQSE+wp5kHbNBNyyH5yDTg/c1WDknrRvxQJsvJIMc/hin+ZnvVHf6GnB6CGX3meVt0jFm4GSfQYFKJMd6pB/enb/AMqBWLnm+9OWQ1R8zHeneYOgb8aQWLol29DS+aOaoiQfU0okOeaZLL4c460oeqYkpwkpCsXA/vSh/wC8eKpmX3pN/qaALplz9KVW+YYqsDxluBQZscDpUiLglCkYO4UNNycDaKrR73B2KzfQZpN3BpWGT7zSb6rs+OtAkQfeYjjtTAsrJikMmepqs0277vAHQUo3EZwcUmBMXPYUxnA75qIv6UgXJ+Y8Ac+1DYWuO8wscDk0F1Q/OAxx0zxUMtyinEQ4qr5hPJpbhaxa8zimmT3qvv8AemlqqwiYyVGZM9KrSzKhwTg1XecyPsi6DqaYWL5mUZyckelRCQsdzcegqshCjjr604vx1pDJi3NNLVGpJOBzUMkmOO9AEzSCoHkyagaQ9zxTC/pSHYmMg6U1mwOeKrs+MgHJqGRyx+Zj9KB2Jp5sLhTkVCJOMD0qBzuIGcAUwvwQp5oGSvJz1wfQUwscEE9etRAgDPJ+tG7Lc4pDJCwAwOlQPLzhTk0yaTHHr3qLcSQF/WgdixuCqA3WopZQi+rVFI4jGcgk1Sd8nJ70hpE7SEnnkmqz8nrUkX3ssfl7mobmQM2RxSGh0ZG1u5xwKFADbjg46VCcnAXOaYxxxknFIdh+7cxPWl3E88cVGCce1IX9OtAwkYDp1qF32jGOacSetROw70AhhcgE1C7lgBnv0pJZM8DpS24w29sbR+tK5diSOI43N90H86SVt5yRgHj6US3AkY4456elLqA8uCFNqIxXeSDktnkUEorxTGORXCqwRgQGGQT7juPak3F2Zmxk88cVHEQxCsMDPWpJQFJCElR3NBT0IpOTt796Y2FXsSOppvOevJNLcKECrvDcZOO2e1IY2IkNnOBnOcU0SbZc9+etNXOcdBTQoaQ46Z70h2HSSFPrVR2JJJPWpZyGbjtUJGOtA4oYaaBk08DcSOhph6GkykxHIzkdKRenPak747VIE4qRt2IzQrmNwy9R0pWG3NR9TQC1HZZl2nJCDgDoBSLkjA6ClLtgDoB6UKQOo5zSNCQbfLzk789McY9c5/pQhwc/yqNWGeeuKUHnr1pkkoJYdRgCnpwv6UxAANzYK5wQDzThwBjP+FWiWTK23GQD29acpAXvk8cdKhXGOetPDAYwcH+dVclokVyCfyqQNjGahJYqepVc0sY55PA9qBWuW/M+UHPTtTGmUhQAMCogwKgEBcdeOtMcgZxxmruJRJGUbSwHA79AabvBTA61Dk9M8CmnPOAc98VDZaQ5m67aZnGPX0ppY9Mj8KQ9cZz7iouWPZ2LY9uachGM9/T1qHv6VKNvl992efTHammBIshUjaMYpwYnkjFRKcgVI+5DtZQG4P51SYhygn/69PJBQAj5s9aWGXYjgxoQ67csucc5yPQ+9M4xwSSRn6U3YRICnlAbSH3HJzxj0xQGGBycjrUW7Ee09fWlVupPSgCcsAx2/MucZP8AOgYOcHgVGCNuQM/j0pScHnp7ihjTJQQOhzUgPI6dPwqBT3OKepHU5PHagu5YUgH/AApwbHAxioA3y4pVYdBgH3oGydT74FOzn3qAMSOlPVvQihEWJs5wakj7HI/GoAwXqP1o38GqJuWiVAByMmlLEnJOSeuarb+PrTi2eR6etA0Wkk7En8KcG7iqytx39uKmR8dOO1Mdyyj4Hc1Kj881UD+w4p/mAgcYoC5ZL9MGgNwe4qFmOSD1oBHYgmgG7k4fHepFY9c1VD9jTjIc5NBJeRuRnOPUVIr/AJVR8wnaAelSpISAO1MVzShdTwxI49M80obpzVRHwOetTxuMZIpkssq5U8Htipo8n8vSqin6U9Xx7duKYrl5HG0jAPv6VIrnGAeDVFHIPHFTp0zxge9FyWy6jZHPFSIwyOeKprIM5FO83piquZs0RIB06Uof3qgsnFOV80EmgHBqTzCTk1SR8D3p2/nrQJlsP609ZKqBsdelKJQOn60gLof3oMoqmJCT65o3mgC2ZM+1AcE8dKqFyD1oD0XFYveYMDAoEmKprJzz0p4kGaLisWxJgU4SZ9qqq2c/MMDnmk8z0oAuB6d5gBql5mOvX0o8wUCLpmY96TzM96qByalQhQS3JFIVjUttQuI7ZoY22oxySOtQ7iMk8DtVFrkYwOlSBmcAnp6Uh2LSkuxwcDuaj3DueKheUIuCQB6etRCZQQTyPSkKxpxyADEcf/AjQLmNX/evkD0rMnvWZNowo9qq+ZRYDVuL4O/7oYX9TVWS4ZlwTx6VW3+lNJ9aLIbJ93ekMlQFqaX9aoViz5nPJqKe7CjCDn1NVXlJ4X86iBxyeT70gHhWclpGPPapEKouFGBUBfFIZKAsWGfHemF+eOartJ700yEHg0DsWpLlsbRwB6d6gLnuagL88Ux3xyTSAnZx3NReYWPBFQs4JprvztU8etAyV2OPk69KiJ8tSSctSMwVc4quZS7c9vWgdh3zH5mPvio2cMcDoKbLL/8AWFRKwAIzzUjsTF9o5/CkV8nHc/pULHd0pykKO9AD3OOcVGSAMZGT2FNmlyMDAFVQ2MnHGaBoW6Y+YAfTtUTjZjdSjLSZPXNRzHzHJzntQUh7OGA7AdqiJB5Ixim98VJgeXgnk0gIw+Tx1NNI5p3CDOMntUUkhzxye9IYkj84HWgfKmW60wYUZPWomc5znrQMlJqrM3PzGnSydh+dVHz1qRpAzUFvlAzx2piDc4GRye9SS7TwOgoLIkLZIFWPJZot0nBzjFTWyRKBhyTtBORjn0qeRQxwOlUkZyl2KIh2kc5I7elNuGES4b5nbkCpnLKTtGSDiq1xCTKAW3NjNJjTu9SNGLRBnfbg8DFCxowIMgzmmy4yFU/KOlOWMiMSY46ZNSMbMqjIGcevrUKd8VMRnvUZGKBrYhk45zUDZJ5qzITt2jmq7Kc4oKQwHBz6UmAVY/lTmx25FIBmNh3yKkobGuTzUmCPwpVBAAokx9DQS3chlOetRj3qRwe9JEhZvQDuaRa0Q0gnHQ546004B2k9OMg96CST1wKYDSZoOJwOPSngjdntUa4zg55PWpAAASTzngUkDJFbBHFSq/ZhlSc4HrUCKxBYAkA04Ec5IrRMhokGQcZwaUNx7/yppzsDn7ucdaM5Axx2qrisTKxAyT24qSWSN2BjQoMAHnP1qtknsR7U+5j8mZ4i6PtOCyHKn6U7k2FJ5GD+NEj7m+XgVETjvx70dT8vYZ5OKVyrEoBOAOaaQ2SAM8ZNOhm8twwPQ5qTULpppAxCLnnCgDr9KppWuTd3sVc8c80h4A4560nBJx0x3o5APt2rM1FFSQqpYB2wO5xn9KiQ4IyAe+DT1bIwMA5zTWomTRbMNuzn+HBA5z39qaDjIx+lMWTB6daOpwuTTESZY5yflA704HrziolJBHf6U/IxnoM9D1xQMUk5xmj+LPAphbmnJz1IHfmmIlzhc59qVXxnjqeveogT27fjT0I43H34HNJgiTPPOPrTgwBGCDwD0qNcENzg444zk03cc9Tigdyz5mRtzge1KGz6ZFVi/PXmnxN1/pTHcsZGODShumCBng1CG556U8AFmCtxnAJHWmBKG9fpSjiolJB461IjH1xQSSg9P505eOpFQZpwfOO9MROG9Pyp6v7VXDY4pykntmncVy0r4HWnK3PYfU1X3YHJ5z0oBBbAx17mncC2r470oaq8MihxuJxnnHpT5JFZ2KDAzwDzxSC5OHxzxTkIJHb1JquHIB6cjuKVXIPbFMRcR/Q1PGc8AjmqaHj3qzH60yWyyDjj8KlU9OcmqxYg44zUm/0GDQK5YDEY4qWN/rVQPUiuARk/lTFctq/PNSh8dOnvVMSDsePenq9IllrfzUyNleo69KoBzjPapQ+Dwc/SmIuCTaeOtOSUgiqQc5609HGeo/OncVjSDnueaf5oAwg57ms8TfWpYpVB+c4H60EloOT1NL5nPNQXEyEqI12qPfJP1qNHoHYuh80vmDPBqsG47Zpd2KBFnfRvqv5h+lN8ygCz5nPFODnrziqnmetKZM49KBMt78kc07fz1zVEP+VSK4A5NArFzee1AbHOaqCXJ4pS5UkNkEetFxF0XG1cKBnPU00zZJLk/Sqe+ml896QF+OZAwL5I7gVLNfM/yqAi+grK3juaUzcAA0WAuNJ703zffFVPMoEmelCCxb8zjrQXPeofM2gZ5PvziomlLHPJ+tAWLXmE9OKN/NVQ5POfzpxnRAMHc3r2oAnL9yaY8hPAwPp1quXZ/U1E0nbPNAWLJfFNMlV/M9KYX9TSHYnL00vUBamGXnC0BYsbvekL1X8zHU80m8saLhYmZsA881GDuyWPyj9ajeTsKRz/AHsg9hQMeHA6daViq46sfaoFYZ5OBQZecAgD3pBYdKwdhtOPYnNQu4RcDmmtLtJC8+9V9wLE5zSHYfI2Tycmm7tvHc00sc9aj3/eb06Uhk+/JwBzSM+xeetRwjjJzk05iDx3HpVCImJLZJ60AgtzgKKRyEU881AzNtyfrSGiSSRcEA84yagyQuRxnjrUZf5+ehPNSFwRyAB0FIYoOPwqOSTHC0xpDkgdKjJpDSH+ZgcjmlUHaW2kgdTiiHYo3SDjsPWljnEkxLcKwxgcfQUAQs4JI7VC55OKV254FNkXBwDn1NIpDYkMsgGceuaimOegwKt2LtHcZQAkgjketRXERLlcdPSgL6lPHpVqKIAZb60sMPzcnNRzyFmwpwqmkNu+xbSNCM561IFGwgdTxk9qqxXCRoARk55IqW5uYwWLRlQwGM9R71dzFp3ImOzPO49gKrXDYOCPmP3j6e1SvMgdjGDt/hzzVVUaQO+fc1LZaRG45HFS4bygcHAqLGTjPerojLKqkgDHTNSU2UzwKVImZN4+6Dg+tLIu1yvH503cAMUyt9h18nKYRVAUDjv71Aqp5ZyGMh6c8AU5mJOTinKi8licKMnFIFoQMiurE4Rwc4A6/wCFQH5Vzjr3qyQNpOTuPQe1QsD3pWKTI945FOWMuM/nUiQ7j1GO5xU2wKAT92iwm+xCVyAG7VGcYwOBUh+YnJNRtxxQJFN0dEVmRgsnKEjr7imKcYPBxzzUbOzY3MSQOMmkBPfvWV0dViX3/SnCmLz1rWksrVdEW6+0j7UZdvk4/hx97NWo3JcrbmfGzlSgyR97HbigMAOxz7UgO3OVDcY57e9NzQtAJ0ZNrZDFv4SDx170qEcnP0qEYIySc/nQGAqkS0T7iQO5A65oTOeBn/CmKSOOBn170K5GdpIzxxVCsP8AMwrKAvPcjkfSkAJJIyB7UwEKR3FKWBzt4pDsLgA89KRiOowB6UmSRTWOaTGhVPOR0pWYs3JJNRggZPUUBsDHFTcdiTI9ycYpynCng+melR4IweefalwT7iquA9Tkc8U5TtxjOaiB59BT9xBBHBHemmIkOEY7WJwcAgVHuP8AjQWGPc9abnjg/gaTYEoIJApeNvGc/SoR6Z4pST09O9NMLEitjPUDvTw319KhDbvr1605G24yAfY0XAmzyMfzpd3Hvmo1ycfnS7lwOTu+lADweOTTlYirlvqgi0W5sDbQO00iv5zD50wOg+tZyt3709hIsI2MDNWJtqMVifemeDtxVMEgcZ96miO5CuM+nNUgZM8xkILckAD04FBbPSonDIcMMd6XcuB6+lAEyuQQfx6Uu7PJqAsM+tKGyeCKBFjcfwo3c5FQqxxyKduOB6GgRNk460qsB16VCDyO9Lvx0oAlB96lDAAc8ntVZW/KnhvTp3oEWQ3509DVdTgDr+NSBs9ABTA0tMjSe8hikkESu4Us3QZPU1s+JbG30rUntba6jukT/lrGeGrmY3wcjipfMZsZPNaKWljOUW5XuXPM49qVHwRzVZCXYAcseBTlYjPakmOxb8zcc8c+lOVyarK3FP3e9MC0j4qZX49BVNGNTA9PX3oRJYDYOM/nS7+1Qbh0yKXJxnigRPvp6tyOaq7qfvGMDigLFzzME4/PpSq471T3+lSJuc/KCe1IRcWQnHYU4Pk9aSSzmtY0kuV8tXHygsMn8KhDEngcU0yS4snHal8z1xVc5j++pBPrxSswwMEk45ouBLv96cHqvvGOlIHyeO/pSuBZZwcdPwFAaoC4Ucnn0FN83NAWLW/HU0bienAqA3CKuETJ9TUZlLnLHincVi2twU+5wfXvThNkEnrVEPzkGpo1Z/b3NAmifzM0bsdeTUW+NAcncfakFzHtO5Wz2AouFicHcTlgBTTIACF/OqhlLHIpwk9MUgsT7yakIaNdzkLnoCeT+FR28byN8uOO/pUVyVRhhixHWlcZN52ThRRvPQc1RMme+Ka0+D8hOR6UCsXmbnB6+lLI6xrgYaTv6CqKyOxySSfX0peFGWouFi19pk2bN5C9SM1GXqsZfQYFG+gdizvNN3575qDeaC+Bx1oAlaTnA60wt6Hmog1I0gFAWJiwHWmq+Tmq5YsfanbscDiiwE+4A8HJHrUbuSeOTTAwxxUUkmOtAJEhfb7n+VR+Yc/1qu8v4U1dzAt/D6mkVYnlcHAFNBwuO9RlgvTr2zQqmQjPegBc7uO3rUg2ngDj3phXDEHjBpHfYMjAAoEyWRgoznJPFRhwi4P/AOuqpl3tnJpsknYfnTCxM0uOetQM+7Oaidy3FIvHXrSGkPXnJNNm7CgyKuAagaRnYMB0pMpEgGBk00EswHekBJyWqS3yrhgMlTkZ9aQbAyuSOABnH0pjbY5DsbdjvilmkeQsWJJyTVcNzzSBDt3PNNLZpGHU5puRigY9JGibcp5pqlpGLMx246+tNAJ5P3R+tDNk4H4UAxy5BBDEAioJ3UsdoAFWJ2ZwiDGFwoqm6MGYHBIPODSBBH8zADrSys0kh3NuakYhF4++f0qLJwSoOcdaRVuoSSOdqFuFoiB5AJI+lLHCz3Cx45JAzU1q3km5AYA42gHqeR0/KgbasInyxsWUE9qaWPY0x2JbgYxUgZvJwF4znNMmxHzz3pBgmkz6ZqeEKQT8oI6c0DbsPjVEaVlywAO3PHPrVJuvPU+9TSttU8nB9KreZkrnrSuKN2WJLcrgv1xnr2o+ba0YIwSCR7iovO3AgE4FIZWxj9aAsx6JtbaOeabcBlkKtwV7VHLIQvyfeqOCdkkLOBJwRhunI60rjURWNMJNIWpCaC0jN/EUo5p0bFwYxt+Y5yeORUYPpWB0k8ZVTzzUs05mfJAAP8K9BVXGE3bhycYzzSowzgn8qtMhrqWZJFZyUQIp7A5pgxzz06e9NOV4PBpRyOKoRIQFA5+Y9qTrk9O1NHTjOBQvXDZ5ouA4Njrz2pQRk4701eepAozk9adxCnuM80oPpTRycZHTqaVGKsrDBwc8jIpXGOBOaR2DEkLjJzgdvzppYkknGT7U3PqRRcdgJzQPrSZpRjGCcD+tIB+/PLHOOOaVef6VGPbFKDz149qq4iVjx25oBJIAGajz+OakR8cdDnqKLiG555pQ3IPBpGxjA596TIPqKGMdwx449qs3EKpDC4kUs+Syc5XHr9aqqwUcgHPTNDuXbLnJNNPQVnccDyc8U7J68k9KjDcY4p4PYGhMY4NjGOtLxnjkUnHPFIOeO9FwHA5z2pQc0zJA96ARg560rgTL/sjmp7ed4XV4mKsD1HBFVFOO5/CnqSODiquJo0b2+nvfJ+0zNL5SCNN38KjoB7VXz75qDdx69qejcnvTuKxJn0pd3A5+tMHPSnYGMkjI7etADwR2wKeG9OBUXG0Y59aE5OBTQMl3nA5NLuOMdqi3YHtQDzQIlBp4eohzkgfkelLmhCLCMT15xUqPg5FVFPrUymmBaRscjtUm/vUCkY75pQ2KdySyrU8NVUN09KkDYGeapMRa3Zx6U9W5AzVUPk8ZxUsbDqWxgfnTuBcZ1LEou0dhnNOQnBbsvJqkJMcClEueKBFwyAk0CT1OapxtluTxnmn7xnCk4zxRcVi0HJNSKS3So7aSBQ3mozsehBwF/wAallnUt+6QKvpRclkqHYwJIJB4qZZiDkk+tUBISeDipokLtycUhFz7QWHzZNSx3QhOdoJ7Z5qrLD5YyrFvXtVR2wT60IVjSub6S5l8yVyzepqMS+9Z4kJxU8RX+NsD86Yyz5h9eaQyVV8ygy9hSCxY8zng0of1qsrZFODDvTCxaDDb0O6nM+VHQAD8aqiTsKUEn60CZYRwpz6U952b+KoeFGWNRb80CLAbPelyqg5HNQBjQXoAkD5p/mBfvH8Krkk4ycUhKjnPFIC4ly5GEwq9zVeSTJ+U5qu8xbgcKO1RnJ6mkFiYtzywp6Dv2qtuVecZoMpJ60wsXxKqRnaOe1VzJuOSTUAY9AaeDjryaAsTZo8zHSoWc9/wpC4A55NICYsR7UhOOpyai3Z5NICWJwaYEwYYOT9BTMlzjNQu2BjrTVlIGFyPU0DsWGk2jC0gkyecCq3mDOBk0oGRnOaAsWGkHO3t61C7fiadGVXJfkenrUZYFuD9aAE25OTyaOcgenSlZh0AxTRk5wM4pAPCjIJwfalDgHjtUTPjpTZDlAAcMeoxQA+abzCWc1BuB4Y/hSsVCHd27AVWchVJzg0BYkZyuefmNRF+T3qDcS39aVjjgcmkVYk3c8U1n9+ai3D+I81Gz+nFAWJd3f8AWgOScDj61AWpyhjk9vU0irFoDb1+tSeZsxtOCetV4pMkZ57U+QYzk80iAnkyvAxk8+9RKSwLdMUM2Rx0qOThBj8cUFJC8k8Uu0ZA7UqAhcmgc9OtAhZCOg6VFtyAcdTTpDVhE8yFQG6dM8UxXsQswwAQKiZAQTT24J3dRSZ5pAQtAVO1gPXrS/KhygAxUwOcgjrUM+AAuOaVhp30ITK3meZuIYd6Q5ZmPQNzSFeeMZqVWVcEj5QDn8ulIp6CwhCOcZ9T3pXkVEODk5xVFn+ckU+HaQwc444+tFwceo9dp5zxUIO+YKM4JxTXfaOajhlAm3Gi5VtC9dSxoqxqM4HNUWdc5xz6Uydt0jHOeajPTrUNjjCyJmm+bgAfQUqS7WBZQcHOD0NQBeck8Y61PEiOu6RgBnp3oTKaSGTyBnzgLk5wvamlgB8hJPeo5DlyRwPSkz8uKVx20JwN2COmcUkpy2cKPYU6J4/IkDl/MGNgA4981B1Y02wSKC5LYHFApufzp6AuyqOrHArBG7Epw68Uh4JBoFUIlBz1pRSKAVzkAjHFAPWruSTLtMZG0mQkYOeMd+PypFIXrnNMUlWBo70JhYcxzz39qTcQenOKbx2zijnOKGwHj5mA7k1IkMjsVRCzDsBk1GFwgfIxkgevH/66ck8kL7opGViMZU80Jg/IiY80oPrmkH6dqQZ6/wA6Vxi/zpcnGKcSu1QBg85OetNI784FUK4A4IP405mLsWOMk+lDLg46/Sm45wOaAHL1704YB45H0pmSOKUZpoRIX3A7gvrnHNKIwYi4deGA2k8n3+lRDOKM460mxod2yBQKTGaXvg/lS6jHE5wM8ClDEcGkRdxAzj3oP07VQhQeKU4Bxximkc8fSjknmgB3GOv4UBvTvSDp70YpgPBPAFOwT160xSaeoyCwOAOtNCHg4HIJp6txUZPAznHTmkBI56YouIuLM0cbBdu2QBSSoPQ549PwqMHOdzYqIHoR06Uv8qLgSITjIyQOtDMCT2qM9BgknvSZG05yT2xRcCQP6mnhsDJI/rUGcmnBhgHvTuKxNu7DpUkSl2CrySelV1NWrd8DHTPencTJvKIk2FlJ9RyKcOKQSBeQeemRTGOelO4iUH8qcCMDnnPSoATj6U4GncLFhG2sD6UpbP1qAHvTt3HFFybE6t708E5wP0qtv9eSacrECmFicvk1IrVXUjGcgYqRJ/LxlVYc9RTEywoGDlse1WLeEMpaR9iDqepP0rNWQswJqXeGwAenvQSyzvBYhd2ztmnBueOKrRsvTBP0NaESxbQc4x2PNBLY1ASeKsx7YjucnPtVZpgB8v5UySfJw3A9AaBPUtS3hkBBPHpVcvnNV92T04oZ1K5yBTGWPMHc07ze39apeYqjkE0pmORgACmBc8zilRs9arRuCDuPP1qeN0UA9TQFycZpwyfeoUdnPAqYfKAGakJjyNpG4ipZHjjRVj5bHzGq25QTgbvqajdy5yzDP1oESlieppVINQhgDxz+NO8xVPK/rQBOZMcd6N2OtVTJlutOWVehAJ9aLhYnLn6VGziomlGPlNQlyxpXHYs+aKaWJPWq24fxcU7co6ZNAWJ1HtS4zUW8EDBwvpmlaUFfT2oAk3gcL1oVyOtVvM44oDnvQJllpM9TTd3PXiodwI5oZixwOlAWJWcnCrTlO0YJqvv2jC/nSFj2P40wLEjDO1TnjrULv2FRu/HWoxnNIdiZdzEc8VYQAL8uCe59Kqrk4x0qbeoGAM0xEhGeWzTc4+6OKY8g74qF5Sc0ATl8Htk9zSKzZCkkfU8VDF87DdwOpNI8m9z7+9ICYnAyCCc9qZv+9IckCoGkJGE6d6jeQGPa3X2pFWFLl3Jyc1HIxJxngVG7ccUi+9IdhxJUc9ai3EnjNDNk1G0mOnAFAIcx25z1pI/mYDOPU1CxOanjG/5V+VRySaLjeg4RMxDdAT1NPlhZER2ZdpyAN3PHt2pGIyApyPU0xzuPBoEmCMVOQMUMxPJJzScdTSHnpSAlQ/pUnyquTg5qurU4kMn06UCY8tuPHFNBNJH8oO7OaTOckUAOTLuq9CT3q4FUx/eDbepzVQbfkAzyOSamCKCFjfLd6YpFWdmDnI+lSQuJFC+WMjncCc/4UjqXBHGRUcRERbdnJGBg1I+hOGAzj9aicK+C2c+1R7ueeKbuPPNAKI9VKEsuKb5TTbwv3+SFAzmmGQrweM04SkEFSFZTkEHkUFalR1ZI0kA6kjp0qu8jE5NaE8ySQYdcMDkFT1rNfJyallxd9yN2J5phNPZWGMjr0psi7Tg9e9Q7misC89akYJ5SsG+fJyMdB2qJOpzSMeTg8UrhbUuoGeFAduwHgCkeIKevHpVVZShHPTnFPednO41SaIcXcJwFxjOe9RRsFJ3DNPuJRI5YDGe1Q1LZaWmpMSGztGBSHA9ajRypyKVmLHJNA7H/2Q==&#10;  Actual: &lt;[/9j/4QJaRXhpZgAATU0AKgAAAAgAAodpAAQAAAABAAABMuocAAcAAAEMAAAAJgAAAAAc6gAAAAEAAAAAAAAAAAAAAAAAAAAAAAAAAAAAAAAAAAAAAAAAAAAAAAAAAAAAAAAAAAAAAAAAAAAAAAAAAAAAAAAAAAAAAAAAAAAAAAAAAAAAAAAAAAAAAAAAAAAAAAAAAAAAAAAAAAAAAAAAAAAAAAAAAAAAAAAAAAAAAAAAAAAAAAAAAAAAAAAAAAAAAAAAAAAAAAAAAAAAAAAAAAAAAAAAAAAAAAAAAAAAAAAAAAAAAAAAAAAAAAAAAAAAAAAAAAAAAAAAAAAAAAAAAAAAAAAAAAAAAAAAAAAAAAAAAAAAAAAAAAAAAAAAAAAAAAAAAAAAAAAAAAAAAAAAAAAAAAAAAAAAAAAAAAAAAAHqHAAHAAABDAAAAUQAAAAAHOoAAAABAAAAAAAAAAAAAAAAAAAAAAAAAAAAAAAAAAAAAAAAAAAAAAAAAAAAAAAAAAAAAAAAAAAAAAAAAAAAAAAAAAAAAAAAAAAAAAAAAAAAAAAAAAAAAAAAAAAAAAAAAAAAAAAAAAAAAAAAAAAAAAAAAAAAAAAAAAAAAAAAAAAAAAAAAAAAAAAAAAAAAAAAAAAAAAAAAAAAAAAAAAAAAAAAAAAAAAAAAAAAAAAAAAAAAAAAAAAAAAAAAAAAAAAAAAAAAAAAAAAAAAAAAAAAAAAAAAAAAAAAAAAAAAAAAAAAAAAAAAAAAAAAAAAAAAAAAAAAAAAAAAAAAAAAAAAAAAAAAAAAAAAAAAAAAAAA/+EB3Wh0dHA6Ly9ucy5hZG9iZS5jb20veGFwLzEuMC8APD94cGFja2V0IGJlZ2luPSfvu78nIGlkPSdXNU0wTXBDZWhpSHpyZVN6TlRjemtjOWQnPz4NCjx4OnhtcG1ldGEgeG1sbnM6eD0iYWRvYmU6bnM6bWV0YS8iPjxyZGY6UkRGIHhtbG5zOnJkZj0iaHR0cDovL3d3dy53My5vcmcvMTk5OS8wMi8yMi1yZGYtc3ludGF4LW5zIyIvPjwveDp4bXBtZXRhPg0KICAgICAgICAgICAgICAgICAgICAgICAgICAgICAgICAgICAgICAgICAgICAgICAgICAgICAgICAgICAgICAgICAgICAgICAgICAgICAgICAgICAgICAgICAgICAgICAgICAgIAogICAgICAgICAgICAgICAgICAgICAgICAgICAgICAgICAgICAgICAgICAgICAgICAgICAgICAgICAgICAgICAgICAgICAgICAgICAgICAgICAgICAgICAgICAgICAgICAgICAgCiAgICAgICAgICAgICAgICAgICAgICAgICAgICAgICAgICAgICAgICAgICAgICAgICAgICAgIDw/eHBhY2tldCBlbmQ9J3cnPz7/2wBDAAYEBQYFBAYGBQYHBwYIChAKCgkJChQODwwQFxQYGBcUFhYaHSUfGhsjHBYWICwgIyYnKSopGR8tMC0oMCUoKSj/2wBDAQcHBwoIChMKChMoGhYaKCgoKCgoKCgoKCgoKCgoKCgoKCgoKCgoKCgoKCgoKCgoKCgoKCgoKCgoKCgoKCgoKCj/wAARCAQABAADASIAAhEBAxEB/8QAHwAAAQUBAQEBAQEAAAAAAAAAAAECAwQFBgcICQoL/8QAtRAAAgEDAwIEAwUFBAQAAAF9AQIDAAQRBRIhMUEGE1FhByJxFDKBkaEII0KxwRVS0fAkM2JyggkKFhcYGRolJicoKSo0NTY3ODk6Q0RFRkdISUpTVFVWV1hZWmNkZWZnaGlqc3R1dnd4eXqDhIWGh4iJipKTlJWWl5iZmqKjpKWmp6ipqrKztLW2t7i5usLDxMXGx8jJytLT1NXW19jZ2uHi4+Tl5ufo6erx8vP09fb3+Pn6/8QAHwEAAwEBAQEBAQEBAQAAAAAAAAECAwQFBgcICQoL/8QAtREAAgECBAQDBAcFBAQAAQJ3AAECAxEEBSExBhJBUQdhcRMiMoEIFEKRobHBCSMzUvAVYnLRChYkNOEl8RcYGRomJygpKjU2Nzg5OkNERUZHSElKU1RVVldYWVpjZGVmZ2hpanN0dXZ3eHl6goOEhYaHiImKkpOUlZaXmJmaoqOkpaanqKmqsrO0tba3uLm6wsPExcbHyMnK0tPU1dbX2Nna4uPk5ebn6Onq8vP09fb3+Pn6/9oADAMBAAIRAxEAPwD5Y565HFOjjeQkIpbCljgdAO9NIAbCtkeuMVNbI0kvlQl2kkIRQn8We348cUwK54oFPYEMVYEYOCKaRnpikAi9cGn5GD2IpvQ/40pHyg9+9AE7zQNZxxrAVuA7M82/O5TjA29sYPPfPtUBycdqFUkEgZA5NAFMBADmg8HFT3MSROoSaOYbQcpnAJHTkDkfl71CSc570AAU9uaOh56VKkrIoCkjqM+metRkdOetACAZ5FKQR2xSgFHwwII609XQEnG4dADTEQ8g0E+lKwOc/jShmUMB0YYNIYIqs4DttU9TjOKQ8N8pyM9TQQfoadtIAY9OlAAQNx29PekAycDn0qSbywyiFnI2jO4AHOOfwzTAT2wCTTEN70tOOQecEjjjmkzkYPNMBO/FLS96exUuSi4XPTOcUAIxyxOMA0i45zz6U+TLZcRhEY8BRwPYUygAOSM0mafGFLAOSF7kDJpKoQFW3YIIb0pzZHB4NID3PWjt/SmAbTjdx9M0KcZ4pKXr7UAA9qcPWkAH1qRSQuB0PX3piAHqTwaWjtgjFAGSACPqaaEGCQcfWlQfN1471PYxpJeRRzSiKN2CvJyQoJ5JHtT9Riit7+4it5UniRyqygYDD1piv0Kr8nOMVH3qQjt+P1oYYHbmkNMaMhSMde9GOCRS/wAB9ulJ2pWAQnjnH1pv06049O1M+tMaEooo7Uhi9hjr3NLnI6c0gxmhfrQIX6iirWl20V3f28FxcJaxSOqNNIDtQE8scdhS6rBBa6ldQWlyt3bxSMiTqpUSKDwwB5GetVbS4r62KhwO9NNOptSUhDSUueMcUhHvQMTuM9KGxk7c47Z9KOe9FSAdqXJ247dakuJEkZPLi8sBApAOckdTUePWmAoJ6tyM5x60FtzE++aTGfrQMUAAJGcjrRS0p5xgY4xQAfTmlHB4pBjFLjp3x2piLl7qFzfCAXMm/wAmMRJwBhR0Hv1qsD17U2lxjindsVkhefzpccetKo/SkxQAgpccA0uOfb6UYzgD8qAE68joKUdKMEH3pwXn19aQgX3FSLgDkZNIB+ApduBTQhwJx/WnjPAHJ9hSMAGIDBgD1HelHXjIOMVQhCOT2PTFIRTvmBznnPNXNQ1G4v0tkuGVltohDGAoXaoJOOBzyTzQBQwCfT8KTHNPI/Gk7nOOlIZIkWYt25RztwTyajUc8dKEye3FP4znjmmIYVwOuaacfTHtU6KrNh3Cg55xnnFRMP14zSsFyBiSeKbipNh6YNJtPvwaCriImVY5AwM896UDDYJpcY4OaD7UAS3aQxlBBKZQUUsSm3DEcj3x61AOKdgYwevpShfegVwjHzVIpwemR6Uir1GOfWpFUEc5oJbGgHrT1TJ/QCnonQHpVhI+QOOKpIhysVwn/wBepQh4qykHT35qV4NqKcD5hkc1aiZymUdvp69KeAeARU4j46VIsXAOfanYlzIApwOPxqxEhOODkVZaJXKbU2AKB1zk9z+NaNnaA7CvPHNbQjqc9StZFaC0d1JUU5laFvnUj2NddpV3b6eJlktoZy8bRgvyEJ/iHvXNatIHkJB5PeuiSSRwwquc7MzJD3H5VEJMdeaRnx9aYO3oa5mzuUdNSZTu69+9NfgevuKjJ/Cm7zRcOUV2IAPXNJ5mTxSPjHTFM3bR2qWy0roRnPbNG/I96Yxz+FMEgXGQCPTpSuapCtwTjmkVsEZ/Koy/rTd3vzSuVYlkkyT2/GowMhsbi3XGKjJz1605GIyRnkEdcUXKSsJjjgHmkHXmnHkUg68Y60h3HAE008Vo6VfNp8sjiKCYPG0RWaMMoBGMjPQjsapMMmnYm5FnGc80zJJ4qVlJHH/66iOQTUMpMduXAx170ue+PamAZPtUygEZGaa1E9CIrzTcVKVOCcHGcZpmBjiiw7kRHtSEHNSYz70rKM4BzSsO5CBzgVNBNJC2YnZWPykg44ppUg5H6UEdc9c0h3uZWOeOlBOCNp6VJKYy2Y0KLxwWyelMBBzkE/SuQ6RNxYktnmgccnsaVRlwvHB70mTjGfwpAJkk/WnL8vOAe3NNBxSv29O3NAC5wMD/AOtSd+O1G7oOwpCOPWgBaU8/MSMmkBwCODmpgyLE4Vch8DLdVI9KYEeflPbNOcZCsVwDwMDimj5W7Efzp4ZpDsQE5OFXGevpQBGeRyeRwKT+dTyiKMMigu/HJyNh/iGO/wD9aoeh4P5UAT2sqQXEUrxLPFG4Zo5MhXx2OOcH2qMYef5QqqTkAngU0gAZDfMeoA7Ug6HJIFACHtk5HrRnnqQKcyMh57AHg5pvBOAeO2aADjtmntyc9O3JzTmhZVQ5Rty7vlYEj6+honkEszOsccYPO1PuigBFIRuQHA9zigHGMBTg5+tIMcH2o45xmmIDjtkd/pSqD/8AroIwByCPrSqPbJ7U7AJzxS9qUdOe/pSds5qrCDtRS446jr0zQM8n0pgHpS9jijqelL+gFCENI560oFOx8vXnNJ9adgAVJCFLqGOBnr6UwZBBpw5ycflVITNLWobeDUWSG+TUFGMzRhlDHHQbueKzjg5/lTe/Wl/Ch6iSsOx0wc+tLnoM5poxnkU5RyASBnvQAZz0IHak9doPr0pvSlJ9D7UgAtnjA+tIfajoOnvQcbRx096BiGmGncdxSMOeKQ0J0JpB+lBGDQRjigYoODQOuKB36UtADmXaFORyM8Hp9aSig9KYhDSGnHpSEYxQMacnk0lOOMAjrTaQwVSxwOTSUvejFIAAox+NOTAYEjIB6etPUk5VB9/jHWmgIxwecUY9qUjBPHSl5xTsAg4PQGgClxS4xxQIQClHrTsUuKYDQOec49qAOuM4pxHSgDmgQsY45pdtPUAAENz6UvU569zQTcjIGB196Xb7U4jBpR7UgGgYpQDT+xHY0oHpTsAir8vXnPSl2jFOUZp2CTQK4xFP4U/Hpxk07bgVIE45p2JbI8dCAaaRg5PNSkbeMnPSmSuHJYKo9lHFA0R+vam9e1OPPNNpDEA5xmnjvzSNnOe9LnpmmJinJXjmm+lPOAPc/pSehFMSY1gcdTTQvOak46E803pyBSHcAAck9KiI5OOe9Sk5HzdaiPHQ4zxSY0KpyalEjlAm4lAc7e2fWoYxzUwGT8uaBMeEx1HFSqKYnXoamHbpVWM2x0a8VPtGcZ5qLJJBY/nU0XJ5qkjOTJo1JPPSpgAc5wKhJAAxnNPVwcZ/KtTF3eovl54HBpVXkAjjvSqwGfepYkLxlguVHBPp6UyL9y3bBcDrv/Sr1vlGDKSCPSsuHKvwTV2WUogJOK0izmqJ3J3mADZrJvZN3HXimz3W4nJ4qnLIWxg0pTuVSo2d2Mds88VGZCQPQdqjbJPXNBBAHTmsbnao2JoHj8z96CUPXb1phcZ47VEWGSO1Rlj2ouNRJ3fNRMxA4NBcY5qN2BY9B7Umy4xELnPNNLZNNJPNN5z7VNzSw7I+npTSxozwR60339KAsPzTlxxzz6UwA5pxPOe1MTHdvShRxnPPpQTnvmlX9aYug8dOPzpSMelKoIPOKbNJvZmJGScnjFMgidypypI9CKhJ55pW655po69Kg1itCZUO3fjjpW39hsz4XF+uoQ/a/tJhNkVIkCbciTPTHasEE446U7J6c4ppkONx4ORtzxQEJx/Wm84zShz+VFx2Ze0Q6dHqMJ1eOeSyGfMWBgrng4wT74qjKVZzjO3tmlY5z+dM+nehsEg6YwKCATxjPpT48YO7J9MetMbrQHUxvejPTGBj0qe4na4EYMcS+WgQeWgXIHc46n3NRRxu4dkXIQZY+gzj+dcJ2Dc8579aklcec7RZCk8Z64pOZH+ZgGY8lv600Lzjk/TmgALEnkDkY6Um07d2OM4pxb5duB1znvTpWklVXcllACZ7DA4FMCEVIUCvjeGXIyy0YLkkgnHUgUg6FeMHv3oAGChyFOVB4OMU512qjb1JYElR/Dz3qP2p2RigB4zIqoig7Qeg5Pfmmru5K5+XkkU0HHrQT0wc+1ACjg+1HfOOP5UuSqnjhh1I/lTeh68GkAoo3HhSeB0FB27eM7v0xQq5YDIHPemAmDj2pAM9M5pxI5AzzzSBiCdvGaAAZ7dO9L1oyduBnH86VfmyML6kmgBy4G0n5h1IpQASf4R/KkABAJbn0xS7c4+vTvVJCFVcuBjOaXp17VdsLdnlhO1jEZACcdear3MTRTOjDBUkYP1rb2bUeYjnTdiMkuck8+ppCNrEdcHt0qWSFo1UuQGPRe49z6VFUNW3Ghvc4p6sQCuSFPJpFUlSwxgdeaWhIYDGDxz25pfSkHpSjpTQh2BgUYwcZB+lKST1zwMUccetVYkbjmlHTpSk/wCHFNxjvQMXH1/CgDB5GRR+OBThjBznPbFFgADvn8KBjkHOPajk/SjrQIMkcjHpTSCafjgGk/L0oAbRnBP9aU/Wk3EAgYwRjpQNAoyewP1prfXNL0o9aQDcZB4PHNJjHORTj074NIOPxpDAZ780uKMYpV6E55FMBMc0fSnKAW+bp7dabjnkUAFJ2pR1pe1ADMUpXgHIOe3pT5GDsCEVcADA/nTOp4FAxMD1pMU7FKOD2/GgA2kIDjrkZ9aAcYIz+FHOad1OSO3QcUANFLilApQBzkUwEOCeBilApcU7HpmhIQgGKklZHSMJGFKrhiD945PP9PwpoFApgNxS9sY/GnY4pAvPFAhVz7n0pevQfWhR6/SlApCYYp2MHg0cHHY07HJ70xBg4xj9KUDsKVFyM5HA9acBTsIFXOO1SBeT2oC5xinqPXp6UIlibQVAA5p6cevPvTlQcA/jUhXC9PmqkiGypKpJNRYHf0q1IR3/ABqG5fzpmk2qu452qMAfSky0yEg9+Kbx3zUirkGkxzxSsO4w0qfSjaad0HShIGw7etJ684zSkevT1pM80xCc0oPqM0UDg5yKQCEcUwoefSpvSl29/wCVFrhexCqfLxUiqSOaeF5z6VIFHH9aaQnIVRheRSh/lC5OAaX0z1ph5PHFOxCHbsd809JCDn9ahAOMjmjfwBzj0o2CxaWQE/OaUv8ANkHBzVISYNPSQd8n8cU7i5C2JcAnPNW7K9eHIB+VxhlPQ88ZrFMh3ZFPSXbimpEyp3RsNc8jHAHGR3p892pj649qxhOQOvFJ5xbPp9afOT7EsNLzyaaZcn/61Vy5Ixn9aj8zqCam5ooFzeF5zz/KozJxnPeqxf5eDxSFueoPHai41An3bjzTlwT9TVUN61NE3PJppg1Ye4wTjp0qI98GpZsBmCsCM9RxmoSeOOlDHEC2FIwOcckc0z0pWYY5HNCtzU2KF2EjI9elIBkcdqcMjkHkcg0q4Jye/rTsK4iof0pSevAxTwQOKQkH/CmJNiY5POfpUijHeos4PFKG7ZoE1ce7YAHpULnjA+tOY5PTtUTHvSbBIbz1H86ACOvApeSfWlA/TikaCjGBjr3p4U4+nWhRxUgHGM9T0pk3GckYP86MEVIq/iKRhk5osTcjOOgNIQSP1pzClH6g0WKEzwM0h5+tPx9PpQF57U7CMaGaSCQSQyPHIAQGU4PIwefoaXythIkIXK7l96ayqFBDgseoA6UiMQ2cAk8cjiuA7BMnGDz+HShSR05PTilYFWKngg4NJyjdc4PboaAF2jC4Of6UjEgkcY9qbkg8cfSjvQA9Tg/Nnng0hXa5Ug5B9KT0PrSs5YkknOMZPWmAE5zwATz9KQ5P4UA4B4BzxSgcjPegA46E9PahSN2D936UmMk47UsYBZQTgE8n0oAchLMm5jheBu5H0pZdg3BfXgj0+lM79qlmZ52eZ2UtkZ6An8PwoAhycg88dKGJY7jzzyaPanKOdvXn14pAIwzznnjINIAMHnntQSTyetOYBW4IYdeKYCZ4GT9OaeFbbuwducbqQ5GMrgHkUmSMYpiHoSFIABB9RTzGR1YA9sHNMXBVstjHI9zTlKjljxjtVIDq/h/d21prkL6nF5umAj7QmcZHt710HxNg8OWeoC58PTTP9sjFwkky52BieAB346mvOxMX+VRtUdFHSn3Vw8/lKzfdQKMen+TXdGuo0+U4pYduqqidiu2XbO5WJ5JJx/Om9Dg0hBB5GDSgjjPP41x7s7BzAKEIcEkcjB4pBz1pO3XNB4JH50bAKaAeaCMHGQe/Bo49fpTEKOtPGSKYDWnoOqvo2pxXkcFvcFMjyriMPGwIxgqatEvyM85FJzUlzL59xJKURN7FtqLtUZ7AdhTY1eQqiBmJPCqM5PsKTBDaUcdaQ5B5GMe1OUMxCgEkngUIBBz0p31pB8rDjkHpQTkk460wFBPbvSUtA60gCQKAu1icjnIxg0zj+L0pzdKaeevakCY2pUeJbeVXjJmYqUcNgKBnPHfPH0xURpp/OgoXtS0Dp059aXtjA+uOaAE56Ud6XHH9KBQAuOM9s+tAGQTnoO9JS0wEo+tOApaYDMUuKXvRgZpAJ0ox70tOA9KAG4GO9KM4wD160uO1KB6U7AJt780uKUCnYosA0CnBacBinoueuc44xVCuR4xQVqQj2oC+tKwXIyKcM8c8in7aTBxjtRYVxvFHOMc0/FA49qLCGge1OA6UoHXrxzSqPpRYVxwGFB4p4HelVcjipEQkdKqxLYgHHSnqMdcfjQFwOaCfWhIm5JHj15HY1LO4MaKqrlc5I6nnvVXcQRj86Utu5qiGhkmDnHrUWM1NIu04PUU0HjnFTYu40pwM9KYULZ61YQZbrjNX5dMmjsIrx4z9nkdkR89WXGR+oq1C5m6lmYxXBFD8n1qy6fKemBUG3NS1YtSuRgYpOQT71K64xwaYTzSKTEwR1/Wn44wTTQSW5yTTyMAA5pAxh64BBFO780AZPAz9KBx+eKAZpwx2B0iZ5JZVvxIojjCjYU5ySfXpVFXGCO3rUZbB65pAe9U2Qo7khIzjHNN3cUwt6U0/jmlcpIkyAPembuOO9Mzz15oLHAXPA9qBpATzzikDnOQelMNJn3pFWJQepNKScVEOBkEU8SFVYcEEY5Ge/agVhCcUAHnrQrZBHPNH4Z7UhiF8DjOaTqB9eKeyjqPSmbTj2oGhM1IoAUcZNIoJHPSnqCOtNITAAsev51IFxTVXkA1LMAp2jBPcg1aRm30IiTSe5HFIfocU7AP9KQxjDPT9KaODUhHFAXngUDuJn2oJJOcdKDn29BS555H5UCHLjHOfwozjocUvUdqMe1MLiDOMcc0w89qeOuQfpSEZ7UBcYPfihjnk4/KnYzimkfiKQCLz+PvT1XngUgHep0A9vxoSBsRFz0p+3LU5U6gDtTgOOvNOxDY3bjAzz9abJ+H0FPb3pjDcTTEiLHPHWjB/xp+NvUUg6/4UirgOeT+tPA6DHNOjBHIOO1SBB+NWkRKRzcOwSjzUZ05yFbB/PBphp8bsj5iZlb7uR1IIwaYBj73Hsa809AdtYpv425x1700joMjn9KfKVeQmNdiHoCc4H1pmOcdcelMBMelOA3DPJxTfpT4mwwyMjPIzjNCAAxQHp8wx602hyN7bRgZ4FLldoGDuzye1AElxIJpS4SOPOPljGAOKjTPIXOenFKSXyxbOABz+lICV6HGR2NACAHOacSMDBO7uaWJmR8oASQV5UHqPemkEMc/pTAVtw2k8cZH0ppI7Uox16e1Ip65BPFIBcfMNpGT+GKd8y5OODwTjIqOpG3BAMnafmwaAGhS2doJwM0HAAxnPck0AlcYyD2p6RhkZzIq44wepPagBq5ZgCSO3TOKMgDHfPf0pU+Uk7ipA4I7mm9/SmAuTgADGOvvTwQPTB560hxsAwcgnvxQeV5P0FAh4ZdgXb82eWzSsRgAdT1pgGAPTpT5FQNhHyvHJGOcc1SYCEk9e9B9R0/lSd8DBpxOfTGOg7UxDSaUY47U2lzk+hpgOB6AfSkIIOPSheeMZpRx6UxCjn8qXODSDpwec9KCCACRweRTEOzgYxUsE0lvKJLeR43Xo6NtI47EVCOtWb8232gixMvkYXBlxuJ2jPT3zj2p3EQck/WlB6Y4+lIPaloAPr1opQtB9hQADg+tAOO1GKO9AAQQM9vrTeT1pxooAjIpAOemaefWjtRYYg4x0peueffFAHXFL0H1oGIB3Bzj3pOp9qXinlF8vdvGc429/r6UARilFKKXGKYATkAYH1pAOaUClxwDkfTvQA2lxS9e1LjjmnYBO9KBSgc+1KB+VCQgC8Z44460uKdgdqMc1VhXEAp8cZZ1VASxOAB3NOVTTselFhXGAdjTkLIyupKspyCDgg04L2IpwUY5osFxmM9acFp4UYp4SqURNkLLjAI7UbcVMUI7YPvScbTkc0OJNyuRSAcnJqVuOAKYBz04zU2HcB0xzilA45FOC85IpwHt7UWFcehxjvUyH061APypx6jFMm1ydmyADzUTL6HNOJ4pGIIGD9aomxERyaOnQ5pTSAcjvSsUISc896B700nB560jfX6GkIsIwHPFSNOWjCljtFU9xGM/Wl3ZPNWpESp3JXAC8HI70xcDsDTS+B79KFfA44zU3Gk7COcsScc96jP15p5APXrTTwOKlmiQiDPOCaUtnPrQoI47U7YM9MUDGg4HHWkLZHX8KViAPQ1EWJ7UgSHqxGc4x70E59qZnOB79TSZ7Z70XHYXPOTRuJzTWBBIPUUh96AHD86TjBJNAGRxRgH2NAxAOfYc0nXJzge9OxmjGPpQAzp9KUDnNSEAAcZPqKTGQMUrBcF65OOPWnDJYUmOaljGMd6aQmxGUgAAYpoUNnjFTOAW9RTlXHOMZqrEXIwnAyKdtx9amdQPTHSmhST15q7E3IgvU5HHPWkx+WalZR0pAuPpmlYdxm3pxgGhl+uOlW7jyDBC0e/zcHzAR8o54x+FVCeeKQkNAwcnkelO2jHP5UH7o4HvS44GKB7jNvPFJjBx3p7DOOKMYXk8+lFgQ3HA7mlzjpQeh54oGCvOc0wFHP0PehienH5Upx/hTWU8HnmgBrHcSSAMnsKaODkDPtTiBQByKQxVFTryeAaYgI9qmiHr1qkjNscq4I4OKUrj1x05qQgbcYH4UzIFXYhO5EfvetPwDyMCpLeLzZdodFOC2WOBwCcc/SoS+3O2o2KepG+M00DGMZ96Xk9e9O2jA9aRWxIo9KsImcVHEmVJz07VaiOOoHNaxRhNnE55zilznk5ptOHevKPVJ7e5MIkwkTF0KEugbaD3Geh9+tQ9ec0h9qAcDHY0wHH5j6fSnIxQq4xkdqSNzFIroRlTkEjPNIuNw3E4PXHpQA096XHXrSOck4zjtmlU45PTNCAPTNBUjnBwelaniC+sdQ1V59J04afbMqbbYSGTaQoBOT1yQT+NZZzwDnjsabAXLLyCR3BFNA5wDSgEn6UoG7J46ZpAIVIJB6g+tIR05pfw5pVA2klgADjB60AIBkHrkUEn1pQSqkcgHr70roY2IbG7g8EH+VACZyMHsODnpSAniniKTZ5mxvLztLY4z6Z9abgY680AO2YQnoQenrSLnDAdD1pB9KeSpTodxbr2xTARMBgWG5QckA4zTwRubGVU5464FNHAOckHoc96UEgEccjHNNCE7DHXr9KcvXk57800e/SncbuMkZqhCr0PJB7YFL2Hr1pB7Uq4BBI3D0JxmmAjHPYUDPAH8qUcelKuArArkkcHOMUxBtO3djjOM0UlOHPTNMBBRS0UxCClA54pRj8aUUAKPcc0opAOeacOOxpiAjDEHtSj8KB0pfwoEAGTgY60hFLjjjr6UuOB0p2Abxg5BpCMfSnttyMAge5zSdCduMH2pDGY47UAdenNOPb6Ug4PNACYowOeaeAMH9KQCgY0CjFOxz6UoAwSTyKEhjAOuQOaUClxzzSgZp2AGOewFIBzTsUuKdhDcdaXFOC08pgKcgg9geR9adhNkYFPApcDtTtvoadhXEVRkA5/CnBcH0NOCdCTTwvf9KqwmxFUlSQMgdacqk8AZ70u3inKvHQ4pk3Ggce9OA45p6jBHcZpQDnpRYVxFUVMiZFIgxU6OFR1KhiwwCeo+laxRlKT6EMiF2wCSelMvLWW0uZILmNopkOGRhgg+mKkJIYHpTJ2eSRndizE5JJzmhpWBN3K4Q4yBx60m38Km9Ac4HamsATwOKzcS7kZwpweaVefpTmX9KVBgE4zUtDAAU4KPw+tC5z9amVfl4FNRJbsRPnPGMe1NwMmnsDzTHJC49aLajQgwWGTgZ5PpUb8f0qQeuKjbJ+lFhojJ69zSVISfLCYXg5zjn8/ShFIyAOfXFKwyL3pB+tSPyOBjimPkYyMcZpcoxOcZHOOtCsB260jdeKOcd/rSHYmdlxwuD3OaaFyfUUIOOtTrHkccU7XJ2I0X0x70EZBPpViWFopGSVSjqcFSMH8ahKgEg9c0NCvcrEZJORnryaiYjJA5qdxg4/WosFiTUM0Q0Y+lJnJz70dOBQBzSAXNKq5B5AwO9GPfNKAOp6UCFjwCd2ce1If/ANQoHBzyAaUcnjiqExuOPek56+lSMASOQPekK/5FFgTGgZNL0/8Ar09U56U7ac8807C5hirzU4yeccAdhSIuGB9KcT1HTnpTsS3cFHNSgAAGmqOlTKARz61UURJjMA9e3ShVyKlWLOAD1q8beewhDSKEFxHlcjOUJ6j06VryshzRmY428U1QB2qVuTz0P8qjIxwcnms2UncjkXIIzUeOKsMuRkelRMDkccVFi0wA3Yye1GB68UuOM9Kci5GeD2xVWFcYFGfakI54qbYQpxmmBD0NFgTGFeO+PemgDP8ASpzHgDnrTCuCcUWGmMwOhFIRk5p4HY9KXA6g8UWHcRo8IM5yeevakVQCMmnqCTzUiLk8cjpTSIcgiTkZqQJtPXOO9TRRn0OaGUk8VoomLnqQOT0FNJPGe1SSLkjNM24FQ7lxasNkIzlePQVD055qd1BHHHrmo2Urkc5qWWmNQZNTouSM9KiVSDn3q1GBTiiZuw5E54qboeOakjGBng9uaGjOc1qkczlc4QUvQ0lPwdqn8K8k9oYeTTmxninHZ5ahVYOCdxJ49sU3jABOff0oAQU5ULkgc4GT7Cg4xwOfWkGAcHpQAh5HU5pQcjBzjt9aTjPf2oFAC5x0zSZ/OnMxZiTgBuoFN70AOBycZxnr6UYAYjPHTI703tSgZU+3SgAUkdM5+vajoRnBHpml38AEZUZx+NCFQfmyQewNADc9ugpR93PGOlG1ipYDKg4Jo69T0oAcCcgZ4pMYPXNABpyKT+PrVJAIVIGcHHr2pVAJwWwKApAJBHHbPWjsT6UCA+lLxik7D0HSnYycjgH1NMBD04NOGPzpADnvTurdAPbNNCYpAB+U7h9MUZBABHOetKpAPIzznrR3zViD349KfCgdyGdUG0nJ6cAnH49PxpvandM0WEJ+PNA+tH0pR1x29KYCAcE8cUUox3ooAOvWlA54oHNKMf8A1qaAAOaeobGQDx39KQdegpemRnpTEDYzxyKMUrKyMVYEEHkGigA6DjrQfejFHOaBAeTxRxjoc/WjH1ooATr1NB6/hS4pcc/1oAQdeKAO9LjP0pR0p2AbjmgDg8in+nFG0dqdirjMU4AdKcFxTgtNRFcZilC1KE+tPCZPQfhVKImyJRxjtTgualEZzUipgH5ckjGfT3q1BkOSIAtPVKnWIkj5etTRwM3QZ9quNJkOoiqqfTFO8v0q8lqxHQ+vSpVs2wcqeRxV+xZn7aJniMFiRwO2fSnBDjHatFbNsfdP5VIli/8AdNNUGS68V1MzyiDwQeKcsRK57VrJpz9lqZdNf+4eK0WGZlLFw7mMkZ96e1uwyODwCSDW1Hpsg/gNSjS5SMeWfyrRYZmbxcO5zjRt6cGkeLAXBySMn2rov7Kl7xkU06U/9w5o+rSD63Duc8kDOrEY+UZOaaybVG5cH+ddD/ZbD+E1FLpzYwVPFS8NIqOLg3uYQibaW2nbnGe2aAhrUNiw/hNIbR8fd/Ss/q8uxr7ePczAuKdlsDNX2tCBnGB+tQtAd2Kl0ZIpVYspknFRsMnpxVuWMBiF5A4Ge9RNGR1qHBlqaIQPQ4xSMvOeMVdW2Q2zSGQBwwUJg5IOcnPTjA/OoPL65OMcUcjK5ivtA/8A11agspriC4mjjdoYFDSMBkICcAn0BPFR7OewPXmlDOquiswU8EA9aaVtwbvsVyvOAc1HIOSOp6Zqw6EZFNAO4cAkc4IyKhopMqlSaAOQM4GKlZTwfWkVMscfWs3Eq46MEEVacnzC5wDnkDtUUUpWN4wFIfGSVyRj0PapCv7oEDg9frVWstCGw3s7lySzE5yec1G53HLH6VIgwnNIV6jHOaWrEVplwaruOeOlXJV54/KoZFHUjAqGi0ysQRyRSgDuaeQTnFLsPPcdM1Fi7jQODwDnpRjNPUClAA6inYm4zsc8UoXGP8aGzn1p64wO/tTE2MPA5FKo5570hI6ClBz2xTEWpViMr/Z9wjz8u8849/emKvHFNiPGOvrU6js1UtTJ6EZIwBj60085I4IqR0wSaiPuaGNEiOcdjzxmrMY3DJx7VUTOR/WrsXTIFVAmbJlBCg9hSzymWNQxJCjaB6CnjLrgjpTGG0+3piujoc11crBecHpTWUZ6jBqzNMJIo4wiDZn5lGGbJ7nvVOXrwcisJaG8W2NfgAD9KYck+tIWzkUgBNQa2HEjA/pUtvjOOfamNE6BSVIzyOOtPh+R8NwapbkvVaFwQ7hnHFIYcc4yfpVyyKuQHwM+1WNTjigkIV1cDGGXoa25U1c5PaNSsYsseBmoSPX8KszvuPPBqvj8azaOmL0GbfQUu3jjvUgXAzTlXceaVhuRHtBHSpY0PWlxjjpU8C5I457VUYmc5aE0UfGKYU5I/rV6JRjmmNHznjit+XQ5VU1M2UZYjoKQr61ZkRckjtUZXJ56+lZcpupaFZl5qNgWIz16VadVwc/karEc/wBKhqxpF3HKuBgDn1qWMYPWmxjIGKlRRnNJITZajGFBHOakAAGMdaW3XIAI4p7JgnArZI5JPU86HUEV1+o+INEuvA1npVv4ehttYil3SaispLSrzkFffI9vlrkD6ilXg579q8dOx79h0mz5Cm7O35t3r7e1IrEKygjDdaGyTubqeaTvx0pDFAG0c9ffikpWI42jHGKRSQeM56UAJSnlevSgE4x2pBQAHJ60U7gY7+opD1zgfSgBKOnHce9K+SckAZ9KM/LjA65z3oATHPXNORGcnaCcAk+wFCAl129c8ZoYksSTknqfWmA2l9u1KvBBx068UuRjJzuzRYA6Ac5z1p5IfHRSBjgY4oWMmJpNy7QwGCeefQelN4xVIQdOQc/SgCnMpXg45GeDTvMfJKsQSu07eMj0pARjI6UopeoA9qMfSqSEOQZbBYD3oFGBwAacAR/SmBLDD5kcreYi+WobaxwW5AwPfnNRj2oFPbGfkzj3qiRDyegH0oP6UpxgYHSlYAdCDwDTATtR2o/Wl/GgQmOccUd6WjGKYB9AKWlwM8H86B14OaADp0pcGgjBINLgfU1QAcnknn3qSHyt374uFwfugZz261GTSj0PSgBBS4I7daVV3dMkgZ4oGe1AgP8AkUYxxinAdBTmLFFTOVGSB6E9f5U7CI8UN19qeBzn07Uu3n0osO5GAaeOvOCelOC8e9KE71SiwuJt46dOtKoqRVPAqVIiR04rRU2yXJIgCe1SpH7ZqzFbMxxg1ehsHbHy810QoN9DCpiIw6mdFAWHYfWpRbHHIrpNM8O3t+4jtbaWVz0CKTXe6F8HtevirTxJaoe8pAP5Vs6MYaydjjeMvpHU8jS0OR34q1FZNI3yp+Ar6K034JWMGDqWqjPcRoP5mup07wF4N07AdJrxh2dj/IYqfbUY+ZnKpXlsrerPly30edyAImrf0vwZq16cW2m3Muf7sZx+dfV2n22j2KD7DosESjo7IB+p5rSGqIB96GMDsozUyxyXww+8Sw9SXxT+4+aNP+EniW4CkaW8Y9ZHVf5muksPghrD4NxJaw+2/P8AKvbZNdhXOZ2J9hVZ/EcWOJXz9KyeNrP4Uh/Vqf2pM88svgbGMG51FAfREzWzbfBfRo8Ga8mfHooFbc3iu2Rtrz4NQnxRalv+PhvwFS62Jl1GqWFXS/zI4vhL4Zj+/wCe3/A8VYX4YeFVH+okP1kNRHxDaH/l5fn/AGaRtdtev23H1FReu/tM0thl9hF1Phx4WT/lzLfWRv8AGpB8P/DA6WI/77b/ABrKbX7bPGoD8qQeILds41GPj1OKP3387/EL4f8AkRrf8K/8Nf8APl/4+1Ifh74ZPWyH/fZqot8z5xqFvgLvJL9BVCXxGkQJF3vwcfIKSdZ7TYNYdbwRqSfDTww45tCPo5qjcfCbw1KDhJk+j1QPi7B27pM+vSg+KpPKkcSKCmMK55b6Va+sr7TIbwr+yRXHwW0STPk3U6H3ANZN38DYSCbbUh7BkrZj8ZShvmH4Amr0Pi8fxs6g985rRVMVHqRy4SW2nzZ5rqnwR1lMtayW830bH865TU/hZ4itN7SabKyjug3fyr6Fh8UxnAFwv/AhiraeJVIyQjj/AGWqli6y+KKYLD0/sSaPki78L3ls2J7eSMjsy4rPm0WRDkocV9mPq2l3g2XkCHP99Aaz7vwn4X1UH/RYVZu6Haf0rRYyH24WJdGstYSTPjeXT5EDds8VXa0YckdvSvqfV/g1pdyGaxupYWPYjcK4XWvg7rVqGa18m5Uf3Tg/ka0jUoT2YnUrw+KJ4a1vsT7pJxz6CoDFgjAJJFd9q3hLUtPYrd2csRB6leKwJ9MkUn5Tke1OVG+qLp42OzOeEZA29AetMeMBj+nbitiWydcAqRVZ7U88ce9Yuk0dUa8X1M1oSqBjjDZA59KjZFV8A5GeDjFaMsQC47gdaqvGR2rGULGsZplYKQcCrKjgDpTGQ8EnPerCABfm5J71CiU2M5KYHQDmgdsirIhPl7gRtLbevNR7evGO2abiSpFeZQPu8/UVVdeavMD6VWdcnntUSRcWViuO2T9aNuD+tTFeDxRgNjjB71FiuYiICjjaSR+VGOOn51I4Gff2pmOPYUWC5GQTnvTTx1NPYknp1prD2qRpgoBPNKRgdDxx+NN5zxTlyRzQhsdH1qygxUccZyMjI61MRznGB6VokYydxXBPvxVdh+NWWOUINV+nSiQognBzVhJP73SqxYdAMU9T9fWhOw2rmhDMFwTT7iUOAMAVQDkEdzUu7KY74rVT0MHT1uIxCjIOT2qu7cU9n4OBzUJNZydzaKsIxPX2pVbbg0hwD65po68EVBpuaF/qT3cVssmP3EflrgAfKCT/AFqkDhs54qPkt9ad3xg03JtkqCirIvQzbFGOT9ac8zOvLdKppk9asbPlB61qm2ZOKTuxoJY5p6rk9PoKYFI4qxFkYI69sGhIGyNU561KqZ6U9FPUdOlTJHx0q1EzlMrlee1WLdSXGalWLNWI4dz7u9XGOpjKpoSRxZHHWh48DGKuJHhOn1o8ok9K35Th9pZmW8XfHaq80RzuxitowFgeKgmtm781Dpm0K6MSRRtOc57VDt68dav3MYXPGMcCqqryPSueUdTthK6uMjUg9sVYjXnIFKqjPHIqeNOc0KIpTJI/lGKsQkb/AJ1DD0NQlSTnHepFGOtaI5pa6nmvXOOgoz7dPakJ9qcTwMDnvkV4h9GPlnllCBnZlRcKD0Ue1RkDAwf0oIIJXP5Gk780ALuO3b2zmjBGD6+hoVSxwoJPYd6TpSAdtIJB4I7HikHXJFHengryWB5HGOOaYHQeDNBtvEF9cQXeqW2nJHC0okm4DEdhXPzKElZdwYAkZXoabnFHbPPPerck4pW1JSabdwCkhjkDHYmhTtcEAEjsRmhgA/Bz70+XaHYRlimeC3XHvUlAGbyiMDZnJIUdfrTe2APf3pCc44A+lKVIOD9etMQoG7A4XAoUcE4PAoVSxwDzW54i8K6x4cttPm1mxktUv4/Ot95GXX1x2/GqSE2loYYB6YpSMGlxnFSRRq+7dIiYUn5s8n0GB1p2AjHTODSjGMYGc9aUj0xS+y/nRYAGNoG0Zz170c9zxSjHcZP1pVx3wBimkIQCnAkgA5x6UIpY8DPGaWmADr7Uvf2oHNKBTQhQPakwV+opaOaYhO+aMflTgPbNHGOnegBoFO9s8UcccGjuaAArg9R+FKPakFKBkUwD60DNLx+NGKdgFPPQYoAJFAFPK4JGQT7GnYQg6deadyKAO1OAFVYQgHHb6U4DPpS7aeASefpTSENC07b+VTRxgkbs49qnjtyxwOa1jTbIlNR3Kipk9M1YjjJAULwO2K1LTSJZivykZr0Lwr8LdZ1fa6WjQwnnzZ/kH4dzXVHD8us9DgqY6KfLDVnmltYvLgKprodH8L3l9IqW1tJK+eiKTX0DoPwq0XSkWTVrj7TIP4F+Vf8AE116Xul6TB5WnWiKqjGFG1f8TTeIpw0grv8AAxftqivJ8q/E8a8PfB/UbnEl/wCVaR995yfyFeg6V8OvDWkKHuY3vJB3lO1fyqxf+JLiRtqOIx12xistLq4vbgCJHlJOMEnJNRKtVmtXZeRCpU09fefmdQNUsbBfJ063hhHQLDGP6Ufa7ucBppvKQ/hWUljdjhgsDn1OMfjWbqM0ttMY5ZScYBZWyBWCs9EdDi4q7R1hurKIgHzLmQDoOOar/wBrzcrHHHajPJkGMfnWJbW0s8O5Lps/xDyjn8+p/So/7KggmL3k0jK/8Jwpz+NQ3Fbsrll0RtTa1aEN5t2ZGUdYwSDVGTXImO2GNyD0xk1Mh0fT1EmIQD65c/rWdqPiohimmwLs7tJwPypR1eiCaUV70hZdQuyf3NvIxPbrVK5i1e6DO9u6p64xis83up3jMVuZeO0MZ4qa2gu5eJRcMB1Z8kn8BW+sddDm0n0Yf2fcKQJJI1z6vV6DRiVQ/akO84AXmp7Szt0Kl/tRx2MWAK3/ACLMIoEk7FhyAh4/E1hUxDTsjelhYvdGF/YcQZhNczAgHGyLOT6darf2VltrCbGeuO1dGlrZxqZNzYBxjODmopGHJjmO0n7rPnFZKvM2eFh2MYaImwHdOMn0XpQNBjY4Sdg56jbWibaUANHcHPtg1ZhldEIcKX9T1odep3F9VpdUY6+GyMbZFf8AH/8AXQdHnjc/fx22gEfyrWnlkwPKHluRyQo5/OsptVuLaQDz1c574P4YrSFWpIzqUaMSs9vtbmWQH0KVGbVJCT9rjBH95CP6Vfn1qZk+a3ifcMq4+Zc1k3GoI7b/ACI1bvjgH8K6oOb3VjjqeyjsydtDnktmmhVJxn/lnIQw/A1kgIJDlnQg4ORmnyXpDlo12HGCFfj/AOtWfNcbjzxn8a3ipdTmnOOnKbFxPYIqLbSyk8b2Yfypt9Pb28i/Y71blCAdwUoQfQg1zzuBnnrURb3zRyeZftNDsLDVQvMuJBjkb8Vo2+rwsy/vWhOM8/NmvPt5zV2CTK5yWx129vrUumi41mek2fiK4hI8uYSL9a3rTxSkgAnUV5jpclgd32yS6XnAaIKw/IkGt+O10uVwLLWo9x7ToU/WsZ0odUbwrT+yzvmvLG+j2yBHB7MM1z+r+CdA1PJazjjZv4oTtP5dK5yf7XYlWcq6Ho0bhgfyqa1150wFdh7E0o0pR1psJVYS0qxMTWfhHuDNpt2PZJV5/MV59r3gbVdLbNzaPj+8vIr3a116YgHazKe+K0Y9ctpV8u5iVlPUEVrHE1I6SVzN4em9absfJdzpjIzBkIPes6exOcgdB0r6y1Pwn4b1wMVRYJW7rxXAeIvhLdxBpdOZLhPQda2VSjU02fmZ81elq1deR8/PbFe1KkQFdrrHhm8sZGS5t5I2B7jFYUtiUboRRKhbVG9PGxkZO0jikVFyd5OCM8etaTQBcArwP1qCSIEk4I9qxlTsdMaqZnOvqMmq7Ic8AmtIx8Edz69qgeLj8axlC5rGZQMZ5PpTSnSrxjxwMH3FWbRoIre5WaPezIPLPHysD1+mM1HIU52WhjlRtOQQc8elRMzY25+XOcdqsSjcx4qJ1GehHrUNGqZXIGfYUHknpUuzI6HimMMVFirjVC55PHqBThjg0gGcAVIiYOPzpoGTRA+x9an256Co4uuO1WlXAyB7VrFHPJ2Krg5xnpULEdOOvWrbp6ZqtIhz/hSaKiyHjkdaUE4/QcUjDFIvB4/CszUkz0qQPhTjvUHIPI/SnFs9OBTuS0KTggnpTWO7OePakJPfkUKOelFx2EI46YpOopWOTzzTowMgE8GgYwjnj60o9+tP2k5xzjmjq2TRYVx8Q9q0beQRDLKjjBGGGRyMZqhGCOTzVjotbw0RhU1YYyTUkQ7CmRj5sVKgy3y0yWTRrzxxVpANoBAznrUMQBX3z1q3HGdtaRRzzkOjTJA61bhi+bBHOajijweetaMa7QCB24raETiq1LCxxfLiphBtH9akj/AVLkAZNbqJ50qjuV1gDA0k9sfK4HFX4lVu2Ktva74cgH6VXKQ63KzhdQTywQR3yKzVU7vr6V1GrWpy2RWKISvOOlcdSHvHs4esnAijjyehq1DFyB3p0C54I75qwkYDUlEc5vYidCvsajwSelXZcng59eah8sdKbREZaanlWOD6DvTgxVSuBzgnimtjPy9KfAyJKjSp5iAgsucZHpntXgH1Iw8HPvSt948gn2qe/limu5ZLaAW8LMWSIOXCDsMnk/jUKco3PGM9KAFhZ42LxvsZR1BwfTimfyoxjHHXmjJxjtQA9yCwwu0YH/66C2W7KD2HSmZPcmnAFu3QdqAHJt53bgccYHekOSO+39KTgkc4HvWuPD+pHw6+ti2f+zFmEBm7byM49f8AIqkhXMlBuYBmAyeSe3vS9KQelObkL2wKEAiLuP8AjSn2HFFO2kckEZ5HvVIQi8Yq7f6le6hHbJe3M0628flRCRy2xAegz0FU/Sl+lVsIUBc8k4x2FGP1oK88HNOUZ79OaAuIE+QtxgEAjPNA4pKeMZ4/WnYBOlGKd0o79MU7CuIo/Knr1BIBHpQB6ClAosAAfhSgYoApw7Z5FMQgHYflRinY7jigcD9aBCKpYhRyScAU64ieCZ4ZUZJEYqykYII6gikJ5z3oIZssQSM8nqM0xjD174peM8ZpAPzpT2B6e1Fhhj8fpSiljTfIq8ZZgOfel/CmkIADjBpSBngAfjS04AcZq0rgIF/KnBKeqn0rSt7ryLK5t/s8EjT7f3jpl48H+E9s1pGFzOUrbGVgingDA46VMIySc1PDbtJ8oUZq4029iZVEtWVo4yT0q3BbtIelbOk6BcXkqRQwvLKx4RAWJ/KvYfCPwcubhUuNelFlCefKXBkP9BW6pRgrzZx1MU27QVzx3TtFuLuSOOGNndjwqgkk1674O+Dl9dqk+rFLCDqd/Mh+g7fjXq+l2Xh/wxF5WkWkZmAwZMbnP1aq1/rs9yxWIs57KnSh4nl/hq3mzklSnU+N/JE+leH/AAx4YUfZLRZ7lR/rZQHb/AVNe+JdzBVOzsAtcrqAuV5vJRGDzsJ5PHoKyBfQQn5o3dvXdgGuZyUndu7NVD2aslY7CbVWyCRhSMls5rIn1ISyBUjJY+o3VT02UXtwyCAISOSBkKPr61Zu7u3tojGjiVx1GaE0jRq6vfQsRwiSHzLpogrDcGdTz7AYqCG/FrNttLbdzkSBc1EYbm92lVcIOhYY/Km3EX2ZWDzBD3Cnc34mnfoxO+6NOW9TBl1W9MYPOxDg1kyeIrG3bbZWnmnrucZrIaH7RJ0kk+vetOx8PXEg3lY4FPJMp7ew61EuSPxManUn8KIjrmoXRO1hAD2HFV4Yb26lKqssz9gOa6u00rTom/fSNcuoxtAwP55rXtXSEbIIREp9Pl/+vWDxEY/CjVYecviZy1l4VuGCteOIv9lDuatmLQ7a1O8QiQgfelO4/lW0MsOgz9ay9S1u0soyjSBpOm1ecVHtpzdkaexpU9WVv7QaOYQwwufVgvyj/wCtWks8aRkzOIx1LE4zXG6prEUi7oSRM/IjXJAHYms1Hu7qeJZ4XcEjbhhg+h54rRUW9XoYvEqLtHU7ObxLZxEpGDKw9utZ914rZsqtuEGMcHBoh0KOaBnAuoZCBjI3gnv06Cm2/hed2b95jBwN8ZyR6+1NOlHcmSxM9jPGrvLIzAyKWGPlk/xqPdJIpIed2PbeK3Y/CE7j9/PHk5xhP8KvWfhm2tFP2kPMQeCF6fhT+twjtYz+o1Z6SucikdwhLGC6Ze5U/wCFV5LlUchjdof9416I2kRSwMsMf3uN2MEVFp/hs20khkRrgHjEmMYprHRtqiZ5XO/uyZ5/E6SSAtNMUB+bJ6V0aSIkQhhihcAZC5DuRWrdaJaDzvOtoo36Bt23H5CsS909bYq1mCkuflYEEH8R/Wsa1eNbbQ3w+Gnh782pbEFtOijyzGepA4NZ11pheRzFIMZ4DcH8+hq9aSrMqmYqlwPkkjIIB9wavGdEGGAjH14rKGJqUnZM3qYWlVV2jjri1nt2/eRkKR1YcH8aplDK4RIgW9BXc2yG6cRjd1OAEyMe9M1fSLKOATRbZJFGSUYhR+XSvRpY5S0kjzKuXcusXocDPEBIQwMbDgqR0qAxjs4qTVHVTuEgZyeVzuP1z3rNNzjvXoxd0eXNtOyLwhPYqfxp0T3FuS0LvGSMHacZHoazRcjd1qZLwqeGqrXJU2jb0XQrvW5ZRBJEh67pCAM9ccd62bPwjqX2mFLgfuz1dHyV9x/+qoPBetNbzyQiXb5mNsax7ize1ejRTBSyBQHUfNtHT6iuSrUnCVlseph6FOrFN7nLHwvdW8aNb3BMoBDI5xz7YrFvWubG4A1K0fZnG8dD+PevQFeRSQFXb3yR+dNlKSx+XNGjqOxwayVaS3OieEi/h0OLj1ZDCiWMk6qR86bs5PtipDqcuE81dykZAcdfxq/qPha1lYzWRMEucgfw/l2qDbJCPK1a1DqBhZUGRj3q+eL2MnSqLR/8AWLUImIMczRN6NyK1LTX7q127iWTPUcisl9EtroBrObt061VOh3cJJjl4643YppwkZyhVjqkdt/aGm6zD5eowRSZ7sM4rl9d+GWnaijS6TN5THnY3Ipltp14CD/Ee9Xvtl7pUuyUEdDkdDTTcHaDJlHmV6kfmeS+IvA+p6QzGa2bb/eHINclLaFHKupAB59a+orPxDBdJ5N7EroeMsOtY+veAtG11Gl09/s8zc4A4/KtFXW1RWJ9nJa03f8AM+Z5YQpO0H2yO1VGXbjIBxXpnifwFqejOztAZIh0dBkf/Wrirq0kyEdcbRgcYxVuCauioYizszCMeW4pjoMD1J6VoPblWPpUckJUAEjJ54PSsXBo641UzHkQ7e3p0quUPzZNatxFjGSTVOSMjk8isJROmE7lUrlcA9etMKHjIq0q9R2NBjyMD61HKXzFQqAflzipFUk08xFTg8fWlCc5GTSsNsVcgjHAq9AM9s1VVOB6VagB44J9a0iYz1Qybr0xiq0yjHBzmtR4gy8Dp1qnLHhcYptCjJGY4I47U3GevQVZdCTnFRbOueOxrFo6EyLp6elKF4pdp9MjvSZ96kY09c08D5R3oC/Lzz2p6DtTQmyMg5PSgCp/L545FK3IA4OBjpVWDmItvApQuSOtPx3py5ye1FhXHwDDrx3qZgvmMBnbmokJTpxkEdO1PXr7VqmZSV3c0dYh06K6QaVNNNAY1LGZQrB8fMBjsD0qsoyeBxUeMYxn61ZhPIJ6+tUtTLZE0Ixx3q7CoIFV0XknP51dtxk8Dmt4I46rLMcfGQPxqVGIwvUehqaGPeg6dM02VCvPat7Hnynd2YGXaR606S4Qsuwt0Gc+vfFZ8jnfwQB71en065trG1u5omWC5LeU/Ztpwf50Odh+y6ly2mw4wa7Dw7c6cyXCakruDA4iKHGJMfKT7Zrg4GPuKupcGOPIzirupKzOSpTtK6G6wMzHFYUsYB/pWtNL5oXA/GqE0fr2rOep1ULxVmVoFG/0q4sWcHFQRRgtnpWjGnAqYI1qzsVnjyPmqPbgdOatTsFHI6VTL7u3Sm0hQbaPIzUlrbzXU8cNvE80znascalmY+gA5JqPPanIWU70JBU5yD0r5o+yAHBGQCB+tI3JyABz2pQM0deQOOlACAZBOeBScZ6fSnAZBIIAHqeaQD0pgOkCjG3djA+8O9IoJIAzmgZH88U5MA88/jimkIUITx1PpUpuZ/s32YSv5G7f5e47d3TOOmaiAwPr3pyqQN52lQcYPeq2AYPXrS9SSevtTsdWxgH2pBTSC4nenAUUAU7CFXk84pT17Uen0pVO08dxjmmIdEFLYkJ24PQZPTim88ZpQBnn8aBTEKF9eKUDjvQKeF49s+tNCE5xjJwetKB0pQMCnKpOcDoM0wE6cDPpRjtinjGOQcnBB9KOw4GRRYQhUA4zn6UY5pxx2zj3oxRYBuKKcRj0PGeKXA98U7AMxzRgkYGcdad+FA4p2GN20AevP1qQLwTxgYpMdu1OwDQOegp4HfnHegDFOHTBzTSAQdxUirjHQ/SlVOM8VKkea0UWS5JCIOasxRkjFS2to0n3VOB3rv8AwX4B1LX3VoIfLtgfnuJchB9PU1006VtZOyOKtiEtFucbZabLPIqRxlnY8ADJNeueCvhDfXwS51hhY2xAJU/fYfTtXf8AhbQdC8LnbbRLc3iD95cyLn8B6Vb1nxO8mUtzx04PFVKrbSmreZxXctZv5GlYweH/AAjbeTpVtEJQPmlbBY/VqyL7xHNeSlYssD0XnH5d65y7nMpPmyZHUjuTUK37RqRAu3Pccsf8K5pJR82axvLTZHRvhVD3k+QekKdT9fSmXmouqbbdEtUOATn5j/WsNr6aQKoGxscsDkn8e1JAkjOCVZierFsflXK25PU6eaMFoid0e4JMkwBfu5wcfhzT4NPO8CGDzm6YK5H5f41a8y0hRfPVpZQeEXkVebUbgWBGxLWI+h2uf1puSiiEnN3ZX+zT2jGO6eG0yOBuGfwUf1prm0spA0StMT/y0Zep9lrClvZPOZgjbvUnr9asWVwZJsvbZYZ+cc1DqlqKNM3N3enAHlp2OD/KpUsljVWkheVh/wA9DsGfpWvpItRgyS845DkDH4VoNd6czEeYgI5OBUOrfY1VJbsx3aaHBhWCEBeflxn+tMtrlmk2uhkZmzjHH54qzNY2N05lguo1cnq/NFtbRRsczwyYOCAeCazky1Fo1EijHzGOOPPbgn+lTMcJuiRWX26/lSWkYJx+7PsBWgqxxoTnB79qnmsaqNzno/tF3KRMkqxDgjbtq2NNtiuxbeMqepKVpNKrZxgn3pFk5zjH40nVfTQUaSW+pjWvhixjlMhjySckZyPyrYttOtrdERIkwgwvsKeJBnLcU4Spnr+FTKpJ7suNKEdkTDCjIHXtUe7GcDHtTsqVBXp3NCSIMgkEms2zWwIGxx+NPjALc9+9IxbooA57HrUVzeQWaM9zIoOOFzyfwpK7dkKUoxV5M07ZvJkAXoR+dZ11rMe8LGo+8VPzAH8vrWNP4x0e33K8xJHTA615pq/iVW1GS4g3AF9y4PTniuyhg51L8yPNxeZU6VuR3PR9R1l97RfZJACOSYtxIrjtS1W0t7nbLbXCoDja2Bz9P8Kjh8eaiEE0U8ZbOTkZbHpT18YWWoTf8T2BXhwcBFBOfpWn1WUd4mP1+E9pa+Zm3Gr2TsQjS5BDKHwfwp0WrsxVS5Kc5XOK5y6urczuYVHl7jsB647VXN2OgCqD6V1rAJ9TheZyT2O6fxB9gjVLW6853X94B/AeRtFZlxrZnbcwEZxjCtx/+uuU+0AHg4BoEuTndW0cJCBjPG1KjNy7spby0lvYUZmiP7zAzketYLsTkFQa7DRr1LTS2E0cm6U4ZWymBxz78VzmoeVLMxjXaOoowtdynKHRCxlFRhGd9WUCAT6e1PjjyeSKTyz1FPVW5wM16O55jnY7Wx8O2dxoxvNJvjcX0ShpLU/K/XnZ3PFV9B8QNp8kiGMKMlfnJyua5eN5EbcCQfUHFW11C5VXV/Lm39RNGH/nzWTpb31OuGLUbWVj05L+3+zLP5iuWIVQj5y2OmKuQS3JjS5mKhWXhcc/Q15mllOllDPLILSGQqE8tC2fXgc5xziugvbW8tLI3Oi6y93ZuApWQYcMecAf/qPNcsqaVkmenDEyau1sdh9uJKqEKE9j1NSyTwyNt3Kfxri7KbWZPsiwW63MrbkBPykHqR2yfpV621OW2RftsLx4OwselQ6XY1jiU1drQ2brToXYFQ0THkMpxmqdx/adow8qXzEPUMOa1bS4tpS7lkxxgg8DiiaOQFihDx8EhjWd2tzbli1dM55tceGQJdRbCTjParQ1CO/tPIMh8vO4bSDtNSX3kXFvNHcRKeMgdvwNcNdvLZ3zRwh0IOAM9j71vTgp7bnLVm6e+qN/7Z9nfazdPUEVrWGtKCCjYPoDXG3WoyrGsV9bMXI3K7Aqce3rVM3GGzGxHsa19nzbnPz8r0PYLLXI5kEc+HU9Q1ZOveB9H15HlssW9wecAcflXAWuryxsA5yK6TS9ekUKysWUdu4qOSdPWLL5oVNJo4DxP4I1DR5G8yElM8MvINcZcWhRjuU8H0r6isNbtb+Hyb0LLGeDntXMeK/h7a6hE9zpBXJGdlaRrKWk1ZmTpThrB3X4nzrLEo3blJbtg8Cs+WBncBRkscAV3Wt+G7rT5GSaJ1ZeuRXMXduVY8GidPQ2o11cxhGVY5GDnFDKTjIq6YyhPHI5prR5+YdepFY8p2c9yjs56fhT44wW9vWrAjPPHalWM56fjU8o3MRIuMCpkjxwepPWpooyMDiptn0JxVqJi6mpW2nHtmkkg3JuHb2qcKAM8HIqcSItu6nOe1VGKe5nObWxgSRbWqvcDKjAUYGOBV6f75yOKqyrlcDr3rCSOyDb3KBHGKTHcVYZCDzSMN2OAOAOKysb3Ihuzz2qVPu4YDr1pPL56VKE4ByM1SQmwC7QSCR6e9NC89Kl2NjGODShfWqsRcjAwOKAv5VKEP1p4UHBwBn0ppCbsRhO1OCYPNWkAKAe/WnrD8w3dOoq+UycyAqSAR096nhU5Ge1XBYym0a4CEwo4RnHQMQSB+QNQou08DIqkjLnurE8Y28Kc54z61aiBUjgioIRnjGasjg4xgCtonLUZpWLhZFJPGc1YvgrsWXGCeMdqzY22kYzVgPvG2trnDOOtyhOnz5HI9al3v5aqScDpzU0TGG4V8K205wwyD9RUU7BmJwBk5wBgVk2ap6CBscg80NOQBk1ExAXrx3qMjcMjjFLmZXImWFuMEHr6UyWXcck5qtznrSEnijmLVNXLtsfmB4xWpGBszWTb/eGOnpWnF86gZHStIPQ5a8ShfPzx+tZrswPPStK5Ayec1lztzgd6ibOqgtLHmZFAz2px+b2poHavnj6wcGKOGXIZTkH3pDksTxz6Uck+46Uv6fSnYQhA7dKVl29GU8Z4NO5AAxSetOwCAUo4Of50EY7g8UpGOvU800gFUAn7wA65NJ3/Cl44xxijGADkfSiwgpfw5NA68nApVUE8kAetUAgH1NO7dfwoH0pfpTEGMCnAjklc5H5Uu9iipn5ASQO2T3pPpnFMQLwD6+tKBj7wNL8uFxnPc5pcEnJyT700IFpwoHalpgA5+tKOaB7UoFNIBwxjkc0pxwFyfrTT/KlXqKYhQMnjmlAHOaABzz9KUcGmgDA5+tAHT+tT28qR7/MhWQFSoDEjaT347ioDTsK43vQKdjBxSgGiwwAoxxxSge3FShOAc/hVJXE3YiwakVctkAD2pyoSRxVu2tS5x/KtYUnJmU6qirshhiJOO9dB4f0G61W8jt7WBppG/hUf5xXWeBPh/d+IHWUx+RZA/PO/Gf931Ne02aaF4MsPs2mRK1xj5pDgsx9zW+lPRas8+dd1NtEc/4U+GumaLCl54iaOaZRkW4PyD6+tdTfeJoFQW9mI7eFRhdoxgewrj9T1u6vpC7PgfyHtWQ8oz6k9zWb1d5GUV0RvanqoupFjt92z1PVj61QaN1QF5lJP8KnJqnDHJKwCgnNaVtZBjl26ehrOdVI2hSuUsyFsR/j3qSO12tvnBbnpW9alIIWW1iUSNxvcgkfStO30Wa8CtNIeR2P+cCuOda51xonO28ilwBGeOxrWtkeZgsWQfVRit228P2sLAyKrEd806e4t7EGOGNd/IB9PesXO5qqVtzNNr5JAkUGUcjOeKR7H7Qh8yQ5Az1xioZnZju2lpD1OTSLMyjk7R6DvWbkXZbGZdxLbOuEeQ+uM/4VVuLqfy8K8arx8nQmtqWKKfBZ3Hpzx+VWbHRYH2lsydPlAz+lTe5HI+hysb3Esqqszqx4+9xW8dI2RRtdalAisM4jG/NaOo6cFl/dWgC9OhBzS2GmzB9zoFJ6ZpiUdTNtUm34tizgHqyjn/CtuxtAw/0tEU5ySDj8607eBLeIgRxKf9kdTVWaNpZ22eaT/dJ4o0NFGxpQ3ECwBLeP5v7xNR7mLHg5rKaOaHn5mZuPmO0CtKBWCjIOcdS3Wky4seRIOcAfWmNISclhn2GaeASTlRj1NGxcEngVJYzzGI7j6jFEjgYYncF5wAKeqLjAIP1pjRuSduBn8KncYyPU7Y9J0wTxz39KnS7Tl2DBMcNniuc1SxvoBPLbwo6uATjJZjnr+Fc9dalrzItsLZ1II2hICSfx7V008Jz6pnFUxvs7qUWdlfeILKOGYpcYlAOCvr6DNeea1rn2otLHK/I5DdRWZrtzP/aNwlwUMqtscouAxHGax3OSF9eK9jDYSFJXR85jcfUxD5XoiOa6ds7jk1VaY+9XLiOMEhQTiqzJg8rXajz1ZDFmIbgkfSpPOLY4zUezn7tPVBnkGmVfsPUgknmnEL/Dn8aNhbopHtVuxtPMlTzVdo85IXgkfXtWU5qK1NadNzehTb2AxV1TaGzh8sTC8DHfuKmMjtgYzmrA0wySMYQwTPAbkge5p6aYoBZnXcDjg1jOamtzpjCUHqizBcrI4F47uETCEZ/kaz35JI/WtVbWERgvuzjqeKrRRpK8kbj5iMqfalRtHYVdSmlcoMN64NRGNhghjj0q4VKtwOhrZsdHOsBzYlEuFXLQk43e4PT8K7OZLU4Um3ZGBGzrwefrUnJHPFbkXhu8W9todQiltopGAMhXIAzjNdDqngNojcT2MzPaRx79rrlmPACggc/XFTKtGLsXDC1JpyS2OU/tm/ks4rSadngiIKKQMjHTnrU9qvmzxG4WVVJDYJ2hiD6/1qWx0C/m2Sw2rnncucZ49j9K9Jgun1HQBDrFgZ7lPvKABx7Y6HvWc6kYfCjehQlVbc5NPoLZ6dd29gj6aHjgmxKiSv5phk7sGPr1rGtdF1u1uFluwLuCWbEkbvuGD/Fj8q6vT9SguN0cEixsoBZen51pRMPLAZck1xe0lFvQ9yNGE0mnsc3NoNpcTtNb5iJYblQYVSOvB6is3xDb3NiFurLzTCNokzzj1I9q7eS3LA7flYjBI9KoXVm4t2gkZwrggEc9e1TGo76lzorldlY87utVjlULcvz2AHWsR7N51AtN0ytx5eN35e9dXrnha3kjUZaz8pDsmJyHbsCOwPHfiuVsjdaPfRXUaxthmj3bhtYjqK7qbi17h5lWM00qmx2WhaY91oRstSZGj6wowwyDsOOnU1j6p4NjhRfs88vmlgPnXIA9SR+Fdbo2sQajaq+I4mZQChIyCKuoGkwCmVPQk81zc8ot9D0VSpziranjd9bSWVw8UjxyFTyY23CiG42MGRirV6Jrnhqz1ObzlaS3kIxlcbWx61wuu6A1hZGe2n+0PE22ZB1HfcPauiFVNanNOg4lq11E7gS2yT17H610Ok+I5reVVLYOe/Q15vBeE8E4rQhuiAFY5HbB6Vo4KW5z80ovQ9dmk0zxBbiK+iTcf4vT8a828ZfDqWBXuNPzNF1wByKLHUpISMN8v866nTfELgBWfK91NQoyhtsOTjPfc8KutOeBysqEYPPrVGaLaGCZCk8Z64r6A1jQ9M16NnQLDcHuOhrzLxB4YuNNlIljO3sw6GrspbEe1lT+I4URjPTpT44frWlLaFHPBBpqQ9SetTyG3trq5FDCewz9KY4weOlXFDL7VE8e4g44puOhCnqUnXrjtVeQndWr9nLIR0I5qm8JyemKyaaN4TTMx1yTUXlcnAOPWr8iEZ9j0qMDIxjHfNZNanVF6FIwk9RwKaYsAnkCtfygRwCagki5xihwGql3YzGDNjJzgYH0pyDnP6VZeI/maYIvzqbNF3uMUYHSnFdy9M4FSxx5IBAPrmh0IJ9KqxFyELnpUmzHH+RTlU5Pepkj4JyMD1poTYQpkcg4qyFx1x9KSMDinyDbxWiOeTuwLsEMYJ2k5Iz6VGi8nPJpeM1LGpByOD2oJeg+Lnt7VajQHr0pkcZHI5FWolAOK3gjkqz7AkWQaWIgPg8AjrV6OPMZxj8DVSdMMcZrSUbHJGpzNpkMvB4qGRht4zxUkhyDVZiSTzWEmdMI3ElkGMY69TUayAdelEpUtwAuccdabLEUjjY9HBI59OKi50KCsIW3MCOM1Kig9s1HGNxq5BGTx1ppCm0hsYwfer0bYSq4G0ngU5yAB34rROxhJcxBeMQenNZk3Jq3cMWY85qowPORWcnc6aUbI86CgqWLAYxx3P0pp6cDnPWjv6UpJbGa8Ox9KIRg4yD70o4PrRjnGR9c0CmkBe1a9TUL1riO1gtUKqoihGFXAA/PjNVNnyFsrwcYzz+VIDgcUdabENHWrUFp5tpPcedCnlFR5bth3yT90d8Y5qAA4JpVOCM5K+gOKdgDbwMtgk4x6UbCBu7Zxmg4zkDA9KMc0WAAKfHtDDeCR3A600AZxTlA55AwM/WmkITr9aMYHHNLR/KnYBf51JGqlGO47wRhQOo781Hx1p8btGSyEgkFc+x4NOwgzmlwRjPWminCnYBw9qO1GKUdaaAOpp3GPegDmjFUlYQo569KMc0vHrSjjrTSACOc9ulOHFAAwec0o9MUWEJ6UoGfTHvRj86cBnFUhCAZPalVTz3704D14FPVatRE2Ii9elTImaWND6Vr6PpU19cRxxIWLHACjJJropU3LY56tZQV2V9OsXuZAiKTzXtngD4YxvDHqWvDyrYDcsJ4L/XPQVs+DfBVj4ZtEv8AXFR7vGY7fqF92961NV8QtdxGSQlYR9yNf4/c+1bSmkuWn82eW5uo+ae3Yn17XY7O1W001FggA2rtGOPYVw80zzyHJLEnkmlu7h7mVpJWyxPHt9KbFG7HjhepNck5qCsjWEHJjBGWbGckdq0bSw3Kzvjgd+lRxoI+gGcelSCOeYqvIH5Vx1Kz6HXCmkWFlhjfEYLcY9qt21vNchRyB2C4H9KZa2gRgOpHXIrq9OiMcShcD1J71zuTZ0RiR6LpIjmDyjPH1JrpJGjgUKoLcducVmC6hgB86TAPHLc1Bc6umNtuoA9W4qGappbE175864LiFfRetQJaQIMqu8+pNVBemYfN859zgCs/UdRmRiCTjPQCockgWupttBEeJQg9KVtNtZCMk/hXN2+ozM4KI2RxxzXTaQJp18yXcIj+GanmuWlcdHo8ORhnwDyBW3ZwLDlbeEfjjmo1Cg4BqRXKsMHAHOTVIbjoXbaFpAwnjUA9MGiSzC5aJegzjNNgu1Rsuxz3zVqO7jYE7sn6YrXRkbGPMuCdzD6Coiy7sDAbuT1rQ1OOJo0fI3HPAOaxxk5G4Kh6nHSs5R1Li7kN4Y3BVyGyMGsxYIbeQXRaTfHwu5y3GMY61LcSwgnGC3Tnp+VUbiGaRm24TAzkt3zSjo9SKm10XU1+1kUKqT+aTjYF/rWilyW6qcdu9UVMICx7R5ijG7qWq9aRgcspWlUcW/dHSU0vfZOpYnJyKsRoODnFIuM/dwfTrU0Ss3JBFYm6HCLcOelU9Wt5/JC2oyM/Ng8gVqIcLhaep56daak46ilBSVjwzxVok1nc+YkcnkyEtk84Peub8tg2T26V9KSWMFx/r41cdMEZrDv/AAJpN4SyxGNj3Q4/SvWo5ooxUaiPAxOSylJypM8LSLjp+NO8gnotetS/DRPNPl3ZCehTpWfqPgSaygEizRvxkqeDXUsxoydkzz5ZTiIq7R5vHZluxq1Bp4zytdJd6NJp0Kz3w+zwN0aRSN30GMmsoa3ZIQLK1mvJs4CudgP4DJP6Vt7bnXuamUcMoa1NB9lo0ly+2KNnIGeB0HrWjczadoSeQ4+1aiOGRG/dx/U9z04FZPivXtQURafIsNuFjHnxQjau487W7nAI6k81iDU3lYeYqlsYyKx9jKrrI6XWjR0gte5cuNTnmkYooXPZRgCqTTykjIOQa2LeSKawZViXzc5Zzzx7VnXClGzjBNaQSWljGbk1e5ctkZ1+d29qHt2SRXjkJI7GqUdy6Ag4/Gmtf8MM5Jq1F30M3IsTyAzHkepxXTfD+GGXVjNNNKjRkbDGwxk/3gecVxaXC5JkBPHavTvh5d6E+mrGfLGqIm0mXCs2Tzhu46cVpOXLCwsPR5qiZ2918qpGyAowyjJ82M+v6mq91LJBBEZnDOGBTZ8rKAO9aLnErCUqCBtwgJNUby1jlBVW8xGIwUOCvuc1xxa6nszjJK8SsmrwGe2ZgTGVIl2jDH6U+1exTxJNLa4kjnjGBI2MOMYx+Gat6dbWmnzxqY0eeMH5nxhgfWrMWnWc9wbqS0Xz1bJZW4HpUycb6IUIVWldrchvdGS6dLksFnbgkZI+mM1eitLaCUSQrhggUqWzipYiMhY0bZjH0qJ4SkjeWP15rK7elzsVOMfeSLYKuyBGHv8ASoLkjqo3KOuBVAySr82D6Z6gUxX8w7g5yOuO9JQG5k1yYrhPLljBVh0ZSQa5vULCw0u2jE1h5lmGLum7IBPXA7fpW8JJJWGV+uBVG+k3r5csJYspCsOx6VtC6ZjUs15nD2ukX7STalokCxwrkR5bsfTP5dDXXaBcvLYQo5lluAn74yAKVbuMCsWa+udACTXJe7td/wAqeYWwOmMnpWMmtfa/ECyaXbCCfDK6htxYYzjaWGfwrplGU9Ohx05wovfXsehvEyIUMW5etYHiKG4hs/Ot3Hy9QEz8ueeO4rU0C9uLuwV7lNjgDBVvvD6dq05Io5EznBHb61zX5Xqd7SnG6PC9Xs4JvOu7J440iODGRtJ98VlQzA/KTzXpHiXwdbzMHtCbaR3JJ25R+vpXEv4R1WMyKUj3ISFXd8z4/ujvXbComjgnRd9SGKcqeO9Xre7Kkc1T0/S7+ebyWgaN14JkG0A9BkmnXFvNayGOaMh+3fI9RWimtjn9m1qdHY6mUYfNXQR31vf25gvVWSM+vb3FedRXGOM1oWt8UI5oaTE00SeJvCrQBriz/e255yOq/WuPmtWjOCvHQ16Zpuqkcbsg9QehqHWNAg1BGuNPG2U8tF2/4D/hVqXSRzSg46xPMmj5AxjA9M0wABsYrevbEwb1KbWzySOR7VkSREP0xVOIQncTU2t3nc2cbRQnG1WbcRxzzWXKpPPNabJ8ox1qu8fBGBz61jNHTRdjJkViTkVGUyfQ9M1oSRc8VEYsEcYrnaO6MtBka8Y69qRo8nmplBUYFPCBgTn86om9ig0POeajMQHOK0GQdx9KiMfOeMe9JotSKsac4P50SxgjjrVjaT/jTtnfiiwc2pRRCOalVe2Km2kn26VJHFn2oUQciIIAaftyp3HtxVlYsr7imODgLnIBzjPSqsZOVyttOcVZgTkHtTorZ5A+wbtilz7D1qxaoR2yKqKMqkrIsQxZXpxUph9qsQqMdOlTCPOc10xR5VSpqVolK4yCB6U24UZyOhq40R25IqB/mAyOnFU1pYyjK7uZUi7c5APGOaqPwevHetK6QgnArPlUEk89a5Zo9Ki7laT8uaYPmB9vanSBieaVU6eveoOu+hZto89avqmxCcZqtZgDrV+XiMdK1itDjqt81imwGOajOdvWnsabgnhc1JS0Kkq/NxTDCSauOpzmrNvGrDDD6Ucty5VLK543knAPQUfSlwKeCpVt2d3UEevpXh2PqRmKVaBjn17UvOB700hB1pQcdh9aUZ9B6c0gFUAelH0paUnJxgcDFAD1i3W7yh0AVgu0n5jnPIHpx+oqPqfSl/lRjigQlKKMd8GlFOwAOaUUZGCMfjSimACgUoopoAFSZzzxn2FMFOHX1piHClHOB+FIKkiVnYKqlmPAA6mmIQ8cd+9ApygE4PHvQKYAB+VKOKQU7vjOaaAB1q1awxSRXDSTLG0aBkUgkyHcBtH4En8KrjrThnPSqRLFAx2pwXt3pUXOP61KBzk8/hWijclsaF55qaKLLDuOtLHHk10Hh7Q7rVL2K2tIjJK5wFWuiFO5z1anKiPQdEuNUvo7aziaR5DgKBk17/4X8Oab4J09Z7oJNqrL16iP2H+NJ4e0ix8F6fsiCTaq6/vJOyewrPvriS7lMkz5Oc5NTUrK3LHY4bObvIbq2rTXkrOSzEnBHtWXK5LZYc/3amkkRjiOEhieGznNTfYWRPMdlyTwueTXLOvbY2hRuypFGGIZu3XirqOmAAmTjuajjhLuVVT9KuJAE+/8rHjb3rjlNyOmMeXYSPczDAA/3RVy3jLEE4UZ6k0W9rNLjYpI/IVrW+m95X9tq81FjRJlW3jbfiJSQTxjirtxcPaxCKMgznqT0UVb2JbxkJgenrWJc209w5LuQD1pN2KsyOScblLyb29Tz+VQPIGk/i2juDmkexVTncXx6mrOnx75GVIwEAyxYY6Vi3cIxLFvK4i2glB71Pa2AuJcN8ydT7VEVCZJXLdKu6ZMxkCxqAMjOTxWbep0RjZG7aWkUEKpCoCj2qYExjHf0FPQjaORk03ocdT7VokABiCcYB96Vmwoycn+VN2jcc5+tOI9RxTvYVriZDK3PNPt5SuQxzj0qMgdBgCkQHPb0qCyxI+5c85qlcHIOBirLDBO7IqCUZ4GPxouwMKSNZLjgE46noKbO2Ds4bbx1rUmh2ZA2g92Y9BWRcMQ37s5z2FS9EJImsSpuo8gbwfWukZVYbpRgnpiuX02Mi5VnO5gd2B2rpI2DscHgDrST0KsXYEXHHzc9amI2nGRxUKuUUEcn+VMMvzcc96BlxQTjA4qVfSqJuIofmuZljB5ya5TVviEtrOEsrIttyGac4z+A/xrSFCdT4UYVsZSoL32egxRE4JqyykJuUD6V4vd+NtUvrsyw3EtpGCCkMR+UfX1/GnXfjHWb8CO4uR5YwCsahQR74FaywU0jkjm1GTsj2zywygkc1Beaf58Z2OY5MYDgAkfmDXE6D40Kxyi6eOR15WMgqx/HGK6KHxdZCz868BtyU3Kh+Zm+mK5pR5Xqd8KsKkdDz3x7oV/ZXNsJbu7uI7h/lZTkgr1HPHOfYVY0fQbK3dJrZGEmcP5gG9WxkgHA9euK7CBpNUulubwNE5jPlQuN3lZ9ccbjxn0x+NOs9IEF7JPyxbk7m4H0FbPET5eXY5Fg4c7nvc4TUfAOmzie7vBcR4/eNmVTuPc5xyTWdqPgTTp0gXRbwQ3DgFknkDKp9OBnP516ibdZUYStmEc4Iz+VZIsbGC4T927MGMybFH5n86UcVVjqpFVMFRlo4mVp/gez0rTHEpa6uZVxvC5C/7o/wATWNqXgJ5oWmglZCT/AMtB2x6CvULMpcoW3qFIGADjFc5421SLRtInmE6+cSPL3nG4+lKOIrOd09WVUwtCNOzWiPALw+RcSwzD50YqR7iq0bq7EJ196n1CLzB9qkl3ec5bnv6nr61RjglkVnXIRSAPc19JCemp8xKCvoW7S3e5dhGylgcbSQCe3FXYInWRlZSjr14rJAdSCDhs9a6/TrTUpbQ3F5Dm2ZHPnHJAICjPHU8D86U6yhqyo0HPRG74U8TXWn3EcFzOfsTuPMJOWA9j1r0R9S0Z742kV5C0s+NgByvTIBIrxN227gOSDgn1pIZiH3K21h3BpOkpu6Cni5UlyvU9/lgjld2KKuzAbbyPwAoSZBH5UAKnIf5hgk15Po3iyTTNMngjiZrp87ZS/Qe479/zrq/CviR9euhbzxGOWNd/7vJ3AdaxlRkk30O+ni6c2ktzurW5OA7Y3jpxT5G+1HeVUepHasGadFmchGUZxg9foBViGSTYrtEzI3QDj8axdPqjrjWT0NMqZYShiXafukDnNYs9qq+YQxGc4z3/APr1YjumO94tx24OPQ07zGaRZGAYcN0/zzSScRu0jHcSwRBncKDwGbIIPvWVp2v28upJBes0SA4Uocknpz6V1V5aC4m86CYo3oeR9DVabR7Ka7hvntEEkT4OD6dyO9axqRt7yOepSqXTgyK5sF8p4WhS4t2yDtPzDI9+tYeqaFZ3aCGwjitr8hZBIMlsICB+ODzXV38uxcIoBHy5UgbqxkuYr6GVYZY47lRx82HA7gYpwlLcqrCD0ZjeHdTvbaCG01WBY7jzNiOpyJBXXxyxArnn3U9K4XxbqyaRYxwyWjy+ZHhZWlPD8557fSuS0bxNPb6jvhbykmdTIHYsqjPJ/wD11q6DqLmWhzrFqlL2b1PZrqDeDtbryDngelcxqdtcxOxSJAY8NuDbsg+1dCtyzwI0DLJhASUPBHrRFMzbWO1kIzx/KueLaO2SUldHDSXqyoY5AI9jAHgEHvz7ZrlvEMl7BdJP5+Rk7WRs4HpwOPpXpMum2BnlnWH55OHAOOetYmp2cMLhYlZyWAEcnKke1dEZRvojlnCdtWeXlz+tSwzc81e8T2iW2pEQxiNSM7VzgHuOaxdxBzXTF31MLLY3bW4II5rodO1AowIauKjm4Uj8a0bW6ORVbmUoHc3llba1BnKpdAcN2b6/41wmq6XLaSyLLGVYHoa3rC+KEEGt6UW+sWohuTiQDCOOo9vpQm4nNOnfVbnlzxAK2QTnpVZgOmK6bWdGmsJWV1OOqkdCPasGeMhicc05K+o6crOzM94hzzVeRCB71o7R/F3qpKpB9KxaOuMyqF6DjrmpAmOvQ0Yp2RkHue1KxqNaMbc559KhZcjNWwpxkZxUDjmgEQKvc1LJGNox0pGJYjPoO1SJzxnPt0oSBlQrh8ZzirSINo5570wpl+lSxrg800gk7kiR5/rUZTceg4qyg+Uc8nigRENyR781SMb2IVjzjiraR4wMUsUYLjjqa0I4Mn7taQRx16lhbaMkYrQSAc4FNtIip5FbOivDFqFu15H5luHBdfVc8it9lc8qcuaVjDuIipwQfaqEi4J9a7Txn/Zr6vKdHGLQgFc+uOcVyU6jJ4qU7pM0hpJxuZc6FjkkfjWfMgK479a13BOaqSxjoBWMkejSlYzBGeM/yp6R5PSrJiwppqgjAIrOx0c9whXY/FPuW+bHYUgwrZ9KRst3NFxct3ch55zzUoGTkcUqx565qdE29u1NImcrDPLUqp3ck8jFWLdcLnPSowDkCpVU7VPGD6GqSMm7niNL05pKXFeEfYgKUfWl+lHpQAvSjvxRS1QAPX+VIBSgUrEscsST05oEAH5UYwSAc4pF4p2RgZHtTAQcUvbp+NIOlKOOcUAHb3pRxzSD60op2AUdelKOnShlZDhgVPXBGKP0piFFKPTmkzTh1pgKvIp4455FNX8qcP0piHAelOxSKKeBgU0hXGgU4D8B70oHY04A96aQCAY6U9BTlXKn/Gnom6tFG5LYqjK9uPbk1Yijzz2oiX16elbegaRcarexwWsbOzHAAGSa6adMwqVFFXYvh7R7nVL2O1soWeWQ4AAyf/rV754b0W28L6eYLYo1+y5uLntGP7opfC/h638N2Qt7Xa+oSLiaUchB/dBqDV9SjQeRbEOV6nrz/U1FWqn7sdjkd5u7K925nZzkiMH7z9WNUvL3MFRWBPrTrCOS4nUMxPPJ6muoltok2KgB2jGAOtcNSZvTppmNBY7Cpblsdc9KvrabsZ+6Of8AOavxwkqzsOg4C1UJmeUheB3Pv6Vg3c6VGysOW3jU4jCRg9T3NLFZRLJypdj3NSQ2yxI0k7n1yafbXcShWmZFDcjLdqTDQmmWRI1SEAEnBYdhVqOMhcAfNjkmqz63p8QAE24/7IzVWbxPbZKxRMcd2OBWbZSsjTZFTLSc7Rk8cCs66vUc5hIxjIPH51A2tie3yyBQcjdnjFc/e3EUjkxlyCcDJ5qGwcuxelvIgSQxZ8+mKs6bK0oAXIPfPC/jWPbwswZiMIO5rR06RPNCcbO/NZsIXb1NOWHduDOG56r0qSCMQzxyBd4HbNTELtxGOPanRRkA7VJbt3rJN3Ou2huwurAfN82MkelOJ9s1WhSOG3XJCyHGRjvTy5XIyMCuuxgn3LCyY5GCKa8ny5xg56CoDIqsAOp5psknz87R9anlHctbhtyRjPY0wyEHHPHOa5vxDrZ0+EPACblvkhUDO5mGBitS1aVreNbh902xQ5xwT3NOVNxipdyYVVKbguhotKOcHJP40ySUbCXIUY78VWZgMBc8dTVW/wAzKqscIDnHrWN7G1h1zcArgHk8c1j3Jy22PLHu3tVubcQVU5xVeGIu54PyjrjrWcpXGkWdNjfdycD61tIpiVdp+YjrWXZlFO0N83XpWizjaWwaSKLAlAcKTlgMkLzWdqOrtbQFjGFQnALnA9yf8BWVq8E0V095aA+Yy7cg4IP9RWF4m1/7EYbeWB7uWVSVJX5D2I/A120aSm1bU8rE4qcE1awt9rI1HUBPLLsibLFclgPYDtWJqM0MlzI1ujJGT8qk5rOztYsQoY8kLwB7Co5LgL9a92nRUUfI4jEOo2iyxKjIwDVKWSRGwjEfjVKe/JOFNSadHPeNK4QyRwrvkA9OlaTtGN2TRpTk9C0uoyIMyXAAxjLHNdDod7aXTQ3n265E1oMPHNjy5Mn7y8/KB0xyT171kWMcTJ9mvbOzBwfKM/7tzz65yf1rvPDmh2l7aQW1oYA6Z3RxIQOp5zXi4uvF6WPpsDhZR1vc7HStckmmgil8rb5JI2cD61qpqKywq6YIbgHdn61zNp4XW2uVYkRuq7Q5GOMY/L2qT7JLZwySRx8oMJ821R7/AP668xpX0PZUmlqbOpakljE0khDRrwWBAHNcZc6mhvElt5MqMhZASM561g6u+rNcyRSwSNECSNq7gcmqFrpl/PFI6QyJGBlncbFUeuTxVqnJnPUrnbSeJH8l7lZYlHl7I41fknIz9Olc38RvEU8lvpivFCtwU81k28gZO3OfUc1lxahYaQd2Uv5wDtT/AJZqfUn+Lr0HHvXO300l5ePe6lOWeU7mPUsa9LCYJp88zysZmCa9nF3ZTnmkunee9kG4tlVGABVjTtOur6dVtYpGPQbUJAz6noKyJZVaUtGTg/w9a0bTxFqVpata2l5NHE2QUDYFehOMrWgcVJptOZ6xo3gfTbbR4X1m2d9SQ8pFNjfk/Ue1QeLNRbT9Ci061s/sNoDuWJwcsM/eHbr79q89i8U6rHdrcG7mWYDG4vmpL3Xr7VrsTapetdOvTzOBj8K8+ODqOopVJXSPSljYKm4042bK813gYXiqy3QLelaJisp7O6klZEnXBi2cqTnlcfQ5zz0rDVA6SuZUBQ8IeM/SvVUjyXRvqzR+0jA2mvRPCnhnULa5sNVmmgt4iBIUZ8Fo/wAOOR615Vbq0sgRBnccDmu8hsdY0q6s9Jnle4Vt0hhilYBAylCM/Q/rWNara0U9zXD0Ip88lex7VJHGYnlBifjKl+gH+FYHim3lfTmSyLRTwgShDLt8xO5GTyK5QeIrzR7O6tZplFwgVRHcEPlT3U/h3x9Koaj48v723hUJCjxZG4LnK8YHPbisacZXTR21sRScXGWjJ9J8ZrBC1rqCMqFgPOhPOB6jvVy08aaelqT5r+b5hQI33SvZq4aWW0u7JzMDFfZypXlW+vvS2senW1tG99C1w85PSQrsA44x3+tdVV0YLmkmcFCpXk+SEl8z1e11SK4sJrrTZjcuhBMSnoT+n/6q04Lh5oGeGBxIwyVD4V8Y6GvFpdPuIbSea0M32eVgWgOd+Bjr6itC48V6k5tUtiLOG1UKscZ4Prn1rFQhVV6bO1YmVL+KtT1pfLu4MsBDLGwLKV3g15v47a002TfGoilaQnYi4Rwe4I6Ec8GpbDx3L9piW/gHkKm1mjGGPT8+/wCdcDrzxTapO1u7SQ7vkYgjI+la0acoy1M8TXhUh7ot5rN5c2620lw7WytuWNuQDVWGC5mjmmihaSKHBkcDIQHgE1WIHU4/CtXRrf7RHcZmMQWPO3nD8/d4/wA8V1SlyrQ44R5nqXfD3iO+0yVoopyIXGNrDcB+FdlJ4imsI43uBHcA5IlhbjB6ZHqOa81eORH5Q9e/etbw5Al9efZ5rqG3jfgmUgD/APXWU4xerNoVKi0R6Lp2rWt9FFKJ42nBJdc4JB4HHereoSSxQYNozxnAyw5APcVk6r4d0/TfDa3ttNOlxGPlnByj4Oegri5/Ed/dLFb3F20qRcAg4OP61zxipv3TslVlTVp7nodzpFjqtkguohJKMFWXKsfzrznxf4a/sNN4nkkk8zDRGMjYpGQc9PaulsNZOoR2kUYdLiM/vJdm9X6gcVmar4gj+1vZ6lbm6gUbGc/LKhzzjgY/EVcOZOwpSg1exxcDnoatRyYNV7hoftEvkFzBuOwyDDbe2fegOcAdu1dFzLc2bW42kc1tWV2QRzzXJxyelX7a5Ixk1SZnKB38M8OoWv2e7GV/hbuprkNf0aWzlYkfIfusOhFWrG6II5ro7e4ivLcwXQDofzH0o2MJRv6nl08RTgg1TZN2c5z29K7XX9Ea0cty0Tco46H2+tc6FEEyuoDBGDYYZBwe49KGr6jhO2jMgoeeOnGaZtq/dHzZncIq7mLYUYAz2HtVdk5z1qGjqiyJc4xk461HIhycdBVlVxxSvGCOKmxVzPIIUg/WgZGOmKsvEePSomXB+tFh3uKi8dKXBPWlVvlxwacq55/CmSORulToDioACKsQ9QKaImi1CvKnHFbllGHwMfWsm37ZFa1pJsYMa2ieXiHqa8ViDHkCq8sPluSelX7O5GASePSo9QcOvGOeoFNSd7HNKnG1zIuG6kdPWs2U9cir8zYjIzWZMcn1+lUx043ZSdiGPSkZQxFJIPnPXmpI1OR1rLc7bWRG8Xyciq3lc1qEAqBgcVXkj4okgpz7lDZ83HenLHk1Z8vtgmnpHz7Vmkbueg2GEZGRUixqGBYfKDyKnjTscUrJnIFXYwcrspgZP9KkVCB061II8MSOlShPpxQM8DHvUkzq75WNEHA2pnHA9zUdLivDPsgpaPpQOuaLCFHWigdaWmAvbk9O1JS9hRQAneinfhSdqLIA7ijHPrR2pRTQgxS8Un8qWmApJYkkkk9zQOlApcenSgBRT+McUwCnimAopwoUYPY04DvVCY5R0q7Lco9jDCsEaujMxlGdzZxwfYY/WqY6jFO69etUm0S1cUDmnAEYoAGAec5/SnqDVRAcgyat20XIyDtHXFR26rn51LDB4Bxz2rQs4jKVVc5Y9B3ropxuY1JWRNpdjLeXCQQIXZiBgDOa908G6FF4csx8oOoSL87Zz5Q9B71keB9Aj0a0W9uV/wBLlH7pW/hHqa6O7mdLbfx835/WnWqcq5YnBd1Xd7C6vqIij8q3OGYHe2a55VCnJySalhzKDI/K5796fbrul3y/cB6evsK4pM2SuaWj2zK63D5CZ445Y+groVHnSseNw6gdqwpbiR8EY81htUAYCD0A7fWtiweCxtP9YHfq3fJrmlK7OqGisaBjwmAcis66uoIncSEKFGcjrUV9qMiou0CLf03nrXP3W+e42iTzWXljjCioci27FnVtaNzmKEMsA6Du31rDlkaQHc3A984qxez2tuyrGTLLjkr0zVRH+0M290QD+8cY/Cs5O5DYu9m4RT9SKJWPEfV81FJKi42Nu45bsKZHIWyYgM47j+tZtiLaTuqCMtjHYdqtae8fniSVN4U5Ck43Vloq8YOR61ehu1tYXVeXIwWwCR9D2qb6lImv7t2kcv8AKf7g6D6VWtJ5JLgKHyueV6CoJbjIdgS8snGWbOKfp9pNcc7tgU/MScZ5ougV29DtoLkLCiqc4A5NaFjOH5BAPoK5nypYoBiQycAAGtXTJwyYQYf0xjHvWdtbo61J7M6KNgx3HqPWns5OTtB46mm2vMC8jjrTmYKD9K3Um0ZtajCQRgLyehpvAiKevTNMz827jPpUU0jNkHglcijmCxzHlvceIT57k2+n8pnoXI4/IDP5V0kU2/BXnPTIqnHap5jfL8zHJx3PrVtU2jbwMDGRRWq87VtkKhR9mn3ZOBzkdPWlcZU4xmmxsFA709nBPGAMdKxNyhKj7sbeGHOKW1Ro5ueBVzOSM4HFJtGQydD3pWC4S26r+845PQVOs8UcLJNgN3FZ2pzO4Eakgd8Cst5rawjkkvJwN38Oc8elVGnKbsjKpVjBXkauqzsltINgVgPlzzg+pFeca7qgaOKKSaOZ4i2XERQ8npzzWr/wlMSi6MdpJshVnBALjPbd6CvMdUvpLu4mmdjvdixJr28HhXSd5HzuYYr6yuWm9DWmv4xwGFVJLsNxmsAs2455p6SHGT2r0kzzPqaj1NCSZc/L19a1dG1e5sUlWzl8vzBh+OSP8muc3+tPWTHQ0pJSVmaRpuOsTqLbUlN4bi8giug/LhsjP5dPwrqbb4g3lvYfZtNt7WxUcB4kJOPqxJrzDz8AjOaTzz3rCWHpvdG8alZLSR6Xb/EXVYNiSXYuVU5w6jn26Vj33iO/1HiW9lKA8JkgD8BXHRyHd8zADqaQ3h3AIcBu2aFQpRd0huVeouXmZ0kWrS2MheK6lVx3RyCD+FVrnXJZ23XFxNKTx87E/wA65xpCeucHvVjSbZb3Ube1eVYVkcKZHGQuT1qm4x1sEcNKWjZrQ6miPyitxwDVC5u5ZnJdufQHpXSar4F1S0N1c2MT3lhF9x1HzuOcfL9B2zUlz4W+zeCtN1KWMQ3VzcSHLMQxiwNuVPuDz71jHFU6luV7mk8DKheU1scxDKUwAMEjHTNSzCNEQxOzHaC+5cYPcD296Roh8oZyOeSBzVeVwpdIy5jJPXuO2a1adyIyT1RZtlV5AWdACCevtUrXKgDYhHA6nms4vhVA6invcMxLOdxIx0osFrs0IbhRkuu7vjPBqvMwkyy5U55AqB7lXOUjSP5QPl/nUatnhjxQVaxZgmkib5T+ldRN4lmbw3a6arqdkrSMR945xgHjoOT1PWszQdEk1W3vZ0nhhhtI/Ncyk/MB2GO9Z0zKGwiAFep7n3rN8k3bqivfgtNmaYvGlb94Tz71YEqgcNk1ipcBmVWAGTyx7VYMckM7RyIQ4PTOa05lsckqTd2zctITIyFgcMeD2P41qtEr3FjCvDEEAY9zmqekLcJaEtnY/IX6d617mSNltA+EKk4OOc5zXHjX7h0YGP7wm1rdBaQMCwkDED1x1rJklhvFUurLMR9/Hf3q5rMrPZq0UgdwdrK45GOc1hiXJ445rx4TlB3iz3KsIy0aHXcEsPzSDKZxu7Gs2QA+3Nb9wbmLynLg70V/ZlPtUEsNlcMnmobdzwWjOR+K/wCB/CvWo5inpUPNq5fb4DCeNlBZeR04q7Y6nc2UE9ujYhnUCRcdcHt6VafRLwsWsitzGRnMXUfUHkVmXMDRRDzOJCTkEcjFd8a1Op8LucnsalLdFkXJkDI4we2ahIKE7Rg9c1E4Mtmko4ZPlb3HrUum3YG+KcZDDaD6U/QfqWbjUr97VLVriQwLyqluM49KzFuDGQxyWHSrotpribyLdCzdfoPU+lU7zT7mKNZWjDRH+JDkfnUqcU+Uq0nqdInjW5+12lylrbQXEHWSJNpfn/61X/HesaBqsdvfaekq6nPzcp/D0HJ9/pXnoZskEEUrqyEZ9MiqVON1JF+1laz6kryrvyBgE9u1TqSFwPrWe3r3q7Bl4FbPI4NaC6EqN+tWI5MGqyjJpwJQ81SFzI2bWcgitu0ucEHNcrC5GK1LafIHNURJHbW1xFdW5guQGjb17fSuT8QaLJZylly8Tcq47/8A16uWVyQRk10EE0V3bmC5G6Nv09xUtWM2jzKWE88cDjNQmI9fSul17SJbSZsHMZ5Vh0IrKSFuAelFhxqdyisP+cUvkgVpJCBxxx60jxEknH5Ucoe0Mp4s9sVXeDPNazRD8ahlT5QpAFJo0jMyNmDipEAxTpU+cjtSouKk23Qm325qZBgCkRPrUyJgfWmiZFm1PIH86vRN8wGeapxjGOg4qWM/Nj+laJnFWp8xswSMhI9KkmkLd+tZ0MjAYPNTtISuelaI4JQa0IrnJH9KzJQM57VbmbJqs4J6dKUma0YWKvll2JGARzVuGEBR3qEAB8VbiBUA5qIm1RO2g0xnPShoeBkVN1OCKnVeAD1qmzFJmc0OMnFReWQK1WhyAcVH5WBwPapaKUyrCnU4pXXA6VaSPGRjj1pksZxj+dJjjqymq96eoG6lK7WIHIFPxz9ak3sfPo9aUDryBxnmkpa8Y+vADOee2aBRS0AHelpV6884pCKLAGKdxtxjnPXNJinM245OBn0GKBDcUYp3LdT270lACCpIZGicOoXIzjcoYenQ8U0fSnKdpBwDg5welMBuOB60lO/nQcdqAHJE7K7KpKqMk+lIBQOlKBTAcvykEEgil96SnAUxDuh604CmrTwOKpCHU8ZA9qQDgflT1XPNWkAIOamAyRwB9BQqggYGOMfU1Ztog8gH3fc84rSMSJSsiS1iDvk5APU16X4B8PoFGo38f7hT+7Q/xt/gKwPB+hnVb9QFK2qHdI59K9NdlVo4IAFjUbUA6AV0tqnHzPNqzdSXKjQhWS+uQG+73P8ASrepNG0UgYlY1QAYHWpLNRZ2gkwMbeprn9Qu3lk2IRgt0Hr/AIV585XZtFcqI3O58A7UQYA/z3qzCFt03XABftHn+dUBcG3kCxkGRere/tUMrF5m+Yn171zzmXFdTUaZTKMNlz1px1IQLsBVpT/Ee1ZAlffiLhj1z6Ux8R8/efr9KwbNU2at1fCdPNmPzgcACqUheRNqsQGPQHrVFp9xPOB3FSJMRtJGB2xUcwwvIUtjtc75BjoehqoxDMMdD6GppSWY4GATkcU1lbywxXgdBjFTImwFAsQ2ZbjJP8IqGPfJIVUsMjqaQSsCoCkj061Yhiklm3MpUegrIdrk9pbNhcsc9AAeTVx7BFQN5jAfxcc1Y063ZMbQGyMkMM1OxZXJdYhGOxO00LzNOXQoS2EUShi0kgYZHGM1YtLtY4iiowA4wccVJeXVrb2LthHmK4xk561HBdxPoShIR5hXlvetGoqN7CV3NxTLLXYWPyweo59ataVjzWZWPA6k81zELs7nB284zXT+HVVC5lcbgSAAc1m9jWm23qdnp6bIPnJLHnFTnB64Gaz7SfzThjggenWrDkMBtOP51rBqw5asjnhRWEo6gYzntVaR1YZ64qbO5SpJOOefSqU0hUgEZHSlIIonaVBIFUHd2pkkirsQthnJ/kapzzlH3A4VBzzWFrmppJd232dyTFlvl5+b09+M/nWRcpqKOrj2oCg5JJJ5708bQSOlYtpeJcASZAJ4Kjscc1mat4ie3uGtreIFl6uaulRnVlywM62Kp0Yc83obGp3dxZyh9oeA4yTngVoJfQtaJLG+8MOAvUn0rgNR164lt9k8yqnUqBjNc3/wlkVjMQiGRecqGI/XtXpRy+Vvf3PIeaKcmqSdjvLvXpbe6Mcj7Hz/AKsck1h6zeWbpI+oyy7/AOGDG129/YVxdz4umaXfaQRQP0Ehy7j6E1izXjzys8kjvI/LMxyTXTTwrTvsjCpNyVpas1rjU7tEeETOlu+A0asdpHofWsy4lU9KiN2Rw2GqjNIN+c/Ka7npoZU6LluWmc4zu4polINUDcSDIBwKiad8jk0jqWHua3ng8EUonTPUg1lrOejH8aUyk45pieHRpm5RT3ppvADwv61mhsnrz705cUx/V4o0ZLwGLaByTk/0quHBYHn35qFQSOtTQgK/7wZA7VmxqEY7Fw7CqquVwOc9zVrT7prK5hmVmV0dWVoztZcHPB9apLIAx8tdpbp3xUse/fhlOBzkjNZvazJ8z6X8Ha/Y6ra28aytJfRxi5kDMCqDHKt7jrXnXxQ8Xwa1fR29pGq29vlVKnO49z9K5O48WyLp02nadAlnbS7TIwYvLJgYwznHy+wA/Guf8zcWIOR3NcuGwipycgxeIlWioMszTbicVDxyWOBTBLGCMjPrg9aZI4xxx+NdxxxhbREpKDuc02VlYnau32qu0maaGOMjOPWkaqm9yfIUjBBP8qmjbnJwVHWqozn5iKmhaU/uogzbyPlAzuPakNo9G8CXCRaFqXnfZ3jkdEaFvvMp/iz0AHPPrWlq2jeHmtbaWObyNuWljR8yBewAPU++a5bQdPntrG+ivEkhWQBNskZ5fPT1HHtWfe3JUeVG21cYwtee6M5VW4s6HWhCmk1c6Wez0GAK1q1xdgMCSSFUjuMEA1JrOsRajaWMh02G3hhYosyockAgbTjvjmuJW4bON5z71fuLm6WOC0kfYqncIx79/rzW6w7TTbuzmlWbTSVkeiado0xs7K+j8qWCf5fv5APofSs3xTci0vEskjTbEm0OrZyTyWz37dKyfC95PBqKRmWJoVHAlfCqWGPzrV/tAIAt9Ct0EbmFk9OMBgcniuTF+0StubYb2d7rQ5yW8klm3FmJA28mkM3llSijPp6e9WtQt4lkkltwFjkIdEORsB7E98etVJbWaCfbKOQeucg/SvNPRRoXLRrFB5bMzlBvY84xUSuAMtsGD1xjP+NS3Elv9kt0ik+aNSsmR3z1HtSabplxqEyrBwCc7jwqj1J7UI0luW9Jv5LC9jmwWRCPlBIBHoaseKlF3N5VuiwwMfM24yckev40thpUt5N5CIzyL93YpKue/PtUWsItuIS9zvusfMobIUdAPbtXVhYv2qZzYmX7ppnIMzW8kkfOPukVGnLHmi9JM5z35qKInzAD3r6OK0PFbdrm9ZQzPZ3LKWXKBA4HbOT/ACrS0by0/wBHmKmLAU+x9abaSmKO1t8ZV4WdsdixwP0X9azll8u42MoOBhucc9q+exNRus2j2KELU1cn13RvIvNh2KWAKMeAwPSuanMkLtHIOVOMV3elTwatY/2VfS7ZP+XeXup/un27VzGt6Nc6e5WVWYKdu4nofQ16OFxSmuWW5yVsO4PmWqMrKuu3GG7VLZsVJU9KhVPmBBxirhhAkDJ0PNegjnbUdCykeU4pCCxwasRJhc9MGkddr5Hemjm53cYgZevSpoJNjYpFGeMUhXH4VRop3N61zJGHXqOtaVvMQBzzWNo8uW2noa0m+RiPyqb2ZW5tq8d7bG3uOnVW/umufutPaCd1dcMPerUE5Rua1CFvYArY8xR8p/pRexlONzlTFhueDQyEj6Vpy2wDFW+Vh61TkTaQOtWmZPQzpI/mH1qGdM5xzWgYs5qGZR25oZrB3MWaPrgfWoguMcfpWjKv/wCqq+znIHSsmjrixiDnPFSYPGcelSRR5OTUhTHQU0JsSMZ/+vUnQ9aI0xjPNT7AAPXvVGUgU8jnOTVkIWGBzUKKQBVy3LLjGQelWjkqxKbRnkCmNDxg1qNDzmoHjCjkUmEGZZiO7p0qwinj+VTiMHtQiY4qEzaSuNSME805cZNTqgC9qQx+lO5HLYkjUFeaiePD9KnjBT60uNxzx+FFzFx1K7LjioZBngcmrMi4yO9V8fPik2XTRVZD1A9qkSMse2anKAjoakhTDcjtUo3lsfNijccZA+tApAKcCPmGOvT2rxkfWijoeBzSUUopgTwwh4JpDIi7AMKTy2T2qHNJ9KUcZA70xAKXnHqKSlPTrn2pDCl7eppOtL1P4Y4piFHTHH1o/Gk6dOacBnHahAFJ2+tKqljgd6BimAvU8DFKOtAHFOVcgnjA96LCDHpTwMZyM0nboMU4D86oBR0AqRQdvtSKo4qVU/HHaqSEAHPHSpFXkD1oRfwqaNOn9K0iiWOjjIAPHIyOa2dG0+W9uY44ULO7YwKo2sO8jI716r4O0oaVpovZE/0qbiEEdB610wSiuZnJXqaWRuafZQaLpgtYuXxmZ/U+lV7ORnuGLAc9z2oupXEZjHJzk/WmwxhwqsSFz8xrlq1Lsypwsa89y86ExnECAFt3Ugd6yJnAJww5yR64FWtQIggWLoQNzZrPtGy+5wWUcnsSK45zN0ugyNh5gIGCRUpGBlTgn9aYGCBpNgI7D0qt9pLdBk+9c0maRVizcy+WgzkydyKikWQw72OMDAHTFIwPLkM20jNWHCsrMB1xjNZuRaV9yhHF+6ycD3JpdwRuMkdKWdiCVbIxxUDAswJJ2+lK4i9HcMcbtpC98cgVDLIGwBy2agZzHHwQB1I9aSIluQOaGxF3TUHmMSAfTA4+lbUcIb519Ox6Vh28zLhFUg98HitW3mJWNMlBjv61mzena1iK7uLi2aKOI8kZBxn602KdnjUlWaZySzk9PpT/ABP539lh1YBA4BAGD+NY1vq8MMKDLGYdscY9a7YUXUopwWtzz6ldUsQ4zelrmslst3N5coygHzZp1+4TZBFhVA28DgAVU0W+IS4kceY27nPbjpWXfXsktwzKePSuerBwnyPoddCpGdNTXU2tOSK4nlBmC7cnoctXV6e8flRojDe47nn6V51Yzlt2wqo6sc1s6fdlriNmOJA3foQPSsWrm0HY9GtEYZbIA9askqsfGMkdaq28+6HehJTAp1xMWBbPGMAVtHRD3YwyAkjPHQ1ka3dSRoFt8lmPX+6PWtD5ipJPJ7VieI7k21oWGDg42+pxUN30HJWVzO+0OIpZbyaMqVKqXyD+AHrXPvNafaC8E87sBuwi4+Y9ev8AhWfd3ElxcO0pLyN+Q+lMGIIH2KfMfq3oKuxx89za0y/Ml+8Vn5aTP821m44HP1zWfqWoC3Z9+DKScgdjWOvmqWeKNycZJHYVmXdzvBx065r1suSs2eTmNNzlFdA1PUJJnJLEewrGdyxJJqSd+pqlJISTXosqhS5VZIl8wBCSfmqNpqhySeKTknmpudCprqTCUkfNS5DAZOBVfBpdrFc9ulFyuRdBZMDoQfpTAc9c4pvQ4NSMoIyo2ilc2Wgyp0kjCbGXcOue4qFYyU3D6UojcjIBI+lK43ZgDzxUkbhc5z9RUW1gOhp2CenWmKyZehumAXKqV6YIqyWT5Tyuew5xWUhK/MQdtWo50ZFHAYfrRcwnT7FxplwNjsO1QPM6jljk9jVV3zISRg57UhnZlVTyFPAPalYFTLYuCVz1P97/ABpVnOc8iqKtz178U4uWI5yelAezRb83IHIB9Kf5p2gE5x056VUD8c9fSnKQMHqKCXTRY3Z6mpI8vgbsD3NV2dMZTIO7oewqzHhrdiF6HAbFBLVkTRxk9CM1fsosSIwbDA5yPWqNi26Qhu4pUujFJuLcA4xWiSOKopybijp5HuLjLSyuxY7iSSST61QvJoEwpJdhVOfUmeMJH34zWe7kseSc9qHZbGVHDzk7zLzyKSMDH9aVbhvOU8k981SjcsVVeueMmpQ5Mw3DDA4wKg6VTtuXxOyNu6HvirdtqsiOCcsPU1RCNJ0HFN2gEhc/ShxTMlbodpaeJTgQ3O2W3ZChRlBBB98ZFP1C50rUd8kpktJW/gtxujz9Ccj8DXHQs20dSAakQsuSwOOtYTwdOeti4YqpDS51NhLpcbL9ruHnQk7kjj259Mk1NFr9zZwstuY0iIKqiLwF/HnP41y0bRKhfJz2BHSoRLg7i1ZxwVOJbxlSe2h1epeJLq4kh2IsKRrtVU9MetRQxm8tpplkAZEztPesWGYTxFGAB7GpNIunh1KOJn+Qtg/Q8VvCjGC91GE6sp6tlW85ZSB7VXj4PNaWqQmK6mizwCcVTt494PGSK6YkXtG5r3CoNOhvFlJlCCIIB029T/L86YBvMUgbnALeufrWhb+QLAw3CMYzj7pwR71nSReWzbN2zqpz2rwsXQcJOXRnp4TExqxUeqFeUiUSIDvUksAMc+td7Ao8U+HBPkfbrSPbIjc+cn09f6iuOtzbTW5Dy4lUEKQOHz2P0qvperXGj6lHJZqymI4f5jhxnoRXGr7x3R26LR7MqanZRwyfug2w+v8ACfSprGPzIFDYJXpXd6/aWes6WNTsQI7ac5kGCfLlxjHFcfbQmJmUjG04PPGa9vB4j2sbPc8fG0XT2I/JaOQ+hFDJkEfjVwAHKnr1FQlfmNdyPN5tSuOOcU5xkZqbyyVJ7im7OCDVJlqWpJp52vu7A9K3JBujVh9KwLQkO6+ords28yD6ipkbxldjVzt9xV20mKsOaqbcMPQ8UKxQjH400W1c27uFbyAyx/61RyPUf41z8gIbArZsrgxuCDS6nZq2LmIDYfvD0NNaGUo3Zk3LqbeJRGq7QckDrWY+AeQcelacyk544FVGiBzmguCM0pljk4qFhx8orQkjOCAKqyIecdqRvESNfm981MVz71EnJ6duasIo6UITQ6OP1FStF26c8VJCCSMr+FWTGCelUYyZUWNuM+tW4o8MPX0pwixnipoFO7pxQYz1JNu1DjBqnOo5I9K0WQeXVKZex55qJMqlHqVo03daeIcVLEmOlXUi3KT396jmN3Ez2TjpSRrk4OeKtyRnPTGaQRgH1NO5m0RbQRxn1oCAVMsZP0zTimBjFHMZuBRmGBjFV9hzmrs69R1qJIuaLhFWGKmcZqQLgdOtShcAGkYc8Ur2NUrnzAPWilpVxkZ6V5J9WApf50lOFUkAY+tGPWrMVnPLbSzxwu0MWN7gZC56ZPaq56U2mtxJpiUo/OkA96cM4IB49KlAJx6Y4o6UoY4I65GDxQBTAUKcEjoCKD07fSilxmgBDyelKKTjPtTv5UCFHWnhTz9O5poGOuacBmqQClSpKsCCDyDxUiqd3r3pgqRR0xQhDwQeuB6YqVRk4HI+lRAZFWYxkD1rSIMcg9v0q5BHnbkLj3qKJcYra0eye7uEjjUsWOOK6IQuYVJ8qN/wXoQv70STLi1h+eRsdvSvQbi5Xc8pUhVGyNQcYFVbW3TTbBLKIjI5kb1bv+VIoEo3txEpwM96zr1OiOOC53zMrq5U5bLZPArc0aLc5EqBQSG3N2qC0tkkZXHXqPaticCytCxxuxwfeuGUrnVGPU5nXJEfUZQCDt4P4VQW42rjJIJ59Kddyb3eUZ3sf8mo129WIJHOKwkHUS4YRwK0jAsckKKj01TK53cKOao3LzTz/OvHtV3Th5ahQenGaxkVF3ZsBgivGnQjkgcCoJCoHygkACrYhWQKrMAoHJ6VnSTAyukbZTdwcVmby0ROEUpllz/vetNmhiSMmRR04xTo0ZysSEfnVW9hZZUjYZctjg5xQiLGe5O49eelSRlCBuBH0PSi5j+csCMdx6VEh3yD5sADOTwKpkNamvbMioGXbxwQT2zV+2WMujK21eueuKzbIxFliyvqXxkVcEiW4DMxbccKf89KSi5PlRo5xpx5pEutj7dbmFnYKeQw65FZtlp8UUyoQsu1idx6N7VNHPvQOeFGRz+lPdkUbl4yDwDWk41aC9neyZzU6tHEP2ltUQygIzRoqouc/L3rEkCmXlSwz1BqTRv3i3MjuzMxCjc3GTk5/WlmjHmOhxlaVSDpycXua0qiqQUkrIhth5jMBlQp+6K07eVoZFjKkKffkfjVazhzIQG4zkkCta2tyHYsdwPANYtm0Udbp92fsEQ3AIBjk88etX4mMmCOg/WuRtybO1nMjDywNxz29K2fCF4b2xaZ0wQ5AHtVXdjRNXsbaJlvmLc8YBrL1zT4prWXauZh8ynGcVtAbELe9VbpFeIFiVJIztOCRSHJXVjzmKwCTF545H3jJ+XH+fpV6a3t4FQFIolI3EOcsfqO30rpEnVpHX5WI42A9v61BcQWs6vLcQIRuCkk/kK0i4t+8c7i4r3Tlr7UrK2t3FvtnDKVPy7QTjpn8a88likjAEyOm4ZUsCAR6j1r2L/Rbe2MccNuo3ZDbAzD6ZrhPG9tNPA1692Jktz5aKSAQhOensT0r0sJVp05csVa5wV6U5K8mvkcbPGhQkEDAzk1mFuancuykDJAGeKpMe9em2TSg0rNkysFOUY5A4xxQZFA68YquWyaRm3HOAO3FSbchL52AcfrTDKWJOfyqPvRQaKCQ8EnrUgZgADyKiBHbIpc9aQWLSPxgdT1BFPScquMcdqqFvQn8aeGBXDc+lO5LgmXlu8j5gMkVVYZbgHOaQfKRzlc46VPNt27doU46juaCOVR2KxB245K/wAqBExxtBNGDxx3qwJ8oABz60Fu62IlAYhc89DT7uBreXYzI2eQUOQRTH+UjIODzzTGcsCO3bNArMQngA09WwR19sVGoJBIGcCjPNAyXPOfarMcsf2WRHzuJBUiqe/P3ifrTS1BLjcmDfMatWtyYHJwrKwIKt3qgD3pd+O9MTjc2tNnU3PJABzwKtz2yOGZcBzXOxzMjhl6itey1BZDtkwGq4tbHDXozjLniNliK4UkAgZpqK3BPQVqzwrNHkEEgZGO9ZbAq+BkADBpSQ6VTnVmSysPMG3p2bFPt3VJQ0rZwaS3dCvlyr34J7VOY4yflUGoCUktGaEE8bLtBGSPpS+QXm+U8+uaqJCkigqArZ/KtGL5YxzyOKqNziqtQ1iPihEMm5m4AzSzzR7GxgA1FcuSg9MVnXJDMvltlu9WzGEPaO7EuZwjEcnvioI5dxPcUy5jZ5M7s44JpyL91R96osegopRLkchjXdnjrS29xvvIiOpcfhzVC4ZtuxTyOuKv+HrOS4uI5JBiNCGJx1oJcYqLkzb1mYPfEryRikth++LKoAIrMvJVa7fac5bFbVmFXaBnitEclT3YovuhMC4yCBS29vbXEUi3F00Mo+4CuQ1TYxGPeqMqjcG/CsqlNVIuJjRqulJSI7/S2s52G4YXG4qflXPSpVg822JMXmZIV/8AZz0OasGNJdrgsGxtyO49KlGkS+UH0t2LAEvAzHJH+yf6V41fCTparU9/DYyFXR6M0fCV2NLupdKu2b7HeAoSckI38L/rzWRq1hLoesXFvM+9VfaTk/MM8EfhUdxfEjZNGROMDBGCv1FdJHAviTSVhlmMmoWqgIx/jj9P19e1ctOo6crnXKmqseVmA5UFSpyMdfWlYbiCODSNBJbjyZo2R4ztyR2pYRgjPWvpKNRVIKSPma9J0puLHKmCGPTvSTR7WBHQ1YZcAHFSmPdaZ7rxV3MrGTF+7uh6VsaQ27evoTWTKCJlrR0b/j7cetVLY0hLUvyDBIPamlRzu781amTmq0wOFNZpnUSK4CgdxWnp9yrAo/KMMEVhscZPpg1LbybWFaLUTRevrQwsQPmXqD6is509QRW7DJ9pg2MfmHK/4VTnhJJzTJWhjyxDAIqtLBlSRjqO9a80LKBxx6VVki4z0HvSNYsyhFjgVIvOB1qy8WDnGaFQbuBx9aCh9uMMPetGNFYYNUokGQT07YrUtVBwDTMZiLbgnnPSk8ra/FaKx/Lnr6Go5V56cd6VzDcjCZQ5IxVOaLn6dqv9eO1RvHke9Zs3grIpQoS+SOK0YVAAB4pqRbAKXBB5zUs1eo2ZMZxj61VkUqcj8augbuM9KiZOT1pXIaKm7B96k6jrUTD5uvFWEX5Rii41C5UlTkjNOijJx3qV48tnGamgTGDg07kNakEsWB0qJo61bgq+DtCnGOKq+Vk4qZSNqcND5QFL1PFJSg4IIrzT6QVcZGaXI98UnNL9KYG5p3iW90/QNR0i3ZVtL4qZhtBJ2nIwe1YeeaB1peAODx9KuUm9yUkhM807jHf3ptLUoYvFPEbeVv8A4c7evfFMpRxTAXOaXuTgD6UKMnmiiwgHrx+VOXrSdvrSimAuMdaeBmmrxTwMdc00AvsKkUHPvTRk4NSIO/H407APXqcLViNMkbgeajjXI5yKsxISc4JrSK1JbLFsm5gD616d4J0sWto19KuHb5Yhjv3P4f1rkPCeltf30UQA2E8kjpXq8EIdo4YFwkYCoo9K6JS9nHzPPrS55cpDFbvM5B+4Bl29qqyP9ouFWP5Yl4UVp6xPDaQ/ZYT83Hmn39KzdPTkSY6ngV5s53ZpGNtDdtkeEQRqM4wTSeJbiL7OpDbME9D1qUOh3O5wo6fSuT1aYzTMM8AHBI61gpHRJWRXMiyZcYTPRaeP3cQx/FnNUUzuBJ+7xUktwAh2k/jWcnchEE0nLKCBjg4pbZgrDJPvmoF3STfKDxzmnRABN5YZboM1DQk7M0JZHmYAs2B0BPAqaHqE498Dmq2nxyTYEXzvnceenvWnZx74/lCecTk8HpS5H2KUk9y3DZAwF2cqeoGe1VlXc4fcCBnGOO5p8F1uZojJlADwB157UxEIZQhHX1qdjdNPYpahblSFXGevTqayLiNoZQCecHcQeBXSXdlc3O/7NC0jAdV7Vg3UYQsm8O4I5Vs+uRxwaaTtcxqNXH2TiMqWON/an3l0GulSJixUDj37/wA6oxSeS4O7584AI6VVhuPMup5FBVuSD613YGnebkzzMwqN0uVGvHKW/dqCQpOD/OpFvhCpicZDDOR9elU7MMUSR8nPIH+frTpVdZlMQUk4JU8Gt6talKo6U9v1OShh6sKaq0vn6C6XK0cc0eAEL8DA/OmFD9vOSdrEj9KRZDFGNygZOcDt7UsrK0qMmQSQa8yvPmqOSPboR5KaiatvEcFhwM4ODV43EFpb72LFx0QdTUNlOi2DupVnXgKe7HgCseeGR1klfILE4Oev0rJQ6s2lO2wmq6vJqGA+FiBG2Jemf6n3rp/BetW1hGbW6zErHd5uMgfUVy66c0JRWQ54bgZ3fSoNQ1c2IltLa3iE+NrzuNx7fdB4FdeHo+1lY5KtaVP3lueu3mq6dBZ/aW1C1MPqJVz0z0rkdd8c6Ov+j2tz5jyDb5oQ7U/qa8lv7l5WczOWZiWJ9z1x6VnM4HUZr0IZfTi9dTOWLqVFpodlJ4titbhjCrzEdHzsH4dzUN145ubi1e1aJRG/UqcH6ZrjZG7/AKVEz57V0+xpp35UZRg3Gzk/vOv0TUZpdTgSGR4wxwWVuRz1/CujdbefUvKeRpoc4UBOHBwD9een0rkvDyW7abPLKyRyh9qvu+YAD0resdZ0zw9cTOZPtkq52IDuDH3PavNxfNUq+4tjWjBU1Y5LWLltOv7u1twE2M0THHUA4/CsFmzmrOoXD3V3LO/LSMXbHqTzVQ16Sbsrm8IpCjvz0pcnpTQeeKcOAMjjtQmXYTFJUm4ADByfWkIBPXNMBAce9Ax3NHHvSUBYcDTlbGMZ9KjyR/KhWweaQWLCOSwBIz6mns2epyB39KqhgDkfrT1bPB65zTuS0SGRic56cUbicZ6DpQ6FVUkghhnGefxpgG7gA5p3AcT83z/maReSBkdcc9qCCO3tSDtigBwPUZx2pDR0OBSk8YxjvQAn40Ac4xSY75pckdc0ALyBnFIe+aUEnr/+qm/WgQGnjjBzTQvODxxSigTOo0qTdYJz8ynFV9SIEpOwLx+dLoRU27oM560/UYmbawGeMcdqvoeZpGszP3kquTnFPimdHHIxUezDEZ6VLHtfarDHoag6nZrUv2c483PPPB+taHmAY44rKii2kqe3Oa0oyHjTAq4nnV4rckuGJiyOnPFUIseZk9jVi5dlwecdKksbfzXCqMljnNPczj7kSrefuI1YDg9veqFuzyP8o+cnHXH/AOqr2tM0915Vqv7qH5c+/c1LbWSWVqbm7TG7/Voerf8A1qR1wajHXcsSaZFaR73vIpA38UeSPpRLrJitmhtVClhgt/hWfcXL3CgN/q1ztUdBTLeLJBI4HvQS4p6yLWnozTBiMjOc10Fs/wC8HrWZboBFuXj0FXbfJq0cdafMbisTCCT0qlNIATU0DfuGFUblufxotqcpYtZirZ3Vt2d9sZTkg1zMbccd6twTEDGTRKN0XCo4vQ6y4is9URfOXZcqPlmTr+PqKzNFz4Y1mO+uofPjRiSU+6c/5BwadYNhlznmtXzjHIwKLJGR8yMMg15WKwfNrDc9rCY7l/ibHSa4mma94Y8zTpI2uLf5yQeST1H09q89dCjdO9adtILK9a5swYRkZQcZ7/0/nVG6k86YuFC72JwO2avL6VSinGexjmNenWanDclYbo6ltlzbyAjoM0yMfu+auWy7LdicDdxzXe3ocSjqYUy7pRWjpEJ8/d68VAkZaXB61t6dCFkB96qTsiaUbyH3yYAIqjOD5a1q36gxD61lXLbpNo4C8VnBnXLQgAzvz6VEjVaVdrP3FZu/DkVpF6gjZspirDB5rZ2LMnmY69a5i3fpmug02YMNjH5TWhDVhJos8/hiqM8QI4zxW5LHjNUJo6Q4sxnixUZQ9cCtGWPBOMVAV59qRomRIgGK0LXG4euaqhcj1q3bcMKCJLQ1OCo6U0x5XccdcUI24cYpCee9I57DRHg5xThHx04p7HAHrUkZfayqSAwweKiRtAr7AScc0xo81Z8phk9BSmPIzWdzdIpBcNjpSSKcGp/L+bPpSMpIIH5UCsZhT5uORVmJMrjFLs+bGKmjUgDHWpbNIorFMHp17VLHHg4PIqfZwSR1oCVLmNU9SJl46VJAh5yM1IEzxUqptWpvc15bHxz70Ud6XvzXIe0HYUelApfrTAPzpRgckZ4xSUvWgQBcgnI4GeTS54x6UlLTAMClpBjn17Uo5HYe9AC8CnjngkcDvTBmnHI44yKaEKBwTxxSj8fpSfSnDpTGO9sD8qeAeOn0z0pqrkE56U4Dn0oAVRzU8Y6YIPH5VGo4wDmp4l46dapIGTR44z/Kr1rCXI479KqxJuIHAPua6rwnpZvLxNwOwHJPtXRTWupz1ZcqOx8KWS6fpRlcASTDA9l9fxrcs9UFnHLJGA87DCZ/h9TVK+dQoROFGAB6CqhTY4DdVGcVz16nMckFrcdcO7EE8lzlj361fsZP3kcY6Zxn0qgMl+TzV3TYtk+ZGPsM1xNnRFamnqLMkHHfqR2FYF5EQnmYILV1CLmTDqWD9qwfE80YuUiTog7eprLoaVDGYYTBHUioZ1/dgqeAc49TSh8rkqSc4pLhwU2L1GSakghQMTsx8xPQd6ui0BG6QMNo+6oHX3zVOBihAJGfbvVj7SWDBmJJHTHYUnfoC5balu0823kKxKsIbku56irUl+qweTDyc/PJjk1z+9yu4tz0FSpMcbV6dS1W5tKxHLqasTAttBx0ya2ra38+L91hVQfefoP8a5xZQiDGPpUrak6QIik7G/T61klc05uVFnVb9EhWK2AZujSHv9B2Fc48m0knqe57VLdSZJbeTk856/lVeKPz3wW2KOWZuij/AD2rVamEm27lhSI7WScZ3MPLQEdz1P4CqaQyRSGNgA/BOO2a1IlSVklK4gQFY0PXA7n8eT+VP3LBC1wUHyfr+NdlOrKjZJXuclSnGtdt7EchltjBEvAjQ+YxGeWxTSx3DjP9ajjSR5DNNgNIdwBNS5BPBAxxmuKs05WR2UItQ10IWkVt2OCe3am7wU+UY28Y7ilMa79xGccnB61H97JK4rJo2uX7G5CpIrltvBOOcnNK1+J5FA5VOFUDGBWWz/KURtsXVie9ORvmDQrsIOfXJqraCbNxr9I/LtpJDGm0YOATnqBXD6rP/p1ycY/eNgfjW+8byzJKpIfOMn19a46+nMksh5PJ5r0cv3bObErmsiGZy2WY4qs8noOKeAXfFR3DLkKmMDqfWvU8yYRSdiN5GPfikGSfX600CrFrOIS4KRv5iFPnUHbnuPQ+/vUXOjlSIi7Z5puTjk8elPcrn5eR9KZgcnIxmhgkOiG5vu59qhkwDx+dO8wgEKcHuaZzj1FJlJahnpTvUNkY4ApD1wOR34pe/A4pWKFOMZGc96TOBx3oB59M9aUgDuDQAY2sNw4680w8U89OPzpp9aAEPWkFLSUmMAcdgfrUiHaRkZqMDgnNKKAaLRcMcBQBikAIPfpUangZ61q20SXEPX5lqkrmE5cmpnEEEYz60h6nOPSpZ0KyNk81D6f1plp3Qdv6Uo9cjjnmkJ5/pS5Bx91cCgBMEnOPegdvpSr83QZ9qT6UABPTAAx+tKQB0pAKUDPUj8aBCClxS4pUBzxTEaeiS+XPgnAbtWxLkqwBw3UYrnLZtki+xroYmDBH7CqWx52KjaSkjNl+Z/nIJPeoyCh549KsTR4kcDqpIquxJwDytSzWEjT00+b8rH5q0IItrOMdDWLbM1vOjHp/Ouy0eGOWcORlStVE4sQrPTqZM0BP3hx1rQ0+MpaSsMAkYH48f1ovICr7emwlSKS3uUUSLjLAcD9as5He1ifTtPg27JMCKH5nY/xH1rntZu2vrsvnCL8qL6CtS4u2+xtCpJZ/v471jxRhpAcHnk0rHTSf2mRKpVcH8asRx8gYoEeZCT1qxEhVSx7UkhzmrFtfltsYGBU0D8EVRQsTjOQatJkHp1rRI4qjNKOYhNuapytn86XcQMHrSbc/zp2OdMWAEHB6CraJ83So4I6uJHgY7ZobLinJ3NTTG8zap5ZeM+1aLtmVh2FUtGhKyFu1XxHulJI71zy3OyK90qSjbknoaiEGZB7VPeL+8H5VYtkwQWFO+hna7sV9hBwParMwKRbe4qdIAZAT0FF0paPgYyf61NzdRsmZtoB5x3jnnmtq0Q5XjtVSCECbbjnOCa04V2jnrSmyqMGiO9Py9KyAmZgcd61ZlMmR+dU0AWUAdOpoi7IqWrIbvEYdv7tYRJ801saq2Ygo6scViO+ZGI/vGtYbAyzC+DWraT7SMGsEP+8NXbeXpWlw3OztZBPDzywqKePnOKz9KuCjg54ralAZc+tBlszJkiyeaqtFjsa2GjzziopID1H5UFcxlbMHAqeHGcHIPTIp8sR+lMRVBGTUs0vdFyBvXFWNuT6moIEABNW0Ix0/Ws3KwlAbs4/nU0A2kAmkA4p/T396hu5aVicgbcAD8qYsfPpSxt+tSrx1FZt2NEVJISvOKpSKdxzmtibBHT2rPeLLccUJj5StHEM/Nk8cVOkPIqVEBYYHFWQihMAc+tTJmsIlTy+KQJg8VawAOOaaRntWTZtylcLz0qSQDt2p2BmiTA4Un8aaYpI+MwOCc9uPekpenSlRtjqcBgDnDDIP1rE9YbS9R2FDHcxOAMnoO1BHYelAC5OAD064pRjB4ySOOelJ29BR/KmIXBPSjFL6YPOOe2KBxQAdu1HanE7sAnOBgClABHr3xTsAmDzS4IAyDyM81JGqNv3NsKrkAjO4+n8+aawwce1OwgB5pygnp3poHrUiqRtIyPQ0IYoHrxUiqe9Jj5Rz16U9SwG0E4POKoY5VNTpnIBz+FRqvI4/EirUKE4wAcGriiWy1ZxF5BgZOeleqeHLNbDSFZlw7j9K4rwnpn2y/iUghM/N9K9B1GQDbHH0Uf8A6q1m+SNu5wVpc0rECvmfLdByaQnexd8Z61ACXwhzzyT6AVNEQ/tnvXn1WOCJbVOCxxjPf1rTsIw9yhOMk5/KqY4UKCO3NaGlpudmHGMjnvXNJnTCJoSMsKkk8LknPpXC3l2s11IxGdxLV2WoDfaTNxnGcnoMV55MdzuxIzn1rO4Vd7FuSQEAJxjJxT4YS67iMDqapRE456dOalMjSjaM4zjjvSIXmTBQWYL0PPApAoKkY9hj1q9YWv2qXZDhVTOfMOD+NOvIFi/491B3Ngbh0Fa8jtcjdmJIuTnOVB6VKqkKvHHXJFXJY0WExxqC4+Z36D6Cs5pxbq6SEO+AFGf1qZRdrji1exNHLul2jJPCgVrMIHiEU8ghMWMMRkA/xZ/SsS2kKOjgYYHOT2q9d2pgtUllYmWQZw3HBpRaQNN7FF7oCYFAHA67hwfwqFpVkcgqAm7IVRhRTZcZIAOffmolJi4bGSeB3FaRetzGcW0SyXeJMLwBxxUokE6BXO5V5welZ4idp2UjaB1NXIjhVRcHHc8V3YmvBQUY7nBhcNL2nNIked9mSw3ZyMCpoCMEltwUAniqsrDzDn5l6Z7fhTEI2bTuGewry0j1WXJZhu3AY3HOTzVSSXkEsFX0JpZS3ygoQB0BHTFVrhlZ92PlPHrTAngheTIJB5znPAq7Au0ZGDkYHHas+0JUcBsnq3YU+WZzgBycA9KN9xNtFiS5ggWR5HIdVIRAckn+lctDdoDcKLaBzICo3pvZfcE9D71qG08+Q/KRx0FalqlvpttDB9ngklWUyvJtBc+i7uwGK7qVelRVoo53TlN3kcv4itF0+KxhKhZ2hEkvPck4H5AVgnPvW34tna51eSV8bmAJA6DgcCsTvXox1irmtJWWooJPriggrkUYGeD2+lLvO3aMYPPSqNBokKhgMYYYOQD/APqpueOaCPUYzSVJVhPSlJpKPWgYvQZyOfegUDHejIxwOaAFzxTlBPCjNNBIyB36076GmIUkbcEc5zn2prAg4YEH3pf0HoRSElifX86AGigEg5HFFL1zSaHcQDp6U4UDg5HanAFjxyetIQIPY/Wr+nSGOQDjBPNU16DHrjAqTAVgQfpVrQzmuZWNy9sVmglfgOo3fWsHJB6gGuigcvark8ONpPtWRqFm9rIB95SOCKpq+pzUZ2fKyieeTnFFKRxzSkYYjI6+tQdVxMc0U4Dn1A9KQ4x3zQFwGB1FORS2QAT3wKZjNSpgD1Pt2oQmIvXg1IFJ28AE8cUgGOVzjHWlB596ohsmRNrfPwa17Q/usVmW8RcBj0z0rWg6/QVSOPENNWIbpwZnK9M4/GqefmqeYERgk8k1XfHFSwprQuxLvAXGfQV2egRlUVfSuVsYwSh712elLshQgcmtFscdd30JtXtttm04H3vmNcvErJEZGUgv936V3l1GHgSMjKkAVyutKHvSkWNigdOxpRdznl7pnwqA+49jxUksQklLgBeOAKliCQrlsM3bNWWwsSMTlm5qmQ5W1M3yQjbcZOOfamybTgVPcSrGu7jJ7UQReYMyDAPNNCu3qMt4i/uB3qdhhuO1XEjEcfA7VXIy2fWqTM5jU+90qdF5HrTY0zx3q5BFubpSuQldkltD/ERx2q9FDlgTSwx4A46Vct1ywzWLlc7YQSRdsI9i8jtVmNfnBB56UsaFYSR3qxGgSIuRjismzVIzZoxJcBR+dWBF8wVRnvSRfe3sOe1X7aEk7jVNihG7Goh2ljTGT1ParzIpjI/uiq6xlkLNwDUJm7VlYr2cRMhJHerTjMmBxgVNbR7Rnt2pqKWLs1JvUpKyM+d/IQnOWPAFVeQGY9TwKszxmeYkZCr1qC/YRIoyMnsK1Ri97mdeuNxYc7Rn/CsTOOta1+pW1G/G5+ce3asZzxgVtEzbsPjbLVZhbBqmnWpomy30psqLNuylwwrqLCTzocZyVrjbZ8EV0Wj3AjmUt908Gn0FJGx5RzzSmPK1deMbc45qE+gFZ8xLjYy7qEL0HNZ8o29R0remi31l3cW1uORihs0gJbuNoBq1GwAJzVBBg9asRkseDWUjoSLkfPSpGB47Co7fnjpV+NQRzzUN2E0RIu1RnrT2cGUnn8abIMHPXFRBhuAFLcpE7kn6VAwBUfLznk1NjIPOBTAuX56VBqkLHF8uRTlOGx1qdAAvA5qs64PFQ2axQw8tz6050wmTSKvzcdKnkOY8DAqG7GqRTUUEZqXZg5xShCaLi5T4uI4ByMmjt79c0uOCQR16UAVB6Q2lAyRiil6AdKEITpSgc0oHFApgAqWEFm2h1QP8pZ+APqaYMDjHNA700gFXIPBpcY46HvSdB9acuMHOenH1piFUZPFKTmkHT0FOQD+JsD2GaaAQjABNOUngc4Ham8Z/GpEXPPAosND0XdnGPWnrkfjzTT8rbcdOKljz0HTHOKpICSAKThiQPYVetY93XvVSNDxgHFbOlW/mSIoBLE8jFbU43ZlUlZHc+D4BbadJMRhn+Rfb1P8AKr8rl3JboeAKekaW9ukKkbY1xn37/rUKKzsB3bvWNapeRxRXUkA2oWOPnpNxijLDvxmpHj3uVBwAPyFRPy+xfu+tcM3c2SNDT0V3Bf7gOTnvWuzKqsqEBR3FUNOiWOIM2fmGR7VBqt79nLW5UDI5YVzyZ0x0QeIL5RZ+THnc4zwe1ccz4bkdTya0blizAnOfes+5Ta52nGOcVNzObuPZ+gwB71e0pCJVIkCl8rllyPpislc43NkmtO2HlDLOcgZHGMGrgrszbOqsohbRhpAgnZMhAc8f4VneIrmG2J8hkZn+6o/h7UG4WHRuSfOK4z261yrMZ5CWJZnOee5repKy5SY6mtbSMUMrgEDlhj9KxJXEt2zOeMk/rWu7PHB5RGNgBb27fnWRPFiTf0U5Kg9cVc4P2afQxhNOo11LdvL0fCgA9xnmrAn3MXYsw4x7+3NZqSFuhBUdfSniVmYAKSTzgCuOx07D7idFVmAAcn73f8PQVRRt0nXG44OelTXQOWLlTggYFVNhZ+mRVoh6l6NHd8BWb5uOOv0FWXi2PIqsrlMZw3WodPMkm8oSAMBmPGParc0QhMm1iDsBYsOefT0FVyp7ivYqvhCTt5PTuKQQTna4jcjHXaauSFYlRY3MpVctgdPp+dUzefMY23lc9M0nFR0FGTkE7FlCltzgdPb2qCPKsx4wM095PupGTtPJJ60pGw7YQJGxzkdKzZoiQ280QxKvlrt3DccEg+3XtUUsyxrtA3k/xY6Uh3qCyjDsPy/Crei6LdarKFt0OAfmkPQUX7jSvoV7fc0qKuc/xMegFXo7f7RICFO122IMc12lv4SSCEIzsxGWkbpx6ZrH1i+stDik8uRZJYzwewNaUKcq8rRIqyVJe9uee/EG0Sx14RIFA8pCceuK5kVc1i+k1HUJbmY5dzk5qmp56V7sVZWFTTUdRcUbffFSKTgnaCP5Ux23ZIAHfApssYetJ096dR820DkKTxnpUjG8Y7596MUpyCQeKTFFxh1PTijGF6c0u0g4PFBGQDnmgBBn1FLilHHTv2pR1PC/4U0DBxn2xxzTTVma1aK3hmZkKy5wAwLDBxyO1QqoLAMcAnrjNMVxgxQO3T60oH0o24pBcFUbvmPHtSgU4LkDFPMTAnjkdqVhcw2L7wBGasbd31qAfKRWjCu6PevGRiqRnOVi7Zr/AKIhPGD0pNfnwkcIUcgMSaktc+QBzweKo6y4klwc7l4/Cr6HJFXqGYPYd80owOtB7U4gYHPPfisztEBx7Z4oxSjnqRSsME4OfcUCG96co78fSg4zyO1KBnjoKaE2P5IAA/EVJHGT9PWmxpyD1HtV8Ddjjr2FUjGc+UltUGwewq7FGQjHpmobePyxyOW6VebCDgZPSrPOqz1sZ96o8vj1rOLAuBWjqxEaKpPNUdNha4uAAMgc1D3sb0XaHMzoNLTdLGoGcACuxsI8zKo6LgVlaBZCNTIR8vYkdTXRWiCDLsQAOapu2hxy953JNSnEMLsCBhTj61yQLRoZJeSeRn+dbmpTebAGxlWbIHsK5XUL1Zp/LDfL3IpxVkYSTnKyFGZZV6kuQBjtV+eVTIyLjauFH0qnHcpEB5a/N0QkfrTJgSq8Ese39aYNXGPKjXJYAle1X7dySu4D6VUtYMnGKvxpt6CqIm0tiaWQEACokTJzUipnj9KsRQ57UbGLfMwhi7kVoW8BAFLbQbiMjCitKKHAzis5SOilDqV1TnHatCzi5yelJbwb3x2HWtW0hG/P8K1k2dSVyVYflVRjA61HdfN8o6dBV08DAqE/L1FZpmtiGG1yRuxgVe27I8L1NRQ5dgv51cVAeW+6P1pNmkI2IkiPknJ+9TSg4A6DpU+TIxPQfyp6AEgDH1qbmnKMSIkYqKQBN4B+8cVMZgbsxAfKq8mqc53XAwcKmSfemtROyRSvXSLdzhF6n1Nc80rTzknJJ4A9Ku6tObiTyowSo9O5qvsEUeBjeRhj2Uf411QVkcU5XZT1CXzG55J/kKzZI9oyTz6DtVycgscdKpyH2rRGLepF0qWHimAZ5NSxAhee9MuLLcJxWrZyYI5rHjOCKvW74I7UkanoWmS/abFDnLLwaWRcAisnwzc4l8onhx+tbtwnes5aMzZTPPGaz7tf7vfrV6Tgk1UnYEEf1qWXB6lBYstUypgAgH0qeJc8EVL5e0+tZtnShsC45J6Cr8bhQMiqagg57dxTwcn5TUsZJOcmoh1/lR2wakUZoKSJ8hoxwM0xBn19KAKcFxyOtZs1RKg4PHNMEe7dT1bbkYzkU5MYPPWs2bIg8sAccUoHFTkE0hQcVBoiErjrS7RUpXLe1ATueKlstI+JMcH603JzTjnIPagnnoOlWdQnQZ454owR9DQAM5pQCePSiwCozKSVODjFHTmlHA4yCaAKLAXtCisJNXtI9Ymlh09pAJ5Il3OqdyB61VufLFzL5BLQhjsLdSueCfeo+tLjAGOM1V9LAAB/T1pemMH64pcDBycUqgYOc5xxigQAZAPNKCOhJx2oHT68UEk89aYCrnqOuOeKcr8cjj1FNyR0PXrT41JzgZFA07EoG7HQ1NGpOOgHrSWTRpOjTRiWJWBZN23cPTPb61KpVnYj5AT068VokDZNCpYr0IHaux8HWmbr7QQCkI3/AI9v1xXKWqAt+gFel6Dai10aIYxJJ85J9OwrRy5IXOWq76FiZztCgdTUyLsi3/hVZ+bhVU8KKu3gVYo03Ajbng157ZCRXMrBcjANRSShRw2M9fpTXbuelUbkl9wXuc4rmnItGrNq5l2RQfu0Rh171HqcyXMvmAEAcE561h7iZB6Dr71r20AePc5+XbWTZtHUaEDtxj5R3qjciJS2cse2OK0iBEhBXAxgE+tY95827n39KlBLQaykqGXoTxjtitKxjkmjM8WXkXqDyPyrMtiPLw7FQTuz2qbcbcfIWLHBJHHXtXVBW1OaWprXty5t/Jd0lc4LEHIQDtjpmshSEbzSORyMDvU8Ks8R/uDknuarkGSYKvA6lj0UetZzk5O5aWgiO0pL7yqnmRm/OqMxeUsSTknGTV24lRlVIxtiXoOufc1CScKEBDD0HNJzk1Z7C5Yp3tqQIjRfuyevNTSbtmEyBjk+tVguHZ3bODjHX8Ku284iBeSNZT23/dH4VNhspYyPmY4701ypTjrnpmpJ5fNbcxyScAAYH/1qakeWGdo9z/KnYncdbXLxJhcgE5qxud23NuOffrSxRQxksxyQMjsM1NaxG4cP1BOM9BRzWHYv6VAvlZlbYrHHNZs1qUkPcdiR1HpWjqLw2EINy4VGOB71l3Wu2G0FGYuDwgHFa08NUqLmWxE6sY6ImiggJZrl5EULkEKCCa0NJ0h79lW1bzXdsFVGDtz1rJg1u3WVBLCki4xuXJz9a6V7kRxokL+SGHypGMED3I70qtCdL4iYVostQ+ESL7yGuoXIY7lik3fLXZ/6BoenZyII1/U/1NcxpGpWeiws+oON8mME/ff2ArivFPiKW8uJmc7hkhEzworTDYKVZ3noh1cYqcbQ1kzqfEvjKGON2hkwhHCg8t9a8k1rVJNQuC7Ehc8LVa7uWmcljVQnmvXUYwXLFWRnRoa+0m7sGPNPiUs3y9hn8qYaAfUZpnUSlsIVwOSDTM9qcCDgEjHYU0jPpSEgOOwxSA8jOcUvAPPIoAGRk8ZpDEB4wenpSngmkzg/0pRyOTx60DAnI5PvS8qmMDa3fr0pvGTjOKVVycDk80gDHI/OnD9KQDPfFKODTETswwFHTHUim43KFVDu9adCFydy54wOakSFnI7Va1M3JIgEZyeMGnhAdo6n1qUvsYqF4HXNTwoGIyMA96djNztqQxwMHXIwDT5oSjbsHmtHyfkCrggdDSmDeozz2o5TD22tzJEIMRbPQ1p2a5t1zgbeaZ9lKyFCOD0q8YCluoXJLHApJE1KqdkOt1wmSOOtYN6xeZjnv0rqHi8m3J9BXLuS7EnAP86piw0uZtkBGDjFLgBc9804rzzRjjGO/pUWO24wdOaAOMZ4NP5wFwMZz0q1FEjQnJGc9cUImUrFQD6E+tWrWAOBz82eB2q1BZxkhSeaeSInKoOB1wKaRjKpfREsVkqSZZl2j0NTosc0yJEML3NU/MeQjLHA7Vs6Pafu2mI+9wo9qtHHVlyq7eohCQgbgCccCo4f30hLDCDk1NJAZrhtpyF6Yp00ZCeTH1PDVVjk5kYl8rXlztQZA4Bro/D+mJGgL/d6k+tFhpuxvmGT3NdPY2gVVLDnsv8AU1O2prKo5JRWxPaRfLuxtQdBUN/IZXS2iPzSHBx6d6ffXsdrFljznAA7/SqsL/Y7eW7uRiVxwP7q+n40JdTKcrKyM/xbqCwFYIW5CgD/ABrmLOAl975x6mrUyvd3TXM4Jycge1WETPHSmCkoRshqoCxfHzdAPQVZig3H39TUlvbs2CM4+lacNsAASMeg71WxjKRBBb4UACrKWrdqv2luzdB+NaCWoGAcGpcrBGnzamPHac9KtRW2CABWstsO44qWKAKOKzczWNGxXgtwoGetWDH6flVlYgO2SatwwdOM1m5HRGHQjsoCE5HWrW0xrx3qZVCLUghLAZ61m5GyhoQxDOSelN2GRwFHP8qstEQBGnXvVqC3Ea/7XrUuVi1Tb0IYoQi4/M0123HAyFFTzHPAHHemJFlsmlfqaW6IjRS+ABhfSpMCEFm7CrKJgHbVW8f5COAAPzoWrK5eVXMyJmWd5G5L9Kr3tyo3KhwzdTT7iRgpCHk8Z9qobHUkIrEnqxreMepxTm1ois5WMYI25HOOp/GqcoaTttUVbeBy3zg/Ska3kYABTj0ra6OVpsy3UcBarPCdx3Ct1bTbkt1qCaJV7U+cXs2zG8vHanccAValTrjiovLC9BVXKjBoEGDVlGwRVYgg5p4Y7s0G6Ru6XOY5VYHBBzXchhNCjjowzXnFo/INdxocvnWRTOSp/SpntcmSFnXk1VkXJ5q/cIarBMnHasrlRQ2NNsYPHPv6Uh4IxkCp1X5elDR/L0qGzZEH3gcUZwTj8KmVcZPHFRtxkY49aChI1yG3H2qdBgcU2IcE44NSdSAvpUspD4yM4IzU2zioI1O7tVxWBxWcjenqQOORTgMVIV4z6UzcOeKhmqVhacFBWmL8w69KevXioZaBFAOKUjtTzwOnNNPPOKixoj4fkG0jBB7nFNHXnpRg0vLE+wrQ6QyNuAOe5py4wc5z2ojHzcjI74OKVR74/GmhAR2NGO9Ko5H9aeEy7BRvC5PFUBHxj370DP4U/OQBgDAoGdpAJx1NIBp5A5z7elA69aCO3OKXHvR1AXtnvTj25P40jYyTyB6VJbIksyJJKIlY4LsCQvvxzTAZghiOOKcvXH86Tp/+unAfWgESpx16HnFTxAHgZwO9QKAcc1agU5HQZq46iloje0CyNxdxRKQ25hkjsK9KmIUAKAFAwB7CuR8F258x52H3Rwfc11M78kUsQ9onHu2xiqNwYg/NzRcsSiqAKlnwojGR90Yqs4ZyG/h6VxVNHYqGquQTOSAB0AqFkJic9gOOOtSCNmlYDBIBJ5pUQiNvlOTwK55XLRjSDa4A9eBW9bACFW7ADLVj3kTRSkgf/WrZs3HkKG7jkGs5GtPcgZ2kZsAjHPSs28AKFuBkYrXuWVEOOT7Vj3bBlOBn0GaUQmR2gWFAzAEn7u4dDVy2eC4kdrmZkdslgI8r+AHSqaldgbk8dDTYXwTnBYHI966ITt5nNNNrR2NIXVv5O1TKxBBO0bf1qtdlvtG14xCpwWjznA68+9QwMVI34ZQeQBjNPlLzSSyyAhnYnJOaudRONkrGUINSu3cjnkjEjiNcIAMe9VhIVLkALvGM0sxIBQcY9utQlSQoH1z6Vzo3CQAcHk459qkjjDqzOxCIMfX2FJJAybWkDDI3D3H+RUiKGjAIGepphuQ4xxjGPelwEXIwSeAatNbBCMkAkZzn9Kkit0mnXaDyMBQO9K4W1KMAMj9zzngV1OlxRxr5e/Ep+YHHA9sVasdHWGFWlUBpGwD6DFOt4rZS77huiJO4c5FEPfkkEk4pyOF8e373GsG13Ax2w2ZHQt1J/XH4VzO3By4rX1a9juL55o4gCxzkjr71myku5ZySa+jUFGKS6HHTnKSu1Y0NFlt4bnzLpsRrz0yT7Ctm68WGNWj06AR88SPyw+grkyMkUqsBnI59KmUU3dj9km7snnupppfNmkaR85LMc1WuZmkcs3Umm9frTZDuCjCjHfuaLm0YJO5ExyaYaftJBP4Uh57D8KRuhKKD7UDrzQMdjGMg/jTn4x16dTTkVSrZLZA4wM80zvQTcQCkp2c8Dp6UhxjjOc0hifXtRS9PrR244pMBAcc/hQPalPalVcnAFILguSKlRVxhs57U6CJnkAAyfSrNvCsh+ZsDrnFVFGc5pDYflXHc96mXAIOeMVcZbaGPAwx7Go9kcrYXA4rVKxyOopa2Io7Xzn3jHritCGBXXB4K9qbax+TtB5q9FGrSow4yeapI5qtXzKUZ/eFOmOmauxRAqe1SXFoFJdevrTY1JXI4xTsYSqcyuhyxBQSw5P51oRWyCNXYfcXj69ajto/NmRSM5IzWhfOI3VFAw/WnY5pzbdjLu1zaSluPlNcgynJxkD3rt75AICG4HWuTuYwZfkXCnpUyR24KpoyqmNwzx2zUqxjY4LHI5HNNKYkwRgj0qwUZIenLe1Qd8pbFfywDk8+lPGRGR0FIcYAHXpT9jOwT8OOlIL9yQBgqnPSkH7yQuxwD61OyY3d+McVJpNlJdXSxLnnrx0FBi5JJtlrR9P8AtEhLZEY6n19q6CddibYxjsAO1aUdolnbJGowxHH+NJDFzwvA6VotDyqlR1HcyliaFRGg/eH7zHtVi1ssZOMk962YbAABj3/WrSW4QZI68AUnIIwvuVLW2Ce7dz6VJe3MdrDn1446sadeXEdrH833vT1rAvtSW3cvIFmujyqn7sf196Er6spyt7qLkMDvIbzUOABlE9PrVHVJ3vGLMxEK9B61SF3c3Lb5nLKe3QU9d87BVBbsMVZm3Z6kCsWbgcn9K07Kwd8HY2O5I4rR0vSkiUPcKGfsD0FbEe0YUY/DtUuVhqPMUIbJhhQuSPbgVdg045zKfwq/EDtHloB7kc1aji4+Yms3NmkaMSuiJGoUDn0FTIh7jFT7Ao+VefapUj7ms3I3USJFPanrHnk1IcKOeKkiiaVhgYHpUtlJDYIy7jaK0Ei2cd6khg8pfepwgBrOUjohT7kMUOW3NVgJ6U5foMUjuc4FZ3N1FIEVVOe5qbAVctUKAj5mGKPmkfPUUDWgMN3PAHrTGkCj92N3qT0pbiKQjDAbT0GetVrjOCGwigdqpK5EpW2FNxhGeR8+lZk87SE47etWdhkXC4YDuecVC1uRnzG/A9K1jZHPNykivEAclmVmzzzTmXnjB96SaKP/AGAPaqsixDlZeR71a1MtYkzAA/NTGORwapyRJKP9aSfTNVp7aSPJikOPTNVZEuTXQuyZP8VU5c9MGq4uLmPG8bhTVu3P+sjwucZos0HMmEiZycmoGUjpU7uMbhyKrvKp68VauBWl3dBSI7HGelSO4J5pvp3qrjTLtqcd667wtOBcGMn74x+NcVCeeK3dHnMc8bjgqwNN6qwNHdzIOarFMdq0GXeoI5BGaqyr1rmuUiuVyeOaey/JQMA+9OcZpMpMqPx0pjDPUVO8ZGehFR7DjJHFMdxVHA6etPUZHFMUc89KnjQZ5pM0Q6FTznipiOPenwRgrnNKy7eQKxbudEdEQEnGOp6VE7EDng0smWfPSo3PTHSiw+YcjE8Dj0qyvTPpVeLAX/aqwvSpkaRYbiafj8qQUoHHrWbNUfDrDpzzSopY+1AH41seHdafRZrl44IJxPC0LCZAwwe49DWkUr6nQ21sZOCB+NAHHFOdt8hbgE0DkYp2GhyMU9OQRyM0mdvQnkc0HsPwoxxkD2zQAY/E4oxxngigdcZFPChgNpy2SCB6ULUQ0knHHGMU3GCPangE5wM4GSKaTuJz+dFgAksxJxknPSnDGO9Nxj3py9sDNMY8AY9D/OnAHsKB1Hygd+BUir36k0DFQZNXrVNzAf1qGJVwM8duladhFmRBkdegrSmrsipoju/DMPkaYh7uSfyq/OeCR0ziktkWG3jj7IoGPwqKVyQMGuarK82zmS0QGZpZE3+n6CrLnzFJUfKBxWdE2AN3X+da6KFswfbNclSV2a042RlbgN5XqeOafJI8doozk5zx1phfewA+UEdPSmkmSXGcgd6ybCwzViwtYi0Y82YZyD175qbSsPbozk8DFT64sctvbbcAqRk54GarWISN5I8kqr4Vh0I9alq8bgnadie7HJZemOgFZjxiTC8AA5z6CtS7OUwDwe/pWWAcnPBzSiXMhQKHEZPyg8tjtUTttdtgGMkAn0oZtzsQeppinL9cc1ojBsu2KrvBLHIIz8tWblAtukkKtleGGc8noazIJ/LkO2Tbk4BPQ896sW9yVyZDzg8Hj8K2jCNtTmlOV9Cs6Ebm5xnqaZuxkyYyuOh9aW4YNMxUbV3YAzkGoS25lUEY5xWLVmbLVFhbkPDtIyQTz1P0/wA+tPWMsVx3OTgelQLHlhhgw9hWvZWvzLHJvSZs4z2Hp+OR+VJlpFbeCHyvUAAn0pYpWij8wpyc7QDyaztUu3gldYSoKnluuaFBubSESAJtU7m9QTXXDBSkk31OWri4w1Ne3nlu2XzJH44B6DNaAhSKdJomwhG2RQc7hjmuSGpBWCxKqoox8wzmuotj5QEcqhQQroQevtWeIoOi00XQrOpH31Y57UvC89tdSLg+WOUI7jqDWUbHbF907ycc9q9J1mZG060kLfOQY8+oArhtbkZY2ePIZjgAV62GqOpTUmcVVyjV5LmPOlrEygszkEFwoxgelUZdu9mjBCE8Z9Kv29i0g3SyBAwzyMmobmALnyw2wetatHRCcU7XKjMuzG35s5zUe0+nFTeX/wDWqaOMtgYwD3FRY350imIyQxGOPf8AlTGH5Vfe3Ib1qFomPQcemKdgjUTKm004pgep71aERQc4Un1qMpg4HNIvnIhnGO1KQCOmP61LwMYQcHv3pAxGdvDH0FA7kOM8mgkuSWOeOpp7DJ6ZGKQLyKQ7jB60AGpWUqxHcHtU9vAJG3SHCdzjNFhOaRWRNxAHU9qmjgYnoc1JtCkbanjB25JyT1p2M5VOxXJZHJ5yKFZ/erRgDIX4A7e9JHGSQvr6U0iHNWESFnUAnHpnirlvYsCrE5FWI4MBTLwex9qsGdI0I3A/StEu5xVKsnpEjICDDHIqzDKEIAwarTkOgZecUy0XzJACeM9KsxtzRuzavXCQZ9RxVeAb0BFLqrfu0X86doERlk2n1o6nPa0Lm5Y2gjkDY42liarzxiS6yeccZ9K2vLKW8n/fIqjbxhi5YYFCZzSb3KF6mYW3DK8cetc8IVjYs3qcA1u6xOsK7cEseKwWky5Z+PSk3c68NGSiRGHDeZJ37VWuZNxyvXoKmkZpGOcgdqiWMFwoBznvUnoR7sgSFmb1PX6Vs6basUVXGepA9KksrDOHGfKHcj7x9f8A61b1mir8uMufbpRYwq1+iMv+xi78MQo9q6DRtNFsrMqjnkmtG1t1RA0mMfzqwY2lIUDap7DvSOaUpSVmUZWDPiMZJ6sf88Crthabvnb7nr61bayXKhwqqRwg/i+tSy/KmwelJsUYW1YyJfMdmUfKOBWXqlwqT4Vs7B29aLrUPLdYbdxkA7m7CsW5vY1chAJG9T0qow1uzKdS+kSHULx0bcTumboOu33rHjgZ5Nz5JP5mtNUkuHyx4PJ4HNa1lYoAC6n2GOta7Exny6Ip2WmtKisRhK17S3iiHygelWhaySkBsRp2UVftbONOANzfrWcplwg5FcQSPjOFHartvapGN79PfvU4gcEZIX6dal8peuCx96xcjpjAjVgSMLn2qyg45GKQI2OBinLA57mobRokx2QBQHJ4QZPrUqWnI3ZNXoLYLyQKhyRahJlW2s2chpDWnHGsYwAKcq4HFHAqG7nRCmoikc8daUUgPoKUYzk1JqSLycCpo4kUEty1Vmm2DsM1We7c5CDd70crYOajuXmQsWaRgF7AVHJcoo2R9vQVnqZ5WO9wqemalcKgwHP9arlM3O+yCeZwpJKqT6nms9D5jFpg8h7KvSp38ofMx5/z6003kacIuPqatKxjJ3erDMvIEaRrjuabJwVDSDbjqDUE9yZSTuXNZ90ZgnyvxVKNyJVLbGhMIHQqCHqhIIoxtRBjr0rMe5cNgkg0sd0WHXI71ooNIwdZSexed0IyFG6qdxM2dwHfoKQTAHAPI7VDK43ZU8U0huVyvcTTAggHHaozcScgnkdj3pZbkCTY/HOKZLtkGPatLGSbvuBnUjGNrd8VE5BY5INQlGXgjK5znvTUYjOcHtQohzjzH82QxqVARgjkfyqMPg8H8KCx6qaC4u5cTDDI/OtGzba/JrEgkOc9BWlbycjPUU0atHqOkP8AaNLgb+IDafw4qZ4OCTWb4Nn82wkT+62fzrbfp0rlnpJoqOxmyx5bjtSmIGPP8Xep260xh3oCxXWPcf6VO8QS3wQOuafDHmlul+Xvipb6GkUZ82C7FUCgnOB2p8OCR1zSMpycUqDDZzzQ9iluXQdq44qKYg0pbI65NMYehHvWdjXmIyQEIxyT1qMjjsc0SZz35prcAUxpjkBz0qdeOvWqqPk+lSK/pnNQ0aRZYqYxlF56moEOMVbtla5kVPzPpWcjZO58MHpj060ADODwO9OkYMqAIqbRtOO/ufek24we3StGdQh6n0/KnhT1A9qTjOB0pwzwBmmkAh5BzndnOc0nUDBp5HJJH6031zgY9qbQXEwc88GnKRnkZFMyc04dv5UkAHPXt7UYySSOTTmBU4PFI4xgZzimwAD3pwBHBGKsvaFNPiuvNiKySNGEDfOMYOSPTmoATnLc80bDWo9Af6ZqdAoPIzg1CpO7d79uKsxDdw3T1qrFxVySNctkA/gK6Dw9b+dfxR4JBYZrEjYgnHygntXWeD4SbhpTyEUsP5VpDS7MsQrROjmkwT6E9RUMjEjPQDildsMB6U66QJMyDopwM9685sw8hsURLqSeQP0rUBXySO2KzVbYST0OBV132QscdcYrmkbQKbx+bJ0YFRyRUXdSQecZq1bpI4JIIBzkj1qXU7XybSOZW2lDjB6GobK5L6lO/wD9Qw24+Uc1S0pzJDs8wnYfunoBzVmQ+ZDlmJZuDmsqAtaXPA3Anke1XSXNeJhWfK1NHQ8YbgEg4ArG1E+TKzdN2eKti9RFV85LdR7+lZl1MLhlO3JHUVTw9SnrJaE/WadT3YvUh4QdTnFRsfkJXGQOeaCcNgHj+VJITgnPv6UiSBmBIGDnqc1YjnLyKxAO7gg+vQ1H5Jckr16/SrFjbF5Qg5JPBpc1gtcSRWyAeFHOatWUIjkWSVN6Lhtu7bu9K05bDexfbuHqBwKo30y2tsCqsLgggbxwB6itaVGdV6ImdWFLcigjdXiKKAd24sRwPerlgtyL9JTNh1JG8ruyfZe5rnJLudlx5rfQdKmjv5yxdiWcnJJ9a7PqLtZM5/rVnewt1a+ZcMzsXVWyTjHFNvJSLZliXgfoKvQC4u0AdsIOSxFVr2SKNGjhUEHhnPU13U4uMbM8+clOWhjRkmQdMD3rqSGLxXkzNISFwqdMZrlmDbjtUjJrovCt4sTyR3ERZGwqndgA5rnxNNyV1ud8KijubmoXiS3VrZ+XhYI9zfU4OPyxWNcRpPKQV3bTwK1dQto0Mt7Gdzy8Mu7O0+1UY9xyEGM1vh4qNNJHn15t1Gym9gzchfyqJtIlk4VRj1NdLpahMhwrDqAB0qecDkqMD6Vre5j7aUdjjpdJWEHcdxFVGgVORXVXURkBPb3rIngjGeSx9qTiaU8Q3uY8hbGOw9qpzMRwCcd62TayO2QmE96ik095DkhVA9DilY64VorcxGU8E5xQsbZGByfat0aeigFjk5qRIbdDxgGjlLeLVtDDFo/BIwD3qBkO8g/nXSvGjAEjr0xTHhhIAMYJFDiTDFvqjnliO0cZ5qT7OwUkglemcd62WEaJtjjA9aPJYhUZ1ZR/dPAo5TT6w9zHhgZ3H8qurbvtCDOO9aQjSPIAH4VBNchG+VcZ607GbrOb0GCwCgZwc880fZlV/vZ9hUyOzoCFOP72aWN4oiSxVj9aLC55FcxhpQrDCgYqVzHAgcLjHpVa6uBuBQnJ6nFVEZ532EFhnIA70r2L5eZXexLNfPKSATj0qxZ2xZd0jZHXFWLPTDjdMNo67RU8siIPLhXJHcdqtJ9TCpWj8NMhcogCoe9XNJtS8wbB2r8xJpNPtDLMPkyTxk9BXVW9mIolQDoOTVHNOdlZGJe2hlkJPQccVf0GEQy5Pbp71LIV3kDp0AqWygYsBjDN+goObmbVjWz5kfzfU1QvJRDG5UDpx7VanHlpx0rA1G6aR9qgbB61KKavoZOqsJ3JLncDjgdqy0Ric84B+tXHDbjtO4/nU9racjeeepVT0+po3O2ElTjYIIUdEUJ06nHP51Pa6cAGJPyZ5Pr7fSrUETEkNgL/AHF6/wD1hWiiDaDLhV9B/SmYTrPoVYYnZhswAPuj09629J049XHX170+ygBCsseB6Y61qRo6DMrYz0UVMmTCPNuBtgv3uT2pwZbdN2CT0AHU1IWBI6ADrWVeagsTERgOQfvdh9KlJsupOMC15vkFpZ2zI3/jvsKw9S1OSQsqsUUdQOtQ3M8s0hK5z69hUCWbE/Pkn2rVQS3OSVVy0QtjC8yzFe6N1qSDTuQWGa2rK3Szti8i/M/Cr61bgt2k5I2jrSchqDKFpYYx8o9ga1orTZ9/GfQVPbR87YwW9604bToW5NYyqHVSo3KENsS2eg9TV+CEL0ANWxAAOakjjAGAKxc7nZGlylUwb3yamS2AHNWVUKelPVc1DkaqCIFgUVIkQHQVP8oHTmkJY9BipuaciGhcdakXPamY9TUi8c0ikhdpPekAA60yWVQOtQfa4wSAckdqaTYnJIuEgCoJWfHAAz6mqzNLMwyQq+1SKgTqdx9zTSsQ532JEChSZDk4qEzojfKgpzMCPmxj0qEyKuQsSgf3qpIiT7EqzNJ0QAfWh43OeR+dUWmiU5OSfrim/bFHG7A+tO3Yjn7j5wVPIyapyNGT8xANOe7yvynd7iqlw5kGMjOe4q0jOTT2ILhjGSVP0xUf27cmJM/UU1iSSsh2sOlVJgCQDkH1Faqxg7rYjuLoFuRkfTmqZlKvuRiKluYyg3YyD3qlKcA1orHNO6ZNLdF85yD2qFb9sYJwRVSV/eqc7kPyeD3qrIUZNm15qzrwQHHT3qN5jnrtK8VlwTMBkdRV+RhJEGB+Y0rWNUSrdBmZW6g0r4KgqetZnmFZATwPWp7WffGATyOKZThfVEkrlTuB5p0c/HNISNwBwc1A42ufSmaQWli8r45FXrd84rLibK9at2r9B6VJ0W0PQ/Adxi6eIn76H8xXXz5BrzzwhP5Wq27E8FgPzr0mVCW+tYVlaVyI7WKIX5uaRunFTyrgio9uTWVy0iW2XC9KJwdhAHBqaAYHtinTx4TJ4zWTep0RjoZDoc8UBcnrU7gA4zx600DHOadwsNC4+lNNPY8e1RFufegNhrnA5qEoWqfbk/Wn7BgDvSbLiisI8A45p4T5hzU/lngVIkXzAAVLZqokSrtBY1bti6AlDjcOaYI92Ac4qU8D5e9ZvU1irHwvz9aVeo4pR/P3pxx/Dz9RWqR1AV9OeO9IOD1pwHVScd6Vzj7wGTV2ENJB7DjjimN1FOCnk54pG561LuCEA4z7460p65JzSKpP0FPjTccDnmkUJ/F605R9aBnr36mnEg44AwPxqrDsIATkdutPXlsHHX/JoAx0zmlQHOD+NFikiV0CyuqsrgMQGHQ+/NWYEBIBYDnr6VBGvJ+varAU7sYxWiizSOjJo1+YgDOOldv4TTZY3Dt3IWuLthhgSeld7oCBdHyP43PX0pz92DZhidUiZhhmJzk4xTkGZAW45pjljITnBHQ1NdSI1wzIMK2COc9uf1rzL6HN1Ii3BbuKsRp9qKlWO3HJH8qka0VNKmmcrvbGB3AqPQ9wfbtBRh696mVNpXHTqJysbccSLFHtGOM1Frqf8SqXAyeABUsxKvGjAjJ4564qW/h+12bxcYYDFcsjrW1jjw2I/LPUcmqk4WGTcB74rRNqwkY7TjoSOhNQzWDzSAfxHqKa0MJJtFBoy8vCkEBuPpVebegGBg9K6q3sdwbIwQo/Kqes26KyFAMAdMfnVuo5aGXslHU5snofmz708hhkdd3HPcVYa1dmXaMLjtSSwP8AJ6jigkiiU7s5PDY4roUijtNMjkbiZsgAjoTVWxtFRfNlYBAMgerelP1K8e5ZPMHyoMIg6KK6sLhXWfM9jnxGKjRXKtyS61BobC3iVi0+DkDov/16wpo3uJjJIxaQ8sTVwQF+SOTV2CxwBkV7ahGKsjxp1ne/UxVtRztXPvV6000Y3vwg/M1r/ZVT+HJ7KKvw2TNGM9cenSmR7VyOeuiSApBWMdEWqZt/MYbhgdeBXTvpo3EvjPc1EbeFMhASx9etFg9rY5aaAKwAjAz91fWpYHitQHkI3HoFxzW6+kebhpGIPtx+tZt/pdpEAWdyVPK9SaTNI1FLRhaalNcOSUCxAfKQPy+tNOpCN9qgIScEkfzNVp3B8tY3K44+X+EVg3jEzFt4KA425zUuyN4UlUfY62LU3ZzHEEi77zxmtCOdRGN75buzHrXF6dcr5yofkHbOTW4Yo50wxZuemaFqZVqSTsXbjUbVG2GVCfbmmrNFImU2kdc5qFNIifOEwnerNtp3kphFKqT+P0p6mLhBLQptdIWA2kntUU0qxIS7fMemOc1p3Vs5UiCMZI+Zm4rMXSmdsyMZOedvSgqKh1KUwd2VmcbWGR7UipEoBkbJ7L3q7c+XARHGPMmPAVe3uaa1v90NGZJOpwMD6epoNeay1K/mqeI4849aI98rbiqj3I4FX4tPmc/OoUf3R0FXFs0TAcjA9s1aRm6sY7GNHZPPKTkkHv2qR7FoVygJHtW7FtiIwo6cZpZGjL5flj7Yp2M3XkzFgsnk5finSWG7O0/pWw0SrAkjPGd3RQ/I+tZN4ZycICi9cnjNJ2BTm32KjacxU7pmA9KqPZKp7nHetKBFGGkLSN6DpUvktK24rtHpSsa+2lHqZC2PmnkcelaFnYR2zBgMt6ntWlFbYwAM1MYlTlu3ehJGM8ROWnQoSQvJ8oJVO/vUlvYxgjkLk8k1YGWVto4ra0zTVIjeZdzgZwelNuxEXJ6IbY2Kxsp2nCjIz/OrF3+7hLDjIrS8oKpJ6Csq7fL9N3Pyr6n/AAqU7mklyozkR2ZeB5h6D+6PWtq0RYIizn8T3qvFAsKmSU9eWPqaiuJJJBlcAY4ycYobuStCLU7rc3UKOmBWBMN7gDJz2FazWxf/AFjnnsBkmrEVjFGmZeFP8Pc0bAp2dzFhspD8ltzIfvSEcL7L/jV5YY7SNYoxvmH8XofWtArNJ8lrCUT1xj9at2ekcZk57nHf8aNENuU9jHsonLYRd8h6k9q2rLSskPMdx64PQVpwWkcS9gB2ptzOyoVi+Un+L0qXK+w1BR1kTDy4F5Kg+pNVnvLeNt8smM+vGfpWXJKxcsVaV+xPQVWFlLcSeZcEknsKaguonWb0ii9d6itynlQAhCc4Xq31NRJaNLhpB9B/9ar9lppRRgBV7kjmtO3tUXkLn/aP9KHNR0RCpSqO8jMt9NIAHU+g6CrUVnDAdz4Y1fZGbA+6voKsQ2oIDY/E9azdS50RoJbIpG3a4dWK4A6DoBVyKzUDL5atCC2OATwKsCICsnM6oUOrKttbYHAxV1YtoxxmlAC+5p6hieBism7nVCCSI2j5604bV+tSGNu9MCDNK5VhBk07AFRtPGrFd4zQ3zLlTk+tA9BfOQHGeaRZg5+UGodip80hB9qgmuBjoceg4FNRuRKdtyzLdRJkE8+3NQSPLOB5beWv6mqod2AWNQB3NTE4UBicf7PWrUUjJzciTzEjAXeSe+etPihY5ZY9ue5qJHKr+7VE9z1pssmf9bKT+NAr9yxM4jXG5Qfc1TkmYJu81fpUDy2u7lh+eahk+zOCFk61SREpN7A945yFZiB3FRLcsvzBzk/3qZ5YGBHODjseaglU5ILZPoorSyMG5FmS43ZJKD0z0qrI/mZBZF7cGoplkRRnlfSoJPLYEspz7VSRDk+o5JTDLjcCwPrwaupdJMo2ja4HIPUVjSTDaCg4HBz1qPzY5HVgxRgOopuNyFU5TTlnXcVyGI71XkKuNyt07ZrNuJ2D7mIA7GmC5aP7vIPXinyj9rd6lqdyy4JqnMAVBWnu4fkEA1ATjqapIiepUkOc1UuCCmD+dWpOtV5F3AirMYuzK0UjJJg8j+daSy+h4FUELRNuXGR61LGxbcxpM6U7kjsrEq2cmoC7xEAnAB6gVEHLEkHmpZB5kO4de9I6I6aFq1lEiKe44NSSHcMryR1rMs2Imxn5T61eTKyDj5T3oNJRsye2bJxV2E4YGqCLtbIHU1cjfGDTuUjpNJlKTRuD0INevKwkRHHRgDmvF9OcBhXr+gSefo9q/fZtP4cVhX2TFFaj5OtIievep3TmlRPmGa5WzWMR8UeAKWdcqSeMVYjwBTLkDZx0rFyuzqjHQxJj8x6AVFk7SalnT5uM1GU49626GGtyMksDjNN46k1MIzgelCx5PTFFx8rCNT16VMIwAD606JM9Rmp1TLgdu5Pas2zeMSLAVMAcnk0+2iLuO+TjilKh5O2Opqe1bY5K4yOcmobNktRs8YjYrwcGqsmSc81bkyzHHOTVa6QxnGeeppIbZ8NAZXOeT7UL+WKEAJxnA9fSnALwWJz6AVubiZ4zx9KDgnPrSjnjHOetKoGQGH1xTAfBHvcZrTutGuo7MXPkMIWJAbHHFVIHVJNyDauc8nPFd5qHjsz+C4NBEEQijYuGC/Nn61tFKxjJyvoeb5IXbyBnJFAyD8vFPcguSeRSrn5ucA9axa1OhbCA4BAJwetKFweO9Kq98VNbwvKW8sFtqliB2A6mhFDAuR0p20glTwc4pTgDgUL146VoUjR0a6istRt7iW3SdInDmN+jYPQ1PqVxHfalc3MMKwJNI0gjU8ICc4HsKzUXnir1pEDt3HaueT1rRSb0KjDW5LbrjgnqcV3eljbpVso4yGPP1rioQCcHHXuK7eyX/Q7YZ6xg/nWWJdqZnX6A6naCf4qijVWniQngn5jV2d0SFVJGVPAx1zVbSwZb/nGFBbLVwpJRucNRtvlRau2eWDY7EoP6dKt6VAsX2bPGVJPvzVa+lLlgzHBOAB0HrU3mM8sCg7SFwOM96qT5qLkzGmlCsoI12XfPnPTnpVplBxjoahhQqq92xz71InOOR07V5zPWjsZwtP8ARpEJJZWPOMd8g1WWLIIK5ZemPetaRWAYg5OOnrWb5sgmCpHmRiScnAFS4t7EOSjuE0bK6hWH3cY6elUbyMSsp6Z4PPTil+1TLI7S7sE4TPT6VWZ98gZjzXo4bBqa5mzyMXj3F8qRaW2SONNrFtuC2B/FToYLXhpThucnGeTTrMI8qrNIyxM3zlRnA9cU10A4Xpn6V2rBU+p5zzCotkiG6CSYWMHy04X396pfZixxjJ/lWosIXA/ibmrkVnhVZ+B0GO/4V1xtBWRxuU6krsy7aywQAMmriw+WQOGfHLHtWi7JEMIAG7nvTbeMcM3A6073Fy9CGC0y+SCSevqa1JFjtYPmA3Y4FQq23JAKqen0qxGqsoknIEfYHqals1hFLYw5jI7E7T9ccCmQWzLksu5j7Vu5DnEcRx70JCx9M0+cn2WtzJa3mkGD8vtVWewUghxn1zxXQGJAfmccds1V1AqkXyjGf1oUh8ljj73ToGVlwAO5zgVhTaZA0u2Le3+yDXS3SPcOQzNjP3VrS0rTArBmTb7d6p26mlOpJbM57TfDwVAz/IP7uea2rTT4ywSNe/U1vmyLkJEAAepq7bWSQJwOe5qHOxTUpvUy004KoUAM3fNJ9nSNvu7m/SteSPJwBhfQVGYccn5RU8w/ZpGK9k0rZfn/AGR0FJJpsZUBiQvopxWs8b9I1/E9qgkgfdmRj14A6mqTIcDJWxtYN3kRKpPUjkn8TVWXy0bCD5vRa2praQ8LGVX34qjPZx7W8yRlB4wmBVxZjJO+pkTTsgO4iMdMdSagAmf5kQ7eu4itIQxQnEVuCw/iY5p+64bHAX2q7kbbGOba8kPCufwqOS0nU/OAvuTW00c7dWb8KT7NIx4UZ9T1pcw+ZmRHaspDv1HTNEkW9sscn3rW+wueWPNPW0A6Lk+tTzBqZsFrnHy8VfFuEHzdq0be1AUbsUS26swC5NS5alODtczgjMwWJBn1pr2MrsSx46VvWloIxucc1YFuZ3zjCjoBS57DjSZm2FgAigABBznHJNb0FuscWAMYqWK2CAbgCRUjIT061Ep3OqnR5dWZt3zgAHHYVXFsEy8v3sduwrTaHaST19apzKzeyn+93ppkVI9zJuEknfOCFHCgfzppj8vAVS7njJrUWINxnPvVlbbZjCjd2J7Cq5rGKpOWpQtLRI1zIvmS/oKsrGM5CqD6qP61dW3A+9TxbM2SflUdhUORuqVkUwgU/M3P51N8wUbYy/uTgVORFEOBz71G0+eOfwFFx2SIRFPIcuwT2WkktkHX5m9TzVhPNf7qce9S/ZXfmVsD0WlzWFyJmb5K52omT646Vbgt1QAuMtV2O1AwEGKsxWwzjGTScy40irHAXIJBC+lT+VlunA6D0q8lvjjvVlbYADNZuZ0Rosz4rcDkjcauRQ85YfQVZEaqPlApjMF7jNS5Gqp2HAdqXGeAagLE98UvnJGpLHmpL0RI2EGTimvcFFzjis+TUFEmXPX26VXuNWjK4jyw+lUoMh1Yrqa6X/ybpF+Ue9VZrxpPuR8euayhfSuPkTA9+lG+Rhl2Az2zVcljN1rrQvF0C/Ow+i0C7wn7sAdvWqSrzzlqsKMKAQB7UNIFJ9BWnuHPZfem8A5c7j70yW4jjB3ECqE9+mDsOfrVJPoZykluzQafGQOKikuo05ZufSsZ7pmblvwBqCV5X+6Bx71agYut2NeXURjAAqpLds/UkfhWcAzD5mA96cJDEoIO7PUVfKlsZucpbkhk3H7xJpwBOD2PpUARG+ckgntmrfmgQ7SxA9KbYoxvuV3kKng1YtrhfLO0sW6EVEY1f+6R7U0W6qcq3Xrg0m0NRaZZa4YjleB+lUpGySQe/pU0suUKAiqJbYTnA/GhBNXGXSEJuJJHqBVLzQ2QCQau7sD+8D1FIILYg43oT6GtE+5g4djNnZ/LIDDrn61T+0HeByp7+latxbbEJU7gfesyWFl5UcH8xVJoa7MkWZkycZ9qWG4WbvzVScmSHCtlsVQtpxHL8xOBQaQp8yNmXmoW96HkwQMg5GeKYXB+7yaZg6bTEXBcA1A7nMu04UD8acJV38n5ulRyviKVgBkjFJnTSjZ6lKOYpJ6irccvzYJ+U1lg81LExBqbnpOki2rGOUY6A1prIpADdRyKzhl4yepWp1+aJW7j1oE43L8jHAI9asxMGTNUYCGGD9asQMSAM8UyeWxuae3K1654JlMmj7P7jkf1rx2wYhhXqvw8kzb3Mf0as669wlfEdUyc0qpipG9qXzMRbcDr1rzmzpikMPHFRzjK1KoyTmlZflJOKlmyWhmzR4IqKNU3fOcL7Vbl4z71TkbgjOMVa1IasLIyk8AD0FN2jg54qHJJJOamLELTsJSJCAFAAxgYJ96kAKRnjlugqO3yzgepqzIw3nj5RxUM1j3Itu1MDGT1pwYsuxeh5oVdx5/AVYiAVenNIojI2KcHmq5jM0hBOe9TzHGar9CeetCQNnwt2zmnryOB07ULjp0x696cOmB06nFbpHUNTbyDnkUuOw4NGCTtHP8AOmk4GD+OO1ADlbBxk4pd5OcHNR9T6Yp2MD/61CY7DucAHHTpTkHOMc0xV4OO1PVvWkWkSYwowCOPzpVODnH4UnOMjOOlJjH8qopIeTkAcfhUyY2/d5Pf0qBBjr0q4xjaZzEjJGSSqlt2B6ZqkUhyLk9QDjmrURHA5x0qKMDZhRz3Oakj4+taI2SLkPAzxgeld7bIBHbD/pkv8hXBW7ElVxxmvRCoQRgcEIF/lXPin7hzYjdGZdsTPtJ4FMtS0eHB5PSklObl8n7oNT2kRdlQDIAJFeffQ4mtdAlwZY2YkqOW561rab/pMwfGAi4HtWTeFv3a7QBnBI7mtzSQpiKjqOBXZXaWGjY4cNd4uVzWhbIH86a8bJkpwc5I9acZFhKb+FPAIHAJ4qS5B2ggEt1ryz20ysx3eX3JHIHc1S1iT7LFG55+b7w6rV5W38FcdTms3xBbNd2JVThgwYbeDjvTS1InKyuYl/M08Nq4OASSqkU4NkKqjoOtWL63Z9LtiBjyzjGORkCoYYyCRng17WBhy07HzWYT5qpctx8ozUw+8FNIqlEWnwJ5kwUck8ZrsbPPS1sWraNc+YwyM/KD3960NrKjSMMsR3pllB50+/afLQYFXbhVTAI+grFvU6ox0M22tS5Msg46gVZhgLEyMMA/dFSjBIU9Ce1W5Aq5yAFFDky4U42Kf2cM+W5A5+pqR1RcFsMR0zQHaV9sIwKke3VVy53Gi47LoivJKB/9aqM8kj8Akewq66Z4UYFEcAByQCad7GMry0M37NJIR2xUq6a0mN7E1rxQnPSrYi2rzik5lwoJ7mHFpcaH5lBPrV+C1CngcVbCgH1FTRKzcItS5s3jSSIlhCgYxn2qRouMtirsVthfVqgm2b9nzO3oOgqLm3IkVljDNiNT9ac1t6nBqaSTyU+cgH0WqsjySDg7B9etUrktpEVw8UPyqDJJ6dh9apmVyxOxSfUirBQHoM1IlsT1FVojFpyehmT+dNwTx7VHFpv98ce9b6Q7eiikeM45o9p2H7C+rML+zgCcDj6Uv2FfTNa7I2eaTbxRzsaooyTbBf4RUTQjOAK12jU0CAHsKOcl0V0McWxOM8Cn/ZkUDbk/hWqYMmj7PngA0c4exsZQhycVat7THLDArQitdvIXmrcdtyC3OKlzNI0jNS13cgfL6VbihWNR0q7sAGAKgdAMs5FTzXNVBRInIz8g/Gm7kUFmOB3NV7m8IO2JT9aiUSSZycVSiZyqa2Qs825SI1C579TVdLZ3J3E81owRbVwq8+pFWI7Vj1GB70c1iHTctWUILYL90HPrVoQAHk5NWgqp3/KnBGf7oAqeY1UEiqUVe1NddwI4H0rQhs933jUotFFLmQ+RsxhZqx5BJqdLVV6KM1qCBT2qVLdRRzgqJmLDkcCpFtmPXNayxIPSngADgVLmaqj3M6O1PfgVOsSoMDirDKW6mmttUetTdstQUSIKQeKGcL16/WmySDHUD2qlNcIvC8tTSuJySJ5Zziqcl4qkgnkVVuLhzwfk5wPeqskcxJ5UH19K1jBdTlnWf2S6183QKRnvVKa4eWT5izY7KaBAzHMjs4+vFOEYUYGAPSrskZ3nLcgcPIBuIUegqaK2wuFAA70pKjryfanhv72AKGwUUtx6xgDCkkmnGDZyy7vrxURvEQbV/OqdzqA7kD8anVmjcUXmmccKEH0qCWVmHzSKv1rKkvsk7GFV5LtiPmYfnVKLMnURavEl3Dy23qepFQxwNnM27GemcVTe/VO6CoH1GRvuGtFzWOd8l7mvIYFUgIFHr1NVgyRDcjMT1rJe7d/vtg+5qI3RXgsSfamoic79DVmm3qchm9qh+0FFIGaz3uwVwWYD61AJdhDK5wexNNIC/PesrqGAA6ZFNk1V4yVU59zVGWVZeWFRSR7hk5BqrIm76momsFfvd/Q1bj1EFMoM9+a5lkA/iB9adby+XMrA5xScUWmzf/tAOSR8vrQblXByQR0rFvT825CMEdaotcSQltuSB3FKyLimzo/M7hhtzxUiS8YNc9FqAk2leWH3h2rSjnDgY9KCZQcTRZlI4YVQmDLyMsn8qjZmViQTT45c8nmmtCWrkUcCOpKf/qrJv4CkuAvBOeK3g6K3AALdeKhuYfNUHI3Dmi5dOXLIxXZofLBb5On0qWFgrFgcjtjvTLuMyBunyjpUFoxCHJ6HpTTOiUbxuK/qAc9TSztm26gEnvUwPRQOvWs24cbyB0zxQXRjzDM81IO1RZG/jpUqAsG6cDNI7i5C+zaePpUwYeXjHO7NUg3QVKrUE8pehbpV2A81mQtg1oWx5FUiJI2rI/MK9M+HT/6TMnrHn9a8wsuor0b4evt1NBn7yMKmt8DMPtI9Gx+VRvyal6CkC5bpxXl3O1IaqnHtTZGywFSucDAquRgZqdzTYrz9MVSk56/WrczEgAngdqiC5bJ6VcTOWpCI8AdCcZpzKc4BqYjB6U6NMnnnNO5NhsCmM7vTpSkFz7DrV2RUjG1cMfX0qFlPapvc0StoJEdpJIB9KsKmYw2ee9RpFnk9Kkdto2j0xSZpHzIGTc20dTUc6xxL1ywoMm0Nzg1Ul3OeKaRLZ8QbcYJ470uAOcZ5707cCvPLfSmkjHvjpiunQ6xr4JyelIQCucjk9CeaJGHGBgDrTMjNRcqw4nkUv0I4GOaYDzTweeAenehMaHAAU7AHQ8+lIgPP50o+tBaFBz1qTrjuMVGBhhjj61LGpDdeKVykORcgdanQYxwajXjoR6Z6VLGD2NUmaKJajHoKkK7SO9NiBOABnPpUjjbwRg1stjUlt/mkXsSRXpF0Nu0+grzi0Aa4i643D+dd/e3IWXB6dMe9c2K+E4sS9UZ0pAjkl5y7YFWdNmVSWZhx6HtVbVDsSKJRwi5J9zVS1cu52Z4xxXL7K9O553tLTsaynzQPlBGWIzWppROVDcb1JH4GseIjbgEcnJ+la9odi2wbqchR6g1Cu6Ti+gaKqpLqaup8abcDdtO3r6YqZpVaFHZvlwCWJqK9Qvpt0o++Y2HHXOKwU1P7Tp1rFjAVQGPqRToUHWskVicUsPeXkaNzenBjthkDo5qCK6aQslwm7A4I43e1QWUuA3AP9amUrIrk7dyYwD0ya9OWHpU42seJDF16s73Khdmb5uNzZxnvUipiT1GM80+BFeVBIPl3DJx2qW4RI7mVIySgcqpPcZ4raLS0RztNq7D7314FWtOB84kDIJxUaDEuB0DHmtzQrRZGZ2PK8496JysiqcOaRdVVijIAC/SqDhpZs5wKtSlpptq8KKeI8kAD2xWSdjqkr6FeCNY/mYEnsPWlkG75iQfQVZZMsV6+p9aVIMDLDvRcOXoiOD92mAOT1NKQDyam8rnFPWGpci1BsrCLd0qSOEd6n2Y4xThGxPQ0uYtUrDQFUcCkwznCjJqzHbZ5c4FWUZUGI1/E1NzRRKsdmcbpDx6CrGUjUBBk+1SHcx+Y5FAizj0ov3KtbYjZmZDk4zxxVfGxSEGKuMg7c/Wk8sdT1oQmjNeEvyetKtpu+/1rR2qe1LsAHIp85Ps02U0tlXoKcVC9qklJA+UVX2u/bFTcrlS2Gs4prMSOBT2iI69acq80AkVmjOcmoZEYnA6VpiInr0qVIFxwOafMHJcyo4GPWp0hOOBWksI9Kf5DdlpOQ1CxnrbjqamWAZ+VauLauSOKnW2Ye1S5FKJQEIHXFL5dXVtXf7p4ppiMeQT81CY7WKrQ7E3sML71nTurkKFH41o3KvIuDmoI7cKclcn3FXFpGM027FD7GfvFQM+lTQWgYgAfjWiImc/N+QqxFEAOKHII0kipFbqgxxn1NPNuCeWNWXyvGOKiJ9T+lTuaWSIhbIvUVIFVemPxpQGb7uTUotmkA3EY9KBpdiFmGSAaYBz0q6LTaOlMZFFCsDT6lYdeBinKG9TUnygUjSAdKdwSHA460GX+6KqSy+pNQGX1zRy3BysXHmJzlqpyzAZycmonlB6kD8c1C8kQ6sD9KpRM5TEmnY9M/hUBV2Oc7QfepPNX+Dk+wppYt149zxV7GLXNuRCCMNuYPIR0z0p7SEcfKv60xpF6F81A8qZ4xRuCSRM8/wApAJ/GoN+elQSSZ7gfhVaSYLnBJppEykXJJgnf8qp3F2RzUZk3cHA+pqrPGr981SXciUnbQiuLzcDiUCsy5um2naQasTW2BkY/GqMqxRH5mH0zW8YxOKU5X1KwaSZzmXBHbGKevmqSfMOPTNQy3EA5/i9qha53Ahc/nVOw0pMueYSfXHvSnnoTjvWXJM+PmY/ShJN2Nz4/GpbLVNl9pIlPO5sdjR9tzhQCo7YFVzJuUAFf51Gwn6xyKT7DFIpRXUuGVWHJGfemPKqjgqfQAVQfzekgP4UxsuVTdkdvalc0VNF1btR6ZoFyv8ROfes94GGSCGxVaTcTg8Yo5hqkmbcbpIcKwGakNuSh28ke9YCCYAMhBx781pWt9KIgVGWVsMPUUKQpUWtUy9axM0hiK8MOc1S1IOrNCoCL1Lf3q2kljKxsMYbnI7VHqIjeIhgB7ntQ3cqC5XqctFuWYspAI/DNaEV/1fARgMMueD71Qu8LKQoBHY9qgZioyGxj8qm9js5FNHSx3iEr5hKhhnJqVJQXYJ0rm7WbewWTnsK6G0tsKpyAdvFO5lPDpbExbdj1FTRvuXjrVKVsMefUUyGQxSLu3BW45pnLKi2hspQzkbc5ODz3rNuX8ohVGBnk+9XLsiJmcnnOR9azNSlV4wwPJPIpXOylC9hZL0GAgZLk1SLc9ahB5p+e1M64U1DYlU1bjYImDjDfyqpGfmUYyKlByaCmiZTycHoamRht985quhwalj5NMVi5D2xWjbtgEEc561nW5wQeuKvRHJ+tMzkbVg3zCvQfAj41i1HruH6GvOrDt9a77wO2Nbs/9/H6UqmsWc7+JHrGKTGBUxGKjPJxXkXPQSItu44qKX0FW9o6d6ilVAo5+ahMqxSkQZ5qPGBzUzjgZ6UwDPOOKtMya1GImT81WdhlkyqgZHQVHkD606Mk5x971oYIci5IHepxFtxRGmDx+dPZ9in1qGzWMe5FIwXgVC7BAS33uwokb161WZsn600gbIjljzUu0KMtj6UiAAEtnAprZkfr1qrk2PhyJWaQrGhkdxgBRk+9JHE0iyMgBEa72ywGB/k0iOIyDt5wQBkjHvmojzj1/lWtzvURpPUd+tNJz+FO2/LnnNIo55OB16UmFh68A4GeMHI6ZoUAkZNN/wD104DkAHPv0ouOxKm3IznGaccDtznvTEGMlf0qRAMEk4/DOadykiSFFZgCwUHu3QU7j2P41GoxUi/zoNIkqE8cfSpkOeec1Ei9OxqUE44xxVJG0UWI2PBGakHzAkfXHtVdSenSpwcKPmHPbP8AOrTLZPZkGeIc/eH8673UIgBuPPzfnzXA2vE8ZP8AeHSvRJ8faVDdCwGD9ayr6pHnYrdFLW0MNszFMGRgqk+igZ/nWdp7t5e1flYnOcda7zxP4euL0W/2RN0IXbgcY9/0FS6B4Yitol8/55hxg8hTmteWPs7M8JOTm7HHlioZh8qgAEVPd3ss6wTfKAvGB/simalGPtdyi9FYjAPvVES7YjFjvuB+tebTfLOzO+pH3ObqjtdPnhngDoTh8cH+VcxNamxvp7YjKglkIHBBrQ8PXBIMCDJHPP5VqmFZo1EqglTjB/xq41HharXQipSWNpJ7MwrNGd1CclgeKt2jMzXEchABXd93kHPSsO9uCl26RNtjVztKmrOm6i0ru10/mOmGViecDgj8v5VVTGe1l5GNLBKjF33NWMdSR0pBE0kmefU/WprXEwDKPlbkVqQ2+IzxzXpqWlzynBvQo20ZK7j61s6PKYJTuHDdaqCHaCoGKu2cR8wcenFTJ3LprlZpLGF3OoALdqBFjPvyTU24FcY4H86a8iQxmSd1RB1ZjgVjc7OVCiMYwBTvK45qrbaxYySqiyncfukowU/iRitZVBWp5r7FqFtyusPGakWIY5q0ijZ70hXnpSuaKNiARBecU4g+lWQvy9KjkXHrSuNxIduacFFKq57YqTgUxWEUYpx6U0kHpxSoCSBQAmPamEYPNTshB4qBlYUJg0PUAUpQt0ohQkEsacTjpUtlJEDxgctihQvQYqRkaX7ozVmCyJGX4ouCRRMYIoWFRg1qNZqRhetNjtQhyxzRcOUpxQPI2FGB61eht1jGO/rTydo4FRtcBM5NK7ZailuT+Uq84FIEOM4wPU1QW9Mkuf4Von1BiQew6ClysfNE0XYKmVUZpkQeWI5wO2fWorSQ3ibuUUever3yoOPujpS2GtSABlUICAB1pUjtskyuSR24FUby5keUrAhPriq3lXEjAMyRj3OTTSJcraJG7bS2rShFhXB7kZrSdbZo8NGhA74rm4IVgbO9mc96sl9vzGX9amS8zSMn1RLqMEUm3yNsWOpNVRbJGoP2lfrjiqV/LI7llyQeAAazLuaRGEbK3H8JNaxi2tznqTSexuEAsQZEYDnIqnJKgcqGBrLMshTjKg9s0wg7ctJge1Wo2M3O+yNuK4jQcsM1J/aEQIrm3njXoxY+pNVjOCc7gaPZ3F7ax2X22NxgNis6W5AY7+BXPi9xyWA/GlN4sgxu5oVOwOsma8swk6PhfQUnmhRjNc9JdlOjGmG/f1/OrUDN1UdC8yd6z7idi2EHB71mNqLn+IA1GdScd/yNVGNjOdVMu+a4OGyeferO2JFBc4b061mLqG4/MSc9zTZboDHHPrmm0QpJamobhV/1YUVTuJ2Pes17wDocUw3oYYY/pTUBOrfQfLcMM4/nVaS7cHqPyp7MhGVxz7VA6Iw521okjCTfQglvmJ4zn61BJevnAGPxqWS3DZ2moVt2Q561Whk3Iha9l5y2B9aamoyAkncQPWluxEmNxGfas2fB6v8AgKdkxq5o3WqIyFAvNZDuHbJbaKQFAfu7vrVee4XGDj6U9jRRbZM8akHZF5g9Q1Qtb55IZMVHDdBG+T5R35qz9oVh8z4NSy+WUSNotwC5HtVdg0bHK5xVl2IA+fP1pY3Uqd3T1FK5SukQxt5jAZaP09KlSbY5RmXdSyBSo2/Mv5VE4hbqcYFFwVmW0lbBLDgUEQSEkDn8qzmufJO0lSD3FSzSptWXJI6ErRcPZtMsPCuQQ1QSxqD8xqq90BCz7uc/KO+PeqxumZQ2aDSNGRaZVXJzSJE28lSeRVCSYMRz1606K6eNuD07VJv7JpaHT6dMrQlCCCDjBqzI6zW+08nGDXPR3zKC4GcdulSwamsqqSMP0PvQT7N7lK7YrJIgXCjqM1U3bwRznPFaGrRlmWWMcMOazuI5VAIDA4apOunZrQlh+SQH3zXXaVLmJGzkEVycm3yxjlieTWrocjlWVSdqjrnoaAaurmnfMA5wOuBVW4Ztyk/w8VPcxt5KsfvHr+dSXsStbkgDzABTUrGfLcpXw32wb0AJrCnGARnIHSte8nH9mCM8uW7Vityp9MUDoRsrEajI9qev15qEHBqTp1PUZq0dBOjeoycVLjBxkVXWrGQWOOlAiRasQqT09M1BGOlWU4DY6d6ZLJYzgitGIYOO4rMj+8K1V+Yq3qKaM5GnZdRXd+DDjWrL/rqtcJYc4rtvCJxrFif+mq/zon8LMHuezOcUirjk9adt+bJpC3WvFPQI3bBNVnJY896ndCRu7ZpgUbXZiPYU0DZA5zxgCo2qQJub2pJBzgdKtMhkQyTxVqFQqjjmmRxkckVKikmhscUx4chSB3qJuTk1IwwKgkPB55qUakUpycCoyOMdz+lSHpnH1qGTAz71RDQOB0B+UVVknIBVRjPcd6V5CQe1VJH9OtNIiTPiopycmkC/Lnn0q7gH5cDBPYU0x43L0x6itrHschT2fnTtoABOc1OU/l2prKc470WDlsQ7ckbjkUbeDgVLs45xShORzRYhxI0yDgZqRcjrjA4x60/aAOhoVcHtiiw0rCAVOoBJKjA9zmmnluQPwqWNcDB6+uapI0itRVXgHmrBjCop3BiwJwDyO3NRjIG3PGc05FyR0HuapI3HLzyQKlUFuxpZYJbaYpPG0cgIJVwQcHkVOjAbRgAdc461SiK462/4+IjjlSP516bpdv8AatS3SY2KxYk+ma82jGHBXkZ616xo0P8AoUswzyaiotUebjdLHW29z+4QsQeuB6UyUGKB2xkspxj6VUtpB9n3elOM+8hm5VRyPWs2ecjzW8dRLNuOCc+9UkJCqe+OBVjVU8q8lKY2huMH1qFmRoYu7nk49K816O51botWEzwTCVSRjn8K2ry+hGnMUJaRhgc96xLUCS3dNxEq8ge2OlSlh5W3nJ9q9Fwhiqd+qPLVWeEq8v2WY92xB+UDnnFRW7gTIzH5T/Kta500/YmuPPj9QpbkisFgfMYZIxXk2s7Hq3TVzu/Dk+5VhYYC/cye1ddBECQcZry/RL5YpQ0xIU8Z9PQ16NoeopNEofAbAwezD1FerQq80bHl16XLO/cvzWvygn8KfDHsBbHzdKdfX9rYwebeTxRR+pP9O9Zep67FbwwNbL57TLlF6fTPfPI4rSU1FaijTu9EW9R1GHTod8+5nbhI05Zz6AViWkdzqVwbjUWHynMcQ5VPw9feltrWSWV7u7O65cfKG6IPQCta1QKnOd2eeK82vXc9Eeph8Mo6yIJFWEliMBTkDHHFdFYXMF5arNbvujYcex9K5zUJPLtZBgsSO3Xnj+dcxpOsT6NfzeWfOgzh0PAPTn2NaYZ2uZ4y0WnY9XjOBipQQfpXP+Htaj1WJzt8uVDhkJz+NbiNxiupnPGSauiQsAKCAR0qPOOaQTKTgHrQVcVwB3qI4zyakZGb6UBEXqp+ppiZGCvQdasxKBzUQ2M3ykZqUIwHFDBDnNQDryKsLGSMt0ojjXdk5NTcbRACzcKPyqWG3Zm+bgVYDIuQm3PrUfnbcjgmlcqxZijVBgAVKzADJrOe7CDGRmmtcrJHj5smizHdIveaOT2pg3OSwIAFVIYpZn2x4AHU+lSyB7NlBZWBPUUDRPEBKmXBX2qOawEgOJMUouPMXCA+/HSmxs5m2s+B3BPWlqN2M64sp0kEaKWLcDaK0bfRWWENOQ7H+HsK0opFXvn0NTeeG6YBoc2JUo3KotvLRRwABgAcVQ1CV0XJysfer9xNsXcTn2qrJeREqjENnsaSY2lsZJ1CNl28qvTjvUriKGMTCTPcA96hutKiluDIkxSPqVx3qteWrCECOTeuMEdzWujMG5pO6H3OsLGQCoKdsGqVxfpcbC8zxfSsO/le2VliiJbuG7VFpiSyMZZ889FroVNJXOF4iblym3HeeWpAkdpM8MeBU0UnmMS53E9zVNVUEZFOJ8vkA5qbI2TfUmmkA571VkcOOc0kxLcqfqKps/POaaREpEsiDJwfzqrNEGHJz7Kak8wn1prFT2/I1SdjNxTK4hAIySfbipNjKOF/E4p7TBRxxVOe79Wp6sVlElmcheG59M1nvK2T8wB+tNlujng1TlueuW5q4xMJzXQstKGyTvYj0qGR3kU8bD2JPSqb3hzgMaqSXjk4PGatRM3dm9ZOIkbfJvcnk/4U+WVAcA5984Nc59sIznmh7yU87jilyMtSurM2pCcZQ59iapS3LocMhqg19MO+R70HUCRhkA/Gmricb7GjFqSD5W4B70r3APAJ+orFM6M2eB71JFIF/i4qkkRJNGqtxzgO2frSyXTgcuMfSqLsVC9gRnNRM+4ZWRc+hosSr3JZrqIg7gGPsKpTTxH7oxUU6STHLMRz2bikaNRtX7wPB4oNlGK3IXbJOWPFV9u8kqw47kYxU8+nnOVY4PIqA2jpExHJJ4qWdMHHoyJgXY8n8e9A8sYDOS1LA5JUSErj2qKZASWyFJPOak2td2ZPI4XADZParMbtkHtWbtXACnPPWr0M8cQG8456UhTjpoW1TIbsMVlzK28qOK0/PjMe4Ece9Y93dfvCVPANK5NGMm7C7VIw+RUEkpgLIeVPbNVpLtmLds1WZyx5zQdsKT6kzyHsetOibOep4qsG55NKDnPOKDXkJSffinGTGMNnGKgB+uCaAaA5S8snU7u3OfWmgbSWzxzj61WJzQzYxigSiaa3LfZSG6EYqiDubr3p1u26KRSeeopkWDIuaTCMbNmkIwYiOSAMk+9WNPn8tkjHCsef5VPpkPm2zNMByfl/Oobi0e3lDbcJ2NInyN0P5tsVznacD6VOfmUj+LGB7Vm2LOqITzvJ5q9bElizHknNSxWMO6jDQsykr5Zxg1mN8pOeQa2tQUtdyJH0X2qvqdh5EKPkF9oJFWKLtoYw609T2pO/SlXrVmxMvSpUqJelTKOaaJLMJwRmplYgEevFVozzUw60ybFq2GWGfWtmaNY3QKMLgGsi07E+ta8jb2BPoBR1M5FqwyDj3rtvCRzq9iO/mr/OuLshj867XwYAddsR/wBNV/nTl8LOd/Ej2lutRuvvUjsB9aj5LV4p6IwjAqLaZGwOlSTHjAoX90uT35pgNmCxrgYzVdMbssM0rbpHwBkmkA5AqloS9WTqC7egqZyFHGBgVGpCLgVHI5J+tRubLRDXcmozgAsT9PeiRgPlqJ2AXLc+gq0ibiFiw5HFV5WODgVODkc1WuJB0GKaJZVmwOp+tVZGJPFTvyCSOO9V9oaT265rRWMZXPkZlOxXVSE6Z5xn61Cc5yec81IrELtBOCckdqCvuMe3WtD373IgAVPXdUZXnHSpX4b5cjmgDsRnPTIpoTZHtATLde1Igw3OD6Zp07bHZMbccFcg8j3pEYgc4HoTQTdXHHJyOMZzihGIG0H5TjIpXcMPUdPxpE4HXmnYHuSKnPHP0qRIzxREueeMd6vgEFMKmQMcVpGJpFFXaVHrmlxg9asGBs98dqkWJBkSA546VagzRld5HlbMpZjxyTk4AwKdEMEZI5OBmngDsFJIxzxj6UmDkdQB2pctiC5GRwMjjvXtel2og0Qqf4gM5/3Qf614lCx4IGO3XrXu88n/ABLwzcYjXOP92s6nQ87HdClA3lwuM9Diodam+zafLIDgkAD6ninxOJUzkDsfesrxhKUsIUz9+TP4AVzz0TOGO5x1+xLgdMio4SAgPoaS8OGGevrUYkwyhcY/nXnyOhGzpybriNo1z6c1fvbVETzlY5LcrWHbymMpg4B6gVt3c0slpw2EXBxjrx1zWlByU1ZmGIjGVN3KZiQIJHAPIHSq2qWqI6uEOT1I/SpblmazQg8HAFaCRLcWiD+8uPp71pi0lJNGeAfNFxbOWlRt3A27hnjpmrdhql3ZRPCp3LnAB7H1xRdQODIj8lDx649arIDuO8bjxgiueMmtjokk9GbBF1q8xCRvKW2kmQ/KuP6dK6XRdGa2JmvJvOmxhT/Cg9BTtHINrA+MZQZP4VsxsABkDnHSplNy3Z006UYrQJQ6xkIFL9s9DT2bauR+NNdioBJzj1qrJIDnON3X2qEjYlIEkjBgGXA681lXFnbW6SRqoEbnOD7/AP6q0Y2ZMk5OBk1larMFQO2yNj0LngU3d6Izly2vIg0m4bRNYAtV8yCUqrl+vJH5V6XC/UE9CRXkEd99qu4TgRjzFZ2z6GvUbG8jvYfNhcOhYjNehSUuVcx5PNHmfLsapAI6UyGEbycY9KiWT04qZZhuG6tC9GSs204RSTTQWb76jilinUillbBBQ/WkVa4792Oq/pTJWUKfLzQGBGTzSEq1AWJLWUHhz+dWJJY4hwMk1TEIPSpfs7hchSaHYavYoyksxKg5PaomLRjLZJrat4GdMMm0eppJLC25M0x2+1Ckg5GYcUgZ8ldxNXreKSRwFXr27Cron0uxxjbkdCTk1Tk8Q24YogGfUdKOZvZDUUt2aTyrZwleN38zVL7TEAzSyr5x/EVz+o6w10dtuGJzyxrJP2kSeYzFh6EmqjSb1ZnPEKOiOtnugiN5XU96gti4fznfk+tY1tfOwHmglh0qaPUomJDNjHbriq5GT7aL3Oh+2hl/rmo/tKgFt5x6Zrnb7UIpIdts/wAw75wKy7rULqOBirK3qQKFRbJnilA655myC0mB602WSRmDxuCB2rgotcnwUZXZvep5NYlfaIll3AYI7E1f1doxWOhJXsdnNf4QpIUwepz+lVkvIGikVJMAc5B6VyE91eXMGwoqc5znmktredpVyx3Y/hzzTVJLVsl4qUnZIkudQDSkkFs+tOt75Q4Cn5u4xTJLOBpR5rgMeuD0NUPJMNwSCWAPBrdWascb9pF3Z00VwzR78dKieUSH/WYJ7VThnPl89/WlDJnJ59qysdd7os7jjlhUTuAeTmopZiy9gKrPJnoaEJuxYeUHocVC06jODzVR2A69aheRsHFWo3MnMlnmyeGOazLiRznL4/CnyvnoOaz5s5PJzWsUctSbY5y5GfMx+FUpkl5Yyt7VIz7TzmnFty81djPmlEoO0mANw/Ooixzy2D7VcljBOarNFHu9fbFSzeM7liM5iB5/GoZL1I22tmnO42gBuf5VmTWzPISWAB680mzWnGLfvFx71QuVwxH8NQHU4n4kjK1QuYhGMxN9RVceWzcna36VNzrjQha5otcxvIBDJgE4INTRytG/DgqPXpVARKmMdT3zSSO+0g4AouwdOMtDoLfUUdBDKQQentUMxtw33yG+tYSMVIbzAAOajeR5WbncSafMQsKr6M2i0aNu3MzduajlvAoYgnPaslxJEACQT1zU0ZDBFdSB35o5h/V0ndmraarG4An4f17Gny3iKW4yoPJrmpdof5TkA8VLLcGMgFeQMEZqeYv6pG90buba5zsbmqk9q6MADkfWsQSMMsjYxzkVIb6Ur8zZ4xRc0WHlHZlq6xC52NweQKpSXRaTJOfrVd5Wfvnio884NK51Qp2WpbW4Zc7TgHmonkycg8mos/gDSHvg0FqC3H7sKRgZPc03P5U1myABjApMnpSKsPznrSggdP1pg6UoouFiTIDdSR709CG3c4IGRUIqWE7XH5UriaHDkEA9OaRiTSDKnHenDlR6dKdydhFJHFSxKWbg0xUJH061YhVVjdmJJ/hFMHY2ba6+zCGMqXIIOBWpbyRX0LCQY2nkVjhVmtfN+7IrcnPJFXtGkjxORnd0IqGZtGnDCqxIozhScH2pInAfGOBSWkrSRASAgDNQuMM49ef1qQsSX0KmHzVXEhwufX1qea0FzoZmyN8cf54qpczGSBgWwFG4e9XtOdZtMNoGwSfm57Gq6GTOOMO6KSQY+U9KiFX9Qt5LC6ljIypH5iqK9a1RtFj1qVaiXipFHftTBllRgA8cjNSjrUSj5Vz6VPEuSfYZpklqFfujvWrEd0mPbGKykyCK0oT0I70dTORqwD5wBxXZ+CVzrlj/ANdFrjLMZIrvfAkZOu2Qx0bP6GnP4Wc73R60QSaU4UU9VokjIALDANeLc9GxCFyct0qGZi3ToKndudvaonAzTGV/u805flGT3pH96jDEtz09aolaEhPc0wucZ/WhmznsKYTnpzSSLbIwSTnqTRJhSc8tSs4T/eqFjkcmqJI3YnPpVZ25AHLe9SNuc/KKimPljA5Y0xMikYs+wck0y4+RNi/fbipUVYUJc89zVN5SzM/OPX+lNEvRHyLGcY5FP9DVdWI4xjBwKlSQoRnk/nWyPWUhHXnjn8aiZzjHUe9Ofk8c80wqclTgEHBzRcGxhPBPApVYqysO3TigJk8c9hin7ccZ9uaSJBMZGcjNSrjsD6Y9aiwWyTn605OCK1RSZfhIKhSBjdye9acFuxQMoJAPXHSsYMWfOFB6+1bmmalLbwyRpLhJU2uB3GeldVLle5rBvoWIItjDI6daqXf3s429sVZku1aJQVGc53iqvmLzwGraXKlobO7IGJ27QevzH601GwMevXirKqrkEcZ7AU2WDY30GeaxcepGxJbnay5+nFe038n+hptPBVf5V4vBguCcZr1Rp/Osbc55MKsPyFc9VbHn43oS279FH8LZ+tVPGts8mmxXMfKxN8w9Af8AIojmER3t93Na16v2zSLlI1D74yF+tc81dHnr4jzO8AYZBzkGqifLHz1zx7VOWwcN2zUbAdcZHSvNkdJZibI3Zxitm0czW3lPIfmC7eCec+lYETkIFHr0rdt4x/ZnmRkgqcHb2qqW5lVXuiSxusUluRh4m/pVrSj+6wx6HH0rFP2hbjJkYsOck9a1bUSxo8sSebHJ9+PJFd9ei5w8zzqFVUqumzLmo2InCtHw6/qPSsV9OnE4/dsNx288jFbWn353eXPwTkjJ6exNaJh8xA2Py715lmtz2oqNRXRNpyJDbxxKc7VC1ecApsBBIGcVmRggBXAAByGq4hbzN4O5cjj0FKxuiaRyyhOjY5qvbsLgll6AlfypC7Ejn1zilVPKjZo+/rQLqQaldf2dYyXEhBI4Ck43HtXBS6nNLMTMRI27OGPA+ldtLbvNeM18sboo+RByPyNc/rdtb3OpughEaRhS2wAHJ6YrenNU9TixNN1N9irayCd4hAmHdwu0djXqHh6zewsBHIcuTub2NeR2sbi8mh8pWVgSrF9u3Gea9N8D3dxc2MyXLtIImCo7HJK4/pXYqikcFOlyPXc6gNxTiSAPSo1OaQsR3pmw8ZAz60pnKH1NNyW4UGpUtQRmZvwBodhqLewJPlRjP4VaRWIBxjPrVea5htkwoA+lVDqDl0YyoIs8iluWkludDbYQf7VOuNUigQ7mAI965y51lFBWPlscAVkTGSdg0jEt6elJU7vUqVRR2Ny88QNISsIJHqBWTcXt1LnLFR71ExkUZxzTRKSw3itVBI5ZVZMctsZFLyuWJpgtUdSO59KtrKpAGQBSlUPzK2DVXsZtXKSQtbjC9DUqvgdPzqYknhlyKDGTgpyKfMTy9iq+wgZUYqlNbxMMFnX6VrtAAAarvHEM7mKmnzWB077mJLpnAMdxjn+Kq92zRqIDLknj5Oa2pbTcCUkB9jVC50oyMCyEH1VsVcZ9zCdL+VFIW7w42YZj3J5qdFLMDwD3NTW8U8DbCu9egJPNOu4pNvCkj0FNyuKFNJCq6+Z94bhU8dwqLlB83rmsSbKDIPzHofSqkt2wG0P9TRyXB1lA338mYHenPUkd6a+wgIgXHvXPpdzrna7Y9TT11KRThjk0ezaJ+sRe6NGV2iYEoxB79acsyyDqRj1FZ66oy8MSy9hUc2pFiQCMn2p8rF7WKNTlfeoJWPpVa2u/MOxmBOOMGklv40cDacjrQkW5Joc75HTn3qCRucZH0qy01s8ZLspJ7elUJIskvFLgDnFNOxlKLZIuG+8OKJIlkTAXAqj9rdGIBbjqTUaagzN1JJNXcydJi3VuU6A4rOndwxTOMc1rXFwhj5wSaymkWNmDevFO5UIMazlB1zxz2qEzgkg1NLg7GjIJYY56VBO0KuTkFgvRR3pXNYwXYUAPt2kZ9+9V5LlYsqyrnPao5iGOY12D+Jc9qpXLR5xFIWGf4h0qWzpp0U3qWH2yZYKG45x2qq0A2/KRyelNjnaM7hnjrT3ujNIDwM55qWdCjKL02GF5YWwCRUW8ty2SSepqYlRjOWAP4moZWV2Oxdozx3qTZeg+AZcLleTgE9qfdSKPli69zmq21tx6g0YYqQBkdzTBxTdx6SAYZgTjtUv2reuJckDgY4qs8UikZBP4UnksxGAQPU0XZXLFjWch89uv0phcsxJJ5pZFKnnH4Gm9gB97NBqkhpY9M0gPUf5NO4AYEHd2ph6dec9KQxrsWzgYGegpvPU5p7DAOc7umKZ/KmUAJ680dRnvRg4z2pPakAp7UqBSwDEgZ5IpMnaRk4zmhcAnNACjrzTtuADkU0VJHyMHHtQJgvc4p2OnoadA4jO7Az2z2p0Y3soJ78Z6UCDYc56ipYwRmIg7iR/n9abNL85WMbUB4pI3xJ5gJ3dfxoJJYdyT7Qp3Z6VrJp/mOVkPlqoBAI5rNjlPnLOq7sEFs9jW5d6iC9v5YGeCTjp7UyJXKkTPZyGJwNo4ORnI60aXOzXPJUbvlJ9cVDrE/wDpvyqAMAH3qCyj865CxHGeaQJXR1wUhEAwO9VpD87tuyOasjAQAn05NVZxsGByTUdQKnnh0VDwq8E+tW9NcW9ysgU+WowT2NUSmyNuOvFOgmLKEXgA9Kslo0dftS9u847YJ+h//XXMY2muyusz6KzeiY/z+VcmsZaJyP4acWKLtoMAqRBTR0x6VKgGD69q0RROvAXjtUy8n0z6VCnPWp4xVElqIZq9AOlU4xV+EdKZnI1rAfMM16L8PEzrlsfQMf8Ax0159YDoa9O+GMIk1kE9EjY/yFTWdqbZgleokemqAAWYcCmN84LMfpTrhtzCNeg6moZZAgCjk14u56hCw2gmoS3XNKzk5zUW7kZqrEXGtyfSmNxwMUrnLnbkAnjNMc44HPvVIVxpPPtTXfAwOtNL4+tR/e5PCiqsK4AFue1G3f8A7ophk3EheFFQXV15a7Y+WNFmwukTTyrGvOBVJphnceF9aqsxJ3THJ7LUO8yNkn/61Vyke0uSyu1w3og61MirGvmzABE6LREY9nPyxr+dZ15cmQ4HCjoKEr6IbdtWfJUe3GWbj6U8Dg8Z44OagX8jUy4K+/tWiPVQ1mJIyBjHalIx2pQM+ntUiAnHXPSnYpIhIOeOPakBOff3q15O3nn1qAja5yOKFoOSsAbgZHbAFOQjd8wOMc4pqrke9PdemPzrREj0457Vch6DHyn3p3h7TH1jVrawhliikncIrSnCgn1NW9X0ybRtTuLK72GeF9rbHDCtoFQmk7FfdwQvOKXlXAPXHc0kaZUt75wKU/eGBxx7076nRJs0LaNlDuQhCgEhmHfgY55/Coy2Wx09qr+aQuBwFPXtT7eUggNyrHjAqnIzRbggYqWA/dr1bHH413mmTeZpllIM4EWw/gSP6Vxs+qn+z2tFVQN+5jj5jx0J9K6HwpOZtPEbn7jkfgRWVXY5MWrxuaar5q+WeecV0OnJ9ntPLHJXqc96wLFSbh0JxjrW2jGJCfWudnmHG+LrIQX3nRIFimGeP73eufkOMcV1vi1t32ZSCEIYfQ8YrlCBjnrXnVlaR0w1jcSMAv8ATpXV+HlLaZcI3zcjHPXiuaiJ+QoFznnitmymaGCbqMgEcUqejCexWXcVyRwhKZrQsp/IuBuHyt1FULIPLNKueTg496t5OBuXlOOete1D3oanz9ZOFRtE1zZgEFAWGOPcUtpqElr5at88HYdxWjY+WYh5xwD0PXFOu9NiuwNvyt1BFclSnFvU7qdSaXNB6ktpcQ3cLSQuGXuPSpVm28oOPSude2udPuGZeMnqDkEUy91KNIWcybGHQDk1yzw7Wq2O2ljk9J6M6Uzx7mBZd3cA1i3t1cteutpcEqQBtHIB71zBvZp7nzY2IZifmXvWtpWn3t5gQ4BB5J4x71ioNuyN/bJq7Ny31B4Aq3asnq5HBqnqCRsDeWpG8YDAn7wzxxXRDRoWt/LuGa4Y93OPyrmNQd9FnlR4t0ROU3DqMetazoOKuyI11N2MwK81zJPCvDqBtA6etej+EIBDpZbBDO2cHrXnmg6x5TtHFHJCWcn5TknPQEV6bpP7uyiGCGIy2euTWlFK+iMpq2poltv0qQPkfdyagO0csc1DJKXJCHAHeumxkX0uI43VSwDNUF5cu7hFbavcis2dVyhBPy81Iso+8KOXqPn0sTlFKkPhs9s9Kqz2yHPHFSht4yDQXxweDVIhsrRQIvK5OPWrKlTjkGmEc5HBoPzdeD60yNRZQQCV7VWZ/wC8KnbcoODmoXZT94EUIT2EUhj8pwTQWIbG79ajIGDtcYqEtzzTFYuCdk5yT9Kd9rdu3FUhhuQcGl5A65pAXDcnk5wKqzTAg7s1EWYdRiopGRgQ4OPamkKTKlxexRtkOQaE1x4wQvzfrTJILctuCfN6tVWe2Lj5GWtEkzBuS2Lqa+xb506VZj1qCUjfjPvXMzwXMYyig/Ssm6NwCdykH6U+RMhVpnbXLWd10IB9Rxisy704DmJwR6GuXtZpVkC8nPBrTtJbsOyK4IHPzHrVJW6ilaW6LDRSRDBGGqpOTn5ifqKdc3zrIVmQg461RuLjAyGGfQ1SZn7LsI8xB4YfTFN+0gsBz9RUEk691AJ5yDVUyNyQAR0yKTZqqZtRyIn3HPPelacdC2awluWHHT8OKDK5GeTSH7NmyZEySTTDKuch/wBayFlcMARn2qyEVhuUkexpicLF47WwC5IpdiqQysNw6HFUY59vBzVlZVYDB4oIfMhJUds87ifes2feBznNam/H8Qpr7G4JGaCo1Gt0YcuTGoDMSOSKiEpTtzWvNaIclcVnzW4Bx0IqTqhVi9CsWz1qpcIV5zkHvVvyiW29ae9m4XqpyPWkbxkoszA2TtHWpEZAjHnfnj0pJYwkhAyMdqhk3HBNJnRuWAw4PWpJGWNQcEOeazw5B65pS+7JPGaLj5C6tzuADE5PcdaJpgVADcevSqWcikHfmgPZo0FvHRACQw9D1ps96ZVw6gD261S9PSkxmncPZxvclDJznJOOOlIY3VdxU4HftUY4PWguxGCT+dIuwNz1600nBzRn86VF3EDOM+tMYwkkk0dulB4zR2x3pDBwFYgEMB0PrSDHU9e1HT3oHpigAOfwoIx0xQBSmgAU47Z+tOHGCKaBzxTscc0APJy2QMVIrhVbgEkYGe3vUI4POacBjrQKwdeelPikaI5XuCvPvU1vGkhYMPmNRzxGJ2XOQKQr9BY5G2bQSOc1v6VpjXloJllAAbBU1z6hT1zW/oTyRoyxqWLD5jngCn0Jn5EGvW7JKrFflxjP0qppu/7bHtyea1tYj8y1SVurDp71R0mPEkkp5WME0iU7I2Zp2KoysNoap5VaUoyY5FYLSlioU/ITmr9nekLtAJAGM0rCt1NN7ZXgCnrjBrM8kxbxnv1FbcIO4D+E/NzVS5t8Rtgck5zSuIWF3n0kwxf6wHBHrWCknlvKrDBORitK0JSR4mYqHHBBrPu7d4ZgJCGychhVoVhIoySv+0cU9Rtch+OoNWooZFjCkYUEHIqCYEyNnrmrTAdGKsxioYxge9WoxnBrQTLEK9K0IMs+T1NVIV4+lX7ZeRTRnI17BelepfC+I/a7mQHG2Lb+ZH+FeZWA4Feq/DtTHZXT92ZV/IH/ABrLE/w2Y0/4qO1lkCKVXr61X680Dnr0pGbHXpXlpHe3caw555qJsUjy9x0qu0lUkS2SMR2qFjSl6jbJHPeqSFcaxBOBxjvUMsmRtHC0+ZtiY7mqrKfLL/wg4+tUiW7EbyMeB3qGY+UPm+/6UkkpRsg4NVJHLMWY5J71aRm5D3POW5Y0ixsSNoJJ7Cmpx87/AHRTDNLIGdeEH4Ae1JlRC4cplcgkccHiqMj570rv1NVpH5xVxiTJny5sIUPg7TxmnIc8gHGO3amMrnk5IHQ06PIB4qD3GTxgZ9/rVpAu7Izt7VXTJGcY4qfccg4GMdOlWi4ssTKAg4Bz1xVAjc7EgY9BUzSnb/WoAxDVQpyuTLGMA9qbKhGcdu9DNwccim7jnnIzziruiSxaDkEsFI79OassSRuYgknGD3qnvGflJP19akWReMemOTTUtLFRSuTKWUYzwKJHyw3dBx0pJJPkXHfrnuaieYuQvJxSubNpImkcPyFGPbiiPqDzjsRUaMzHkcZzVxEB7fjTuRe5LDDvjkfeoKAHa3VvYVv+D5fnuY+QSA4/A/8A1657P4VqeFpTFrcKk4WQFD+I/wAcUtzLEK8GdxbqwvhjkucfWtmTGB/KotNEfljcq+cBjfjtTbokBip5UVieQznvFEgcxQn74G7Pv/kVzL/eLYrptfjEtsJRjzYzgn2Nc1JjcGHeuCuveub09iS2YqxOcHHFXSxa2Cg5Zjnr6CqkSszDGOPWrCsMhmyOw4qI6ajl2LWkhPOlaYEOcAYPArU8oKGJGfU9xVLSXhM0yNnawGB64zV6IssjICWTtXp4ed4nj4qHvjsbTgEEHtSx3DQuRuIwOnrTGRgCQDkdR7VDIyk5yCfSujlUjnU3HYn+eeRW3ZGeBVXV9IhvAghHlzLySeh9iKt2My7+Bt7GrEsTFWlzyORUTgrcrNISb97dnP6H4du478TXToiIcbUOciu0sbeO3UhCxJ6ljyar26vsDevNWUJJ5yKyjShDY6edyRbWWmXKJMmJEVx7jNESnvUw4HNU7FK5Tt9OsopllS0gSQfxKgBFaKMFGarhsvjPFAlySD+FSopbFX7lwPnJ9qjVSThuhpiOOcmkWb9KLDEmO1SDVZZtpGOlT3GGXPcVTZMrletNEsvxuowF7+venGTdnJrKDcYJ47e1H2qSN9rgkHv607E81tzQMjI2OoqUSK0Zz1qoku5c8EUhdW5BANFgTLKuR0NEjhuoxVBpSDzg0v2kHvg+mKdhc3QnZM5I5+lMDADBAPtUBuevb6VG9xvU7vwIosJsssEPKHBqMvInoRVJrhScHPsaFnYDh9w96diFNFtpwevH1qCSUY4pjzo33hj61VkZf4WoUQcidpBjmq7zAVCZG9jVaeTjGSKtIhy0LbXAz96q00yMcMBWZcTMp55HqKz7i8bHqKqxk25aG04iLZCg/SmrKFztYgjsRXLPPPGS8MpBz0zU1prG/wCS5G1v7wHFI0VJ2ujX1GYGMrKoJPQmsG6mZAfKcE+lajypKmOCCOtYV7EyZIIYH3oNqKu7MpC6kBweKnkuSEjJlVywyQCcj61GNmP3qAqenFLFZRTKzKSpHrUu51+71CO6wWycgjpVq11JkDqTiNhzx0rPNn8/yv8AmKYYJPmwecdKV2LkgzZtdQgMmHbHoateYjAlPm/GuTIKHkc0+GV1bAcqKFMmWGT2Z0lwY5RgHafWm25EZIEgYj34rG+0SoMMQRnORTGl82TLZDZ654quYn2D2ZvrH58m3fg/WpJbHKrsfk+/euc+1TRblBxng/Sliv5Y8AO2Qfwo5kQ8PNapnRx2sqJtaXOarm3uI3wRuUdTTLHVfNAWUgE981ptcYXGAfcc1WhzSc6b95GcAzHaqHP86k8p2Hzr+FW/PTcCowfcVKssbEBsjPfGaaRLqNdDCudMlc7o8H2NU2065A+dAF9zXVNbgjIk4pjW28EHH4ijlNY4uS0OOkttjfOwx7c1AV54BxXVXOnMc4QGqN1Y/Z4xhRk+nJrNxOuniUylaWSSR5kkCnIwKinjiUkK5JBwKV9ykgZFQ855NK5urt3uWkig+zFmJ80nAHYfWoyyPIN6BVLZOKSUMI1RgcdRUJPanca1LAtVkumjhfev8Jxyfwpx06YIzMu0A4BI6mq6TmGQPESrLyD7057uaQfNKzHOeTTugtO+hEYmAJxwDg0PE0ZXcMZGRT5J2mRU6Y9B1pbc75ljkPyM2DSKTe7BrORrX7QqEoDhj6Gq6DLgfgavXkhWRoInPlJ0Cnr61XguGt5hInUHPIzzTCMnYZcW7wSMrg5Hf+tQ44xW1LMNSt2LbElUbjkferMCgSYdcr3x2oaHCV9yEdMEfrS4yM1I0QEe4EEbsAd6YOtLYpO4nSnLzxUqWzvC0iDKqcGoh6GgCQRNs37Tt6ZxxmljiZ+R0Pet/T7VJ9GIkHIJIz2rIuH24UADb6UEKd9BdPjH2tVfsa17y0+UEqMScfjWXaS/6QJDwd3NdakKXaID0XkVLE9zkFtnFwIipBroNDtHtWd3fKkcAd6u3djFIRImN46YqlFcyWpSN0yM4684ovcV7k11As7NGT2O2ltLIR2MyMfmcHmrE5BRSmQcdRS2E4lRgyncKESzlE/1wBPANaFlJ5m6MDAzkY9qr6zCtvqbqB8pIbg+tSWuY9zBsDcMUF7o6W3lDwruGGqV1Xy85GMZrLjn2yAk5BXpVjeZ4pASFYDGKRJDc2oMIdfvjkVRu52uI0DKAV9q2rKRpGMbJjauc1l6hCYpzjG1hnpTRJc0p/tCur9duKzZoz5hz2NX9CYCeU44AzUV0v8ApDkDgmtI7iWjIwuHPpU8Q4qMDpU8Y54rQRah6fWtG2HIqhCOPxrStRyKpMzkbenpnHvXsXgmBYtBRm4LsW/p/SvJNLXLCvZtIjMOkWke3H7sH8+a58W/dSM6P8S5cll7LUEhPJY8e1ObAPPOKikOTk1wpHU2Rudx44A7VFj1OfpTm56cUwsFqiRxIAwKj8wBsGkfOOfvHoKdDb/xPyaNEUrt2RXlJlfgHpVW5OMLntWq6r0HFZN+AJAOgxzRF3CUbFJzzmliiMr4/M+lPVDM2EXao7mtC3iWNcdvX1qpSsiYQuyjNAHcbiUgQZPvVK7uEdRgbYF6L/eNXNTmRTtcnaP4fWsC5mMr5wAB0A7UQi5asJtR0Q2aXc2Tx7Cq7NQxqJ25ODx3roSMGz5uVTkZ7VKo34Uk4Awo9PYelKgAHOfwqRF79axPpeQYq4PoP5UcgHnn61MwPtTD06Z7YqkRJWK4kIbPGQc88ikBPGPp0pwU45A69aTbgf40GaVw+6xHcetLk5OfzpMEcGnZBUAgdetCGxV55PJ9KehGcYqIZB+X88VIXBQgqN2fvE81VxXH8t0U4Xqc0qjI5BxUSEkEZwP51PGyj7wB7elNMtXZPC4hdW4bac4YcflU0LgDOetZ7Mc8fSnRMc5JIouUtDSbcVyM8VJaSeVNFKD8ysCOPQ1UjcleegqZFO7oMVSCWqPXLFgyloz8uNy/Q81PKQQGGCCORWF4XvAdPtix+6DEw+nT9MVoK5EzRt0PesZaOx4842bMbVWKP5JK4bJ59KwJFwrg8Ec1o6ozDUnV+cVXkAZmBHUVxVNWax0RVUt5oIBI9qty58mMeh5p0AkjXMYX5VPOKrvMZEYA+5+uai1h7lyLCSqNwXcOnoa1YZGCjceTXPocomOvrWzbXHmRAyIAy8Ee9dmFnpY4MXB3UkacSnOR0qre2JMokhPGclT2pbW8Awf4AcVouwZAVxk11XscvIpKxRt49jnNasYBTFVdoY9OaswjAGelEnc0hHl0LI4UY7cU+PG7JqHPNO34dR681BroW1fuOnSo5ZcHaPxqKWUBsL25NQM+QTnvQkDZY8zB4pxf5c1SVz1JqQyYT3NOwkWFk96az4JFVkk+alkfOKTQ1qXIZt6kHrUW7DEGqXneXIG7GrDvuAcHikJiyEE+lQvlgVbkdj6U2R6gM2DVJGbsOSZoG2vkqejdqmabAFV/NR+H/WmBgnC8r6VROqLgkDDg4NQOTyWGKh3qxyrYPpTHnYLhulOwr6D2Zs8MPzqNpSD82D9arTTnrx+FVpZiAWBLAdgeadieboXXzu3LISP7pqJbtw7IRg+hrPivlkJ2Mc9wetOkmWX74+h9KZDRea4BPPX2NQNcEHGTWXNP5YO85HZqg+0spBibeD/Ax/lVWFqzUMu45DD3FQyzY+lZs16gy0IJk6FDwRVG5v53+TARz2zS0GqUpF27uCpJVwKy2uiz+XjD55rMvbp3wGJyODmmR3bLKJcZYDAx9KlyOynh7LUvPdqX2kDcKSSMSW8j5+Ye3Wq0EH2kZDYYg8etSQyPEkiYyDxSbNORL4SGO6dDtDED2NOmnlaQ7m3EDv3rPkPzZzQrMSACTnoKm50qkty3NM5wCSMVatrqNYdrZMhPU1mM7AkNnINJuGAe9O43TTVjWkdQ3LADGabFKsmecGsovzyTxSb8HI4+lIj2JtXFtvhWWPkZ5qldKj7XRdjYwQKgW8mSPYG+XrimPcvIRkZb270Ow4Qkty2sCbFw5LfpUEm5Cc8EU+NwImIJDDpjv60kcodSHGR60ws0x2np5tyBIARgnmnXtqYULxNlM8+1ROBE4ZDkdsGrEt0HtimMMeDzRpYzlzcycdjOV2J47d614VvIokk+YIe+azGO3p371btNSe3O0fNFnOw9DQtC6kXJaI1I7oEgSEg460/z5VwVYlfbtWZLdCZSycYOTmoZpR0idipAznjmquc31e5uLqyLw7Hg1HNrUgmOw/L2B7isTcjEZ4PTNSQwGUMATvXkc0XY/q0FqzUbVWkRRGxVs4PvWlGizx7mYRt6HmubikMbEBQSPahLt1PPP1p3Jlh/5DamsCSdwJA7gVlXFoy5K9Aaf/a86hk3Eqwwc1AdQlYcnp+tS7MqnCpHcWJw7qk3IHGfSmXtuYJMMOG5U54IqMsXBJ4qKQsQCScdKLnRFajW44yPwpvWlwCeTRjPQ9qRuKqngY+maXcRLkYODTD+lIRySOlArDmcuxLdSc0zmj3pc98DHSgdrDkJJyvJAz1q1cX7TyiTy40IwcKvHFUhnOAM0oG44FCbE0mW/tYa4EpjVfmyyqOoqa5kspULRxSRyHJwDlaoY4xnmnqdqMNoO7A57U7k8ut0WrC4ESyISVMg27sZxTbiEQXBXd5if3h3qqOa0tIEckrJKNxPQe9K4PTU3dNO/TAHBA5H1rHn06bbJIFPy9R3/KtW+kKGOOM4+lStdJaxguGbeAWJoMU2ndHO2sTNKAwONw5x0rp0LC32wMe3I64rMvr9X+RVVcEYI9PerWjyebuQurLyB60mW23qXrV2+zuSS2MnnqKz5W+0NvyQw4rYWPYm0AYPXFVJLYRxYj7ndUoRnSXRt12tu3A5H0qzp91HJLuQlfUZ61n6sjHa5+70rORmicFTjHOaofLcl1KbzryR8k84FLFM2wLngc1Fcbdw2nrzzVmzt9+GOdvT60itErFy0kaVW3dQcitC2lG+XjtVe0gSISMTnPAFMK/OxBPWgnc07KfDkHAGOtO1GMsisT1B6dqpDPkFh6jPuK1vLE8S+mKaJZlacCsjKDjcMVPeRtHKVbrj86jtF236AcndjH41e1VS8u/HAGK0W5JRxzip4xzUYU5z1FTxCtWK5ZhWtO0XkVSgWtazj6UIyk9DoNBg824hT+8wFezttRQqgYXgEV5Z4Ot/M1e0X0bd+XNeoSLjO49K5MU7tImh1Y3qSBUTikL1DJJx71zWOgSRgOB0pijjLDk9BT1A2gt+A9aUsE+ZiNxp3BK4qoE+aT7xpDKN20HB9Kpz3BByOSemapPI28YOT1Jo5blc/LsaF3crFkD7/p6VkSMWbnkk0krZJyck1JaxM539u1UlykNuTLSKsMI3kADkmq0uqIoO1Dx0qteylztzlV/Ws6VuacaaerCVVrREd1K0shZzljVR2p8jHmq7mt0jnbvqMkbrUJYdT90daeVLE88dz6VBKys2F4UUxNngWO/FPXgZwc9sUgPQEfSlIw2MgEHFY2PqBu4k9OtO2EgE8ehPSmkDPGamjUFCRgY9TVIhK71InjwfmzUbYVuBnPrVoqz9Oc85x0xUEyY7jPfBpNFWsRNtAzg5pq9TTiMrkmkUep4pIyk7jgvHA6+9GwgZwakVSQCM5oJOSOuKofKNjT5STzQqnOM8GpV5wP6VMkRI3BfY00i0iIR4GCMU8IMd8jr6VJ5mxQrIPWmQjMgJ7HNOw+o6FeOc9a0bePJBIJxwRUCxjOcHr2qeI84I6f5zWkSuU6XQX8sywkYzh1+o6/0/Kuptisqhm6iuKsJdksLkH0J9uldbaMFfaT8rVlUjqedi6fLK/coeI7UNNFMoxn5SR7dKy2j6Mx69K6fU4jPZsAPmXkVztx80IxwQea46kbO5zxegEiIr5Y6jmseNykxXHc8VoRPwF9/1qheRN5nmRjB7j+tYyKRJGdjbTnDHINXYy5bcg/eKOR/eFZ9tJvRQ20gnAJPQ1PHcnJDLiVeM460Rlyu6FOKkrGms5VA6Y8tu+O9WrG98w4JJP9axZJvKkWSTJgl4b/ZNSktGo8rGAcj3r0ac1NHnTpum7HVQvVlZARjHFczBeSO4ZTwB8wrUtboOnDfnV2EpGkHOevHpT3YDa3cVTDhgCDUrv8gosO9xkkn71jQrkjr7VDIwwcetLGw2E96Yrkynkc0rSdveog/eoy/zj60homZsMuOmeaJJMDPXBqEv82KGJaNsUih8/wAynt3qCC4ZRt6460rP+6U96plwJc+vpQlcmo7amgzZGR0NQSENn1qNJgjlW5B6Ukjc89DVJGXMmNZicjPNR+e65BOQKeSCPeoZFz0qhSQ5plYAg4NNadhxnI+tV50+XGaqqpR88gexp2My5PMqx7ueKreeCA2RSudwww496z5YRESUJAznGeKYkWXBPzRsB68dahF11V1IPqBxVCa4BLbiyKOhHSkWYsgCsHA7g5pGqh3J7qbepVhxWeXZG+Q5FXAASTkH1FVbyElS8Z6dqd7IqC6M1YNEm1CyFyCEJOEBHXHU5/P8qzbmCWGZEuUwvRWY8fnXfaTB5GjWcJYBhEuR3BIyf51l6lbpPazRy855Ueh56V5ccZLnaex6rwUeRW3OB1G3iRSS58zPIxkfnWXuwe/FdfeGGy0GaOZEa4nO1eOnPX8q409+1ddOpzq6FTg4qzL1rIN2V+UryBVzUWX5XQj5lBI9+9ZMLZcdh3pJLhmyM8VpcTp3lcH55qMmjdmjOevFBulYUN6ikzkHnpSAc96cOMgg4PFADfrSilUEHFAwRnpQITGRSAEHjqOaduwAB3pp5oGAYg5705W7jg+nrTCMHkUcZoFYuwDchBOB1qAn5uaWKTYjKRkGmluveglREz/OkHrSbj9KTv1oKsPDkADjGakSXaRnnvioKKYuUmdt+T/F3p0EzRHjvUHBNP2kBSeAelMTimrG2sSXFq0qYSToB61RuWkU7ZFAYcdKhhuGjTaOhOa0Jb2C4sWEy5mGMcU2cvLKEtrorWsUcu4S8v2xStaqFLZ+UHH41Wify5A3PHapHnJbjjvz3osaOMr6Fy0mRFCOgZc5aoLhMoSg/dk8VErKSST9B606O4cYU8qe1BPI07orFMHnNNxz7VtywoiQysMRSDjNVL2y8p90ZDRnuDU2LjVTdmUR14owVbOKsrCyqr478Y61IVMpVdvzk5BHFFi+dFR4sIWBGM9PSogOwq7dJtYEgqCOfc1HEGilVhgehIoGpaFcDjn86VVOCRz61NOu1yr4JB6g1PaxB7dgrjJP3cc49aAuUwuKcR69akkURnHvQq+YWO5QRzg96BjNuKntWeGRJkUnDdadBFGVzM+0EcY55rcvVjtdIiaDDAHrjvQRKXQv2zrIodgobqM9axNUuAty6sN4x1zVE38+4bXwB0GOlVZJGc/MxJosJQ6jmcliATir+mXHlElVJPpWajFW3A4Iq9Y3AViDGCx7ik0U9jpLfUleRVboeAQKsXxYwHy8bsetZVnPHIAyoBjqR2rUtp1lUlWViKkhoxb0NJCxfKnggHtWUwOctXSXab45fN4OODWVe2+FjZBhSvJp3GmZ+Ow5re0dR9nBdflz19KxCn3cHqcV0enrtt0jUgg8k0MJbBEALllU5GPwpzQEKSBncTzUkEYaQn0yKsSMQPl+6BzzQRchmTytKwxAYnNWrJnECx9yOtZ17J5kqp24z9aupKVuE9BxTQEdovl6gncg1pXyj7M47lgc1TkKtchxwQcVcv8A/j3JzjpVrchmcuQvPQmp4RUIXhfcVbgWthFy3XpWzYrlhWbaryK27BMkU0YVHod18P7fN5LMekaYH1NdpK+c4rnvBduYtOllxjzGwPoK25Bt45Pqa8+s7zNKOkCNiSeKaFBOT0/nQXA47VG8pHPftjtWZpoPkk2kcZc9B6VGwypeU5UdB61HuCKWkPzHpUBmy+5vXpTSb2HdIZNk/O3Q9BVZm45wCaluJ/MJJ4A6AVVY4OSeetaKJm5ajhGWbH5n0pZ7kBPLi4UdT61FcXDOAo4Xv71Ud8CqUb7ic7bCStiqcrVJK9VJGq0jJsjkbmmY4LHpnAHrT9uV3NwB3qOaTC56EjCj0HrTfkCIZ5MgquAvc+tUZZccLT5mxx2qnIeapIls8TDYPHJpWckYPYcVC7gDIOTTDOBwV/Xmue59LzWJ1+9xUqE8DpVFSWfr+VW7W3aWZEMgTewXc5wBk9T7UJi5y0pBUf3vUVBP6Y6/pUpjMbMMq5U4ypyDTMZ4IHrVM1vzIZAgY4PPHpmntEqgNkYPYnmmsSnPTsaBKC2TzxxSBJWsKCMAEfXFMJ2ng5Oe1K5x04OenWpEgYpvx8pNUhWfQSMjPHX1q5ahQxEhI4/M1Am1SBjkGplG5sjAGenpVJFxQ54wffNSRW+CPlqWPYW+Y4+gzU6AAHHzH61pYtRRG8JUDHAPrVm2gGNzDIA6dM1Hu5wefb0q1C+5MNwByeKZsooYGIc7TgGur0yQz2SNn5hwfwrkmXJ6Zrf8NykSNC5wW+YVE1dHJjqfNTuuh0EUvy/NyM4Nc9dbTPIqH5NxArcuFxhl4B4PtXPX6NHcbl+6x5+tclRaHjwK0ikZIGc81BeuwjWWMDKnmrLuUAbt3+lRQyxkhJB+7Y4NcrNDKeQq4ZeCCCcVs2zR3asZDtk28VkSxqJWVSSAeD60JKy8A8rzWTKNGViUMUnzKRg0yzcxxrDMCY2+4+f0qle3rCD5VO9hz6VWtbku6BvmHpWlOo4MynT5lY6FiEuVCHGRgn3qxC7YYHOc/pWdZzHeBIMqDn8Ku3FwiR+bE2SByBXq05c6TR5lRODsaFs7pH8rZGcn2q610RsB5U/oa5htV27mB28YIp8er74wGHyk4Jq2iUnY6SRwc5PWoYJGEnTg8E1QimWaIbZM47g1NbsVJ3vuwKTRXMaUjY/nVbzM4weab5vTnrVZm2ORnvmpKbL5fgc0sL5baehqr5gCA9acpyQVpWKJ5XxD61nyNxnNSXMpHyjt1qqG5qkjOo7jzJx1p8U+QFbpUDL3FV5GKEHtVHKrpmoXVR7etNLKwyjgVShuuCrj86jmUctCeO4pWsbxlcuvkjmq0iMvI/Kqqzt2JyKnF0SMMMrTV0KSGGQ4IIqncykZABxV13SQ/LwaryRK45Az+tMlKz1Mt1Eg5/HNRfYlWQOm7PscVcb9yx+6fqc1JHcbjghQfakzbma2KhjkY/dI9+9RoJUb5ZM/7xq+xibluao6g6LgdA1SxwbehI2q3drMJRI5YYBGflKjtUeo+JLu4ZDaxpDtOeRuJP41kzStH0OQeD3qIyRsOgX9axdGF72PQhKfKSald3V2fMuSWYcew/Cs0mtRflTIwoHtkVWmhRwDERn0rS1lZDhPXUpbsA00fpT5I2QkMMH3plSdCsOzge9AYYPTkY5pCCMZ4zyKTk0wHK2O9KCQN3bPWmUUwHFic8nnrRnmkFLkelAgBxS4+U8fj6Umc9aTNABRSZpaYxwHHt60dKVT27daJMAjaT05z60CEJHHrSHnk80lGeB/OgBR7ilz/hSA4xxSkj0wfanYQdfelB5pCKXpgHFIYue9OHNMp3YYzTEPfK4yCDjIzTcnPNDMznLMScY5OeBxSA0CFPXnpTl56UynoxRlIJyDkeooCxPNcyuscUjMUjG0Kf4alsrhYphvJMZGCKpMSxyxJyaQHipuS4JqxoWt0omw4yhPT0qW6nUwboyBhuAKywcU4SEKRgepp3JdJXuSvM743846USOzgEjjoBUQbAIxnP6UZyB7UF8o+Vw8hb1pYpNkgYZ4qM42985/CiKQxurLjKnIyMj8qAsT3LKW+XODzUI470hJNAoGie2jeVtsY3OegHU1rW99Amny210GLE/dFY8LGN1ZCQ3Yimvksc9femS43Jpzb7CIlcNu4JPaq9FAoBCjrUsYPOOwyaYiknjFSAdKBMkhkaI5RiD7VqWtyI8TICDkB17GskdKeGO3GaTVyWjsE23MO4YKkelVJoQLRY3XBUYqnpV232V4v4kG4Z7itMMsyIwPXnFRaxJzl3GIbjYQeRW1pH+ow3rxVfVLN/MWUL8g64qe1eMopt+NuCwJpjbua8dsQjbehOfpUdyojxGDxnJqKS9IVVQlS/GetNWUtsycnBpElG6O27HoOaswsZJMjiqs6ktuB61Nbcq2fwrQOhctxljzznrUsoklV5G+6rBaZCuFOOM1buW22scYwMnccd6a3JZWTlVHYVdt16VUiXmtG3XpWpmy9bL0re02PJGO9Y9qvzCus8L2ouNRtoz93cCfoOabdlcwnroekaZD9j0y3iIwVQZ+pp8nTJ/CpJZUB9cdBVKWYuTk/jXm6t3OhWSsRyEk46E087YUDMM9gPWmrtHztz6D1qrcyMzEn9KaVwvy6kcrmRyzH/61V3btmnM5x71EzYHqfetUrGTdxGIQfNyewqs7ckmlc5JJqF2qkiWwd6qyNT3bAzVZ2zVANdqiCl2wO/f0pzHNCKCCSeO9DBK4t28YVVTlF7+prMlbJJqxdS7jwMAdBVCRqcUDIpW61Wc1JI1V2arRB4ew5qJ1IOe1WSQMD+VM+UsPMBx7da42fSSQyAkNnvVwynaFOeBge1Vo1XPOatKuIw6hjg45poFG4nmHaRnJHepFRwm4YI9c0yNN7ZIP8qmAyuBxjj609S0iCdyRzzioCxzwatOgAIHJ9aVLYOMkHB54oDlbK6NggZ4PWtGKdimzO1fQVmmNg+AOKtKQqgZy2eSTx+FXEcW0aFzaNbrbszwv5sYlAjcMQMkYbHQ8dKRR/wABOKhjkVfv9CO1TK4YYWtEaxJEOPepYyO3/wCqoUAz1+U1KGUjGMYqzREyIx+bt65qaMHPXrTrG2aXG3kHj2q/Fa4ySOnrVKJtEZBEWOSPfirSMIrpJFGCD19algQKOoOR+tQyjJYd/aiUdDScFKFjqVKywZzkMM/SsK/TmRG5PUVb0mfEGCc+X1HqDSamF4dDnFcc10PmakPZzaMTPmxEZ69KzpNyscj5emavsPLmO37vUVHcqHRx/ERkY9a4ZIpGXvIYrjpzTJSSwYEc8U91IbPpTGAA5GRWTRZDcyPNHk/eXj8Khs5VScbhweDU0h2uoHIPeoPIJk+XaMnuwGKQjftVEhwxw2flJqO4Rra4OTiJ+CDVWOVFVcygsnGB3/GtC3mjvIHimXnGVOea6cPX9m7M5a1HnVzPurZo2GTmNhkMOhrPJeM9SVPQ1tJNNafuHUPF6N0qOS1guI90R2k9R1r1FJSV0cSk6ekkQ6RelJQmSCTmulhkSVdynjHWuXl01kBdH3lR24rQ0GYtDLGeMNkgntQKfLL3omr52QcdRzipC4kjDjFVV4lwT3qsZTaXLqxO1jwPY96TRKdzVtn3fKasIQhAJ+lZImKOCOQeRitISLLEpHWoZcXdDLoEnOetVckHjpVrdlearSjaaaYNaXFL988VFIPxBpC2QQabyRgntVJmEoleXMZ3ZO3+VO8w7TtNI5B+U4NVyGjztyU/lVbkrQhkunVyxXj1qzFOktuZFPK/eHf8KqTgrh1wc02ONWXAXa+c8d6lnSkmi35i5yjA98VJ5uV9G7EVl42k4PHcdxU8Uv8AC7AnsfWncJQViWcbgS6596z5AyHcvb3q5K5U8Hg1SmlGcd+4ouEL7EE+osGUbNvaqV1deauTnINWpYknjx6dPUVQuLdol3ZBFSzrpKHzGPMXX9CahJpppDmpOtRsSxzOhyp49PWpPOXG5flPdc1WzikpicUXHvGkjKPg8YGRVInmgjgH14pfcUmOKS2EzRjg8iiigoBR9RmiigBaKKCaBBStgdCDSUlAxeepoFFApgO3Z6803ml7Hik+tMQYpKXr1o70AKQRjI7ZpR19KSl60AABJwD+tODNs28Yzu6U0jinfKFXaTu5z6VICCl4I/rSCimAvNLTfSnYI6+maLiFA5pcEn5ecUEAHg5GKdHknC9W4+tFxMNxKhT0BzipJ4wgTaDhlB59aainvjg85q5eSKY0VlAdVwBQkZOTTVjOI+tFH86KRsKeDSmhQSDjsMmjvQAmD70d6cR0pMYpiHDoc0oQnJ9OuaQcUpyWyck0APiIAOc9Pl+tI7FzlvvE9aD0Azn+lOiQySKi/eYgCgQ0qR19KQCp5ZXYIjncIxtUegyT/MmmIoO4kgYGfr7UxCAcCnLSL/8AXp/XknmmIMk9eaOe9KBS4oESW0rQyB17dj3rWtbw703qoRhx7GscD2q1AwZNknbkUmhM6qMBgd2OR+dYpTyGkUKDhq0bJwYFUMMqADzUd3CjzNuYKxXOakkqyusjwqBgAZ/GlilJdeu0GoyoGS/3sYGDSDIVRnqKALWPMRiMDaOlOt0wfrT7RSsTnAJYbcVYgiAVz3FNMRYRfugdRVi+j2xQk4yQRUdshLA561LqBy8YHYVSepLIoV6Vo2ygEZGapwLWlbr0zWxlJl+yjywNd/4Ittvn3LdFGxfxrjLCPJGO9emaLbi00uKMj5j8zfjWNZ2iZR1kXJG4+tQNklQDTnYk0KQqnPU9K5jTccduMHgDoO5qlMWdunJqzHJhydoY4wM1BOQv+8aErMctis/BxUUjDtSu3WoHatUYjHbNQtwOaexx1qCRutMZHI2SarsakkP51Ax/OmAcEY5JNR3D7FwDyeo9Ka8m3pwapyvRYadhsj5zVWRqe7VWlbmqRLI5GqBmpXbrULtVoVjxwjP1p9tGjTRrKTsLDcR1Azzj3p7R+uMkVJDFvKgEAk4yeg+tcSPpuUikQLnHTJFNG8YwDxU5X5mA9frViOJSMYOCOxqi0VYsngscVZVSFJU5A/SllgEZ4YHjI5qLzDjGeKDRJWHqeTwAQeKtQ7WT5sgnsKroVA5PFL50aOSnT3poWw+eMKMgciqD43YwfQ1cuLhGHy5yaqADk5z6VREtdhVJYjPNXYsAHoKrwkdCBwPpinIxDA5471UWOOhbztToc1B5p3Yz09aHk3YxyPSmxqCx3Ake1VcqUux0GnXCGJc5DZ/Ktu2uWikWVWUupyMjcOnoa5W0Gw5rYtpgAA2eRW0ZaWNoX6lx3xxj8qjJcsGJ4I6mnRrvIbqOlSOvTIA4otc15tCawbyZlzna3ymrkq7WaNjweV9jVDIVABjn0q5H/pFvk/eTrXPWh1PLxtO75yjLDhjweO1VZcggDp1FbYQOgPfofcVm38BhmPO5T0PrXFUj1OFMw7xCHyP4v0NV+q89RWhecFeMox5FVZYgd4X8PesGi0yukYdGGcY5FU7hSPvduM1cBIYEAkinTqJ4964BHUYqbXAy0LDg+uauxzB0O1D5vcKcfjVN0IYhhx60sSFSzllUDpnvWY90dAji9jKucOgAAPeqiK9pOG7fzpbadJwWZVWQccA8irVxJb+Qv2hxtbuAcVvRrODOarS5kQveiJVbgqxPbpVO4JWTzLdwG7haiunaGDEYWW367qqRXmOCAoznivUjNSWhwxoOGxv2moB2Mcu1XIBq3fIJrUSAjzY8j6iualmWb59wLLgE+tattJKkKbjuVhwf6VRMopaksN7uiVZBjHyg09b0wN1JKnBHY1SSFfMzglCcn2p07RuFJQ7NxBbPJoDTodDb3CXMO9Ka7ZBB7Vnac8calYGJB5IJ6GrbvuG4HmptqO4wkg9eKa7ECkMgAyfu9/apBtdOxHtTIkU3JzxTN5+tTumOlVZMg5/OtEZWuxk6ZbcmB6iqoujAxSQc/qKtZ5x2NUb942BWThx0NSzek7uzJjPDKvDbX7VVeYq+H61nFiD1pRLuG1+R2PpUnWqVjSNwRhWOVI4aqc7YJO7DD3qGOZtxXgg8H3pLhgy7wPl6EelK4407MUTbsbSQ36Gp47lZVMcuAelZZYg0u45z3oubukmPuYTDJg8g8g1DjNTiffHslGR2J7VCcqcUFxbtqIaTvQTim0XKFP0Ip8ZXYysMdw3p/wDrphyepozg8cdqQCkkqF7Ckwc9KM0vSmAUUUUALSUtFACUgPXNLQaAAcUYoFFAAO+aMUtGKYhKB1paUY70DEHWnjI4PT6U3FKDQA+Y5YZAGB0ApmKOtLSASlooI5oEHegdaKKBjgQDzkj2pMnPFJ1pxHY8UhWFUkEH8adI5kbPTjpTccZ464owdpPpTFYB7jtxijtR9aBQA7HApQKUDPSgUwFY5CjAGBikxxQeBSr1oARVLEBRk+lL9aUDnijGOtIQgqWEDPNMA9qklUI20EZHX60AyM5JpaQZpyg0wBeDxTxSKpPTmnLjPOaZLHCnHk9APpSAU8dKZIsS5JzTlBzxSxjmnJwwNAmaOjkkuSeOOKvXi75VwcEg5qhpny3LLjhhVyUE7jngHFQ1qIiuURoo3UHjg1HEu4lhjK9O9aiQq9oqEgBuTVSBFbCJgH19aQE0A/dg++atKcHGBk8mogCmE7jrUkY3vx9KEIvw/MUVegpt2S0+3H3RirFomMcc1DP8105PrVR+Ih7DoQcitS1U5FU4E5FbFlHkg1uYTZ0Hhm0FzfRIR8o+Y/QV6C3zEBRWD4QsxFZtO4+aQ4HsBW25wcCuSrLmlYKasriSgISAQT6iowhbk1aityRufgU24ZEXJ4HpWPN0Rso9WVGIjBY8HtVB2OafPKWbJ/AVWZs1rFGU5XEdqhJ9aVjmonarMxHaqztmnu1V5GpoBrt6VXlfHFPkbHA61VkOKYDXbiq0jU53qtI1MYx3qvI1Pdqgc00FiJzUTtSyPzUDGqQWPLoYy8mM1ZRQD2qoHVACDmp1mL4Vh71xJH0akShOdwwQRT1JVWIGeDnBqPzVQgkcVTluC7HC4UnHWnsNyHSzMW6nmmKxLcnOe9Rkk5zn8qRHAYZ6ZoJUmaIAEQyefpVRwQeCDTmuRnA9MGmq+4ntmnc0bTFjAyC2SB1x1p+3ADZA5ximHHGG6dabuJztoQaJE4YL6EEVIgG4jcCPUd6rhS3PepITtPOQatCUiZjgkdRntQkrBsLnHXFBUsARSKrA8c1aKb7GnbTpJjIx7AVowKZXVYwMnpWHBuU4C5Fa+nxsZ87gAvJNaRZrFux0sERhtxGQM55P9KjmjAj3Z79M9Kqy3bQRgnp71C16sgyCSa2ui43W4+Tce5q1p03l3ADZ8tvlaqBmVsA+lTRNuXIyfaokuZGdSPOrM6NI9su1sYY/lWfqqbUKOOV5Bq/p8omtMsfmX5W/pTL5PtFuyj/XJ6964JxtdHjSXLKzOVuhuTn6iqRBDHitCaJl5A4/kagZVYEEnd2rkaLRRPPPvjikiO2UqDjPTPellyj7hUDkpID1rPYdia5WOR+YgpI52nvVMqOjDIFW1dWT5vXr1x9aVmTzF2xKCevJIoauIpeWY2DRk49KuLIJoyroAMdv50s5jERxGqkcHaTwfxqKSWPO7LMOMEHBqXGwmUwZLedlX5kPG3sRUd3Yh1861yeMtH/Ev+Iqe6kWUDC4K8dOadaRSyESQttcd881pTqODuhSjcyASp54YVqadqkkKmKVRJF2z2+lOuI4pZCt7GYZscSqvDH3H9RWfPA8B2uVIHIIPBr0aVaMzmqU1Lc3YrlJSCjDacjFTwyID5brhvWuYWbAA5BHoetaVveCUJvJ3jj6itr3OaVBpaF4I9tdB1/1bnGRWkHO0OB9azbW6WTMb4yPXrVqF1VyH+VW4/GmYybvZllgHUjseoqlE01pLjBaLt7VOHEMmxs4PKmiRd2R/FSKTsTFxIvmKevUVDIAQagjdom5BA9BU5AcblIHtTRm42KjqUPrVPUYDJGJIznHUVoSZHBFUZwVyVz+FNl0207oxXBBORzUTHFarAMRvUGqV3bFDvTlKho9GFRN2ZV3EEGl807yex6imkU3rUnRZMcyj7ycr/Ko6cp2nih8E5AxntSGhtHNGKKYwz60spXI2rjAx1zn3pvXpTpI2j27wRuAYZ9DTuIZRRRSGLRR2oFAhaWkpe1UIAKDS9qKBjaDzS0hpAFGKWjFAAKXpRS0xB1pO9LRQAUUUUAL2xS96QUvbmgBTz1ptGaKAEJooox0OaQDlJJLFucd6MUUoGaAFFKvTnvTc0opgGDSjIII7UAU4AnJHakIXJJ569aAPWgUopiACpVWPyWJz5mRge3eo8e9OxSAQUvv1zSgfLkkUpJChT0J3YoQDrdQZRkgAcnJ9KbM/myFvXmkYckAED3pBmgEh2OQOvGacBxnPNNUEninLTQDgM05RmkHXipE46jPpTIbEAp/J5NGKcvSmIUClAoFOApiLuny7XwRycYNXXH3xnILVUsI/wB4rsPlFXc+Zu5Awc/zrN7kk8TBbV1YnjpUaRFQrJ0680s7GOGNQRk8mpEffAqgdO9IYqAlmJ5PX8au2sf3W/KoLdPyrRt48nA7CmIlRvLUk9QM1WhGSSep5qadcxnOBk4pbdOlaU11M5suWydOK6HR7Rri5ihjGWY4rJs48kV6J4Islhje8lXLH5Ywf1NVUlyxucz952OhghW3tkjXgKABT0CIN8hwO1LNLk7mA9gOlVZCXOWP4Vwas3Voiz3jknZ8q/rVCaUuSWOafKwycVWc1aikRKbZG7VA7elSOSahbitERcYxxVeR+aWVutV3aqQgdqgduaHaoWamA2RqrStipZCACc9KpyvzTGMck1A5x1pZHqvI2aCkhsjVBI1DNUTGgdhjmmd+etOx82Bkt6Ux22qT3PcUcw7HkwJz8tWYCpUl3wQuV4zk+nt9ag2jIwcdgaHb5snJ/rXKtD2i1w2SMHJqBgEkPpSxuCM9qcwUjGO2etUWN35ULgY6ccVXZceuO9TMGC8DgdaiG5yFHfoKTFJjVHIGferSKMDBO7vjpSRwknng1ZFuQcgGrSErjDBxn1PFK0QHAOatxJyAR70NGpPX6VdjRRZWjUYIPQdqeUz93Oac8e0/KaswwEqcgHjHXFJIepWicg88ds1YijDt3z2pFhIbjGOpzVuNcY64HPFUjanG71LFnCqqwYDJGMnjFXYIvKUkA4PvUMBJBLfrVoA5GW61pE67IqXbnbxnGMc1UKnO5AfetC5VduAc8c+lRW8R3eop2Jcbsjtg5bHqcCtGJ1iVlI+bIGc9KUW+PuZ46VA0bK+08HpTL9noa2l3S290ATmKT5WrVuw8VyGHbr71zUKMTjGce9dHAWnsl3/6xOD/AErKrDqeTjqLj76KN1AhDHor8j61i3MZjkBHauilUsGV/p9DWXNEHTDDnoa4KiOKLMaRN4II96qSowUjHStFlwSM4IphjDpuB6cfjXO0WZinDDd0PWnFg6FWXHPBzT2gJY7GAI556GonJGdvJx09KQE9swGWBBU9Qf51Wu4ShDgAKT69KLc/eGcnt61Zj4kOcEFeSaBbFee1ZERzlkdc5x0pQ0kHliMh1xvA6Yz2rVtGZcxy5MLcYP1rXk0+zkt2kniPyrgHOMVap3VyHLuY92pu7JdwXJA7Yzisy2gWZ2gl3BegwMnir9zJBB+6iwUX7uD781mtKI5vMTKv9c8Vndpj30KN1amFcqMoe5qGKFi42dc8A8VoPLuZy6kZ6ioGjXeDD35wfWuuliOkiJQsQl380tgBx14rRW8/0bc+Tg9vWqMrktlzgj25FLCjNHIoIJboR3ruTvqc04p7m/BcJc23IBP8qlQrKgZG5HHPWubtJmiOADn0rWV/LIkTJRx8wpnPOnysuTcoWX7wqqJwDg8etSSXCjG7gMKybubynKjJU9Ce1FxQg5aM03nGdpwRUTbH+6QDjvWQ9wWKlTwOlOFyTye3Wi5p7BrYutGQ2dtLsBHT6j1qkNRwSDkilj1JAfukfypXK9nNdCG8s9oMkQyncelZ5HNb63CS5aLnHVfWqc9mJGLRY56ik1fY6KdVrSRlkEUAZ4zU0yMhw3GKg6GpZ0xdxDSfWlpDTLE7jFHajvRtOM4yOmaQAKWgUp5PQfhTQhKBRQKBDuoopBSimAtFAopiFpKQUtAwoooHSkIMUc0tFMA7Yxz60UuKMUgCgHFFFMAopKWgAooopAGKKWimAdKM0EUtIAHtS9etAFOAoBgODRyTk9zSgUuKBAKUUg496cPpQIft4HI5o68GkApygYOSc9qYAc45444FGF4wT7+1Kee/FJiiwh0o+Y/45pApwT1xSn26U4/dABOKAG4pQKUClAzQgFFSAUiinqPSqRIoFPHGR/kUKPWlxTJADNOApVGM5GcinKO+aBF6xJ8vnkA8VNCDvf1zVeElYc56nNWgArqwyAQDUEtiXDFpzge1XbaLfgc8DJqqyMkgZhjNalumyMA9T1oY7k0CBVJPSrVkp/eP2IqB2AQKg5PFXFHlQGlYkgk+ZwOwq1bx9KrQJubJrXtIvmGa2irGE5GhpFo9xcRwxjLOcCvULeNba3jiT7qAKK53wbp/lxNeSLgt8sf9TXSE561z1pXdkKmuo08k1BM/anyPxwaqSHH1rNIbI5DzUDt6U+Q9ahY+taIkaxwKrStzUkr8VUkeqSJY2RqrO1OdqgY0xDWbmoXfApZHAFV5G4JNMpDJGJqtI1Pkaq8jUFJEcjVWdqmbnnoKrswBz296VykhDxyevpUEjdcdaV3JJNQSOQKRQjMDj5ue+KhlkLNjk9gKV22rVczFc470DPPTCdoI5HcjpTJQEHTDj+VH2h9oQN0OaawzGrFgSSRt7gf5/lWWh69xmemBirNqm88jgfrUESdCKswklduOlCKiNuAp+6MDvzUcS4Iq15Z3EdRmpBBjlCcYyeOlOwOOo9IsAEjNWVAzzyDzTIMAEMASTxk4qxuUxgbfm3fez1HpirWhpEaVUgEZ9OfWgoSvsTgZp+MjAP8A+upEXjpx64qjUgEQ9Dn+dSAlcZqxkDk4zioSpc7jgUhChdwz05qWNSD1HFPiRWiJBwwIwuOo9c0qLjtx7UGkJEsPyjPrVgEdeKpFz255qZJOTkA8YqkzdSJHyVwD9RUtr8h5RTx3qOMnBAwc8c1YhAOPUCqRorblpE+UN+vamFNzcgHinB8KVzwOwpvQ4qi1JFqyiUOpdc+wrWaA2cw8wMAwHB5yD0NZEDBCOnPtV92eXncTgckn9KvdWJq041I2Y67AQ7gM+vuKzrvl94ACnpWnEPPiKPywHB9RWXMuwtE3/Ac159aHKz5ypSdOfKzOvECsHUdaqRvskHA2t1BFXxyDG5HPTNUpkKkg1ySBEM6HcT74qoU2vjAG7vV3HHNRvHvXC5PpioaAqMn71XHy4HOBV1bRjIqsNrckHpVeIMSEB+bOME1O8x+0fOC3G3I/LIpxS6iZamUwWseWRt3Qnt9Kiu9S8y3WJmkA/iK96p3U2UKnL+nYiqjTqyFH49CO1W5dCVHuV5JtrYRgw9TTHb7zoAVPYdjUMgKkhsdPWoznggnisGjSxfeeK5UGQbHAxkDr9ahlRoxx17EdDVUFhwKmRwB8wPPHsKnYLE7QPICZQQ+3INVY5HhfB47kVfjlLAq/IHykdMf402SGOb5CcMOjeldNGvyaPYylTTK8rfKHjbknk46Ve08F1kQ/dxkGsiSOS3Yhunr2NTW8zBkKt04xXoRlzK6OWVNpWNIwu4aM9PX0qnPA+NkmeOhFaPDkSocHHQ96Y12jq6PG2QM1W5jGUk9DGMDqpOOhpEfawOMj09asG6YNtYDA/PFJIiSrvhOD6UjrUn1KVxHsPXIPT6VXNXJi3l7SM1Tcc0jeDugR2XocVfsb4xMFl5U/pWdg96VQT0BpXsEoKSszoZooruD5SN3Y1iXELROVYYot7l4HG0/L3FaJZLuI5xnt7U73MVek7dDIpVCk4bNaD6awAIcZ7VWmt3ibDD8aRsqsZaJkDKB0NNBOMdqkEbHoDTCpBweDQWORFYH59re4602jFLTAbRS4oxQAuOOOvegUCimAtFFFMQdqQUtFIAoopQKYAKKMUUALRRS4oAKMUoFGKBCAUU7FIaAuJRS0UBcSloxSgUAJSgUuKUCgLigcUUtAFAgpcU4AY96cowc96QDRz6dMdKUdvanYoFMAFKo564pRx2zRTEGMilVSxAHJPagCnLwRimIFRicYOemKUgjg9RUuGQBwSCelMxSENApwHpS4pwFCQNgoqRRSAVIBVEthilApwFOApiGgce9SL0GKQLUiLSETg/u1X05q4DiAF/TAqogyRV19pQAEE0miR6q812pfkHH4VrQICelVrRMuegwBWlAowW7CpYNjY48yZ7jipblhhY17cn60kT4G8/hREhZiT3qoq5EnZE9pHyOK6HRLJry6jhTufmPoKyraPGAK9F8Mad9ishLIP3sgz9B2FXOXLE5viZtRKsMKxxDCKMAe1I544pCeajkbjiuM2GO/pVZzUjdOagkNUkQ2RuaqyPxUkr1WYqQxYkegHerQiKR85qCRuOaVzzUMje/NWSNY1BI2PaleQAHIyfrVWeXdwOKCkhkj5P0qBiT3p+N3eoncAYXv3pXKsRv9agldVOOvvTpZNoz1NUpXJY59aBodJIWB9KrO3G49KHbJwTUEz5O0dKCrCGTkEjI9Kgkk5yaViAMk1WdsmgoSRic1A7D1pzk1XdhzQM4Nm4zxnNLEfmFMdsnke2KngOFZe57+lc63PWRYiJClQcBuD71Yiix0xg98VXiOVxt+YdCKuwkiLBI2ZzWiNBERQ2GIwalXaExwCTjk0zHUkZHpjpQRjn730FUFx5zxjr6+tKmVO0/jUIYdO44zU0a/KCMkHrRuJPsWU2kKc5OOas42dfTI5qqgxng8VLFIcH5sDpimajn+YnikYAHaGBwOtDHnPBNNAPboaYnIswgrllwcdz0pSwK9gAOuKjQMTgH3NPUHkEGixSkMA5qVFI5Jwe2aVk79PSnqp3A4/GmkaJkkQ6+pq7DEWAwPf6VBCnHC89Pr+FWUYBsjgelWkXz9ESPGQinjJ75qNOpDZ+tTI27IBp+3POOe9NJgpPqM3Y6duKsW8qqQGqswCD5m5PY1Cz4J5Jp7HQpXRr3E8SyB7Zmx15/lT7yJLu3W4h/EehrD3ll7mruk3ghuNj/6mThvb3rOrHmRx4ujzx5luipcR5+YdahaLzF7ZFb19biGQ45V+mR0NZUqlXyVwfQV5042Z5KZSa2byXYclRkj29RTdNk2zqDgbuOa17PBJPfB49u9V59OC3SSQvmJuh9PapS6gzM8RWxgu1kiXCuMjHHPeqXmfuFDH506HHauru4Bd2RicEyJyuPWuYmjIJDdulTUVnoEXcjlCTJuI/eNnOP8KoXMAQNsYHHbvU8gKMCB9aZLL5rZJG7pnFZ3KM98ng/d6fSmhc8AfrUzqdxA/OkjAVhuyKW4yNY2xk4x9acIt29gQFUZJNWpiEjjMZHTkkYqOJTKrDcAuc8nGKGhXKp35wDwORVqCXeMOcSdM+tOMSPGCrEtjof6UxLVyNyDPcgUguid13pskXj3rOntzEd0eSo6+1XkuWHEiKwHGTSRSCdivCk9PetKdVwehEo3KUVyy8EkgVciurdpNzk7z1JqvPaktlB+FU3jZchgVIr0YVYzWhzTpJmnqiKIAyIMZzuX0rMSfyydvQ8YrQ0y4SJWjmfKN7ZxT7rTYZvmtG+b+72qyIyUfdkZ7TI4AIqvKgzlfumny27xnDqQRQoZCAR+FBvG0fhKxB5p8EjxSK6HDKcg1oKI5MfKBTjZxsRj5aVn0G6y2aIdTRZZRJGgRyAXUdM46iqkDtG3BwauT27QMGHKngU1rdnXeEIBPXtSclHcUXdWJftgaHHRqj88vgScj1oS1bJ2spwCSBzTHhKx7uq561MakZbMFTSIZDtc4PToRTGYt1JpWGDTcVZugopQKKYCUmKXFFACUtFFFwD6UUUUXAKKUdKMUAApaKWmIKMU7FAFFgG0tLQBQAoFGKUUYpgJSU7FJigQlGKcBRikAmKUCnBTS4oBiAUuKcBTsU7CuMxmnBacFp2OKBXEApcClHIpcUWC4mKCOadtxShaAuNxntSgU4KSKUDimK40CnIoJAOB9aUCnAUxXEPJoxTgKeBSAYFqQLShaeFpiuMC08Cnhadt4oENVakApQKeBTsIaBUqrShakVaBNiquCKsQrlx70xVzU8KHOaCbmhaoTuwev61peXthCg8twagsFxGpxx1qdnO8nsvT61HULjGX95gdBxV2CPgVWt48tzW5pNk93dRwxjJY9fStVojCpI2vCulC5nE0y/uYz/30fSu45PSobG2S1tkhjHyqOvr71M7YHHSuSpPmYRVkNfj61BIwHWld/Sq8kmM+tJIGNeTJqvK/pSO3NQu1WkSMkaq0hqR29KrOc1Qxjn0qtI+M4qSVuCAeKpSt7/lTEIxLnA6mo7pRE4Tdk4yanhdYAZWGX/gX+tUbiVnfcxyxPJqb3ZaVkNkcKMN/3z6fWq7MxORmmyNlj3FRs/X1qgsRSyZbH5VXkfGT1Jp7DgtngVWfJOc8etBSQxn9PzqNmwDnHtQzDt0qCR6CkMkbJqBmpXeoGbNAxHbriomI9qHNQu4oGczaraq8IuEYjcDJtPUegHrTtRS0W+mGnmQ2m8+UZcBtvbOO9Uy28jb6fnU0YJAA5qOZNWPSUbO5LAoyF59a0FBWLCggDrVaHjLEZwPpUnmkJgHgnmjY2iOUYbByy+x6ikYA5I454B5peDgnkfrShsEMmcCkmW4iIit1bB96mT7uccCowDndg5zg+9WYlJAwp3dvetIohaDhgoAvX+dMGUJLHvViIcZ3BR0PGccVUkBHI/I802rDbuPL7jnp6VNCC2P5VTXLFffgdqtRPt+X+L1FCJuXYlB5Oc1ZWNQoODnPp2qtAMkc5/GranGc9D6Uy4jo4zI4Ug8DAAqxHCqc8Htg8VBFMYmyhw1P+0blUBcY9qDZNDMsj5BPHPFDS84H54pJMKPlJPr2qIEE/MB0xxxVJmiRoWcgIOQOKvbkC5xnj16VjRvsAIIP9KeJyeCatMOW7J5n+Y46elRpgrgjk9CelNBHUnknpUiFdw35A9qRrFjC3GAMHv71GrYbGOadLgkketRKrBgQKljbOl024F1aGCUZdRwfUVDNDjKY+b+dZ1u7xzCRMgjkCt0lbqHzlABPUDsawqU76nj4qj7OXMtmZcaFJVdeO+Kvwxq75bIPUDsaiZcgjB3Co1uPLcLIcYNctrHLcsXqeXIsqgqMfrWTq2niRPtNsMqRlwOxreYie2Ixu7/WsiO8+zysMgxngqex9KJpNAjlZMjggbTxzVGQbGI9a6q6sob9HksiBMuS8J4/KubnRlJR1KuvY9q5ZKxqmQqwxzwfWmzrv575zScA0HryeKi5REGJznJx2qSMoBhsjvkDNIwDY/mKQocAg5AouFiV5QcMEQnHPp+VSJcy7VjR9qEYwowKgbA+7xkZoUheoyKdxWEu4yHOcD15qIRSIysBnuOetWWAcDOAen1pJFjRVO47x2FIEI1wzIh2qCpwferqQJPD5ihWyPmXHQ1nMM57ZqS2le3YFSRn9aadhOJHPZKWzGSpPY8iqmbi1kyNy9s9q6SJoLiLLff9R/hUU9gzR/dLJ9K6aeIlHcylTTMX7aZBtmGfemXEYZVaJgatT6aFYkNtHoaYkCpnDnjpgVt9YgZ+yad4lEZz2BFWIw7Al22gdzT8Eyb+p/lTeWPfPvWVTEvaJp7O+5IblAFCruI7vzULyyOuGbPp7U3ZkgDj3NK1uC3ysCPauRtt6migkaGhIftJkO0JjBB6fjTtVhjF3sXAVlGRnoaWD/Ro1BOQ3zH8qrXpy6NgjNdGFi3LmIrPTlRBLagKD/D/AHqpugVuDkVpRylhhhkU6WzSWHdD94ckV6BhCo07SMnbk8ZzSMCOCOasLA7NwDUcqEMc9aDoUk2Q0U7FIRSKEIoxxTjQBTAQCjFOxQBTEJilApwFL2pgNAoxT8UYpgNxRTgKMUCuJilxSgYpcUgEAoxTsUAUANxRin4oxQAzbTgvNOC08LTFcZijFSbaNtMVxuKUD1p2KULQAgHNOxSgU4CgQ0Cn4AApQKXFMTG4oIp+PSjbSsIbjilxTwKUDiiw7jVFOxTgtOAqibjQtOC04LTwtFguNC08LTgtOC0WEIAcU8LShelSKtVYVxuynqlPC1Iq0CuNVOKkVacq1MiUE3GxpV2zh3Pg9KjRK0rOPYm4jmpYE20RxjHfgU5V4Cj8aFy75x8o4Aq5bQbiPU0ooicrElrB04r0XwxpQsbTzZRieQf98j0rL8LaOGYXU6/Ip+UH+I11bt1xxWdWf2UZxV3dis4FQO3WhmqFmJNZJFNhIwwfWqshqR2qvK1UiWRSNioWb3pWbmomPc/hVCGyHiqshxn3qV3yCWPFVJH5OOtMYyV/XrUYRfLeR+g6D1NKFMj4HUnpT9RMaRpArgBeTjrmpb6FJdTODM0hdzVaeQFicfhS3D/vGA4A4qq7dhVIYhJNQSNj609zgYquzZPtTBCMS3eoJmzwOAOlOd+OOlQSNQURSP2qs7U+VqrO3NA0I7VA7UrnioWagqwjtULN1xQx96jY5+lIpI5SLjJwcirls2xhkZ56GoFUqSPTripox+PvWMND0ix0xhgTnmmFmVznjtilTI5z0p0iszZbvySe9W9Skw35Gc1KJCTg9BzimOhjYKM8qCcrjB61ZgiWVvncDqc4JHSmkHMx0cmQVPC9cD19afFKoBy2MdMetRiHcDgEt2/rUHlMXwGwD61eqE2WjNk8kZznrRIowp9smoUVVXq24HA461IrljlgSego3DmDHAK/e68VMq7SrdPxp6iMKGIIGelJ5yZIQZ544qrWJU7lu2BZuPm+lXYxjggn8Kz4JPmCjpjtWrZgtt3AY9TTSNY6kJGeTwacp2qSQDxxzWjdQQrzHJvXjBIxz3qjKu1goAHem4midiAsTz15qZVP3ht59ah4LAKM89jVgSMV8vjGcgGixp7TQhLDPPrT/l2qQeSeRjt9aZdW8sDI0sTxrINyFlIDD1HrSpt5ye1CY4y5tiaNxxkDHpS5VhnoaixjBHak5PI5pmnMTKnzYJq5Bbs0Zf8AhBwcnvVWBz1JzirqyALhaQcwzywuRirthM0TgHlDwahEe98881ZjgOTnGR6Ubk1VGUbMuTR/MGU+496y9SjO0vH06MDWjASFCN+BPaq90hQ46g9R6VzVY2PGqQdOVipo14wkEEhxk8UniKwYIbiM/Ln5h6e9MWzBn5ba/wDCegq7czyR2wWQEAgqSea5+lmSctBMyzhkYq46HNb1o9tq6mG/hTzcYDjgt/8AXrBuY9j5Xp6itTSFhdoyZTvyCBnHOfWs49mU+5FeeFwEne2mYsg3BMZz7ZrlnUjORz3r1oLwro3bBrl9c8Pi6kaexIDnl06D6iidG+sRQqdzigMd+KVRir99pV1ZxJLNHiNu4OcH3qiRwM5rncXHRmyaewo5wGPsKVU3EDB9sUqJuGTwBT1IVcqcEetITIWUhutAw2Q/4GpMBlOOtRkY70CF2AJ079aa6nb6+lTqVdcHio3jZUyAWXPWk0NSIoXMTBlzkVtJq+IwGgiL/wB45rIiTccnGKkKBfvZz+lCGya9vGumy21RjoowKptzGc4/OlfAPOOaRhxlelXcXKRbRnjqfemsjhd2CAeM4qRRzin7VK8DpSCxWSMk8ZNWLeNvN2nkE/WhAMY6D1q5ZOI3U8ZHAJHFSxkWoKFcBGBwOnSoZ2DLH5npVi/AkmOzHC9Sap3L5RAB0r0MOrQRy1dZDmjRl/d8GmxStAdrL9OajicjgZqVmEnDqfwrpMbNaMbLMjEHOD0OKrSSLuPGVp0sJXkcr7VCRRc3hCPQY4BOV6UzHNSFaTFBqM70Yp2OaULQFxuMGnYp2OKAKqwhAKXFOAp2KAuNA96MU7FLigQzFKFp22lxQA3bSgUuKcBTFcbtpAKkxSAc0WC43HNKFp4FLiiwXGgU5RzShacBimJsbijFSYpQtArkYWlC80/bS45phcbinAUoFPAoENApQtP204CgLkYWlC+1SgUu2mK5FtpQvFSbacFoFcYFp2KftpQtOwhoUU8LTlWnqtMLjQtPC809VqQLzQTcjC1Iq04LUgSmA1VqVFpypUyJQJjUSpkSnolWI4qTENhjywrQC8ZHToBTbeLHJHFWo49zACo3E2OtoOAcV0vh3SmvJxkYjXlm9KqaVYPd3CRRL17+lehWVtFY2Yii7dT6mlOfKrGL95koVIoxGgwijAFQucmnHJqKRgOlYIoTI71C2aVjnk9KrySE8DgU7ANlkxwKrO2ac7ZNQE8GqsK4jtioJH9+aJGqu7+lMQyVieM8VXducDr2ApztmlZ4re23nJnf7o9BSbsWlcieUW6cf61h27Vnhth8xySewzRJLli3U+9VJH3HJppDEkky3pmoic8+lNYgnNML+vSmApUsTj8TVWR/alklLHHO2oHbFAxsr5NTWdqLhJJJJBHGnf3qnI3WoWlcrsDHb1xniiwxLnaHYIcr2NVpmAwFH4mnSNz61Xds0FIYxzUDtj609zgdahfnpk0ikNb+dIwA69fSgtgf7XrUTNSKMK32qzFgCMcZqRWBIz8vGOO9RqCRjHIpONmSeQemKzWh6BbeQuVJHGMflVi3jDkAEAg9zWcsh79TUglOz5cj+tUmNGjcFGJKLjjHXPNLEQE6kHGQRzis0SsGGfrircUgBBkB2g5IWrTQN2J45ChPJ3Hjr1qNvlOeDjrUSyowbHXPC1IiscDHJ6YovcXMEWxnO+TaME5IznA4H9KYJPnyATn3pJ0Kn7w6frUY4X5gTnmkmS9Se4kkdVfaqgcADpTbW6MHmAhGDjacrkj3B7VAz5cckgd/ShcMQQpyB+dDbuK2ljWlvlunjMUEUAVFUrGDzj+I5PU96vQXXlrjdwf0rAt32liTmr8LHrwc1UZG8NDb+0F0O0nHvVKefOQTg9c1FHKRgluM/Sm3DDblQOffrVORd7slimPBOakWZlIx+tQREbRnJ9BUw27iBz3+tJNlF261G7v44Irm4kkSAbI1c52D0FRoQGIbkjpUcfLDHJ9qXbz0Oc00EUlsTMQAMdv50wuM49aCwCgA/Wm456g4702zS5MsmwDFXLOUeapkG5QckeorPI3bQoGenXrUkB2k8/hQmLmNlXBfK8c8DParqykRDPJHTFZFvIwPJ4rQFw0qRoSMKCowMcZzTBu5YCvKxP8ACD61KhDgoceisf5UyMhRjOQfSnBATgZINEo3Rz1IKRFc2xC5xhhWdchzF5b9B09jW2jccjIHBz3FQXUCuvHKEcH0rhqQaOFxcHqc3syfmGT3qrcIbdy0X3eMitSeJkkZW4I6Gqc2MYPJPX3rnasUhLPVri1kV0kLRHGUbsa29P1YXMhJBC7hwOo/xrmZYuTgfhS2U72swcdB2pxm0Jxud7LFHPFsZFZTnKkZrl9R8MI7SSWkm3/ZfoK0bHWImiVnJyMcAdK1Y5o7iMPGVIPat7RmtTLWGx5tcQNbTNFKPmQ84qqzAtx0r0bVdFh1JVyfKlAOGUdfrWE/g6crN+/TcOYwAefrXNKhJPQ0jUXU5eMgZ55H60FcjPb2p11bS2szRToyOOxqIHFYWa0ZY5Dt4BFTnGB5Z+UjBGO9QhSeQf8A61TQqCPm9apCZEoZJCV9elSupZc9+9PMXJOAcc5p6cAE80NDUikY+OmaRVxxVyQDAI/KoDj8e/FI0TIGT1/SnLhMHqfpT2xkU0HrjnFNCkPY5GPl/AVJbxjzQwAAHbNMQAn3xU8Pygk84HekyCtdqC42nqKgliQ2ocZ3d6tyEP1GD24qJkJtWwOhruov3TCppIoRHDgkdK0AySocgE+uMYqkgAb5uB3xVqAQ7vkcj2NbowqdyObfDjALL6kVSkO5iSAPpWvKj4wV3iqM0GMkAj2xVWLpVEUiKQipStIV4oOm5FilFPxS4piGge1AFPxS7aYDQKUCnAUoFNA2NxSgU/FKFp2FcjApcU/bShaBXGAYpcVJtpdtOwrkeKAtSbaXbQK5Htp2KdilAoBMaBzTsUoWngUwuMApwXmnhadtoER4o21LtpdtFguRBaeFp4WnBaAuMAp22nhadtpiuRhadtp4Wl20CGBeacFpwXmnhaaEMC08LTwtOC0wIwvNPVacEqRVoENAp6rTgvNSKtMQirUirTlWpUWgTYiJU6JSolWI0pE3Fjj9qtRRZxxSwx5q7DFUsLiRxDgDpWjp9k8sqpGu52PAotbcu6qqkseAB3rt9F05bGHc+DOw59vaocrGcn0JtKsI9Pt9owZT95qts3PNI5qJj61je4kOZy3sPSoXbFJJJ/kVWd/SmkFx8khPGelV3akZqjYnHSqsAj9M9qqyNzxUk0gPA6CqzNQA1z61XkapWJJwoyT0FNkUQoHf5m6Be2aL2KSuRFQgDy8L6etZ9zcGaQsx+g9BUl7cNcOB0jXpk/rVCRgvApJdWV5CSOMHPU/pVV2pzvVeRqoBHaq7tnvSu1QM1MdgZsVC7UMSc1C7UDEdvSoHc9qc54yelQysFHUEn0oGkRu2DUDGhnpue5BK5pFWE2liAAST2FQzqUcq2M/WrYKnkSLGcknPYVQllBI6YHA4qblIO2TwKhkccimySZqBnzQUkVU+U5BwTx+FIU5wD7c1M4xyCMdKSMA4GTn2qLHWndEXlcqCBjuelBiGcZ6HtU4wF5xzUczqiZPXJ6UbFLUYY8Y+YZp0rqqBckEd854pvmKqMQwLHgLjOc96pSElsk/lUuViixE53jnIHWty/vbOcx/YrZrdNiqQX35YDk/jWHaFlDbnbyz1wM81JC4zuHp0qoS0IaLMh54yQORQoD4JzSowPBGD1B9KcrAdSAfatEguK8GVw2CSexpj2zIOoPTofWrKMoJyBgenSpZVLIrhRls8Cq5UzPnaZnRhgx6e9WYydwOR7U+XMjKz8k8e9TxQhFJ29uAe9Tym8JgzfuwOuO+aj5J7H6U7BJ2nFLIAvKk9cUGvMSQkk88GrO3GDjGeQapwSrnGDkdKshxjnv6U0x8xajcY+bB7Y9qlXHJGM1SiOW9jV+ALgE5/CqTLiRsN2SetOXKnrgkY/CpJAOdmfTmkVcjHNBq0RFST8vIFOi+Vx9e9TbQMnAIqMjBBximKxdDpxjJ49KmhkweM/lVGMd+cVYiYDjGPpVIls1Ek3ketTJMVIxwPY1QSTYFC9x3qVX5x2qiUrlpnB5FPhk68fKfvLn9ahTgf404Ag8ColC5E6SmrMfe2yypxjPUVhT2/BOMFeua6CKRSArdexqK9ttwPf1FcdSkefKLpuzOYlQEFehHeqzAg8GtW5t9p5GGFUpouMjg+lcjVi0yuB5RDpkrjntj2rR0e7eGQYGEPX8+tUkGM55B7VIiquQpwTyBTTtqgZ2ENxjByDntVtJwwxnFczYPuh+Z/nU+vSrgvUidQzcH+KupO6OZxsWNZ0+G/gKyqC4+6wHI/GuBu7C4tWIeJ9uTzt4r0KKdZV3KR+dJMqlGWQgZHA61nOkpalRk46HmaNirEB3EjIBq9rNsouPkMYQHqO3tWQ+FOUOK5OWzN1aSLRuCp4JNBcEA9DVYK3XNWrO2a6bahww5APSjcLAHGOTxUfuDU9zY3MCeZInyjgkHp9aqYyRjihqw0xWyM8HrTBw2MjFSfMDjkU7yzgnGfWgLirwoYAdxT4SDlCFA9aZz0/LFORiOS2M0hImgVPNXDBj0BxUtxD5QKqQQe1R2ykkFWUY561qNmSNTIFAHQ4roouzM6qujnpYHYnKflVV4WTPBrpJbYOpIcEj04rJuEZDypx712IwiytBcumA3IqZ7iM9cnj0qBgjHkYqJlx71Qezi3cSYqxyq4qPbT8UoWg2WisRFaMVNt9qQLTC5HtpQKfilC00MYFpcc1JtpQtNCZHilAp4WlC0xXGBeacFp4WlC0xDQKMc0/FLjNMBmKMe1P20uKBEYFKBT9tOC0AMxSqKkC04JimFxgHNPC8U4LUiiglsiC80u2pStG2nYVyPbS4qTbQBxTsAwLTgKXFOApCuJilxzTwKcFpgMC08LTwtPVaAuNVadt5p4HNOC0ybjAtOC1IFp4WiwxirUqrx0pypUyJQJsYiVMiVIkdTpHmmQ2Rxx81ciipYos1dii6UmxXCCLgVoW8BYhVGSaS3gLMAByeldlomli0QTTAGXsP7v/wBespSsS2O0TShZxiWUAzkf981pseaVjUTPisG7isDtUDv6USPmoHanYYjt1qF2odsVC5qkIC3Ge1V5ZiBx1NSY3BmY4QdapSNk0D2FzTevJOB6013AA/lUM0pJBboOgoBEst0sS7Yx8x6t3+lZsshc/MSaWRskkmoJGwKaRVxkjAJ9apSHnrUsrZqrI1MBjtzUDtSyNUDNzQWhrHNRtTiepPQU1fnYDOB3PpSGRSMF+tV3OFy3SpbkbZWCn5c8Z44pk0W23MrsAScIp7+9AEE5GAXbLenoKpsxkfaCP8KdJySTkmoi2EZRjJ6mkUkJGhkkCAgAnqew9asXskZRQmBEgwoPc+v1qso2oXJ+U/hmqs0hcjsB0FIdhjsWOaifilY4qJ24oLGucVECMnJxihjupjcZ5pFD96sFAGMcU0EKcg4BPWoWB4+YEkZ47U8IzR55IXk+1SdMY2JW+dSeODVKUbnyelSF8HBzmhVV93OGxxSlqXdIhLKEGN24H8MVE45yTz1p4U564FPmTCpxgketTYlsr+Y6rsDHZnOO2adBOFLZHB6cU2VADnknvxUaZEgK9RU6oaLiTsTnB9MUTXLSvuYnnjFRqrhTkjk5OKZI26QsEUAnO0dBV8zEWrWfEg3tgE4rZ08NOZCHUeWCxyep9q55QZA21TuzkkdhViwnMcmM8e9aQmZzjpoa1xtWTOfwFadvIkloM4DZ6VlSOHALYw3NQwTbnxHnpjFaXsyYu6NUqu4gheKqTjaCvDMf0qRmIiAwGPrmq2GYEkZFDOiMrkluV+Y4y3QYPSrZOVB49MYqhCpDc9KuIOhY9BmpiUnqTQkjr+eK0IDuI3HGe9VIxtwfUd+9Wrfk9Pyq7G8GW44huwfzz1qwUVcbR06+1IFAQEAg0m4qDng+hq0im2yKRCeAR+dQkFCc/T6VK/Xk/QCo5DkbccUAmOQbsYIJJ4qYnbgYwc81UQkHnt6VKHBx6k/hVIpq+qLUTc4Pb0q1EMCqUfB/+tVyJwo5XPFBN7FqNyg4Az7im+YwPHSmow79M54px2seBjNK5SEBPpzV+2k3rskHPYmqiKB949+9WxAQNwB2nvioauZ1acZqzIbyzDe3oaw542jcq647V1EMm5dkg59TVa8tFkXY447N6Vy1KR50oSpuzOTli2njvTc9Nw6dDWhPA0LFWHPY+tVXQZyBj2rlasNMbETyRnHt2q0rtLF8pBK9Djv6VTAKtkEqfammeWB8qcevvVKVtAcbluzvzCSMkkc4x1FaksiajYt5TkNjqOoNc3NMkkrNEcA8/Sltbp7eUFMgZ5HY1Sn0JcOpVvYJ4WIK7j09Qfemw21qQn2iaSJ+67AR+ddPbTRzPtYbeMlD1/A1otb29wDmNGBHO4UezTFztaHNrY6XGuYTNcE4z8wGP0qeN0VwlnCkSnG4jqfxrZh0u1gOY0CZ96f9hg3FmUjPdTQqdiecqRRC6tnScfMfvD1HrWHdaEUfFrKshx91uDXSSx/ZcNGPMUDJyeRS+bAzJKCFBGCMU3BSGpM4RhJEzLIpVlPQ00SHnHGa7O7sLaZt2Q/sRmsy40m2YOdhiK/3TxWTpMpTOfG3HXk1IR8gBH40+5tRCSUkDA9OOahy+0Ar8tZNNF7l/T41yQV+YL+dX2cbDHg/j2rKsWKSjgkn17VrxIxDMQcdTTh8QS1Rk3AZWOCRVd5XK4LE1pSJl8EcGq1zalDleRXox1RzOyepmSDJ6YqJlq4yn0qNlHcVRSKuDTqkZRngYoCjvTHcj5o2mpMD0o5pgRlaUCn4oAphcQLS4p2KMc0wEA5pdtOxzSgU0hDQKXbTwKdtqgI9tAFSbaNtAhmKUCnYpwWgQzFOC808LTgtAXGBadtp4FOC0CGBacBTgtOApokbigLTwtOxTER7aXbUmKAKYEYFKFqQLzTsUgGKtPApVFSBaAGgU9RxTttPVaYrjVWnhakVKeqUxDFTipFSpVSpFjoC5EsdTxx09Y6sRR0EtjY4/arMcVPjj6VbjipNktjIoulaFtbl2CqCT2xUljZvPIqRqWY9hXZ6VpsdkgZgGm9fT6VnKViWyHRtJW0USzAGU9B/drUahnqJn9a522wQM3PJ/Gq7sRSzS7j0A9hVZ3poYO9Qs9I71CzUwHM1RnLHHemsxJwOtRXMgiUDOXPUelMYXcwOI1+6v6mqe70600yFiOc1G8oUEDG71HamlYNxWOOvWq7k5JPNHmAZJ/Wo3dfvyfd7L60rgkLldpeQYXHAHUmqDye9LPM0hyePQelVnamimJI2aruac7VCxqhjHNQOD1/Wp9pLYHXsB3oWJi+CAeeKlsZUkcdDwBRC+QAiguT3pt4Vz1Gc87elVd7AbslRjnHekMkALsxyOTnJ7CormYPIADlE4UU9oCoRpDknB259azZX+Zip6+lF7jSJJpyc9BkY4FVXIHvTWbnik+9kHP4dqCrEczO+SSSAPwFV2OKklfII9T0quzAKSetIpDXPvUDMTSu3NRk96RSAn0pjU5jUbGkxiWoy3I3Ac1ac7Y8AkA9s9qowSFSO+Pep5JN/+PrTVrGzvchYEscEEetMdgv+Bp7EBgSMAcYNRuA33Rk9MVDKFGHI4xj0qxOqhUHGcdvWksYwXGTj1/wqaf8AesvCrkDAHamloS3qU5oDgE9xnr0pkUfUk81fe3MbMsjFWXqp60yJAHyO56U+UOYriJicA8GnrbFl3EcetbCWwK/Jnb0INWYIFSE5QE9APStOQj2ljmGQrleR/WmLjscNnr2rYuYEJK5II9qz7i3EJGHR8gHKH17VDjYtSuD3DCMKSPTHtSW8hjlB5yOlVVJHQc+tS2rESrkDJPep5rsq1jZil3MolJX2qeUoSNigc+tUxulmADZOO1WUUA7Tk1smEUPjiXdx68ZrQt7R55YooQZJH+VVHUnHSq9qoVxuBIHp69qlA5yD82fWqSNLliOMc5OD6EVo2aKSPkHTvxmqccEpg83YdmcFh0Bqzbvjjg1Zd2i5uyuz5c54PcioGygPH+NLux36nrjrTJrp5FRHYsqZwCentQHMyM85zwcUZGCCvJ4Bz0oU7RnOQO1RHr1GKRXNcn2jaDkHPGDUe0g9KerDAH6UjDBP160yoyYsbkHPpVqJ8nnIqoDxwD9CKkDY+bgZqbmhbDnkk8CrMTDGd2SOgqgJcgdB9KsQkAjJ470FXL4bc+7rk81rw3W6BYucZzj1NYcX3/lJwTxVtGwSTn8aCXqSzjDsMMrA5wadHKGXa/OajLeYc5yxHem8jPFJq6M5w5lqNu7UMMMOOx9Kxp7do2O4fjXRISRhuQajlgDoeM+1c06ZxTg4M5ho8A55FVpogUODW7cWZAynNZs0RUkkfWuaUbCTMcAoeRSkc5U8e9Wp4SeVquVINRaxRYhvXREXYjFT1I5rWg1OJmUHKPjoO/0NYKY6HjNKUKn/ADzVKbRDimdKt+C6gEH2IqeO7UttOefauXS5kyqk5XPUda1oyYgpJWRCMgdxWqlclxsaVzs27gwYHggcGq+5SQnTnqelSFUb5s8ketCxJwp4/GmSJHbMsxK8DPSnzQ9T8rA9QaXz2hj2lgwB4J7UxJvOB4xj070xHMaoqJcsqKwA5qouFXktzx7V009tHMcSL75NZ11p7EA2ynb0x61hODepakU9MjUz/O2FHPPettSAGViSnaqEdukIVXVlY8sR2NXIZAQIic7TxUcti+YqXilSGXNQxTgZDD8623tPMixxk84rMl08KxxkGuqnJmMkiKS2jnwUwG9qoT2vlvhjj3q5iWBsHIxUolDjDrke9bXIs0zF8jceDTTAwrXmt4XGUO0+1Upodg+8SapMpFNkwORTcVOy8d6YRVDG84xnim4qQCjFAiMjilxT8UmKoLiAU4CgCnAcUwYCnYzQBTgKom4YpMU/FGKAuMApwFO20oFIAAFKBSgc04CgQgFOpQKdimJjQKMU8CjbzTEIBTgKULUgWgCMLTgtSBeadtpARBaXbUgXmnBaYEapUgWnqtSBaBDNtSKtOVakVKYrjVXmpUWnKlTIlMVxqp0qZI6fGntVhI+lBNxkcVWY4qkjjq3DDnFJslsjiiz2rV03TZbuQLGvyjqx6CtDSNFafbJMCkX6n6V08UccEYSJQqjsKylO2xF7lews4rKLagy/dj1NWC9IzCoXfFY7gOd+etQO3vTXeoXemkMV2qB2od6gZuadhiu3FQO9Dtk4qGQ7T1yRTGKZSuSPvfyqpMSPvdasqyKoZ/mJ5x6VRuZDI5Zuvp6UluOxHI/Yf/rqEnGaU8A5PNNUruJc4Ucn/wCtVCRbtY4o42ubnJQfdU/xGsmeUyOWPHPSpbu4aXG7G0cKo6LVJ29KhLqzS/RCSN61Wd+eKczZBqFzxVAMLfNSM2OT1qOSQLwPvUQKzsQME9Tmi5RpWSbImmLKGP3cjOP/AK9Zd9MIujb3I5I6D2pb25MI2xuzMR83oKy5AShcnvgZqQAzYYkgH0zUEjtI+5+cmjOT7+9SWoQSgyn5V59fwoGh2quyhS5+dx09BWSzVPfTNPOzt1Pb0FVGahbFJCM3FNMpVCB3GKY7VG5oKQyRs8mo25BJNKxFMlbcRwAMY4pMYxhjkjiomOTUk8m9vwAqNFyeelIpDu2Tmm43MelOVS4OOF96RQBmk2MphiMc8GpQ4285yOBipdTs/sF9LbGaKcxNtMkJyjfQ1Wb2xj2oNk7jGILcnrmiHJJwckDPX0qOTOfmH6Um7uBx34qOoy0khVcAHntU6yF+vOBiqQcbAB+PvU8fIxj3xVpktFuN/MO5zx371LbKnO7cCB8uB1PvVUhhjcMNn0q5ZIry4LbffrWi3IextWiKYTxkkjGO1dP4c0iwv/tIvbxbVUiMis3c+lc7aJs6ZwePrV9QxBK5UdBW9tDmbMrV7RVZ9jBhyMjiuYukKkqRXbTwZhbPDHvXN36gSHzFDYG0Y45qJxNaczFRQr5Y8dqNmWyvFT+Xuzg4OelWYIFJwGH+NYqBu5DbNnAGTitWBc5OaqLF5bYYYxweaswkDp0rRKwKXYuxx4HtmpARnIxUYlGAvt2pEYZOOlXcqLNFbtzbiDcfLznA6U1Dgkg5x0qorKehzjqKPNGTxRctyuXfM3H1A9KGPJI6nrx0qt5uTleFPAqUEZ5z060XuCZKrAEbgcdKQsuclT0/Woi6bTuPzAccdT71H5g2nJOT056UXKSuTA5OM981OGCjAxk96pecXcknFOeTPfPGTRuaJFlmGOcUx5N2Kr7+BnOKfI8WE8h3Y7fn3LjDegpFc1iwhxxn9atRSH047VRjYY5AOKkSQ54+vSi5dzWt3HQcmravzycisqB/lJyPoatxyYouK5oIQTSsQeR9KhifKnjPFLG2fWmCZYjd1wBnjmrA/evkkhsdagjZRklck8c1NGvPHIpNBJRluJJHlc9/bpVSe2WTPGDWogHvmmSQB8suAfSspwOOpR5dYnMXVmUJIH4VnvHz8w5+ldXLGeVZfwNULmzV8lOvpXNKBkpdznJEGMEUwbl+63FaMtsVJBH4VWkhI+709Kyd0UQfIw+dcH2q3bzeRhT8yHofSqpGOvBp69PUU0xNXNpJVKgg9fSpg7EcfyrASRozlTxV2C8JIDZrSMrkOJosQwwR+dQhxH2NKsqsOCCTUch3A/Nt/CqIJDOjfK5BBpElCMFzgGs+SF+oYGmhtvBOBSY7GjKEkkyAuRxkdar+Q8Ugb5cE8GojKQPkJbHWrdpIsqbWJyPxqXqNaF+DG35uRio5VXoRzVdbuNPkyd2eh7Vd2LLCHU/N7U4u2gPYz7mBGUhhj0NZM6PE5BG4e3et5kDA1UuIc9sj071qQjKBB4wy/SmSwEjKsCfSp5Y3Q/ISQOoPUU2IsWwQKpPUDOkUj7wqMitiWEvGMqGrPljCdM/QirTuFyuFoxT6XFUmIiK0m0+lS4pQtVcCILxTlXipAtKFpiGBacBUgWl20wGYpdvNSbaULzTER7eKULUoXilC0gIwtPC8U8JUirxQIiC0u2pdtOC0xXIgtOCc1KFpwXnpTAiC08LUgTmnBaBXIgtOC1KFpwWkFyILTgtSBacEoC5GFqRVqRUqRY+apCbI1X2qZUp6R1OkdMhsjSPmpljyelTRx5qzHF7UXE2QRx1aji5qeGAnHFbml6NJc4YjbH3Y/wBKmUrEXMu1tWkcKilm9BXV6VoyQhZLkBn6hew+taNpZQWa4iX5u7HqamJrCVS+wW7jsgCo3akZzULt71A7A7VAz0O1QO2TVWFYHeoWah2xUBYZ5PFMLCu9RFs01mqMyDBAPXvQND5GCj5Tz/Kq4y7YHPt600tlsDj61dt1S3iaZxlwPlUjvSb5Soq7Krxrb5M3L9kB/nWfI4JJouZWeRmc5Y1VeTmml3B+Q6STg1WZ8k46Ujt+dQyyBV469qbGgkfnAOTUMj4o3YBJqqxJOTSKSHO34VXmkCggdaJZcA4PNUnf5v50ikh4cBufxNPhny7KBsQ8sQOcVUY8knr6U+JdxGXC9zk9qBsllkXkInLEEZHSq8yFnw/X7x9BUkzjzycjAGBgcVVldsZAwPSkKwkhVRjPIHOBVQzEbiOCeOtE784zmq0jcbfSgtIZI3U/pUDGnOcmoWNBQMajY0pPNRMeetA0IxqNzu5/DFDHNPKBAAT83XHpSuVsMROct0FNkIY/LxUkhYjA6VGoJ4PepAUv5Ufr6Co0O7lqcQCWyeF4GPWkQALyeTSY9iqGJYYOcelNdxs44OetRbsAc9achUq2/J44x60rm1iPJAOf/wBdA+YAdCOlKCuCT68e1TIjCJ5FQlOFJx0J/lU2HcbbBHlRZG2gsATjOBVoAJOwiPyhiM+oqmoJ3YBJ+napbd8PhmO3vVxYma011usVtzDESHLiYL8x9s+nenWMRQq/8Pr6GoBlI8Rjeh/ix+lXoHEiKCVj2gAYHU+5raK1MXsb+lnKIkiMVwW4PPTir0algoyPYdaw4JGhjYqQYg2wtnrWpa3KMuQRxwBmuhM5pRaLF6yqvlkAMP61zup2u49Qc9x61rXMnmfMfxz3qjLPGszNIvHULmiQRujA+yOuSc7fWpo44wh3kjbx65NXZXQnKDk/dzWVM373Ctj0NYytE6Yty3LTlTwh+XHehDjuaqiQDABzxT1kztPTHH1qbmi0Lscgx85AA74zT0bfjI4PNUZJGdVACgKNvAqSB8dcg0JgWweSRz+NSIexxUJcNnOAKerlRkHpTHcuHAA5GT1Ao83AJGOmOvSqfmkc9cdqQyfKeR0o5ikS7yxPODmnFiOM479agVgWBz+Xejdz/Olc2iyUsPTn8qdGxHU8DqetQg5OSQKcXYgDsOgFCZdyVWx1PbAqSLjryKhQg8kgH6VLnA9c8+wqhNkm48d/Wp45PlxgZJ69xVZWBOeBn0qVsAlVIZc4BHGaQuYtxtk8GrsTY6dfrxWZG3PH6VfiOADxzzTTHzF2JycD+VWUOSOmc9KpxvjnIqRGORQO5fTrx+tXI5cKqnB5zWfG3A6+lThznnrTFe5dD5IIxUiEZ5PWqaNg+hqxG2eTzQO5YaFZRhuR+tUp7Jo/mHzL6jtWjFJjpUm8HtWbimYTpqRgvArjDcH1rMurEpkqAw9RXWz20cq8fK30rNuLV4jyMj1FZSpmDi4HIywgk9jVZo2X3HqK6me1Rwdw59azZrMrkjn6Vk6YKRkAbhihCUb5quNDntzURTacEfnUtNDvclEihBtBb9DSJOjjknPpUBj6EHFRNGyc459RRzNC5UXuGH/16ieM89xTYZnYYYBqsYBHAx7VadyWrFPIVuDilWd0fKcVM0QOcj8agaA9jmpswWpddRcIs0YG4cEVLplx5cgVzgf1qtaDYCrcA9M0s7BJgUGFPWk+4XNmUZwynGagYY75qa3nSaA56jsKYy5PWtou5DKUwVjzWfLAQ2Vx9M1sGLPbIqNoAT3qgMgTMgG9Dx3qxiK4RdxH5YxU8tpnIYcemaqTWzxt8vK/WqTJIJrFk5Qhh+tV/JbuMVdAcHCsfxpzhs/MM+9UgTKQhNNaPaattGRg9qbj2qgZWC04JVgdaXAzz0qhXIAlKEqbA7UY9qoVyMLShaftpQKAGhaXHtTwtPC0CuMC08JTgtOCmmAzbShaeEzTwlMQxVp22pFWnBKQEYWnBKkC08LTEQhKeFqYJUgjoEQBKesdTrHxUix+1MRCsftUqx8VOkXtU6w0CbK8cVWEi9qsRwE1bhtiSBjmlchyK0UPtV+1s5JmCxoWJ7CtnTtBkkw1xmNPT+I10dtbRWsYWFAvv3NZyqJE6sydN0NYyHujk/3B/WtsEKAFAAHAxSMc1GWArJyctyrWHFqjZ6jd6id8DmhIB7vxULvxTGeomfmnYBWJPXj61EzdfSkdwOvX3qrI5B+b8RQMdJIMZPQVWd8nrTXfJOahd8fWmA8uT3phfmonkxkk9Kntoi2JHOB1A/qaG0hpXLlnajh5cZxkCqms3TF1iXiNew7mnTagkXyp87Dv2rFnnMkjMxyzc1EU27suTSVkJI9QM3WmyPjrULyYHua0uSkEkm0EjmqxYkkt1pJHySecdKiLUih7vjrUEj8c9KGORz09arSyjoOlIaGyNk+gqAZZ8Dlj6UrnP1rX8PJG3mnrN2JHQUnoW3YyUjYkqiFpPT0qOYqpKb8nHzEVra3OtsDHFjzX+8fQVhMroBIy5Ujqe9CEncSa4bYFGBnr6mqkshPvSMxdmJI9aic4HWgpIaXOajc475pGOMknioGcZwKCrCu2ehqImlOTSNjHHakMaT61G3SnE+tNJIBxjnigY0cHJ7U3LYZ89B3p4xtO44HU1GoEiuAAOQcn0pDEj+9zye1SqAoPc9zUf+riOzk560yF2Z8sSQOT2pD3EkXYNuOetQmUn5adcuCxC/SoQjFwuefbtUMaXcqoMvgkKCep6ClyccZpBgBcjmpByoGAR/WhI2bCMcjHXrzTstgruJFLHzkHAyKnaFlgjZlHzdPUimok8xAvyocHg9RTox0OQB3zUsgDyZUbAQAB1poA3EAEr/n+tO1gvc0kkU2iKufM3Ek9sdqtKwRAMYPrWVbSKsiBjuHpWnMriFVxt3DcM8Fga3TujF6DTKxU9ABzmlt7kjO3cSTVNgyqCSOegzSRNg47daXNqVZWNhJ2K/vCfQY7VBPK7KScMegPtTZLgmFUXkjOSB1pksqzCJQiqFXaSB+tU5EcthI5ZQ4CgZUcHFU55AzNgHafetFUfsR6celQTW4CO3O1eM1Ek7FxauUk3RMQwKEDJBHNSIxUqTweoqJgcnJ/PvTFck5I71Cdi9zWhiV7d5TKgKsPkJwWz6VHj5j19vSqq7+OoBrRhVQuW5Hf3qtydiPfhTgcnvnp7UvmHH3j70jx4J28jrUeMA96CkStIfY59KbnJpmcdfu9BRv4wvQetFy0TocMMHIFPLEPwRyarI2M5ODT1f1/lSNEycP68n+VSg7tvQdhiqyAsCR1HWpomwMYGD700VcsNGyBGYHDDI560A88VDnrj8CKFfrk5NVcRYU88GpkJA6/Squ8HoPY1YstklxHHJIsaswBdgcL7mmJuxYjOeauREjBPAPNVSFVyAQwzjcOhqxEeMDv2oBO5bQ1Zj4HuPWqkL7c5x07ipN3IwRmgsuiTJHp2BqdH7n9KoRtgjjBHFWN3THpVAXUYdulTq21jsJx64qgjnuasxOB94buCOuO1AF6OQDPc1Okny+/asxG5zmrcTHAH4UhlwOSecmnZDDB6ehFVg5HHP0qRZB7CixL1GT2qvkoce1Z89vglXUithTx1zSkBuGAxUuJhOlfY5d7Q5JHIqtNbc8rXTz2AYExnHsaozWzp/rFOPWocDBqUdznWtjnjP0pDDjgitmS3HOOKgaEg9KycBKZlGArkpgH9DTXcqMlQCK0Xj+oqGaLcMMufcUuUG7lNZQw54HuaGO0ZIyvrUjwgEdT9aUAgbdg20wuUyxzlWxVpHjmGJsbuxFSmOMj7o57UqxRbeQBSsNMasbwNuHKeoNXoT5oyD9DUSDCnbyPTNMCyRSb4wNp5Kf4ULQRcIP8QH1ApNg4Iot7hJl6gH0NTBO4AqhEBXsKjkjBPPSrQUjr0pCuRiqQmZ0tsGzs9OmKptCUbGDWywIBwBVWR8E7lPFWiSkEDc/0okthtzkZ9qsO5z8iik38/MMfSqQGeyFT0pApJ4FaBKsOenvTRGhOQKtCbKflkdQRShKtmMMOKb5RzTQittpwX2qfy/WjbiqQiILTwtSBacqc0wIgtPVKmWOnhKBXIQlOCVMI6eI6AIFWnhKnCU9Y6QXIAlSLHVhI6lWKqRLZXWOpFiq0kVTLD7UyeYqLFUyRVbjgz2q1Das5AVSx9AKTZLkUkgz2qzFbZIwMmt+y0GWTDTYiT35P5Vu2djbWgBjTLj+JuTWcqiQrNnP6foU0oDSjyk9+v5V0NlYQWgHlrl/7zcmrLSUwvWTm5DtYeWqNn9ajd/eoWkpJATtJUTv3qJnx1qB5c5p2AmeT0qHcWNRu3GajaTIwOlMLErMBnnNRh0G4sckDge9QM9RNIFU/3j+lBSHSPg571WkfJNNd6hd8CgQrtULNk4FIxJqKRsZA/GgaQNIFbpuwePQ0y4uZJM7jhfQUxmwMVGm13wzYRRljjoKTXcpAqtIGK5IUZNQMyrnParT3Q8l1RNqMRgegH9azJXByT2pJhYbK57/lULy9Txk9KY8mSewqDcSdxzjtTKSHk84ppcd+KaW/P0qvJKN3sKAQXEufYelVC/NJJJk8VEWplomGW71ei1B7CHy0ADHnJ55qjbggmQnaq9Pc1TuHyck5J6fSluOxOZvMd5Z2LMT9cmoLiZ52+ZyBjHXgCokJz1AFRysCTtBx70DsRt944yRUcrgnHanOfSq8vynB60h2GSNk1HS96F60ihelRswFEjc4qMAtwBSCwM3HNRPN8qqB0pJ2G7CngUsUDvHv4C7tufei4yGRiI/qaVEbco5yT0pZjtcBcHHH0pkzlSArlm/ix0qRokmfa/rjoBUbMxHHb9KaCvlvlMuTkHPSkUlyqDPXgetMdrCOuVyDjnGT3NIjBY2wFye9JdyszgbQFX5cAYqJ33kADA6YFSOzZCvzHjqKk8xioQklc5A7VEc7hnvUoX59oYcetCNGaFiiOW3gK2CQaknljeWNEG1F9R0z/wDXqkshCjYeB1xQ0hXa2d2RyPStebQy5bu5bmEaR5UYY8feqmFJJC5yPSm+dk4Jz6Z7VJHkj69TSbuUlYaARjHWrzXEjmMTEkqoX5j0A6CqQBz756GpUByOORQrphLUmbrkjg1Ys4POdYkVnZuAF61OFVoI9yAEDgg8kURBUX72Hzxjj9a15DLmKZDByo4PTFW7SDEu1s5B706WykjiEvy7WYhTuGcj2qS3+XbuPJPp3qUrPUpyujTuraKOV445FkVW2iQdx64qpcw7Rt7dqBdLEcjBGMc96i+2thT1xntzVtpkRizOuIMN8zDJ4+lVljPmZ9DV+UKx35HPY1DlEBJHfIOf51i0ba2HJxwOVq3HnHUAAVkG5YtgHHfjvVuOY8Bzk00xWZa3tzhsGq7NkjH04pssgI+tRIz8bf0obKRI7fMOcmlUHPIOKa2AMnNR7sdCcGpY0WN2c9x0p6du/wDOqys2M+vWp429vxpo0TJ8lRgcdj70eYT09KiM5IC5JUH7uelCvt4UmgEyyszKQV69M0DgAnkniq6uCeM4609SM59eadykS7u2KmhznngVXTk9qmiOPce1MRpw/d69atIwqlbvuwOPpU5f8MetUUi4HH0HpUsbE9uKoo+Rg/oKsRP7Y7U0XYuoDjOOB3qVW461UV6er9cj8aYrFxHxjgH61MrH/wDVVSJgcZyKl34+70oAuI/Bq1G4x3BrOVxUscgUg8H60Ay/vzyRmnIwAPGPTmqYfPSpg+cdKCblxX5A4qZZPU5qmjADB61Kh9/zosJO5dEnORT9yvHtkFVklAUY6+tK7rg9qVirJkE9mrklDtxVCW2kU5K5HtWoJiueevalQjr3o5bmM6MXsYvlBshhUE1tjkZ/CuiljgkPzKAfUcVUksX5McgPsalwMJUZROfeAdziofJYZxyPzrantZR9+M4qv5IB5yDU+zM72MwJu+X7p9QKGtGXky81fMHfP6UCMdDg/UUvZsOZGYyuoIUnJ71EskqHlj+NbXkxv/CPwqCWyjPQkUcocxlBnVty8Me9WkvZMgNj8KkayI6MDULW7A9OaajcVzQjuUcD5hn0qQsMcYrKELDsacEcetP2YuY0NwPFMkVScnn8Kro7qeefrT1fP3gR9KOVoLoZLBg5Wq5VgaubhnjP404+Wyjg7qpJiuUTz1Ax7UuKtGLuBxSeXVJE3K4XvilCn8asCMdqXy/aqsDZXCZ60vl1YEfNSCKqsIqiOpFjqysVPEdAmyssdSLH7VZWKpFhpk3KgT2p6xGriw+1SrB6iiwuYpLF61IsNXlg9qmS3PpRYXMUkiqdIPatK30+aXGyJj74rWtNCkJBmZUHoOTUuSRLbZz6W59KuW2nTTnEcZb3xx+ddVDp1rABiMOw7tzVgvgYHA9KzdXsHKzGs9BVcNcyZ/2U/wAa2IIYLZcQRqvv3ppk9KN3c1m5NlKNiYv600t6VCZKA2e/FSUSl6jeTHemSOvRePeoSSc+lNCsPZ89+O9QNIB0qN3zURb1q0TYkaQnvUZaoy1RPJimBI8lCqzjI4Hqarhxu+Y8U2e6L4A4UdBUu/QpeZLLIiDbHy3dqqM9Rs/vUTP2p2sG4929aiZ6jL5pjPnOKYJCySYyBURbC5PelOOaryNzhSOPWkOw15MtgZNOYAJsZgB1buTUDyKoIjPJ4z61FhnbrxjqaTKSHSy7+VG1R2qpI2WxSSPlsA8DoKToMt/+ugdhrD8/5VXkO0A9h0qdiDnJ47mqckm45GAg6e9AxJZNq5z8xqnIwAxRI5Zic1BI9BSQ1mojVpDgdO5qMnJqaWUoMgAA9BQMS6k2AIhwMetUs5701iSSSeabkdqRSRKWGOPxqJjikGffFQu3JFFxpEsXMo74qvcHLE560ocg8HHaoJWOetTcqwgonPlhehY9qEJGeP8A61RXHMlA7Aqkjexwv8/pSFiq4HfrSFizgHoOBUoP7pgOTjrQSymRlqcH8sHJyAKM7TnvUIbdJ8xwvU0i9xkhI5OcGltih379w4yAO5qKV9zFj+Apgfac96Q7aD2fPGeKm8xIoT185u46Af41WyFQnqajLc5pXHa5KF3RuWbn+H3NJETDIsjKMDsw4qS2QskjFchR19KrXFwZTyTx0FDBb2LDWkgtTdY/ceYI+SM5xmq4bB6c/WodxIA7dAalOVGDjJGaVzSxKrYUrk896YTk5xk0RgMCcgYH5n0qQksSxG7oM4/KnuIZtIbipYzk4OaRUOPrT1wHA46c00rCepdi8tdwdQ5ZeDkjB9akjjBGcj3FVlIPCg7e1W4MBsEjOO1bxMmX4AsvDkqoyR/hQiqr88qTz9aS1lYAMCN3QZp5TKglSM9/et7GN9S4xjaBE2DcCCWzUF3EkSkJKGOPmGMYJ/yKktl3gs2ABUFw+zIU98iokEdyg7EsQRwOOKjcFTycntV+CylvJsQAySMC2BVSWAKxBODWTizZTWxCXLfLjkdPSq152Hc9athRg84bFUpQwJ7GpehommQxk9zwKnUnOGyCOtMnk82RTHEkeFCkIDyR3PuaQHLZ5PpmoQybcSc5q7BkRAFF65zjmqkJQcnk1aDgAnPHp61aRLGPjkg/pVdzzkY4p80mG+UfrULsCo256c5qWVFEoPQZFSZ+Rc45qsG45z/hTlPOM0Jlk+eR3+lP5bOByOaY53EsQqj26UwNgc9M0xliM8duentUnXHGDVdCARnpUm7k4AUE4oHcm+v6VLGMHHPFQKcEYP1qzH7EVSGkWo354/Kpg+etU0/OpkI/rigtIto/H0qaJiTVQkJxlScDpU0cgxx1x27VVyy6JAq+9KkuCDwR6VTLe4qRTwePei4maEcoPtmpxJ0rNhbG4fhU6vz1FMgv7wM4ORT1kNUBIQcZp4fOMUxM0Fl96mScisxZSD7/AFp6yHOeooJZ0Z1FXsI7fyIgytu8zHzn2zUKycnBzWXFNk/4VOJMdzQKMVE0A3p9fpS+bgZI/wDr1REvfinLLii5Zb8zccnrUqyYxjg1TRs/T1pwYZ69adxl0Pu9qlSTngis8PgcdqlSWgltGhv7MaGjR+qg/hUEbE45qRCc9enpTMpJMZJYRODjKmq8mmMBlcMPatJWGeDipA3vQZSpqxgNaOnO0imGOTHIrplweMA/WlMELj5kGfalYxdN9DlJIs9Uqu1v6Zrr206FvUGoH0tD91/zFNWM3GSOT8hs9DTlib1IrpG0th0INMOmP/c/KnZEOUlujnzETSeSfSt46ew/gb8qYbE/3T+VPlRHtGYnk+1OEPtWx9jP900fZD6Ucoe0MrYSMdqPIPpWuLQ+lL9kPZafKHtDIEHtThCfStdbJj0Rj+FPXT5T0if/AL5o0FzmOIDUiwe1baaVcN0iP41YTRrg9VUfU0XQc7MEQe1PWD2ro49Ef+ORB9Oasx6NCo+eRj9BilzIV2zmEg9qmS2z2rqotMtU6qW+pqzHBBF9yJB+FT7RBqctFYSP92Nj9BV6DRbhsbgqD3NdDvAFG+pdRhymdBosS8yyFj6AYq7DaW0X3Ilz6nmngknigq3rUOTfUtRJt4A4pBLg5qs7be9N354FTYCw8uaYXJqHdilBP0osBJmgn1NRhvQZppbcevHr2FIY8sScCnlDjHfvUcTKASP++jUU84JwDge9K9x2tuSvIidTuPaqjzMfpUDy5zjNRs4NWkTcmZieajLVEZKAwOSxwopisOZ/eoHfGaSWcEYUYFVnegbHs1Rlqjd6jL0xWJGb1quz9aSR8VCz4HvQND3kHIU0wlsZzxTQ4ByefQVA9zhiMDI/KkUkTSS4GFPI7+lVC+WwOtMaUuwVccn8zVqSNbcBAcz/AMTdh9KTZRDHHhgXGT6f4064ycqpBJxuPQfSo5JggKrz71QeRmJyxx9am1xoeHKO/bHUntVeScMScfhTHZpGYM3GP4qrscscf5FMaRYY7uPxNU7mfPyJ9CRRcTCNAq9TVND8xJ6YpjSHsccd6iekdu/rTmYuPnPQYGaBiQJvYljhV5J9qguH3OSfwFXHfZbhQBg89OtUGwOtIEMwTTiu0Z/M05pUVsRDIwBlvXvUJYtwfXrQUIzdqiKkjPFPdsehp0QAR5XPCjge9JjuVnAXvlv5VXJ5p8z9abb/ADb+CSVOOelSUu4sBOHyOtMny5DdD0xUqrtHJpUCA5YbgDnBPWgGyp93JNN38YxVwQiWUgALnkAHiqko2NjOSODQCdyGX1PAqvuwT71LPIzBdx6DAFVyMGky0hrjpz2pj5VsEYIqYnbGfl69PaoGJY5JJJPOaRSE609Yyf8A9VPBCKQOWPfHSkydvJIH86BXHG6kjtnt0IEb8txyfxqieuanZlPA5pko2EDv71LKjoV1cg9e/WpoRucLuHJxk9Khb/WH5cD0p6HHWkmaMsgBWIJHBIyDVm2CnCsevYVS3EfzNSI2CCM5q0zOSua+rxQxTKkEqyhUXLqu3nHI/A8ZqgvT0INNDM2FBzn0p+/yyNo+YDDZ5q73JSsSxyELtGAQeuOav2kSkbmPGePc1nRbNp3ZDAfLgd/ertpLsAzghjnmtab1IqbaGrbW7nqvHbHYgVK7yLGI8s0Ybdjtu6ZrY8PC2nmjFwCIy2GxzxSa3Fai5kW2ZgoJCkjtn2ru5FbQ8/2j5rHPvKUbAJ29fpSfaUfcGTeSuBjjmprhY2jCjg56k1kO2xmXcRn0HUVzTdjqhaRopqXlhfLwu3oRwc1UkuPMPzdRVBmK55FMVj5g5696xdRs1VNLUsTzHcASB71C79CeSRTJW3MSDn+tRM/PJzUt3NEh6kbjuBwOeKRZNj7hkEdMVCzc/Kc+lKhznJGP51m2XYnR/myf15qVX5+8Bx9KpqxHPNSDA9TnpihSCxKWO3qCPrTdxUbeB3pmePUnpzSHjGD0oGTKcckAZHGR1p24DBX5TjvUe7eFG4nC45PTrxT8PGQGUqT2IxwaaC5Kh6Z704kbjt+7ngmoxkdCBUiAYPp6Uyx4wcYI5/Cng8YFRgZ9jTguMZpgSqcY71YjbA71VUjtnH9KkRsU7jReyAcZzz2p27DHGQM/pVZXAHrmnq30xQUi2rA/56VLuCOwBVsHGR3qiXxj0p8bE/Q0x3L6sPSpQRxg5zVRM4zjgVIH7U0DZcU5wOKfu4qrGfSpA+D8wB46GmK5Oj4PqalDjHPWqiMM88j2pwfuPWgVy0r571KJMgAYOKqK3y9DntT0Y9qCbl2J/Tr2qxv4x1qhGwU88j608PjHNFwuXQ/B5zUiPg+lUhITk54qSNvx70wuXfMJAGTjtThJg81T8yn7uh/SmFy75vAxT45DwKoq/FTI3I45oIlqavmhlXaqrgYOO/vUiSdg1Z6SkDHSpw+MYIOR2pkbF1HqeNz24qijnFWYZNuG4yDmmS2WVfk9x71NE/aqgJ5I7c07fnr1pEXL3mDgc/jQW755qqHNSo3BOcY9aQm7FlDk/wCNOBFVll/KpoShYCUsq9yBk0iJSJd+0HrQGz1qCfchCnIBGRnrihXpmfqWVYe1PBB7Amq2cH3pyuAfekLQsgqOwpQ49KrhixwOTSlscE80ENIs7wOhp6MO/X0qmH2kHqfel35JOaANBSSpYDIHWmmXHQ5qoJjjAJwaBJ60rCLm/wDCjcQOciqwbIyTxS+YuOpJoFYsb8d6QPzUIYt6Uu4AgL19aVx2LBO3gkZ9KevqaqiQKeeTTWnyMA4qdWWkkXHmUf8A1qiknJ6cVU35PFSAKE3O3XoBRawNtil803OOc1C0meKZ5g/iNUSWTJgYFIJPmwTx71WL5+6eKYXA75oEWmnwSF4FNE/TPA9qqGQHPOKjZ6VgLj3BPA4HYVA8nJJOartJUbSU7AydpPSmF/eoS9NMuznr9aY7E7NhQSetRSz7gB0A6AVXeUnvzUTNSCxM0lRs9Qlqaz4HNMLEjPUZfvmoWkJ6dKieT0oCxM0lRs+OT0qBnz1qKR94IB+X+dIpIka4ADYHbg1VLEjk9e1Mlb5gFPWkHAyT+XWgdizax4LSs21U557mmS3J3Hvn1qF7lpIljA2xg9BUW4KCT2pDJXYk5JqGSTHTHNRtMxIAHFRlsnJOTQMVyCgzncetQu5Clm7Usjc+/rVG6m3fKvQe9IpIjdyzknvSqT0FQqeKcsm1u/tRcbHttUc9c9Kac9SaSQ7WO7Bbr9KjZiSPU0XEhZpvlyevaqjvnOKklXk4PNQkelIpCxH5iQaVjzxTPu8Z60xmCqW5z0FFx2HMcdaZI/7vbzyelQBiT8x6GpJV2oGJG49PYUmOxWY/MSe1SI2Fx0HfHeoRlue1PZv4QMUhskznvUckwQHd1oLgNz296qyhnZmBBC+pouCVyzbXTRLLMCN2Ni57Z6n9KrhTI3zH1JqLA4X86fJwVjHH94+tSh2SZBIck9BTSCo45PfFTGPhnzgZ4yearyyYGAcUykxu4Zw3SlQKxOKrluaDJg5Xr60h2JJG2ttHIqJmLHk0hPGepPNMNK5SQoPp2pGJJJPegjGOQe9SW0RuJhGpAY9CaQyufmfsMnp6VKFYKrYIUnAJqD37VKqnYXGcAgZqUy2TRruYLkDJ6ngU9ThsdPcVDGxOct07mnhsvnvVomxICc8cnpxTlbB6Y9aaHzk5wPWjdk9BVElhHBP07Z61ftioHznGBnIrNjIBGQcjmn+aexwPStU7Gclc3bK/eFt27C/TvVxdUxHOGVHMqhdzDlcHOR6Vzas2FPOCMVNDJgklhjNaqq7WMXSV7mhM4Pz+vQ1RlJckn5j61Kx3QcDoeTnr7VVdiq4yQP51MpXKgrDMqRyOaffGAbBbrIBsG4uRkt3xjtUDkpJglT7jpTTySckjH51kbWFTG0ZzioZOp25AFObI78VGQC3B4qWy0JnkevSnFt65JUEYGAMfyphxkkcH0oJYn3qBjw2BnGR6U9Ouc/8A1qRF3H39aU8cDp700gW48/OnGARgfX3pCpAz+hFKqjIwQKSQkudxJ7U0Njk4APbPWpFJY8549fSo1OB8o6VIvzdOPeqQiXduxk44xTl4xmmEDnkccfWjIBzjtTKTJ2bgcD1peDx0qENz0pynPei5SJkwT6CpRtx0OahjBcgKCSewp5PAFMTZIGyRyMU5SN3XNQjOOnUVJ6c/h6UguThsgZ6ClDZPB4qFmJOCTxTowWYADknFUNyLKOc45qdH565NVFbawz644NSKdv3hgjnmhMm5okMsSvtAViQD64//AF0zzCT9fXtVVXJx1+tPDAnjj1p3BFlT0FSnCkYYNxk4qqP0BqUMpCjnJ6+n4UDLAYEAYwfWnhgKgVSeg/Wml9pIoEy4HwTyKUSc4PWqokO0jjmlDZ96Cbl1XqZJD7/SqKN371OjYOQaYXLauAeRkfWnBzVYNnrUgOKBXLSNjpUyMaqK+7n+dTxuAQeo7iqFctocdMVOjcfSqSuO1Sxt9ePSglsvRSY6gVajYdzke1ZqydDipopVyNxOO+KZk2aYYbeScegpobnrVQSE+wp5kHbNBNyyH5yDTg/c1WDknrRvxQJsvJIMc/hin+ZnvVHf6GnB6CGX3meVt0jFm4GSfQYFKJMd6pB/enb/AMqBWLnm+9OWQ1R8zHeneYOgb8aQWLol29DS+aOaoiQfU0okOeaZLL4c460oeqYkpwkpCsXA/vSh/wC8eKpmX3pN/qaALplz9KVW+YYqsDxluBQZscDpUiLglCkYO4UNNycDaKrR73B2KzfQZpN3BpWGT7zSb6rs+OtAkQfeYjjtTAsrJikMmepqs0277vAHQUo3EZwcUmBMXPYUxnA75qIv6UgXJ+Y8Ac+1DYWuO8wscDk0F1Q/OAxx0zxUMtyinEQ4qr5hPJpbhaxa8zimmT3qvv8AemlqqwiYyVGZM9KrSzKhwTg1XecyPsi6DqaYWL5mUZyckelRCQsdzcegqshCjjr604vx1pDJi3NNLVGpJOBzUMkmOO9AEzSCoHkyagaQ9zxTC/pSHYmMg6U1mwOeKrs+MgHJqGRyx+Zj9KB2Jp5sLhTkVCJOMD0qBzuIGcAUwvwQp5oGSvJz1wfQUwscEE9etRAgDPJ+tG7Lc4pDJCwAwOlQPLzhTk0yaTHHr3qLcSQF/WgdixuCqA3WopZQi+rVFI4jGcgk1Sd8nJ70hpE7SEnnkmqz8nrUkX3ssfl7mobmQM2RxSGh0ZG1u5xwKFADbjg46VCcnAXOaYxxxknFIdh+7cxPWl3E88cVGCce1IX9OtAwkYDp1qF32jGOacSetROw70AhhcgE1C7lgBnv0pJZM8DpS24w29sbR+tK5diSOI43N90H86SVt5yRgHj6US3AkY4456elLqA8uCFNqIxXeSDktnkUEorxTGORXCqwRgQGGQT7juPak3F2Zmxk88cVHEQxCsMDPWpJQFJCElR3NBT0IpOTt796Y2FXsSOppvOevJNLcKECrvDcZOO2e1IY2IkNnOBnOcU0SbZc9+etNXOcdBTQoaQ46Z70h2HSSFPrVR2JJJPWpZyGbjtUJGOtA4oYaaBk08DcSOhph6GkykxHIzkdKRenPak747VIE4qRt2IzQrmNwy9R0pWG3NR9TQC1HZZl2nJCDgDoBSLkjA6ClLtgDoB6UKQOo5zSNCQbfLzk789McY9c5/pQhwc/yqNWGeeuKUHnr1pkkoJYdRgCnpwv6UxAANzYK5wQDzThwBjP+FWiWTK23GQD29acpAXvk8cdKhXGOetPDAYwcH+dVclokVyCfyqQNjGahJYqepVc0sY55PA9qBWuW/M+UHPTtTGmUhQAMCogwKgEBcdeOtMcgZxxmruJRJGUbSwHA79AabvBTA61Dk9M8CmnPOAc98VDZaQ5m67aZnGPX0ppY9Mj8KQ9cZz7iouWPZ2LY9uachGM9/T1qHv6VKNvl992efTHammBIshUjaMYpwYnkjFRKcgVI+5DtZQG4P51SYhygn/69PJBQAj5s9aWGXYjgxoQ67csucc5yPQ+9M4xwSSRn6U3YRICnlAbSH3HJzxj0xQGGBycjrUW7Ee09fWlVupPSgCcsAx2/MucZP8AOgYOcHgVGCNuQM/j0pScHnp7ihjTJQQOhzUgPI6dPwqBT3OKepHU5PHagu5YUgH/AApwbHAxioA3y4pVYdBgH3oGydT74FOzn3qAMSOlPVvQihEWJs5wakj7HI/GoAwXqP1o38GqJuWiVAByMmlLEnJOSeuarb+PrTi2eR6etA0Wkk7En8KcG7iqytx39uKmR8dOO1Mdyyj4Hc1Kj881UD+w4p/mAgcYoC5ZL9MGgNwe4qFmOSD1oBHYgmgG7k4fHepFY9c1VD9jTjIc5NBJeRuRnOPUVIr/AJVR8wnaAelSpISAO1MVzShdTwxI49M80obpzVRHwOetTxuMZIpkssq5U8Htipo8n8vSqin6U9Xx7duKYrl5HG0jAPv6VIrnGAeDVFHIPHFTp0zxge9FyWy6jZHPFSIwyOeKprIM5FO83piquZs0RIB06Uof3qgsnFOV80EmgHBqTzCTk1SR8D3p2/nrQJlsP609ZKqBsdelKJQOn60gLof3oMoqmJCT65o3mgC2ZM+1AcE8dKqFyD1oD0XFYveYMDAoEmKprJzz0p4kGaLisWxJgU4SZ9qqq2c/MMDnmk8z0oAuB6d5gBql5mOvX0o8wUCLpmY96TzM96qByalQhQS3JFIVjUttQuI7ZoY22oxySOtQ7iMk8DtVFrkYwOlSBmcAnp6Uh2LSkuxwcDuaj3DueKheUIuCQB6etRCZQQTyPSkKxpxyADEcf/AjQLmNX/evkD0rMnvWZNowo9qq+ZRYDVuL4O/7oYX9TVWS4ZlwTx6VW3+lNJ9aLIbJ93ekMlQFqaX9aoViz5nPJqKe7CjCDn1NVXlJ4X86iBxyeT70gHhWclpGPPapEKouFGBUBfFIZKAsWGfHemF+eOartJ700yEHg0DsWpLlsbRwB6d6gLnuagL88Ux3xyTSAnZx3NReYWPBFQs4JprvztU8etAyV2OPk69KiJ8tSSctSMwVc4quZS7c9vWgdh3zH5mPvio2cMcDoKbLL/8AWFRKwAIzzUjsTF9o5/CkV8nHc/pULHd0pykKO9AD3OOcVGSAMZGT2FNmlyMDAFVQ2MnHGaBoW6Y+YAfTtUTjZjdSjLSZPXNRzHzHJzntQUh7OGA7AdqiJB5Ixim98VJgeXgnk0gIw+Tx1NNI5p3CDOMntUUkhzxye9IYkj84HWgfKmW60wYUZPWomc5znrQMlJqrM3PzGnSydh+dVHz1qRpAzUFvlAzx2piDc4GRye9SS7TwOgoLIkLZIFWPJZot0nBzjFTWyRKBhyTtBORjn0qeRQxwOlUkZyl2KIh2kc5I7elNuGES4b5nbkCpnLKTtGSDiq1xCTKAW3NjNJjTu9SNGLRBnfbg8DFCxowIMgzmmy4yFU/KOlOWMiMSY46ZNSMbMqjIGcevrUKd8VMRnvUZGKBrYhk45zUDZJ5qzITt2jmq7Kc4oKQwHBz6UmAVY/lTmx25FIBmNh3yKkobGuTzUmCPwpVBAAokx9DQS3chlOetRj3qRwe9JEhZvQDuaRa0Q0gnHQ546004B2k9OMg96CST1wKYDSZoOJwOPSngjdntUa4zg55PWpAAASTzngUkDJFbBHFSq/ZhlSc4HrUCKxBYAkA04Ec5IrRMhokGQcZwaUNx7/yppzsDn7ucdaM5Axx2qrisTKxAyT24qSWSN2BjQoMAHnP1qtknsR7U+5j8mZ4i6PtOCyHKn6U7k2FJ5GD+NEj7m+XgVETjvx70dT8vYZ5OKVyrEoBOAOaaQ2SAM8ZNOhm8twwPQ5qTULpppAxCLnnCgDr9KppWuTd3sVc8c80h4A4560nBJx0x3o5APt2rM1FFSQqpYB2wO5xn9KiQ4IyAe+DT1bIwMA5zTWomTRbMNuzn+HBA5z39qaDjIx+lMWTB6daOpwuTTESZY5yflA704HrziolJBHf6U/IxnoM9D1xQMUk5xmj+LPAphbmnJz1IHfmmIlzhc59qVXxnjqeveogT27fjT0I43H34HNJgiTPPOPrTgwBGCDwD0qNcENzg444zk03cc9Tigdyz5mRtzge1KGz6ZFVi/PXmnxN1/pTHcsZGODShumCBng1CG556U8AFmCtxnAJHWmBKG9fpSjiolJB461IjH1xQSSg9P505eOpFQZpwfOO9MROG9Pyp6v7VXDY4pykntmncVy0r4HWnK3PYfU1X3YHJ5z0oBBbAx17mncC2r470oaq8MihxuJxnnHpT5JFZ2KDAzwDzxSC5OHxzxTkIJHb1JquHIB6cjuKVXIPbFMRcR/Q1PGc8AjmqaHj3qzH60yWyyDjj8KlU9OcmqxYg44zUm/0GDQK5YDEY4qWN/rVQPUiuARk/lTFctq/PNSh8dOnvVMSDsePenq9IllrfzUyNleo69KoBzjPapQ+Dwc/SmIuCTaeOtOSUgiqQc5609HGeo/OncVjSDnueaf5oAwg57ms8TfWpYpVB+c4H60EloOT1NL5nPNQXEyEqI12qPfJP1qNHoHYuh80vmDPBqsG47Zpd2KBFnfRvqv5h+lN8ygCz5nPFODnrziqnmetKZM49KBMt78kc07fz1zVEP+VSK4A5NArFzee1AbHOaqCXJ4pS5UkNkEetFxF0XG1cKBnPU00zZJLk/Sqe+ml896QF+OZAwL5I7gVLNfM/yqAi+grK3juaUzcAA0WAuNJ703zffFVPMoEmelCCxb8zjrQXPeofM2gZ5PvziomlLHPJ+tAWLXmE9OKN/NVQ5POfzpxnRAMHc3r2oAnL9yaY8hPAwPp1quXZ/U1E0nbPNAWLJfFNMlV/M9KYX9TSHYnL00vUBamGXnC0BYsbvekL1X8zHU80m8saLhYmZsA881GDuyWPyj9ajeTsKRz/AHsg9hQMeHA6daViq46sfaoFYZ5OBQZecAgD3pBYdKwdhtOPYnNQu4RcDmmtLtJC8+9V9wLE5zSHYfI2Tycmm7tvHc00sc9aj3/eb06Uhk+/JwBzSM+xeetRwjjJzk05iDx3HpVCImJLZJ60AgtzgKKRyEU881AzNtyfrSGiSSRcEA84yagyQuRxnjrUZf5+ehPNSFwRyAB0FIYoOPwqOSTHC0xpDkgdKjJpDSH+ZgcjmlUHaW2kgdTiiHYo3SDjsPWljnEkxLcKwxgcfQUAQs4JI7VC55OKV254FNkXBwDn1NIpDYkMsgGceuaimOegwKt2LtHcZQAkgjketRXERLlcdPSgL6lPHpVqKIAZb60sMPzcnNRzyFmwpwqmkNu+xbSNCM561IFGwgdTxk9qqxXCRoARk55IqW5uYwWLRlQwGM9R71dzFp3ImOzPO49gKrXDYOCPmP3j6e1SvMgdjGDt/hzzVVUaQO+fc1LZaRG45HFS4bygcHAqLGTjPerojLKqkgDHTNSU2UzwKVImZN4+6Dg+tLIu1yvH503cAMUyt9h18nKYRVAUDjv71Aqp5ZyGMh6c8AU5mJOTinKi8licKMnFIFoQMiurE4Rwc4A6/wCFQH5Vzjr3qyQNpOTuPQe1QsD3pWKTI945FOWMuM/nUiQ7j1GO5xU2wKAT92iwm+xCVyAG7VGcYwOBUh+YnJNRtxxQJFN0dEVmRgsnKEjr7imKcYPBxzzUbOzY3MSQOMmkBPfvWV0dViX3/SnCmLz1rWksrVdEW6+0j7UZdvk4/hx97NWo3JcrbmfGzlSgyR97HbigMAOxz7UgO3OVDcY57e9NzQtAJ0ZNrZDFv4SDx170qEcnP0qEYIySc/nQGAqkS0T7iQO5A65oTOeBn/CmKSOOBn170K5GdpIzxxVCsP8AMwrKAvPcjkfSkAJJIyB7UwEKR3FKWBzt4pDsLgA89KRiOowB6UmSRTWOaTGhVPOR0pWYs3JJNRggZPUUBsDHFTcdiTI9ycYpynCng+melR4IweefalwT7iquA9Tkc8U5TtxjOaiB59BT9xBBHBHemmIkOEY7WJwcAgVHuP8AjQWGPc9abnjg/gaTYEoIJApeNvGc/SoR6Z4pST09O9NMLEitjPUDvTw319KhDbvr1605G24yAfY0XAmzyMfzpd3Hvmo1ycfnS7lwOTu+lADweOTTlYirlvqgi0W5sDbQO00iv5zD50wOg+tZyt3709hIsI2MDNWJtqMVifemeDtxVMEgcZ96miO5CuM+nNUgZM8xkILckAD04FBbPSonDIcMMd6XcuB6+lAEyuQQfx6Uu7PJqAsM+tKGyeCKBFjcfwo3c5FQqxxyKduOB6GgRNk460qsB16VCDyO9Lvx0oAlB96lDAAc8ntVZW/KnhvTp3oEWQ3509DVdTgDr+NSBs9ABTA0tMjSe8hikkESu4Us3QZPU1s+JbG30rUntba6jukT/lrGeGrmY3wcjipfMZsZPNaKWljOUW5XuXPM49qVHwRzVZCXYAcseBTlYjPakmOxb8zcc8c+lOVyarK3FP3e9MC0j4qZX49BVNGNTA9PX3oRJYDYOM/nS7+1Qbh0yKXJxnigRPvp6tyOaq7qfvGMDigLFzzME4/PpSq471T3+lSJuc/KCe1IRcWQnHYU4Pk9aSSzmtY0kuV8tXHygsMn8KhDEngcU0yS4snHal8z1xVc5j++pBPrxSswwMEk45ouBLv96cHqvvGOlIHyeO/pSuBZZwcdPwFAaoC4Ucnn0FN83NAWLW/HU0bienAqA3CKuETJ9TUZlLnLHincVi2twU+5wfXvThNkEnrVEPzkGpo1Z/b3NAmifzM0bsdeTUW+NAcncfakFzHtO5Wz2AouFicHcTlgBTTIACF/OqhlLHIpwk9MUgsT7yakIaNdzkLnoCeT+FR28byN8uOO/pUVyVRhhixHWlcZN52ThRRvPQc1RMme+Ka0+D8hOR6UCsXmbnB6+lLI6xrgYaTv6CqKyOxySSfX0peFGWouFi19pk2bN5C9SM1GXqsZfQYFG+gdizvNN3575qDeaC+Bx1oAlaTnA60wt6Hmog1I0gFAWJiwHWmq+Tmq5YsfanbscDiiwE+4A8HJHrUbuSeOTTAwxxUUkmOtAJEhfb7n+VR+Yc/1qu8v4U1dzAt/D6mkVYnlcHAFNBwuO9RlgvTr2zQqmQjPegBc7uO3rUg2ngDj3phXDEHjBpHfYMjAAoEyWRgoznJPFRhwi4P/AOuqpl3tnJpsknYfnTCxM0uOetQM+7Oaidy3FIvHXrSGkPXnJNNm7CgyKuAagaRnYMB0pMpEgGBk00EswHekBJyWqS3yrhgMlTkZ9aQbAyuSOABnH0pjbY5DsbdjvilmkeQsWJJyTVcNzzSBDt3PNNLZpGHU5puRigY9JGibcp5pqlpGLMx246+tNAJ5P3R+tDNk4H4UAxy5BBDEAioJ3UsdoAFWJ2ZwiDGFwoqm6MGYHBIPODSBBH8zADrSys0kh3NuakYhF4++f0qLJwSoOcdaRVuoSSOdqFuFoiB5AJI+lLHCz3Cx45JAzU1q3km5AYA42gHqeR0/KgbasInyxsWUE9qaWPY0x2JbgYxUgZvJwF4znNMmxHzz3pBgmkz6ZqeEKQT8oI6c0DbsPjVEaVlywAO3PHPrVJuvPU+9TSttU8nB9KreZkrnrSuKN2WJLcrgv1xnr2o+ba0YIwSCR7iovO3AgE4FIZWxj9aAsx6JtbaOeabcBlkKtwV7VHLIQvyfeqOCdkkLOBJwRhunI60rjURWNMJNIWpCaC0jN/EUo5p0bFwYxt+Y5yeORUYPpWB0k8ZVTzzUs05mfJAAP8K9BVXGE3bhycYzzSowzgn8qtMhrqWZJFZyUQIp7A5pgxzz06e9NOV4PBpRyOKoRIQFA5+Y9qTrk9O1NHTjOBQvXDZ5ouA4Njrz2pQRk4701eepAozk9adxCnuM80oPpTRycZHTqaVGKsrDBwc8jIpXGOBOaR2DEkLjJzgdvzppYkknGT7U3PqRRcdgJzQPrSZpRjGCcD+tIB+/PLHOOOaVef6VGPbFKDz149qq4iVjx25oBJIAGajz+OakR8cdDnqKLiG555pQ3IPBpGxjA596TIPqKGMdwx449qs3EKpDC4kUs+Syc5XHr9aqqwUcgHPTNDuXbLnJNNPQVnccDyc8U7J68k9KjDcY4p4PYGhMY4NjGOtLxnjkUnHPFIOeO9FwHA5z2pQc0zJA96ARg560rgTL/sjmp7ed4XV4mKsD1HBFVFOO5/CnqSODiquJo0b2+nvfJ+0zNL5SCNN38KjoB7VXz75qDdx69qejcnvTuKxJn0pd3A5+tMHPSnYGMkjI7etADwR2wKeG9OBUXG0Y59aE5OBTQMl3nA5NLuOMdqi3YHtQDzQIlBp4eohzkgfkelLmhCLCMT15xUqPg5FVFPrUymmBaRscjtUm/vUCkY75pQ2KdySyrU8NVUN09KkDYGeapMRa3Zx6U9W5AzVUPk8ZxUsbDqWxgfnTuBcZ1LEou0dhnNOQnBbsvJqkJMcClEueKBFwyAk0CT1OapxtluTxnmn7xnCk4zxRcVi0HJNSKS3So7aSBQ3mozsehBwF/wAallnUt+6QKvpRclkqHYwJIJB4qZZiDkk+tUBISeDipokLtycUhFz7QWHzZNSx3QhOdoJ7Z5qrLD5YyrFvXtVR2wT60IVjSub6S5l8yVyzepqMS+9Z4kJxU8RX+NsD86Yyz5h9eaQyVV8ygy9hSCxY8zng0of1qsrZFODDvTCxaDDb0O6nM+VHQAD8aqiTsKUEn60CZYRwpz6U952b+KoeFGWNRb80CLAbPelyqg5HNQBjQXoAkD5p/mBfvH8Krkk4ycUhKjnPFIC4ly5GEwq9zVeSTJ+U5qu8xbgcKO1RnJ6mkFiYtzywp6Dv2qtuVecZoMpJ60wsXxKqRnaOe1VzJuOSTUAY9AaeDjryaAsTZo8zHSoWc9/wpC4A55NICYsR7UhOOpyai3Z5NICWJwaYEwYYOT9BTMlzjNQu2BjrTVlIGFyPU0DsWGk2jC0gkyecCq3mDOBk0oGRnOaAsWGkHO3t61C7fiadGVXJfkenrUZYFuD9aAE25OTyaOcgenSlZh0AxTRk5wM4pAPCjIJwfalDgHjtUTPjpTZDlAAcMeoxQA+abzCWc1BuB4Y/hSsVCHd27AVWchVJzg0BYkZyuefmNRF+T3qDcS39aVjjgcmkVYk3c8U1n9+ai3D+I81Gz+nFAWJd3f8AWgOScDj61AWpyhjk9vU0irFoDb1+tSeZsxtOCetV4pMkZ57U+QYzk80iAnkyvAxk8+9RKSwLdMUM2Rx0qOThBj8cUFJC8k8Uu0ZA7UqAhcmgc9OtAhZCOg6VFtyAcdTTpDVhE8yFQG6dM8UxXsQswwAQKiZAQTT24J3dRSZ5pAQtAVO1gPXrS/KhygAxUwOcgjrUM+AAuOaVhp30ITK3meZuIYd6Q5ZmPQNzSFeeMZqVWVcEj5QDn8ulIp6CwhCOcZ9T3pXkVEODk5xVFn+ckU+HaQwc444+tFwceo9dp5zxUIO+YKM4JxTXfaOajhlAm3Gi5VtC9dSxoqxqM4HNUWdc5xz6Uydt0jHOeajPTrUNjjCyJmm+bgAfQUqS7WBZQcHOD0NQBeck8Y61PEiOu6RgBnp3oTKaSGTyBnzgLk5wvamlgB8hJPeo5DlyRwPSkz8uKVx20JwN2COmcUkpy2cKPYU6J4/IkDl/MGNgA4981B1Y02wSKC5LYHFApufzp6AuyqOrHArBG7Epw68Uh4JBoFUIlBz1pRSKAVzkAjHFAPWruSTLtMZG0mQkYOeMd+PypFIXrnNMUlWBo70JhYcxzz39qTcQenOKbx2zijnOKGwHj5mA7k1IkMjsVRCzDsBk1GFwgfIxkgevH/66ck8kL7opGViMZU80Jg/IiY80oPrmkH6dqQZ6/wA6Vxi/zpcnGKcSu1QBg85OetNI784FUK4A4IP405mLsWOMk+lDLg46/Sm45wOaAHL1704YB45H0pmSOKUZpoRIX3A7gvrnHNKIwYi4deGA2k8n3+lRDOKM460mxod2yBQKTGaXvg/lS6jHE5wM8ClDEcGkRdxAzj3oP07VQhQeKU4Bxximkc8fSjknmgB3GOv4UBvTvSDp70YpgPBPAFOwT160xSaeoyCwOAOtNCHg4HIJp6txUZPAznHTmkBI56YouIuLM0cbBdu2QBSSoPQ549PwqMHOdzYqIHoR06Uv8qLgSITjIyQOtDMCT2qM9BgknvSZG05yT2xRcCQP6mnhsDJI/rUGcmnBhgHvTuKxNu7DpUkSl2CrySelV1NWrd8DHTPencTJvKIk2FlJ9RyKcOKQSBeQeemRTGOelO4iUH8qcCMDnnPSoATj6U4GncLFhG2sD6UpbP1qAHvTt3HFFybE6t708E5wP0qtv9eSacrECmFicvk1IrVXUjGcgYqRJ/LxlVYc9RTEywoGDlse1WLeEMpaR9iDqepP0rNWQswJqXeGwAenvQSyzvBYhd2ztmnBueOKrRsvTBP0NaESxbQc4x2PNBLY1ASeKsx7YjucnPtVZpgB8v5UySfJw3A9AaBPUtS3hkBBPHpVcvnNV92T04oZ1K5yBTGWPMHc07ze39apeYqjkE0pmORgACmBc8zilRs9arRuCDuPP1qeN0UA9TQFycZpwyfeoUdnPAqYfKAGakJjyNpG4ipZHjjRVj5bHzGq25QTgbvqajdy5yzDP1oESlieppVINQhgDxz+NO8xVPK/rQBOZMcd6N2OtVTJlutOWVehAJ9aLhYnLn6VGziomlGPlNQlyxpXHYs+aKaWJPWq24fxcU7co6ZNAWJ1HtS4zUW8EDBwvpmlaUFfT2oAk3gcL1oVyOtVvM44oDnvQJllpM9TTd3PXiodwI5oZixwOlAWJWcnCrTlO0YJqvv2jC/nSFj2P40wLEjDO1TnjrULv2FRu/HWoxnNIdiZdzEc8VYQAL8uCe59Kqrk4x0qbeoGAM0xEhGeWzTc4+6OKY8g74qF5Sc0ATl8Htk9zSKzZCkkfU8VDF87DdwOpNI8m9z7+9ICYnAyCCc9qZv+9IckCoGkJGE6d6jeQGPa3X2pFWFLl3Jyc1HIxJxngVG7ccUi+9IdhxJUc9ai3EnjNDNk1G0mOnAFAIcx25z1pI/mYDOPU1CxOanjG/5V+VRySaLjeg4RMxDdAT1NPlhZER2ZdpyAN3PHt2pGIyApyPU0xzuPBoEmCMVOQMUMxPJJzScdTSHnpSAlQ/pUnyquTg5qurU4kMn06UCY8tuPHFNBNJH8oO7OaTOckUAOTLuq9CT3q4FUx/eDbepzVQbfkAzyOSamCKCFjfLd6YpFWdmDnI+lSQuJFC+WMjncCc/4UjqXBHGRUcRERbdnJGBg1I+hOGAzj9aicK+C2c+1R7ueeKbuPPNAKI9VKEsuKb5TTbwv3+SFAzmmGQrweM04SkEFSFZTkEHkUFalR1ZI0kA6kjp0qu8jE5NaE8ySQYdcMDkFT1rNfJyallxd9yN2J5phNPZWGMjr0psi7Tg9e9Q7misC89akYJ5SsG+fJyMdB2qJOpzSMeTg8UrhbUuoGeFAduwHgCkeIKevHpVVZShHPTnFPednO41SaIcXcJwFxjOe9RRsFJ3DNPuJRI5YDGe1Q1LZaWmpMSGztGBSHA9ajRypyKVmLHJNA7H/2Q==]&gt;&#10;" type="java.lang.AssertionError"><![CDATA[java.lang.AssertionError: 
4 expectations failed.
JSON path planetId doesn't match.
Expected: 1
  Actual: <[1]>

JSON path planetName doesn't match.
Expected: Earth
  Actual: <[Earth]>

JSON path ownerId doesn't match.
Expected: 1
  Actual: <[1]>

JSON path imageData doesn't match.
Expected: /9j/4QJaRXhpZgAATU0AKgAAAAgAAodpAAQAAAABAAABMuocAAcAAAEMAAAAJgAAAAAc6gAAAAEAAAAAAAAAAAAAAAAAAAAAAAAAAAAAAAAAAAAAAAAAAAAAAAAAAAAAAAAAAAAAAAAAAAAAAAAAAAAAAAAAAAAAAAAAAAAAAAAAAAAAAAAAAAAAAAAAAAAAAAAAAAAAAAAAAAAAAAAAAAAAAAAAAAAAAAAAAAAAAAAAAAAAAAAAAAAAAAAAAAAAAAAAAAAAAAAAAAAAAAAAAAAAAAAAAAAAAAAAAAAAAAAAAAAAAAAAAAAAAAAAAAAAAAAAAAAAAAAAAAAAAAAAAAAAAAAAAAAAAAAAAAAAAAAAAAAAAAAAAAAAAAAAAAAAAAAAAAAAAAAAAAAAAAAAAAAAAAAAAAAAAAAAAAAAAAHqHAAHAAABDAAAAUQAAAAAHOoAAAABAAAAAAAAAAAAAAAAAAAAAAAAAAAAAAAAAAAAAAAAAAAAAAAAAAAAAAAAAAAAAAAAAAAAAAAAAAAAAAAAAAAAAAAAAAAAAAAAAAAAAAAAAAAAAAAAAAAAAAAAAAAAAAAAAAAAAAAAAAAAAAAAAAAAAAAAAAAAAAAAAAAAAAAAAAAAAAAAAAAAAAAAAAAAAAAAAAAAAAAAAAAAAAAAAAAAAAAAAAAAAAAAAAAAAAAAAAAAAAAAAAAAAAAAAAAAAAAAAAAAAAAAAAAAAAAAAAAAAAAAAAAAAAAAAAAAAAAAAAAAAAAAAAAAAAAAAAAAAAAAAAAAAAAAAAAAAAAAAAAAAAAAAAAAAAAA/+EB3Wh0dHA6Ly9ucy5hZG9iZS5jb20veGFwLzEuMC8APD94cGFja2V0IGJlZ2luPSfvu78nIGlkPSdXNU0wTXBDZWhpSHpyZVN6TlRjemtjOWQnPz4NCjx4OnhtcG1ldGEgeG1sbnM6eD0iYWRvYmU6bnM6bWV0YS8iPjxyZGY6UkRGIHhtbG5zOnJkZj0iaHR0cDovL3d3dy53My5vcmcvMTk5OS8wMi8yMi1yZGYtc3ludGF4LW5zIyIvPjwveDp4bXBtZXRhPg0KICAgICAgICAgICAgICAgICAgICAgICAgICAgICAgICAgICAgICAgICAgICAgICAgICAgICAgICAgICAgICAgICAgICAgICAgICAgICAgICAgICAgICAgICAgICAgICAgICAgIAogICAgICAgICAgICAgICAgICAgICAgICAgICAgICAgICAgICAgICAgICAgICAgICAgICAgICAgICAgICAgICAgICAgICAgICAgICAgICAgICAgICAgICAgICAgICAgICAgICAgCiAgICAgICAgICAgICAgICAgICAgICAgICAgICAgICAgICAgICAgICAgICAgICAgICAgICAgIDw/eHBhY2tldCBlbmQ9J3cnPz7/2wBDAAYEBQYFBAYGBQYHBwYIChAKCgkJChQODwwQFxQYGBcUFhYaHSUfGhsjHBYWICwgIyYnKSopGR8tMC0oMCUoKSj/2wBDAQcHBwoIChMKChMoGhYaKCgoKCgoKCgoKCgoKCgoKCgoKCgoKCgoKCgoKCgoKCgoKCgoKCgoKCgoKCgoKCgoKCj/wAARCAQABAADASIAAhEBAxEB/8QAHwAAAQUBAQEBAQEAAAAAAAAAAAECAwQFBgcICQoL/8QAtRAAAgEDAwIEAwUFBAQAAAF9AQIDAAQRBRIhMUEGE1FhByJxFDKBkaEII0KxwRVS0fAkM2JyggkKFhcYGRolJicoKSo0NTY3ODk6Q0RFRkdISUpTVFVWV1hZWmNkZWZnaGlqc3R1dnd4eXqDhIWGh4iJipKTlJWWl5iZmqKjpKWmp6ipqrKztLW2t7i5usLDxMXGx8jJytLT1NXW19jZ2uHi4+Tl5ufo6erx8vP09fb3+Pn6/8QAHwEAAwEBAQEBAQEBAQAAAAAAAAECAwQFBgcICQoL/8QAtREAAgECBAQDBAcFBAQAAQJ3AAECAxEEBSExBhJBUQdhcRMiMoEIFEKRobHBCSMzUvAVYnLRChYkNOEl8RcYGRomJygpKjU2Nzg5OkNERUZHSElKU1RVVldYWVpjZGVmZ2hpanN0dXZ3eHl6goOEhYaHiImKkpOUlZaXmJmaoqOkpaanqKmqsrO0tba3uLm6wsPExcbHyMnK0tPU1dbX2Nna4uPk5ebn6Onq8vP09fb3+Pn6/9oADAMBAAIRAxEAPwD5Y565HFOjjeQkIpbCljgdAO9NIAbCtkeuMVNbI0kvlQl2kkIRQn8We348cUwK54oFPYEMVYEYOCKaRnpikAi9cGn5GD2IpvQ/40pHyg9+9AE7zQNZxxrAVuA7M82/O5TjA29sYPPfPtUBycdqFUkEgZA5NAFMBADmg8HFT3MSROoSaOYbQcpnAJHTkDkfl71CSc570AAU9uaOh56VKkrIoCkjqM+metRkdOetACAZ5FKQR2xSgFHwwII609XQEnG4dADTEQ8g0E+lKwOc/jShmUMB0YYNIYIqs4DttU9TjOKQ8N8pyM9TQQfoadtIAY9OlAAQNx29PekAycDn0qSbywyiFnI2jO4AHOOfwzTAT2wCTTEN70tOOQecEjjjmkzkYPNMBO/FLS96exUuSi4XPTOcUAIxyxOMA0i45zz6U+TLZcRhEY8BRwPYUygAOSM0mafGFLAOSF7kDJpKoQFW3YIIb0pzZHB4NID3PWjt/SmAbTjdx9M0KcZ4pKXr7UAA9qcPWkAH1qRSQuB0PX3piAHqTwaWjtgjFAGSACPqaaEGCQcfWlQfN1471PYxpJeRRzSiKN2CvJyQoJ5JHtT9Riit7+4it5UniRyqygYDD1piv0Kr8nOMVH3qQjt+P1oYYHbmkNMaMhSMde9GOCRS/wAB9ulJ2pWAQnjnH1pv06049O1M+tMaEooo7Uhi9hjr3NLnI6c0gxmhfrQIX6iirWl20V3f28FxcJaxSOqNNIDtQE8scdhS6rBBa6ldQWlyt3bxSMiTqpUSKDwwB5GetVbS4r62KhwO9NNOptSUhDSUueMcUhHvQMTuM9KGxk7c47Z9KOe9FSAdqXJ247dakuJEkZPLi8sBApAOckdTUePWmAoJ6tyM5x60FtzE++aTGfrQMUAAJGcjrRS0p5xgY4xQAfTmlHB4pBjFLjp3x2piLl7qFzfCAXMm/wAmMRJwBhR0Hv1qsD17U2lxjindsVkhefzpccetKo/SkxQAgpccA0uOfb6UYzgD8qAE68joKUdKMEH3pwXn19aQgX3FSLgDkZNIB+ApduBTQhwJx/WnjPAHJ9hSMAGIDBgD1HelHXjIOMVQhCOT2PTFIRTvmBznnPNXNQ1G4v0tkuGVltohDGAoXaoJOOBzyTzQBQwCfT8KTHNPI/Gk7nOOlIZIkWYt25RztwTyajUc8dKEye3FP4znjmmIYVwOuaacfTHtU6KrNh3Cg55xnnFRMP14zSsFyBiSeKbipNh6YNJtPvwaCriImVY5AwM896UDDYJpcY4OaD7UAS3aQxlBBKZQUUsSm3DEcj3x61AOKdgYwevpShfegVwjHzVIpwemR6Uir1GOfWpFUEc5oJbGgHrT1TJ/QCnonQHpVhI+QOOKpIhysVwn/wBepQh4qykHT35qV4NqKcD5hkc1aiZymUdvp69KeAeARU4j46VIsXAOfanYlzIApwOPxqxEhOODkVZaJXKbU2AKB1zk9z+NaNnaA7CvPHNbQjqc9StZFaC0d1JUU5laFvnUj2NddpV3b6eJlktoZy8bRgvyEJ/iHvXNatIHkJB5PeuiSSRwwquc7MzJD3H5VEJMdeaRnx9aYO3oa5mzuUdNSZTu69+9NfgevuKjJ/Cm7zRcOUV2IAPXNJ5mTxSPjHTFM3bR2qWy0roRnPbNG/I96Yxz+FMEgXGQCPTpSuapCtwTjmkVsEZ/Koy/rTd3vzSuVYlkkyT2/GowMhsbi3XGKjJz1605GIyRnkEdcUXKSsJjjgHmkHXmnHkUg68Y60h3HAE008Vo6VfNp8sjiKCYPG0RWaMMoBGMjPQjsapMMmnYm5FnGc80zJJ4qVlJHH/66iOQTUMpMduXAx170ue+PamAZPtUygEZGaa1E9CIrzTcVKVOCcHGcZpmBjiiw7kRHtSEHNSYz70rKM4BzSsO5CBzgVNBNJC2YnZWPykg44ppUg5H6UEdc9c0h3uZWOeOlBOCNp6VJKYy2Y0KLxwWyelMBBzkE/SuQ6RNxYktnmgccnsaVRlwvHB70mTjGfwpAJkk/WnL8vOAe3NNBxSv29O3NAC5wMD/AOtSd+O1G7oOwpCOPWgBaU8/MSMmkBwCODmpgyLE4Vch8DLdVI9KYEeflPbNOcZCsVwDwMDimj5W7Efzp4ZpDsQE5OFXGevpQBGeRyeRwKT+dTyiKMMigu/HJyNh/iGO/wD9aoeh4P5UAT2sqQXEUrxLPFG4Zo5MhXx2OOcH2qMYef5QqqTkAngU0gAZDfMeoA7Ug6HJIFACHtk5HrRnnqQKcyMh57AHg5pvBOAeO2aADjtmntyc9O3JzTmhZVQ5Rty7vlYEj6+honkEszOsccYPO1PuigBFIRuQHA9zigHGMBTg5+tIMcH2o45xmmIDjtkd/pSqD/8AroIwByCPrSqPbJ7U7AJzxS9qUdOe/pSds5qrCDtRS446jr0zQM8n0pgHpS9jijqelL+gFCENI560oFOx8vXnNJ9adgAVJCFLqGOBnr6UwZBBpw5ycflVITNLWobeDUWSG+TUFGMzRhlDHHQbueKzjg5/lTe/Wl/Ch6iSsOx0wc+tLnoM5poxnkU5RyASBnvQAZz0IHak9doPr0pvSlJ9D7UgAtnjA+tIfajoOnvQcbRx096BiGmGncdxSMOeKQ0J0JpB+lBGDQRjigYoODQOuKB36UtADmXaFORyM8Hp9aSig9KYhDSGnHpSEYxQMacnk0lOOMAjrTaQwVSxwOTSUvejFIAAox+NOTAYEjIB6etPUk5VB9/jHWmgIxwecUY9qUjBPHSl5xTsAg4PQGgClxS4xxQIQClHrTsUuKYDQOec49qAOuM4pxHSgDmgQsY45pdtPUAAENz6UvU569zQTcjIGB196Xb7U4jBpR7UgGgYpQDT+xHY0oHpTsAir8vXnPSl2jFOUZp2CTQK4xFP4U/Hpxk07bgVIE45p2JbI8dCAaaRg5PNSkbeMnPSmSuHJYKo9lHFA0R+vam9e1OPPNNpDEA5xmnjvzSNnOe9LnpmmJinJXjmm+lPOAPc/pSehFMSY1gcdTTQvOak46E803pyBSHcAAck9KiI5OOe9Sk5HzdaiPHQ4zxSY0KpyalEjlAm4lAc7e2fWoYxzUwGT8uaBMeEx1HFSqKYnXoamHbpVWM2x0a8VPtGcZ5qLJJBY/nU0XJ5qkjOTJo1JPPSpgAc5wKhJAAxnNPVwcZ/KtTF3eovl54HBpVXkAjjvSqwGfepYkLxlguVHBPp6UyL9y3bBcDrv/Sr1vlGDKSCPSsuHKvwTV2WUogJOK0izmqJ3J3mADZrJvZN3HXimz3W4nJ4qnLIWxg0pTuVSo2d2Mds88VGZCQPQdqjbJPXNBBAHTmsbnao2JoHj8z96CUPXb1phcZ47VEWGSO1Rlj2ouNRJ3fNRMxA4NBcY5qN2BY9B7Umy4xELnPNNLZNNJPNN5z7VNzSw7I+npTSxozwR60339KAsPzTlxxzz6UwA5pxPOe1MTHdvShRxnPPpQTnvmlX9aYug8dOPzpSMelKoIPOKbNJvZmJGScnjFMgidypypI9CKhJ55pW655po69Kg1itCZUO3fjjpW39hsz4XF+uoQ/a/tJhNkVIkCbciTPTHasEE446U7J6c4ppkONx4ORtzxQEJx/Wm84zShz+VFx2Ze0Q6dHqMJ1eOeSyGfMWBgrng4wT74qjKVZzjO3tmlY5z+dM+nehsEg6YwKCATxjPpT48YO7J9MetMbrQHUxvejPTGBj0qe4na4EYMcS+WgQeWgXIHc46n3NRRxu4dkXIQZY+gzj+dcJ2Dc8579aklcec7RZCk8Z64pOZH+ZgGY8lv600Lzjk/TmgALEnkDkY6Um07d2OM4pxb5duB1znvTpWklVXcllACZ7DA4FMCEVIUCvjeGXIyy0YLkkgnHUgUg6FeMHv3oAGChyFOVB4OMU512qjb1JYElR/Dz3qP2p2RigB4zIqoig7Qeg5Pfmmru5K5+XkkU0HHrQT0wc+1ACjg+1HfOOP5UuSqnjhh1I/lTeh68GkAoo3HhSeB0FB27eM7v0xQq5YDIHPemAmDj2pAM9M5pxI5AzzzSBiCdvGaAAZ7dO9L1oyduBnH86VfmyML6kmgBy4G0n5h1IpQASf4R/KkABAJbn0xS7c4+vTvVJCFVcuBjOaXp17VdsLdnlhO1jEZACcdear3MTRTOjDBUkYP1rb2bUeYjnTdiMkuck8+ppCNrEdcHt0qWSFo1UuQGPRe49z6VFUNW3Ghvc4p6sQCuSFPJpFUlSwxgdeaWhIYDGDxz25pfSkHpSjpTQh2BgUYwcZB+lKST1zwMUccetVYkbjmlHTpSk/wCHFNxjvQMXH1/CgDB5GRR+OBThjBznPbFFgADvn8KBjkHOPajk/SjrQIMkcjHpTSCafjgGk/L0oAbRnBP9aU/Wk3EAgYwRjpQNAoyewP1prfXNL0o9aQDcZB4PHNJjHORTj074NIOPxpDAZ780uKMYpV6E55FMBMc0fSnKAW+bp7dabjnkUAFJ2pR1pe1ADMUpXgHIOe3pT5GDsCEVcADA/nTOp4FAxMD1pMU7FKOD2/GgA2kIDjrkZ9aAcYIz+FHOad1OSO3QcUANFLilApQBzkUwEOCeBilApcU7HpmhIQgGKklZHSMJGFKrhiD945PP9PwpoFApgNxS9sY/GnY4pAvPFAhVz7n0pevQfWhR6/SlApCYYp2MHg0cHHY07HJ70xBg4xj9KUDsKVFyM5HA9acBTsIFXOO1SBeT2oC5xinqPXp6UIlibQVAA5p6cevPvTlQcA/jUhXC9PmqkiGypKpJNRYHf0q1IR3/ABqG5fzpmk2qu452qMAfSky0yEg9+Kbx3zUirkGkxzxSsO4w0qfSjaad0HShIGw7etJ684zSkevT1pM80xCc0oPqM0UDg5yKQCEcUwoefSpvSl29/wCVFrhexCqfLxUiqSOaeF5z6VIFHH9aaQnIVRheRSh/lC5OAaX0z1ph5PHFOxCHbsd809JCDn9ahAOMjmjfwBzj0o2CxaWQE/OaUv8ANkHBzVISYNPSQd8n8cU7i5C2JcAnPNW7K9eHIB+VxhlPQ88ZrFMh3ZFPSXbimpEyp3RsNc8jHAHGR3p892pj649qxhOQOvFJ5xbPp9afOT7EsNLzyaaZcn/61Vy5Ixn9aj8zqCam5ooFzeF5zz/KozJxnPeqxf5eDxSFueoPHai41An3bjzTlwT9TVUN61NE3PJppg1Ye4wTjp0qI98GpZsBmCsCM9RxmoSeOOlDHEC2FIwOcckc0z0pWYY5HNCtzU2KF2EjI9elIBkcdqcMjkHkcg0q4Jye/rTsK4iof0pSevAxTwQOKQkH/CmJNiY5POfpUijHeos4PFKG7ZoE1ce7YAHpULnjA+tOY5PTtUTHvSbBIbz1H86ACOvApeSfWlA/TikaCjGBjr3p4U4+nWhRxUgHGM9T0pk3GckYP86MEVIq/iKRhk5osTcjOOgNIQSP1pzClH6g0WKEzwM0h5+tPx9PpQF57U7CMaGaSCQSQyPHIAQGU4PIwefoaXythIkIXK7l96ayqFBDgseoA6UiMQ2cAk8cjiuA7BMnGDz+HShSR05PTilYFWKngg4NJyjdc4PboaAF2jC4Of6UjEgkcY9qbkg8cfSjvQA9Tg/Nnng0hXa5Ug5B9KT0PrSs5YkknOMZPWmAE5zwATz9KQ5P4UA4B4BzxSgcjPegA46E9PahSN2D936UmMk47UsYBZQTgE8n0oAchLMm5jheBu5H0pZdg3BfXgj0+lM79qlmZ52eZ2UtkZ6An8PwoAhycg88dKGJY7jzzyaPanKOdvXn14pAIwzznnjINIAMHnntQSTyetOYBW4IYdeKYCZ4GT9OaeFbbuwducbqQ5GMrgHkUmSMYpiHoSFIABB9RTzGR1YA9sHNMXBVstjHI9zTlKjljxjtVIDq/h/d21prkL6nF5umAj7QmcZHt710HxNg8OWeoC58PTTP9sjFwkky52BieAB346mvOxMX+VRtUdFHSn3Vw8/lKzfdQKMen+TXdGuo0+U4pYduqqidiu2XbO5WJ5JJx/Om9Dg0hBB5GDSgjjPP41x7s7BzAKEIcEkcjB4pBz1pO3XNB4JH50bAKaAeaCMHGQe/Bo49fpTEKOtPGSKYDWnoOqvo2pxXkcFvcFMjyriMPGwIxgqatEvyM85FJzUlzL59xJKURN7FtqLtUZ7AdhTY1eQqiBmJPCqM5PsKTBDaUcdaQ5B5GMe1OUMxCgEkngUIBBz0p31pB8rDjkHpQTkk460wFBPbvSUtA60gCQKAu1icjnIxg0zj+L0pzdKaeevakCY2pUeJbeVXjJmYqUcNgKBnPHfPH0xURpp/OgoXtS0Dp059aXtjA+uOaAE56Ud6XHH9KBQAuOM9s+tAGQTnoO9JS0wEo+tOApaYDMUuKXvRgZpAJ0ox70tOA9KAG4GO9KM4wD160uO1KB6U7AJt780uKUCnYosA0CnBacBinoueuc44xVCuR4xQVqQj2oC+tKwXIyKcM8c8in7aTBxjtRYVxvFHOMc0/FA49qLCGge1OA6UoHXrxzSqPpRYVxwGFB4p4HelVcjipEQkdKqxLYgHHSnqMdcfjQFwOaCfWhIm5JHj15HY1LO4MaKqrlc5I6nnvVXcQRj86Utu5qiGhkmDnHrUWM1NIu04PUU0HjnFTYu40pwM9KYULZ61YQZbrjNX5dMmjsIrx4z9nkdkR89WXGR+oq1C5m6lmYxXBFD8n1qy6fKemBUG3NS1YtSuRgYpOQT71K64xwaYTzSKTEwR1/Wn44wTTQSW5yTTyMAA5pAxh64BBFO780AZPAz9KBx+eKAZpwx2B0iZ5JZVvxIojjCjYU5ySfXpVFXGCO3rUZbB65pAe9U2Qo7khIzjHNN3cUwt6U0/jmlcpIkyAPembuOO9Mzz15oLHAXPA9qBpATzzikDnOQelMNJn3pFWJQepNKScVEOBkEU8SFVYcEEY5Ge/agVhCcUAHnrQrZBHPNH4Z7UhiF8DjOaTqB9eKeyjqPSmbTj2oGhM1IoAUcZNIoJHPSnqCOtNITAAsev51IFxTVXkA1LMAp2jBPcg1aRm30IiTSe5HFIfocU7AP9KQxjDPT9KaODUhHFAXngUDuJn2oJJOcdKDn29BS555H5UCHLjHOfwozjocUvUdqMe1MLiDOMcc0w89qeOuQfpSEZ7UBcYPfihjnk4/KnYzimkfiKQCLz+PvT1XngUgHep0A9vxoSBsRFz0p+3LU5U6gDtTgOOvNOxDY3bjAzz9abJ+H0FPb3pjDcTTEiLHPHWjB/xp+NvUUg6/4UirgOeT+tPA6DHNOjBHIOO1SBB+NWkRKRzcOwSjzUZ05yFbB/PBphp8bsj5iZlb7uR1IIwaYBj73Hsa809AdtYpv425x1700joMjn9KfKVeQmNdiHoCc4H1pmOcdcelMBMelOA3DPJxTfpT4mwwyMjPIzjNCAAxQHp8wx602hyN7bRgZ4FLldoGDuzye1AElxIJpS4SOPOPljGAOKjTPIXOenFKSXyxbOABz+lICV6HGR2NACAHOacSMDBO7uaWJmR8oASQV5UHqPemkEMc/pTAVtw2k8cZH0ppI7Uox16e1Ip65BPFIBcfMNpGT+GKd8y5OODwTjIqOpG3BAMnafmwaAGhS2doJwM0HAAxnPck0AlcYyD2p6RhkZzIq44wepPagBq5ZgCSO3TOKMgDHfPf0pU+Uk7ipA4I7mm9/SmAuTgADGOvvTwQPTB560hxsAwcgnvxQeV5P0FAh4ZdgXb82eWzSsRgAdT1pgGAPTpT5FQNhHyvHJGOcc1SYCEk9e9B9R0/lSd8DBpxOfTGOg7UxDSaUY47U2lzk+hpgOB6AfSkIIOPSheeMZpRx6UxCjn8qXODSDpwec9KCCACRweRTEOzgYxUsE0lvKJLeR43Xo6NtI47EVCOtWb8232gixMvkYXBlxuJ2jPT3zj2p3EQck/WlB6Y4+lIPaloAPr1opQtB9hQADg+tAOO1GKO9AAQQM9vrTeT1pxooAjIpAOemaefWjtRYYg4x0peueffFAHXFL0H1oGIB3Bzj3pOp9qXinlF8vdvGc429/r6UARilFKKXGKYATkAYH1pAOaUClxwDkfTvQA2lxS9e1LjjmnYBO9KBSgc+1KB+VCQgC8Z44460uKdgdqMc1VhXEAp8cZZ1VASxOAB3NOVTTselFhXGAdjTkLIyupKspyCDgg04L2IpwUY5osFxmM9acFp4UYp4SqURNkLLjAI7UbcVMUI7YPvScbTkc0OJNyuRSAcnJqVuOAKYBz04zU2HcB0xzilA45FOC85IpwHt7UWFcehxjvUyH061APypx6jFMm1ydmyADzUTL6HNOJ4pGIIGD9aomxERyaOnQ5pTSAcjvSsUISc896B700nB560jfX6GkIsIwHPFSNOWjCljtFU9xGM/Wl3ZPNWpESp3JXAC8HI70xcDsDTS+B79KFfA44zU3Gk7COcsScc96jP15p5APXrTTwOKlmiQiDPOCaUtnPrQoI47U7YM9MUDGg4HHWkLZHX8KViAPQ1EWJ7UgSHqxGc4x70E59qZnOB79TSZ7Z70XHYXPOTRuJzTWBBIPUUh96AHD86TjBJNAGRxRgH2NAxAOfYc0nXJzge9OxmjGPpQAzp9KUDnNSEAAcZPqKTGQMUrBcF65OOPWnDJYUmOaljGMd6aQmxGUgAAYpoUNnjFTOAW9RTlXHOMZqrEXIwnAyKdtx9amdQPTHSmhST15q7E3IgvU5HHPWkx+WalZR0pAuPpmlYdxm3pxgGhl+uOlW7jyDBC0e/zcHzAR8o54x+FVCeeKQkNAwcnkelO2jHP5UH7o4HvS44GKB7jNvPFJjBx3p7DOOKMYXk8+lFgQ3HA7mlzjpQeh54oGCvOc0wFHP0PehienH5Upx/hTWU8HnmgBrHcSSAMnsKaODkDPtTiBQByKQxVFTryeAaYgI9qmiHr1qkjNscq4I4OKUrj1x05qQgbcYH4UzIFXYhO5EfvetPwDyMCpLeLzZdodFOC2WOBwCcc/SoS+3O2o2KepG+M00DGMZ96Xk9e9O2jA9aRWxIo9KsImcVHEmVJz07VaiOOoHNaxRhNnE55zilznk5ptOHevKPVJ7e5MIkwkTF0KEugbaD3Geh9+tQ9ec0h9qAcDHY0wHH5j6fSnIxQq4xkdqSNzFIroRlTkEjPNIuNw3E4PXHpQA096XHXrSOck4zjtmlU45PTNCAPTNBUjnBwelaniC+sdQ1V59J04afbMqbbYSGTaQoBOT1yQT+NZZzwDnjsabAXLLyCR3BFNA5wDSgEn6UoG7J46ZpAIVIJB6g+tIR05pfw5pVA2klgADjB60AIBkHrkUEn1pQSqkcgHr70roY2IbG7g8EH+VACZyMHsODnpSAniniKTZ5mxvLztLY4z6Z9abgY680AO2YQnoQenrSLnDAdD1pB9KeSpTodxbr2xTARMBgWG5QckA4zTwRubGVU5464FNHAOckHoc96UEgEccjHNNCE7DHXr9KcvXk57800e/SncbuMkZqhCr0PJB7YFL2Hr1pB7Uq4BBI3D0JxmmAjHPYUDPAH8qUcelKuArArkkcHOMUxBtO3djjOM0UlOHPTNMBBRS0UxCClA54pRj8aUUAKPcc0opAOeacOOxpiAjDEHtSj8KB0pfwoEAGTgY60hFLjjjr6UuOB0p2Abxg5BpCMfSnttyMAge5zSdCduMH2pDGY47UAdenNOPb6Ug4PNACYowOeaeAMH9KQCgY0CjFOxz6UoAwSTyKEhjAOuQOaUClxzzSgZp2AGOewFIBzTsUuKdhDcdaXFOC08pgKcgg9geR9adhNkYFPApcDtTtvoadhXEVRkA5/CnBcH0NOCdCTTwvf9KqwmxFUlSQMgdacqk8AZ70u3inKvHQ4pk3Ggce9OA45p6jBHcZpQDnpRYVxFUVMiZFIgxU6OFR1KhiwwCeo+laxRlKT6EMiF2wCSelMvLWW0uZILmNopkOGRhgg+mKkJIYHpTJ2eSRndizE5JJzmhpWBN3K4Q4yBx60m38Km9Ac4HamsATwOKzcS7kZwpweaVefpTmX9KVBgE4zUtDAAU4KPw+tC5z9amVfl4FNRJbsRPnPGMe1NwMmnsDzTHJC49aLajQgwWGTgZ5PpUb8f0qQeuKjbJ+lFhojJ69zSVISfLCYXg5zjn8/ShFIyAOfXFKwyL3pB+tSPyOBjimPkYyMcZpcoxOcZHOOtCsB260jdeKOcd/rSHYmdlxwuD3OaaFyfUUIOOtTrHkccU7XJ2I0X0x70EZBPpViWFopGSVSjqcFSMH8ahKgEg9c0NCvcrEZJORnryaiYjJA5qdxg4/WosFiTUM0Q0Y+lJnJz70dOBQBzSAXNKq5B5AwO9GPfNKAOp6UCFjwCd2ce1If/ANQoHBzyAaUcnjiqExuOPek56+lSMASOQPekK/5FFgTGgZNL0/8Ar09U56U7ac8807C5hirzU4yeccAdhSIuGB9KcT1HTnpTsS3cFHNSgAAGmqOlTKARz61UURJjMA9e3ShVyKlWLOAD1q8beewhDSKEFxHlcjOUJ6j06VryshzRmY428U1QB2qVuTz0P8qjIxwcnms2UncjkXIIzUeOKsMuRkelRMDkccVFi0wA3Yye1GB68UuOM9Kci5GeD2xVWFcYFGfakI54qbYQpxmmBD0NFgTGFeO+PemgDP8ASpzHgDnrTCuCcUWGmMwOhFIRk5p4HY9KXA6g8UWHcRo8IM5yeevakVQCMmnqCTzUiLk8cjpTSIcgiTkZqQJtPXOO9TRRn0OaGUk8VoomLnqQOT0FNJPGe1SSLkjNM24FQ7lxasNkIzlePQVD055qd1BHHHrmo2Urkc5qWWmNQZNTouSM9KiVSDn3q1GBTiiZuw5E54qboeOakjGBng9uaGjOc1qkczlc4QUvQ0lPwdqn8K8k9oYeTTmxninHZ5ahVYOCdxJ49sU3jABOff0oAQU5ULkgc4GT7Cg4xwOfWkGAcHpQAh5HU5pQcjBzjt9aTjPf2oFAC5x0zSZ/OnMxZiTgBuoFN70AOBycZxnr6UYAYjPHTI703tSgZU+3SgAUkdM5+vajoRnBHpml38AEZUZx+NCFQfmyQewNADc9ugpR93PGOlG1ipYDKg4Jo69T0oAcCcgZ4pMYPXNABpyKT+PrVJAIVIGcHHr2pVAJwWwKApAJBHHbPWjsT6UCA+lLxik7D0HSnYycjgH1NMBD04NOGPzpADnvTurdAPbNNCYpAB+U7h9MUZBABHOetKpAPIzznrR3zViD349KfCgdyGdUG0nJ6cAnH49PxpvandM0WEJ+PNA+tH0pR1x29KYCAcE8cUUox3ooAOvWlA54oHNKMf8A1qaAAOaeobGQDx39KQdegpemRnpTEDYzxyKMUrKyMVYEEHkGigA6DjrQfejFHOaBAeTxRxjoc/WjH1ooATr1NB6/hS4pcc/1oAQdeKAO9LjP0pR0p2AbjmgDg8in+nFG0dqdirjMU4AdKcFxTgtNRFcZilC1KE+tPCZPQfhVKImyJRxjtTgualEZzUipgH5ckjGfT3q1BkOSIAtPVKnWIkj5etTRwM3QZ9quNJkOoiqqfTFO8v0q8lqxHQ+vSpVs2wcqeRxV+xZn7aJniMFiRwO2fSnBDjHatFbNsfdP5VIli/8AdNNUGS68V1MzyiDwQeKcsRK57VrJpz9lqZdNf+4eK0WGZlLFw7mMkZ96e1uwyODwCSDW1Hpsg/gNSjS5SMeWfyrRYZmbxcO5zjRt6cGkeLAXBySMn2rov7Kl7xkU06U/9w5o+rSD63Duc8kDOrEY+UZOaaybVG5cH+ddD/ZbD+E1FLpzYwVPFS8NIqOLg3uYQibaW2nbnGe2aAhrUNiw/hNIbR8fd/Ss/q8uxr7ePczAuKdlsDNX2tCBnGB+tQtAd2Kl0ZIpVYspknFRsMnpxVuWMBiF5A4Ge9RNGR1qHBlqaIQPQ4xSMvOeMVdW2Q2zSGQBwwUJg5IOcnPTjA/OoPL65OMcUcjK5ivtA/8A11agspriC4mjjdoYFDSMBkICcAn0BPFR7OewPXmlDOquiswU8EA9aaVtwbvsVyvOAc1HIOSOp6Zqw6EZFNAO4cAkc4IyKhopMqlSaAOQM4GKlZTwfWkVMscfWs3Eq46MEEVacnzC5wDnkDtUUUpWN4wFIfGSVyRj0PapCv7oEDg9frVWstCGw3s7lySzE5yec1G53HLH6VIgwnNIV6jHOaWrEVplwaruOeOlXJV54/KoZFHUjAqGi0ysQRyRSgDuaeQTnFLsPPcdM1Fi7jQODwDnpRjNPUClAA6inYm4zsc8UoXGP8aGzn1p64wO/tTE2MPA5FKo5570hI6ClBz2xTEWpViMr/Z9wjz8u8849/emKvHFNiPGOvrU6js1UtTJ6EZIwBj60085I4IqR0wSaiPuaGNEiOcdjzxmrMY3DJx7VUTOR/WrsXTIFVAmbJlBCg9hSzymWNQxJCjaB6CnjLrgjpTGG0+3piujoc11crBecHpTWUZ6jBqzNMJIo4wiDZn5lGGbJ7nvVOXrwcisJaG8W2NfgAD9KYck+tIWzkUgBNQa2HEjA/pUtvjOOfamNE6BSVIzyOOtPh+R8NwapbkvVaFwQ7hnHFIYcc4yfpVyyKuQHwM+1WNTjigkIV1cDGGXoa25U1c5PaNSsYsseBmoSPX8KszvuPPBqvj8azaOmL0GbfQUu3jjvUgXAzTlXceaVhuRHtBHSpY0PWlxjjpU8C5I457VUYmc5aE0UfGKYU5I/rV6JRjmmNHznjit+XQ5VU1M2UZYjoKQr61ZkRckjtUZXJ56+lZcpupaFZl5qNgWIz16VadVwc/karEc/wBKhqxpF3HKuBgDn1qWMYPWmxjIGKlRRnNJITZajGFBHOakAAGMdaW3XIAI4p7JgnArZI5JPU86HUEV1+o+INEuvA1npVv4ehttYil3SaispLSrzkFffI9vlrkD6ilXg579q8dOx79h0mz5Cm7O35t3r7e1IrEKygjDdaGyTubqeaTvx0pDFAG0c9ffikpWI42jHGKRSQeM56UAJSnlevSgE4x2pBQAHJ60U7gY7+opD1zgfSgBKOnHce9K+SckAZ9KM/LjA65z3oATHPXNORGcnaCcAk+wFCAl129c8ZoYksSTknqfWmA2l9u1KvBBx068UuRjJzuzRYA6Ac5z1p5IfHRSBjgY4oWMmJpNy7QwGCeefQelN4xVIQdOQc/SgCnMpXg45GeDTvMfJKsQSu07eMj0pARjI6UopeoA9qMfSqSEOQZbBYD3oFGBwAacAR/SmBLDD5kcreYi+WobaxwW5AwPfnNRj2oFPbGfkzj3qiRDyegH0oP6UpxgYHSlYAdCDwDTATtR2o/Wl/GgQmOccUd6WjGKYB9AKWlwM8H86B14OaADp0pcGgjBINLgfU1QAcnknn3qSHyt374uFwfugZz261GTSj0PSgBBS4I7daVV3dMkgZ4oGe1AgP8AkUYxxinAdBTmLFFTOVGSB6E9f5U7CI8UN19qeBzn07Uu3n0osO5GAaeOvOCelOC8e9KE71SiwuJt46dOtKoqRVPAqVIiR04rRU2yXJIgCe1SpH7ZqzFbMxxg1ehsHbHy810QoN9DCpiIw6mdFAWHYfWpRbHHIrpNM8O3t+4jtbaWVz0CKTXe6F8HtevirTxJaoe8pAP5Vs6MYaydjjeMvpHU8jS0OR34q1FZNI3yp+Ar6K034JWMGDqWqjPcRoP5mup07wF4N07AdJrxh2dj/IYqfbUY+ZnKpXlsrerPly30edyAImrf0vwZq16cW2m3Muf7sZx+dfV2n22j2KD7DosESjo7IB+p5rSGqIB96GMDsozUyxyXww+8Sw9SXxT+4+aNP+EniW4CkaW8Y9ZHVf5muksPghrD4NxJaw+2/P8AKvbZNdhXOZ2J9hVZ/EcWOJXz9KyeNrP4Uh/Vqf2pM88svgbGMG51FAfREzWzbfBfRo8Ga8mfHooFbc3iu2Rtrz4NQnxRalv+PhvwFS62Jl1GqWFXS/zI4vhL4Zj+/wCe3/A8VYX4YeFVH+okP1kNRHxDaH/l5fn/AGaRtdtev23H1FReu/tM0thl9hF1Phx4WT/lzLfWRv8AGpB8P/DA6WI/77b/ABrKbX7bPGoD8qQeILds41GPj1OKP3387/EL4f8AkRrf8K/8Nf8APl/4+1Ifh74ZPWyH/fZqot8z5xqFvgLvJL9BVCXxGkQJF3vwcfIKSdZ7TYNYdbwRqSfDTww45tCPo5qjcfCbw1KDhJk+j1QPi7B27pM+vSg+KpPKkcSKCmMK55b6Va+sr7TIbwr+yRXHwW0STPk3U6H3ANZN38DYSCbbUh7BkrZj8ZShvmH4Amr0Pi8fxs6g985rRVMVHqRy4SW2nzZ5rqnwR1lMtayW830bH865TU/hZ4itN7SabKyjug3fyr6Fh8UxnAFwv/AhiraeJVIyQjj/AGWqli6y+KKYLD0/sSaPki78L3ls2J7eSMjsy4rPm0WRDkocV9mPq2l3g2XkCHP99Aaz7vwn4X1UH/RYVZu6Haf0rRYyH24WJdGstYSTPjeXT5EDds8VXa0YckdvSvqfV/g1pdyGaxupYWPYjcK4XWvg7rVqGa18m5Uf3Tg/ka0jUoT2YnUrw+KJ4a1vsT7pJxz6CoDFgjAJJFd9q3hLUtPYrd2csRB6leKwJ9MkUn5Tke1OVG+qLp42OzOeEZA29AetMeMBj+nbitiWydcAqRVZ7U88ce9Yuk0dUa8X1M1oSqBjjDZA59KjZFV8A5GeDjFaMsQC47gdaqvGR2rGULGsZplYKQcCrKjgDpTGQ8EnPerCABfm5J71CiU2M5KYHQDmgdsirIhPl7gRtLbevNR7evGO2abiSpFeZQPu8/UVVdeavMD6VWdcnntUSRcWViuO2T9aNuD+tTFeDxRgNjjB71FiuYiICjjaSR+VGOOn51I4Gff2pmOPYUWC5GQTnvTTx1NPYknp1prD2qRpgoBPNKRgdDxx+NN5zxTlyRzQhsdH1qygxUccZyMjI61MRznGB6VokYydxXBPvxVdh+NWWOUINV+nSiQognBzVhJP73SqxYdAMU9T9fWhOw2rmhDMFwTT7iUOAMAVQDkEdzUu7KY74rVT0MHT1uIxCjIOT2qu7cU9n4OBzUJNZydzaKsIxPX2pVbbg0hwD65po68EVBpuaF/qT3cVssmP3EflrgAfKCT/AFqkDhs54qPkt9ad3xg03JtkqCirIvQzbFGOT9ac8zOvLdKppk9asbPlB61qm2ZOKTuxoJY5p6rk9PoKYFI4qxFkYI69sGhIGyNU561KqZ6U9FPUdOlTJHx0q1EzlMrlee1WLdSXGalWLNWI4dz7u9XGOpjKpoSRxZHHWh48DGKuJHhOn1o8ok9K35Th9pZmW8XfHaq80RzuxitowFgeKgmtm781Dpm0K6MSRRtOc57VDt68dav3MYXPGMcCqqryPSueUdTthK6uMjUg9sVYjXnIFKqjPHIqeNOc0KIpTJI/lGKsQkb/AJ1DD0NQlSTnHepFGOtaI5pa6nmvXOOgoz7dPakJ9qcTwMDnvkV4h9GPlnllCBnZlRcKD0Ue1RkDAwf0oIIJXP5Gk780ALuO3b2zmjBGD6+hoVSxwoJPYd6TpSAdtIJB4I7HikHXJFHengryWB5HGOOaYHQeDNBtvEF9cQXeqW2nJHC0okm4DEdhXPzKElZdwYAkZXoabnFHbPPPerck4pW1JSabdwCkhjkDHYmhTtcEAEjsRmhgA/Bz70+XaHYRlimeC3XHvUlAGbyiMDZnJIUdfrTe2APf3pCc44A+lKVIOD9etMQoG7A4XAoUcE4PAoVSxwDzW54i8K6x4cttPm1mxktUv4/Ot95GXX1x2/GqSE2loYYB6YpSMGlxnFSRRq+7dIiYUn5s8n0GB1p2AjHTODSjGMYGc9aUj0xS+y/nRYAGNoG0Zz170c9zxSjHcZP1pVx3wBimkIQCnAkgA5x6UIpY8DPGaWmADr7Uvf2oHNKBTQhQPakwV+opaOaYhO+aMflTgPbNHGOnegBoFO9s8UcccGjuaAArg9R+FKPakFKBkUwD60DNLx+NGKdgFPPQYoAJFAFPK4JGQT7GnYQg6deadyKAO1OAFVYQgHHb6U4DPpS7aeASefpTSENC07b+VTRxgkbs49qnjtyxwOa1jTbIlNR3Kipk9M1YjjJAULwO2K1LTSJZivykZr0Lwr8LdZ1fa6WjQwnnzZ/kH4dzXVHD8us9DgqY6KfLDVnmltYvLgKprodH8L3l9IqW1tJK+eiKTX0DoPwq0XSkWTVrj7TIP4F+Vf8AE116Xul6TB5WnWiKqjGFG1f8TTeIpw0grv8AAxftqivJ8q/E8a8PfB/UbnEl/wCVaR995yfyFeg6V8OvDWkKHuY3vJB3lO1fyqxf+JLiRtqOIx12xistLq4vbgCJHlJOMEnJNRKtVmtXZeRCpU09fefmdQNUsbBfJ063hhHQLDGP6Ufa7ucBppvKQ/hWUljdjhgsDn1OMfjWbqM0ttMY5ZScYBZWyBWCs9EdDi4q7R1hurKIgHzLmQDoOOar/wBrzcrHHHajPJkGMfnWJbW0s8O5Lps/xDyjn8+p/So/7KggmL3k0jK/8Jwpz+NQ3Fbsrll0RtTa1aEN5t2ZGUdYwSDVGTXImO2GNyD0xk1Mh0fT1EmIQD65c/rWdqPiohimmwLs7tJwPypR1eiCaUV70hZdQuyf3NvIxPbrVK5i1e6DO9u6p64xis83up3jMVuZeO0MZ4qa2gu5eJRcMB1Z8kn8BW+sddDm0n0Yf2fcKQJJI1z6vV6DRiVQ/akO84AXmp7Szt0Kl/tRx2MWAK3/ACLMIoEk7FhyAh4/E1hUxDTsjelhYvdGF/YcQZhNczAgHGyLOT6darf2VltrCbGeuO1dGlrZxqZNzYBxjODmopGHJjmO0n7rPnFZKvM2eFh2MYaImwHdOMn0XpQNBjY4Sdg56jbWibaUANHcHPtg1ZhldEIcKX9T1odep3F9VpdUY6+GyMbZFf8AH/8AXQdHnjc/fx22gEfyrWnlkwPKHluRyQo5/OsptVuLaQDz1c574P4YrSFWpIzqUaMSs9vtbmWQH0KVGbVJCT9rjBH95CP6Vfn1qZk+a3ifcMq4+Zc1k3GoI7b/ACI1bvjgH8K6oOb3VjjqeyjsydtDnktmmhVJxn/lnIQw/A1kgIJDlnQg4ORmnyXpDlo12HGCFfj/AOtWfNcbjzxn8a3ipdTmnOOnKbFxPYIqLbSyk8b2Yfypt9Pb28i/Y71blCAdwUoQfQg1zzuBnnrURb3zRyeZftNDsLDVQvMuJBjkb8Vo2+rwsy/vWhOM8/NmvPt5zV2CTK5yWx129vrUumi41mek2fiK4hI8uYSL9a3rTxSkgAnUV5jpclgd32yS6XnAaIKw/IkGt+O10uVwLLWo9x7ToU/WsZ0odUbwrT+yzvmvLG+j2yBHB7MM1z+r+CdA1PJazjjZv4oTtP5dK5yf7XYlWcq6Ho0bhgfyqa1150wFdh7E0o0pR1psJVYS0qxMTWfhHuDNpt2PZJV5/MV59r3gbVdLbNzaPj+8vIr3a116YgHazKe+K0Y9ctpV8u5iVlPUEVrHE1I6SVzN4em9absfJdzpjIzBkIPes6exOcgdB0r6y1Pwn4b1wMVRYJW7rxXAeIvhLdxBpdOZLhPQda2VSjU02fmZ81elq1deR8/PbFe1KkQFdrrHhm8sZGS5t5I2B7jFYUtiUboRRKhbVG9PGxkZO0jikVFyd5OCM8etaTQBcArwP1qCSIEk4I9qxlTsdMaqZnOvqMmq7Ic8AmtIx8Edz69qgeLj8axlC5rGZQMZ5PpTSnSrxjxwMH3FWbRoIre5WaPezIPLPHysD1+mM1HIU52WhjlRtOQQc8elRMzY25+XOcdqsSjcx4qJ1GehHrUNGqZXIGfYUHknpUuzI6HimMMVFirjVC55PHqBThjg0gGcAVIiYOPzpoGTRA+x9an256Co4uuO1WlXAyB7VrFHPJ2Krg5xnpULEdOOvWrbp6ZqtIhz/hSaKiyHjkdaUE4/QcUjDFIvB4/CszUkz0qQPhTjvUHIPI/SnFs9OBTuS0KTggnpTWO7OePakJPfkUKOelFx2EI46YpOopWOTzzTowMgE8GgYwjnj60o9+tP2k5xzjmjq2TRYVx8Q9q0beQRDLKjjBGGGRyMZqhGCOTzVjotbw0RhU1YYyTUkQ7CmRj5sVKgy3y0yWTRrzxxVpANoBAznrUMQBX3z1q3HGdtaRRzzkOjTJA61bhi+bBHOajijweetaMa7QCB24raETiq1LCxxfLiphBtH9akj/AVLkAZNbqJ50qjuV1gDA0k9sfK4HFX4lVu2Ktva74cgH6VXKQ63KzhdQTywQR3yKzVU7vr6V1GrWpy2RWKISvOOlcdSHvHs4esnAijjyehq1DFyB3p0C54I75qwkYDUlEc5vYidCvsajwSelXZcng59eah8sdKbREZaanlWOD6DvTgxVSuBzgnimtjPy9KfAyJKjSp5iAgsucZHpntXgH1Iw8HPvSt948gn2qe/limu5ZLaAW8LMWSIOXCDsMnk/jUKco3PGM9KAFhZ42LxvsZR1BwfTimfyoxjHHXmjJxjtQA9yCwwu0YH/66C2W7KD2HSmZPcmnAFu3QdqAHJt53bgccYHekOSO+39KTgkc4HvWuPD+pHw6+ti2f+zFmEBm7byM49f8AIqkhXMlBuYBmAyeSe3vS9KQelObkL2wKEAiLuP8AjSn2HFFO2kckEZ5HvVIQi8Yq7f6le6hHbJe3M0628flRCRy2xAegz0FU/Sl+lVsIUBc8k4x2FGP1oK88HNOUZ79OaAuIE+QtxgEAjPNA4pKeMZ4/WnYBOlGKd0o79MU7CuIo/Knr1BIBHpQB6ClAosAAfhSgYoApw7Z5FMQgHYflRinY7jigcD9aBCKpYhRyScAU64ieCZ4ZUZJEYqykYII6gikJ5z3oIZssQSM8nqM0xjD174peM8ZpAPzpT2B6e1Fhhj8fpSiljTfIq8ZZgOfel/CmkIADjBpSBngAfjS04AcZq0rgIF/KnBKeqn0rSt7ryLK5t/s8EjT7f3jpl48H+E9s1pGFzOUrbGVgingDA46VMIySc1PDbtJ8oUZq4029iZVEtWVo4yT0q3BbtIelbOk6BcXkqRQwvLKx4RAWJ/KvYfCPwcubhUuNelFlCefKXBkP9BW6pRgrzZx1MU27QVzx3TtFuLuSOOGNndjwqgkk1674O+Dl9dqk+rFLCDqd/Mh+g7fjXq+l2Xh/wxF5WkWkZmAwZMbnP1aq1/rs9yxWIs57KnSh4nl/hq3mzklSnU+N/JE+leH/AAx4YUfZLRZ7lR/rZQHb/AVNe+JdzBVOzsAtcrqAuV5vJRGDzsJ5PHoKyBfQQn5o3dvXdgGuZyUndu7NVD2aslY7CbVWyCRhSMls5rIn1ISyBUjJY+o3VT02UXtwyCAISOSBkKPr61Zu7u3tojGjiVx1GaE0jRq6vfQsRwiSHzLpogrDcGdTz7AYqCG/FrNttLbdzkSBc1EYbm92lVcIOhYY/Km3EX2ZWDzBD3Cnc34mnfoxO+6NOW9TBl1W9MYPOxDg1kyeIrG3bbZWnmnrucZrIaH7RJ0kk+vetOx8PXEg3lY4FPJMp7ew61EuSPxManUn8KIjrmoXRO1hAD2HFV4Yb26lKqssz9gOa6u00rTom/fSNcuoxtAwP55rXtXSEbIIREp9Pl/+vWDxEY/CjVYecviZy1l4VuGCteOIv9lDuatmLQ7a1O8QiQgfelO4/lW0MsOgz9ay9S1u0soyjSBpOm1ecVHtpzdkaexpU9WVv7QaOYQwwufVgvyj/wCtWks8aRkzOIx1LE4zXG6prEUi7oSRM/IjXJAHYms1Hu7qeJZ4XcEjbhhg+h54rRUW9XoYvEqLtHU7ObxLZxEpGDKw9utZ914rZsqtuEGMcHBoh0KOaBnAuoZCBjI3gnv06Cm2/hed2b95jBwN8ZyR6+1NOlHcmSxM9jPGrvLIzAyKWGPlk/xqPdJIpIed2PbeK3Y/CE7j9/PHk5xhP8KvWfhm2tFP2kPMQeCF6fhT+twjtYz+o1Z6SucikdwhLGC6Ze5U/wCFV5LlUchjdof9416I2kRSwMsMf3uN2MEVFp/hs20khkRrgHjEmMYprHRtqiZ5XO/uyZ5/E6SSAtNMUB+bJ6V0aSIkQhhihcAZC5DuRWrdaJaDzvOtoo36Bt23H5CsS909bYq1mCkuflYEEH8R/Wsa1eNbbQ3w+Gnh782pbEFtOijyzGepA4NZ11pheRzFIMZ4DcH8+hq9aSrMqmYqlwPkkjIIB9wavGdEGGAjH14rKGJqUnZM3qYWlVV2jjri1nt2/eRkKR1YcH8aplDK4RIgW9BXc2yG6cRjd1OAEyMe9M1fSLKOATRbZJFGSUYhR+XSvRpY5S0kjzKuXcusXocDPEBIQwMbDgqR0qAxjs4qTVHVTuEgZyeVzuP1z3rNNzjvXoxd0eXNtOyLwhPYqfxp0T3FuS0LvGSMHacZHoazRcjd1qZLwqeGqrXJU2jb0XQrvW5ZRBJEh67pCAM9ccd62bPwjqX2mFLgfuz1dHyV9x/+qoPBetNbzyQiXb5mNsax7ize1ejRTBSyBQHUfNtHT6iuSrUnCVlseph6FOrFN7nLHwvdW8aNb3BMoBDI5xz7YrFvWubG4A1K0fZnG8dD+PevQFeRSQFXb3yR+dNlKSx+XNGjqOxwayVaS3OieEi/h0OLj1ZDCiWMk6qR86bs5PtipDqcuE81dykZAcdfxq/qPha1lYzWRMEucgfw/l2qDbJCPK1a1DqBhZUGRj3q+eL2MnSqLR/8AWLUImIMczRN6NyK1LTX7q127iWTPUcisl9EtroBrObt061VOh3cJJjl4643YppwkZyhVjqkdt/aGm6zD5eowRSZ7sM4rl9d+GWnaijS6TN5THnY3Ipltp14CD/Ee9Xvtl7pUuyUEdDkdDTTcHaDJlHmV6kfmeS+IvA+p6QzGa2bb/eHINclLaFHKupAB59a+orPxDBdJ5N7EroeMsOtY+veAtG11Gl09/s8zc4A4/KtFXW1RWJ9nJa03f8AM+Z5YQpO0H2yO1VGXbjIBxXpnifwFqejOztAZIh0dBkf/Wrirq0kyEdcbRgcYxVuCauioYizszCMeW4pjoMD1J6VoPblWPpUckJUAEjJ54PSsXBo641UzHkQ7e3p0quUPzZNatxFjGSTVOSMjk8isJROmE7lUrlcA9etMKHjIq0q9R2NBjyMD61HKXzFQqAflzipFUk08xFTg8fWlCc5GTSsNsVcgjHAq9AM9s1VVOB6VagB44J9a0iYz1Qybr0xiq0yjHBzmtR4gy8Dp1qnLHhcYptCjJGY4I47U3GevQVZdCTnFRbOueOxrFo6EyLp6elKF4pdp9MjvSZ96kY09c08D5R3oC/Lzz2p6DtTQmyMg5PSgCp/L545FK3IA4OBjpVWDmItvApQuSOtPx3py5ye1FhXHwDDrx3qZgvmMBnbmokJTpxkEdO1PXr7VqmZSV3c0dYh06K6QaVNNNAY1LGZQrB8fMBjsD0qsoyeBxUeMYxn61ZhPIJ6+tUtTLZE0Ixx3q7CoIFV0XknP51dtxk8Dmt4I46rLMcfGQPxqVGIwvUehqaGPeg6dM02VCvPat7Hnynd2YGXaR606S4Qsuwt0Gc+vfFZ8jnfwQB71en065trG1u5omWC5LeU/Ztpwf50Odh+y6ly2mw4wa7Dw7c6cyXCakruDA4iKHGJMfKT7Zrg4GPuKupcGOPIzirupKzOSpTtK6G6wMzHFYUsYB/pWtNL5oXA/GqE0fr2rOep1ULxVmVoFG/0q4sWcHFQRRgtnpWjGnAqYI1qzsVnjyPmqPbgdOatTsFHI6VTL7u3Sm0hQbaPIzUlrbzXU8cNvE80znascalmY+gA5JqPPanIWU70JBU5yD0r5o+yAHBGQCB+tI3JyABz2pQM0deQOOlACAZBOeBScZ6fSnAZBIIAHqeaQD0pgOkCjG3djA+8O9IoJIAzmgZH88U5MA88/jimkIUITx1PpUpuZ/s32YSv5G7f5e47d3TOOmaiAwPr3pyqQN52lQcYPeq2AYPXrS9SSevtTsdWxgH2pBTSC4nenAUUAU7CFXk84pT17Uen0pVO08dxjmmIdEFLYkJ24PQZPTim88ZpQBnn8aBTEKF9eKUDjvQKeF49s+tNCE5xjJwetKB0pQMCnKpOcDoM0wE6cDPpRjtinjGOQcnBB9KOw4GRRYQhUA4zn6UY5pxx2zj3oxRYBuKKcRj0PGeKXA98U7AMxzRgkYGcdad+FA4p2GN20AevP1qQLwTxgYpMdu1OwDQOegp4HfnHegDFOHTBzTSAQdxUirjHQ/SlVOM8VKkea0UWS5JCIOasxRkjFS2to0n3VOB3rv8AwX4B1LX3VoIfLtgfnuJchB9PU1006VtZOyOKtiEtFucbZabLPIqRxlnY8ADJNeueCvhDfXwS51hhY2xAJU/fYfTtXf8AhbQdC8LnbbRLc3iD95cyLn8B6Vb1nxO8mUtzx04PFVKrbSmreZxXctZv5GlYweH/AAjbeTpVtEJQPmlbBY/VqyL7xHNeSlYssD0XnH5d65y7nMpPmyZHUjuTUK37RqRAu3Pccsf8K5pJR82axvLTZHRvhVD3k+QekKdT9fSmXmouqbbdEtUOATn5j/WsNr6aQKoGxscsDkn8e1JAkjOCVZierFsflXK25PU6eaMFoid0e4JMkwBfu5wcfhzT4NPO8CGDzm6YK5H5f41a8y0hRfPVpZQeEXkVebUbgWBGxLWI+h2uf1puSiiEnN3ZX+zT2jGO6eG0yOBuGfwUf1prm0spA0StMT/y0Zep9lrClvZPOZgjbvUnr9asWVwZJsvbZYZ+cc1DqlqKNM3N3enAHlp2OD/KpUsljVWkheVh/wA9DsGfpWvpItRgyS845DkDH4VoNd6czEeYgI5OBUOrfY1VJbsx3aaHBhWCEBeflxn+tMtrlmk2uhkZmzjHH54qzNY2N05lguo1cnq/NFtbRRsczwyYOCAeCazky1Fo1EijHzGOOPPbgn+lTMcJuiRWX26/lSWkYJx+7PsBWgqxxoTnB79qnmsaqNzno/tF3KRMkqxDgjbtq2NNtiuxbeMqepKVpNKrZxgn3pFk5zjH40nVfTQUaSW+pjWvhixjlMhjySckZyPyrYttOtrdERIkwgwvsKeJBnLcU4Spnr+FTKpJ7suNKEdkTDCjIHXtUe7GcDHtTsqVBXp3NCSIMgkEms2zWwIGxx+NPjALc9+9IxbooA57HrUVzeQWaM9zIoOOFzyfwpK7dkKUoxV5M07ZvJkAXoR+dZ11rMe8LGo+8VPzAH8vrWNP4x0e33K8xJHTA615pq/iVW1GS4g3AF9y4PTniuyhg51L8yPNxeZU6VuR3PR9R1l97RfZJACOSYtxIrjtS1W0t7nbLbXCoDja2Bz9P8Kjh8eaiEE0U8ZbOTkZbHpT18YWWoTf8T2BXhwcBFBOfpWn1WUd4mP1+E9pa+Zm3Gr2TsQjS5BDKHwfwp0WrsxVS5Kc5XOK5y6urczuYVHl7jsB647VXN2OgCqD6V1rAJ9TheZyT2O6fxB9gjVLW6853X94B/AeRtFZlxrZnbcwEZxjCtx/+uuU+0AHg4BoEuTndW0cJCBjPG1KjNy7spby0lvYUZmiP7zAzketYLsTkFQa7DRr1LTS2E0cm6U4ZWymBxz78VzmoeVLMxjXaOoowtdynKHRCxlFRhGd9WUCAT6e1PjjyeSKTyz1FPVW5wM16O55jnY7Wx8O2dxoxvNJvjcX0ShpLU/K/XnZ3PFV9B8QNp8kiGMKMlfnJyua5eN5EbcCQfUHFW11C5VXV/Lm39RNGH/nzWTpb31OuGLUbWVj05L+3+zLP5iuWIVQj5y2OmKuQS3JjS5mKhWXhcc/Q15mllOllDPLILSGQqE8tC2fXgc5xziugvbW8tLI3Oi6y93ZuApWQYcMecAf/qPNcsqaVkmenDEyau1sdh9uJKqEKE9j1NSyTwyNt3Kfxri7KbWZPsiwW63MrbkBPykHqR2yfpV621OW2RftsLx4OwselQ6XY1jiU1drQ2brToXYFQ0THkMpxmqdx/adow8qXzEPUMOa1bS4tpS7lkxxgg8DiiaOQFihDx8EhjWd2tzbli1dM55tceGQJdRbCTjParQ1CO/tPIMh8vO4bSDtNSX3kXFvNHcRKeMgdvwNcNdvLZ3zRwh0IOAM9j71vTgp7bnLVm6e+qN/7Z9nfazdPUEVrWGtKCCjYPoDXG3WoyrGsV9bMXI3K7Aqce3rVM3GGzGxHsa19nzbnPz8r0PYLLXI5kEc+HU9Q1ZOveB9H15HlssW9wecAcflXAWuryxsA5yK6TS9ekUKysWUdu4qOSdPWLL5oVNJo4DxP4I1DR5G8yElM8MvINcZcWhRjuU8H0r6isNbtb+Hyb0LLGeDntXMeK/h7a6hE9zpBXJGdlaRrKWk1ZmTpThrB3X4nzrLEo3blJbtg8Cs+WBncBRkscAV3Wt+G7rT5GSaJ1ZeuRXMXduVY8GidPQ2o11cxhGVY5GDnFDKTjIq6YyhPHI5prR5+YdepFY8p2c9yjs56fhT44wW9vWrAjPPHalWM56fjU8o3MRIuMCpkjxwepPWpooyMDiptn0JxVqJi6mpW2nHtmkkg3JuHb2qcKAM8HIqcSItu6nOe1VGKe5nObWxgSRbWqvcDKjAUYGOBV6f75yOKqyrlcDr3rCSOyDb3KBHGKTHcVYZCDzSMN2OAOAOKysb3Ihuzz2qVPu4YDr1pPL56VKE4ByM1SQmwC7QSCR6e9NC89Kl2NjGODShfWqsRcjAwOKAv5VKEP1p4UHBwBn0ppCbsRhO1OCYPNWkAKAe/WnrD8w3dOoq+UycyAqSAR096nhU5Ge1XBYym0a4CEwo4RnHQMQSB+QNQou08DIqkjLnurE8Y28Kc54z61aiBUjgioIRnjGasjg4xgCtonLUZpWLhZFJPGc1YvgrsWXGCeMdqzY22kYzVgPvG2trnDOOtyhOnz5HI9al3v5aqScDpzU0TGG4V8K205wwyD9RUU7BmJwBk5wBgVk2ap6CBscg80NOQBk1ExAXrx3qMjcMjjFLmZXImWFuMEHr6UyWXcck5qtznrSEnijmLVNXLtsfmB4xWpGBszWTb/eGOnpWnF86gZHStIPQ5a8ShfPzx+tZrswPPStK5Ayec1lztzgd6ibOqgtLHmZFAz2px+b2poHavnj6wcGKOGXIZTkH3pDksTxz6Uck+46Uv6fSnYQhA7dKVl29GU8Z4NO5AAxSetOwCAUo4Of50EY7g8UpGOvU800gFUAn7wA65NJ3/Cl44xxijGADkfSiwgpfw5NA68nApVUE8kAetUAgH1NO7dfwoH0pfpTEGMCnAjklc5H5Uu9iipn5ASQO2T3pPpnFMQLwD6+tKBj7wNL8uFxnPc5pcEnJyT700IFpwoHalpgA5+tKOaB7UoFNIBwxjkc0pxwFyfrTT/KlXqKYhQMnjmlAHOaABzz9KUcGmgDA5+tAHT+tT28qR7/MhWQFSoDEjaT347ioDTsK43vQKdjBxSgGiwwAoxxxSge3FShOAc/hVJXE3YiwakVctkAD2pyoSRxVu2tS5x/KtYUnJmU6qirshhiJOO9dB4f0G61W8jt7WBppG/hUf5xXWeBPh/d+IHWUx+RZA/PO/Gf931Ne02aaF4MsPs2mRK1xj5pDgsx9zW+lPRas8+dd1NtEc/4U+GumaLCl54iaOaZRkW4PyD6+tdTfeJoFQW9mI7eFRhdoxgewrj9T1u6vpC7PgfyHtWQ8oz6k9zWb1d5GUV0RvanqoupFjt92z1PVj61QaN1QF5lJP8KnJqnDHJKwCgnNaVtZBjl26ehrOdVI2hSuUsyFsR/j3qSO12tvnBbnpW9alIIWW1iUSNxvcgkfStO30Wa8CtNIeR2P+cCuOda51xonO28ilwBGeOxrWtkeZgsWQfVRit228P2sLAyKrEd806e4t7EGOGNd/IB9PesXO5qqVtzNNr5JAkUGUcjOeKR7H7Qh8yQ5Az1xioZnZju2lpD1OTSLMyjk7R6DvWbkXZbGZdxLbOuEeQ+uM/4VVuLqfy8K8arx8nQmtqWKKfBZ3Hpzx+VWbHRYH2lsydPlAz+lTe5HI+hysb3Esqqszqx4+9xW8dI2RRtdalAisM4jG/NaOo6cFl/dWgC9OhBzS2GmzB9zoFJ6ZpiUdTNtUm34tizgHqyjn/CtuxtAw/0tEU5ySDj8607eBLeIgRxKf9kdTVWaNpZ22eaT/dJ4o0NFGxpQ3ECwBLeP5v7xNR7mLHg5rKaOaHn5mZuPmO0CtKBWCjIOcdS3Wky4seRIOcAfWmNISclhn2GaeASTlRj1NGxcEngVJYzzGI7j6jFEjgYYncF5wAKeqLjAIP1pjRuSduBn8KncYyPU7Y9J0wTxz39KnS7Tl2DBMcNniuc1SxvoBPLbwo6uATjJZjnr+Fc9dalrzItsLZ1II2hICSfx7V008Jz6pnFUxvs7qUWdlfeILKOGYpcYlAOCvr6DNeea1rn2otLHK/I5DdRWZrtzP/aNwlwUMqtscouAxHGax3OSF9eK9jDYSFJXR85jcfUxD5XoiOa6ds7jk1VaY+9XLiOMEhQTiqzJg8rXajz1ZDFmIbgkfSpPOLY4zUezn7tPVBnkGmVfsPUgknmnEL/Dn8aNhbopHtVuxtPMlTzVdo85IXgkfXtWU5qK1NadNzehTb2AxV1TaGzh8sTC8DHfuKmMjtgYzmrA0wySMYQwTPAbkge5p6aYoBZnXcDjg1jOamtzpjCUHqizBcrI4F47uETCEZ/kaz35JI/WtVbWERgvuzjqeKrRRpK8kbj5iMqfalRtHYVdSmlcoMN64NRGNhghjj0q4VKtwOhrZsdHOsBzYlEuFXLQk43e4PT8K7OZLU4Um3ZGBGzrwefrUnJHPFbkXhu8W9todQiltopGAMhXIAzjNdDqngNojcT2MzPaRx79rrlmPACggc/XFTKtGLsXDC1JpyS2OU/tm/ks4rSadngiIKKQMjHTnrU9qvmzxG4WVVJDYJ2hiD6/1qWx0C/m2Sw2rnncucZ49j9K9Jgun1HQBDrFgZ7lPvKABx7Y6HvWc6kYfCjehQlVbc5NPoLZ6dd29gj6aHjgmxKiSv5phk7sGPr1rGtdF1u1uFluwLuCWbEkbvuGD/Fj8q6vT9SguN0cEixsoBZen51pRMPLAZck1xe0lFvQ9yNGE0mnsc3NoNpcTtNb5iJYblQYVSOvB6is3xDb3NiFurLzTCNokzzj1I9q7eS3LA7flYjBI9KoXVm4t2gkZwrggEc9e1TGo76lzorldlY87utVjlULcvz2AHWsR7N51AtN0ytx5eN35e9dXrnha3kjUZaz8pDsmJyHbsCOwPHfiuVsjdaPfRXUaxthmj3bhtYjqK7qbi17h5lWM00qmx2WhaY91oRstSZGj6wowwyDsOOnU1j6p4NjhRfs88vmlgPnXIA9SR+Fdbo2sQajaq+I4mZQChIyCKuoGkwCmVPQk81zc8ot9D0VSpziranjd9bSWVw8UjxyFTyY23CiG42MGRirV6Jrnhqz1ObzlaS3kIxlcbWx61wuu6A1hZGe2n+0PE22ZB1HfcPauiFVNanNOg4lq11E7gS2yT17H610Ok+I5reVVLYOe/Q15vBeE8E4rQhuiAFY5HbB6Vo4KW5z80ovQ9dmk0zxBbiK+iTcf4vT8a828ZfDqWBXuNPzNF1wByKLHUpISMN8v866nTfELgBWfK91NQoyhtsOTjPfc8KutOeBysqEYPPrVGaLaGCZCk8Z64r6A1jQ9M16NnQLDcHuOhrzLxB4YuNNlIljO3sw6GrspbEe1lT+I4URjPTpT44frWlLaFHPBBpqQ9SetTyG3trq5FDCewz9KY4weOlXFDL7VE8e4g44puOhCnqUnXrjtVeQndWr9nLIR0I5qm8JyemKyaaN4TTMx1yTUXlcnAOPWr8iEZ9j0qMDIxjHfNZNanVF6FIwk9RwKaYsAnkCtfygRwCagki5xihwGql3YzGDNjJzgYH0pyDnP6VZeI/maYIvzqbNF3uMUYHSnFdy9M4FSxx5IBAPrmh0IJ9KqxFyELnpUmzHH+RTlU5Pepkj4JyMD1poTYQpkcg4qyFx1x9KSMDinyDbxWiOeTuwLsEMYJ2k5Iz6VGi8nPJpeM1LGpByOD2oJeg+Lnt7VajQHr0pkcZHI5FWolAOK3gjkqz7AkWQaWIgPg8AjrV6OPMZxj8DVSdMMcZrSUbHJGpzNpkMvB4qGRht4zxUkhyDVZiSTzWEmdMI3ElkGMY69TUayAdelEpUtwAuccdabLEUjjY9HBI59OKi50KCsIW3MCOM1Kig9s1HGNxq5BGTx1ppCm0hsYwfer0bYSq4G0ngU5yAB34rROxhJcxBeMQenNZk3Jq3cMWY85qowPORWcnc6aUbI86CgqWLAYxx3P0pp6cDnPWjv6UpJbGa8Ox9KIRg4yD70o4PrRjnGR9c0CmkBe1a9TUL1riO1gtUKqoihGFXAA/PjNVNnyFsrwcYzz+VIDgcUdabENHWrUFp5tpPcedCnlFR5bth3yT90d8Y5qAA4JpVOCM5K+gOKdgDbwMtgk4x6UbCBu7Zxmg4zkDA9KMc0WAAKfHtDDeCR3A600AZxTlA55AwM/WmkITr9aMYHHNLR/KnYBf51JGqlGO47wRhQOo781Hx1p8btGSyEgkFc+x4NOwgzmlwRjPWminCnYBw9qO1GKUdaaAOpp3GPegDmjFUlYQo569KMc0vHrSjjrTSACOc9ulOHFAAwec0o9MUWEJ6UoGfTHvRj86cBnFUhCAZPalVTz3704D14FPVatRE2Ii9elTImaWND6Vr6PpU19cRxxIWLHACjJJropU3LY56tZQV2V9OsXuZAiKTzXtngD4YxvDHqWvDyrYDcsJ4L/XPQVs+DfBVj4ZtEv8AXFR7vGY7fqF92961NV8QtdxGSQlYR9yNf4/c+1bSmkuWn82eW5uo+ae3Yn17XY7O1W001FggA2rtGOPYVw80zzyHJLEnkmlu7h7mVpJWyxPHt9KbFG7HjhepNck5qCsjWEHJjBGWbGckdq0bSw3Kzvjgd+lRxoI+gGcelSCOeYqvIH5Vx1Kz6HXCmkWFlhjfEYLcY9qt21vNchRyB2C4H9KZa2gRgOpHXIrq9OiMcShcD1J71zuTZ0RiR6LpIjmDyjPH1JrpJGjgUKoLcducVmC6hgB86TAPHLc1Bc6umNtuoA9W4qGappbE175864LiFfRetQJaQIMqu8+pNVBemYfN859zgCs/UdRmRiCTjPQCockgWupttBEeJQg9KVtNtZCMk/hXN2+ozM4KI2RxxzXTaQJp18yXcIj+GanmuWlcdHo8ORhnwDyBW3ZwLDlbeEfjjmo1Cg4BqRXKsMHAHOTVIbjoXbaFpAwnjUA9MGiSzC5aJegzjNNgu1Rsuxz3zVqO7jYE7sn6YrXRkbGPMuCdzD6Coiy7sDAbuT1rQ1OOJo0fI3HPAOaxxk5G4Kh6nHSs5R1Li7kN4Y3BVyGyMGsxYIbeQXRaTfHwu5y3GMY61LcSwgnGC3Tnp+VUbiGaRm24TAzkt3zSjo9SKm10XU1+1kUKqT+aTjYF/rWilyW6qcdu9UVMICx7R5ijG7qWq9aRgcspWlUcW/dHSU0vfZOpYnJyKsRoODnFIuM/dwfTrU0Ss3JBFYm6HCLcOelU9Wt5/JC2oyM/Ng8gVqIcLhaep56daak46ilBSVjwzxVok1nc+YkcnkyEtk84Peub8tg2T26V9KSWMFx/r41cdMEZrDv/AAJpN4SyxGNj3Q4/SvWo5ooxUaiPAxOSylJypM8LSLjp+NO8gnotetS/DRPNPl3ZCehTpWfqPgSaygEizRvxkqeDXUsxoydkzz5ZTiIq7R5vHZluxq1Bp4zytdJd6NJp0Kz3w+zwN0aRSN30GMmsoa3ZIQLK1mvJs4CudgP4DJP6Vt7bnXuamUcMoa1NB9lo0ly+2KNnIGeB0HrWjczadoSeQ4+1aiOGRG/dx/U9z04FZPivXtQURafIsNuFjHnxQjau487W7nAI6k81iDU3lYeYqlsYyKx9jKrrI6XWjR0gte5cuNTnmkYooXPZRgCqTTykjIOQa2LeSKawZViXzc5Zzzx7VnXClGzjBNaQSWljGbk1e5ctkZ1+d29qHt2SRXjkJI7GqUdy6Ag4/Gmtf8MM5Jq1F30M3IsTyAzHkepxXTfD+GGXVjNNNKjRkbDGwxk/3gecVxaXC5JkBPHavTvh5d6E+mrGfLGqIm0mXCs2Tzhu46cVpOXLCwsPR5qiZ2918qpGyAowyjJ82M+v6mq91LJBBEZnDOGBTZ8rKAO9aLnErCUqCBtwgJNUby1jlBVW8xGIwUOCvuc1xxa6nszjJK8SsmrwGe2ZgTGVIl2jDH6U+1exTxJNLa4kjnjGBI2MOMYx+Gat6dbWmnzxqY0eeMH5nxhgfWrMWnWc9wbqS0Xz1bJZW4HpUycb6IUIVWldrchvdGS6dLksFnbgkZI+mM1eitLaCUSQrhggUqWzipYiMhY0bZjH0qJ4SkjeWP15rK7elzsVOMfeSLYKuyBGHv8ASoLkjqo3KOuBVAySr82D6Z6gUxX8w7g5yOuO9JQG5k1yYrhPLljBVh0ZSQa5vULCw0u2jE1h5lmGLum7IBPXA7fpW8JJJWGV+uBVG+k3r5csJYspCsOx6VtC6ZjUs15nD2ukX7STalokCxwrkR5bsfTP5dDXXaBcvLYQo5lluAn74yAKVbuMCsWa+udACTXJe7td/wAqeYWwOmMnpWMmtfa/ECyaXbCCfDK6htxYYzjaWGfwrplGU9Ohx05wovfXsehvEyIUMW5etYHiKG4hs/Ot3Hy9QEz8ueeO4rU0C9uLuwV7lNjgDBVvvD6dq05Io5EznBHb61zX5Xqd7SnG6PC9Xs4JvOu7J440iODGRtJ98VlQzA/KTzXpHiXwdbzMHtCbaR3JJ25R+vpXEv4R1WMyKUj3ISFXd8z4/ujvXbComjgnRd9SGKcqeO9Xre7Kkc1T0/S7+ebyWgaN14JkG0A9BkmnXFvNayGOaMh+3fI9RWimtjn9m1qdHY6mUYfNXQR31vf25gvVWSM+vb3FedRXGOM1oWt8UI5oaTE00SeJvCrQBriz/e255yOq/WuPmtWjOCvHQ16Zpuqkcbsg9QehqHWNAg1BGuNPG2U8tF2/4D/hVqXSRzSg46xPMmj5AxjA9M0wABsYrevbEwb1KbWzySOR7VkSREP0xVOIQncTU2t3nc2cbRQnG1WbcRxzzWXKpPPNabJ8ox1qu8fBGBz61jNHTRdjJkViTkVGUyfQ9M1oSRc8VEYsEcYrnaO6MtBka8Y69qRo8nmplBUYFPCBgTn86om9ig0POeajMQHOK0GQdx9KiMfOeMe9JotSKsac4P50SxgjjrVjaT/jTtnfiiwc2pRRCOalVe2Km2kn26VJHFn2oUQciIIAaftyp3HtxVlYsr7imODgLnIBzjPSqsZOVyttOcVZgTkHtTorZ5A+wbtilz7D1qxaoR2yKqKMqkrIsQxZXpxUph9qsQqMdOlTCPOc10xR5VSpqVolK4yCB6U24UZyOhq40R25IqB/mAyOnFU1pYyjK7uZUi7c5APGOaqPwevHetK6QgnArPlUEk89a5Zo9Ki7laT8uaYPmB9vanSBieaVU6eveoOu+hZto89avqmxCcZqtZgDrV+XiMdK1itDjqt81imwGOajOdvWnsabgnhc1JS0Kkq/NxTDCSauOpzmrNvGrDDD6Ucty5VLK543knAPQUfSlwKeCpVt2d3UEevpXh2PqRmKVaBjn17UvOB700hB1pQcdh9aUZ9B6c0gFUAelH0paUnJxgcDFAD1i3W7yh0AVgu0n5jnPIHpx+oqPqfSl/lRjigQlKKMd8GlFOwAOaUUZGCMfjSimACgUoopoAFSZzzxn2FMFOHX1piHClHOB+FIKkiVnYKqlmPAA6mmIQ8cd+9ApygE4PHvQKYAB+VKOKQU7vjOaaAB1q1awxSRXDSTLG0aBkUgkyHcBtH4En8KrjrThnPSqRLFAx2pwXt3pUXOP61KBzk8/hWijclsaF55qaKLLDuOtLHHk10Hh7Q7rVL2K2tIjJK5wFWuiFO5z1anKiPQdEuNUvo7aziaR5DgKBk17/4X8Oab4J09Z7oJNqrL16iP2H+NJ4e0ix8F6fsiCTaq6/vJOyewrPvriS7lMkz5Oc5NTUrK3LHY4bObvIbq2rTXkrOSzEnBHtWXK5LZYc/3amkkRjiOEhieGznNTfYWRPMdlyTwueTXLOvbY2hRuypFGGIZu3XirqOmAAmTjuajjhLuVVT9KuJAE+/8rHjb3rjlNyOmMeXYSPczDAA/3RVy3jLEE4UZ6k0W9rNLjYpI/IVrW+m95X9tq81FjRJlW3jbfiJSQTxjirtxcPaxCKMgznqT0UVb2JbxkJgenrWJc209w5LuQD1pN2KsyOScblLyb29Tz+VQPIGk/i2juDmkexVTncXx6mrOnx75GVIwEAyxYY6Vi3cIxLFvK4i2glB71Pa2AuJcN8ydT7VEVCZJXLdKu6ZMxkCxqAMjOTxWbep0RjZG7aWkUEKpCoCj2qYExjHf0FPQjaORk03ocdT7VokABiCcYB96Vmwoycn+VN2jcc5+tOI9RxTvYVriZDK3PNPt5SuQxzj0qMgdBgCkQHPb0qCyxI+5c85qlcHIOBirLDBO7IqCUZ4GPxouwMKSNZLjgE46noKbO2Ds4bbx1rUmh2ZA2g92Y9BWRcMQ37s5z2FS9EJImsSpuo8gbwfWukZVYbpRgnpiuX02Mi5VnO5gd2B2rpI2DscHgDrST0KsXYEXHHzc9amI2nGRxUKuUUEcn+VMMvzcc96BlxQTjA4qVfSqJuIofmuZljB5ya5TVviEtrOEsrIttyGac4z+A/xrSFCdT4UYVsZSoL32egxRE4JqyykJuUD6V4vd+NtUvrsyw3EtpGCCkMR+UfX1/GnXfjHWb8CO4uR5YwCsahQR74FaywU0jkjm1GTsj2zywygkc1Beaf58Z2OY5MYDgAkfmDXE6D40Kxyi6eOR15WMgqx/HGK6KHxdZCz868BtyU3Kh+Zm+mK5pR5Xqd8KsKkdDz3x7oV/ZXNsJbu7uI7h/lZTkgr1HPHOfYVY0fQbK3dJrZGEmcP5gG9WxkgHA9euK7CBpNUulubwNE5jPlQuN3lZ9ccbjxn0x+NOs9IEF7JPyxbk7m4H0FbPET5eXY5Fg4c7nvc4TUfAOmzie7vBcR4/eNmVTuPc5xyTWdqPgTTp0gXRbwQ3DgFknkDKp9OBnP516ibdZUYStmEc4Iz+VZIsbGC4T927MGMybFH5n86UcVVjqpFVMFRlo4mVp/gez0rTHEpa6uZVxvC5C/7o/wATWNqXgJ5oWmglZCT/AMtB2x6CvULMpcoW3qFIGADjFc5421SLRtInmE6+cSPL3nG4+lKOIrOd09WVUwtCNOzWiPALw+RcSwzD50YqR7iq0bq7EJ196n1CLzB9qkl3ec5bnv6nr61RjglkVnXIRSAPc19JCemp8xKCvoW7S3e5dhGylgcbSQCe3FXYInWRlZSjr14rJAdSCDhs9a6/TrTUpbQ3F5Dm2ZHPnHJAICjPHU8D86U6yhqyo0HPRG74U8TXWn3EcFzOfsTuPMJOWA9j1r0R9S0Z742kV5C0s+NgByvTIBIrxN227gOSDgn1pIZiH3K21h3BpOkpu6Cni5UlyvU9/lgjld2KKuzAbbyPwAoSZBH5UAKnIf5hgk15Po3iyTTNMngjiZrp87ZS/Qe479/zrq/CviR9euhbzxGOWNd/7vJ3AdaxlRkk30O+ni6c2ktzurW5OA7Y3jpxT5G+1HeVUepHasGadFmchGUZxg9foBViGSTYrtEzI3QDj8axdPqjrjWT0NMqZYShiXafukDnNYs9qq+YQxGc4z3/APr1YjumO94tx24OPQ07zGaRZGAYcN0/zzSScRu0jHcSwRBncKDwGbIIPvWVp2v28upJBes0SA4Uocknpz6V1V5aC4m86CYo3oeR9DVabR7Ka7hvntEEkT4OD6dyO9axqRt7yOepSqXTgyK5sF8p4WhS4t2yDtPzDI9+tYeqaFZ3aCGwjitr8hZBIMlsICB+ODzXV38uxcIoBHy5UgbqxkuYr6GVYZY47lRx82HA7gYpwlLcqrCD0ZjeHdTvbaCG01WBY7jzNiOpyJBXXxyxArnn3U9K4XxbqyaRYxwyWjy+ZHhZWlPD8557fSuS0bxNPb6jvhbykmdTIHYsqjPJ/wD11q6DqLmWhzrFqlL2b1PZrqDeDtbryDngelcxqdtcxOxSJAY8NuDbsg+1dCtyzwI0DLJhASUPBHrRFMzbWO1kIzx/KueLaO2SUldHDSXqyoY5AI9jAHgEHvz7ZrlvEMl7BdJP5+Rk7WRs4HpwOPpXpMum2BnlnWH55OHAOOetYmp2cMLhYlZyWAEcnKke1dEZRvojlnCdtWeXlz+tSwzc81e8T2iW2pEQxiNSM7VzgHuOaxdxBzXTF31MLLY3bW4II5rodO1AowIauKjm4Uj8a0bW6ORVbmUoHc3llba1BnKpdAcN2b6/41wmq6XLaSyLLGVYHoa3rC+KEEGt6UW+sWohuTiQDCOOo9vpQm4nNOnfVbnlzxAK2QTnpVZgOmK6bWdGmsJWV1OOqkdCPasGeMhicc05K+o6crOzM94hzzVeRCB71o7R/F3qpKpB9KxaOuMyqF6DjrmpAmOvQ0Yp2RkHue1KxqNaMbc559KhZcjNWwpxkZxUDjmgEQKvc1LJGNox0pGJYjPoO1SJzxnPt0oSBlQrh8ZzirSINo5570wpl+lSxrg800gk7kiR5/rUZTceg4qyg+Uc8nigRENyR781SMb2IVjzjiraR4wMUsUYLjjqa0I4Mn7taQRx16lhbaMkYrQSAc4FNtIip5FbOivDFqFu15H5luHBdfVc8it9lc8qcuaVjDuIipwQfaqEi4J9a7Txn/Zr6vKdHGLQgFc+uOcVyU6jJ4qU7pM0hpJxuZc6FjkkfjWfMgK479a13BOaqSxjoBWMkejSlYzBGeM/yp6R5PSrJiwppqgjAIrOx0c9whXY/FPuW+bHYUgwrZ9KRst3NFxct3ch55zzUoGTkcUqx565qdE29u1NImcrDPLUqp3ck8jFWLdcLnPSowDkCpVU7VPGD6GqSMm7niNL05pKXFeEfYgKUfWl+lHpQAvSjvxRS1QAPX+VIBSgUrEscsST05oEAH5UYwSAc4pF4p2RgZHtTAQcUvbp+NIOlKOOcUAHb3pRxzSD60op2AUdelKOnShlZDhgVPXBGKP0piFFKPTmkzTh1pgKvIp4455FNX8qcP0piHAelOxSKKeBgU0hXGgU4D8B70oHY04A96aQCAY6U9BTlXKn/Gnom6tFG5LYqjK9uPbk1Yijzz2oiX16elbegaRcarexwWsbOzHAAGSa6adMwqVFFXYvh7R7nVL2O1soWeWQ4AAyf/rV754b0W28L6eYLYo1+y5uLntGP7opfC/h638N2Qt7Xa+oSLiaUchB/dBqDV9SjQeRbEOV6nrz/U1FWqn7sdjkd5u7K925nZzkiMH7z9WNUvL3MFRWBPrTrCOS4nUMxPPJ6muoltok2KgB2jGAOtcNSZvTppmNBY7Cpblsdc9KvrabsZ+6Of8AOavxwkqzsOg4C1UJmeUheB3Pv6Vg3c6VGysOW3jU4jCRg9T3NLFZRLJypdj3NSQ2yxI0k7n1yafbXcShWmZFDcjLdqTDQmmWRI1SEAEnBYdhVqOMhcAfNjkmqz63p8QAE24/7IzVWbxPbZKxRMcd2OBWbZSsjTZFTLSc7Rk8cCs66vUc5hIxjIPH51A2tie3yyBQcjdnjFc/e3EUjkxlyCcDJ5qGwcuxelvIgSQxZ8+mKs6bK0oAXIPfPC/jWPbwswZiMIO5rR06RPNCcbO/NZsIXb1NOWHduDOG56r0qSCMQzxyBd4HbNTELtxGOPanRRkA7VJbt3rJN3Ou2huwurAfN82MkelOJ9s1WhSOG3XJCyHGRjvTy5XIyMCuuxgn3LCyY5GCKa8ny5xg56CoDIqsAOp5psknz87R9anlHctbhtyRjPY0wyEHHPHOa5vxDrZ0+EPACblvkhUDO5mGBitS1aVreNbh902xQ5xwT3NOVNxipdyYVVKbguhotKOcHJP40ySUbCXIUY78VWZgMBc8dTVW/wAzKqscIDnHrWN7G1h1zcArgHk8c1j3Jy22PLHu3tVubcQVU5xVeGIu54PyjrjrWcpXGkWdNjfdycD61tIpiVdp+YjrWXZlFO0N83XpWizjaWwaSKLAlAcKTlgMkLzWdqOrtbQFjGFQnALnA9yf8BWVq8E0V095aA+Yy7cg4IP9RWF4m1/7EYbeWB7uWVSVJX5D2I/A120aSm1bU8rE4qcE1awt9rI1HUBPLLsibLFclgPYDtWJqM0MlzI1ujJGT8qk5rOztYsQoY8kLwB7Co5LgL9a92nRUUfI4jEOo2iyxKjIwDVKWSRGwjEfjVKe/JOFNSadHPeNK4QyRwrvkA9OlaTtGN2TRpTk9C0uoyIMyXAAxjLHNdDod7aXTQ3n265E1oMPHNjy5Mn7y8/KB0xyT171kWMcTJ9mvbOzBwfKM/7tzz65yf1rvPDmh2l7aQW1oYA6Z3RxIQOp5zXi4uvF6WPpsDhZR1vc7HStckmmgil8rb5JI2cD61qpqKywq6YIbgHdn61zNp4XW2uVYkRuq7Q5GOMY/L2qT7JLZwySRx8oMJ821R7/AP668xpX0PZUmlqbOpakljE0khDRrwWBAHNcZc6mhvElt5MqMhZASM561g6u+rNcyRSwSNECSNq7gcmqFrpl/PFI6QyJGBlncbFUeuTxVqnJnPUrnbSeJH8l7lZYlHl7I41fknIz9Olc38RvEU8lvpivFCtwU81k28gZO3OfUc1lxahYaQd2Uv5wDtT/AJZqfUn+Lr0HHvXO300l5ePe6lOWeU7mPUsa9LCYJp88zysZmCa9nF3ZTnmkunee9kG4tlVGABVjTtOur6dVtYpGPQbUJAz6noKyJZVaUtGTg/w9a0bTxFqVpata2l5NHE2QUDYFehOMrWgcVJptOZ6xo3gfTbbR4X1m2d9SQ8pFNjfk/Ue1QeLNRbT9Ci061s/sNoDuWJwcsM/eHbr79q89i8U6rHdrcG7mWYDG4vmpL3Xr7VrsTapetdOvTzOBj8K8+ODqOopVJXSPSljYKm4042bK813gYXiqy3QLelaJisp7O6klZEnXBi2cqTnlcfQ5zz0rDVA6SuZUBQ8IeM/SvVUjyXRvqzR+0jA2mvRPCnhnULa5sNVmmgt4iBIUZ8Fo/wAOOR615Vbq0sgRBnccDmu8hsdY0q6s9Jnle4Vt0hhilYBAylCM/Q/rWNara0U9zXD0Ip88lex7VJHGYnlBifjKl+gH+FYHim3lfTmSyLRTwgShDLt8xO5GTyK5QeIrzR7O6tZplFwgVRHcEPlT3U/h3x9Koaj48v723hUJCjxZG4LnK8YHPbisacZXTR21sRScXGWjJ9J8ZrBC1rqCMqFgPOhPOB6jvVy08aaelqT5r+b5hQI33SvZq4aWW0u7JzMDFfZypXlW+vvS2senW1tG99C1w85PSQrsA44x3+tdVV0YLmkmcFCpXk+SEl8z1e11SK4sJrrTZjcuhBMSnoT+n/6q04Lh5oGeGBxIwyVD4V8Y6GvFpdPuIbSea0M32eVgWgOd+Bjr6itC48V6k5tUtiLOG1UKscZ4Prn1rFQhVV6bO1YmVL+KtT1pfLu4MsBDLGwLKV3g15v47a002TfGoilaQnYi4Rwe4I6Ec8GpbDx3L9piW/gHkKm1mjGGPT8+/wCdcDrzxTapO1u7SQ7vkYgjI+la0acoy1M8TXhUh7ot5rN5c2620lw7WytuWNuQDVWGC5mjmmihaSKHBkcDIQHgE1WIHU4/CtXRrf7RHcZmMQWPO3nD8/d4/wA8V1SlyrQ44R5nqXfD3iO+0yVoopyIXGNrDcB+FdlJ4imsI43uBHcA5IlhbjB6ZHqOa81eORH5Q9e/etbw5Al9efZ5rqG3jfgmUgD/APXWU4xerNoVKi0R6Lp2rWt9FFKJ42nBJdc4JB4HHereoSSxQYNozxnAyw5APcVk6r4d0/TfDa3ttNOlxGPlnByj4Oegri5/Ed/dLFb3F20qRcAg4OP61zxipv3TslVlTVp7nodzpFjqtkguohJKMFWXKsfzrznxf4a/sNN4nkkk8zDRGMjYpGQc9PaulsNZOoR2kUYdLiM/vJdm9X6gcVmar4gj+1vZ6lbm6gUbGc/LKhzzjgY/EVcOZOwpSg1exxcDnoatRyYNV7hoftEvkFzBuOwyDDbe2fegOcAdu1dFzLc2bW42kc1tWV2QRzzXJxyelX7a5Ixk1SZnKB38M8OoWv2e7GV/hbuprkNf0aWzlYkfIfusOhFWrG6II5ro7e4ivLcwXQDofzH0o2MJRv6nl08RTgg1TZN2c5z29K7XX9Ea0cty0Tco46H2+tc6FEEyuoDBGDYYZBwe49KGr6jhO2jMgoeeOnGaZtq/dHzZncIq7mLYUYAz2HtVdk5z1qGjqiyJc4xk461HIhycdBVlVxxSvGCOKmxVzPIIUg/WgZGOmKsvEePSomXB+tFh3uKi8dKXBPWlVvlxwacq55/CmSORulToDioACKsQ9QKaImi1CvKnHFbllGHwMfWsm37ZFa1pJsYMa2ieXiHqa8ViDHkCq8sPluSelX7O5GASePSo9QcOvGOeoFNSd7HNKnG1zIuG6kdPWs2U9cir8zYjIzWZMcn1+lUx043ZSdiGPSkZQxFJIPnPXmpI1OR1rLc7bWRG8Xyciq3lc1qEAqBgcVXkj4okgpz7lDZ83HenLHk1Z8vtgmnpHz7Vmkbueg2GEZGRUixqGBYfKDyKnjTscUrJnIFXYwcrspgZP9KkVCB061II8MSOlShPpxQM8DHvUkzq75WNEHA2pnHA9zUdLivDPsgpaPpQOuaLCFHWigdaWmAvbk9O1JS9hRQAneinfhSdqLIA7ijHPrR2pRTQgxS8Un8qWmApJYkkkk9zQOlApcenSgBRT+McUwCnimAopwoUYPY04DvVCY5R0q7Lco9jDCsEaujMxlGdzZxwfYY/WqY6jFO69etUm0S1cUDmnAEYoAGAec5/SnqDVRAcgyat20XIyDtHXFR26rn51LDB4Bxz2rQs4jKVVc5Y9B3ropxuY1JWRNpdjLeXCQQIXZiBgDOa908G6FF4csx8oOoSL87Zz5Q9B71keB9Aj0a0W9uV/wBLlH7pW/hHqa6O7mdLbfx835/WnWqcq5YnBd1Xd7C6vqIij8q3OGYHe2a55VCnJySalhzKDI/K5796fbrul3y/cB6evsK4pM2SuaWj2zK63D5CZ445Y+groVHnSseNw6gdqwpbiR8EY81htUAYCD0A7fWtiweCxtP9YHfq3fJrmlK7OqGisaBjwmAcis66uoIncSEKFGcjrUV9qMiou0CLf03nrXP3W+e42iTzWXljjCioci27FnVtaNzmKEMsA6Du31rDlkaQHc3A984qxez2tuyrGTLLjkr0zVRH+0M290QD+8cY/Cs5O5DYu9m4RT9SKJWPEfV81FJKi42Nu45bsKZHIWyYgM47j+tZtiLaTuqCMtjHYdqtae8fniSVN4U5Ck43Vloq8YOR61ehu1tYXVeXIwWwCR9D2qb6lImv7t2kcv8AKf7g6D6VWtJ5JLgKHyueV6CoJbjIdgS8snGWbOKfp9pNcc7tgU/MScZ5ougV29DtoLkLCiqc4A5NaFjOH5BAPoK5nypYoBiQycAAGtXTJwyYQYf0xjHvWdtbo61J7M6KNgx3HqPWns5OTtB46mm2vMC8jjrTmYKD9K3Um0ZtajCQRgLyehpvAiKevTNMz827jPpUU0jNkHglcijmCxzHlvceIT57k2+n8pnoXI4/IDP5V0kU2/BXnPTIqnHap5jfL8zHJx3PrVtU2jbwMDGRRWq87VtkKhR9mn3ZOBzkdPWlcZU4xmmxsFA709nBPGAMdKxNyhKj7sbeGHOKW1Ro5ueBVzOSM4HFJtGQydD3pWC4S26r+845PQVOs8UcLJNgN3FZ2pzO4Eakgd8Cst5rawjkkvJwN38Oc8elVGnKbsjKpVjBXkauqzsltINgVgPlzzg+pFeca7qgaOKKSaOZ4i2XERQ8npzzWr/wlMSi6MdpJshVnBALjPbd6CvMdUvpLu4mmdjvdixJr28HhXSd5HzuYYr6yuWm9DWmv4xwGFVJLsNxmsAs2455p6SHGT2r0kzzPqaj1NCSZc/L19a1dG1e5sUlWzl8vzBh+OSP8muc3+tPWTHQ0pJSVmaRpuOsTqLbUlN4bi8giug/LhsjP5dPwrqbb4g3lvYfZtNt7WxUcB4kJOPqxJrzDz8AjOaTzz3rCWHpvdG8alZLSR6Xb/EXVYNiSXYuVU5w6jn26Vj33iO/1HiW9lKA8JkgD8BXHRyHd8zADqaQ3h3AIcBu2aFQpRd0huVeouXmZ0kWrS2MheK6lVx3RyCD+FVrnXJZ23XFxNKTx87E/wA65xpCeucHvVjSbZb3Ube1eVYVkcKZHGQuT1qm4x1sEcNKWjZrQ6miPyitxwDVC5u5ZnJdufQHpXSar4F1S0N1c2MT3lhF9x1HzuOcfL9B2zUlz4W+zeCtN1KWMQ3VzcSHLMQxiwNuVPuDz71jHFU6luV7mk8DKheU1scxDKUwAMEjHTNSzCNEQxOzHaC+5cYPcD296Roh8oZyOeSBzVeVwpdIy5jJPXuO2a1adyIyT1RZtlV5AWdACCevtUrXKgDYhHA6nms4vhVA6invcMxLOdxIx0osFrs0IbhRkuu7vjPBqvMwkyy5U55AqB7lXOUjSP5QPl/nUatnhjxQVaxZgmkib5T+ldRN4lmbw3a6arqdkrSMR945xgHjoOT1PWszQdEk1W3vZ0nhhhtI/Ncyk/MB2GO9Z0zKGwiAFep7n3rN8k3bqivfgtNmaYvGlb94Tz71YEqgcNk1ipcBmVWAGTyx7VYMckM7RyIQ4PTOa05lsckqTd2zctITIyFgcMeD2P41qtEr3FjCvDEEAY9zmqekLcJaEtnY/IX6d617mSNltA+EKk4OOc5zXHjX7h0YGP7wm1rdBaQMCwkDED1x1rJklhvFUurLMR9/Hf3q5rMrPZq0UgdwdrK45GOc1hiXJ445rx4TlB3iz3KsIy0aHXcEsPzSDKZxu7Gs2QA+3Nb9wbmLynLg70V/ZlPtUEsNlcMnmobdzwWjOR+K/wCB/CvWo5inpUPNq5fb4DCeNlBZeR04q7Y6nc2UE9ujYhnUCRcdcHt6VafRLwsWsitzGRnMXUfUHkVmXMDRRDzOJCTkEcjFd8a1Op8LucnsalLdFkXJkDI4we2ahIKE7Rg9c1E4Mtmko4ZPlb3HrUum3YG+KcZDDaD6U/QfqWbjUr97VLVriQwLyqluM49KzFuDGQxyWHSrotpribyLdCzdfoPU+lU7zT7mKNZWjDRH+JDkfnUqcU+Uq0nqdInjW5+12lylrbQXEHWSJNpfn/61X/HesaBqsdvfaekq6nPzcp/D0HJ9/pXnoZskEEUrqyEZ9MiqVON1JF+1laz6kryrvyBgE9u1TqSFwPrWe3r3q7Bl4FbPI4NaC6EqN+tWI5MGqyjJpwJQ81SFzI2bWcgitu0ucEHNcrC5GK1LafIHNURJHbW1xFdW5guQGjb17fSuT8QaLJZylly8Tcq47/8A16uWVyQRk10EE0V3bmC5G6Nv09xUtWM2jzKWE88cDjNQmI9fSul17SJbSZsHMZ5Vh0IrKSFuAelFhxqdyisP+cUvkgVpJCBxxx60jxEknH5Ucoe0Mp4s9sVXeDPNazRD8ahlT5QpAFJo0jMyNmDipEAxTpU+cjtSouKk23Qm325qZBgCkRPrUyJgfWmiZFm1PIH86vRN8wGeapxjGOg4qWM/Nj+laJnFWp8xswSMhI9KkmkLd+tZ0MjAYPNTtISuelaI4JQa0IrnJH9KzJQM57VbmbJqs4J6dKUma0YWKvll2JGARzVuGEBR3qEAB8VbiBUA5qIm1RO2g0xnPShoeBkVN1OCKnVeAD1qmzFJmc0OMnFReWQK1WhyAcVH5WBwPapaKUyrCnU4pXXA6VaSPGRjj1pksZxj+dJjjqymq96eoG6lK7WIHIFPxz9ak3sfPo9aUDryBxnmkpa8Y+vADOee2aBRS0AHelpV6884pCKLAGKdxtxjnPXNJinM245OBn0GKBDcUYp3LdT270lACCpIZGicOoXIzjcoYenQ8U0fSnKdpBwDg5welMBuOB60lO/nQcdqAHJE7K7KpKqMk+lIBQOlKBTAcvykEEgil96SnAUxDuh604CmrTwOKpCHU8ZA9qQDgflT1XPNWkAIOamAyRwB9BQqggYGOMfU1Ztog8gH3fc84rSMSJSsiS1iDvk5APU16X4B8PoFGo38f7hT+7Q/xt/gKwPB+hnVb9QFK2qHdI59K9NdlVo4IAFjUbUA6AV0tqnHzPNqzdSXKjQhWS+uQG+73P8ASrepNG0UgYlY1QAYHWpLNRZ2gkwMbeprn9Qu3lk2IRgt0Hr/AIV585XZtFcqI3O58A7UQYA/z3qzCFt03XABftHn+dUBcG3kCxkGRere/tUMrF5m+Yn171zzmXFdTUaZTKMNlz1px1IQLsBVpT/Ee1ZAlffiLhj1z6Ux8R8/efr9KwbNU2at1fCdPNmPzgcACqUheRNqsQGPQHrVFp9xPOB3FSJMRtJGB2xUcwwvIUtjtc75BjoehqoxDMMdD6GppSWY4GATkcU1lbywxXgdBjFTImwFAsQ2ZbjJP8IqGPfJIVUsMjqaQSsCoCkj061Yhiklm3MpUegrIdrk9pbNhcsc9AAeTVx7BFQN5jAfxcc1Y063ZMbQGyMkMM1OxZXJdYhGOxO00LzNOXQoS2EUShi0kgYZHGM1YtLtY4iiowA4wccVJeXVrb2LthHmK4xk561HBdxPoShIR5hXlvetGoqN7CV3NxTLLXYWPyweo59ataVjzWZWPA6k81zELs7nB284zXT+HVVC5lcbgSAAc1m9jWm23qdnp6bIPnJLHnFTnB64Gaz7SfzThjggenWrDkMBtOP51rBqw5asjnhRWEo6gYzntVaR1YZ64qbO5SpJOOefSqU0hUgEZHSlIIonaVBIFUHd2pkkirsQthnJ/kapzzlH3A4VBzzWFrmppJd232dyTFlvl5+b09+M/nWRcpqKOrj2oCg5JJJ5708bQSOlYtpeJcASZAJ4Kjscc1mat4ie3uGtreIFl6uaulRnVlywM62Kp0Yc83obGp3dxZyh9oeA4yTngVoJfQtaJLG+8MOAvUn0rgNR164lt9k8yqnUqBjNc3/wlkVjMQiGRecqGI/XtXpRy+Vvf3PIeaKcmqSdjvLvXpbe6Mcj7Hz/AKsck1h6zeWbpI+oyy7/AOGDG129/YVxdz4umaXfaQRQP0Ehy7j6E1izXjzys8kjvI/LMxyTXTTwrTvsjCpNyVpas1rjU7tEeETOlu+A0asdpHofWsy4lU9KiN2Rw2GqjNIN+c/Ka7npoZU6LluWmc4zu4polINUDcSDIBwKiad8jk0jqWHua3ng8EUonTPUg1lrOejH8aUyk45pieHRpm5RT3ppvADwv61mhsnrz705cUx/V4o0ZLwGLaByTk/0quHBYHn35qFQSOtTQgK/7wZA7VmxqEY7Fw7CqquVwOc9zVrT7prK5hmVmV0dWVoztZcHPB9apLIAx8tdpbp3xUse/fhlOBzkjNZvazJ8z6X8Ha/Y6ra28aytJfRxi5kDMCqDHKt7jrXnXxQ8Xwa1fR29pGq29vlVKnO49z9K5O48WyLp02nadAlnbS7TIwYvLJgYwznHy+wA/Guf8zcWIOR3NcuGwipycgxeIlWioMszTbicVDxyWOBTBLGCMjPrg9aZI4xxx+NdxxxhbREpKDuc02VlYnau32qu0maaGOMjOPWkaqm9yfIUjBBP8qmjbnJwVHWqozn5iKmhaU/uogzbyPlAzuPakNo9G8CXCRaFqXnfZ3jkdEaFvvMp/iz0AHPPrWlq2jeHmtbaWObyNuWljR8yBewAPU++a5bQdPntrG+ivEkhWQBNskZ5fPT1HHtWfe3JUeVG21cYwtee6M5VW4s6HWhCmk1c6Wez0GAK1q1xdgMCSSFUjuMEA1JrOsRajaWMh02G3hhYosyockAgbTjvjmuJW4bON5z71fuLm6WOC0kfYqncIx79/rzW6w7TTbuzmlWbTSVkeiado0xs7K+j8qWCf5fv5APofSs3xTci0vEskjTbEm0OrZyTyWz37dKyfC95PBqKRmWJoVHAlfCqWGPzrV/tAIAt9Ct0EbmFk9OMBgcniuTF+0StubYb2d7rQ5yW8klm3FmJA28mkM3llSijPp6e9WtQt4lkkltwFjkIdEORsB7E98etVJbWaCfbKOQeucg/SvNPRRoXLRrFB5bMzlBvY84xUSuAMtsGD1xjP+NS3Elv9kt0ik+aNSsmR3z1HtSabplxqEyrBwCc7jwqj1J7UI0luW9Jv5LC9jmwWRCPlBIBHoaseKlF3N5VuiwwMfM24yckev40thpUt5N5CIzyL93YpKue/PtUWsItuIS9zvusfMobIUdAPbtXVhYv2qZzYmX7ppnIMzW8kkfOPukVGnLHmi9JM5z35qKInzAD3r6OK0PFbdrm9ZQzPZ3LKWXKBA4HbOT/ACrS0by0/wBHmKmLAU+x9abaSmKO1t8ZV4WdsdixwP0X9azll8u42MoOBhucc9q+exNRus2j2KELU1cn13RvIvNh2KWAKMeAwPSuanMkLtHIOVOMV3elTwatY/2VfS7ZP+XeXup/un27VzGt6Nc6e5WVWYKdu4nofQ16OFxSmuWW5yVsO4PmWqMrKuu3GG7VLZsVJU9KhVPmBBxirhhAkDJ0PNegjnbUdCykeU4pCCxwasRJhc9MGkddr5Hemjm53cYgZevSpoJNjYpFGeMUhXH4VRop3N61zJGHXqOtaVvMQBzzWNo8uW2noa0m+RiPyqb2ZW5tq8d7bG3uOnVW/umufutPaCd1dcMPerUE5Rua1CFvYArY8xR8p/pRexlONzlTFhueDQyEj6Vpy2wDFW+Vh61TkTaQOtWmZPQzpI/mH1qGdM5xzWgYs5qGZR25oZrB3MWaPrgfWoguMcfpWjKv/wCqq+znIHSsmjrixiDnPFSYPGcelSRR5OTUhTHQU0JsSMZ/+vUnQ9aI0xjPNT7AAPXvVGUgU8jnOTVkIWGBzUKKQBVy3LLjGQelWjkqxKbRnkCmNDxg1qNDzmoHjCjkUmEGZZiO7p0qwinj+VTiMHtQiY4qEzaSuNSME805cZNTqgC9qQx+lO5HLYkjUFeaiePD9KnjBT60uNxzx+FFzFx1K7LjioZBngcmrMi4yO9V8fPik2XTRVZD1A9qkSMse2anKAjoakhTDcjtUo3lsfNijccZA+tApAKcCPmGOvT2rxkfWijoeBzSUUopgTwwh4JpDIi7AMKTy2T2qHNJ9KUcZA70xAKXnHqKSlPTrn2pDCl7eppOtL1P4Y4piFHTHH1o/Gk6dOacBnHahAFJ2+tKqljgd6BimAvU8DFKOtAHFOVcgnjA96LCDHpTwMZyM0nboMU4D86oBR0AqRQdvtSKo4qVU/HHaqSEAHPHSpFXkD1oRfwqaNOn9K0iiWOjjIAPHIyOa2dG0+W9uY44ULO7YwKo2sO8jI716r4O0oaVpovZE/0qbiEEdB610wSiuZnJXqaWRuafZQaLpgtYuXxmZ/U+lV7ORnuGLAc9z2oupXEZjHJzk/WmwxhwqsSFz8xrlq1Lsypwsa89y86ExnECAFt3Ugd6yJnAJww5yR64FWtQIggWLoQNzZrPtGy+5wWUcnsSK45zN0ugyNh5gIGCRUpGBlTgn9aYGCBpNgI7D0qt9pLdBk+9c0maRVizcy+WgzkydyKikWQw72OMDAHTFIwPLkM20jNWHCsrMB1xjNZuRaV9yhHF+6ycD3JpdwRuMkdKWdiCVbIxxUDAswJJ2+lK4i9HcMcbtpC98cgVDLIGwBy2agZzHHwQB1I9aSIluQOaGxF3TUHmMSAfTA4+lbUcIb519Ox6Vh28zLhFUg98HitW3mJWNMlBjv61mzena1iK7uLi2aKOI8kZBxn602KdnjUlWaZySzk9PpT/ABP539lh1YBA4BAGD+NY1vq8MMKDLGYdscY9a7YUXUopwWtzz6ldUsQ4zelrmslst3N5coygHzZp1+4TZBFhVA28DgAVU0W+IS4kceY27nPbjpWXfXsktwzKePSuerBwnyPoddCpGdNTXU2tOSK4nlBmC7cnoctXV6e8flRojDe47nn6V51Yzlt2wqo6sc1s6fdlriNmOJA3foQPSsWrm0HY9GtEYZbIA9askqsfGMkdaq28+6HehJTAp1xMWBbPGMAVtHRD3YwyAkjPHQ1ka3dSRoFt8lmPX+6PWtD5ipJPJ7VieI7k21oWGDg42+pxUN30HJWVzO+0OIpZbyaMqVKqXyD+AHrXPvNafaC8E87sBuwi4+Y9ev8AhWfd3ElxcO0pLyN+Q+lMGIIH2KfMfq3oKuxx89za0y/Ml+8Vn5aTP821m44HP1zWfqWoC3Z9+DKScgdjWOvmqWeKNycZJHYVmXdzvBx065r1suSs2eTmNNzlFdA1PUJJnJLEewrGdyxJJqSd+pqlJISTXosqhS5VZIl8wBCSfmqNpqhySeKTknmpudCprqTCUkfNS5DAZOBVfBpdrFc9ulFyuRdBZMDoQfpTAc9c4pvQ4NSMoIyo2ilc2Wgyp0kjCbGXcOue4qFYyU3D6UojcjIBI+lK43ZgDzxUkbhc5z9RUW1gOhp2CenWmKyZehumAXKqV6YIqyWT5Tyuew5xWUhK/MQdtWo50ZFHAYfrRcwnT7FxplwNjsO1QPM6jljk9jVV3zISRg57UhnZlVTyFPAPalYFTLYuCVz1P97/ABpVnOc8iqKtz178U4uWI5yelAezRb83IHIB9Kf5p2gE5x056VUD8c9fSnKQMHqKCXTRY3Z6mpI8vgbsD3NV2dMZTIO7oewqzHhrdiF6HAbFBLVkTRxk9CM1fsosSIwbDA5yPWqNi26Qhu4pUujFJuLcA4xWiSOKopybijp5HuLjLSyuxY7iSSST61QvJoEwpJdhVOfUmeMJH34zWe7kseSc9qHZbGVHDzk7zLzyKSMDH9aVbhvOU8k981SjcsVVeueMmpQ5Mw3DDA4wKg6VTtuXxOyNu6HvirdtqsiOCcsPU1RCNJ0HFN2gEhc/ShxTMlbodpaeJTgQ3O2W3ZChRlBBB98ZFP1C50rUd8kpktJW/gtxujz9Ccj8DXHQs20dSAakQsuSwOOtYTwdOeti4YqpDS51NhLpcbL9ruHnQk7kjj259Mk1NFr9zZwstuY0iIKqiLwF/HnP41y0bRKhfJz2BHSoRLg7i1ZxwVOJbxlSe2h1epeJLq4kh2IsKRrtVU9MetRQxm8tpplkAZEztPesWGYTxFGAB7GpNIunh1KOJn+Qtg/Q8VvCjGC91GE6sp6tlW85ZSB7VXj4PNaWqQmK6mizwCcVTt494PGSK6YkXtG5r3CoNOhvFlJlCCIIB029T/L86YBvMUgbnALeufrWhb+QLAw3CMYzj7pwR71nSReWzbN2zqpz2rwsXQcJOXRnp4TExqxUeqFeUiUSIDvUksAMc+td7Ao8U+HBPkfbrSPbIjc+cn09f6iuOtzbTW5Dy4lUEKQOHz2P0qvperXGj6lHJZqymI4f5jhxnoRXGr7x3R26LR7MqanZRwyfug2w+v8ACfSprGPzIFDYJXpXd6/aWes6WNTsQI7ac5kGCfLlxjHFcfbQmJmUjG04PPGa9vB4j2sbPc8fG0XT2I/JaOQ+hFDJkEfjVwAHKnr1FQlfmNdyPN5tSuOOcU5xkZqbyyVJ7im7OCDVJlqWpJp52vu7A9K3JBujVh9KwLQkO6+ords28yD6ipkbxldjVzt9xV20mKsOaqbcMPQ8UKxQjH400W1c27uFbyAyx/61RyPUf41z8gIbArZsrgxuCDS6nZq2LmIDYfvD0NNaGUo3Zk3LqbeJRGq7QckDrWY+AeQcelacyk544FVGiBzmguCM0pljk4qFhx8orQkjOCAKqyIecdqRvESNfm981MVz71EnJ6duasIo6UITQ6OP1FStF26c8VJCCSMr+FWTGCelUYyZUWNuM+tW4o8MPX0pwixnipoFO7pxQYz1JNu1DjBqnOo5I9K0WQeXVKZex55qJMqlHqVo03daeIcVLEmOlXUi3KT396jmN3Ez2TjpSRrk4OeKtyRnPTGaQRgH1NO5m0RbQRxn1oCAVMsZP0zTimBjFHMZuBRmGBjFV9hzmrs69R1qJIuaLhFWGKmcZqQLgdOtShcAGkYc8Ur2NUrnzAPWilpVxkZ6V5J9WApf50lOFUkAY+tGPWrMVnPLbSzxwu0MWN7gZC56ZPaq56U2mtxJpiUo/OkA96cM4IB49KlAJx6Y4o6UoY4I65GDxQBTAUKcEjoCKD07fSilxmgBDyelKKTjPtTv5UCFHWnhTz9O5poGOuacBmqQClSpKsCCDyDxUiqd3r3pgqRR0xQhDwQeuB6YqVRk4HI+lRAZFWYxkD1rSIMcg9v0q5BHnbkLj3qKJcYra0eye7uEjjUsWOOK6IQuYVJ8qN/wXoQv70STLi1h+eRsdvSvQbi5Xc8pUhVGyNQcYFVbW3TTbBLKIjI5kb1bv+VIoEo3txEpwM96zr1OiOOC53zMrq5U5bLZPArc0aLc5EqBQSG3N2qC0tkkZXHXqPaticCytCxxuxwfeuGUrnVGPU5nXJEfUZQCDt4P4VQW42rjJIJ59Kddyb3eUZ3sf8mo129WIJHOKwkHUS4YRwK0jAsckKKj01TK53cKOao3LzTz/OvHtV3Th5ahQenGaxkVF3ZsBgivGnQjkgcCoJCoHygkACrYhWQKrMAoHJ6VnSTAyukbZTdwcVmby0ROEUpllz/vetNmhiSMmRR04xTo0ZysSEfnVW9hZZUjYZctjg5xQiLGe5O49eelSRlCBuBH0PSi5j+csCMdx6VEh3yD5sADOTwKpkNamvbMioGXbxwQT2zV+2WMujK21eueuKzbIxFliyvqXxkVcEiW4DMxbccKf89KSi5PlRo5xpx5pEutj7dbmFnYKeQw65FZtlp8UUyoQsu1idx6N7VNHPvQOeFGRz+lPdkUbl4yDwDWk41aC9neyZzU6tHEP2ltUQygIzRoqouc/L3rEkCmXlSwz1BqTRv3i3MjuzMxCjc3GTk5/WlmjHmOhxlaVSDpycXua0qiqQUkrIhth5jMBlQp+6K07eVoZFjKkKffkfjVazhzIQG4zkkCta2tyHYsdwPANYtm0Udbp92fsEQ3AIBjk88etX4mMmCOg/WuRtybO1nMjDywNxz29K2fCF4b2xaZ0wQ5AHtVXdjRNXsbaJlvmLc8YBrL1zT4prWXauZh8ynGcVtAbELe9VbpFeIFiVJIztOCRSHJXVjzmKwCTF545H3jJ+XH+fpV6a3t4FQFIolI3EOcsfqO30rpEnVpHX5WI42A9v61BcQWs6vLcQIRuCkk/kK0i4t+8c7i4r3Tlr7UrK2t3FvtnDKVPy7QTjpn8a88likjAEyOm4ZUsCAR6j1r2L/Rbe2MccNuo3ZDbAzD6ZrhPG9tNPA1692Jktz5aKSAQhOensT0r0sJVp05csVa5wV6U5K8mvkcbPGhQkEDAzk1mFuancuykDJAGeKpMe9em2TSg0rNkysFOUY5A4xxQZFA68YquWyaRm3HOAO3FSbchL52AcfrTDKWJOfyqPvRQaKCQ8EnrUgZgADyKiBHbIpc9aQWLSPxgdT1BFPScquMcdqqFvQn8aeGBXDc+lO5LgmXlu8j5gMkVVYZbgHOaQfKRzlc46VPNt27doU46juaCOVR2KxB245K/wAqBExxtBNGDxx3qwJ8oABz60Fu62IlAYhc89DT7uBreXYzI2eQUOQRTH+UjIODzzTGcsCO3bNArMQngA09WwR19sVGoJBIGcCjPNAyXPOfarMcsf2WRHzuJBUiqe/P3ifrTS1BLjcmDfMatWtyYHJwrKwIKt3qgD3pd+O9MTjc2tNnU3PJABzwKtz2yOGZcBzXOxzMjhl6itey1BZDtkwGq4tbHDXozjLniNliK4UkAgZpqK3BPQVqzwrNHkEEgZGO9ZbAq+BkADBpSQ6VTnVmSysPMG3p2bFPt3VJQ0rZwaS3dCvlyr34J7VOY4yflUGoCUktGaEE8bLtBGSPpS+QXm+U8+uaqJCkigqArZ/KtGL5YxzyOKqNziqtQ1iPihEMm5m4AzSzzR7GxgA1FcuSg9MVnXJDMvltlu9WzGEPaO7EuZwjEcnvioI5dxPcUy5jZ5M7s44JpyL91R96osegopRLkchjXdnjrS29xvvIiOpcfhzVC4ZtuxTyOuKv+HrOS4uI5JBiNCGJx1oJcYqLkzb1mYPfEryRikth++LKoAIrMvJVa7fac5bFbVmFXaBnitEclT3YovuhMC4yCBS29vbXEUi3F00Mo+4CuQ1TYxGPeqMqjcG/CsqlNVIuJjRqulJSI7/S2s52G4YXG4qflXPSpVg822JMXmZIV/8AZz0OasGNJdrgsGxtyO49KlGkS+UH0t2LAEvAzHJH+yf6V41fCTparU9/DYyFXR6M0fCV2NLupdKu2b7HeAoSckI38L/rzWRq1hLoesXFvM+9VfaTk/MM8EfhUdxfEjZNGROMDBGCv1FdJHAviTSVhlmMmoWqgIx/jj9P19e1ctOo6crnXKmqseVmA5UFSpyMdfWlYbiCODSNBJbjyZo2R4ztyR2pYRgjPWvpKNRVIKSPma9J0puLHKmCGPTvSTR7WBHQ1YZcAHFSmPdaZ7rxV3MrGTF+7uh6VsaQ27evoTWTKCJlrR0b/j7cetVLY0hLUvyDBIPamlRzu781amTmq0wOFNZpnUSK4CgdxWnp9yrAo/KMMEVhscZPpg1LbybWFaLUTRevrQwsQPmXqD6is509QRW7DJ9pg2MfmHK/4VTnhJJzTJWhjyxDAIqtLBlSRjqO9a80LKBxx6VVki4z0HvSNYsyhFjgVIvOB1qy8WDnGaFQbuBx9aCh9uMMPetGNFYYNUokGQT07YrUtVBwDTMZiLbgnnPSk8ra/FaKx/Lnr6Go5V56cd6VzDcjCZQ5IxVOaLn6dqv9eO1RvHke9Zs3grIpQoS+SOK0YVAAB4pqRbAKXBB5zUs1eo2ZMZxj61VkUqcj8augbuM9KiZOT1pXIaKm7B96k6jrUTD5uvFWEX5Rii41C5UlTkjNOijJx3qV48tnGamgTGDg07kNakEsWB0qJo61bgq+DtCnGOKq+Vk4qZSNqcND5QFL1PFJSg4IIrzT6QVcZGaXI98UnNL9KYG5p3iW90/QNR0i3ZVtL4qZhtBJ2nIwe1YeeaB1peAODx9KuUm9yUkhM807jHf3ptLUoYvFPEbeVv8A4c7evfFMpRxTAXOaXuTgD6UKMnmiiwgHrx+VOXrSdvrSimAuMdaeBmmrxTwMdc00AvsKkUHPvTRk4NSIO/H407APXqcLViNMkbgeajjXI5yKsxISc4JrSK1JbLFsm5gD616d4J0sWto19KuHb5Yhjv3P4f1rkPCeltf30UQA2E8kjpXq8EIdo4YFwkYCoo9K6JS9nHzPPrS55cpDFbvM5B+4Bl29qqyP9ouFWP5Yl4UVp6xPDaQ/ZYT83Hmn39KzdPTkSY6ngV5s53ZpGNtDdtkeEQRqM4wTSeJbiL7OpDbME9D1qUOh3O5wo6fSuT1aYzTMM8AHBI61gpHRJWRXMiyZcYTPRaeP3cQx/FnNUUzuBJ+7xUktwAh2k/jWcnchEE0nLKCBjg4pbZgrDJPvmoF3STfKDxzmnRABN5YZboM1DQk7M0JZHmYAs2B0BPAqaHqE498Dmq2nxyTYEXzvnceenvWnZx74/lCecTk8HpS5H2KUk9y3DZAwF2cqeoGe1VlXc4fcCBnGOO5p8F1uZojJlADwB157UxEIZQhHX1qdjdNPYpahblSFXGevTqayLiNoZQCecHcQeBXSXdlc3O/7NC0jAdV7Vg3UYQsm8O4I5Vs+uRxwaaTtcxqNXH2TiMqWON/an3l0GulSJixUDj37/wA6oxSeS4O7584AI6VVhuPMup5FBVuSD613YGnebkzzMwqN0uVGvHKW/dqCQpOD/OpFvhCpicZDDOR9elU7MMUSR8nPIH+frTpVdZlMQUk4JU8Gt6talKo6U9v1OShh6sKaq0vn6C6XK0cc0eAEL8DA/OmFD9vOSdrEj9KRZDFGNygZOcDt7UsrK0qMmQSQa8yvPmqOSPboR5KaiatvEcFhwM4ODV43EFpb72LFx0QdTUNlOi2DupVnXgKe7HgCseeGR1klfILE4Oev0rJQ6s2lO2wmq6vJqGA+FiBG2Jemf6n3rp/BetW1hGbW6zErHd5uMgfUVy66c0JRWQ54bgZ3fSoNQ1c2IltLa3iE+NrzuNx7fdB4FdeHo+1lY5KtaVP3lueu3mq6dBZ/aW1C1MPqJVz0z0rkdd8c6Ov+j2tz5jyDb5oQ7U/qa8lv7l5WczOWZiWJ9z1x6VnM4HUZr0IZfTi9dTOWLqVFpodlJ4titbhjCrzEdHzsH4dzUN145ubi1e1aJRG/UqcH6ZrjZG7/AKVEz57V0+xpp35UZRg3Gzk/vOv0TUZpdTgSGR4wxwWVuRz1/CujdbefUvKeRpoc4UBOHBwD9een0rkvDyW7abPLKyRyh9qvu+YAD0resdZ0zw9cTOZPtkq52IDuDH3PavNxfNUq+4tjWjBU1Y5LWLltOv7u1twE2M0THHUA4/CsFmzmrOoXD3V3LO/LSMXbHqTzVQ16Sbsrm8IpCjvz0pcnpTQeeKcOAMjjtQmXYTFJUm4ADByfWkIBPXNMBAce9Ax3NHHvSUBYcDTlbGMZ9KjyR/KhWweaQWLCOSwBIz6mns2epyB39KqhgDkfrT1bPB65zTuS0SGRic56cUbicZ6DpQ6FVUkghhnGefxpgG7gA5p3AcT83z/maReSBkdcc9qCCO3tSDtigBwPUZx2pDR0OBSk8YxjvQAn40Ac4xSY75pckdc0ALyBnFIe+aUEnr/+qm/WgQGnjjBzTQvODxxSigTOo0qTdYJz8ynFV9SIEpOwLx+dLoRU27oM560/UYmbawGeMcdqvoeZpGszP3kquTnFPimdHHIxUezDEZ6VLHtfarDHoag6nZrUv2c483PPPB+taHmAY44rKii2kqe3Oa0oyHjTAq4nnV4rckuGJiyOnPFUIseZk9jVi5dlwecdKksbfzXCqMljnNPczj7kSrefuI1YDg9veqFuzyP8o+cnHXH/AOqr2tM0915Vqv7qH5c+/c1LbWSWVqbm7TG7/Voerf8A1qR1wajHXcsSaZFaR73vIpA38UeSPpRLrJitmhtVClhgt/hWfcXL3CgN/q1ztUdBTLeLJBI4HvQS4p6yLWnozTBiMjOc10Fs/wC8HrWZboBFuXj0FXbfJq0cdafMbisTCCT0qlNIATU0DfuGFUblufxotqcpYtZirZ3Vt2d9sZTkg1zMbccd6twTEDGTRKN0XCo4vQ6y4is9URfOXZcqPlmTr+PqKzNFz4Y1mO+uofPjRiSU+6c/5BwadYNhlznmtXzjHIwKLJGR8yMMg15WKwfNrDc9rCY7l/ibHSa4mma94Y8zTpI2uLf5yQeST1H09q89dCjdO9adtILK9a5swYRkZQcZ7/0/nVG6k86YuFC72JwO2avL6VSinGexjmNenWanDclYbo6ltlzbyAjoM0yMfu+auWy7LdicDdxzXe3ocSjqYUy7pRWjpEJ8/d68VAkZaXB61t6dCFkB96qTsiaUbyH3yYAIqjOD5a1q36gxD61lXLbpNo4C8VnBnXLQgAzvz6VEjVaVdrP3FZu/DkVpF6gjZspirDB5rZ2LMnmY69a5i3fpmug02YMNjH5TWhDVhJos8/hiqM8QI4zxW5LHjNUJo6Q4sxnixUZQ9cCtGWPBOMVAV59qRomRIgGK0LXG4euaqhcj1q3bcMKCJLQ1OCo6U0x5XccdcUI24cYpCee9I57DRHg5xThHx04p7HAHrUkZfayqSAwweKiRtAr7AScc0xo81Z8phk9BSmPIzWdzdIpBcNjpSSKcGp/L+bPpSMpIIH5UCsZhT5uORVmJMrjFLs+bGKmjUgDHWpbNIorFMHp17VLHHg4PIqfZwSR1oCVLmNU9SJl46VJAh5yM1IEzxUqptWpvc15bHxz70Ud6XvzXIe0HYUelApfrTAPzpRgckZ4xSUvWgQBcgnI4GeTS54x6UlLTAMClpBjn17Uo5HYe9AC8CnjngkcDvTBmnHI44yKaEKBwTxxSj8fpSfSnDpTGO9sD8qeAeOn0z0pqrkE56U4Dn0oAVRzU8Y6YIPH5VGo4wDmp4l46dapIGTR44z/Kr1rCXI479KqxJuIHAPua6rwnpZvLxNwOwHJPtXRTWupz1ZcqOx8KWS6fpRlcASTDA9l9fxrcs9UFnHLJGA87DCZ/h9TVK+dQoROFGAB6CqhTY4DdVGcVz16nMckFrcdcO7EE8lzlj361fsZP3kcY6Zxn0qgMl+TzV3TYtk+ZGPsM1xNnRFamnqLMkHHfqR2FYF5EQnmYILV1CLmTDqWD9qwfE80YuUiTog7eprLoaVDGYYTBHUioZ1/dgqeAc49TSh8rkqSc4pLhwU2L1GSakghQMTsx8xPQd6ui0BG6QMNo+6oHX3zVOBihAJGfbvVj7SWDBmJJHTHYUnfoC5balu0823kKxKsIbku56irUl+qweTDyc/PJjk1z+9yu4tz0FSpMcbV6dS1W5tKxHLqasTAttBx0ya2ra38+L91hVQfefoP8a5xZQiDGPpUrak6QIik7G/T61klc05uVFnVb9EhWK2AZujSHv9B2Fc48m0knqe57VLdSZJbeTk856/lVeKPz3wW2KOWZuij/AD2rVamEm27lhSI7WScZ3MPLQEdz1P4CqaQyRSGNgA/BOO2a1IlSVklK4gQFY0PXA7n8eT+VP3LBC1wUHyfr+NdlOrKjZJXuclSnGtdt7EchltjBEvAjQ+YxGeWxTSx3DjP9ajjSR5DNNgNIdwBNS5BPBAxxmuKs05WR2UItQ10IWkVt2OCe3am7wU+UY28Y7ilMa79xGccnB61H97JK4rJo2uX7G5CpIrltvBOOcnNK1+J5FA5VOFUDGBWWz/KURtsXVie9ORvmDQrsIOfXJqraCbNxr9I/LtpJDGm0YOATnqBXD6rP/p1ycY/eNgfjW+8byzJKpIfOMn19a46+nMksh5PJ5r0cv3bObErmsiGZy2WY4qs8noOKeAXfFR3DLkKmMDqfWvU8yYRSdiN5GPfikGSfX600CrFrOIS4KRv5iFPnUHbnuPQ+/vUXOjlSIi7Z5puTjk8elPcrn5eR9KZgcnIxmhgkOiG5vu59qhkwDx+dO8wgEKcHuaZzj1FJlJahnpTvUNkY4ApD1wOR34pe/A4pWKFOMZGc96TOBx3oB59M9aUgDuDQAY2sNw4680w8U89OPzpp9aAEPWkFLSUmMAcdgfrUiHaRkZqMDgnNKKAaLRcMcBQBikAIPfpUangZ61q20SXEPX5lqkrmE5cmpnEEEYz60h6nOPSpZ0KyNk81D6f1plp3Qdv6Uo9cjjnmkJ5/pS5Bx91cCgBMEnOPegdvpSr83QZ9qT6UABPTAAx+tKQB0pAKUDPUj8aBCClxS4pUBzxTEaeiS+XPgnAbtWxLkqwBw3UYrnLZtki+xroYmDBH7CqWx52KjaSkjNl+Z/nIJPeoyCh549KsTR4kcDqpIquxJwDytSzWEjT00+b8rH5q0IItrOMdDWLbM1vOjHp/Ouy0eGOWcORlStVE4sQrPTqZM0BP3hx1rQ0+MpaSsMAkYH48f1ovICr7emwlSKS3uUUSLjLAcD9as5He1ifTtPg27JMCKH5nY/xH1rntZu2vrsvnCL8qL6CtS4u2+xtCpJZ/v471jxRhpAcHnk0rHTSf2mRKpVcH8asRx8gYoEeZCT1qxEhVSx7UkhzmrFtfltsYGBU0D8EVRQsTjOQatJkHp1rRI4qjNKOYhNuapytn86XcQMHrSbc/zp2OdMWAEHB6CraJ83So4I6uJHgY7ZobLinJ3NTTG8zap5ZeM+1aLtmVh2FUtGhKyFu1XxHulJI71zy3OyK90qSjbknoaiEGZB7VPeL+8H5VYtkwQWFO+hna7sV9hBwParMwKRbe4qdIAZAT0FF0paPgYyf61NzdRsmZtoB5x3jnnmtq0Q5XjtVSCECbbjnOCa04V2jnrSmyqMGiO9Py9KyAmZgcd61ZlMmR+dU0AWUAdOpoi7IqWrIbvEYdv7tYRJ801saq2Ygo6scViO+ZGI/vGtYbAyzC+DWraT7SMGsEP+8NXbeXpWlw3OztZBPDzywqKePnOKz9KuCjg54ralAZc+tBlszJkiyeaqtFjsa2GjzziopID1H5UFcxlbMHAqeHGcHIPTIp8sR+lMRVBGTUs0vdFyBvXFWNuT6moIEABNW0Ix0/Ws3KwlAbs4/nU0A2kAmkA4p/T396hu5aVicgbcAD8qYsfPpSxt+tSrx1FZt2NEVJISvOKpSKdxzmtibBHT2rPeLLccUJj5StHEM/Nk8cVOkPIqVEBYYHFWQihMAc+tTJmsIlTy+KQJg8VawAOOaaRntWTZtylcLz0qSQDt2p2BmiTA4Un8aaYpI+MwOCc9uPekpenSlRtjqcBgDnDDIP1rE9YbS9R2FDHcxOAMnoO1BHYelAC5OAD064pRjB4ySOOelJ29BR/KmIXBPSjFL6YPOOe2KBxQAdu1HanE7sAnOBgClABHr3xTsAmDzS4IAyDyM81JGqNv3NsKrkAjO4+n8+aawwce1OwgB5pygnp3poHrUiqRtIyPQ0IYoHrxUiqe9Jj5Rz16U9SwG0E4POKoY5VNTpnIBz+FRqvI4/EirUKE4wAcGriiWy1ZxF5BgZOeleqeHLNbDSFZlw7j9K4rwnpn2y/iUghM/N9K9B1GQDbHH0Uf8A6q1m+SNu5wVpc0rECvmfLdByaQnexd8Z61ACXwhzzyT6AVNEQ/tnvXn1WOCJbVOCxxjPf1rTsIw9yhOMk5/KqY4UKCO3NaGlpudmHGMjnvXNJnTCJoSMsKkk8LknPpXC3l2s11IxGdxLV2WoDfaTNxnGcnoMV55MdzuxIzn1rO4Vd7FuSQEAJxjJxT4YS67iMDqapRE456dOalMjSjaM4zjjvSIXmTBQWYL0PPApAoKkY9hj1q9YWv2qXZDhVTOfMOD+NOvIFi/491B3Ngbh0Fa8jtcjdmJIuTnOVB6VKqkKvHHXJFXJY0WExxqC4+Z36D6Cs5pxbq6SEO+AFGf1qZRdrji1exNHLul2jJPCgVrMIHiEU8ghMWMMRkA/xZ/SsS2kKOjgYYHOT2q9d2pgtUllYmWQZw3HBpRaQNN7FF7oCYFAHA67hwfwqFpVkcgqAm7IVRhRTZcZIAOffmolJi4bGSeB3FaRetzGcW0SyXeJMLwBxxUokE6BXO5V5welZ4idp2UjaB1NXIjhVRcHHc8V3YmvBQUY7nBhcNL2nNIked9mSw3ZyMCpoCMEltwUAniqsrDzDn5l6Z7fhTEI2bTuGewry0j1WXJZhu3AY3HOTzVSSXkEsFX0JpZS3ygoQB0BHTFVrhlZ92PlPHrTAngheTIJB5znPAq7Au0ZGDkYHHas+0JUcBsnq3YU+WZzgBycA9KN9xNtFiS5ggWR5HIdVIRAckn+lctDdoDcKLaBzICo3pvZfcE9D71qG08+Q/KRx0FalqlvpttDB9ngklWUyvJtBc+i7uwGK7qVelRVoo53TlN3kcv4itF0+KxhKhZ2hEkvPck4H5AVgnPvW34tna51eSV8bmAJA6DgcCsTvXox1irmtJWWooJPriggrkUYGeD2+lLvO3aMYPPSqNBokKhgMYYYOQD/APqpueOaCPUYzSVJVhPSlJpKPWgYvQZyOfegUDHejIxwOaAFzxTlBPCjNNBIyB36076GmIUkbcEc5zn2prAg4YEH3pf0HoRSElifX86AGigEg5HFFL1zSaHcQDp6U4UDg5HanAFjxyetIQIPY/Wr+nSGOQDjBPNU16DHrjAqTAVgQfpVrQzmuZWNy9sVmglfgOo3fWsHJB6gGuigcvark8ONpPtWRqFm9rIB95SOCKpq+pzUZ2fKyieeTnFFKRxzSkYYjI6+tQdVxMc0U4Dn1A9KQ4x3zQFwGB1FORS2QAT3wKZjNSpgD1Pt2oQmIvXg1IFJ28AE8cUgGOVzjHWlB596ohsmRNrfPwa17Q/usVmW8RcBj0z0rWg6/QVSOPENNWIbpwZnK9M4/GqefmqeYERgk8k1XfHFSwprQuxLvAXGfQV2egRlUVfSuVsYwSh712elLshQgcmtFscdd30JtXtttm04H3vmNcvErJEZGUgv936V3l1GHgSMjKkAVyutKHvSkWNigdOxpRdznl7pnwqA+49jxUksQklLgBeOAKliCQrlsM3bNWWwsSMTlm5qmQ5W1M3yQjbcZOOfamybTgVPcSrGu7jJ7UQReYMyDAPNNCu3qMt4i/uB3qdhhuO1XEjEcfA7VXIy2fWqTM5jU+90qdF5HrTY0zx3q5BFubpSuQldkltD/ERx2q9FDlgTSwx4A46Vct1ywzWLlc7YQSRdsI9i8jtVmNfnBB56UsaFYSR3qxGgSIuRjismzVIzZoxJcBR+dWBF8wVRnvSRfe3sOe1X7aEk7jVNihG7Goh2ljTGT1ParzIpjI/uiq6xlkLNwDUJm7VlYr2cRMhJHerTjMmBxgVNbR7Rnt2pqKWLs1JvUpKyM+d/IQnOWPAFVeQGY9TwKszxmeYkZCr1qC/YRIoyMnsK1Ri97mdeuNxYc7Rn/CsTOOta1+pW1G/G5+ce3asZzxgVtEzbsPjbLVZhbBqmnWpomy30psqLNuylwwrqLCTzocZyVrjbZ8EV0Wj3AjmUt908Gn0FJGx5RzzSmPK1deMbc45qE+gFZ8xLjYy7qEL0HNZ8o29R0remi31l3cW1uORihs0gJbuNoBq1GwAJzVBBg9asRkseDWUjoSLkfPSpGB47Co7fnjpV+NQRzzUN2E0RIu1RnrT2cGUnn8abIMHPXFRBhuAFLcpE7kn6VAwBUfLznk1NjIPOBTAuX56VBqkLHF8uRTlOGx1qdAAvA5qs64PFQ2axQw8tz6050wmTSKvzcdKnkOY8DAqG7GqRTUUEZqXZg5xShCaLi5T4uI4ByMmjt79c0uOCQR16UAVB6Q2lAyRiil6AdKEITpSgc0oHFApgAqWEFm2h1QP8pZ+APqaYMDjHNA700gFXIPBpcY46HvSdB9acuMHOenH1piFUZPFKTmkHT0FOQD+JsD2GaaAQjABNOUngc4Ham8Z/GpEXPPAosND0XdnGPWnrkfjzTT8rbcdOKljz0HTHOKpICSAKThiQPYVetY93XvVSNDxgHFbOlW/mSIoBLE8jFbU43ZlUlZHc+D4BbadJMRhn+Rfb1P8AKr8rl3JboeAKekaW9ukKkbY1xn37/rUKKzsB3bvWNapeRxRXUkA2oWOPnpNxijLDvxmpHj3uVBwAPyFRPy+xfu+tcM3c2SNDT0V3Bf7gOTnvWuzKqsqEBR3FUNOiWOIM2fmGR7VBqt79nLW5UDI5YVzyZ0x0QeIL5RZ+THnc4zwe1ccz4bkdTya0blizAnOfes+5Ta52nGOcVNzObuPZ+gwB71e0pCJVIkCl8rllyPpislc43NkmtO2HlDLOcgZHGMGrgrszbOqsohbRhpAgnZMhAc8f4VneIrmG2J8hkZn+6o/h7UG4WHRuSfOK4z261yrMZ5CWJZnOee5repKy5SY6mtbSMUMrgEDlhj9KxJXEt2zOeMk/rWu7PHB5RGNgBb27fnWRPFiTf0U5Kg9cVc4P2afQxhNOo11LdvL0fCgA9xnmrAn3MXYsw4x7+3NZqSFuhBUdfSniVmYAKSTzgCuOx07D7idFVmAAcn73f8PQVRRt0nXG44OelTXQOWLlTggYFVNhZ+mRVoh6l6NHd8BWb5uOOv0FWXi2PIqsrlMZw3WodPMkm8oSAMBmPGParc0QhMm1iDsBYsOefT0FVyp7ivYqvhCTt5PTuKQQTna4jcjHXaauSFYlRY3MpVctgdPp+dUzefMY23lc9M0nFR0FGTkE7FlCltzgdPb2qCPKsx4wM095PupGTtPJJ60pGw7YQJGxzkdKzZoiQ280QxKvlrt3DccEg+3XtUUsyxrtA3k/xY6Uh3qCyjDsPy/Crei6LdarKFt0OAfmkPQUX7jSvoV7fc0qKuc/xMegFXo7f7RICFO122IMc12lv4SSCEIzsxGWkbpx6ZrH1i+stDik8uRZJYzwewNaUKcq8rRIqyVJe9uee/EG0Sx14RIFA8pCceuK5kVc1i+k1HUJbmY5dzk5qmp56V7sVZWFTTUdRcUbffFSKTgnaCP5Ux23ZIAHfApssYetJ096dR820DkKTxnpUjG8Y7596MUpyCQeKTFFxh1PTijGF6c0u0g4PFBGQDnmgBBn1FLilHHTv2pR1PC/4U0DBxn2xxzTTVma1aK3hmZkKy5wAwLDBxyO1QqoLAMcAnrjNMVxgxQO3T60oH0o24pBcFUbvmPHtSgU4LkDFPMTAnjkdqVhcw2L7wBGasbd31qAfKRWjCu6PevGRiqRnOVi7Zr/AKIhPGD0pNfnwkcIUcgMSaktc+QBzweKo6y4klwc7l4/Cr6HJFXqGYPYd80owOtB7U4gYHPPfisztEBx7Z4oxSjnqRSsME4OfcUCG96co78fSg4zyO1KBnjoKaE2P5IAA/EVJHGT9PWmxpyD1HtV8Ddjjr2FUjGc+UltUGwewq7FGQjHpmobePyxyOW6VebCDgZPSrPOqz1sZ96o8vj1rOLAuBWjqxEaKpPNUdNha4uAAMgc1D3sb0XaHMzoNLTdLGoGcACuxsI8zKo6LgVlaBZCNTIR8vYkdTXRWiCDLsQAOapu2hxy953JNSnEMLsCBhTj61yQLRoZJeSeRn+dbmpTebAGxlWbIHsK5XUL1Zp/LDfL3IpxVkYSTnKyFGZZV6kuQBjtV+eVTIyLjauFH0qnHcpEB5a/N0QkfrTJgSq8Ese39aYNXGPKjXJYAle1X7dySu4D6VUtYMnGKvxpt6CqIm0tiaWQEACokTJzUipnj9KsRQ57UbGLfMwhi7kVoW8BAFLbQbiMjCitKKHAzis5SOilDqV1TnHatCzi5yelJbwb3x2HWtW0hG/P8K1k2dSVyVYflVRjA61HdfN8o6dBV08DAqE/L1FZpmtiGG1yRuxgVe27I8L1NRQ5dgv51cVAeW+6P1pNmkI2IkiPknJ+9TSg4A6DpU+TIxPQfyp6AEgDH1qbmnKMSIkYqKQBN4B+8cVMZgbsxAfKq8mqc53XAwcKmSfemtROyRSvXSLdzhF6n1Nc80rTzknJJ4A9Ku6tObiTyowSo9O5qvsEUeBjeRhj2Uf411QVkcU5XZT1CXzG55J/kKzZI9oyTz6DtVycgscdKpyH2rRGLepF0qWHimAZ5NSxAhee9MuLLcJxWrZyYI5rHjOCKvW74I7UkanoWmS/abFDnLLwaWRcAisnwzc4l8onhx+tbtwnes5aMzZTPPGaz7tf7vfrV6Tgk1UnYEEf1qWXB6lBYstUypgAgH0qeJc8EVL5e0+tZtnShsC45J6Cr8bhQMiqagg57dxTwcn5TUsZJOcmoh1/lR2wakUZoKSJ8hoxwM0xBn19KAKcFxyOtZs1RKg4PHNMEe7dT1bbkYzkU5MYPPWs2bIg8sAccUoHFTkE0hQcVBoiErjrS7RUpXLe1ATueKlstI+JMcH603JzTjnIPagnnoOlWdQnQZ454owR9DQAM5pQCePSiwCozKSVODjFHTmlHA4yCaAKLAXtCisJNXtI9Ymlh09pAJ5Il3OqdyB61VufLFzL5BLQhjsLdSueCfeo+tLjAGOM1V9LAAB/T1pemMH64pcDBycUqgYOc5xxigQAZAPNKCOhJx2oHT68UEk89aYCrnqOuOeKcr8cjj1FNyR0PXrT41JzgZFA07EoG7HQ1NGpOOgHrSWTRpOjTRiWJWBZN23cPTPb61KpVnYj5AT068VokDZNCpYr0IHaux8HWmbr7QQCkI3/AI9v1xXKWqAt+gFel6Dai10aIYxJJ85J9OwrRy5IXOWq76FiZztCgdTUyLsi3/hVZ+bhVU8KKu3gVYo03Ajbng157ZCRXMrBcjANRSShRw2M9fpTXbuelUbkl9wXuc4rmnItGrNq5l2RQfu0Rh171HqcyXMvmAEAcE561h7iZB6Dr71r20AePc5+XbWTZtHUaEDtxj5R3qjciJS2cse2OK0iBEhBXAxgE+tY95827n39KlBLQaykqGXoTxjtitKxjkmjM8WXkXqDyPyrMtiPLw7FQTuz2qbcbcfIWLHBJHHXtXVBW1OaWprXty5t/Jd0lc4LEHIQDtjpmshSEbzSORyMDvU8Ks8R/uDknuarkGSYKvA6lj0UetZzk5O5aWgiO0pL7yqnmRm/OqMxeUsSTknGTV24lRlVIxtiXoOufc1CScKEBDD0HNJzk1Z7C5Yp3tqQIjRfuyevNTSbtmEyBjk+tVguHZ3bODjHX8Ku284iBeSNZT23/dH4VNhspYyPmY4701ypTjrnpmpJ5fNbcxyScAAYH/1qakeWGdo9z/KnYncdbXLxJhcgE5qxud23NuOffrSxRQxksxyQMjsM1NaxG4cP1BOM9BRzWHYv6VAvlZlbYrHHNZs1qUkPcdiR1HpWjqLw2EINy4VGOB71l3Wu2G0FGYuDwgHFa08NUqLmWxE6sY6ImiggJZrl5EULkEKCCa0NJ0h79lW1bzXdsFVGDtz1rJg1u3WVBLCki4xuXJz9a6V7kRxokL+SGHypGMED3I70qtCdL4iYVostQ+ESL7yGuoXIY7lik3fLXZ/6BoenZyII1/U/1NcxpGpWeiws+oON8mME/ff2ArivFPiKW8uJmc7hkhEzworTDYKVZ3noh1cYqcbQ1kzqfEvjKGON2hkwhHCg8t9a8k1rVJNQuC7Ehc8LVa7uWmcljVQnmvXUYwXLFWRnRoa+0m7sGPNPiUs3y9hn8qYaAfUZpnUSlsIVwOSDTM9qcCDgEjHYU0jPpSEgOOwxSA8jOcUvAPPIoAGRk8ZpDEB4wenpSngmkzg/0pRyOTx60DAnI5PvS8qmMDa3fr0pvGTjOKVVycDk80gDHI/OnD9KQDPfFKODTETswwFHTHUim43KFVDu9adCFydy54wOakSFnI7Va1M3JIgEZyeMGnhAdo6n1qUvsYqF4HXNTwoGIyMA96djNztqQxwMHXIwDT5oSjbsHmtHyfkCrggdDSmDeozz2o5TD22tzJEIMRbPQ1p2a5t1zgbeaZ9lKyFCOD0q8YCluoXJLHApJE1KqdkOt1wmSOOtYN6xeZjnv0rqHi8m3J9BXLuS7EnAP86piw0uZtkBGDjFLgBc9804rzzRjjGO/pUWO24wdOaAOMZ4NP5wFwMZz0q1FEjQnJGc9cUImUrFQD6E+tWrWAOBz82eB2q1BZxkhSeaeSInKoOB1wKaRjKpfREsVkqSZZl2j0NTosc0yJEML3NU/MeQjLHA7Vs6Pafu2mI+9wo9qtHHVlyq7eohCQgbgCccCo4f30hLDCDk1NJAZrhtpyF6Yp00ZCeTH1PDVVjk5kYl8rXlztQZA4Bro/D+mJGgL/d6k+tFhpuxvmGT3NdPY2gVVLDnsv8AU1O2prKo5JRWxPaRfLuxtQdBUN/IZXS2iPzSHBx6d6ffXsdrFljznAA7/SqsL/Y7eW7uRiVxwP7q+n40JdTKcrKyM/xbqCwFYIW5CgD/ABrmLOAl975x6mrUyvd3TXM4Jycge1WETPHSmCkoRshqoCxfHzdAPQVZig3H39TUlvbs2CM4+lacNsAASMeg71WxjKRBBb4UACrKWrdqv2luzdB+NaCWoGAcGpcrBGnzamPHac9KtRW2CABWstsO44qWKAKOKzczWNGxXgtwoGetWDH6flVlYgO2SatwwdOM1m5HRGHQjsoCE5HWrW0xrx3qZVCLUghLAZ61m5GyhoQxDOSelN2GRwFHP8qstEQBGnXvVqC3Ea/7XrUuVi1Tb0IYoQi4/M0123HAyFFTzHPAHHemJFlsmlfqaW6IjRS+ABhfSpMCEFm7CrKJgHbVW8f5COAAPzoWrK5eVXMyJmWd5G5L9Kr3tyo3KhwzdTT7iRgpCHk8Z9qobHUkIrEnqxreMepxTm1ois5WMYI25HOOp/GqcoaTttUVbeBy3zg/Ska3kYABTj0ra6OVpsy3UcBarPCdx3Ct1bTbkt1qCaJV7U+cXs2zG8vHanccAValTrjiovLC9BVXKjBoEGDVlGwRVYgg5p4Y7s0G6Ru6XOY5VYHBBzXchhNCjjowzXnFo/INdxocvnWRTOSp/SpntcmSFnXk1VkXJ5q/cIarBMnHasrlRQ2NNsYPHPv6Uh4IxkCp1X5elDR/L0qGzZEH3gcUZwTj8KmVcZPHFRtxkY49aChI1yG3H2qdBgcU2IcE44NSdSAvpUspD4yM4IzU2zioI1O7tVxWBxWcjenqQOORTgMVIV4z6UzcOeKhmqVhacFBWmL8w69KevXioZaBFAOKUjtTzwOnNNPPOKixoj4fkG0jBB7nFNHXnpRg0vLE+wrQ6QyNuAOe5py4wc5z2ojHzcjI74OKVR74/GmhAR2NGO9Ko5H9aeEy7BRvC5PFUBHxj370DP4U/OQBgDAoGdpAJx1NIBp5A5z7elA69aCO3OKXHvR1AXtnvTj25P40jYyTyB6VJbIksyJJKIlY4LsCQvvxzTAZghiOOKcvXH86Tp/+unAfWgESpx16HnFTxAHgZwO9QKAcc1agU5HQZq46iloje0CyNxdxRKQ25hkjsK9KmIUAKAFAwB7CuR8F258x52H3Rwfc11M78kUsQ9onHu2xiqNwYg/NzRcsSiqAKlnwojGR90Yqs4ZyG/h6VxVNHYqGquQTOSAB0AqFkJic9gOOOtSCNmlYDBIBJ5pUQiNvlOTwK55XLRjSDa4A9eBW9bACFW7ADLVj3kTRSkgf/WrZs3HkKG7jkGs5GtPcgZ2kZsAjHPSs28AKFuBkYrXuWVEOOT7Vj3bBlOBn0GaUQmR2gWFAzAEn7u4dDVy2eC4kdrmZkdslgI8r+AHSqaldgbk8dDTYXwTnBYHI966ITt5nNNNrR2NIXVv5O1TKxBBO0bf1qtdlvtG14xCpwWjznA68+9QwMVI34ZQeQBjNPlLzSSyyAhnYnJOaudRONkrGUINSu3cjnkjEjiNcIAMe9VhIVLkALvGM0sxIBQcY9utQlSQoH1z6Vzo3CQAcHk459qkjjDqzOxCIMfX2FJJAybWkDDI3D3H+RUiKGjAIGepphuQ4xxjGPelwEXIwSeAatNbBCMkAkZzn9Kkit0mnXaDyMBQO9K4W1KMAMj9zzngV1OlxRxr5e/Ep+YHHA9sVasdHWGFWlUBpGwD6DFOt4rZS77huiJO4c5FEPfkkEk4pyOF8e373GsG13Ax2w2ZHQt1J/XH4VzO3By4rX1a9juL55o4gCxzkjr71myku5ZySa+jUFGKS6HHTnKSu1Y0NFlt4bnzLpsRrz0yT7Ctm68WGNWj06AR88SPyw+grkyMkUqsBnI59KmUU3dj9km7snnupppfNmkaR85LMc1WuZmkcs3Umm9frTZDuCjCjHfuaLm0YJO5ExyaYaftJBP4Uh57D8KRuhKKD7UDrzQMdjGMg/jTn4x16dTTkVSrZLZA4wM80zvQTcQCkp2c8Dp6UhxjjOc0hifXtRS9PrR244pMBAcc/hQPalPalVcnAFILguSKlRVxhs57U6CJnkAAyfSrNvCsh+ZsDrnFVFGc5pDYflXHc96mXAIOeMVcZbaGPAwx7Go9kcrYXA4rVKxyOopa2Io7Xzn3jHritCGBXXB4K9qbax+TtB5q9FGrSow4yeapI5qtXzKUZ/eFOmOmauxRAqe1SXFoFJdevrTY1JXI4xTsYSqcyuhyxBQSw5P51oRWyCNXYfcXj69ajto/NmRSM5IzWhfOI3VFAw/WnY5pzbdjLu1zaSluPlNcgynJxkD3rt75AICG4HWuTuYwZfkXCnpUyR24KpoyqmNwzx2zUqxjY4LHI5HNNKYkwRgj0qwUZIenLe1Qd8pbFfywDk8+lPGRGR0FIcYAHXpT9jOwT8OOlIL9yQBgqnPSkH7yQuxwD61OyY3d+McVJpNlJdXSxLnnrx0FBi5JJtlrR9P8AtEhLZEY6n19q6CddibYxjsAO1aUdolnbJGowxHH+NJDFzwvA6VotDyqlR1HcyliaFRGg/eH7zHtVi1ssZOMk962YbAABj3/WrSW4QZI68AUnIIwvuVLW2Ce7dz6VJe3MdrDn1446sadeXEdrH833vT1rAvtSW3cvIFmujyqn7sf196Er6spyt7qLkMDvIbzUOABlE9PrVHVJ3vGLMxEK9B61SF3c3Lb5nLKe3QU9d87BVBbsMVZm3Z6kCsWbgcn9K07Kwd8HY2O5I4rR0vSkiUPcKGfsD0FbEe0YUY/DtUuVhqPMUIbJhhQuSPbgVdg045zKfwq/EDtHloB7kc1aji4+Yms3NmkaMSuiJGoUDn0FTIh7jFT7Ao+VefapUj7ms3I3USJFPanrHnk1IcKOeKkiiaVhgYHpUtlJDYIy7jaK0Ei2cd6khg8pfepwgBrOUjohT7kMUOW3NVgJ6U5foMUjuc4FZ3N1FIEVVOe5qbAVctUKAj5mGKPmkfPUUDWgMN3PAHrTGkCj92N3qT0pbiKQjDAbT0GetVrjOCGwigdqpK5EpW2FNxhGeR8+lZk87SE47etWdhkXC4YDuecVC1uRnzG/A9K1jZHPNykivEAclmVmzzzTmXnjB96SaKP/AGAPaqsixDlZeR71a1MtYkzAA/NTGORwapyRJKP9aSfTNVp7aSPJikOPTNVZEuTXQuyZP8VU5c9MGq4uLmPG8bhTVu3P+sjwucZos0HMmEiZycmoGUjpU7uMbhyKrvKp68VauBWl3dBSI7HGelSO4J5pvp3qrjTLtqcd667wtOBcGMn74x+NcVCeeK3dHnMc8bjgqwNN6qwNHdzIOarFMdq0GXeoI5BGaqyr1rmuUiuVyeOaey/JQMA+9OcZpMpMqPx0pjDPUVO8ZGehFR7DjJHFMdxVHA6etPUZHFMUc89KnjQZ5pM0Q6FTznipiOPenwRgrnNKy7eQKxbudEdEQEnGOp6VE7EDng0smWfPSo3PTHSiw+YcjE8Dj0qyvTPpVeLAX/aqwvSpkaRYbiafj8qQUoHHrWbNUfDrDpzzSopY+1AH41seHdafRZrl44IJxPC0LCZAwwe49DWkUr6nQ21sZOCB+NAHHFOdt8hbgE0DkYp2GhyMU9OQRyM0mdvQnkc0HsPwoxxkD2zQAY/E4oxxngigdcZFPChgNpy2SCB6ULUQ0knHHGMU3GCPangE5wM4GSKaTuJz+dFgAksxJxknPSnDGO9Nxj3py9sDNMY8AY9D/OnAHsKB1Hygd+BUir36k0DFQZNXrVNzAf1qGJVwM8duladhFmRBkdegrSmrsipoju/DMPkaYh7uSfyq/OeCR0ziktkWG3jj7IoGPwqKVyQMGuarK82zmS0QGZpZE3+n6CrLnzFJUfKBxWdE2AN3X+da6KFswfbNclSV2a042RlbgN5XqeOafJI8doozk5zx1phfewA+UEdPSmkmSXGcgd6ybCwzViwtYi0Y82YZyD175qbSsPbozk8DFT64sctvbbcAqRk54GarWISN5I8kqr4Vh0I9alq8bgnadie7HJZemOgFZjxiTC8AA5z6CtS7OUwDwe/pWWAcnPBzSiXMhQKHEZPyg8tjtUTttdtgGMkAn0oZtzsQeppinL9cc1ojBsu2KrvBLHIIz8tWblAtukkKtleGGc8noazIJ/LkO2Tbk4BPQ896sW9yVyZDzg8Hj8K2jCNtTmlOV9Cs6Ebm5xnqaZuxkyYyuOh9aW4YNMxUbV3YAzkGoS25lUEY5xWLVmbLVFhbkPDtIyQTz1P0/wA+tPWMsVx3OTgelQLHlhhgw9hWvZWvzLHJvSZs4z2Hp+OR+VJlpFbeCHyvUAAn0pYpWij8wpyc7QDyaztUu3gldYSoKnluuaFBubSESAJtU7m9QTXXDBSkk31OWri4w1Ne3nlu2XzJH44B6DNaAhSKdJomwhG2RQc7hjmuSGpBWCxKqoox8wzmuotj5QEcqhQQroQevtWeIoOi00XQrOpH31Y57UvC89tdSLg+WOUI7jqDWUbHbF907ycc9q9J1mZG060kLfOQY8+oArhtbkZY2ePIZjgAV62GqOpTUmcVVyjV5LmPOlrEygszkEFwoxgelUZdu9mjBCE8Z9Kv29i0g3SyBAwzyMmobmALnyw2wetatHRCcU7XKjMuzG35s5zUe0+nFTeX/wDWqaOMtgYwD3FRY350imIyQxGOPf8AlTGH5Vfe3Ib1qFomPQcemKdgjUTKm004pgep71aERQc4Un1qMpg4HNIvnIhnGO1KQCOmP61LwMYQcHv3pAxGdvDH0FA7kOM8mgkuSWOeOpp7DJ6ZGKQLyKQ7jB60AGpWUqxHcHtU9vAJG3SHCdzjNFhOaRWRNxAHU9qmjgYnoc1JtCkbanjB25JyT1p2M5VOxXJZHJ5yKFZ/erRgDIX4A7e9JHGSQvr6U0iHNWESFnUAnHpnirlvYsCrE5FWI4MBTLwex9qsGdI0I3A/StEu5xVKsnpEjICDDHIqzDKEIAwarTkOgZecUy0XzJACeM9KsxtzRuzavXCQZ9RxVeAb0BFLqrfu0X86doERlk2n1o6nPa0Lm5Y2gjkDY42liarzxiS6yeccZ9K2vLKW8n/fIqjbxhi5YYFCZzSb3KF6mYW3DK8cetc8IVjYs3qcA1u6xOsK7cEseKwWky5Z+PSk3c68NGSiRGHDeZJ37VWuZNxyvXoKmkZpGOcgdqiWMFwoBznvUnoR7sgSFmb1PX6Vs6basUVXGepA9KksrDOHGfKHcj7x9f8A61b1mir8uMufbpRYwq1+iMv+xi78MQo9q6DRtNFsrMqjnkmtG1t1RA0mMfzqwY2lIUDap7DvSOaUpSVmUZWDPiMZJ6sf88Crthabvnb7nr61bayXKhwqqRwg/i+tSy/KmwelJsUYW1YyJfMdmUfKOBWXqlwqT4Vs7B29aLrUPLdYbdxkA7m7CsW5vY1chAJG9T0qow1uzKdS+kSHULx0bcTumboOu33rHjgZ5Nz5JP5mtNUkuHyx4PJ4HNa1lYoAC6n2GOta7Exny6Ip2WmtKisRhK17S3iiHygelWhaySkBsRp2UVftbONOANzfrWcplwg5FcQSPjOFHartvapGN79PfvU4gcEZIX6dal8peuCx96xcjpjAjVgSMLn2qyg45GKQI2OBinLA57mobRokx2QBQHJ4QZPrUqWnI3ZNXoLYLyQKhyRahJlW2s2chpDWnHGsYwAKcq4HFHAqG7nRCmoikc8daUUgPoKUYzk1JqSLycCpo4kUEty1Vmm2DsM1We7c5CDd70crYOajuXmQsWaRgF7AVHJcoo2R9vQVnqZ5WO9wqemalcKgwHP9arlM3O+yCeZwpJKqT6nms9D5jFpg8h7KvSp38ofMx5/z6003kacIuPqatKxjJ3erDMvIEaRrjuabJwVDSDbjqDUE9yZSTuXNZ90ZgnyvxVKNyJVLbGhMIHQqCHqhIIoxtRBjr0rMe5cNgkg0sd0WHXI71ooNIwdZSexed0IyFG6qdxM2dwHfoKQTAHAPI7VDK43ZU8U0huVyvcTTAggHHaozcScgnkdj3pZbkCTY/HOKZLtkGPatLGSbvuBnUjGNrd8VE5BY5INQlGXgjK5znvTUYjOcHtQohzjzH82QxqVARgjkfyqMPg8H8KCx6qaC4u5cTDDI/OtGzba/JrEgkOc9BWlbycjPUU0atHqOkP8AaNLgb+IDafw4qZ4OCTWb4Nn82wkT+62fzrbfp0rlnpJoqOxmyx5bjtSmIGPP8Xep260xh3oCxXWPcf6VO8QS3wQOuafDHmlul+Xvipb6GkUZ82C7FUCgnOB2p8OCR1zSMpycUqDDZzzQ9iluXQdq44qKYg0pbI65NMYehHvWdjXmIyQEIxyT1qMjjsc0SZz35prcAUxpjkBz0qdeOvWqqPk+lSK/pnNQ0aRZYqYxlF56moEOMVbtla5kVPzPpWcjZO58MHpj060ADODwO9OkYMqAIqbRtOO/ufek24we3StGdQh6n0/KnhT1A9qTjOB0pwzwBmmkAh5BzndnOc0nUDBp5HJJH6031zgY9qbQXEwc88GnKRnkZFMyc04dv5UkAHPXt7UYySSOTTmBU4PFI4xgZzimwAD3pwBHBGKsvaFNPiuvNiKySNGEDfOMYOSPTmoATnLc80bDWo9Af6ZqdAoPIzg1CpO7d79uKsxDdw3T1qrFxVySNctkA/gK6Dw9b+dfxR4JBYZrEjYgnHygntXWeD4SbhpTyEUsP5VpDS7MsQrROjmkwT6E9RUMjEjPQDildsMB6U66QJMyDopwM9685sw8hsURLqSeQP0rUBXySO2KzVbYST0OBV132QscdcYrmkbQKbx+bJ0YFRyRUXdSQecZq1bpI4JIIBzkj1qXU7XybSOZW2lDjB6GobK5L6lO/wD9Qw24+Uc1S0pzJDs8wnYfunoBzVmQ+ZDlmJZuDmsqAtaXPA3Anke1XSXNeJhWfK1NHQ8YbgEg4ArG1E+TKzdN2eKti9RFV85LdR7+lZl1MLhlO3JHUVTw9SnrJaE/WadT3YvUh4QdTnFRsfkJXGQOeaCcNgHj+VJITgnPv6UiSBmBIGDnqc1YjnLyKxAO7gg+vQ1H5Jckr16/SrFjbF5Qg5JPBpc1gtcSRWyAeFHOatWUIjkWSVN6Lhtu7bu9K05bDexfbuHqBwKo30y2tsCqsLgggbxwB6itaVGdV6ImdWFLcigjdXiKKAd24sRwPerlgtyL9JTNh1JG8ruyfZe5rnJLudlx5rfQdKmjv5yxdiWcnJJ9a7PqLtZM5/rVnewt1a+ZcMzsXVWyTjHFNvJSLZliXgfoKvQC4u0AdsIOSxFVr2SKNGjhUEHhnPU13U4uMbM8+clOWhjRkmQdMD3rqSGLxXkzNISFwqdMZrlmDbjtUjJrovCt4sTyR3ERZGwqndgA5rnxNNyV1ud8KijubmoXiS3VrZ+XhYI9zfU4OPyxWNcRpPKQV3bTwK1dQto0Mt7Gdzy8Mu7O0+1UY9xyEGM1vh4qNNJHn15t1Gym9gzchfyqJtIlk4VRj1NdLpahMhwrDqAB0qecDkqMD6Vre5j7aUdjjpdJWEHcdxFVGgVORXVXURkBPb3rIngjGeSx9qTiaU8Q3uY8hbGOw9qpzMRwCcd62TayO2QmE96ik095DkhVA9DilY64VorcxGU8E5xQsbZGByfat0aeigFjk5qRIbdDxgGjlLeLVtDDFo/BIwD3qBkO8g/nXSvGjAEjr0xTHhhIAMYJFDiTDFvqjnliO0cZ5qT7OwUkglemcd62WEaJtjjA9aPJYhUZ1ZR/dPAo5TT6w9zHhgZ3H8qurbvtCDOO9aQjSPIAH4VBNchG+VcZ607GbrOb0GCwCgZwc880fZlV/vZ9hUyOzoCFOP72aWN4oiSxVj9aLC55FcxhpQrDCgYqVzHAgcLjHpVa6uBuBQnJ6nFVEZ532EFhnIA70r2L5eZXexLNfPKSATj0qxZ2xZd0jZHXFWLPTDjdMNo67RU8siIPLhXJHcdqtJ9TCpWj8NMhcogCoe9XNJtS8wbB2r8xJpNPtDLMPkyTxk9BXVW9mIolQDoOTVHNOdlZGJe2hlkJPQccVf0GEQy5Pbp71LIV3kDp0AqWygYsBjDN+goObmbVjWz5kfzfU1QvJRDG5UDpx7VanHlpx0rA1G6aR9qgbB61KKavoZOqsJ3JLncDjgdqy0Ric84B+tXHDbjtO4/nU9racjeeepVT0+po3O2ElTjYIIUdEUJ06nHP51Pa6cAGJPyZ5Pr7fSrUETEkNgL/AHF6/wD1hWiiDaDLhV9B/SmYTrPoVYYnZhswAPuj09629J049XHX170+ygBCsseB6Y61qRo6DMrYz0UVMmTCPNuBtgv3uT2pwZbdN2CT0AHU1IWBI6ADrWVeagsTERgOQfvdh9KlJsupOMC15vkFpZ2zI3/jvsKw9S1OSQsqsUUdQOtQ3M8s0hK5z69hUCWbE/Pkn2rVQS3OSVVy0QtjC8yzFe6N1qSDTuQWGa2rK3Szti8i/M/Cr61bgt2k5I2jrSchqDKFpYYx8o9ga1orTZ9/GfQVPbR87YwW9604bToW5NYyqHVSo3KENsS2eg9TV+CEL0ANWxAAOakjjAGAKxc7nZGlylUwb3yamS2AHNWVUKelPVc1DkaqCIFgUVIkQHQVP8oHTmkJY9BipuaciGhcdakXPamY9TUi8c0ikhdpPekAA60yWVQOtQfa4wSAckdqaTYnJIuEgCoJWfHAAz6mqzNLMwyQq+1SKgTqdx9zTSsQ532JEChSZDk4qEzojfKgpzMCPmxj0qEyKuQsSgf3qpIiT7EqzNJ0QAfWh43OeR+dUWmiU5OSfrim/bFHG7A+tO3Yjn7j5wVPIyapyNGT8xANOe7yvynd7iqlw5kGMjOe4q0jOTT2ILhjGSVP0xUf27cmJM/UU1iSSsh2sOlVJgCQDkH1Faqxg7rYjuLoFuRkfTmqZlKvuRiKluYyg3YyD3qlKcA1orHNO6ZNLdF85yD2qFb9sYJwRVSV/eqc7kPyeD3qrIUZNm15qzrwQHHT3qN5jnrtK8VlwTMBkdRV+RhJEGB+Y0rWNUSrdBmZW6g0r4KgqetZnmFZATwPWp7WffGATyOKZThfVEkrlTuB5p0c/HNISNwBwc1A42ufSmaQWli8r45FXrd84rLibK9at2r9B6VJ0W0PQ/Adxi6eIn76H8xXXz5BrzzwhP5Wq27E8FgPzr0mVCW+tYVlaVyI7WKIX5uaRunFTyrgio9uTWVy0iW2XC9KJwdhAHBqaAYHtinTx4TJ4zWTep0RjoZDoc8UBcnrU7gA4zx600DHOadwsNC4+lNNPY8e1RFufegNhrnA5qEoWqfbk/Wn7BgDvSbLiisI8A45p4T5hzU/lngVIkXzAAVLZqokSrtBY1bti6AlDjcOaYI92Ac4qU8D5e9ZvU1irHwvz9aVeo4pR/P3pxx/Dz9RWqR1AV9OeO9IOD1pwHVScd6Vzj7wGTV2ENJB7DjjimN1FOCnk54pG561LuCEA4z7460p65JzSKpP0FPjTccDnmkUJ/F605R9aBnr36mnEg44AwPxqrDsIATkdutPXlsHHX/JoAx0zmlQHOD+NFikiV0CyuqsrgMQGHQ+/NWYEBIBYDnr6VBGvJ+varAU7sYxWiizSOjJo1+YgDOOldv4TTZY3Dt3IWuLthhgSeld7oCBdHyP43PX0pz92DZhidUiZhhmJzk4xTkGZAW45pjljITnBHQ1NdSI1wzIMK2COc9uf1rzL6HN1Ii3BbuKsRp9qKlWO3HJH8qka0VNKmmcrvbGB3AqPQ9wfbtBRh696mVNpXHTqJysbccSLFHtGOM1Frqf8SqXAyeABUsxKvGjAjJ4564qW/h+12bxcYYDFcsjrW1jjw2I/LPUcmqk4WGTcB74rRNqwkY7TjoSOhNQzWDzSAfxHqKa0MJJtFBoy8vCkEBuPpVebegGBg9K6q3sdwbIwQo/Kqes26KyFAMAdMfnVuo5aGXslHU5snofmz708hhkdd3HPcVYa1dmXaMLjtSSwP8AJ6jigkiiU7s5PDY4roUijtNMjkbiZsgAjoTVWxtFRfNlYBAMgerelP1K8e5ZPMHyoMIg6KK6sLhXWfM9jnxGKjRXKtyS61BobC3iVi0+DkDov/16wpo3uJjJIxaQ8sTVwQF+SOTV2CxwBkV7ahGKsjxp1ne/UxVtRztXPvV6000Y3vwg/M1r/ZVT+HJ7KKvw2TNGM9cenSmR7VyOeuiSApBWMdEWqZt/MYbhgdeBXTvpo3EvjPc1EbeFMhASx9etFg9rY5aaAKwAjAz91fWpYHitQHkI3HoFxzW6+kebhpGIPtx+tZt/pdpEAWdyVPK9SaTNI1FLRhaalNcOSUCxAfKQPy+tNOpCN9qgIScEkfzNVp3B8tY3K44+X+EVg3jEzFt4KA425zUuyN4UlUfY62LU3ZzHEEi77zxmtCOdRGN75buzHrXF6dcr5yofkHbOTW4Yo50wxZuemaFqZVqSTsXbjUbVG2GVCfbmmrNFImU2kdc5qFNIifOEwnerNtp3kphFKqT+P0p6mLhBLQptdIWA2kntUU0qxIS7fMemOc1p3Vs5UiCMZI+Zm4rMXSmdsyMZOedvSgqKh1KUwd2VmcbWGR7UipEoBkbJ7L3q7c+XARHGPMmPAVe3uaa1v90NGZJOpwMD6epoNeay1K/mqeI4849aI98rbiqj3I4FX4tPmc/OoUf3R0FXFs0TAcjA9s1aRm6sY7GNHZPPKTkkHv2qR7FoVygJHtW7FtiIwo6cZpZGjL5flj7Yp2M3XkzFgsnk5finSWG7O0/pWw0SrAkjPGd3RQ/I+tZN4ZycICi9cnjNJ2BTm32KjacxU7pmA9KqPZKp7nHetKBFGGkLSN6DpUvktK24rtHpSsa+2lHqZC2PmnkcelaFnYR2zBgMt6ntWlFbYwAM1MYlTlu3ehJGM8ROWnQoSQvJ8oJVO/vUlvYxgjkLk8k1YGWVto4ra0zTVIjeZdzgZwelNuxEXJ6IbY2Kxsp2nCjIz/OrF3+7hLDjIrS8oKpJ6Csq7fL9N3Pyr6n/AAqU7mklyozkR2ZeB5h6D+6PWtq0RYIizn8T3qvFAsKmSU9eWPqaiuJJJBlcAY4ycYobuStCLU7rc3UKOmBWBMN7gDJz2FazWxf/AFjnnsBkmrEVjFGmZeFP8Pc0bAp2dzFhspD8ltzIfvSEcL7L/jV5YY7SNYoxvmH8XofWtArNJ8lrCUT1xj9at2ekcZk57nHf8aNENuU9jHsonLYRd8h6k9q2rLSskPMdx64PQVpwWkcS9gB2ptzOyoVi+Un+L0qXK+w1BR1kTDy4F5Kg+pNVnvLeNt8smM+vGfpWXJKxcsVaV+xPQVWFlLcSeZcEknsKaguonWb0ii9d6itynlQAhCc4Xq31NRJaNLhpB9B/9ar9lppRRgBV7kjmtO3tUXkLn/aP9KHNR0RCpSqO8jMt9NIAHU+g6CrUVnDAdz4Y1fZGbA+6voKsQ2oIDY/E9azdS50RoJbIpG3a4dWK4A6DoBVyKzUDL5atCC2OATwKsCICsnM6oUOrKttbYHAxV1YtoxxmlAC+5p6hieBism7nVCCSI2j5604bV+tSGNu9MCDNK5VhBk07AFRtPGrFd4zQ3zLlTk+tA9BfOQHGeaRZg5+UGodip80hB9qgmuBjoceg4FNRuRKdtyzLdRJkE8+3NQSPLOB5beWv6mqod2AWNQB3NTE4UBicf7PWrUUjJzciTzEjAXeSe+etPihY5ZY9ue5qJHKr+7VE9z1pssmf9bKT+NAr9yxM4jXG5Qfc1TkmYJu81fpUDy2u7lh+eahk+zOCFk61SREpN7A945yFZiB3FRLcsvzBzk/3qZ5YGBHODjseaglU5ILZPoorSyMG5FmS43ZJKD0z0qrI/mZBZF7cGoplkRRnlfSoJPLYEspz7VSRDk+o5JTDLjcCwPrwaupdJMo2ja4HIPUVjSTDaCg4HBz1qPzY5HVgxRgOopuNyFU5TTlnXcVyGI71XkKuNyt07ZrNuJ2D7mIA7GmC5aP7vIPXinyj9rd6lqdyy4JqnMAVBWnu4fkEA1ATjqapIiepUkOc1UuCCmD+dWpOtV5F3AirMYuzK0UjJJg8j+daSy+h4FUELRNuXGR61LGxbcxpM6U7kjsrEq2cmoC7xEAnAB6gVEHLEkHmpZB5kO4de9I6I6aFq1lEiKe44NSSHcMryR1rMs2Imxn5T61eTKyDj5T3oNJRsye2bJxV2E4YGqCLtbIHU1cjfGDTuUjpNJlKTRuD0INevKwkRHHRgDmvF9OcBhXr+gSefo9q/fZtP4cVhX2TFFaj5OtIievep3TmlRPmGa5WzWMR8UeAKWdcqSeMVYjwBTLkDZx0rFyuzqjHQxJj8x6AVFk7SalnT5uM1GU49626GGtyMksDjNN46k1MIzgelCx5PTFFx8rCNT16VMIwAD606JM9Rmp1TLgdu5Pas2zeMSLAVMAcnk0+2iLuO+TjilKh5O2Opqe1bY5K4yOcmobNktRs8YjYrwcGqsmSc81bkyzHHOTVa6QxnGeeppIbZ8NAZXOeT7UL+WKEAJxnA9fSnALwWJz6AVubiZ4zx9KDgnPrSjnjHOetKoGQGH1xTAfBHvcZrTutGuo7MXPkMIWJAbHHFVIHVJNyDauc8nPFd5qHjsz+C4NBEEQijYuGC/Nn61tFKxjJyvoeb5IXbyBnJFAyD8vFPcguSeRSrn5ucA9axa1OhbCA4BAJwetKFweO9Kq98VNbwvKW8sFtqliB2A6mhFDAuR0p20glTwc4pTgDgUL146VoUjR0a6istRt7iW3SdInDmN+jYPQ1PqVxHfalc3MMKwJNI0gjU8ICc4HsKzUXnir1pEDt3HaueT1rRSb0KjDW5LbrjgnqcV3eljbpVso4yGPP1rioQCcHHXuK7eyX/Q7YZ6xg/nWWJdqZnX6A6naCf4qijVWniQngn5jV2d0SFVJGVPAx1zVbSwZb/nGFBbLVwpJRucNRtvlRau2eWDY7EoP6dKt6VAsX2bPGVJPvzVa+lLlgzHBOAB0HrU3mM8sCg7SFwOM96qT5qLkzGmlCsoI12XfPnPTnpVplBxjoahhQqq92xz71InOOR07V5zPWjsZwtP8ARpEJJZWPOMd8g1WWLIIK5ZemPetaRWAYg5OOnrWb5sgmCpHmRiScnAFS4t7EOSjuE0bK6hWH3cY6elUbyMSsp6Z4PPTil+1TLI7S7sE4TPT6VWZ98gZjzXo4bBqa5mzyMXj3F8qRaW2SONNrFtuC2B/FToYLXhpThucnGeTTrMI8qrNIyxM3zlRnA9cU10A4Xpn6V2rBU+p5zzCotkiG6CSYWMHy04X396pfZixxjJ/lWosIXA/ibmrkVnhVZ+B0GO/4V1xtBWRxuU6krsy7aywQAMmriw+WQOGfHLHtWi7JEMIAG7nvTbeMcM3A6073Fy9CGC0y+SCSevqa1JFjtYPmA3Y4FQq23JAKqen0qxGqsoknIEfYHqals1hFLYw5jI7E7T9ccCmQWzLksu5j7Vu5DnEcRx70JCx9M0+cn2WtzJa3mkGD8vtVWewUghxn1zxXQGJAfmccds1V1AqkXyjGf1oUh8ljj73ToGVlwAO5zgVhTaZA0u2Le3+yDXS3SPcOQzNjP3VrS0rTArBmTb7d6p26mlOpJbM57TfDwVAz/IP7uea2rTT4ywSNe/U1vmyLkJEAAepq7bWSQJwOe5qHOxTUpvUy004KoUAM3fNJ9nSNvu7m/SteSPJwBhfQVGYccn5RU8w/ZpGK9k0rZfn/AGR0FJJpsZUBiQvopxWs8b9I1/E9qgkgfdmRj14A6mqTIcDJWxtYN3kRKpPUjkn8TVWXy0bCD5vRa2praQ8LGVX34qjPZx7W8yRlB4wmBVxZjJO+pkTTsgO4iMdMdSagAmf5kQ7eu4itIQxQnEVuCw/iY5p+64bHAX2q7kbbGOba8kPCufwqOS0nU/OAvuTW00c7dWb8KT7NIx4UZ9T1pcw+ZmRHaspDv1HTNEkW9sscn3rW+wueWPNPW0A6Lk+tTzBqZsFrnHy8VfFuEHzdq0be1AUbsUS26swC5NS5alODtczgjMwWJBn1pr2MrsSx46VvWloIxucc1YFuZ3zjCjoBS57DjSZm2FgAigABBznHJNb0FuscWAMYqWK2CAbgCRUjIT061Ep3OqnR5dWZt3zgAHHYVXFsEy8v3sduwrTaHaST19apzKzeyn+93ppkVI9zJuEknfOCFHCgfzppj8vAVS7njJrUWINxnPvVlbbZjCjd2J7Cq5rGKpOWpQtLRI1zIvmS/oKsrGM5CqD6qP61dW3A+9TxbM2SflUdhUORuqVkUwgU/M3P51N8wUbYy/uTgVORFEOBz71G0+eOfwFFx2SIRFPIcuwT2WkktkHX5m9TzVhPNf7qce9S/ZXfmVsD0WlzWFyJmb5K52omT646Vbgt1QAuMtV2O1AwEGKsxWwzjGTScy40irHAXIJBC+lT+VlunA6D0q8lvjjvVlbYADNZuZ0Rosz4rcDkjcauRQ85YfQVZEaqPlApjMF7jNS5Gqp2HAdqXGeAagLE98UvnJGpLHmpL0RI2EGTimvcFFzjis+TUFEmXPX26VXuNWjK4jyw+lUoMh1Yrqa6X/ybpF+Ue9VZrxpPuR8euayhfSuPkTA9+lG+Rhl2Az2zVcljN1rrQvF0C/Ow+i0C7wn7sAdvWqSrzzlqsKMKAQB7UNIFJ9BWnuHPZfem8A5c7j70yW4jjB3ECqE9+mDsOfrVJPoZykluzQafGQOKikuo05ZufSsZ7pmblvwBqCV5X+6Bx71agYut2NeXURjAAqpLds/UkfhWcAzD5mA96cJDEoIO7PUVfKlsZucpbkhk3H7xJpwBOD2PpUARG+ckgntmrfmgQ7SxA9KbYoxvuV3kKng1YtrhfLO0sW6EVEY1f+6R7U0W6qcq3Xrg0m0NRaZZa4YjleB+lUpGySQe/pU0suUKAiqJbYTnA/GhBNXGXSEJuJJHqBVLzQ2QCQau7sD+8D1FIILYg43oT6GtE+5g4djNnZ/LIDDrn61T+0HeByp7+latxbbEJU7gfesyWFl5UcH8xVJoa7MkWZkycZ9qWG4WbvzVScmSHCtlsVQtpxHL8xOBQaQp8yNmXmoW96HkwQMg5GeKYXB+7yaZg6bTEXBcA1A7nMu04UD8acJV38n5ulRyviKVgBkjFJnTSjZ6lKOYpJ6irccvzYJ+U1lg81LExBqbnpOki2rGOUY6A1prIpADdRyKzhl4yepWp1+aJW7j1oE43L8jHAI9asxMGTNUYCGGD9asQMSAM8UyeWxuae3K1654JlMmj7P7jkf1rx2wYhhXqvw8kzb3Mf0as669wlfEdUyc0qpipG9qXzMRbcDr1rzmzpikMPHFRzjK1KoyTmlZflJOKlmyWhmzR4IqKNU3fOcL7Vbl4z71TkbgjOMVa1IasLIyk8AD0FN2jg54qHJJJOamLELTsJSJCAFAAxgYJ96kAKRnjlugqO3yzgepqzIw3nj5RxUM1j3Itu1MDGT1pwYsuxeh5oVdx5/AVYiAVenNIojI2KcHmq5jM0hBOe9TzHGar9CeetCQNnwt2zmnryOB07ULjp0x696cOmB06nFbpHUNTbyDnkUuOw4NGCTtHP8AOmk4GD+OO1ADlbBxk4pd5OcHNR9T6Yp2MD/61CY7DucAHHTpTkHOMc0xV4OO1PVvWkWkSYwowCOPzpVODnH4UnOMjOOlJjH8qopIeTkAcfhUyY2/d5Pf0qBBjr0q4xjaZzEjJGSSqlt2B6ZqkUhyLk9QDjmrURHA5x0qKMDZhRz3Oakj4+taI2SLkPAzxgeld7bIBHbD/pkv8hXBW7ElVxxmvRCoQRgcEIF/lXPin7hzYjdGZdsTPtJ4FMtS0eHB5PSklObl8n7oNT2kRdlQDIAJFeffQ4mtdAlwZY2YkqOW561rab/pMwfGAi4HtWTeFv3a7QBnBI7mtzSQpiKjqOBXZXaWGjY4cNd4uVzWhbIH86a8bJkpwc5I9acZFhKb+FPAIHAJ4qS5B2ggEt1ryz20ysx3eX3JHIHc1S1iT7LFG55+b7w6rV5W38FcdTms3xBbNd2JVThgwYbeDjvTS1InKyuYl/M08Nq4OASSqkU4NkKqjoOtWL63Z9LtiBjyzjGORkCoYYyCRng17WBhy07HzWYT5qpctx8ozUw+8FNIqlEWnwJ5kwUck8ZrsbPPS1sWraNc+YwyM/KD3960NrKjSMMsR3pllB50+/afLQYFXbhVTAI+grFvU6ox0M22tS5Msg46gVZhgLEyMMA/dFSjBIU9Ce1W5Aq5yAFFDky4U42Kf2cM+W5A5+pqR1RcFsMR0zQHaV9sIwKke3VVy53Gi47LoivJKB/9aqM8kj8Akewq66Z4UYFEcAByQCad7GMry0M37NJIR2xUq6a0mN7E1rxQnPSrYi2rzik5lwoJ7mHFpcaH5lBPrV+C1CngcVbCgH1FTRKzcItS5s3jSSIlhCgYxn2qRouMtirsVthfVqgm2b9nzO3oOgqLm3IkVljDNiNT9ac1t6nBqaSTyU+cgH0WqsjySDg7B9etUrktpEVw8UPyqDJJ6dh9apmVyxOxSfUirBQHoM1IlsT1FVojFpyehmT+dNwTx7VHFpv98ce9b6Q7eiikeM45o9p2H7C+rML+zgCcDj6Uv2FfTNa7I2eaTbxRzsaooyTbBf4RUTQjOAK12jU0CAHsKOcl0V0McWxOM8Cn/ZkUDbk/hWqYMmj7PngA0c4exsZQhycVat7THLDArQitdvIXmrcdtyC3OKlzNI0jNS13cgfL6VbihWNR0q7sAGAKgdAMs5FTzXNVBRInIz8g/Gm7kUFmOB3NV7m8IO2JT9aiUSSZycVSiZyqa2Qs825SI1C579TVdLZ3J3E81owRbVwq8+pFWI7Vj1GB70c1iHTctWUILYL90HPrVoQAHk5NWgqp3/KnBGf7oAqeY1UEiqUVe1NddwI4H0rQhs933jUotFFLmQ+RsxhZqx5BJqdLVV6KM1qCBT2qVLdRRzgqJmLDkcCpFtmPXNayxIPSngADgVLmaqj3M6O1PfgVOsSoMDirDKW6mmttUetTdstQUSIKQeKGcL16/WmySDHUD2qlNcIvC8tTSuJySJ5Zziqcl4qkgnkVVuLhzwfk5wPeqskcxJ5UH19K1jBdTlnWf2S6183QKRnvVKa4eWT5izY7KaBAzHMjs4+vFOEYUYGAPSrskZ3nLcgcPIBuIUegqaK2wuFAA70pKjryfanhv72AKGwUUtx6xgDCkkmnGDZyy7vrxURvEQbV/OqdzqA7kD8anVmjcUXmmccKEH0qCWVmHzSKv1rKkvsk7GFV5LtiPmYfnVKLMnURavEl3Dy23qepFQxwNnM27GemcVTe/VO6CoH1GRvuGtFzWOd8l7mvIYFUgIFHr1NVgyRDcjMT1rJe7d/vtg+5qI3RXgsSfamoic79DVmm3qchm9qh+0FFIGaz3uwVwWYD61AJdhDK5wexNNIC/PesrqGAA6ZFNk1V4yVU59zVGWVZeWFRSR7hk5BqrIm76momsFfvd/Q1bj1EFMoM9+a5lkA/iB9adby+XMrA5xScUWmzf/tAOSR8vrQblXByQR0rFvT825CMEdaotcSQltuSB3FKyLimzo/M7hhtzxUiS8YNc9FqAk2leWH3h2rSjnDgY9KCZQcTRZlI4YVQmDLyMsn8qjZmViQTT45c8nmmtCWrkUcCOpKf/qrJv4CkuAvBOeK3g6K3AALdeKhuYfNUHI3Dmi5dOXLIxXZofLBb5On0qWFgrFgcjtjvTLuMyBunyjpUFoxCHJ6HpTTOiUbxuK/qAc9TSztm26gEnvUwPRQOvWs24cbyB0zxQXRjzDM81IO1RZG/jpUqAsG6cDNI7i5C+zaePpUwYeXjHO7NUg3QVKrUE8pehbpV2A81mQtg1oWx5FUiJI2rI/MK9M+HT/6TMnrHn9a8wsuor0b4evt1NBn7yMKmt8DMPtI9Gx+VRvyal6CkC5bpxXl3O1IaqnHtTZGywFSucDAquRgZqdzTYrz9MVSk56/WrczEgAngdqiC5bJ6VcTOWpCI8AdCcZpzKc4BqYjB6U6NMnnnNO5NhsCmM7vTpSkFz7DrV2RUjG1cMfX0qFlPapvc0StoJEdpJIB9KsKmYw2ee9RpFnk9Kkdto2j0xSZpHzIGTc20dTUc6xxL1ywoMm0Nzg1Ul3OeKaRLZ8QbcYJ470uAOcZ5707cCvPLfSmkjHvjpiunQ6xr4JyelIQCucjk9CeaJGHGBgDrTMjNRcqw4nkUv0I4GOaYDzTweeAenehMaHAAU7AHQ8+lIgPP50o+tBaFBz1qTrjuMVGBhhjj61LGpDdeKVykORcgdanQYxwajXjoR6Z6VLGD2NUmaKJajHoKkK7SO9NiBOABnPpUjjbwRg1stjUlt/mkXsSRXpF0Nu0+grzi0Aa4i643D+dd/e3IWXB6dMe9c2K+E4sS9UZ0pAjkl5y7YFWdNmVSWZhx6HtVbVDsSKJRwi5J9zVS1cu52Z4xxXL7K9O553tLTsaynzQPlBGWIzWppROVDcb1JH4GseIjbgEcnJ+la9odi2wbqchR6g1Cu6Ti+gaKqpLqaup8abcDdtO3r6YqZpVaFHZvlwCWJqK9Qvpt0o++Y2HHXOKwU1P7Tp1rFjAVQGPqRToUHWskVicUsPeXkaNzenBjthkDo5qCK6aQslwm7A4I43e1QWUuA3AP9amUrIrk7dyYwD0ya9OWHpU42seJDF16s73Khdmb5uNzZxnvUipiT1GM80+BFeVBIPl3DJx2qW4RI7mVIySgcqpPcZ4raLS0RztNq7D7314FWtOB84kDIJxUaDEuB0DHmtzQrRZGZ2PK8496JysiqcOaRdVVijIAC/SqDhpZs5wKtSlpptq8KKeI8kAD2xWSdjqkr6FeCNY/mYEnsPWlkG75iQfQVZZMsV6+p9aVIMDLDvRcOXoiOD92mAOT1NKQDyam8rnFPWGpci1BsrCLd0qSOEd6n2Y4xThGxPQ0uYtUrDQFUcCkwznCjJqzHbZ5c4FWUZUGI1/E1NzRRKsdmcbpDx6CrGUjUBBk+1SHcx+Y5FAizj0ov3KtbYjZmZDk4zxxVfGxSEGKuMg7c/Wk8sdT1oQmjNeEvyetKtpu+/1rR2qe1LsAHIp85Ps02U0tlXoKcVC9qklJA+UVX2u/bFTcrlS2Gs4prMSOBT2iI69acq80AkVmjOcmoZEYnA6VpiInr0qVIFxwOafMHJcyo4GPWp0hOOBWksI9Kf5DdlpOQ1CxnrbjqamWAZ+VauLauSOKnW2Ye1S5FKJQEIHXFL5dXVtXf7p4ppiMeQT81CY7WKrQ7E3sML71nTurkKFH41o3KvIuDmoI7cKclcn3FXFpGM027FD7GfvFQM+lTQWgYgAfjWiImc/N+QqxFEAOKHII0kipFbqgxxn1NPNuCeWNWXyvGOKiJ9T+lTuaWSIhbIvUVIFVemPxpQGb7uTUotmkA3EY9KBpdiFmGSAaYBz0q6LTaOlMZFFCsDT6lYdeBinKG9TUnygUjSAdKdwSHA460GX+6KqSy+pNQGX1zRy3BysXHmJzlqpyzAZycmonlB6kD8c1C8kQ6sD9KpRM5TEmnY9M/hUBV2Oc7QfepPNX+Dk+wppYt149zxV7GLXNuRCCMNuYPIR0z0p7SEcfKv60xpF6F81A8qZ4xRuCSRM8/wApAJ/GoN+elQSSZ7gfhVaSYLnBJppEykXJJgnf8qp3F2RzUZk3cHA+pqrPGr981SXciUnbQiuLzcDiUCsy5um2naQasTW2BkY/GqMqxRH5mH0zW8YxOKU5X1KwaSZzmXBHbGKevmqSfMOPTNQy3EA5/i9qha53Ahc/nVOw0pMueYSfXHvSnnoTjvWXJM+PmY/ShJN2Nz4/GpbLVNl9pIlPO5sdjR9tzhQCo7YFVzJuUAFf51Gwn6xyKT7DFIpRXUuGVWHJGfemPKqjgqfQAVQfzekgP4UxsuVTdkdvalc0VNF1btR6ZoFyv8ROfes94GGSCGxVaTcTg8Yo5hqkmbcbpIcKwGakNuSh28ke9YCCYAMhBx781pWt9KIgVGWVsMPUUKQpUWtUy9axM0hiK8MOc1S1IOrNCoCL1Lf3q2kljKxsMYbnI7VHqIjeIhgB7ntQ3cqC5XqctFuWYspAI/DNaEV/1fARgMMueD71Qu8LKQoBHY9qgZioyGxj8qm9js5FNHSx3iEr5hKhhnJqVJQXYJ0rm7WbewWTnsK6G0tsKpyAdvFO5lPDpbExbdj1FTRvuXjrVKVsMefUUyGQxSLu3BW45pnLKi2hspQzkbc5ODz3rNuX8ohVGBnk+9XLsiJmcnnOR9azNSlV4wwPJPIpXOylC9hZL0GAgZLk1SLc9ahB5p+e1M64U1DYlU1bjYImDjDfyqpGfmUYyKlByaCmiZTycHoamRht985quhwalj5NMVi5D2xWjbtgEEc561nW5wQeuKvRHJ+tMzkbVg3zCvQfAj41i1HruH6GvOrDt9a77wO2Nbs/9/H6UqmsWc7+JHrGKTGBUxGKjPJxXkXPQSItu44qKX0FW9o6d6ilVAo5+ahMqxSkQZ5qPGBzUzjgZ6UwDPOOKtMya1GImT81WdhlkyqgZHQVHkD606Mk5x971oYIci5IHepxFtxRGmDx+dPZ9in1qGzWMe5FIwXgVC7BAS33uwokb161WZsn600gbIjljzUu0KMtj6UiAAEtnAprZkfr1qrk2PhyJWaQrGhkdxgBRk+9JHE0iyMgBEa72ywGB/k0iOIyDt5wQBkjHvmojzj1/lWtzvURpPUd+tNJz+FO2/LnnNIo55OB16UmFh68A4GeMHI6ZoUAkZNN/wD104DkAHPv0ouOxKm3IznGaccDtznvTEGMlf0qRAMEk4/DOadykiSFFZgCwUHu3QU7j2P41GoxUi/zoNIkqE8cfSpkOeec1Ei9OxqUE44xxVJG0UWI2PBGakHzAkfXHtVdSenSpwcKPmHPbP8AOrTLZPZkGeIc/eH8673UIgBuPPzfnzXA2vE8ZP8AeHSvRJ8faVDdCwGD9ayr6pHnYrdFLW0MNszFMGRgqk+igZ/nWdp7t5e1flYnOcda7zxP4euL0W/2RN0IXbgcY9/0FS6B4Yitol8/55hxg8hTmteWPs7M8JOTm7HHlioZh8qgAEVPd3ss6wTfKAvGB/simalGPtdyi9FYjAPvVES7YjFjvuB+tebTfLOzO+pH3ObqjtdPnhngDoTh8cH+VcxNamxvp7YjKglkIHBBrQ8PXBIMCDJHPP5VqmFZo1EqglTjB/xq41HharXQipSWNpJ7MwrNGd1CclgeKt2jMzXEchABXd93kHPSsO9uCl26RNtjVztKmrOm6i0ru10/mOmGViecDgj8v5VVTGe1l5GNLBKjF33NWMdSR0pBE0kmefU/WprXEwDKPlbkVqQ2+IzxzXpqWlzynBvQo20ZK7j61s6PKYJTuHDdaqCHaCoGKu2cR8wcenFTJ3LprlZpLGF3OoALdqBFjPvyTU24FcY4H86a8iQxmSd1RB1ZjgVjc7OVCiMYwBTvK45qrbaxYySqiyncfukowU/iRitZVBWp5r7FqFtyusPGakWIY5q0ijZ70hXnpSuaKNiARBecU4g+lWQvy9KjkXHrSuNxIduacFFKq57YqTgUxWEUYpx6U0kHpxSoCSBQAmPamEYPNTshB4qBlYUJg0PUAUpQt0ohQkEsacTjpUtlJEDxgctihQvQYqRkaX7ozVmCyJGX4ouCRRMYIoWFRg1qNZqRhetNjtQhyxzRcOUpxQPI2FGB61eht1jGO/rTydo4FRtcBM5NK7ZailuT+Uq84FIEOM4wPU1QW9Mkuf4Von1BiQew6ClysfNE0XYKmVUZpkQeWI5wO2fWorSQ3ibuUUever3yoOPujpS2GtSABlUICAB1pUjtskyuSR24FUby5keUrAhPriq3lXEjAMyRj3OTTSJcraJG7bS2rShFhXB7kZrSdbZo8NGhA74rm4IVgbO9mc96sl9vzGX9amS8zSMn1RLqMEUm3yNsWOpNVRbJGoP2lfrjiqV/LI7llyQeAAazLuaRGEbK3H8JNaxi2tznqTSexuEAsQZEYDnIqnJKgcqGBrLMshTjKg9s0wg7ctJge1Wo2M3O+yNuK4jQcsM1J/aEQIrm3njXoxY+pNVjOCc7gaPZ3F7ax2X22NxgNis6W5AY7+BXPi9xyWA/GlN4sgxu5oVOwOsma8swk6PhfQUnmhRjNc9JdlOjGmG/f1/OrUDN1UdC8yd6z7idi2EHB71mNqLn+IA1GdScd/yNVGNjOdVMu+a4OGyeferO2JFBc4b061mLqG4/MSc9zTZboDHHPrmm0QpJamobhV/1YUVTuJ2Pes17wDocUw3oYYY/pTUBOrfQfLcMM4/nVaS7cHqPyp7MhGVxz7VA6Iw521okjCTfQglvmJ4zn61BJevnAGPxqWS3DZ2moVt2Q561Whk3Iha9l5y2B9aamoyAkncQPWluxEmNxGfas2fB6v8AgKdkxq5o3WqIyFAvNZDuHbJbaKQFAfu7vrVee4XGDj6U9jRRbZM8akHZF5g9Q1Qtb55IZMVHDdBG+T5R35qz9oVh8z4NSy+WUSNotwC5HtVdg0bHK5xVl2IA+fP1pY3Uqd3T1FK5SukQxt5jAZaP09KlSbY5RmXdSyBSo2/Mv5VE4hbqcYFFwVmW0lbBLDgUEQSEkDn8qzmufJO0lSD3FSzSptWXJI6ErRcPZtMsPCuQQ1QSxqD8xqq90BCz7uc/KO+PeqxumZQ2aDSNGRaZVXJzSJE28lSeRVCSYMRz1606K6eNuD07VJv7JpaHT6dMrQlCCCDjBqzI6zW+08nGDXPR3zKC4GcdulSwamsqqSMP0PvQT7N7lK7YrJIgXCjqM1U3bwRznPFaGrRlmWWMcMOazuI5VAIDA4apOunZrQlh+SQH3zXXaVLmJGzkEVycm3yxjlieTWrocjlWVSdqjrnoaAaurmnfMA5wOuBVW4Ztyk/w8VPcxt5KsfvHr+dSXsStbkgDzABTUrGfLcpXw32wb0AJrCnGARnIHSte8nH9mCM8uW7Vityp9MUDoRsrEajI9qev15qEHBqTp1PUZq0dBOjeoycVLjBxkVXWrGQWOOlAiRasQqT09M1BGOlWU4DY6d6ZLJYzgitGIYOO4rMj+8K1V+Yq3qKaM5GnZdRXd+DDjWrL/rqtcJYc4rtvCJxrFif+mq/zon8LMHuezOcUirjk9adt+bJpC3WvFPQI3bBNVnJY896ndCRu7ZpgUbXZiPYU0DZA5zxgCo2qQJub2pJBzgdKtMhkQyTxVqFQqjjmmRxkckVKikmhscUx4chSB3qJuTk1IwwKgkPB55qUakUpycCoyOMdz+lSHpnH1qGTAz71RDQOB0B+UVVknIBVRjPcd6V5CQe1VJH9OtNIiTPiopycmkC/Lnn0q7gH5cDBPYU0x43L0x6itrHschT2fnTtoABOc1OU/l2prKc470WDlsQ7ckbjkUbeDgVLs45xShORzRYhxI0yDgZqRcjrjA4x60/aAOhoVcHtiiw0rCAVOoBJKjA9zmmnluQPwqWNcDB6+uapI0itRVXgHmrBjCop3BiwJwDyO3NRjIG3PGc05FyR0HuapI3HLzyQKlUFuxpZYJbaYpPG0cgIJVwQcHkVOjAbRgAdc461SiK462/4+IjjlSP516bpdv8AatS3SY2KxYk+ma82jGHBXkZ616xo0P8AoUswzyaiotUebjdLHW29z+4QsQeuB6UyUGKB2xkspxj6VUtpB9n3elOM+8hm5VRyPWs2ecjzW8dRLNuOCc+9UkJCqe+OBVjVU8q8lKY2huMH1qFmRoYu7nk49K816O51botWEzwTCVSRjn8K2ry+hGnMUJaRhgc96xLUCS3dNxEq8ge2OlSlh5W3nJ9q9Fwhiqd+qPLVWeEq8v2WY92xB+UDnnFRW7gTIzH5T/Kta500/YmuPPj9QpbkisFgfMYZIxXk2s7Hq3TVzu/Dk+5VhYYC/cye1ddBECQcZry/RL5YpQ0xIU8Z9PQ16NoeopNEofAbAwezD1FerQq80bHl16XLO/cvzWvygn8KfDHsBbHzdKdfX9rYwebeTxRR+pP9O9Zep67FbwwNbL57TLlF6fTPfPI4rSU1FaijTu9EW9R1GHTod8+5nbhI05Zz6AViWkdzqVwbjUWHynMcQ5VPw9feltrWSWV7u7O65cfKG6IPQCta1QKnOd2eeK82vXc9Eeph8Mo6yIJFWEliMBTkDHHFdFYXMF5arNbvujYcex9K5zUJPLtZBgsSO3Xnj+dcxpOsT6NfzeWfOgzh0PAPTn2NaYZ2uZ4y0WnY9XjOBipQQfpXP+Htaj1WJzt8uVDhkJz+NbiNxiupnPGSauiQsAKCAR0qPOOaQTKTgHrQVcVwB3qI4zyakZGb6UBEXqp+ppiZGCvQdasxKBzUQ2M3ykZqUIwHFDBDnNQDryKsLGSMt0ojjXdk5NTcbRACzcKPyqWG3Zm+bgVYDIuQm3PrUfnbcjgmlcqxZijVBgAVKzADJrOe7CDGRmmtcrJHj5smizHdIveaOT2pg3OSwIAFVIYpZn2x4AHU+lSyB7NlBZWBPUUDRPEBKmXBX2qOawEgOJMUouPMXCA+/HSmxs5m2s+B3BPWlqN2M64sp0kEaKWLcDaK0bfRWWENOQ7H+HsK0opFXvn0NTeeG6YBoc2JUo3KotvLRRwABgAcVQ1CV0XJysfer9xNsXcTn2qrJeREqjENnsaSY2lsZJ1CNl28qvTjvUriKGMTCTPcA96hutKiluDIkxSPqVx3qteWrCECOTeuMEdzWujMG5pO6H3OsLGQCoKdsGqVxfpcbC8zxfSsO/le2VliiJbuG7VFpiSyMZZ889FroVNJXOF4iblym3HeeWpAkdpM8MeBU0UnmMS53E9zVNVUEZFOJ8vkA5qbI2TfUmmkA571VkcOOc0kxLcqfqKps/POaaREpEsiDJwfzqrNEGHJz7Kak8wn1prFT2/I1SdjNxTK4hAIySfbipNjKOF/E4p7TBRxxVOe79Wp6sVlElmcheG59M1nvK2T8wB+tNlujng1TlueuW5q4xMJzXQstKGyTvYj0qGR3kU8bD2JPSqb3hzgMaqSXjk4PGatRM3dm9ZOIkbfJvcnk/4U+WVAcA5984Nc59sIznmh7yU87jilyMtSurM2pCcZQ59iapS3LocMhqg19MO+R70HUCRhkA/Gmricb7GjFqSD5W4B70r3APAJ+orFM6M2eB71JFIF/i4qkkRJNGqtxzgO2frSyXTgcuMfSqLsVC9gRnNRM+4ZWRc+hosSr3JZrqIg7gGPsKpTTxH7oxUU6STHLMRz2bikaNRtX7wPB4oNlGK3IXbJOWPFV9u8kqw47kYxU8+nnOVY4PIqA2jpExHJJ4qWdMHHoyJgXY8n8e9A8sYDOS1LA5JUSErj2qKZASWyFJPOak2td2ZPI4XADZParMbtkHtWbtXACnPPWr0M8cQG8456UhTjpoW1TIbsMVlzK28qOK0/PjMe4Ece9Y93dfvCVPANK5NGMm7C7VIw+RUEkpgLIeVPbNVpLtmLds1WZyx5zQdsKT6kzyHsetOibOep4qsG55NKDnPOKDXkJSffinGTGMNnGKgB+uCaAaA5S8snU7u3OfWmgbSWzxzj61WJzQzYxigSiaa3LfZSG6EYqiDubr3p1u26KRSeeopkWDIuaTCMbNmkIwYiOSAMk+9WNPn8tkjHCsef5VPpkPm2zNMByfl/Oobi0e3lDbcJ2NInyN0P5tsVznacD6VOfmUj+LGB7Vm2LOqITzvJ5q9bElizHknNSxWMO6jDQsykr5Zxg1mN8pOeQa2tQUtdyJH0X2qvqdh5EKPkF9oJFWKLtoYw609T2pO/SlXrVmxMvSpUqJelTKOaaJLMJwRmplYgEevFVozzUw60ybFq2GWGfWtmaNY3QKMLgGsi07E+ta8jb2BPoBR1M5FqwyDj3rtvCRzq9iO/mr/OuLshj867XwYAddsR/wBNV/nTl8LOd/Ej2lutRuvvUjsB9aj5LV4p6IwjAqLaZGwOlSTHjAoX90uT35pgNmCxrgYzVdMbssM0rbpHwBkmkA5AqloS9WTqC7egqZyFHGBgVGpCLgVHI5J+tRubLRDXcmozgAsT9PeiRgPlqJ2AXLc+gq0ibiFiw5HFV5WODgVODkc1WuJB0GKaJZVmwOp+tVZGJPFTvyCSOO9V9oaT265rRWMZXPkZlOxXVSE6Z5xn61Cc5yec81IrELtBOCckdqCvuMe3WtD373IgAVPXdUZXnHSpX4b5cjmgDsRnPTIpoTZHtATLde1Igw3OD6Zp07bHZMbccFcg8j3pEYgc4HoTQTdXHHJyOMZzihGIG0H5TjIpXcMPUdPxpE4HXmnYHuSKnPHP0qRIzxREueeMd6vgEFMKmQMcVpGJpFFXaVHrmlxg9asGBs98dqkWJBkSA546VagzRld5HlbMpZjxyTk4AwKdEMEZI5OBmngDsFJIxzxj6UmDkdQB2pctiC5GRwMjjvXtel2og0Qqf4gM5/3Qf614lCx4IGO3XrXu88n/ABLwzcYjXOP92s6nQ87HdClA3lwuM9Diodam+zafLIDgkAD6ninxOJUzkDsfesrxhKUsIUz9+TP4AVzz0TOGO5x1+xLgdMio4SAgPoaS8OGGevrUYkwyhcY/nXnyOhGzpybriNo1z6c1fvbVETzlY5LcrWHbymMpg4B6gVt3c0slpw2EXBxjrx1zWlByU1ZmGIjGVN3KZiQIJHAPIHSq2qWqI6uEOT1I/SpblmazQg8HAFaCRLcWiD+8uPp71pi0lJNGeAfNFxbOWlRt3A27hnjpmrdhql3ZRPCp3LnAB7H1xRdQODIj8lDx649arIDuO8bjxgiueMmtjokk9GbBF1q8xCRvKW2kmQ/KuP6dK6XRdGa2JmvJvOmxhT/Cg9BTtHINrA+MZQZP4VsxsABkDnHSplNy3Z006UYrQJQ6xkIFL9s9DT2bauR+NNdioBJzj1qrJIDnON3X2qEjYlIEkjBgGXA681lXFnbW6SRqoEbnOD7/AP6q0Y2ZMk5OBk1larMFQO2yNj0LngU3d6Izly2vIg0m4bRNYAtV8yCUqrl+vJH5V6XC/UE9CRXkEd99qu4TgRjzFZ2z6GvUbG8jvYfNhcOhYjNehSUuVcx5PNHmfLsapAI6UyGEbycY9KiWT04qZZhuG6tC9GSs204RSTTQWb76jilinUillbBBQ/WkVa4792Oq/pTJWUKfLzQGBGTzSEq1AWJLWUHhz+dWJJY4hwMk1TEIPSpfs7hchSaHYavYoyksxKg5PaomLRjLZJrat4GdMMm0eppJLC25M0x2+1Ckg5GYcUgZ8ldxNXreKSRwFXr27Cron0uxxjbkdCTk1Tk8Q24YogGfUdKOZvZDUUt2aTyrZwleN38zVL7TEAzSyr5x/EVz+o6w10dtuGJzyxrJP2kSeYzFh6EmqjSb1ZnPEKOiOtnugiN5XU96gti4fznfk+tY1tfOwHmglh0qaPUomJDNjHbriq5GT7aL3Oh+2hl/rmo/tKgFt5x6Zrnb7UIpIdts/wAw75wKy7rULqOBirK3qQKFRbJnilA655myC0mB602WSRmDxuCB2rgotcnwUZXZvep5NYlfaIll3AYI7E1f1doxWOhJXsdnNf4QpIUwepz+lVkvIGikVJMAc5B6VyE91eXMGwoqc5znmktredpVyx3Y/hzzTVJLVsl4qUnZIkudQDSkkFs+tOt75Q4Cn5u4xTJLOBpR5rgMeuD0NUPJMNwSCWAPBrdWascb9pF3Z00VwzR78dKieUSH/WYJ7VThnPl89/WlDJnJ59qysdd7os7jjlhUTuAeTmopZiy9gKrPJnoaEJuxYeUHocVC06jODzVR2A69aheRsHFWo3MnMlnmyeGOazLiRznL4/CnyvnoOaz5s5PJzWsUctSbY5y5GfMx+FUpkl5Yyt7VIz7TzmnFty81djPmlEoO0mANw/Ooixzy2D7VcljBOarNFHu9fbFSzeM7liM5iB5/GoZL1I22tmnO42gBuf5VmTWzPISWAB680mzWnGLfvFx71QuVwxH8NQHU4n4kjK1QuYhGMxN9RVceWzcna36VNzrjQha5otcxvIBDJgE4INTRytG/DgqPXpVARKmMdT3zSSO+0g4AouwdOMtDoLfUUdBDKQQentUMxtw33yG+tYSMVIbzAAOajeR5WbncSafMQsKr6M2i0aNu3MzduajlvAoYgnPaslxJEACQT1zU0ZDBFdSB35o5h/V0ndmraarG4An4f17Gny3iKW4yoPJrmpdof5TkA8VLLcGMgFeQMEZqeYv6pG90buba5zsbmqk9q6MADkfWsQSMMsjYxzkVIb6Ur8zZ4xRc0WHlHZlq6xC52NweQKpSXRaTJOfrVd5Wfvnio884NK51Qp2WpbW4Zc7TgHmonkycg8mos/gDSHvg0FqC3H7sKRgZPc03P5U1myABjApMnpSKsPznrSggdP1pg6UoouFiTIDdSR709CG3c4IGRUIqWE7XH5UriaHDkEA9OaRiTSDKnHenDlR6dKdydhFJHFSxKWbg0xUJH061YhVVjdmJJ/hFMHY2ba6+zCGMqXIIOBWpbyRX0LCQY2nkVjhVmtfN+7IrcnPJFXtGkjxORnd0IqGZtGnDCqxIozhScH2pInAfGOBSWkrSRASAgDNQuMM49ef1qQsSX0KmHzVXEhwufX1qea0FzoZmyN8cf54qpczGSBgWwFG4e9XtOdZtMNoGwSfm57Gq6GTOOMO6KSQY+U9KiFX9Qt5LC6ljIypH5iqK9a1RtFj1qVaiXipFHftTBllRgA8cjNSjrUSj5Vz6VPEuSfYZpklqFfujvWrEd0mPbGKykyCK0oT0I70dTORqwD5wBxXZ+CVzrlj/ANdFrjLMZIrvfAkZOu2Qx0bP6GnP4Wc73R60QSaU4UU9VokjIALDANeLc9GxCFyct0qGZi3ToKndudvaonAzTGV/u805flGT3pH96jDEtz09aolaEhPc0wucZ/WhmznsKYTnpzSSLbIwSTnqTRJhSc8tSs4T/eqFjkcmqJI3YnPpVZ25AHLe9SNuc/KKimPljA5Y0xMikYs+wck0y4+RNi/fbipUVYUJc89zVN5SzM/OPX+lNEvRHyLGcY5FP9DVdWI4xjBwKlSQoRnk/nWyPWUhHXnjn8aiZzjHUe9Ofk8c80wqclTgEHBzRcGxhPBPApVYqysO3TigJk8c9hin7ccZ9uaSJBMZGcjNSrjsD6Y9aiwWyTn605OCK1RSZfhIKhSBjdye9acFuxQMoJAPXHSsYMWfOFB6+1bmmalLbwyRpLhJU2uB3GeldVLle5rBvoWIItjDI6daqXf3s429sVZku1aJQVGc53iqvmLzwGraXKlobO7IGJ27QevzH601GwMevXirKqrkEcZ7AU2WDY30GeaxcepGxJbnay5+nFe038n+hptPBVf5V4vBguCcZr1Rp/Osbc55MKsPyFc9VbHn43oS279FH8LZ+tVPGts8mmxXMfKxN8w9Af8AIojmER3t93Na16v2zSLlI1D74yF+tc81dHnr4jzO8AYZBzkGqifLHz1zx7VOWwcN2zUbAdcZHSvNkdJZibI3Zxitm0czW3lPIfmC7eCec+lYETkIFHr0rdt4x/ZnmRkgqcHb2qqW5lVXuiSxusUluRh4m/pVrSj+6wx6HH0rFP2hbjJkYsOck9a1bUSxo8sSebHJ9+PJFd9ei5w8zzqFVUqumzLmo2InCtHw6/qPSsV9OnE4/dsNx288jFbWn353eXPwTkjJ6exNaJh8xA2Py715lmtz2oqNRXRNpyJDbxxKc7VC1ecApsBBIGcVmRggBXAAByGq4hbzN4O5cjj0FKxuiaRyyhOjY5qvbsLgll6AlfypC7Ejn1zilVPKjZo+/rQLqQaldf2dYyXEhBI4Ck43HtXBS6nNLMTMRI27OGPA+ldtLbvNeM18sboo+RByPyNc/rdtb3OpughEaRhS2wAHJ6YrenNU9TixNN1N9irayCd4hAmHdwu0djXqHh6zewsBHIcuTub2NeR2sbi8mh8pWVgSrF9u3Gea9N8D3dxc2MyXLtIImCo7HJK4/pXYqikcFOlyPXc6gNxTiSAPSo1OaQsR3pmw8ZAz60pnKH1NNyW4UGpUtQRmZvwBodhqLewJPlRjP4VaRWIBxjPrVea5htkwoA+lVDqDl0YyoIs8iluWkludDbYQf7VOuNUigQ7mAI965y51lFBWPlscAVkTGSdg0jEt6elJU7vUqVRR2Ny88QNISsIJHqBWTcXt1LnLFR71ExkUZxzTRKSw3itVBI5ZVZMctsZFLyuWJpgtUdSO59KtrKpAGQBSlUPzK2DVXsZtXKSQtbjC9DUqvgdPzqYknhlyKDGTgpyKfMTy9iq+wgZUYqlNbxMMFnX6VrtAAAarvHEM7mKmnzWB077mJLpnAMdxjn+Kq92zRqIDLknj5Oa2pbTcCUkB9jVC50oyMCyEH1VsVcZ9zCdL+VFIW7w42YZj3J5qdFLMDwD3NTW8U8DbCu9egJPNOu4pNvCkj0FNyuKFNJCq6+Z94bhU8dwqLlB83rmsSbKDIPzHofSqkt2wG0P9TRyXB1lA338mYHenPUkd6a+wgIgXHvXPpdzrna7Y9TT11KRThjk0ezaJ+sRe6NGV2iYEoxB79acsyyDqRj1FZ66oy8MSy9hUc2pFiQCMn2p8rF7WKNTlfeoJWPpVa2u/MOxmBOOMGklv40cDacjrQkW5Joc75HTn3qCRucZH0qy01s8ZLspJ7elUJIskvFLgDnFNOxlKLZIuG+8OKJIlkTAXAqj9rdGIBbjqTUaagzN1JJNXcydJi3VuU6A4rOndwxTOMc1rXFwhj5wSaymkWNmDevFO5UIMazlB1zxz2qEzgkg1NLg7GjIJYY56VBO0KuTkFgvRR3pXNYwXYUAPt2kZ9+9V5LlYsqyrnPao5iGOY12D+Jc9qpXLR5xFIWGf4h0qWzpp0U3qWH2yZYKG45x2qq0A2/KRyelNjnaM7hnjrT3ujNIDwM55qWdCjKL02GF5YWwCRUW8ty2SSepqYlRjOWAP4moZWV2Oxdozx3qTZeg+AZcLleTgE9qfdSKPli69zmq21tx6g0YYqQBkdzTBxTdx6SAYZgTjtUv2reuJckDgY4qs8UikZBP4UnksxGAQPU0XZXLFjWch89uv0phcsxJJ5pZFKnnH4Gm9gB97NBqkhpY9M0gPUf5NO4AYEHd2ph6dec9KQxrsWzgYGegpvPU5p7DAOc7umKZ/KmUAJ680dRnvRg4z2pPakAp7UqBSwDEgZ5IpMnaRk4zmhcAnNACjrzTtuADkU0VJHyMHHtQJgvc4p2OnoadA4jO7Az2z2p0Y3soJ78Z6UCDYc56ipYwRmIg7iR/n9abNL85WMbUB4pI3xJ5gJ3dfxoJJYdyT7Qp3Z6VrJp/mOVkPlqoBAI5rNjlPnLOq7sEFs9jW5d6iC9v5YGeCTjp7UyJXKkTPZyGJwNo4ORnI60aXOzXPJUbvlJ9cVDrE/wDpvyqAMAH3qCyj865CxHGeaQJXR1wUhEAwO9VpD87tuyOasjAQAn05NVZxsGByTUdQKnnh0VDwq8E+tW9NcW9ysgU+WowT2NUSmyNuOvFOgmLKEXgA9Kslo0dftS9u847YJ+h//XXMY2muyusz6KzeiY/z+VcmsZaJyP4acWKLtoMAqRBTR0x6VKgGD69q0RROvAXjtUy8n0z6VCnPWp4xVElqIZq9AOlU4xV+EdKZnI1rAfMM16L8PEzrlsfQMf8Ax0159YDoa9O+GMIk1kE9EjY/yFTWdqbZgleokemqAAWYcCmN84LMfpTrhtzCNeg6moZZAgCjk14u56hCw2gmoS3XNKzk5zUW7kZqrEXGtyfSmNxwMUrnLnbkAnjNMc44HPvVIVxpPPtTXfAwOtNL4+tR/e5PCiqsK4AFue1G3f8A7ophk3EheFFQXV15a7Y+WNFmwukTTyrGvOBVJphnceF9aqsxJ3THJ7LUO8yNkn/61Vyke0uSyu1w3og61MirGvmzABE6LREY9nPyxr+dZ15cmQ4HCjoKEr6IbdtWfJUe3GWbj6U8Dg8Z44OagX8jUy4K+/tWiPVQ1mJIyBjHalIx2pQM+ntUiAnHXPSnYpIhIOeOPakBOff3q15O3nn1qAja5yOKFoOSsAbgZHbAFOQjd8wOMc4pqrke9PdemPzrREj0457Vch6DHyn3p3h7TH1jVrawhliikncIrSnCgn1NW9X0ybRtTuLK72GeF9rbHDCtoFQmk7FfdwQvOKXlXAPXHc0kaZUt75wKU/eGBxx7076nRJs0LaNlDuQhCgEhmHfgY55/Coy2Wx09qr+aQuBwFPXtT7eUggNyrHjAqnIzRbggYqWA/dr1bHH413mmTeZpllIM4EWw/gSP6Vxs+qn+z2tFVQN+5jj5jx0J9K6HwpOZtPEbn7jkfgRWVXY5MWrxuaar5q+WeecV0OnJ9ntPLHJXqc96wLFSbh0JxjrW2jGJCfWudnmHG+LrIQX3nRIFimGeP73eufkOMcV1vi1t32ZSCEIYfQ8YrlCBjnrXnVlaR0w1jcSMAv8ATpXV+HlLaZcI3zcjHPXiuaiJ+QoFznnitmymaGCbqMgEcUqejCexWXcVyRwhKZrQsp/IuBuHyt1FULIPLNKueTg496t5OBuXlOOete1D3oanz9ZOFRtE1zZgEFAWGOPcUtpqElr5at88HYdxWjY+WYh5xwD0PXFOu9NiuwNvyt1BFclSnFvU7qdSaXNB6ktpcQ3cLSQuGXuPSpVm28oOPSude2udPuGZeMnqDkEUy91KNIWcybGHQDk1yzw7Wq2O2ljk9J6M6Uzx7mBZd3cA1i3t1cteutpcEqQBtHIB71zBvZp7nzY2IZifmXvWtpWn3t5gQ4BB5J4x71ioNuyN/bJq7Ny31B4Aq3asnq5HBqnqCRsDeWpG8YDAn7wzxxXRDRoWt/LuGa4Y93OPyrmNQd9FnlR4t0ROU3DqMetazoOKuyI11N2MwK81zJPCvDqBtA6etej+EIBDpZbBDO2cHrXnmg6x5TtHFHJCWcn5TknPQEV6bpP7uyiGCGIy2euTWlFK+iMpq2poltv0qQPkfdyagO0csc1DJKXJCHAHeumxkX0uI43VSwDNUF5cu7hFbavcis2dVyhBPy81Iso+8KOXqPn0sTlFKkPhs9s9Kqz2yHPHFSht4yDQXxweDVIhsrRQIvK5OPWrKlTjkGmEc5HBoPzdeD60yNRZQQCV7VWZ/wC8KnbcoODmoXZT94EUIT2EUhj8pwTQWIbG79ajIGDtcYqEtzzTFYuCdk5yT9Kd9rdu3FUhhuQcGl5A65pAXDcnk5wKqzTAg7s1EWYdRiopGRgQ4OPamkKTKlxexRtkOQaE1x4wQvzfrTJILctuCfN6tVWe2Lj5GWtEkzBuS2Lqa+xb506VZj1qCUjfjPvXMzwXMYyig/Ssm6NwCdykH6U+RMhVpnbXLWd10IB9Rxisy704DmJwR6GuXtZpVkC8nPBrTtJbsOyK4IHPzHrVJW6ilaW6LDRSRDBGGqpOTn5ifqKdc3zrIVmQg461RuLjAyGGfQ1SZn7LsI8xB4YfTFN+0gsBz9RUEk691AJ5yDVUyNyQAR0yKTZqqZtRyIn3HPPelacdC2awluWHHT8OKDK5GeTSH7NmyZEySTTDKuch/wBayFlcMARn2qyEVhuUkexpicLF47WwC5IpdiqQysNw6HFUY59vBzVlZVYDB4oIfMhJUds87ifes2feBznNam/H8Qpr7G4JGaCo1Gt0YcuTGoDMSOSKiEpTtzWvNaIclcVnzW4Bx0IqTqhVi9CsWz1qpcIV5zkHvVvyiW29ae9m4XqpyPWkbxkoszA2TtHWpEZAjHnfnj0pJYwkhAyMdqhk3HBNJnRuWAw4PWpJGWNQcEOeazw5B65pS+7JPGaLj5C6tzuADE5PcdaJpgVADcevSqWcikHfmgPZo0FvHRACQw9D1ps96ZVw6gD261S9PSkxmncPZxvclDJznJOOOlIY3VdxU4HftUY4PWguxGCT+dIuwNz1600nBzRn86VF3EDOM+tMYwkkk0dulB4zR2x3pDBwFYgEMB0PrSDHU9e1HT3oHpigAOfwoIx0xQBSmgAU47Z+tOHGCKaBzxTscc0APJy2QMVIrhVbgEkYGe3vUI4POacBjrQKwdeelPikaI5XuCvPvU1vGkhYMPmNRzxGJ2XOQKQr9BY5G2bQSOc1v6VpjXloJllAAbBU1z6hT1zW/oTyRoyxqWLD5jngCn0Jn5EGvW7JKrFflxjP0qppu/7bHtyea1tYj8y1SVurDp71R0mPEkkp5WME0iU7I2Zp2KoysNoap5VaUoyY5FYLSlioU/ITmr9nekLtAJAGM0rCt1NN7ZXgCnrjBrM8kxbxnv1FbcIO4D+E/NzVS5t8Rtgck5zSuIWF3n0kwxf6wHBHrWCknlvKrDBORitK0JSR4mYqHHBBrPu7d4ZgJCGychhVoVhIoySv+0cU9Rtch+OoNWooZFjCkYUEHIqCYEyNnrmrTAdGKsxioYxge9WoxnBrQTLEK9K0IMs+T1NVIV4+lX7ZeRTRnI17BelepfC+I/a7mQHG2Lb+ZH+FeZWA4Feq/DtTHZXT92ZV/IH/ABrLE/w2Y0/4qO1lkCKVXr61X680Dnr0pGbHXpXlpHe3caw555qJsUjy9x0qu0lUkS2SMR2qFjSl6jbJHPeqSFcaxBOBxjvUMsmRtHC0+ZtiY7mqrKfLL/wg4+tUiW7EbyMeB3qGY+UPm+/6UkkpRsg4NVJHLMWY5J71aRm5D3POW5Y0ixsSNoJJ7Cmpx87/AHRTDNLIGdeEH4Ae1JlRC4cplcgkccHiqMj570rv1NVpH5xVxiTJny5sIUPg7TxmnIc8gHGO3amMrnk5IHQ06PIB4qD3GTxgZ9/rVpAu7Izt7VXTJGcY4qfccg4GMdOlWi4ssTKAg4Bz1xVAjc7EgY9BUzSnb/WoAxDVQpyuTLGMA9qbKhGcdu9DNwccim7jnnIzziruiSxaDkEsFI79OassSRuYgknGD3qnvGflJP19akWReMemOTTUtLFRSuTKWUYzwKJHyw3dBx0pJJPkXHfrnuaieYuQvJxSubNpImkcPyFGPbiiPqDzjsRUaMzHkcZzVxEB7fjTuRe5LDDvjkfeoKAHa3VvYVv+D5fnuY+QSA4/A/8A1657P4VqeFpTFrcKk4WQFD+I/wAcUtzLEK8GdxbqwvhjkucfWtmTGB/KotNEfljcq+cBjfjtTbokBip5UVieQznvFEgcxQn74G7Pv/kVzL/eLYrptfjEtsJRjzYzgn2Nc1JjcGHeuCuveub09iS2YqxOcHHFXSxa2Cg5Zjnr6CqkSszDGOPWrCsMhmyOw4qI6ajl2LWkhPOlaYEOcAYPArU8oKGJGfU9xVLSXhM0yNnawGB64zV6IssjICWTtXp4ed4nj4qHvjsbTgEEHtSx3DQuRuIwOnrTGRgCQDkdR7VDIyk5yCfSujlUjnU3HYn+eeRW3ZGeBVXV9IhvAghHlzLySeh9iKt2My7+Bt7GrEsTFWlzyORUTgrcrNISb97dnP6H4du478TXToiIcbUOciu0sbeO3UhCxJ6ljyar26vsDevNWUJJ5yKyjShDY6edyRbWWmXKJMmJEVx7jNESnvUw4HNU7FK5Tt9OsopllS0gSQfxKgBFaKMFGarhsvjPFAlySD+FSopbFX7lwPnJ9qjVSThuhpiOOcmkWb9KLDEmO1SDVZZtpGOlT3GGXPcVTZMrletNEsvxuowF7+venGTdnJrKDcYJ47e1H2qSN9rgkHv607E81tzQMjI2OoqUSK0Zz1qoku5c8EUhdW5BANFgTLKuR0NEjhuoxVBpSDzg0v2kHvg+mKdhc3QnZM5I5+lMDADBAPtUBuevb6VG9xvU7vwIosJsssEPKHBqMvInoRVJrhScHPsaFnYDh9w96diFNFtpwevH1qCSUY4pjzo33hj61VkZf4WoUQcidpBjmq7zAVCZG9jVaeTjGSKtIhy0LbXAz96q00yMcMBWZcTMp55HqKz7i8bHqKqxk25aG04iLZCg/SmrKFztYgjsRXLPPPGS8MpBz0zU1prG/wCS5G1v7wHFI0VJ2ujX1GYGMrKoJPQmsG6mZAfKcE+lajypKmOCCOtYV7EyZIIYH3oNqKu7MpC6kBweKnkuSEjJlVywyQCcj61GNmP3qAqenFLFZRTKzKSpHrUu51+71CO6wWycgjpVq11JkDqTiNhzx0rPNn8/yv8AmKYYJPmwecdKV2LkgzZtdQgMmHbHoateYjAlPm/GuTIKHkc0+GV1bAcqKFMmWGT2Z0lwY5RgHafWm25EZIEgYj34rG+0SoMMQRnORTGl82TLZDZ654quYn2D2ZvrH58m3fg/WpJbHKrsfk+/euc+1TRblBxng/Sliv5Y8AO2Qfwo5kQ8PNapnRx2sqJtaXOarm3uI3wRuUdTTLHVfNAWUgE981ptcYXGAfcc1WhzSc6b95GcAzHaqHP86k8p2Hzr+FW/PTcCowfcVKssbEBsjPfGaaRLqNdDCudMlc7o8H2NU2065A+dAF9zXVNbgjIk4pjW28EHH4ijlNY4uS0OOkttjfOwx7c1AV54BxXVXOnMc4QGqN1Y/Z4xhRk+nJrNxOuniUylaWSSR5kkCnIwKinjiUkK5JBwKV9ykgZFQ855NK5urt3uWkig+zFmJ80nAHYfWoyyPIN6BVLZOKSUMI1RgcdRUJPanca1LAtVkumjhfev8Jxyfwpx06YIzMu0A4BI6mq6TmGQPESrLyD7057uaQfNKzHOeTTugtO+hEYmAJxwDg0PE0ZXcMZGRT5J2mRU6Y9B1pbc75ljkPyM2DSKTe7BrORrX7QqEoDhj6Gq6DLgfgavXkhWRoInPlJ0Cnr61XguGt5hInUHPIzzTCMnYZcW7wSMrg5Hf+tQ44xW1LMNSt2LbElUbjkferMCgSYdcr3x2oaHCV9yEdMEfrS4yM1I0QEe4EEbsAd6YOtLYpO4nSnLzxUqWzvC0iDKqcGoh6GgCQRNs37Tt6ZxxmljiZ+R0Pet/T7VJ9GIkHIJIz2rIuH24UADb6UEKd9BdPjH2tVfsa17y0+UEqMScfjWXaS/6QJDwd3NdakKXaID0XkVLE9zkFtnFwIipBroNDtHtWd3fKkcAd6u3djFIRImN46YqlFcyWpSN0yM4684ovcV7k11As7NGT2O2ltLIR2MyMfmcHmrE5BRSmQcdRS2E4lRgyncKESzlE/1wBPANaFlJ5m6MDAzkY9qr6zCtvqbqB8pIbg+tSWuY9zBsDcMUF7o6W3lDwruGGqV1Xy85GMZrLjn2yAk5BXpVjeZ4pASFYDGKRJDc2oMIdfvjkVRu52uI0DKAV9q2rKRpGMbJjauc1l6hCYpzjG1hnpTRJc0p/tCur9duKzZoz5hz2NX9CYCeU44AzUV0v8ApDkDgmtI7iWjIwuHPpU8Q4qMDpU8Y54rQRah6fWtG2HIqhCOPxrStRyKpMzkbenpnHvXsXgmBYtBRm4LsW/p/SvJNLXLCvZtIjMOkWke3H7sH8+a58W/dSM6P8S5cll7LUEhPJY8e1ObAPPOKikOTk1wpHU2Rudx44A7VFj1OfpTm56cUwsFqiRxIAwKj8wBsGkfOOfvHoKdDb/xPyaNEUrt2RXlJlfgHpVW5OMLntWq6r0HFZN+AJAOgxzRF3CUbFJzzmliiMr4/M+lPVDM2EXao7mtC3iWNcdvX1qpSsiYQuyjNAHcbiUgQZPvVK7uEdRgbYF6L/eNXNTmRTtcnaP4fWsC5mMr5wAB0A7UQi5asJtR0Q2aXc2Tx7Cq7NQxqJ25ODx3roSMGz5uVTkZ7VKo34Uk4Awo9PYelKgAHOfwqRF79axPpeQYq4PoP5UcgHnn61MwPtTD06Z7YqkRJWK4kIbPGQc88ikBPGPp0pwU45A69aTbgf40GaVw+6xHcetLk5OfzpMEcGnZBUAgdetCGxV55PJ9KehGcYqIZB+X88VIXBQgqN2fvE81VxXH8t0U4Xqc0qjI5BxUSEkEZwP51PGyj7wB7elNMtXZPC4hdW4bac4YcflU0LgDOetZ7Mc8fSnRMc5JIouUtDSbcVyM8VJaSeVNFKD8ysCOPQ1UjcleegqZFO7oMVSCWqPXLFgyloz8uNy/Q81PKQQGGCCORWF4XvAdPtix+6DEw+nT9MVoK5EzRt0PesZaOx4842bMbVWKP5JK4bJ59KwJFwrg8Ec1o6ozDUnV+cVXkAZmBHUVxVNWax0RVUt5oIBI9qty58mMeh5p0AkjXMYX5VPOKrvMZEYA+5+uai1h7lyLCSqNwXcOnoa1YZGCjceTXPocomOvrWzbXHmRAyIAy8Ee9dmFnpY4MXB3UkacSnOR0qre2JMokhPGclT2pbW8Awf4AcVouwZAVxk11XscvIpKxRt49jnNasYBTFVdoY9OaswjAGelEnc0hHl0LI4UY7cU+PG7JqHPNO34dR681BroW1fuOnSo5ZcHaPxqKWUBsL25NQM+QTnvQkDZY8zB4pxf5c1SVz1JqQyYT3NOwkWFk96az4JFVkk+alkfOKTQ1qXIZt6kHrUW7DEGqXneXIG7GrDvuAcHikJiyEE+lQvlgVbkdj6U2R6gM2DVJGbsOSZoG2vkqejdqmabAFV/NR+H/WmBgnC8r6VROqLgkDDg4NQOTyWGKh3qxyrYPpTHnYLhulOwr6D2Zs8MPzqNpSD82D9arTTnrx+FVpZiAWBLAdgeadieboXXzu3LISP7pqJbtw7IRg+hrPivlkJ2Mc9wetOkmWX74+h9KZDRea4BPPX2NQNcEHGTWXNP5YO85HZqg+0spBibeD/Ax/lVWFqzUMu45DD3FQyzY+lZs16gy0IJk6FDwRVG5v53+TARz2zS0GqUpF27uCpJVwKy2uiz+XjD55rMvbp3wGJyODmmR3bLKJcZYDAx9KlyOynh7LUvPdqX2kDcKSSMSW8j5+Ye3Wq0EH2kZDYYg8etSQyPEkiYyDxSbNORL4SGO6dDtDED2NOmnlaQ7m3EDv3rPkPzZzQrMSACTnoKm50qkty3NM5wCSMVatrqNYdrZMhPU1mM7AkNnINJuGAe9O43TTVjWkdQ3LADGabFKsmecGsovzyTxSb8HI4+lIj2JtXFtvhWWPkZ5qldKj7XRdjYwQKgW8mSPYG+XrimPcvIRkZb270Ow4Qkty2sCbFw5LfpUEm5Cc8EU+NwImIJDDpjv60kcodSHGR60ws0x2np5tyBIARgnmnXtqYULxNlM8+1ROBE4ZDkdsGrEt0HtimMMeDzRpYzlzcycdjOV2J47d614VvIokk+YIe+azGO3p371btNSe3O0fNFnOw9DQtC6kXJaI1I7oEgSEg460/z5VwVYlfbtWZLdCZSycYOTmoZpR0idipAznjmquc31e5uLqyLw7Hg1HNrUgmOw/L2B7isTcjEZ4PTNSQwGUMATvXkc0XY/q0FqzUbVWkRRGxVs4PvWlGizx7mYRt6HmubikMbEBQSPahLt1PPP1p3Jlh/5DamsCSdwJA7gVlXFoy5K9Aaf/a86hk3Eqwwc1AdQlYcnp+tS7MqnCpHcWJw7qk3IHGfSmXtuYJMMOG5U54IqMsXBJ4qKQsQCScdKLnRFajW44yPwpvWlwCeTRjPQ9qRuKqngY+maXcRLkYODTD+lIRySOlArDmcuxLdSc0zmj3pc98DHSgdrDkJJyvJAz1q1cX7TyiTy40IwcKvHFUhnOAM0oG44FCbE0mW/tYa4EpjVfmyyqOoqa5kspULRxSRyHJwDlaoY4xnmnqdqMNoO7A57U7k8ut0WrC4ESyISVMg27sZxTbiEQXBXd5if3h3qqOa0tIEckrJKNxPQe9K4PTU3dNO/TAHBA5H1rHn06bbJIFPy9R3/KtW+kKGOOM4+lStdJaxguGbeAWJoMU2ndHO2sTNKAwONw5x0rp0LC32wMe3I64rMvr9X+RVVcEYI9PerWjyebuQurLyB60mW23qXrV2+zuSS2MnnqKz5W+0NvyQw4rYWPYm0AYPXFVJLYRxYj7ndUoRnSXRt12tu3A5H0qzp91HJLuQlfUZ61n6sjHa5+70rORmicFTjHOaofLcl1KbzryR8k84FLFM2wLngc1Fcbdw2nrzzVmzt9+GOdvT60itErFy0kaVW3dQcitC2lG+XjtVe0gSISMTnPAFMK/OxBPWgnc07KfDkHAGOtO1GMsisT1B6dqpDPkFh6jPuK1vLE8S+mKaJZlacCsjKDjcMVPeRtHKVbrj86jtF236AcndjH41e1VS8u/HAGK0W5JRxzip4xzUYU5z1FTxCtWK5ZhWtO0XkVSgWtazj6UIyk9DoNBg824hT+8wFezttRQqgYXgEV5Z4Ot/M1e0X0bd+XNeoSLjO49K5MU7tImh1Y3qSBUTikL1DJJx71zWOgSRgOB0pijjLDk9BT1A2gt+A9aUsE+ZiNxp3BK4qoE+aT7xpDKN20HB9Kpz3BByOSemapPI28YOT1Jo5blc/LsaF3crFkD7/p6VkSMWbnkk0krZJyck1JaxM539u1UlykNuTLSKsMI3kADkmq0uqIoO1Dx0qteylztzlV/Ws6VuacaaerCVVrREd1K0shZzljVR2p8jHmq7mt0jnbvqMkbrUJYdT90daeVLE88dz6VBKys2F4UUxNngWO/FPXgZwc9sUgPQEfSlIw2MgEHFY2PqBu4k9OtO2EgE8ehPSmkDPGamjUFCRgY9TVIhK71InjwfmzUbYVuBnPrVoqz9Oc85x0xUEyY7jPfBpNFWsRNtAzg5pq9TTiMrkmkUep4pIyk7jgvHA6+9GwgZwakVSQCM5oJOSOuKofKNjT5STzQqnOM8GpV5wP6VMkRI3BfY00i0iIR4GCMU8IMd8jr6VJ5mxQrIPWmQjMgJ7HNOw+o6FeOc9a0bePJBIJxwRUCxjOcHr2qeI84I6f5zWkSuU6XQX8sywkYzh1+o6/0/Kuptisqhm6iuKsJdksLkH0J9uldbaMFfaT8rVlUjqedi6fLK/coeI7UNNFMoxn5SR7dKy2j6Mx69K6fU4jPZsAPmXkVztx80IxwQea46kbO5zxegEiIr5Y6jmseNykxXHc8VoRPwF9/1qheRN5nmRjB7j+tYyKRJGdjbTnDHINXYy5bcg/eKOR/eFZ9tJvRQ20gnAJPQ1PHcnJDLiVeM460Rlyu6FOKkrGms5VA6Y8tu+O9WrG98w4JJP9axZJvKkWSTJgl4b/ZNSktGo8rGAcj3r0ac1NHnTpum7HVQvVlZARjHFczBeSO4ZTwB8wrUtboOnDfnV2EpGkHOevHpT3YDa3cVTDhgCDUrv8gosO9xkkn71jQrkjr7VDIwwcetLGw2E96Yrkynkc0rSdveog/eoy/zj60homZsMuOmeaJJMDPXBqEv82KGJaNsUih8/wAynt3qCC4ZRt6460rP+6U96plwJc+vpQlcmo7amgzZGR0NQSENn1qNJgjlW5B6Ukjc89DVJGXMmNZicjPNR+e65BOQKeSCPeoZFz0qhSQ5plYAg4NNadhxnI+tV50+XGaqqpR88gexp2My5PMqx7ueKreeCA2RSudwww496z5YRESUJAznGeKYkWXBPzRsB68dahF11V1IPqBxVCa4BLbiyKOhHSkWYsgCsHA7g5pGqh3J7qbepVhxWeXZG+Q5FXAASTkH1FVbyElS8Z6dqd7IqC6M1YNEm1CyFyCEJOEBHXHU5/P8qzbmCWGZEuUwvRWY8fnXfaTB5GjWcJYBhEuR3BIyf51l6lbpPazRy855Ueh56V5ccZLnaex6rwUeRW3OB1G3iRSS58zPIxkfnWXuwe/FdfeGGy0GaOZEa4nO1eOnPX8q409+1ddOpzq6FTg4qzL1rIN2V+UryBVzUWX5XQj5lBI9+9ZMLZcdh3pJLhmyM8VpcTp3lcH55qMmjdmjOevFBulYUN6ikzkHnpSAc96cOMgg4PFADfrSilUEHFAwRnpQITGRSAEHjqOaduwAB3pp5oGAYg5705W7jg+nrTCMHkUcZoFYuwDchBOB1qAn5uaWKTYjKRkGmluveglREz/OkHrSbj9KTv1oKsPDkADjGakSXaRnnvioKKYuUmdt+T/F3p0EzRHjvUHBNP2kBSeAelMTimrG2sSXFq0qYSToB61RuWkU7ZFAYcdKhhuGjTaOhOa0Jb2C4sWEy5mGMcU2cvLKEtrorWsUcu4S8v2xStaqFLZ+UHH41Wify5A3PHapHnJbjjvz3osaOMr6Fy0mRFCOgZc5aoLhMoSg/dk8VErKSST9B606O4cYU8qe1BPI07orFMHnNNxz7VtywoiQysMRSDjNVL2y8p90ZDRnuDU2LjVTdmUR14owVbOKsrCyqr478Y61IVMpVdvzk5BHFFi+dFR4sIWBGM9PSogOwq7dJtYEgqCOfc1HEGilVhgehIoGpaFcDjn86VVOCRz61NOu1yr4JB6g1PaxB7dgrjJP3cc49aAuUwuKcR69akkURnHvQq+YWO5QRzg96BjNuKntWeGRJkUnDdadBFGVzM+0EcY55rcvVjtdIiaDDAHrjvQRKXQv2zrIodgobqM9axNUuAty6sN4x1zVE38+4bXwB0GOlVZJGc/MxJosJQ6jmcliATir+mXHlElVJPpWajFW3A4Iq9Y3AViDGCx7ik0U9jpLfUleRVboeAQKsXxYwHy8bsetZVnPHIAyoBjqR2rUtp1lUlWViKkhoxb0NJCxfKnggHtWUwOctXSXab45fN4OODWVe2+FjZBhSvJp3GmZ+Ow5re0dR9nBdflz19KxCn3cHqcV0enrtt0jUgg8k0MJbBEALllU5GPwpzQEKSBncTzUkEYaQn0yKsSMQPl+6BzzQRchmTytKwxAYnNWrJnECx9yOtZ17J5kqp24z9aupKVuE9BxTQEdovl6gncg1pXyj7M47lgc1TkKtchxwQcVcv8A/j3JzjpVrchmcuQvPQmp4RUIXhfcVbgWthFy3XpWzYrlhWbaryK27BMkU0YVHod18P7fN5LMekaYH1NdpK+c4rnvBduYtOllxjzGwPoK25Bt45Pqa8+s7zNKOkCNiSeKaFBOT0/nQXA47VG8pHPftjtWZpoPkk2kcZc9B6VGwypeU5UdB61HuCKWkPzHpUBmy+5vXpTSb2HdIZNk/O3Q9BVZm45wCaluJ/MJJ4A6AVVY4OSeetaKJm5ajhGWbH5n0pZ7kBPLi4UdT61FcXDOAo4Xv71Ud8CqUb7ic7bCStiqcrVJK9VJGq0jJsjkbmmY4LHpnAHrT9uV3NwB3qOaTC56EjCj0HrTfkCIZ5MgquAvc+tUZZccLT5mxx2qnIeapIls8TDYPHJpWckYPYcVC7gDIOTTDOBwV/Xmue59LzWJ1+9xUqE8DpVFSWfr+VW7W3aWZEMgTewXc5wBk9T7UJi5y0pBUf3vUVBP6Y6/pUpjMbMMq5U4ypyDTMZ4IHrVM1vzIZAgY4PPHpmntEqgNkYPYnmmsSnPTsaBKC2TzxxSBJWsKCMAEfXFMJ2ng5Oe1K5x04OenWpEgYpvx8pNUhWfQSMjPHX1q5ahQxEhI4/M1Am1SBjkGplG5sjAGenpVJFxQ54wffNSRW+CPlqWPYW+Y4+gzU6AAHHzH61pYtRRG8JUDHAPrVm2gGNzDIA6dM1Hu5wefb0q1C+5MNwByeKZsooYGIc7TgGur0yQz2SNn5hwfwrkmXJ6Zrf8NykSNC5wW+YVE1dHJjqfNTuuh0EUvy/NyM4Nc9dbTPIqH5NxArcuFxhl4B4PtXPX6NHcbl+6x5+tclRaHjwK0ikZIGc81BeuwjWWMDKnmrLuUAbt3+lRQyxkhJB+7Y4NcrNDKeQq4ZeCCCcVs2zR3asZDtk28VkSxqJWVSSAeD60JKy8A8rzWTKNGViUMUnzKRg0yzcxxrDMCY2+4+f0qle3rCD5VO9hz6VWtbku6BvmHpWlOo4MynT5lY6FiEuVCHGRgn3qxC7YYHOc/pWdZzHeBIMqDn8Ku3FwiR+bE2SByBXq05c6TR5lRODsaFs7pH8rZGcn2q610RsB5U/oa5htV27mB28YIp8er74wGHyk4Jq2iUnY6SRwc5PWoYJGEnTg8E1QimWaIbZM47g1NbsVJ3vuwKTRXMaUjY/nVbzM4weab5vTnrVZm2ORnvmpKbL5fgc0sL5baehqr5gCA9acpyQVpWKJ5XxD61nyNxnNSXMpHyjt1qqG5qkjOo7jzJx1p8U+QFbpUDL3FV5GKEHtVHKrpmoXVR7etNLKwyjgVShuuCrj86jmUctCeO4pWsbxlcuvkjmq0iMvI/Kqqzt2JyKnF0SMMMrTV0KSGGQ4IIqncykZABxV13SQ/LwaryRK45Az+tMlKz1Mt1Eg5/HNRfYlWQOm7PscVcb9yx+6fqc1JHcbjghQfakzbma2KhjkY/dI9+9RoJUb5ZM/7xq+xibluao6g6LgdA1SxwbehI2q3drMJRI5YYBGflKjtUeo+JLu4ZDaxpDtOeRuJP41kzStH0OQeD3qIyRsOgX9axdGF72PQhKfKSald3V2fMuSWYcew/Cs0mtRflTIwoHtkVWmhRwDERn0rS1lZDhPXUpbsA00fpT5I2QkMMH3plSdCsOzge9AYYPTkY5pCCMZ4zyKTk0wHK2O9KCQN3bPWmUUwHFic8nnrRnmkFLkelAgBxS4+U8fj6Umc9aTNABRSZpaYxwHHt60dKVT27daJMAjaT05z60CEJHHrSHnk80lGeB/OgBR7ilz/hSA4xxSkj0wfanYQdfelB5pCKXpgHFIYue9OHNMp3YYzTEPfK4yCDjIzTcnPNDMznLMScY5OeBxSA0CFPXnpTl56UynoxRlIJyDkeooCxPNcyuscUjMUjG0Kf4alsrhYphvJMZGCKpMSxyxJyaQHipuS4JqxoWt0omw4yhPT0qW6nUwboyBhuAKywcU4SEKRgepp3JdJXuSvM743846USOzgEjjoBUQbAIxnP6UZyB7UF8o+Vw8hb1pYpNkgYZ4qM42985/CiKQxurLjKnIyMj8qAsT3LKW+XODzUI470hJNAoGie2jeVtsY3OegHU1rW99Amny210GLE/dFY8LGN1ZCQ3Yimvksc9femS43Jpzb7CIlcNu4JPaq9FAoBCjrUsYPOOwyaYiknjFSAdKBMkhkaI5RiD7VqWtyI8TICDkB17GskdKeGO3GaTVyWjsE23MO4YKkelVJoQLRY3XBUYqnpV232V4v4kG4Z7itMMsyIwPXnFRaxJzl3GIbjYQeRW1pH+ow3rxVfVLN/MWUL8g64qe1eMopt+NuCwJpjbua8dsQjbehOfpUdyojxGDxnJqKS9IVVQlS/GetNWUtsycnBpElG6O27HoOaswsZJMjiqs6ktuB61Nbcq2fwrQOhctxljzznrUsoklV5G+6rBaZCuFOOM1buW22scYwMnccd6a3JZWTlVHYVdt16VUiXmtG3XpWpmy9bL0re02PJGO9Y9qvzCus8L2ouNRtoz93cCfoOabdlcwnroekaZD9j0y3iIwVQZ+pp8nTJ/CpJZUB9cdBVKWYuTk/jXm6t3OhWSsRyEk46E087YUDMM9gPWmrtHztz6D1qrcyMzEn9KaVwvy6kcrmRyzH/61V3btmnM5x71EzYHqfetUrGTdxGIQfNyewqs7ckmlc5JJqF2qkiWwd6qyNT3bAzVZ2zVANdqiCl2wO/f0pzHNCKCCSeO9DBK4t28YVVTlF7+prMlbJJqxdS7jwMAdBVCRqcUDIpW61Wc1JI1V2arRB4ew5qJ1IOe1WSQMD+VM+UsPMBx7da42fSSQyAkNnvVwynaFOeBge1Vo1XPOatKuIw6hjg45poFG4nmHaRnJHepFRwm4YI9c0yNN7ZIP8qmAyuBxjj609S0iCdyRzzioCxzwatOgAIHJ9aVLYOMkHB54oDlbK6NggZ4PWtGKdimzO1fQVmmNg+AOKtKQqgZy2eSTx+FXEcW0aFzaNbrbszwv5sYlAjcMQMkYbHQ8dKRR/wABOKhjkVfv9CO1TK4YYWtEaxJEOPepYyO3/wCqoUAz1+U1KGUjGMYqzREyIx+bt65qaMHPXrTrG2aXG3kHj2q/Fa4ySOnrVKJtEZBEWOSPfirSMIrpJFGCD19algQKOoOR+tQyjJYd/aiUdDScFKFjqVKywZzkMM/SsK/TmRG5PUVb0mfEGCc+X1HqDSamF4dDnFcc10PmakPZzaMTPmxEZ69KzpNyscj5emavsPLmO37vUVHcqHRx/ERkY9a4ZIpGXvIYrjpzTJSSwYEc8U91IbPpTGAA5GRWTRZDcyPNHk/eXj8Khs5VScbhweDU0h2uoHIPeoPIJk+XaMnuwGKQjftVEhwxw2flJqO4Rra4OTiJ+CDVWOVFVcygsnGB3/GtC3mjvIHimXnGVOea6cPX9m7M5a1HnVzPurZo2GTmNhkMOhrPJeM9SVPQ1tJNNafuHUPF6N0qOS1guI90R2k9R1r1FJSV0cSk6ekkQ6RelJQmSCTmulhkSVdynjHWuXl01kBdH3lR24rQ0GYtDLGeMNkgntQKfLL3omr52QcdRzipC4kjDjFVV4lwT3qsZTaXLqxO1jwPY96TRKdzVtn3fKasIQhAJ+lZImKOCOQeRitISLLEpHWoZcXdDLoEnOetVckHjpVrdlearSjaaaYNaXFL988VFIPxBpC2QQabyRgntVJmEoleXMZ3ZO3+VO8w7TtNI5B+U4NVyGjztyU/lVbkrQhkunVyxXj1qzFOktuZFPK/eHf8KqTgrh1wc02ONWXAXa+c8d6lnSkmi35i5yjA98VJ5uV9G7EVl42k4PHcdxU8Uv8AC7AnsfWncJQViWcbgS6596z5AyHcvb3q5K5U8Hg1SmlGcd+4ouEL7EE+osGUbNvaqV1deauTnINWpYknjx6dPUVQuLdol3ZBFSzrpKHzGPMXX9CahJpppDmpOtRsSxzOhyp49PWpPOXG5flPdc1WzikpicUXHvGkjKPg8YGRVInmgjgH14pfcUmOKS2EzRjg8iiigoBR9RmiigBaKKCaBBStgdCDSUlAxeepoFFApgO3Z6803ml7Hik+tMQYpKXr1o70AKQRjI7ZpR19KSl60AABJwD+tODNs28Yzu6U0jinfKFXaTu5z6VICCl4I/rSCimAvNLTfSnYI6+maLiFA5pcEn5ecUEAHg5GKdHknC9W4+tFxMNxKhT0BzipJ4wgTaDhlB59aainvjg85q5eSKY0VlAdVwBQkZOTTVjOI+tFH86KRsKeDSmhQSDjsMmjvQAmD70d6cR0pMYpiHDoc0oQnJ9OuaQcUpyWyck0APiIAOc9Pl+tI7FzlvvE9aD0Azn+lOiQySKi/eYgCgQ0qR19KQCp5ZXYIjncIxtUegyT/MmmIoO4kgYGfr7UxCAcCnLSL/8AXp/XknmmIMk9eaOe9KBS4oESW0rQyB17dj3rWtbw703qoRhx7GscD2q1AwZNknbkUmhM6qMBgd2OR+dYpTyGkUKDhq0bJwYFUMMqADzUd3CjzNuYKxXOakkqyusjwqBgAZ/GlilJdeu0GoyoGS/3sYGDSDIVRnqKALWPMRiMDaOlOt0wfrT7RSsTnAJYbcVYgiAVz3FNMRYRfugdRVi+j2xQk4yQRUdshLA561LqBy8YHYVSepLIoV6Vo2ygEZGapwLWlbr0zWxlJl+yjywNd/4Ittvn3LdFGxfxrjLCPJGO9emaLbi00uKMj5j8zfjWNZ2iZR1kXJG4+tQNklQDTnYk0KQqnPU9K5jTccduMHgDoO5qlMWdunJqzHJhydoY4wM1BOQv+8aErMctis/BxUUjDtSu3WoHatUYjHbNQtwOaexx1qCRutMZHI2SarsakkP51Ax/OmAcEY5JNR3D7FwDyeo9Ka8m3pwapyvRYadhsj5zVWRqe7VWlbmqRLI5GqBmpXbrULtVoVjxwjP1p9tGjTRrKTsLDcR1Azzj3p7R+uMkVJDFvKgEAk4yeg+tcSPpuUikQLnHTJFNG8YwDxU5X5mA9frViOJSMYOCOxqi0VYsngscVZVSFJU5A/SllgEZ4YHjI5qLzDjGeKDRJWHqeTwAQeKtQ7WT5sgnsKroVA5PFL50aOSnT3poWw+eMKMgciqD43YwfQ1cuLhGHy5yaqADk5z6VREtdhVJYjPNXYsAHoKrwkdCBwPpinIxDA5471UWOOhbztToc1B5p3Yz09aHk3YxyPSmxqCx3Ake1VcqUux0GnXCGJc5DZ/Ktu2uWikWVWUupyMjcOnoa5W0Gw5rYtpgAA2eRW0ZaWNoX6lx3xxj8qjJcsGJ4I6mnRrvIbqOlSOvTIA4otc15tCawbyZlzna3ymrkq7WaNjweV9jVDIVABjn0q5H/pFvk/eTrXPWh1PLxtO75yjLDhjweO1VZcggDp1FbYQOgPfofcVm38BhmPO5T0PrXFUj1OFMw7xCHyP4v0NV+q89RWhecFeMox5FVZYgd4X8PesGi0yukYdGGcY5FU7hSPvduM1cBIYEAkinTqJ4964BHUYqbXAy0LDg+uauxzB0O1D5vcKcfjVN0IYhhx60sSFSzllUDpnvWY90dAji9jKucOgAAPeqiK9pOG7fzpbadJwWZVWQccA8irVxJb+Qv2hxtbuAcVvRrODOarS5kQveiJVbgqxPbpVO4JWTzLdwG7haiunaGDEYWW367qqRXmOCAoznivUjNSWhwxoOGxv2moB2Mcu1XIBq3fIJrUSAjzY8j6iualmWb59wLLgE+tattJKkKbjuVhwf6VRMopaksN7uiVZBjHyg09b0wN1JKnBHY1SSFfMzglCcn2p07RuFJQ7NxBbPJoDTodDb3CXMO9Ka7ZBB7Vnac8calYGJB5IJ6GrbvuG4HmptqO4wkg9eKa7ECkMgAyfu9/apBtdOxHtTIkU3JzxTN5+tTumOlVZMg5/OtEZWuxk6ZbcmB6iqoujAxSQc/qKtZ5x2NUb942BWThx0NSzek7uzJjPDKvDbX7VVeYq+H61nFiD1pRLuG1+R2PpUnWqVjSNwRhWOVI4aqc7YJO7DD3qGOZtxXgg8H3pLhgy7wPl6EelK4407MUTbsbSQ36Gp47lZVMcuAelZZYg0u45z3oubukmPuYTDJg8g8g1DjNTiffHslGR2J7VCcqcUFxbtqIaTvQTim0XKFP0Ip8ZXYysMdw3p/wDrphyepozg8cdqQCkkqF7Ckwc9KM0vSmAUUUUALSUtFACUgPXNLQaAAcUYoFFAAO+aMUtGKYhKB1paUY70DEHWnjI4PT6U3FKDQA+Y5YZAGB0ApmKOtLSASlooI5oEHegdaKKBjgQDzkj2pMnPFJ1pxHY8UhWFUkEH8adI5kbPTjpTccZ464owdpPpTFYB7jtxijtR9aBQA7HApQKUDPSgUwFY5CjAGBikxxQeBSr1oARVLEBRk+lL9aUDnijGOtIQgqWEDPNMA9qklUI20EZHX60AyM5JpaQZpyg0wBeDxTxSKpPTmnLjPOaZLHCnHk9APpSAU8dKZIsS5JzTlBzxSxjmnJwwNAmaOjkkuSeOOKvXi75VwcEg5qhpny3LLjhhVyUE7jngHFQ1qIiuURoo3UHjg1HEu4lhjK9O9aiQq9oqEgBuTVSBFbCJgH19aQE0A/dg++atKcHGBk8mogCmE7jrUkY3vx9KEIvw/MUVegpt2S0+3H3RirFomMcc1DP8105PrVR+Ih7DoQcitS1U5FU4E5FbFlHkg1uYTZ0Hhm0FzfRIR8o+Y/QV6C3zEBRWD4QsxFZtO4+aQ4HsBW25wcCuSrLmlYKasriSgISAQT6iowhbk1aityRufgU24ZEXJ4HpWPN0Rso9WVGIjBY8HtVB2OafPKWbJ/AVWZs1rFGU5XEdqhJ9aVjmonarMxHaqztmnu1V5GpoBrt6VXlfHFPkbHA61VkOKYDXbiq0jU53qtI1MYx3qvI1Pdqgc00FiJzUTtSyPzUDGqQWPLoYy8mM1ZRQD2qoHVACDmp1mL4Vh71xJH0akShOdwwQRT1JVWIGeDnBqPzVQgkcVTluC7HC4UnHWnsNyHSzMW6nmmKxLcnOe9Rkk5zn8qRHAYZ6ZoJUmaIAEQyefpVRwQeCDTmuRnA9MGmq+4ntmnc0bTFjAyC2SB1x1p+3ADZA5ximHHGG6dabuJztoQaJE4YL6EEVIgG4jcCPUd6rhS3PepITtPOQatCUiZjgkdRntQkrBsLnHXFBUsARSKrA8c1aKb7GnbTpJjIx7AVowKZXVYwMnpWHBuU4C5Fa+nxsZ87gAvJNaRZrFux0sERhtxGQM55P9KjmjAj3Z79M9Kqy3bQRgnp71C16sgyCSa2ui43W4+Tce5q1p03l3ADZ8tvlaqBmVsA+lTRNuXIyfaokuZGdSPOrM6NI9su1sYY/lWfqqbUKOOV5Bq/p8omtMsfmX5W/pTL5PtFuyj/XJ6964JxtdHjSXLKzOVuhuTn6iqRBDHitCaJl5A4/kagZVYEEnd2rkaLRRPPPvjikiO2UqDjPTPellyj7hUDkpID1rPYdia5WOR+YgpI52nvVMqOjDIFW1dWT5vXr1x9aVmTzF2xKCevJIoauIpeWY2DRk49KuLIJoyroAMdv50s5jERxGqkcHaTwfxqKSWPO7LMOMEHBqXGwmUwZLedlX5kPG3sRUd3Yh1861yeMtH/Ev+Iqe6kWUDC4K8dOadaRSyESQttcd881pTqODuhSjcyASp54YVqadqkkKmKVRJF2z2+lOuI4pZCt7GYZscSqvDH3H9RWfPA8B2uVIHIIPBr0aVaMzmqU1Lc3YrlJSCjDacjFTwyID5brhvWuYWbAA5BHoetaVveCUJvJ3jj6itr3OaVBpaF4I9tdB1/1bnGRWkHO0OB9azbW6WTMb4yPXrVqF1VyH+VW4/GmYybvZllgHUjseoqlE01pLjBaLt7VOHEMmxs4PKmiRd2R/FSKTsTFxIvmKevUVDIAQagjdom5BA9BU5AcblIHtTRm42KjqUPrVPUYDJGJIznHUVoSZHBFUZwVyVz+FNl0207oxXBBORzUTHFarAMRvUGqV3bFDvTlKho9GFRN2ZV3EEGl807yex6imkU3rUnRZMcyj7ycr/Ko6cp2nih8E5AxntSGhtHNGKKYwz60spXI2rjAx1zn3pvXpTpI2j27wRuAYZ9DTuIZRRRSGLRR2oFAhaWkpe1UIAKDS9qKBjaDzS0hpAFGKWjFAAKXpRS0xB1pO9LRQAUUUUAL2xS96QUvbmgBTz1ptGaKAEJooox0OaQDlJJLFucd6MUUoGaAFFKvTnvTc0opgGDSjIII7UAU4AnJHakIXJJ569aAPWgUopiACpVWPyWJz5mRge3eo8e9OxSAQUvv1zSgfLkkUpJChT0J3YoQDrdQZRkgAcnJ9KbM/myFvXmkYckAED3pBmgEh2OQOvGacBxnPNNUEninLTQDgM05RmkHXipE46jPpTIbEAp/J5NGKcvSmIUClAoFOApiLuny7XwRycYNXXH3xnILVUsI/wB4rsPlFXc+Zu5Awc/zrN7kk8TBbV1YnjpUaRFQrJ0680s7GOGNQRk8mpEffAqgdO9IYqAlmJ5PX8au2sf3W/KoLdPyrRt48nA7CmIlRvLUk9QM1WhGSSep5qadcxnOBk4pbdOlaU11M5suWydOK6HR7Rri5ihjGWY4rJs48kV6J4Islhje8lXLH5Ywf1NVUlyxucz952OhghW3tkjXgKABT0CIN8hwO1LNLk7mA9gOlVZCXOWP4Vwas3Voiz3jknZ8q/rVCaUuSWOafKwycVWc1aikRKbZG7VA7elSOSahbitERcYxxVeR+aWVutV3aqQgdqgduaHaoWamA2RqrStipZCACc9KpyvzTGMck1A5x1pZHqvI2aCkhsjVBI1DNUTGgdhjmmd+etOx82Bkt6Ux22qT3PcUcw7HkwJz8tWYCpUl3wQuV4zk+nt9ag2jIwcdgaHb5snJ/rXKtD2i1w2SMHJqBgEkPpSxuCM9qcwUjGO2etUWN35ULgY6ccVXZceuO9TMGC8DgdaiG5yFHfoKTFJjVHIGferSKMDBO7vjpSRwknng1ZFuQcgGrSErjDBxn1PFK0QHAOatxJyAR70NGpPX6VdjRRZWjUYIPQdqeUz93Oac8e0/KaswwEqcgHjHXFJIepWicg88ds1YijDt3z2pFhIbjGOpzVuNcY64HPFUjanG71LFnCqqwYDJGMnjFXYIvKUkA4PvUMBJBLfrVoA5GW61pE67IqXbnbxnGMc1UKnO5AfetC5VduAc8c+lRW8R3eop2Jcbsjtg5bHqcCtGJ1iVlI+bIGc9KUW+PuZ46VA0bK+08HpTL9noa2l3S290ATmKT5WrVuw8VyGHbr71zUKMTjGce9dHAWnsl3/6xOD/AErKrDqeTjqLj76KN1AhDHor8j61i3MZjkBHauilUsGV/p9DWXNEHTDDnoa4KiOKLMaRN4II96qSowUjHStFlwSM4IphjDpuB6cfjXO0WZinDDd0PWnFg6FWXHPBzT2gJY7GAI556GonJGdvJx09KQE9swGWBBU9Qf51Wu4ShDgAKT69KLc/eGcnt61Zj4kOcEFeSaBbFee1ZERzlkdc5x0pQ0kHliMh1xvA6Yz2rVtGZcxy5MLcYP1rXk0+zkt2kniPyrgHOMVap3VyHLuY92pu7JdwXJA7Yzisy2gWZ2gl3BegwMnir9zJBB+6iwUX7uD781mtKI5vMTKv9c8Vndpj30KN1amFcqMoe5qGKFi42dc8A8VoPLuZy6kZ6ioGjXeDD35wfWuuliOkiJQsQl380tgBx14rRW8/0bc+Tg9vWqMrktlzgj25FLCjNHIoIJboR3ruTvqc04p7m/BcJc23IBP8qlQrKgZG5HHPWubtJmiOADn0rWV/LIkTJRx8wpnPOnysuTcoWX7wqqJwDg8etSSXCjG7gMKybubynKjJU9Ce1FxQg5aM03nGdpwRUTbH+6QDjvWQ9wWKlTwOlOFyTye3Wi5p7BrYutGQ2dtLsBHT6j1qkNRwSDkilj1JAfukfypXK9nNdCG8s9oMkQyncelZ5HNb63CS5aLnHVfWqc9mJGLRY56ik1fY6KdVrSRlkEUAZ4zU0yMhw3GKg6GpZ0xdxDSfWlpDTLE7jFHajvRtOM4yOmaQAKWgUp5PQfhTQhKBRQKBDuoopBSimAtFAopiFpKQUtAwoooHSkIMUc0tFMA7Yxz60UuKMUgCgHFFFMAopKWgAooopAGKKWimAdKM0EUtIAHtS9etAFOAoBgODRyTk9zSgUuKBAKUUg496cPpQIft4HI5o68GkApygYOSc9qYAc45444FGF4wT7+1Kee/FJiiwh0o+Y/45pApwT1xSn26U4/dABOKAG4pQKUClAzQgFFSAUiinqPSqRIoFPHGR/kUKPWlxTJADNOApVGM5GcinKO+aBF6xJ8vnkA8VNCDvf1zVeElYc56nNWgArqwyAQDUEtiXDFpzge1XbaLfgc8DJqqyMkgZhjNalumyMA9T1oY7k0CBVJPSrVkp/eP2IqB2AQKg5PFXFHlQGlYkgk+ZwOwq1bx9KrQJubJrXtIvmGa2irGE5GhpFo9xcRwxjLOcCvULeNba3jiT7qAKK53wbp/lxNeSLgt8sf9TXSE561z1pXdkKmuo08k1BM/anyPxwaqSHH1rNIbI5DzUDt6U+Q9ahY+taIkaxwKrStzUkr8VUkeqSJY2RqrO1OdqgY0xDWbmoXfApZHAFV5G4JNMpDJGJqtI1Pkaq8jUFJEcjVWdqmbnnoKrswBz296VykhDxyevpUEjdcdaV3JJNQSOQKRQjMDj5ue+KhlkLNjk9gKV22rVczFc470DPPTCdoI5HcjpTJQEHTDj+VH2h9oQN0OaawzGrFgSSRt7gf5/lWWh69xmemBirNqm88jgfrUESdCKswklduOlCKiNuAp+6MDvzUcS4Iq15Z3EdRmpBBjlCcYyeOlOwOOo9IsAEjNWVAzzyDzTIMAEMASTxk4qxuUxgbfm3fez1HpirWhpEaVUgEZ9OfWgoSvsTgZp+MjAP8A+upEXjpx64qjUgEQ9Dn+dSAlcZqxkDk4zioSpc7jgUhChdwz05qWNSD1HFPiRWiJBwwIwuOo9c0qLjtx7UGkJEsPyjPrVgEdeKpFz255qZJOTkA8YqkzdSJHyVwD9RUtr8h5RTx3qOMnBAwc8c1YhAOPUCqRorblpE+UN+vamFNzcgHinB8KVzwOwpvQ4qi1JFqyiUOpdc+wrWaA2cw8wMAwHB5yD0NZEDBCOnPtV92eXncTgckn9KvdWJq041I2Y67AQ7gM+vuKzrvl94ACnpWnEPPiKPywHB9RWXMuwtE3/Ac159aHKz5ypSdOfKzOvECsHUdaqRvskHA2t1BFXxyDG5HPTNUpkKkg1ySBEM6HcT74qoU2vjAG7vV3HHNRvHvXC5PpioaAqMn71XHy4HOBV1bRjIqsNrckHpVeIMSEB+bOME1O8x+0fOC3G3I/LIpxS6iZamUwWseWRt3Qnt9Kiu9S8y3WJmkA/iK96p3U2UKnL+nYiqjTqyFH49CO1W5dCVHuV5JtrYRgw9TTHb7zoAVPYdjUMgKkhsdPWoznggnisGjSxfeeK5UGQbHAxkDr9ahlRoxx17EdDVUFhwKmRwB8wPPHsKnYLE7QPICZQQ+3INVY5HhfB47kVfjlLAq/IHykdMf402SGOb5CcMOjeldNGvyaPYylTTK8rfKHjbknk46Ve08F1kQ/dxkGsiSOS3Yhunr2NTW8zBkKt04xXoRlzK6OWVNpWNIwu4aM9PX0qnPA+NkmeOhFaPDkSocHHQ96Y12jq6PG2QM1W5jGUk9DGMDqpOOhpEfawOMj09asG6YNtYDA/PFJIiSrvhOD6UjrUn1KVxHsPXIPT6VXNXJi3l7SM1Tcc0jeDugR2XocVfsb4xMFl5U/pWdg96VQT0BpXsEoKSszoZooruD5SN3Y1iXELROVYYot7l4HG0/L3FaJZLuI5xnt7U73MVek7dDIpVCk4bNaD6awAIcZ7VWmt3ibDD8aRsqsZaJkDKB0NNBOMdqkEbHoDTCpBweDQWORFYH59re4602jFLTAbRS4oxQAuOOOvegUCimAtFFFMQdqQUtFIAoopQKYAKKMUUALRRS4oAKMUoFGKBCAUU7FIaAuJRS0UBcSloxSgUAJSgUuKUCgLigcUUtAFAgpcU4AY96cowc96QDRz6dMdKUdvanYoFMAFKo564pRx2zRTEGMilVSxAHJPagCnLwRimIFRicYOemKUgjg9RUuGQBwSCelMxSENApwHpS4pwFCQNgoqRRSAVIBVEthilApwFOApiGgce9SL0GKQLUiLSETg/u1X05q4DiAF/TAqogyRV19pQAEE0miR6q812pfkHH4VrQICelVrRMuegwBWlAowW7CpYNjY48yZ7jipblhhY17cn60kT4G8/hREhZiT3qoq5EnZE9pHyOK6HRLJry6jhTufmPoKyraPGAK9F8Mad9ishLIP3sgz9B2FXOXLE5viZtRKsMKxxDCKMAe1I544pCeajkbjiuM2GO/pVZzUjdOagkNUkQ2RuaqyPxUkr1WYqQxYkegHerQiKR85qCRuOaVzzUMje/NWSNY1BI2PaleQAHIyfrVWeXdwOKCkhkj5P0qBiT3p+N3eoncAYXv3pXKsRv9agldVOOvvTpZNoz1NUpXJY59aBodJIWB9KrO3G49KHbJwTUEz5O0dKCrCGTkEjI9Kgkk5yaViAMk1WdsmgoSRic1A7D1pzk1XdhzQM4Nm4zxnNLEfmFMdsnke2KngOFZe57+lc63PWRYiJClQcBuD71Yiix0xg98VXiOVxt+YdCKuwkiLBI2ZzWiNBERQ2GIwalXaExwCTjk0zHUkZHpjpQRjn730FUFx5zxjr6+tKmVO0/jUIYdO44zU0a/KCMkHrRuJPsWU2kKc5OOas42dfTI5qqgxng8VLFIcH5sDpimajn+YnikYAHaGBwOtDHnPBNNAPboaYnIswgrllwcdz0pSwK9gAOuKjQMTgH3NPUHkEGixSkMA5qVFI5Jwe2aVk79PSnqp3A4/GmkaJkkQ6+pq7DEWAwPf6VBCnHC89Pr+FWUYBsjgelWkXz9ESPGQinjJ75qNOpDZ+tTI27IBp+3POOe9NJgpPqM3Y6duKsW8qqQGqswCD5m5PY1Cz4J5Jp7HQpXRr3E8SyB7Zmx15/lT7yJLu3W4h/EehrD3ll7mruk3ghuNj/6mThvb3rOrHmRx4ujzx5luipcR5+YdahaLzF7ZFb19biGQ45V+mR0NZUqlXyVwfQV5042Z5KZSa2byXYclRkj29RTdNk2zqDgbuOa17PBJPfB49u9V59OC3SSQvmJuh9PapS6gzM8RWxgu1kiXCuMjHHPeqXmfuFDH506HHauru4Bd2RicEyJyuPWuYmjIJDdulTUVnoEXcjlCTJuI/eNnOP8KoXMAQNsYHHbvU8gKMCB9aZLL5rZJG7pnFZ3KM98ng/d6fSmhc8AfrUzqdxA/OkjAVhuyKW4yNY2xk4x9acIt29gQFUZJNWpiEjjMZHTkkYqOJTKrDcAuc8nGKGhXKp35wDwORVqCXeMOcSdM+tOMSPGCrEtjof6UxLVyNyDPcgUguid13pskXj3rOntzEd0eSo6+1XkuWHEiKwHGTSRSCdivCk9PetKdVwehEo3KUVyy8EkgVciurdpNzk7z1JqvPaktlB+FU3jZchgVIr0YVYzWhzTpJmnqiKIAyIMZzuX0rMSfyydvQ8YrQ0y4SJWjmfKN7ZxT7rTYZvmtG+b+72qyIyUfdkZ7TI4AIqvKgzlfumny27xnDqQRQoZCAR+FBvG0fhKxB5p8EjxSK6HDKcg1oKI5MfKBTjZxsRj5aVn0G6y2aIdTRZZRJGgRyAXUdM46iqkDtG3BwauT27QMGHKngU1rdnXeEIBPXtSclHcUXdWJftgaHHRqj88vgScj1oS1bJ2spwCSBzTHhKx7uq561MakZbMFTSIZDtc4PToRTGYt1JpWGDTcVZugopQKKYCUmKXFFACUtFFFwD6UUUUXAKKUdKMUAApaKWmIKMU7FAFFgG0tLQBQAoFGKUUYpgJSU7FJigQlGKcBRikAmKUCnBTS4oBiAUuKcBTsU7CuMxmnBacFp2OKBXEApcClHIpcUWC4mKCOadtxShaAuNxntSgU4KSKUDimK40CnIoJAOB9aUCnAUxXEPJoxTgKeBSAYFqQLShaeFpiuMC08Cnhadt4oENVakApQKeBTsIaBUqrShakVaBNiquCKsQrlx70xVzU8KHOaCbmhaoTuwev61peXthCg8twagsFxGpxx1qdnO8nsvT61HULjGX95gdBxV2CPgVWt48tzW5pNk93dRwxjJY9fStVojCpI2vCulC5nE0y/uYz/30fSu45PSobG2S1tkhjHyqOvr71M7YHHSuSpPmYRVkNfj61BIwHWld/Sq8kmM+tJIGNeTJqvK/pSO3NQu1WkSMkaq0hqR29KrOc1Qxjn0qtI+M4qSVuCAeKpSt7/lTEIxLnA6mo7pRE4Tdk4yanhdYAZWGX/gX+tUbiVnfcxyxPJqb3ZaVkNkcKMN/3z6fWq7MxORmmyNlj3FRs/X1qgsRSyZbH5VXkfGT1Jp7DgtngVWfJOc8etBSQxn9PzqNmwDnHtQzDt0qCR6CkMkbJqBmpXeoGbNAxHbriomI9qHNQu4oGczaraq8IuEYjcDJtPUegHrTtRS0W+mGnmQ2m8+UZcBtvbOO9Uy28jb6fnU0YJAA5qOZNWPSUbO5LAoyF59a0FBWLCggDrVaHjLEZwPpUnmkJgHgnmjY2iOUYbByy+x6ikYA5I454B5peDgnkfrShsEMmcCkmW4iIit1bB96mT7uccCowDndg5zg+9WYlJAwp3dvetIohaDhgoAvX+dMGUJLHvViIcZ3BR0PGccVUkBHI/I802rDbuPL7jnp6VNCC2P5VTXLFffgdqtRPt+X+L1FCJuXYlB5Oc1ZWNQoODnPp2qtAMkc5/GranGc9D6Uy4jo4zI4Ug8DAAqxHCqc8Htg8VBFMYmyhw1P+0blUBcY9qDZNDMsj5BPHPFDS84H54pJMKPlJPr2qIEE/MB0xxxVJmiRoWcgIOQOKvbkC5xnj16VjRvsAIIP9KeJyeCatMOW7J5n+Y46elRpgrgjk9CelNBHUnknpUiFdw35A9qRrFjC3GAMHv71GrYbGOadLgkketRKrBgQKljbOl024F1aGCUZdRwfUVDNDjKY+b+dZ1u7xzCRMgjkCt0lbqHzlABPUDsawqU76nj4qj7OXMtmZcaFJVdeO+Kvwxq75bIPUDsaiZcgjB3Co1uPLcLIcYNctrHLcsXqeXIsqgqMfrWTq2niRPtNsMqRlwOxreYie2Ixu7/WsiO8+zysMgxngqex9KJpNAjlZMjggbTxzVGQbGI9a6q6sob9HksiBMuS8J4/KubnRlJR1KuvY9q5ZKxqmQqwxzwfWmzrv575zScA0HryeKi5REGJznJx2qSMoBhsjvkDNIwDY/mKQocAg5AouFiV5QcMEQnHPp+VSJcy7VjR9qEYwowKgbA+7xkZoUheoyKdxWEu4yHOcD15qIRSIysBnuOetWWAcDOAen1pJFjRVO47x2FIEI1wzIh2qCpwferqQJPD5ihWyPmXHQ1nMM57ZqS2le3YFSRn9aadhOJHPZKWzGSpPY8iqmbi1kyNy9s9q6SJoLiLLff9R/hUU9gzR/dLJ9K6aeIlHcylTTMX7aZBtmGfemXEYZVaJgatT6aFYkNtHoaYkCpnDnjpgVt9YgZ+yad4lEZz2BFWIw7Al22gdzT8Eyb+p/lTeWPfPvWVTEvaJp7O+5IblAFCruI7vzULyyOuGbPp7U3ZkgDj3NK1uC3ysCPauRtt6migkaGhIftJkO0JjBB6fjTtVhjF3sXAVlGRnoaWD/Ro1BOQ3zH8qrXpy6NgjNdGFi3LmIrPTlRBLagKD/D/AHqpugVuDkVpRylhhhkU6WzSWHdD94ckV6BhCo07SMnbk8ZzSMCOCOasLA7NwDUcqEMc9aDoUk2Q0U7FIRSKEIoxxTjQBTAQCjFOxQBTEJilApwFL2pgNAoxT8UYpgNxRTgKMUCuJilxSgYpcUgEAoxTsUAUANxRin4oxQAzbTgvNOC08LTFcZijFSbaNtMVxuKUD1p2KULQAgHNOxSgU4CgQ0Cn4AApQKXFMTG4oIp+PSjbSsIbjilxTwKUDiiw7jVFOxTgtOAqibjQtOC04LTwtFguNC08LTgtOC0WEIAcU8LShelSKtVYVxuynqlPC1Iq0CuNVOKkVacq1MiUE3GxpV2zh3Pg9KjRK0rOPYm4jmpYE20RxjHfgU5V4Cj8aFy75x8o4Aq5bQbiPU0ooicrElrB04r0XwxpQsbTzZRieQf98j0rL8LaOGYXU6/Ip+UH+I11bt1xxWdWf2UZxV3dis4FQO3WhmqFmJNZJFNhIwwfWqshqR2qvK1UiWRSNioWb3pWbmomPc/hVCGyHiqshxn3qV3yCWPFVJH5OOtMYyV/XrUYRfLeR+g6D1NKFMj4HUnpT9RMaRpArgBeTjrmpb6FJdTODM0hdzVaeQFicfhS3D/vGA4A4qq7dhVIYhJNQSNj609zgYquzZPtTBCMS3eoJmzwOAOlOd+OOlQSNQURSP2qs7U+VqrO3NA0I7VA7UrnioWagqwjtULN1xQx96jY5+lIpI5SLjJwcirls2xhkZ56GoFUqSPTripox+PvWMND0ix0xhgTnmmFmVznjtilTI5z0p0iszZbvySe9W9Skw35Gc1KJCTg9BzimOhjYKM8qCcrjB61ZgiWVvncDqc4JHSmkHMx0cmQVPC9cD19afFKoBy2MdMetRiHcDgEt2/rUHlMXwGwD61eqE2WjNk8kZznrRIowp9smoUVVXq24HA461IrljlgSego3DmDHAK/e68VMq7SrdPxp6iMKGIIGelJ5yZIQZ544qrWJU7lu2BZuPm+lXYxjggn8Kz4JPmCjpjtWrZgtt3AY9TTSNY6kJGeTwacp2qSQDxxzWjdQQrzHJvXjBIxz3qjKu1goAHem4midiAsTz15qZVP3ht59ah4LAKM89jVgSMV8vjGcgGixp7TQhLDPPrT/l2qQeSeRjt9aZdW8sDI0sTxrINyFlIDD1HrSpt5ye1CY4y5tiaNxxkDHpS5VhnoaixjBHak5PI5pmnMTKnzYJq5Bbs0Zf8AhBwcnvVWBz1JzirqyALhaQcwzywuRirthM0TgHlDwahEe98881ZjgOTnGR6Ubk1VGUbMuTR/MGU+496y9SjO0vH06MDWjASFCN+BPaq90hQ46g9R6VzVY2PGqQdOVipo14wkEEhxk8UniKwYIbiM/Ln5h6e9MWzBn5ba/wDCegq7czyR2wWQEAgqSea5+lmSctBMyzhkYq46HNb1o9tq6mG/hTzcYDjgt/8AXrBuY9j5Xp6itTSFhdoyZTvyCBnHOfWs49mU+5FeeFwEne2mYsg3BMZz7ZrlnUjORz3r1oLwro3bBrl9c8Pi6kaexIDnl06D6iidG+sRQqdzigMd+KVRir99pV1ZxJLNHiNu4OcH3qiRwM5rncXHRmyaewo5wGPsKVU3EDB9sUqJuGTwBT1IVcqcEetITIWUhutAw2Q/4GpMBlOOtRkY70CF2AJ079aa6nb6+lTqVdcHio3jZUyAWXPWk0NSIoXMTBlzkVtJq+IwGgiL/wB45rIiTccnGKkKBfvZz+lCGya9vGumy21RjoowKptzGc4/OlfAPOOaRhxlelXcXKRbRnjqfemsjhd2CAeM4qRRzin7VK8DpSCxWSMk8ZNWLeNvN2nkE/WhAMY6D1q5ZOI3U8ZHAJHFSxkWoKFcBGBwOnSoZ2DLH5npVi/AkmOzHC9Sap3L5RAB0r0MOrQRy1dZDmjRl/d8GmxStAdrL9OajicjgZqVmEnDqfwrpMbNaMbLMjEHOD0OKrSSLuPGVp0sJXkcr7VCRRc3hCPQY4BOV6UzHNSFaTFBqM70Yp2OaULQFxuMGnYp2OKAKqwhAKXFOAp2KAuNA96MU7FLigQzFKFp22lxQA3bSgUuKcBTFcbtpAKkxSAc0WC43HNKFp4FLiiwXGgU5RzShacBimJsbijFSYpQtArkYWlC80/bS45phcbinAUoFPAoENApQtP204CgLkYWlC+1SgUu2mK5FtpQvFSbacFoFcYFp2KftpQtOwhoUU8LTlWnqtMLjQtPC809VqQLzQTcjC1Iq04LUgSmA1VqVFpypUyJQJjUSpkSnolWI4qTENhjywrQC8ZHToBTbeLHJHFWo49zACo3E2OtoOAcV0vh3SmvJxkYjXlm9KqaVYPd3CRRL17+lehWVtFY2Yii7dT6mlOfKrGL95koVIoxGgwijAFQucmnHJqKRgOlYIoTI71C2aVjnk9KrySE8DgU7ANlkxwKrO2ac7ZNQE8GqsK4jtioJH9+aJGqu7+lMQyVieM8VXducDr2ApztmlZ4re23nJnf7o9BSbsWlcieUW6cf61h27Vnhth8xySewzRJLli3U+9VJH3HJppDEkky3pmoic8+lNYgnNML+vSmApUsTj8TVWR/alklLHHO2oHbFAxsr5NTWdqLhJJJJBHGnf3qnI3WoWlcrsDHb1xniiwxLnaHYIcr2NVpmAwFH4mnSNz61Xds0FIYxzUDtj609zgdahfnpk0ikNb+dIwA69fSgtgf7XrUTNSKMK32qzFgCMcZqRWBIz8vGOO9RqCRjHIpONmSeQemKzWh6BbeQuVJHGMflVi3jDkAEAg9zWcsh79TUglOz5cj+tUmNGjcFGJKLjjHXPNLEQE6kHGQRzis0SsGGfrircUgBBkB2g5IWrTQN2J45ChPJ3Hjr1qNvlOeDjrUSyowbHXPC1IiscDHJ6YovcXMEWxnO+TaME5IznA4H9KYJPnyATn3pJ0Kn7w6frUY4X5gTnmkmS9Se4kkdVfaqgcADpTbW6MHmAhGDjacrkj3B7VAz5cckgd/ShcMQQpyB+dDbuK2ljWlvlunjMUEUAVFUrGDzj+I5PU96vQXXlrjdwf0rAt32liTmr8LHrwc1UZG8NDb+0F0O0nHvVKefOQTg9c1FHKRgluM/Sm3DDblQOffrVORd7slimPBOakWZlIx+tQREbRnJ9BUw27iBz3+tJNlF261G7v44Irm4kkSAbI1c52D0FRoQGIbkjpUcfLDHJ9qXbz0Oc00EUlsTMQAMdv50wuM49aCwCgA/Wm456g4702zS5MsmwDFXLOUeapkG5QckeorPI3bQoGenXrUkB2k8/hQmLmNlXBfK8c8DParqykRDPJHTFZFvIwPJ4rQFw0qRoSMKCowMcZzTBu5YCvKxP8ACD61KhDgoceisf5UyMhRjOQfSnBATgZINEo3Rz1IKRFc2xC5xhhWdchzF5b9B09jW2jccjIHBz3FQXUCuvHKEcH0rhqQaOFxcHqc3syfmGT3qrcIbdy0X3eMitSeJkkZW4I6Gqc2MYPJPX3rnasUhLPVri1kV0kLRHGUbsa29P1YXMhJBC7hwOo/xrmZYuTgfhS2U72swcdB2pxm0Jxud7LFHPFsZFZTnKkZrl9R8MI7SSWkm3/ZfoK0bHWImiVnJyMcAdK1Y5o7iMPGVIPat7RmtTLWGx5tcQNbTNFKPmQ84qqzAtx0r0bVdFh1JVyfKlAOGUdfrWE/g6crN+/TcOYwAefrXNKhJPQ0jUXU5eMgZ55H60FcjPb2p11bS2szRToyOOxqIHFYWa0ZY5Dt4BFTnGB5Z+UjBGO9QhSeQf8A61TQqCPm9apCZEoZJCV9elSupZc9+9PMXJOAcc5p6cAE80NDUikY+OmaRVxxVyQDAI/KoDj8e/FI0TIGT1/SnLhMHqfpT2xkU0HrjnFNCkPY5GPl/AVJbxjzQwAAHbNMQAn3xU8Pygk84HekyCtdqC42nqKgliQ2ocZ3d6tyEP1GD24qJkJtWwOhruov3TCppIoRHDgkdK0AySocgE+uMYqkgAb5uB3xVqAQ7vkcj2NbowqdyObfDjALL6kVSkO5iSAPpWvKj4wV3iqM0GMkAj2xVWLpVEUiKQipStIV4oOm5FilFPxS4piGge1AFPxS7aYDQKUCnAUoFNA2NxSgU/FKFp2FcjApcU/bShaBXGAYpcVJtpdtOwrkeKAtSbaXbQK5Htp2KdilAoBMaBzTsUoWngUwuMApwXmnhadtoER4o21LtpdtFguRBaeFp4WnBaAuMAp22nhadtpiuRhadtp4Wl20CGBeacFpwXmnhaaEMC08LTwtOC0wIwvNPVacEqRVoENAp6rTgvNSKtMQirUirTlWpUWgTYiJU6JSolWI0pE3Fjj9qtRRZxxSwx5q7DFUsLiRxDgDpWjp9k8sqpGu52PAotbcu6qqkseAB3rt9F05bGHc+DOw59vaocrGcn0JtKsI9Pt9owZT95qts3PNI5qJj61je4kOZy3sPSoXbFJJJ/kVWd/SmkFx8khPGelV3akZqjYnHSqsAj9M9qqyNzxUk0gPA6CqzNQA1z61XkapWJJwoyT0FNkUQoHf5m6Be2aL2KSuRFQgDy8L6etZ9zcGaQsx+g9BUl7cNcOB0jXpk/rVCRgvApJdWV5CSOMHPU/pVV2pzvVeRqoBHaq7tnvSu1QM1MdgZsVC7UMSc1C7UDEdvSoHc9qc54yelQysFHUEn0oGkRu2DUDGhnpue5BK5pFWE2liAAST2FQzqUcq2M/WrYKnkSLGcknPYVQllBI6YHA4qblIO2TwKhkccimySZqBnzQUkVU+U5BwTx+FIU5wD7c1M4xyCMdKSMA4GTn2qLHWndEXlcqCBjuelBiGcZ6HtU4wF5xzUczqiZPXJ6UbFLUYY8Y+YZp0rqqBckEd854pvmKqMQwLHgLjOc96pSElsk/lUuViixE53jnIHWty/vbOcx/YrZrdNiqQX35YDk/jWHaFlDbnbyz1wM81JC4zuHp0qoS0IaLMh54yQORQoD4JzSowPBGD1B9KcrAdSAfatEguK8GVw2CSexpj2zIOoPTofWrKMoJyBgenSpZVLIrhRls8Cq5UzPnaZnRhgx6e9WYydwOR7U+XMjKz8k8e9TxQhFJ29uAe9Tym8JgzfuwOuO+aj5J7H6U7BJ2nFLIAvKk9cUGvMSQkk88GrO3GDjGeQapwSrnGDkdKshxjnv6U0x8xajcY+bB7Y9qlXHJGM1SiOW9jV+ALgE5/CqTLiRsN2SetOXKnrgkY/CpJAOdmfTmkVcjHNBq0RFST8vIFOi+Vx9e9TbQMnAIqMjBBximKxdDpxjJ49KmhkweM/lVGMd+cVYiYDjGPpVIls1Ek3ketTJMVIxwPY1QSTYFC9x3qVX5x2qiUrlpnB5FPhk68fKfvLn9ahTgf404Ag8ColC5E6SmrMfe2yypxjPUVhT2/BOMFeua6CKRSArdexqK9ttwPf1FcdSkefKLpuzOYlQEFehHeqzAg8GtW5t9p5GGFUpouMjg+lcjVi0yuB5RDpkrjntj2rR0e7eGQYGEPX8+tUkGM55B7VIiquQpwTyBTTtqgZ2ENxjByDntVtJwwxnFczYPuh+Z/nU+vSrgvUidQzcH+KupO6OZxsWNZ0+G/gKyqC4+6wHI/GuBu7C4tWIeJ9uTzt4r0KKdZV3KR+dJMqlGWQgZHA61nOkpalRk46HmaNirEB3EjIBq9rNsouPkMYQHqO3tWQ+FOUOK5OWzN1aSLRuCp4JNBcEA9DVYK3XNWrO2a6bahww5APSjcLAHGOTxUfuDU9zY3MCeZInyjgkHp9aqYyRjihqw0xWyM8HrTBw2MjFSfMDjkU7yzgnGfWgLirwoYAdxT4SDlCFA9aZz0/LFORiOS2M0hImgVPNXDBj0BxUtxD5QKqQQe1R2ykkFWUY561qNmSNTIFAHQ4roouzM6qujnpYHYnKflVV4WTPBrpJbYOpIcEj04rJuEZDypx712IwiytBcumA3IqZ7iM9cnj0qBgjHkYqJlx71Qezi3cSYqxyq4qPbT8UoWg2WisRFaMVNt9qQLTC5HtpQKfilC00MYFpcc1JtpQtNCZHilAp4WlC0xXGBeacFp4WlC0xDQKMc0/FLjNMBmKMe1P20uKBEYFKBT9tOC0AMxSqKkC04JimFxgHNPC8U4LUiiglsiC80u2pStG2nYVyPbS4qTbQBxTsAwLTgKXFOApCuJilxzTwKcFpgMC08LTwtPVaAuNVadt5p4HNOC0ybjAtOC1IFp4WiwxirUqrx0pypUyJQJsYiVMiVIkdTpHmmQ2Rxx81ciipYos1dii6UmxXCCLgVoW8BYhVGSaS3gLMAByeldlomli0QTTAGXsP7v/wBespSsS2O0TShZxiWUAzkf981pseaVjUTPisG7isDtUDv6USPmoHanYYjt1qF2odsVC5qkIC3Ge1V5ZiBx1NSY3BmY4QdapSNk0D2FzTevJOB6013AA/lUM0pJBboOgoBEst0sS7Yx8x6t3+lZsshc/MSaWRskkmoJGwKaRVxkjAJ9apSHnrUsrZqrI1MBjtzUDtSyNUDNzQWhrHNRtTiepPQU1fnYDOB3PpSGRSMF+tV3OFy3SpbkbZWCn5c8Z44pk0W23MrsAScIp7+9AEE5GAXbLenoKpsxkfaCP8KdJySTkmoi2EZRjJ6mkUkJGhkkCAgAnqew9asXskZRQmBEgwoPc+v1qso2oXJ+U/hmqs0hcjsB0FIdhjsWOaifilY4qJ24oLGucVECMnJxihjupjcZ5pFD96sFAGMcU0EKcg4BPWoWB4+YEkZ47U8IzR55IXk+1SdMY2JW+dSeODVKUbnyelSF8HBzmhVV93OGxxSlqXdIhLKEGN24H8MVE45yTz1p4U564FPmTCpxgketTYlsr+Y6rsDHZnOO2adBOFLZHB6cU2VADnknvxUaZEgK9RU6oaLiTsTnB9MUTXLSvuYnnjFRqrhTkjk5OKZI26QsEUAnO0dBV8zEWrWfEg3tgE4rZ08NOZCHUeWCxyep9q55QZA21TuzkkdhViwnMcmM8e9aQmZzjpoa1xtWTOfwFadvIkloM4DZ6VlSOHALYw3NQwTbnxHnpjFaXsyYu6NUqu4gheKqTjaCvDMf0qRmIiAwGPrmq2GYEkZFDOiMrkluV+Y4y3QYPSrZOVB49MYqhCpDc9KuIOhY9BmpiUnqTQkjr+eK0IDuI3HGe9VIxtwfUd+9Wrfk9Pyq7G8GW44huwfzz1qwUVcbR06+1IFAQEAg0m4qDng+hq0im2yKRCeAR+dQkFCc/T6VK/Xk/QCo5DkbccUAmOQbsYIJJ4qYnbgYwc81UQkHnt6VKHBx6k/hVIpq+qLUTc4Pb0q1EMCqUfB/+tVyJwo5XPFBN7FqNyg4Az7im+YwPHSmow79M54px2seBjNK5SEBPpzV+2k3rskHPYmqiKB949+9WxAQNwB2nvioauZ1acZqzIbyzDe3oaw542jcq647V1EMm5dkg59TVa8tFkXY447N6Vy1KR50oSpuzOTli2njvTc9Nw6dDWhPA0LFWHPY+tVXQZyBj2rlasNMbETyRnHt2q0rtLF8pBK9Djv6VTAKtkEqfammeWB8qcevvVKVtAcbluzvzCSMkkc4x1FaksiajYt5TkNjqOoNc3NMkkrNEcA8/Sltbp7eUFMgZ5HY1Sn0JcOpVvYJ4WIK7j09Qfemw21qQn2iaSJ+67AR+ddPbTRzPtYbeMlD1/A1otb29wDmNGBHO4UezTFztaHNrY6XGuYTNcE4z8wGP0qeN0VwlnCkSnG4jqfxrZh0u1gOY0CZ96f9hg3FmUjPdTQqdiecqRRC6tnScfMfvD1HrWHdaEUfFrKshx91uDXSSx/ZcNGPMUDJyeRS+bAzJKCFBGCMU3BSGpM4RhJEzLIpVlPQ00SHnHGa7O7sLaZt2Q/sRmsy40m2YOdhiK/3TxWTpMpTOfG3HXk1IR8gBH40+5tRCSUkDA9OOahy+0Ar8tZNNF7l/T41yQV+YL+dX2cbDHg/j2rKsWKSjgkn17VrxIxDMQcdTTh8QS1Rk3AZWOCRVd5XK4LE1pSJl8EcGq1zalDleRXox1RzOyepmSDJ6YqJlq4yn0qNlHcVRSKuDTqkZRngYoCjvTHcj5o2mpMD0o5pgRlaUCn4oAphcQLS4p2KMc0wEA5pdtOxzSgU0hDQKXbTwKdtqgI9tAFSbaNtAhmKUCnYpwWgQzFOC808LTgtAXGBadtp4FOC0CGBacBTgtOApokbigLTwtOxTER7aXbUmKAKYEYFKFqQLzTsUgGKtPApVFSBaAGgU9RxTttPVaYrjVWnhakVKeqUxDFTipFSpVSpFjoC5EsdTxx09Y6sRR0EtjY4/arMcVPjj6VbjipNktjIoulaFtbl2CqCT2xUljZvPIqRqWY9hXZ6VpsdkgZgGm9fT6VnKViWyHRtJW0USzAGU9B/drUahnqJn9a522wQM3PJ/Gq7sRSzS7j0A9hVZ3poYO9Qs9I71CzUwHM1RnLHHemsxJwOtRXMgiUDOXPUelMYXcwOI1+6v6mqe70600yFiOc1G8oUEDG71HamlYNxWOOvWq7k5JPNHmAZJ/Wo3dfvyfd7L60rgkLldpeQYXHAHUmqDye9LPM0hyePQelVnamimJI2aruac7VCxqhjHNQOD1/Wp9pLYHXsB3oWJi+CAeeKlsZUkcdDwBRC+QAiguT3pt4Vz1Gc87elVd7AbslRjnHekMkALsxyOTnJ7CormYPIADlE4UU9oCoRpDknB259azZX+Zip6+lF7jSJJpyc9BkY4FVXIHvTWbnik+9kHP4dqCrEczO+SSSAPwFV2OKklfII9T0quzAKSetIpDXPvUDMTSu3NRk96RSAn0pjU5jUbGkxiWoy3I3Ac1ac7Y8AkA9s9qowSFSO+Pep5JN/+PrTVrGzvchYEscEEetMdgv+Bp7EBgSMAcYNRuA33Rk9MVDKFGHI4xj0qxOqhUHGcdvWksYwXGTj1/wqaf8AesvCrkDAHamloS3qU5oDgE9xnr0pkUfUk81fe3MbMsjFWXqp60yJAHyO56U+UOYriJicA8GnrbFl3EcetbCWwK/Jnb0INWYIFSE5QE9APStOQj2ljmGQrleR/WmLjscNnr2rYuYEJK5II9qz7i3EJGHR8gHKH17VDjYtSuD3DCMKSPTHtSW8hjlB5yOlVVJHQc+tS2rESrkDJPep5rsq1jZil3MolJX2qeUoSNigc+tUxulmADZOO1WUUA7Tk1smEUPjiXdx68ZrQt7R55YooQZJH+VVHUnHSq9qoVxuBIHp69qlA5yD82fWqSNLliOMc5OD6EVo2aKSPkHTvxmqccEpg83YdmcFh0Bqzbvjjg1Zd2i5uyuz5c54PcioGygPH+NLux36nrjrTJrp5FRHYsqZwCentQHMyM85zwcUZGCCvJ4Bz0oU7RnOQO1RHr1GKRXNcn2jaDkHPGDUe0g9KerDAH6UjDBP160yoyYsbkHPpVqJ8nnIqoDxwD9CKkDY+bgZqbmhbDnkk8CrMTDGd2SOgqgJcgdB9KsQkAjJ470FXL4bc+7rk81rw3W6BYucZzj1NYcX3/lJwTxVtGwSTn8aCXqSzjDsMMrA5wadHKGXa/OajLeYc5yxHem8jPFJq6M5w5lqNu7UMMMOOx9Kxp7do2O4fjXRISRhuQajlgDoeM+1c06ZxTg4M5ho8A55FVpogUODW7cWZAynNZs0RUkkfWuaUbCTMcAoeRSkc5U8e9Wp4SeVquVINRaxRYhvXREXYjFT1I5rWg1OJmUHKPjoO/0NYKY6HjNKUKn/ADzVKbRDimdKt+C6gEH2IqeO7UttOefauXS5kyqk5XPUda1oyYgpJWRCMgdxWqlclxsaVzs27gwYHggcGq+5SQnTnqelSFUb5s8ketCxJwp4/GmSJHbMsxK8DPSnzQ9T8rA9QaXz2hj2lgwB4J7UxJvOB4xj070xHMaoqJcsqKwA5qouFXktzx7V009tHMcSL75NZ11p7EA2ynb0x61hODepakU9MjUz/O2FHPPettSAGViSnaqEdukIVXVlY8sR2NXIZAQIic7TxUcti+YqXilSGXNQxTgZDD8623tPMixxk84rMl08KxxkGuqnJmMkiKS2jnwUwG9qoT2vlvhjj3q5iWBsHIxUolDjDrke9bXIs0zF8jceDTTAwrXmt4XGUO0+1Upodg+8SapMpFNkwORTcVOy8d6YRVDG84xnim4qQCjFAiMjilxT8UmKoLiAU4CgCnAcUwYCnYzQBTgKom4YpMU/FGKAuMApwFO20oFIAAFKBSgc04CgQgFOpQKdimJjQKMU8CjbzTEIBTgKULUgWgCMLTgtSBeadtpARBaXbUgXmnBaYEapUgWnqtSBaBDNtSKtOVakVKYrjVXmpUWnKlTIlMVxqp0qZI6fGntVhI+lBNxkcVWY4qkjjq3DDnFJslsjiiz2rV03TZbuQLGvyjqx6CtDSNFafbJMCkX6n6V08UccEYSJQqjsKylO2xF7lews4rKLagy/dj1NWC9IzCoXfFY7gOd+etQO3vTXeoXemkMV2qB2od6gZuadhiu3FQO9Dtk4qGQ7T1yRTGKZSuSPvfyqpMSPvdasqyKoZ/mJ5x6VRuZDI5Zuvp6UluOxHI/Yf/rqEnGaU8A5PNNUruJc4Ucn/wCtVCRbtY4o42ubnJQfdU/xGsmeUyOWPHPSpbu4aXG7G0cKo6LVJ29KhLqzS/RCSN61Wd+eKczZBqFzxVAMLfNSM2OT1qOSQLwPvUQKzsQME9Tmi5RpWSbImmLKGP3cjOP/AK9Zd9MIujb3I5I6D2pb25MI2xuzMR83oKy5AShcnvgZqQAzYYkgH0zUEjtI+5+cmjOT7+9SWoQSgyn5V59fwoGh2quyhS5+dx09BWSzVPfTNPOzt1Pb0FVGahbFJCM3FNMpVCB3GKY7VG5oKQyRs8mo25BJNKxFMlbcRwAMY4pMYxhjkjiomOTUk8m9vwAqNFyeelIpDu2Tmm43MelOVS4OOF96RQBmk2MphiMc8GpQ4285yOBipdTs/sF9LbGaKcxNtMkJyjfQ1Wb2xj2oNk7jGILcnrmiHJJwckDPX0qOTOfmH6Um7uBx34qOoy0khVcAHntU6yF+vOBiqQcbAB+PvU8fIxj3xVpktFuN/MO5zx371LbKnO7cCB8uB1PvVUhhjcMNn0q5ZIry4LbffrWi3IextWiKYTxkkjGO1dP4c0iwv/tIvbxbVUiMis3c+lc7aJs6ZwePrV9QxBK5UdBW9tDmbMrV7RVZ9jBhyMjiuYukKkqRXbTwZhbPDHvXN36gSHzFDYG0Y45qJxNaczFRQr5Y8dqNmWyvFT+Xuzg4OelWYIFJwGH+NYqBu5DbNnAGTitWBc5OaqLF5bYYYxweaswkDp0rRKwKXYuxx4HtmpARnIxUYlGAvt2pEYZOOlXcqLNFbtzbiDcfLznA6U1Dgkg5x0qorKehzjqKPNGTxRctyuXfM3H1A9KGPJI6nrx0qt5uTleFPAqUEZ5z060XuCZKrAEbgcdKQsuclT0/Woi6bTuPzAccdT71H5g2nJOT056UXKSuTA5OM981OGCjAxk96pecXcknFOeTPfPGTRuaJFlmGOcUx5N2Kr7+BnOKfI8WE8h3Y7fn3LjDegpFc1iwhxxn9atRSH047VRjYY5AOKkSQ54+vSi5dzWt3HQcmravzycisqB/lJyPoatxyYouK5oIQTSsQeR9KhifKnjPFLG2fWmCZYjd1wBnjmrA/evkkhsdagjZRklck8c1NGvPHIpNBJRluJJHlc9/bpVSe2WTPGDWogHvmmSQB8suAfSspwOOpR5dYnMXVmUJIH4VnvHz8w5+ldXLGeVZfwNULmzV8lOvpXNKBkpdznJEGMEUwbl+63FaMtsVJBH4VWkhI+709Kyd0UQfIw+dcH2q3bzeRhT8yHofSqpGOvBp69PUU0xNXNpJVKgg9fSpg7EcfyrASRozlTxV2C8JIDZrSMrkOJosQwwR+dQhxH2NKsqsOCCTUch3A/Nt/CqIJDOjfK5BBpElCMFzgGs+SF+oYGmhtvBOBSY7GjKEkkyAuRxkdar+Q8Ugb5cE8GojKQPkJbHWrdpIsqbWJyPxqXqNaF+DG35uRio5VXoRzVdbuNPkyd2eh7Vd2LLCHU/N7U4u2gPYz7mBGUhhj0NZM6PE5BG4e3et5kDA1UuIc9sj071qQjKBB4wy/SmSwEjKsCfSp5Y3Q/ISQOoPUU2IsWwQKpPUDOkUj7wqMitiWEvGMqGrPljCdM/QirTuFyuFoxT6XFUmIiK0m0+lS4pQtVcCILxTlXipAtKFpiGBacBUgWl20wGYpdvNSbaULzTER7eKULUoXilC0gIwtPC8U8JUirxQIiC0u2pdtOC0xXIgtOCc1KFpwXnpTAiC08LUgTmnBaBXIgtOC1KFpwWkFyILTgtSBacEoC5GFqRVqRUqRY+apCbI1X2qZUp6R1OkdMhsjSPmpljyelTRx5qzHF7UXE2QRx1aji5qeGAnHFbml6NJc4YjbH3Y/wBKmUrEXMu1tWkcKilm9BXV6VoyQhZLkBn6hew+taNpZQWa4iX5u7HqamJrCVS+wW7jsgCo3akZzULt71A7A7VAz0O1QO2TVWFYHeoWah2xUBYZ5PFMLCu9RFs01mqMyDBAPXvQND5GCj5Tz/Kq4y7YHPt600tlsDj61dt1S3iaZxlwPlUjvSb5Soq7Krxrb5M3L9kB/nWfI4JJouZWeRmc5Y1VeTmml3B+Q6STg1WZ8k46Ujt+dQyyBV469qbGgkfnAOTUMj4o3YBJqqxJOTSKSHO34VXmkCggdaJZcA4PNUnf5v50ikh4cBufxNPhny7KBsQ8sQOcVUY8knr6U+JdxGXC9zk9qBsllkXkInLEEZHSq8yFnw/X7x9BUkzjzycjAGBgcVVldsZAwPSkKwkhVRjPIHOBVQzEbiOCeOtE784zmq0jcbfSgtIZI3U/pUDGnOcmoWNBQMajY0pPNRMeetA0IxqNzu5/DFDHNPKBAAT83XHpSuVsMROct0FNkIY/LxUkhYjA6VGoJ4PepAUv5Ufr6Co0O7lqcQCWyeF4GPWkQALyeTSY9iqGJYYOcelNdxs44OetRbsAc9achUq2/J44x60rm1iPJAOf/wBdA+YAdCOlKCuCT68e1TIjCJ5FQlOFJx0J/lU2HcbbBHlRZG2gsATjOBVoAJOwiPyhiM+oqmoJ3YBJ+napbd8PhmO3vVxYma011usVtzDESHLiYL8x9s+nenWMRQq/8Pr6GoBlI8Rjeh/ix+lXoHEiKCVj2gAYHU+5raK1MXsb+lnKIkiMVwW4PPTir0algoyPYdaw4JGhjYqQYg2wtnrWpa3KMuQRxwBmuhM5pRaLF6yqvlkAMP61zup2u49Qc9x61rXMnmfMfxz3qjLPGszNIvHULmiQRujA+yOuSc7fWpo44wh3kjbx65NXZXQnKDk/dzWVM373Ctj0NYytE6Yty3LTlTwh+XHehDjuaqiQDABzxT1kztPTHH1qbmi0Lscgx85AA74zT0bfjI4PNUZJGdVACgKNvAqSB8dcg0JgWweSRz+NSIexxUJcNnOAKerlRkHpTHcuHAA5GT1Ao83AJGOmOvSqfmkc9cdqQyfKeR0o5ikS7yxPODmnFiOM479agVgWBz+Xejdz/Olc2iyUsPTn8qdGxHU8DqetQg5OSQKcXYgDsOgFCZdyVWx1PbAqSLjryKhQg8kgH6VLnA9c8+wqhNkm48d/Wp45PlxgZJ69xVZWBOeBn0qVsAlVIZc4BHGaQuYtxtk8GrsTY6dfrxWZG3PH6VfiOADxzzTTHzF2JycD+VWUOSOmc9KpxvjnIqRGORQO5fTrx+tXI5cKqnB5zWfG3A6+lThznnrTFe5dD5IIxUiEZ5PWqaNg+hqxG2eTzQO5YaFZRhuR+tUp7Jo/mHzL6jtWjFJjpUm8HtWbimYTpqRgvArjDcH1rMurEpkqAw9RXWz20cq8fK30rNuLV4jyMj1FZSpmDi4HIywgk9jVZo2X3HqK6me1Rwdw59azZrMrkjn6Vk6YKRkAbhihCUb5quNDntzURTacEfnUtNDvclEihBtBb9DSJOjjknPpUBj6EHFRNGyc459RRzNC5UXuGH/16ieM89xTYZnYYYBqsYBHAx7VadyWrFPIVuDilWd0fKcVM0QOcj8agaA9jmpswWpddRcIs0YG4cEVLplx5cgVzgf1qtaDYCrcA9M0s7BJgUGFPWk+4XNmUZwynGagYY75qa3nSaA56jsKYy5PWtou5DKUwVjzWfLAQ2Vx9M1sGLPbIqNoAT3qgMgTMgG9Dx3qxiK4RdxH5YxU8tpnIYcemaqTWzxt8vK/WqTJIJrFk5Qhh+tV/JbuMVdAcHCsfxpzhs/MM+9UgTKQhNNaPaattGRg9qbj2qgZWC04JVgdaXAzz0qhXIAlKEqbA7UY9qoVyMLShaftpQKAGhaXHtTwtPC0CuMC08JTgtOCmmAzbShaeEzTwlMQxVp22pFWnBKQEYWnBKkC08LTEQhKeFqYJUgjoEQBKesdTrHxUix+1MRCsftUqx8VOkXtU6w0CbK8cVWEi9qsRwE1bhtiSBjmlchyK0UPtV+1s5JmCxoWJ7CtnTtBkkw1xmNPT+I10dtbRWsYWFAvv3NZyqJE6sydN0NYyHujk/3B/WtsEKAFAAHAxSMc1GWArJyctyrWHFqjZ6jd6id8DmhIB7vxULvxTGeomfmnYBWJPXj61EzdfSkdwOvX3qrI5B+b8RQMdJIMZPQVWd8nrTXfJOahd8fWmA8uT3phfmonkxkk9Kntoi2JHOB1A/qaG0hpXLlnajh5cZxkCqms3TF1iXiNew7mnTagkXyp87Dv2rFnnMkjMxyzc1EU27suTSVkJI9QM3WmyPjrULyYHua0uSkEkm0EjmqxYkkt1pJHySecdKiLUih7vjrUEj8c9KGORz09arSyjoOlIaGyNk+gqAZZ8Dlj6UrnP1rX8PJG3mnrN2JHQUnoW3YyUjYkqiFpPT0qOYqpKb8nHzEVra3OtsDHFjzX+8fQVhMroBIy5Ujqe9CEncSa4bYFGBnr6mqkshPvSMxdmJI9aic4HWgpIaXOajc475pGOMknioGcZwKCrCu2ehqImlOTSNjHHakMaT61G3SnE+tNJIBxjnigY0cHJ7U3LYZ89B3p4xtO44HU1GoEiuAAOQcn0pDEj+9zye1SqAoPc9zUf+riOzk560yF2Z8sSQOT2pD3EkXYNuOetQmUn5adcuCxC/SoQjFwuefbtUMaXcqoMvgkKCep6ClyccZpBgBcjmpByoGAR/WhI2bCMcjHXrzTstgruJFLHzkHAyKnaFlgjZlHzdPUimok8xAvyocHg9RTox0OQB3zUsgDyZUbAQAB1poA3EAEr/n+tO1gvc0kkU2iKufM3Ek9sdqtKwRAMYPrWVbSKsiBjuHpWnMriFVxt3DcM8Fga3TujF6DTKxU9ABzmlt7kjO3cSTVNgyqCSOegzSRNg47daXNqVZWNhJ2K/vCfQY7VBPK7KScMegPtTZLgmFUXkjOSB1pksqzCJQiqFXaSB+tU5EcthI5ZQ4CgZUcHFU55AzNgHafetFUfsR6celQTW4CO3O1eM1Ek7FxauUk3RMQwKEDJBHNSIxUqTweoqJgcnJ/PvTFck5I71Cdi9zWhiV7d5TKgKsPkJwWz6VHj5j19vSqq7+OoBrRhVQuW5Hf3qtydiPfhTgcnvnp7UvmHH3j70jx4J28jrUeMA96CkStIfY59KbnJpmcdfu9BRv4wvQetFy0TocMMHIFPLEPwRyarI2M5ODT1f1/lSNEycP68n+VSg7tvQdhiqyAsCR1HWpomwMYGD700VcsNGyBGYHDDI560A88VDnrj8CKFfrk5NVcRYU88GpkJA6/Squ8HoPY1YstklxHHJIsaswBdgcL7mmJuxYjOeauREjBPAPNVSFVyAQwzjcOhqxEeMDv2oBO5bQ1Zj4HuPWqkL7c5x07ipN3IwRmgsuiTJHp2BqdH7n9KoRtgjjBHFWN3THpVAXUYdulTq21jsJx64qgjnuasxOB94buCOuO1AF6OQDPc1Okny+/asxG5zmrcTHAH4UhlwOSecmnZDDB6ehFVg5HHP0qRZB7CixL1GT2qvkoce1Z89vglXUithTx1zSkBuGAxUuJhOlfY5d7Q5JHIqtNbc8rXTz2AYExnHsaozWzp/rFOPWocDBqUdznWtjnjP0pDDjgitmS3HOOKgaEg9KycBKZlGArkpgH9DTXcqMlQCK0Xj+oqGaLcMMufcUuUG7lNZQw54HuaGO0ZIyvrUjwgEdT9aUAgbdg20wuUyxzlWxVpHjmGJsbuxFSmOMj7o57UqxRbeQBSsNMasbwNuHKeoNXoT5oyD9DUSDCnbyPTNMCyRSb4wNp5Kf4ULQRcIP8QH1ApNg4Iot7hJl6gH0NTBO4AqhEBXsKjkjBPPSrQUjr0pCuRiqQmZ0tsGzs9OmKptCUbGDWywIBwBVWR8E7lPFWiSkEDc/0okthtzkZ9qsO5z8iik38/MMfSqQGeyFT0pApJ4FaBKsOenvTRGhOQKtCbKflkdQRShKtmMMOKb5RzTQittpwX2qfy/WjbiqQiILTwtSBacqc0wIgtPVKmWOnhKBXIQlOCVMI6eI6AIFWnhKnCU9Y6QXIAlSLHVhI6lWKqRLZXWOpFiq0kVTLD7UyeYqLFUyRVbjgz2q1Das5AVSx9AKTZLkUkgz2qzFbZIwMmt+y0GWTDTYiT35P5Vu2djbWgBjTLj+JuTWcqiQrNnP6foU0oDSjyk9+v5V0NlYQWgHlrl/7zcmrLSUwvWTm5DtYeWqNn9ajd/eoWkpJATtJUTv3qJnx1qB5c5p2AmeT0qHcWNRu3GajaTIwOlMLErMBnnNRh0G4sckDge9QM9RNIFU/3j+lBSHSPg571WkfJNNd6hd8CgQrtULNk4FIxJqKRsZA/GgaQNIFbpuwePQ0y4uZJM7jhfQUxmwMVGm13wzYRRljjoKTXcpAqtIGK5IUZNQMyrnParT3Q8l1RNqMRgegH9azJXByT2pJhYbK57/lULy9Txk9KY8mSewqDcSdxzjtTKSHk84ppcd+KaW/P0qvJKN3sKAQXEufYelVC/NJJJk8VEWplomGW71ei1B7CHy0ADHnJ55qjbggmQnaq9Pc1TuHyck5J6fSluOxOZvMd5Z2LMT9cmoLiZ52+ZyBjHXgCokJz1AFRysCTtBx70DsRt944yRUcrgnHanOfSq8vynB60h2GSNk1HS96F60ihelRswFEjc4qMAtwBSCwM3HNRPN8qqB0pJ2G7CngUsUDvHv4C7tufei4yGRiI/qaVEbco5yT0pZjtcBcHHH0pkzlSArlm/ix0qRokmfa/rjoBUbMxHHb9KaCvlvlMuTkHPSkUlyqDPXgetMdrCOuVyDjnGT3NIjBY2wFye9JdyszgbQFX5cAYqJ33kADA6YFSOzZCvzHjqKk8xioQklc5A7VEc7hnvUoX59oYcetCNGaFiiOW3gK2CQaknljeWNEG1F9R0z/wDXqkshCjYeB1xQ0hXa2d2RyPStebQy5bu5bmEaR5UYY8feqmFJJC5yPSm+dk4Jz6Z7VJHkj69TSbuUlYaARjHWrzXEjmMTEkqoX5j0A6CqQBz756GpUByOORQrphLUmbrkjg1Ys4POdYkVnZuAF61OFVoI9yAEDgg8kURBUX72Hzxjj9a15DLmKZDByo4PTFW7SDEu1s5B706WykjiEvy7WYhTuGcj2qS3+XbuPJPp3qUrPUpyujTuraKOV445FkVW2iQdx64qpcw7Rt7dqBdLEcjBGMc96i+2thT1xntzVtpkRizOuIMN8zDJ4+lVljPmZ9DV+UKx35HPY1DlEBJHfIOf51i0ba2HJxwOVq3HnHUAAVkG5YtgHHfjvVuOY8Bzk00xWZa3tzhsGq7NkjH04pssgI+tRIz8bf0obKRI7fMOcmlUHPIOKa2AMnNR7sdCcGpY0WN2c9x0p6du/wDOqys2M+vWp429vxpo0TJ8lRgcdj70eYT09KiM5IC5JUH7uelCvt4UmgEyyszKQV69M0DgAnkniq6uCeM4609SM59eadykS7u2KmhznngVXTk9qmiOPce1MRpw/d69atIwqlbvuwOPpU5f8MetUUi4HH0HpUsbE9uKoo+Rg/oKsRP7Y7U0XYuoDjOOB3qVW461UV6er9cj8aYrFxHxjgH61MrH/wDVVSJgcZyKl34+70oAuI/Bq1G4x3BrOVxUscgUg8H60Ay/vzyRmnIwAPGPTmqYfPSpg+cdKCblxX5A4qZZPU5qmjADB61Kh9/zosJO5dEnORT9yvHtkFVklAUY6+tK7rg9qVirJkE9mrklDtxVCW2kU5K5HtWoJiueevalQjr3o5bmM6MXsYvlBshhUE1tjkZ/CuiljgkPzKAfUcVUksX5McgPsalwMJUZROfeAdziofJYZxyPzrantZR9+M4qv5IB5yDU+zM72MwJu+X7p9QKGtGXky81fMHfP6UCMdDg/UUvZsOZGYyuoIUnJ71EskqHlj+NbXkxv/CPwqCWyjPQkUcocxlBnVty8Me9WkvZMgNj8KkayI6MDULW7A9OaajcVzQjuUcD5hn0qQsMcYrKELDsacEcetP2YuY0NwPFMkVScnn8Kro7qeefrT1fP3gR9KOVoLoZLBg5Wq5VgaubhnjP404+Wyjg7qpJiuUTz1Ax7UuKtGLuBxSeXVJE3K4XvilCn8asCMdqXy/aqsDZXCZ60vl1YEfNSCKqsIqiOpFjqysVPEdAmyssdSLH7VZWKpFhpk3KgT2p6xGriw+1SrB6iiwuYpLF61IsNXlg9qmS3PpRYXMUkiqdIPatK30+aXGyJj74rWtNCkJBmZUHoOTUuSRLbZz6W59KuW2nTTnEcZb3xx+ddVDp1rABiMOw7tzVgvgYHA9KzdXsHKzGs9BVcNcyZ/2U/wAa2IIYLZcQRqvv3ppk9KN3c1m5NlKNiYv600t6VCZKA2e/FSUSl6jeTHemSOvRePeoSSc+lNCsPZ89+O9QNIB0qN3zURb1q0TYkaQnvUZaoy1RPJimBI8lCqzjI4Hqarhxu+Y8U2e6L4A4UdBUu/QpeZLLIiDbHy3dqqM9Rs/vUTP2p2sG4929aiZ6jL5pjPnOKYJCySYyBURbC5PelOOaryNzhSOPWkOw15MtgZNOYAJsZgB1buTUDyKoIjPJ4z61FhnbrxjqaTKSHSy7+VG1R2qpI2WxSSPlsA8DoKToMt/+ugdhrD8/5VXkO0A9h0qdiDnJ47mqckm45GAg6e9AxJZNq5z8xqnIwAxRI5Zic1BI9BSQ1mojVpDgdO5qMnJqaWUoMgAA9BQMS6k2AIhwMetUs5701iSSSeabkdqRSRKWGOPxqJjikGffFQu3JFFxpEsXMo74qvcHLE560ocg8HHaoJWOetTcqwgonPlhehY9qEJGeP8A61RXHMlA7Aqkjexwv8/pSFiq4HfrSFizgHoOBUoP7pgOTjrQSymRlqcH8sHJyAKM7TnvUIbdJ8xwvU0i9xkhI5OcGltih379w4yAO5qKV9zFj+Apgfac96Q7aD2fPGeKm8xIoT185u46Af41WyFQnqajLc5pXHa5KF3RuWbn+H3NJETDIsjKMDsw4qS2QskjFchR19KrXFwZTyTx0FDBb2LDWkgtTdY/ceYI+SM5xmq4bB6c/WodxIA7dAalOVGDjJGaVzSxKrYUrk896YTk5xk0RgMCcgYH5n0qQksSxG7oM4/KnuIZtIbipYzk4OaRUOPrT1wHA46c00rCepdi8tdwdQ5ZeDkjB9akjjBGcj3FVlIPCg7e1W4MBsEjOO1bxMmX4AsvDkqoyR/hQiqr88qTz9aS1lYAMCN3QZp5TKglSM9/et7GN9S4xjaBE2DcCCWzUF3EkSkJKGOPmGMYJ/yKktl3gs2ABUFw+zIU98iokEdyg7EsQRwOOKjcFTycntV+CylvJsQAySMC2BVSWAKxBODWTizZTWxCXLfLjkdPSq152Hc9athRg84bFUpQwJ7GpehommQxk9zwKnUnOGyCOtMnk82RTHEkeFCkIDyR3PuaQHLZ5PpmoQybcSc5q7BkRAFF65zjmqkJQcnk1aDgAnPHp61aRLGPjkg/pVdzzkY4p80mG+UfrULsCo256c5qWVFEoPQZFSZ+Rc45qsG45z/hTlPOM0Jlk+eR3+lP5bOByOaY53EsQqj26UwNgc9M0xliM8duentUnXHGDVdCARnpUm7k4AUE4oHcm+v6VLGMHHPFQKcEYP1qzH7EVSGkWo354/Kpg+etU0/OpkI/rigtIto/H0qaJiTVQkJxlScDpU0cgxx1x27VVyy6JAq+9KkuCDwR6VTLe4qRTwePei4maEcoPtmpxJ0rNhbG4fhU6vz1FMgv7wM4ORT1kNUBIQcZp4fOMUxM0Fl96mScisxZSD7/AFp6yHOeooJZ0Z1FXsI7fyIgytu8zHzn2zUKycnBzWXFNk/4VOJMdzQKMVE0A3p9fpS+bgZI/wDr1REvfinLLii5Zb8zccnrUqyYxjg1TRs/T1pwYZ69adxl0Pu9qlSTngis8PgcdqlSWgltGhv7MaGjR+qg/hUEbE45qRCc9enpTMpJMZJYRODjKmq8mmMBlcMPatJWGeDipA3vQZSpqxgNaOnO0imGOTHIrplweMA/WlMELj5kGfalYxdN9DlJIs9Uqu1v6Zrr206FvUGoH0tD91/zFNWM3GSOT8hs9DTlib1IrpG0th0INMOmP/c/KnZEOUlujnzETSeSfSt46ew/gb8qYbE/3T+VPlRHtGYnk+1OEPtWx9jP900fZD6Ucoe0MrYSMdqPIPpWuLQ+lL9kPZafKHtDIEHtThCfStdbJj0Rj+FPXT5T0if/AL5o0FzmOIDUiwe1baaVcN0iP41YTRrg9VUfU0XQc7MEQe1PWD2ro49Ef+ORB9Oasx6NCo+eRj9BilzIV2zmEg9qmS2z2rqotMtU6qW+pqzHBBF9yJB+FT7RBqctFYSP92Nj9BV6DRbhsbgqD3NdDvAFG+pdRhymdBosS8yyFj6AYq7DaW0X3Ilz6nmngknigq3rUOTfUtRJt4A4pBLg5qs7be9N354FTYCw8uaYXJqHdilBP0osBJmgn1NRhvQZppbcevHr2FIY8sScCnlDjHfvUcTKASP++jUU84JwDge9K9x2tuSvIidTuPaqjzMfpUDy5zjNRs4NWkTcmZieajLVEZKAwOSxwopisOZ/eoHfGaSWcEYUYFVnegbHs1Rlqjd6jL0xWJGb1quz9aSR8VCz4HvQND3kHIU0wlsZzxTQ4ByefQVA9zhiMDI/KkUkTSS4GFPI7+lVC+WwOtMaUuwVccn8zVqSNbcBAcz/AMTdh9KTZRDHHhgXGT6f4064ycqpBJxuPQfSo5JggKrz71QeRmJyxx9am1xoeHKO/bHUntVeScMScfhTHZpGYM3GP4qrscscf5FMaRYY7uPxNU7mfPyJ9CRRcTCNAq9TVND8xJ6YpjSHsccd6iekdu/rTmYuPnPQYGaBiQJvYljhV5J9qguH3OSfwFXHfZbhQBg89OtUGwOtIEMwTTiu0Z/M05pUVsRDIwBlvXvUJYtwfXrQUIzdqiKkjPFPdsehp0QAR5XPCjge9JjuVnAXvlv5VXJ5p8z9abb/ADb+CSVOOelSUu4sBOHyOtMny5DdD0xUqrtHJpUCA5YbgDnBPWgGyp93JNN38YxVwQiWUgALnkAHiqko2NjOSODQCdyGX1PAqvuwT71LPIzBdx6DAFVyMGky0hrjpz2pj5VsEYIqYnbGfl69PaoGJY5JJJPOaRSE609Yyf8A9VPBCKQOWPfHSkydvJIH86BXHG6kjtnt0IEb8txyfxqieuanZlPA5pko2EDv71LKjoV1cg9e/WpoRucLuHJxk9Khb/WH5cD0p6HHWkmaMsgBWIJHBIyDVm2CnCsevYVS3EfzNSI2CCM5q0zOSua+rxQxTKkEqyhUXLqu3nHI/A8ZqgvT0INNDM2FBzn0p+/yyNo+YDDZ5q73JSsSxyELtGAQeuOav2kSkbmPGePc1nRbNp3ZDAfLgd/ertpLsAzghjnmtab1IqbaGrbW7nqvHbHYgVK7yLGI8s0Ybdjtu6ZrY8PC2nmjFwCIy2GxzxSa3Fai5kW2ZgoJCkjtn2ru5FbQ8/2j5rHPvKUbAJ29fpSfaUfcGTeSuBjjmprhY2jCjg56k1kO2xmXcRn0HUVzTdjqhaRopqXlhfLwu3oRwc1UkuPMPzdRVBmK55FMVj5g5696xdRs1VNLUsTzHcASB71C79CeSRTJW3MSDn+tRM/PJzUt3NEh6kbjuBwOeKRZNj7hkEdMVCzc/Kc+lKhznJGP51m2XYnR/myf15qVX5+8Bx9KpqxHPNSDA9TnpihSCxKWO3qCPrTdxUbeB3pmePUnpzSHjGD0oGTKcckAZHGR1p24DBX5TjvUe7eFG4nC45PTrxT8PGQGUqT2IxwaaC5Kh6Z704kbjt+7ngmoxkdCBUiAYPp6Uyx4wcYI5/Cng8YFRgZ9jTguMZpgSqcY71YjbA71VUjtnH9KkRsU7jReyAcZzz2p27DHGQM/pVZXAHrmnq30xQUi2rA/56VLuCOwBVsHGR3qiXxj0p8bE/Q0x3L6sPSpQRxg5zVRM4zjgVIH7U0DZcU5wOKfu4qrGfSpA+D8wB46GmK5Oj4PqalDjHPWqiMM88j2pwfuPWgVy0r571KJMgAYOKqK3y9DntT0Y9qCbl2J/Tr2qxv4x1qhGwU88j608PjHNFwuXQ/B5zUiPg+lUhITk54qSNvx70wuXfMJAGTjtThJg81T8yn7uh/SmFy75vAxT45DwKoq/FTI3I45oIlqavmhlXaqrgYOO/vUiSdg1Z6SkDHSpw+MYIOR2pkbF1HqeNz24qijnFWYZNuG4yDmmS2WVfk9x71NE/aqgJ5I7c07fnr1pEXL3mDgc/jQW755qqHNSo3BOcY9aQm7FlDk/wCNOBFVll/KpoShYCUsq9yBk0iJSJd+0HrQGz1qCfchCnIBGRnrihXpmfqWVYe1PBB7Amq2cH3pyuAfekLQsgqOwpQ49KrhixwOTSlscE80ENIs7wOhp6MO/X0qmH2kHqfel35JOaANBSSpYDIHWmmXHQ5qoJjjAJwaBJ60rCLm/wDCjcQOciqwbIyTxS+YuOpJoFYsb8d6QPzUIYt6Uu4AgL19aVx2LBO3gkZ9KevqaqiQKeeTTWnyMA4qdWWkkXHmUf8A1qiknJ6cVU35PFSAKE3O3XoBRawNtil803OOc1C0meKZ5g/iNUSWTJgYFIJPmwTx71WL5+6eKYXA75oEWmnwSF4FNE/TPA9qqGQHPOKjZ6VgLj3BPA4HYVA8nJJOartJUbSU7AydpPSmF/eoS9NMuznr9aY7E7NhQSetRSz7gB0A6AVXeUnvzUTNSCxM0lRs9Qlqaz4HNMLEjPUZfvmoWkJ6dKieT0oCxM0lRs+OT0qBnz1qKR94IB+X+dIpIka4ADYHbg1VLEjk9e1Mlb5gFPWkHAyT+XWgdizax4LSs21U557mmS3J3Hvn1qF7lpIljA2xg9BUW4KCT2pDJXYk5JqGSTHTHNRtMxIAHFRlsnJOTQMVyCgzncetQu5Clm7Usjc+/rVG6m3fKvQe9IpIjdyzknvSqT0FQqeKcsm1u/tRcbHttUc9c9Kac9SaSQ7WO7Bbr9KjZiSPU0XEhZpvlyevaqjvnOKklXk4PNQkelIpCxH5iQaVjzxTPu8Z60xmCqW5z0FFx2HMcdaZI/7vbzyelQBiT8x6GpJV2oGJG49PYUmOxWY/MSe1SI2Fx0HfHeoRlue1PZv4QMUhskznvUckwQHd1oLgNz296qyhnZmBBC+pouCVyzbXTRLLMCN2Ni57Z6n9KrhTI3zH1JqLA4X86fJwVjHH94+tSh2SZBIck9BTSCo45PfFTGPhnzgZ4yearyyYGAcUykxu4Zw3SlQKxOKrluaDJg5Xr60h2JJG2ttHIqJmLHk0hPGepPNMNK5SQoPp2pGJJJPegjGOQe9SW0RuJhGpAY9CaQyufmfsMnp6VKFYKrYIUnAJqD37VKqnYXGcAgZqUy2TRruYLkDJ6ngU9ThsdPcVDGxOct07mnhsvnvVomxICc8cnpxTlbB6Y9aaHzk5wPWjdk9BVElhHBP07Z61ftioHznGBnIrNjIBGQcjmn+aexwPStU7Gclc3bK/eFt27C/TvVxdUxHOGVHMqhdzDlcHOR6Vzas2FPOCMVNDJgklhjNaqq7WMXSV7mhM4Pz+vQ1RlJckn5j61Kx3QcDoeTnr7VVdiq4yQP51MpXKgrDMqRyOaffGAbBbrIBsG4uRkt3xjtUDkpJglT7jpTTySckjH51kbWFTG0ZzioZOp25AFObI78VGQC3B4qWy0JnkevSnFt65JUEYGAMfyphxkkcH0oJYn3qBjw2BnGR6U9Ouc/8A1qRF3H39aU8cDp700gW48/OnGARgfX3pCpAz+hFKqjIwQKSQkudxJ7U0Njk4APbPWpFJY8549fSo1OB8o6VIvzdOPeqQiXduxk44xTl4xmmEDnkccfWjIBzjtTKTJ2bgcD1peDx0qENz0pynPei5SJkwT6CpRtx0OahjBcgKCSewp5PAFMTZIGyRyMU5SN3XNQjOOnUVJ6c/h6UguThsgZ6ClDZPB4qFmJOCTxTowWYADknFUNyLKOc45qdH565NVFbawz644NSKdv3hgjnmhMm5okMsSvtAViQD64//AF0zzCT9fXtVVXJx1+tPDAnjj1p3BFlT0FSnCkYYNxk4qqP0BqUMpCjnJ6+n4UDLAYEAYwfWnhgKgVSeg/Wml9pIoEy4HwTyKUSc4PWqokO0jjmlDZ96Cbl1XqZJD7/SqKN371OjYOQaYXLauAeRkfWnBzVYNnrUgOKBXLSNjpUyMaqK+7n+dTxuAQeo7iqFctocdMVOjcfSqSuO1Sxt9ePSglsvRSY6gVajYdzke1ZqydDipopVyNxOO+KZk2aYYbeScegpobnrVQSE+wp5kHbNBNyyH5yDTg/c1WDknrRvxQJsvJIMc/hin+ZnvVHf6GnB6CGX3meVt0jFm4GSfQYFKJMd6pB/enb/AMqBWLnm+9OWQ1R8zHeneYOgb8aQWLol29DS+aOaoiQfU0okOeaZLL4c460oeqYkpwkpCsXA/vSh/wC8eKpmX3pN/qaALplz9KVW+YYqsDxluBQZscDpUiLglCkYO4UNNycDaKrR73B2KzfQZpN3BpWGT7zSb6rs+OtAkQfeYjjtTAsrJikMmepqs0277vAHQUo3EZwcUmBMXPYUxnA75qIv6UgXJ+Y8Ac+1DYWuO8wscDk0F1Q/OAxx0zxUMtyinEQ4qr5hPJpbhaxa8zimmT3qvv8AemlqqwiYyVGZM9KrSzKhwTg1XecyPsi6DqaYWL5mUZyckelRCQsdzcegqshCjjr604vx1pDJi3NNLVGpJOBzUMkmOO9AEzSCoHkyagaQ9zxTC/pSHYmMg6U1mwOeKrs+MgHJqGRyx+Zj9KB2Jp5sLhTkVCJOMD0qBzuIGcAUwvwQp5oGSvJz1wfQUwscEE9etRAgDPJ+tG7Lc4pDJCwAwOlQPLzhTk0yaTHHr3qLcSQF/WgdixuCqA3WopZQi+rVFI4jGcgk1Sd8nJ70hpE7SEnnkmqz8nrUkX3ssfl7mobmQM2RxSGh0ZG1u5xwKFADbjg46VCcnAXOaYxxxknFIdh+7cxPWl3E88cVGCce1IX9OtAwkYDp1qF32jGOacSetROw70AhhcgE1C7lgBnv0pJZM8DpS24w29sbR+tK5diSOI43N90H86SVt5yRgHj6US3AkY4456elLqA8uCFNqIxXeSDktnkUEorxTGORXCqwRgQGGQT7juPak3F2Zmxk88cVHEQxCsMDPWpJQFJCElR3NBT0IpOTt796Y2FXsSOppvOevJNLcKECrvDcZOO2e1IY2IkNnOBnOcU0SbZc9+etNXOcdBTQoaQ46Z70h2HSSFPrVR2JJJPWpZyGbjtUJGOtA4oYaaBk08DcSOhph6GkykxHIzkdKRenPak747VIE4qRt2IzQrmNwy9R0pWG3NR9TQC1HZZl2nJCDgDoBSLkjA6ClLtgDoB6UKQOo5zSNCQbfLzk789McY9c5/pQhwc/yqNWGeeuKUHnr1pkkoJYdRgCnpwv6UxAANzYK5wQDzThwBjP+FWiWTK23GQD29acpAXvk8cdKhXGOetPDAYwcH+dVclokVyCfyqQNjGahJYqepVc0sY55PA9qBWuW/M+UHPTtTGmUhQAMCogwKgEBcdeOtMcgZxxmruJRJGUbSwHA79AabvBTA61Dk9M8CmnPOAc98VDZaQ5m67aZnGPX0ppY9Mj8KQ9cZz7iouWPZ2LY9uachGM9/T1qHv6VKNvl992efTHammBIshUjaMYpwYnkjFRKcgVI+5DtZQG4P51SYhygn/69PJBQAj5s9aWGXYjgxoQ67csucc5yPQ+9M4xwSSRn6U3YRICnlAbSH3HJzxj0xQGGBycjrUW7Ee09fWlVupPSgCcsAx2/MucZP8AOgYOcHgVGCNuQM/j0pScHnp7ihjTJQQOhzUgPI6dPwqBT3OKepHU5PHagu5YUgH/AApwbHAxioA3y4pVYdBgH3oGydT74FOzn3qAMSOlPVvQihEWJs5wakj7HI/GoAwXqP1o38GqJuWiVAByMmlLEnJOSeuarb+PrTi2eR6etA0Wkk7En8KcG7iqytx39uKmR8dOO1Mdyyj4Hc1Kj881UD+w4p/mAgcYoC5ZL9MGgNwe4qFmOSD1oBHYgmgG7k4fHepFY9c1VD9jTjIc5NBJeRuRnOPUVIr/AJVR8wnaAelSpISAO1MVzShdTwxI49M80obpzVRHwOetTxuMZIpkssq5U8Htipo8n8vSqin6U9Xx7duKYrl5HG0jAPv6VIrnGAeDVFHIPHFTp0zxge9FyWy6jZHPFSIwyOeKprIM5FO83piquZs0RIB06Uof3qgsnFOV80EmgHBqTzCTk1SR8D3p2/nrQJlsP609ZKqBsdelKJQOn60gLof3oMoqmJCT65o3mgC2ZM+1AcE8dKqFyD1oD0XFYveYMDAoEmKprJzz0p4kGaLisWxJgU4SZ9qqq2c/MMDnmk8z0oAuB6d5gBql5mOvX0o8wUCLpmY96TzM96qByalQhQS3JFIVjUttQuI7ZoY22oxySOtQ7iMk8DtVFrkYwOlSBmcAnp6Uh2LSkuxwcDuaj3DueKheUIuCQB6etRCZQQTyPSkKxpxyADEcf/AjQLmNX/evkD0rMnvWZNowo9qq+ZRYDVuL4O/7oYX9TVWS4ZlwTx6VW3+lNJ9aLIbJ93ekMlQFqaX9aoViz5nPJqKe7CjCDn1NVXlJ4X86iBxyeT70gHhWclpGPPapEKouFGBUBfFIZKAsWGfHemF+eOartJ700yEHg0DsWpLlsbRwB6d6gLnuagL88Ux3xyTSAnZx3NReYWPBFQs4JprvztU8etAyV2OPk69KiJ8tSSctSMwVc4quZS7c9vWgdh3zH5mPvio2cMcDoKbLL/8AWFRKwAIzzUjsTF9o5/CkV8nHc/pULHd0pykKO9AD3OOcVGSAMZGT2FNmlyMDAFVQ2MnHGaBoW6Y+YAfTtUTjZjdSjLSZPXNRzHzHJzntQUh7OGA7AdqiJB5Ixim98VJgeXgnk0gIw+Tx1NNI5p3CDOMntUUkhzxye9IYkj84HWgfKmW60wYUZPWomc5znrQMlJqrM3PzGnSydh+dVHz1qRpAzUFvlAzx2piDc4GRye9SS7TwOgoLIkLZIFWPJZot0nBzjFTWyRKBhyTtBORjn0qeRQxwOlUkZyl2KIh2kc5I7elNuGES4b5nbkCpnLKTtGSDiq1xCTKAW3NjNJjTu9SNGLRBnfbg8DFCxowIMgzmmy4yFU/KOlOWMiMSY46ZNSMbMqjIGcevrUKd8VMRnvUZGKBrYhk45zUDZJ5qzITt2jmq7Kc4oKQwHBz6UmAVY/lTmx25FIBmNh3yKkobGuTzUmCPwpVBAAokx9DQS3chlOetRj3qRwe9JEhZvQDuaRa0Q0gnHQ546004B2k9OMg96CST1wKYDSZoOJwOPSngjdntUa4zg55PWpAAASTzngUkDJFbBHFSq/ZhlSc4HrUCKxBYAkA04Ec5IrRMhokGQcZwaUNx7/yppzsDn7ucdaM5Axx2qrisTKxAyT24qSWSN2BjQoMAHnP1qtknsR7U+5j8mZ4i6PtOCyHKn6U7k2FJ5GD+NEj7m+XgVETjvx70dT8vYZ5OKVyrEoBOAOaaQ2SAM8ZNOhm8twwPQ5qTULpppAxCLnnCgDr9KppWuTd3sVc8c80h4A4560nBJx0x3o5APt2rM1FFSQqpYB2wO5xn9KiQ4IyAe+DT1bIwMA5zTWomTRbMNuzn+HBA5z39qaDjIx+lMWTB6daOpwuTTESZY5yflA704HrziolJBHf6U/IxnoM9D1xQMUk5xmj+LPAphbmnJz1IHfmmIlzhc59qVXxnjqeveogT27fjT0I43H34HNJgiTPPOPrTgwBGCDwD0qNcENzg444zk03cc9Tigdyz5mRtzge1KGz6ZFVi/PXmnxN1/pTHcsZGODShumCBng1CG556U8AFmCtxnAJHWmBKG9fpSjiolJB461IjH1xQSSg9P505eOpFQZpwfOO9MROG9Pyp6v7VXDY4pykntmncVy0r4HWnK3PYfU1X3YHJ5z0oBBbAx17mncC2r470oaq8MihxuJxnnHpT5JFZ2KDAzwDzxSC5OHxzxTkIJHb1JquHIB6cjuKVXIPbFMRcR/Q1PGc8AjmqaHj3qzH60yWyyDjj8KlU9OcmqxYg44zUm/0GDQK5YDEY4qWN/rVQPUiuARk/lTFctq/PNSh8dOnvVMSDsePenq9IllrfzUyNleo69KoBzjPapQ+Dwc/SmIuCTaeOtOSUgiqQc5609HGeo/OncVjSDnueaf5oAwg57ms8TfWpYpVB+c4H60EloOT1NL5nPNQXEyEqI12qPfJP1qNHoHYuh80vmDPBqsG47Zpd2KBFnfRvqv5h+lN8ygCz5nPFODnrziqnmetKZM49KBMt78kc07fz1zVEP+VSK4A5NArFzee1AbHOaqCXJ4pS5UkNkEetFxF0XG1cKBnPU00zZJLk/Sqe+ml896QF+OZAwL5I7gVLNfM/yqAi+grK3juaUzcAA0WAuNJ703zffFVPMoEmelCCxb8zjrQXPeofM2gZ5PvziomlLHPJ+tAWLXmE9OKN/NVQ5POfzpxnRAMHc3r2oAnL9yaY8hPAwPp1quXZ/U1E0nbPNAWLJfFNMlV/M9KYX9TSHYnL00vUBamGXnC0BYsbvekL1X8zHU80m8saLhYmZsA881GDuyWPyj9ajeTsKRz/AHsg9hQMeHA6daViq46sfaoFYZ5OBQZecAgD3pBYdKwdhtOPYnNQu4RcDmmtLtJC8+9V9wLE5zSHYfI2Tycmm7tvHc00sc9aj3/eb06Uhk+/JwBzSM+xeetRwjjJzk05iDx3HpVCImJLZJ60AgtzgKKRyEU881AzNtyfrSGiSSRcEA84yagyQuRxnjrUZf5+ehPNSFwRyAB0FIYoOPwqOSTHC0xpDkgdKjJpDSH+ZgcjmlUHaW2kgdTiiHYo3SDjsPWljnEkxLcKwxgcfQUAQs4JI7VC55OKV254FNkXBwDn1NIpDYkMsgGceuaimOegwKt2LtHcZQAkgjketRXERLlcdPSgL6lPHpVqKIAZb60sMPzcnNRzyFmwpwqmkNu+xbSNCM561IFGwgdTxk9qqxXCRoARk55IqW5uYwWLRlQwGM9R71dzFp3ImOzPO49gKrXDYOCPmP3j6e1SvMgdjGDt/hzzVVUaQO+fc1LZaRG45HFS4bygcHAqLGTjPerojLKqkgDHTNSU2UzwKVImZN4+6Dg+tLIu1yvH503cAMUyt9h18nKYRVAUDjv71Aqp5ZyGMh6c8AU5mJOTinKi8licKMnFIFoQMiurE4Rwc4A6/wCFQH5Vzjr3qyQNpOTuPQe1QsD3pWKTI945FOWMuM/nUiQ7j1GO5xU2wKAT92iwm+xCVyAG7VGcYwOBUh+YnJNRtxxQJFN0dEVmRgsnKEjr7imKcYPBxzzUbOzY3MSQOMmkBPfvWV0dViX3/SnCmLz1rWksrVdEW6+0j7UZdvk4/hx97NWo3JcrbmfGzlSgyR97HbigMAOxz7UgO3OVDcY57e9NzQtAJ0ZNrZDFv4SDx170qEcnP0qEYIySc/nQGAqkS0T7iQO5A65oTOeBn/CmKSOOBn170K5GdpIzxxVCsP8AMwrKAvPcjkfSkAJJIyB7UwEKR3FKWBzt4pDsLgA89KRiOowB6UmSRTWOaTGhVPOR0pWYs3JJNRggZPUUBsDHFTcdiTI9ycYpynCng+melR4IweefalwT7iquA9Tkc8U5TtxjOaiB59BT9xBBHBHemmIkOEY7WJwcAgVHuP8AjQWGPc9abnjg/gaTYEoIJApeNvGc/SoR6Z4pST09O9NMLEitjPUDvTw319KhDbvr1605G24yAfY0XAmzyMfzpd3Hvmo1ycfnS7lwOTu+lADweOTTlYirlvqgi0W5sDbQO00iv5zD50wOg+tZyt3709hIsI2MDNWJtqMVifemeDtxVMEgcZ96miO5CuM+nNUgZM8xkILckAD04FBbPSonDIcMMd6XcuB6+lAEyuQQfx6Uu7PJqAsM+tKGyeCKBFjcfwo3c5FQqxxyKduOB6GgRNk460qsB16VCDyO9Lvx0oAlB96lDAAc8ntVZW/KnhvTp3oEWQ3509DVdTgDr+NSBs9ABTA0tMjSe8hikkESu4Us3QZPU1s+JbG30rUntba6jukT/lrGeGrmY3wcjipfMZsZPNaKWljOUW5XuXPM49qVHwRzVZCXYAcseBTlYjPakmOxb8zcc8c+lOVyarK3FP3e9MC0j4qZX49BVNGNTA9PX3oRJYDYOM/nS7+1Qbh0yKXJxnigRPvp6tyOaq7qfvGMDigLFzzME4/PpSq471T3+lSJuc/KCe1IRcWQnHYU4Pk9aSSzmtY0kuV8tXHygsMn8KhDEngcU0yS4snHal8z1xVc5j++pBPrxSswwMEk45ouBLv96cHqvvGOlIHyeO/pSuBZZwcdPwFAaoC4Ucnn0FN83NAWLW/HU0bienAqA3CKuETJ9TUZlLnLHincVi2twU+5wfXvThNkEnrVEPzkGpo1Z/b3NAmifzM0bsdeTUW+NAcncfakFzHtO5Wz2AouFicHcTlgBTTIACF/OqhlLHIpwk9MUgsT7yakIaNdzkLnoCeT+FR28byN8uOO/pUVyVRhhixHWlcZN52ThRRvPQc1RMme+Ka0+D8hOR6UCsXmbnB6+lLI6xrgYaTv6CqKyOxySSfX0peFGWouFi19pk2bN5C9SM1GXqsZfQYFG+gdizvNN3575qDeaC+Bx1oAlaTnA60wt6Hmog1I0gFAWJiwHWmq+Tmq5YsfanbscDiiwE+4A8HJHrUbuSeOTTAwxxUUkmOtAJEhfb7n+VR+Yc/1qu8v4U1dzAt/D6mkVYnlcHAFNBwuO9RlgvTr2zQqmQjPegBc7uO3rUg2ngDj3phXDEHjBpHfYMjAAoEyWRgoznJPFRhwi4P/AOuqpl3tnJpsknYfnTCxM0uOetQM+7Oaidy3FIvHXrSGkPXnJNNm7CgyKuAagaRnYMB0pMpEgGBk00EswHekBJyWqS3yrhgMlTkZ9aQbAyuSOABnH0pjbY5DsbdjvilmkeQsWJJyTVcNzzSBDt3PNNLZpGHU5puRigY9JGibcp5pqlpGLMx246+tNAJ5P3R+tDNk4H4UAxy5BBDEAioJ3UsdoAFWJ2ZwiDGFwoqm6MGYHBIPODSBBH8zADrSys0kh3NuakYhF4++f0qLJwSoOcdaRVuoSSOdqFuFoiB5AJI+lLHCz3Cx45JAzU1q3km5AYA42gHqeR0/KgbasInyxsWUE9qaWPY0x2JbgYxUgZvJwF4znNMmxHzz3pBgmkz6ZqeEKQT8oI6c0DbsPjVEaVlywAO3PHPrVJuvPU+9TSttU8nB9KreZkrnrSuKN2WJLcrgv1xnr2o+ba0YIwSCR7iovO3AgE4FIZWxj9aAsx6JtbaOeabcBlkKtwV7VHLIQvyfeqOCdkkLOBJwRhunI60rjURWNMJNIWpCaC0jN/EUo5p0bFwYxt+Y5yeORUYPpWB0k8ZVTzzUs05mfJAAP8K9BVXGE3bhycYzzSowzgn8qtMhrqWZJFZyUQIp7A5pgxzz06e9NOV4PBpRyOKoRIQFA5+Y9qTrk9O1NHTjOBQvXDZ5ouA4Njrz2pQRk4701eepAozk9adxCnuM80oPpTRycZHTqaVGKsrDBwc8jIpXGOBOaR2DEkLjJzgdvzppYkknGT7U3PqRRcdgJzQPrSZpRjGCcD+tIB+/PLHOOOaVef6VGPbFKDz149qq4iVjx25oBJIAGajz+OakR8cdDnqKLiG555pQ3IPBpGxjA596TIPqKGMdwx449qs3EKpDC4kUs+Syc5XHr9aqqwUcgHPTNDuXbLnJNNPQVnccDyc8U7J68k9KjDcY4p4PYGhMY4NjGOtLxnjkUnHPFIOeO9FwHA5z2pQc0zJA96ARg560rgTL/sjmp7ed4XV4mKsD1HBFVFOO5/CnqSODiquJo0b2+nvfJ+0zNL5SCNN38KjoB7VXz75qDdx69qejcnvTuKxJn0pd3A5+tMHPSnYGMkjI7etADwR2wKeG9OBUXG0Y59aE5OBTQMl3nA5NLuOMdqi3YHtQDzQIlBp4eohzkgfkelLmhCLCMT15xUqPg5FVFPrUymmBaRscjtUm/vUCkY75pQ2KdySyrU8NVUN09KkDYGeapMRa3Zx6U9W5AzVUPk8ZxUsbDqWxgfnTuBcZ1LEou0dhnNOQnBbsvJqkJMcClEueKBFwyAk0CT1OapxtluTxnmn7xnCk4zxRcVi0HJNSKS3So7aSBQ3mozsehBwF/wAallnUt+6QKvpRclkqHYwJIJB4qZZiDkk+tUBISeDipokLtycUhFz7QWHzZNSx3QhOdoJ7Z5qrLD5YyrFvXtVR2wT60IVjSub6S5l8yVyzepqMS+9Z4kJxU8RX+NsD86Yyz5h9eaQyVV8ygy9hSCxY8zng0of1qsrZFODDvTCxaDDb0O6nM+VHQAD8aqiTsKUEn60CZYRwpz6U952b+KoeFGWNRb80CLAbPelyqg5HNQBjQXoAkD5p/mBfvH8Krkk4ycUhKjnPFIC4ly5GEwq9zVeSTJ+U5qu8xbgcKO1RnJ6mkFiYtzywp6Dv2qtuVecZoMpJ60wsXxKqRnaOe1VzJuOSTUAY9AaeDjryaAsTZo8zHSoWc9/wpC4A55NICYsR7UhOOpyai3Z5NICWJwaYEwYYOT9BTMlzjNQu2BjrTVlIGFyPU0DsWGk2jC0gkyecCq3mDOBk0oGRnOaAsWGkHO3t61C7fiadGVXJfkenrUZYFuD9aAE25OTyaOcgenSlZh0AxTRk5wM4pAPCjIJwfalDgHjtUTPjpTZDlAAcMeoxQA+abzCWc1BuB4Y/hSsVCHd27AVWchVJzg0BYkZyuefmNRF+T3qDcS39aVjjgcmkVYk3c8U1n9+ai3D+I81Gz+nFAWJd3f8AWgOScDj61AWpyhjk9vU0irFoDb1+tSeZsxtOCetV4pMkZ57U+QYzk80iAnkyvAxk8+9RKSwLdMUM2Rx0qOThBj8cUFJC8k8Uu0ZA7UqAhcmgc9OtAhZCOg6VFtyAcdTTpDVhE8yFQG6dM8UxXsQswwAQKiZAQTT24J3dRSZ5pAQtAVO1gPXrS/KhygAxUwOcgjrUM+AAuOaVhp30ITK3meZuIYd6Q5ZmPQNzSFeeMZqVWVcEj5QDn8ulIp6CwhCOcZ9T3pXkVEODk5xVFn+ckU+HaQwc444+tFwceo9dp5zxUIO+YKM4JxTXfaOajhlAm3Gi5VtC9dSxoqxqM4HNUWdc5xz6Uydt0jHOeajPTrUNjjCyJmm+bgAfQUqS7WBZQcHOD0NQBeck8Y61PEiOu6RgBnp3oTKaSGTyBnzgLk5wvamlgB8hJPeo5DlyRwPSkz8uKVx20JwN2COmcUkpy2cKPYU6J4/IkDl/MGNgA4981B1Y02wSKC5LYHFApufzp6AuyqOrHArBG7Epw68Uh4JBoFUIlBz1pRSKAVzkAjHFAPWruSTLtMZG0mQkYOeMd+PypFIXrnNMUlWBo70JhYcxzz39qTcQenOKbx2zijnOKGwHj5mA7k1IkMjsVRCzDsBk1GFwgfIxkgevH/66ck8kL7opGViMZU80Jg/IiY80oPrmkH6dqQZ6/wA6Vxi/zpcnGKcSu1QBg85OetNI784FUK4A4IP405mLsWOMk+lDLg46/Sm45wOaAHL1704YB45H0pmSOKUZpoRIX3A7gvrnHNKIwYi4deGA2k8n3+lRDOKM460mxod2yBQKTGaXvg/lS6jHE5wM8ClDEcGkRdxAzj3oP07VQhQeKU4Bxximkc8fSjknmgB3GOv4UBvTvSDp70YpgPBPAFOwT160xSaeoyCwOAOtNCHg4HIJp6txUZPAznHTmkBI56YouIuLM0cbBdu2QBSSoPQ549PwqMHOdzYqIHoR06Uv8qLgSITjIyQOtDMCT2qM9BgknvSZG05yT2xRcCQP6mnhsDJI/rUGcmnBhgHvTuKxNu7DpUkSl2CrySelV1NWrd8DHTPencTJvKIk2FlJ9RyKcOKQSBeQeemRTGOelO4iUH8qcCMDnnPSoATj6U4GncLFhG2sD6UpbP1qAHvTt3HFFybE6t708E5wP0qtv9eSacrECmFicvk1IrVXUjGcgYqRJ/LxlVYc9RTEywoGDlse1WLeEMpaR9iDqepP0rNWQswJqXeGwAenvQSyzvBYhd2ztmnBueOKrRsvTBP0NaESxbQc4x2PNBLY1ASeKsx7YjucnPtVZpgB8v5UySfJw3A9AaBPUtS3hkBBPHpVcvnNV92T04oZ1K5yBTGWPMHc07ze39apeYqjkE0pmORgACmBc8zilRs9arRuCDuPP1qeN0UA9TQFycZpwyfeoUdnPAqYfKAGakJjyNpG4ipZHjjRVj5bHzGq25QTgbvqajdy5yzDP1oESlieppVINQhgDxz+NO8xVPK/rQBOZMcd6N2OtVTJlutOWVehAJ9aLhYnLn6VGziomlGPlNQlyxpXHYs+aKaWJPWq24fxcU7co6ZNAWJ1HtS4zUW8EDBwvpmlaUFfT2oAk3gcL1oVyOtVvM44oDnvQJllpM9TTd3PXiodwI5oZixwOlAWJWcnCrTlO0YJqvv2jC/nSFj2P40wLEjDO1TnjrULv2FRu/HWoxnNIdiZdzEc8VYQAL8uCe59Kqrk4x0qbeoGAM0xEhGeWzTc4+6OKY8g74qF5Sc0ATl8Htk9zSKzZCkkfU8VDF87DdwOpNI8m9z7+9ICYnAyCCc9qZv+9IckCoGkJGE6d6jeQGPa3X2pFWFLl3Jyc1HIxJxngVG7ccUi+9IdhxJUc9ai3EnjNDNk1G0mOnAFAIcx25z1pI/mYDOPU1CxOanjG/5V+VRySaLjeg4RMxDdAT1NPlhZER2ZdpyAN3PHt2pGIyApyPU0xzuPBoEmCMVOQMUMxPJJzScdTSHnpSAlQ/pUnyquTg5qurU4kMn06UCY8tuPHFNBNJH8oO7OaTOckUAOTLuq9CT3q4FUx/eDbepzVQbfkAzyOSamCKCFjfLd6YpFWdmDnI+lSQuJFC+WMjncCc/4UjqXBHGRUcRERbdnJGBg1I+hOGAzj9aicK+C2c+1R7ueeKbuPPNAKI9VKEsuKb5TTbwv3+SFAzmmGQrweM04SkEFSFZTkEHkUFalR1ZI0kA6kjp0qu8jE5NaE8ySQYdcMDkFT1rNfJyallxd9yN2J5phNPZWGMjr0psi7Tg9e9Q7misC89akYJ5SsG+fJyMdB2qJOpzSMeTg8UrhbUuoGeFAduwHgCkeIKevHpVVZShHPTnFPednO41SaIcXcJwFxjOe9RRsFJ3DNPuJRI5YDGe1Q1LZaWmpMSGztGBSHA9ajRypyKVmLHJNA7H/2Q==
  Actual: <[/9j/4QJaRXhpZgAATU0AKgAAAAgAAodpAAQAAAABAAABMuocAAcAAAEMAAAAJgAAAAAc6gAAAAEAAAAAAAAAAAAAAAAAAAAAAAAAAAAAAAAAAAAAAAAAAAAAAAAAAAAAAAAAAAAAAAAAAAAAAAAAAAAAAAAAAAAAAAAAAAAAAAAAAAAAAAAAAAAAAAAAAAAAAAAAAAAAAAAAAAAAAAAAAAAAAAAAAAAAAAAAAAAAAAAAAAAAAAAAAAAAAAAAAAAAAAAAAAAAAAAAAAAAAAAAAAAAAAAAAAAAAAAAAAAAAAAAAAAAAAAAAAAAAAAAAAAAAAAAAAAAAAAAAAAAAAAAAAAAAAAAAAAAAAAAAAAAAAAAAAAAAAAAAAAAAAAAAAAAAAAAAAAAAAAAAAAAAAAAAAAAAAAAAAAAAAAAAAAAAAHqHAAHAAABDAAAAUQAAAAAHOoAAAABAAAAAAAAAAAAAAAAAAAAAAAAAAAAAAAAAAAAAAAAAAAAAAAAAAAAAAAAAAAAAAAAAAAAAAAAAAAAAAAAAAAAAAAAAAAAAAAAAAAAAAAAAAAAAAAAAAAAAAAAAAAAAAAAAAAAAAAAAAAAAAAAAAAAAAAAAAAAAAAAAAAAAAAAAAAAAAAAAAAAAAAAAAAAAAAAAAAAAAAAAAAAAAAAAAAAAAAAAAAAAAAAAAAAAAAAAAAAAAAAAAAAAAAAAAAAAAAAAAAAAAAAAAAAAAAAAAAAAAAAAAAAAAAAAAAAAAAAAAAAAAAAAAAAAAAAAAAAAAAAAAAAAAAAAAAAAAAAAAAAAAAAAAAAAAAA/+EB3Wh0dHA6Ly9ucy5hZG9iZS5jb20veGFwLzEuMC8APD94cGFja2V0IGJlZ2luPSfvu78nIGlkPSdXNU0wTXBDZWhpSHpyZVN6TlRjemtjOWQnPz4NCjx4OnhtcG1ldGEgeG1sbnM6eD0iYWRvYmU6bnM6bWV0YS8iPjxyZGY6UkRGIHhtbG5zOnJkZj0iaHR0cDovL3d3dy53My5vcmcvMTk5OS8wMi8yMi1yZGYtc3ludGF4LW5zIyIvPjwveDp4bXBtZXRhPg0KICAgICAgICAgICAgICAgICAgICAgICAgICAgICAgICAgICAgICAgICAgICAgICAgICAgICAgICAgICAgICAgICAgICAgICAgICAgICAgICAgICAgICAgICAgICAgICAgICAgIAogICAgICAgICAgICAgICAgICAgICAgICAgICAgICAgICAgICAgICAgICAgICAgICAgICAgICAgICAgICAgICAgICAgICAgICAgICAgICAgICAgICAgICAgICAgICAgICAgICAgCiAgICAgICAgICAgICAgICAgICAgICAgICAgICAgICAgICAgICAgICAgICAgICAgICAgICAgIDw/eHBhY2tldCBlbmQ9J3cnPz7/2wBDAAYEBQYFBAYGBQYHBwYIChAKCgkJChQODwwQFxQYGBcUFhYaHSUfGhsjHBYWICwgIyYnKSopGR8tMC0oMCUoKSj/2wBDAQcHBwoIChMKChMoGhYaKCgoKCgoKCgoKCgoKCgoKCgoKCgoKCgoKCgoKCgoKCgoKCgoKCgoKCgoKCgoKCgoKCj/wAARCAQABAADASIAAhEBAxEB/8QAHwAAAQUBAQEBAQEAAAAAAAAAAAECAwQFBgcICQoL/8QAtRAAAgEDAwIEAwUFBAQAAAF9AQIDAAQRBRIhMUEGE1FhByJxFDKBkaEII0KxwRVS0fAkM2JyggkKFhcYGRolJicoKSo0NTY3ODk6Q0RFRkdISUpTVFVWV1hZWmNkZWZnaGlqc3R1dnd4eXqDhIWGh4iJipKTlJWWl5iZmqKjpKWmp6ipqrKztLW2t7i5usLDxMXGx8jJytLT1NXW19jZ2uHi4+Tl5ufo6erx8vP09fb3+Pn6/8QAHwEAAwEBAQEBAQEBAQAAAAAAAAECAwQFBgcICQoL/8QAtREAAgECBAQDBAcFBAQAAQJ3AAECAxEEBSExBhJBUQdhcRMiMoEIFEKRobHBCSMzUvAVYnLRChYkNOEl8RcYGRomJygpKjU2Nzg5OkNERUZHSElKU1RVVldYWVpjZGVmZ2hpanN0dXZ3eHl6goOEhYaHiImKkpOUlZaXmJmaoqOkpaanqKmqsrO0tba3uLm6wsPExcbHyMnK0tPU1dbX2Nna4uPk5ebn6Onq8vP09fb3+Pn6/9oADAMBAAIRAxEAPwD5Y565HFOjjeQkIpbCljgdAO9NIAbCtkeuMVNbI0kvlQl2kkIRQn8We348cUwK54oFPYEMVYEYOCKaRnpikAi9cGn5GD2IpvQ/40pHyg9+9AE7zQNZxxrAVuA7M82/O5TjA29sYPPfPtUBycdqFUkEgZA5NAFMBADmg8HFT3MSROoSaOYbQcpnAJHTkDkfl71CSc570AAU9uaOh56VKkrIoCkjqM+metRkdOetACAZ5FKQR2xSgFHwwII609XQEnG4dADTEQ8g0E+lKwOc/jShmUMB0YYNIYIqs4DttU9TjOKQ8N8pyM9TQQfoadtIAY9OlAAQNx29PekAycDn0qSbywyiFnI2jO4AHOOfwzTAT2wCTTEN70tOOQecEjjjmkzkYPNMBO/FLS96exUuSi4XPTOcUAIxyxOMA0i45zz6U+TLZcRhEY8BRwPYUygAOSM0mafGFLAOSF7kDJpKoQFW3YIIb0pzZHB4NID3PWjt/SmAbTjdx9M0KcZ4pKXr7UAA9qcPWkAH1qRSQuB0PX3piAHqTwaWjtgjFAGSACPqaaEGCQcfWlQfN1471PYxpJeRRzSiKN2CvJyQoJ5JHtT9Riit7+4it5UniRyqygYDD1piv0Kr8nOMVH3qQjt+P1oYYHbmkNMaMhSMde9GOCRS/wAB9ulJ2pWAQnjnH1pv06049O1M+tMaEooo7Uhi9hjr3NLnI6c0gxmhfrQIX6iirWl20V3f28FxcJaxSOqNNIDtQE8scdhS6rBBa6ldQWlyt3bxSMiTqpUSKDwwB5GetVbS4r62KhwO9NNOptSUhDSUueMcUhHvQMTuM9KGxk7c47Z9KOe9FSAdqXJ247dakuJEkZPLi8sBApAOckdTUePWmAoJ6tyM5x60FtzE++aTGfrQMUAAJGcjrRS0p5xgY4xQAfTmlHB4pBjFLjp3x2piLl7qFzfCAXMm/wAmMRJwBhR0Hv1qsD17U2lxjindsVkhefzpccetKo/SkxQAgpccA0uOfb6UYzgD8qAE68joKUdKMEH3pwXn19aQgX3FSLgDkZNIB+ApduBTQhwJx/WnjPAHJ9hSMAGIDBgD1HelHXjIOMVQhCOT2PTFIRTvmBznnPNXNQ1G4v0tkuGVltohDGAoXaoJOOBzyTzQBQwCfT8KTHNPI/Gk7nOOlIZIkWYt25RztwTyajUc8dKEye3FP4znjmmIYVwOuaacfTHtU6KrNh3Cg55xnnFRMP14zSsFyBiSeKbipNh6YNJtPvwaCriImVY5AwM896UDDYJpcY4OaD7UAS3aQxlBBKZQUUsSm3DEcj3x61AOKdgYwevpShfegVwjHzVIpwemR6Uir1GOfWpFUEc5oJbGgHrT1TJ/QCnonQHpVhI+QOOKpIhysVwn/wBepQh4qykHT35qV4NqKcD5hkc1aiZymUdvp69KeAeARU4j46VIsXAOfanYlzIApwOPxqxEhOODkVZaJXKbU2AKB1zk9z+NaNnaA7CvPHNbQjqc9StZFaC0d1JUU5laFvnUj2NddpV3b6eJlktoZy8bRgvyEJ/iHvXNatIHkJB5PeuiSSRwwquc7MzJD3H5VEJMdeaRnx9aYO3oa5mzuUdNSZTu69+9NfgevuKjJ/Cm7zRcOUV2IAPXNJ5mTxSPjHTFM3bR2qWy0roRnPbNG/I96Yxz+FMEgXGQCPTpSuapCtwTjmkVsEZ/Koy/rTd3vzSuVYlkkyT2/GowMhsbi3XGKjJz1605GIyRnkEdcUXKSsJjjgHmkHXmnHkUg68Y60h3HAE008Vo6VfNp8sjiKCYPG0RWaMMoBGMjPQjsapMMmnYm5FnGc80zJJ4qVlJHH/66iOQTUMpMduXAx170ue+PamAZPtUygEZGaa1E9CIrzTcVKVOCcHGcZpmBjiiw7kRHtSEHNSYz70rKM4BzSsO5CBzgVNBNJC2YnZWPykg44ppUg5H6UEdc9c0h3uZWOeOlBOCNp6VJKYy2Y0KLxwWyelMBBzkE/SuQ6RNxYktnmgccnsaVRlwvHB70mTjGfwpAJkk/WnL8vOAe3NNBxSv29O3NAC5wMD/AOtSd+O1G7oOwpCOPWgBaU8/MSMmkBwCODmpgyLE4Vch8DLdVI9KYEeflPbNOcZCsVwDwMDimj5W7Efzp4ZpDsQE5OFXGevpQBGeRyeRwKT+dTyiKMMigu/HJyNh/iGO/wD9aoeh4P5UAT2sqQXEUrxLPFG4Zo5MhXx2OOcH2qMYef5QqqTkAngU0gAZDfMeoA7Ug6HJIFACHtk5HrRnnqQKcyMh57AHg5pvBOAeO2aADjtmntyc9O3JzTmhZVQ5Rty7vlYEj6+honkEszOsccYPO1PuigBFIRuQHA9zigHGMBTg5+tIMcH2o45xmmIDjtkd/pSqD/8AroIwByCPrSqPbJ7U7AJzxS9qUdOe/pSds5qrCDtRS446jr0zQM8n0pgHpS9jijqelL+gFCENI560oFOx8vXnNJ9adgAVJCFLqGOBnr6UwZBBpw5ycflVITNLWobeDUWSG+TUFGMzRhlDHHQbueKzjg5/lTe/Wl/Ch6iSsOx0wc+tLnoM5poxnkU5RyASBnvQAZz0IHak9doPr0pvSlJ9D7UgAtnjA+tIfajoOnvQcbRx096BiGmGncdxSMOeKQ0J0JpB+lBGDQRjigYoODQOuKB36UtADmXaFORyM8Hp9aSig9KYhDSGnHpSEYxQMacnk0lOOMAjrTaQwVSxwOTSUvejFIAAox+NOTAYEjIB6etPUk5VB9/jHWmgIxwecUY9qUjBPHSl5xTsAg4PQGgClxS4xxQIQClHrTsUuKYDQOec49qAOuM4pxHSgDmgQsY45pdtPUAAENz6UvU569zQTcjIGB196Xb7U4jBpR7UgGgYpQDT+xHY0oHpTsAir8vXnPSl2jFOUZp2CTQK4xFP4U/Hpxk07bgVIE45p2JbI8dCAaaRg5PNSkbeMnPSmSuHJYKo9lHFA0R+vam9e1OPPNNpDEA5xmnjvzSNnOe9LnpmmJinJXjmm+lPOAPc/pSehFMSY1gcdTTQvOak46E803pyBSHcAAck9KiI5OOe9Sk5HzdaiPHQ4zxSY0KpyalEjlAm4lAc7e2fWoYxzUwGT8uaBMeEx1HFSqKYnXoamHbpVWM2x0a8VPtGcZ5qLJJBY/nU0XJ5qkjOTJo1JPPSpgAc5wKhJAAxnNPVwcZ/KtTF3eovl54HBpVXkAjjvSqwGfepYkLxlguVHBPp6UyL9y3bBcDrv/Sr1vlGDKSCPSsuHKvwTV2WUogJOK0izmqJ3J3mADZrJvZN3HXimz3W4nJ4qnLIWxg0pTuVSo2d2Mds88VGZCQPQdqjbJPXNBBAHTmsbnao2JoHj8z96CUPXb1phcZ47VEWGSO1Rlj2ouNRJ3fNRMxA4NBcY5qN2BY9B7Umy4xELnPNNLZNNJPNN5z7VNzSw7I+npTSxozwR60339KAsPzTlxxzz6UwA5pxPOe1MTHdvShRxnPPpQTnvmlX9aYug8dOPzpSMelKoIPOKbNJvZmJGScnjFMgidypypI9CKhJ55pW655po69Kg1itCZUO3fjjpW39hsz4XF+uoQ/a/tJhNkVIkCbciTPTHasEE446U7J6c4ppkONx4ORtzxQEJx/Wm84zShz+VFx2Ze0Q6dHqMJ1eOeSyGfMWBgrng4wT74qjKVZzjO3tmlY5z+dM+nehsEg6YwKCATxjPpT48YO7J9MetMbrQHUxvejPTGBj0qe4na4EYMcS+WgQeWgXIHc46n3NRRxu4dkXIQZY+gzj+dcJ2Dc8579aklcec7RZCk8Z64pOZH+ZgGY8lv600Lzjk/TmgALEnkDkY6Um07d2OM4pxb5duB1znvTpWklVXcllACZ7DA4FMCEVIUCvjeGXIyy0YLkkgnHUgUg6FeMHv3oAGChyFOVB4OMU512qjb1JYElR/Dz3qP2p2RigB4zIqoig7Qeg5Pfmmru5K5+XkkU0HHrQT0wc+1ACjg+1HfOOP5UuSqnjhh1I/lTeh68GkAoo3HhSeB0FB27eM7v0xQq5YDIHPemAmDj2pAM9M5pxI5AzzzSBiCdvGaAAZ7dO9L1oyduBnH86VfmyML6kmgBy4G0n5h1IpQASf4R/KkABAJbn0xS7c4+vTvVJCFVcuBjOaXp17VdsLdnlhO1jEZACcdear3MTRTOjDBUkYP1rb2bUeYjnTdiMkuck8+ppCNrEdcHt0qWSFo1UuQGPRe49z6VFUNW3Ghvc4p6sQCuSFPJpFUlSwxgdeaWhIYDGDxz25pfSkHpSjpTQh2BgUYwcZB+lKST1zwMUccetVYkbjmlHTpSk/wCHFNxjvQMXH1/CgDB5GRR+OBThjBznPbFFgADvn8KBjkHOPajk/SjrQIMkcjHpTSCafjgGk/L0oAbRnBP9aU/Wk3EAgYwRjpQNAoyewP1prfXNL0o9aQDcZB4PHNJjHORTj074NIOPxpDAZ780uKMYpV6E55FMBMc0fSnKAW+bp7dabjnkUAFJ2pR1pe1ADMUpXgHIOe3pT5GDsCEVcADA/nTOp4FAxMD1pMU7FKOD2/GgA2kIDjrkZ9aAcYIz+FHOad1OSO3QcUANFLilApQBzkUwEOCeBilApcU7HpmhIQgGKklZHSMJGFKrhiD945PP9PwpoFApgNxS9sY/GnY4pAvPFAhVz7n0pevQfWhR6/SlApCYYp2MHg0cHHY07HJ70xBg4xj9KUDsKVFyM5HA9acBTsIFXOO1SBeT2oC5xinqPXp6UIlibQVAA5p6cevPvTlQcA/jUhXC9PmqkiGypKpJNRYHf0q1IR3/ABqG5fzpmk2qu452qMAfSky0yEg9+Kbx3zUirkGkxzxSsO4w0qfSjaad0HShIGw7etJ684zSkevT1pM80xCc0oPqM0UDg5yKQCEcUwoefSpvSl29/wCVFrhexCqfLxUiqSOaeF5z6VIFHH9aaQnIVRheRSh/lC5OAaX0z1ph5PHFOxCHbsd809JCDn9ahAOMjmjfwBzj0o2CxaWQE/OaUv8ANkHBzVISYNPSQd8n8cU7i5C2JcAnPNW7K9eHIB+VxhlPQ88ZrFMh3ZFPSXbimpEyp3RsNc8jHAHGR3p892pj649qxhOQOvFJ5xbPp9afOT7EsNLzyaaZcn/61Vy5Ixn9aj8zqCam5ooFzeF5zz/KozJxnPeqxf5eDxSFueoPHai41An3bjzTlwT9TVUN61NE3PJppg1Ye4wTjp0qI98GpZsBmCsCM9RxmoSeOOlDHEC2FIwOcckc0z0pWYY5HNCtzU2KF2EjI9elIBkcdqcMjkHkcg0q4Jye/rTsK4iof0pSevAxTwQOKQkH/CmJNiY5POfpUijHeos4PFKG7ZoE1ce7YAHpULnjA+tOY5PTtUTHvSbBIbz1H86ACOvApeSfWlA/TikaCjGBjr3p4U4+nWhRxUgHGM9T0pk3GckYP86MEVIq/iKRhk5osTcjOOgNIQSP1pzClH6g0WKEzwM0h5+tPx9PpQF57U7CMaGaSCQSQyPHIAQGU4PIwefoaXythIkIXK7l96ayqFBDgseoA6UiMQ2cAk8cjiuA7BMnGDz+HShSR05PTilYFWKngg4NJyjdc4PboaAF2jC4Of6UjEgkcY9qbkg8cfSjvQA9Tg/Nnng0hXa5Ug5B9KT0PrSs5YkknOMZPWmAE5zwATz9KQ5P4UA4B4BzxSgcjPegA46E9PahSN2D936UmMk47UsYBZQTgE8n0oAchLMm5jheBu5H0pZdg3BfXgj0+lM79qlmZ52eZ2UtkZ6An8PwoAhycg88dKGJY7jzzyaPanKOdvXn14pAIwzznnjINIAMHnntQSTyetOYBW4IYdeKYCZ4GT9OaeFbbuwducbqQ5GMrgHkUmSMYpiHoSFIABB9RTzGR1YA9sHNMXBVstjHI9zTlKjljxjtVIDq/h/d21prkL6nF5umAj7QmcZHt710HxNg8OWeoC58PTTP9sjFwkky52BieAB346mvOxMX+VRtUdFHSn3Vw8/lKzfdQKMen+TXdGuo0+U4pYduqqidiu2XbO5WJ5JJx/Om9Dg0hBB5GDSgjjPP41x7s7BzAKEIcEkcjB4pBz1pO3XNB4JH50bAKaAeaCMHGQe/Bo49fpTEKOtPGSKYDWnoOqvo2pxXkcFvcFMjyriMPGwIxgqatEvyM85FJzUlzL59xJKURN7FtqLtUZ7AdhTY1eQqiBmJPCqM5PsKTBDaUcdaQ5B5GMe1OUMxCgEkngUIBBz0p31pB8rDjkHpQTkk460wFBPbvSUtA60gCQKAu1icjnIxg0zj+L0pzdKaeevakCY2pUeJbeVXjJmYqUcNgKBnPHfPH0xURpp/OgoXtS0Dp059aXtjA+uOaAE56Ud6XHH9KBQAuOM9s+tAGQTnoO9JS0wEo+tOApaYDMUuKXvRgZpAJ0ox70tOA9KAG4GO9KM4wD160uO1KB6U7AJt780uKUCnYosA0CnBacBinoueuc44xVCuR4xQVqQj2oC+tKwXIyKcM8c8in7aTBxjtRYVxvFHOMc0/FA49qLCGge1OA6UoHXrxzSqPpRYVxwGFB4p4HelVcjipEQkdKqxLYgHHSnqMdcfjQFwOaCfWhIm5JHj15HY1LO4MaKqrlc5I6nnvVXcQRj86Utu5qiGhkmDnHrUWM1NIu04PUU0HjnFTYu40pwM9KYULZ61YQZbrjNX5dMmjsIrx4z9nkdkR89WXGR+oq1C5m6lmYxXBFD8n1qy6fKemBUG3NS1YtSuRgYpOQT71K64xwaYTzSKTEwR1/Wn44wTTQSW5yTTyMAA5pAxh64BBFO780AZPAz9KBx+eKAZpwx2B0iZ5JZVvxIojjCjYU5ySfXpVFXGCO3rUZbB65pAe9U2Qo7khIzjHNN3cUwt6U0/jmlcpIkyAPembuOO9Mzz15oLHAXPA9qBpATzzikDnOQelMNJn3pFWJQepNKScVEOBkEU8SFVYcEEY5Ge/agVhCcUAHnrQrZBHPNH4Z7UhiF8DjOaTqB9eKeyjqPSmbTj2oGhM1IoAUcZNIoJHPSnqCOtNITAAsev51IFxTVXkA1LMAp2jBPcg1aRm30IiTSe5HFIfocU7AP9KQxjDPT9KaODUhHFAXngUDuJn2oJJOcdKDn29BS555H5UCHLjHOfwozjocUvUdqMe1MLiDOMcc0w89qeOuQfpSEZ7UBcYPfihjnk4/KnYzimkfiKQCLz+PvT1XngUgHep0A9vxoSBsRFz0p+3LU5U6gDtTgOOvNOxDY3bjAzz9abJ+H0FPb3pjDcTTEiLHPHWjB/xp+NvUUg6/4UirgOeT+tPA6DHNOjBHIOO1SBB+NWkRKRzcOwSjzUZ05yFbB/PBphp8bsj5iZlb7uR1IIwaYBj73Hsa809AdtYpv425x1700joMjn9KfKVeQmNdiHoCc4H1pmOcdcelMBMelOA3DPJxTfpT4mwwyMjPIzjNCAAxQHp8wx602hyN7bRgZ4FLldoGDuzye1AElxIJpS4SOPOPljGAOKjTPIXOenFKSXyxbOABz+lICV6HGR2NACAHOacSMDBO7uaWJmR8oASQV5UHqPemkEMc/pTAVtw2k8cZH0ppI7Uox16e1Ip65BPFIBcfMNpGT+GKd8y5OODwTjIqOpG3BAMnafmwaAGhS2doJwM0HAAxnPck0AlcYyD2p6RhkZzIq44wepPagBq5ZgCSO3TOKMgDHfPf0pU+Uk7ipA4I7mm9/SmAuTgADGOvvTwQPTB560hxsAwcgnvxQeV5P0FAh4ZdgXb82eWzSsRgAdT1pgGAPTpT5FQNhHyvHJGOcc1SYCEk9e9B9R0/lSd8DBpxOfTGOg7UxDSaUY47U2lzk+hpgOB6AfSkIIOPSheeMZpRx6UxCjn8qXODSDpwec9KCCACRweRTEOzgYxUsE0lvKJLeR43Xo6NtI47EVCOtWb8232gixMvkYXBlxuJ2jPT3zj2p3EQck/WlB6Y4+lIPaloAPr1opQtB9hQADg+tAOO1GKO9AAQQM9vrTeT1pxooAjIpAOemaefWjtRYYg4x0peueffFAHXFL0H1oGIB3Bzj3pOp9qXinlF8vdvGc429/r6UARilFKKXGKYATkAYH1pAOaUClxwDkfTvQA2lxS9e1LjjmnYBO9KBSgc+1KB+VCQgC8Z44460uKdgdqMc1VhXEAp8cZZ1VASxOAB3NOVTTselFhXGAdjTkLIyupKspyCDgg04L2IpwUY5osFxmM9acFp4UYp4SqURNkLLjAI7UbcVMUI7YPvScbTkc0OJNyuRSAcnJqVuOAKYBz04zU2HcB0xzilA45FOC85IpwHt7UWFcehxjvUyH061APypx6jFMm1ydmyADzUTL6HNOJ4pGIIGD9aomxERyaOnQ5pTSAcjvSsUISc896B700nB560jfX6GkIsIwHPFSNOWjCljtFU9xGM/Wl3ZPNWpESp3JXAC8HI70xcDsDTS+B79KFfA44zU3Gk7COcsScc96jP15p5APXrTTwOKlmiQiDPOCaUtnPrQoI47U7YM9MUDGg4HHWkLZHX8KViAPQ1EWJ7UgSHqxGc4x70E59qZnOB79TSZ7Z70XHYXPOTRuJzTWBBIPUUh96AHD86TjBJNAGRxRgH2NAxAOfYc0nXJzge9OxmjGPpQAzp9KUDnNSEAAcZPqKTGQMUrBcF65OOPWnDJYUmOaljGMd6aQmxGUgAAYpoUNnjFTOAW9RTlXHOMZqrEXIwnAyKdtx9amdQPTHSmhST15q7E3IgvU5HHPWkx+WalZR0pAuPpmlYdxm3pxgGhl+uOlW7jyDBC0e/zcHzAR8o54x+FVCeeKQkNAwcnkelO2jHP5UH7o4HvS44GKB7jNvPFJjBx3p7DOOKMYXk8+lFgQ3HA7mlzjpQeh54oGCvOc0wFHP0PehienH5Upx/hTWU8HnmgBrHcSSAMnsKaODkDPtTiBQByKQxVFTryeAaYgI9qmiHr1qkjNscq4I4OKUrj1x05qQgbcYH4UzIFXYhO5EfvetPwDyMCpLeLzZdodFOC2WOBwCcc/SoS+3O2o2KepG+M00DGMZ96Xk9e9O2jA9aRWxIo9KsImcVHEmVJz07VaiOOoHNaxRhNnE55zilznk5ptOHevKPVJ7e5MIkwkTF0KEugbaD3Geh9+tQ9ec0h9qAcDHY0wHH5j6fSnIxQq4xkdqSNzFIroRlTkEjPNIuNw3E4PXHpQA096XHXrSOck4zjtmlU45PTNCAPTNBUjnBwelaniC+sdQ1V59J04afbMqbbYSGTaQoBOT1yQT+NZZzwDnjsabAXLLyCR3BFNA5wDSgEn6UoG7J46ZpAIVIJB6g+tIR05pfw5pVA2klgADjB60AIBkHrkUEn1pQSqkcgHr70roY2IbG7g8EH+VACZyMHsODnpSAniniKTZ5mxvLztLY4z6Z9abgY680AO2YQnoQenrSLnDAdD1pB9KeSpTodxbr2xTARMBgWG5QckA4zTwRubGVU5464FNHAOckHoc96UEgEccjHNNCE7DHXr9KcvXk57800e/SncbuMkZqhCr0PJB7YFL2Hr1pB7Uq4BBI3D0JxmmAjHPYUDPAH8qUcelKuArArkkcHOMUxBtO3djjOM0UlOHPTNMBBRS0UxCClA54pRj8aUUAKPcc0opAOeacOOxpiAjDEHtSj8KB0pfwoEAGTgY60hFLjjjr6UuOB0p2Abxg5BpCMfSnttyMAge5zSdCduMH2pDGY47UAdenNOPb6Ug4PNACYowOeaeAMH9KQCgY0CjFOxz6UoAwSTyKEhjAOuQOaUClxzzSgZp2AGOewFIBzTsUuKdhDcdaXFOC08pgKcgg9geR9adhNkYFPApcDtTtvoadhXEVRkA5/CnBcH0NOCdCTTwvf9KqwmxFUlSQMgdacqk8AZ70u3inKvHQ4pk3Ggce9OA45p6jBHcZpQDnpRYVxFUVMiZFIgxU6OFR1KhiwwCeo+laxRlKT6EMiF2wCSelMvLWW0uZILmNopkOGRhgg+mKkJIYHpTJ2eSRndizE5JJzmhpWBN3K4Q4yBx60m38Km9Ac4HamsATwOKzcS7kZwpweaVefpTmX9KVBgE4zUtDAAU4KPw+tC5z9amVfl4FNRJbsRPnPGMe1NwMmnsDzTHJC49aLajQgwWGTgZ5PpUb8f0qQeuKjbJ+lFhojJ69zSVISfLCYXg5zjn8/ShFIyAOfXFKwyL3pB+tSPyOBjimPkYyMcZpcoxOcZHOOtCsB260jdeKOcd/rSHYmdlxwuD3OaaFyfUUIOOtTrHkccU7XJ2I0X0x70EZBPpViWFopGSVSjqcFSMH8ahKgEg9c0NCvcrEZJORnryaiYjJA5qdxg4/WosFiTUM0Q0Y+lJnJz70dOBQBzSAXNKq5B5AwO9GPfNKAOp6UCFjwCd2ce1If/ANQoHBzyAaUcnjiqExuOPek56+lSMASOQPekK/5FFgTGgZNL0/8Ar09U56U7ac8807C5hirzU4yeccAdhSIuGB9KcT1HTnpTsS3cFHNSgAAGmqOlTKARz61UURJjMA9e3ShVyKlWLOAD1q8beewhDSKEFxHlcjOUJ6j06VryshzRmY428U1QB2qVuTz0P8qjIxwcnms2UncjkXIIzUeOKsMuRkelRMDkccVFi0wA3Yye1GB68UuOM9Kci5GeD2xVWFcYFGfakI54qbYQpxmmBD0NFgTGFeO+PemgDP8ASpzHgDnrTCuCcUWGmMwOhFIRk5p4HY9KXA6g8UWHcRo8IM5yeevakVQCMmnqCTzUiLk8cjpTSIcgiTkZqQJtPXOO9TRRn0OaGUk8VoomLnqQOT0FNJPGe1SSLkjNM24FQ7lxasNkIzlePQVD055qd1BHHHrmo2Urkc5qWWmNQZNTouSM9KiVSDn3q1GBTiiZuw5E54qboeOakjGBng9uaGjOc1qkczlc4QUvQ0lPwdqn8K8k9oYeTTmxninHZ5ahVYOCdxJ49sU3jABOff0oAQU5ULkgc4GT7Cg4xwOfWkGAcHpQAh5HU5pQcjBzjt9aTjPf2oFAC5x0zSZ/OnMxZiTgBuoFN70AOBycZxnr6UYAYjPHTI703tSgZU+3SgAUkdM5+vajoRnBHpml38AEZUZx+NCFQfmyQewNADc9ugpR93PGOlG1ipYDKg4Jo69T0oAcCcgZ4pMYPXNABpyKT+PrVJAIVIGcHHr2pVAJwWwKApAJBHHbPWjsT6UCA+lLxik7D0HSnYycjgH1NMBD04NOGPzpADnvTurdAPbNNCYpAB+U7h9MUZBABHOetKpAPIzznrR3zViD349KfCgdyGdUG0nJ6cAnH49PxpvandM0WEJ+PNA+tH0pR1x29KYCAcE8cUUox3ooAOvWlA54oHNKMf8A1qaAAOaeobGQDx39KQdegpemRnpTEDYzxyKMUrKyMVYEEHkGigA6DjrQfejFHOaBAeTxRxjoc/WjH1ooATr1NB6/hS4pcc/1oAQdeKAO9LjP0pR0p2AbjmgDg8in+nFG0dqdirjMU4AdKcFxTgtNRFcZilC1KE+tPCZPQfhVKImyJRxjtTgualEZzUipgH5ckjGfT3q1BkOSIAtPVKnWIkj5etTRwM3QZ9quNJkOoiqqfTFO8v0q8lqxHQ+vSpVs2wcqeRxV+xZn7aJniMFiRwO2fSnBDjHatFbNsfdP5VIli/8AdNNUGS68V1MzyiDwQeKcsRK57VrJpz9lqZdNf+4eK0WGZlLFw7mMkZ96e1uwyODwCSDW1Hpsg/gNSjS5SMeWfyrRYZmbxcO5zjRt6cGkeLAXBySMn2rov7Kl7xkU06U/9w5o+rSD63Duc8kDOrEY+UZOaaybVG5cH+ddD/ZbD+E1FLpzYwVPFS8NIqOLg3uYQibaW2nbnGe2aAhrUNiw/hNIbR8fd/Ss/q8uxr7ePczAuKdlsDNX2tCBnGB+tQtAd2Kl0ZIpVYspknFRsMnpxVuWMBiF5A4Ge9RNGR1qHBlqaIQPQ4xSMvOeMVdW2Q2zSGQBwwUJg5IOcnPTjA/OoPL65OMcUcjK5ivtA/8A11agspriC4mjjdoYFDSMBkICcAn0BPFR7OewPXmlDOquiswU8EA9aaVtwbvsVyvOAc1HIOSOp6Zqw6EZFNAO4cAkc4IyKhopMqlSaAOQM4GKlZTwfWkVMscfWs3Eq46MEEVacnzC5wDnkDtUUUpWN4wFIfGSVyRj0PapCv7oEDg9frVWstCGw3s7lySzE5yec1G53HLH6VIgwnNIV6jHOaWrEVplwaruOeOlXJV54/KoZFHUjAqGi0ysQRyRSgDuaeQTnFLsPPcdM1Fi7jQODwDnpRjNPUClAA6inYm4zsc8UoXGP8aGzn1p64wO/tTE2MPA5FKo5570hI6ClBz2xTEWpViMr/Z9wjz8u8849/emKvHFNiPGOvrU6js1UtTJ6EZIwBj60085I4IqR0wSaiPuaGNEiOcdjzxmrMY3DJx7VUTOR/WrsXTIFVAmbJlBCg9hSzymWNQxJCjaB6CnjLrgjpTGG0+3piujoc11crBecHpTWUZ6jBqzNMJIo4wiDZn5lGGbJ7nvVOXrwcisJaG8W2NfgAD9KYck+tIWzkUgBNQa2HEjA/pUtvjOOfamNE6BSVIzyOOtPh+R8NwapbkvVaFwQ7hnHFIYcc4yfpVyyKuQHwM+1WNTjigkIV1cDGGXoa25U1c5PaNSsYsseBmoSPX8KszvuPPBqvj8azaOmL0GbfQUu3jjvUgXAzTlXceaVhuRHtBHSpY0PWlxjjpU8C5I457VUYmc5aE0UfGKYU5I/rV6JRjmmNHznjit+XQ5VU1M2UZYjoKQr61ZkRckjtUZXJ56+lZcpupaFZl5qNgWIz16VadVwc/karEc/wBKhqxpF3HKuBgDn1qWMYPWmxjIGKlRRnNJITZajGFBHOakAAGMdaW3XIAI4p7JgnArZI5JPU86HUEV1+o+INEuvA1npVv4ehttYil3SaispLSrzkFffI9vlrkD6ilXg579q8dOx79h0mz5Cm7O35t3r7e1IrEKygjDdaGyTubqeaTvx0pDFAG0c9ffikpWI42jHGKRSQeM56UAJSnlevSgE4x2pBQAHJ60U7gY7+opD1zgfSgBKOnHce9K+SckAZ9KM/LjA65z3oATHPXNORGcnaCcAk+wFCAl129c8ZoYksSTknqfWmA2l9u1KvBBx068UuRjJzuzRYA6Ac5z1p5IfHRSBjgY4oWMmJpNy7QwGCeefQelN4xVIQdOQc/SgCnMpXg45GeDTvMfJKsQSu07eMj0pARjI6UopeoA9qMfSqSEOQZbBYD3oFGBwAacAR/SmBLDD5kcreYi+WobaxwW5AwPfnNRj2oFPbGfkzj3qiRDyegH0oP6UpxgYHSlYAdCDwDTATtR2o/Wl/GgQmOccUd6WjGKYB9AKWlwM8H86B14OaADp0pcGgjBINLgfU1QAcnknn3qSHyt374uFwfugZz261GTSj0PSgBBS4I7daVV3dMkgZ4oGe1AgP8AkUYxxinAdBTmLFFTOVGSB6E9f5U7CI8UN19qeBzn07Uu3n0osO5GAaeOvOCelOC8e9KE71SiwuJt46dOtKoqRVPAqVIiR04rRU2yXJIgCe1SpH7ZqzFbMxxg1ehsHbHy810QoN9DCpiIw6mdFAWHYfWpRbHHIrpNM8O3t+4jtbaWVz0CKTXe6F8HtevirTxJaoe8pAP5Vs6MYaydjjeMvpHU8jS0OR34q1FZNI3yp+Ar6K034JWMGDqWqjPcRoP5mup07wF4N07AdJrxh2dj/IYqfbUY+ZnKpXlsrerPly30edyAImrf0vwZq16cW2m3Muf7sZx+dfV2n22j2KD7DosESjo7IB+p5rSGqIB96GMDsozUyxyXww+8Sw9SXxT+4+aNP+EniW4CkaW8Y9ZHVf5muksPghrD4NxJaw+2/P8AKvbZNdhXOZ2J9hVZ/EcWOJXz9KyeNrP4Uh/Vqf2pM88svgbGMG51FAfREzWzbfBfRo8Ga8mfHooFbc3iu2Rtrz4NQnxRalv+PhvwFS62Jl1GqWFXS/zI4vhL4Zj+/wCe3/A8VYX4YeFVH+okP1kNRHxDaH/l5fn/AGaRtdtev23H1FReu/tM0thl9hF1Phx4WT/lzLfWRv8AGpB8P/DA6WI/77b/ABrKbX7bPGoD8qQeILds41GPj1OKP3387/EL4f8AkRrf8K/8Nf8APl/4+1Ifh74ZPWyH/fZqot8z5xqFvgLvJL9BVCXxGkQJF3vwcfIKSdZ7TYNYdbwRqSfDTww45tCPo5qjcfCbw1KDhJk+j1QPi7B27pM+vSg+KpPKkcSKCmMK55b6Va+sr7TIbwr+yRXHwW0STPk3U6H3ANZN38DYSCbbUh7BkrZj8ZShvmH4Amr0Pi8fxs6g985rRVMVHqRy4SW2nzZ5rqnwR1lMtayW830bH865TU/hZ4itN7SabKyjug3fyr6Fh8UxnAFwv/AhiraeJVIyQjj/AGWqli6y+KKYLD0/sSaPki78L3ls2J7eSMjsy4rPm0WRDkocV9mPq2l3g2XkCHP99Aaz7vwn4X1UH/RYVZu6Haf0rRYyH24WJdGstYSTPjeXT5EDds8VXa0YckdvSvqfV/g1pdyGaxupYWPYjcK4XWvg7rVqGa18m5Uf3Tg/ka0jUoT2YnUrw+KJ4a1vsT7pJxz6CoDFgjAJJFd9q3hLUtPYrd2csRB6leKwJ9MkUn5Tke1OVG+qLp42OzOeEZA29AetMeMBj+nbitiWydcAqRVZ7U88ce9Yuk0dUa8X1M1oSqBjjDZA59KjZFV8A5GeDjFaMsQC47gdaqvGR2rGULGsZplYKQcCrKjgDpTGQ8EnPerCABfm5J71CiU2M5KYHQDmgdsirIhPl7gRtLbevNR7evGO2abiSpFeZQPu8/UVVdeavMD6VWdcnntUSRcWViuO2T9aNuD+tTFeDxRgNjjB71FiuYiICjjaSR+VGOOn51I4Gff2pmOPYUWC5GQTnvTTx1NPYknp1prD2qRpgoBPNKRgdDxx+NN5zxTlyRzQhsdH1qygxUccZyMjI61MRznGB6VokYydxXBPvxVdh+NWWOUINV+nSiQognBzVhJP73SqxYdAMU9T9fWhOw2rmhDMFwTT7iUOAMAVQDkEdzUu7KY74rVT0MHT1uIxCjIOT2qu7cU9n4OBzUJNZydzaKsIxPX2pVbbg0hwD65po68EVBpuaF/qT3cVssmP3EflrgAfKCT/AFqkDhs54qPkt9ad3xg03JtkqCirIvQzbFGOT9ac8zOvLdKppk9asbPlB61qm2ZOKTuxoJY5p6rk9PoKYFI4qxFkYI69sGhIGyNU561KqZ6U9FPUdOlTJHx0q1EzlMrlee1WLdSXGalWLNWI4dz7u9XGOpjKpoSRxZHHWh48DGKuJHhOn1o8ok9K35Th9pZmW8XfHaq80RzuxitowFgeKgmtm781Dpm0K6MSRRtOc57VDt68dav3MYXPGMcCqqryPSueUdTthK6uMjUg9sVYjXnIFKqjPHIqeNOc0KIpTJI/lGKsQkb/AJ1DD0NQlSTnHepFGOtaI5pa6nmvXOOgoz7dPakJ9qcTwMDnvkV4h9GPlnllCBnZlRcKD0Ue1RkDAwf0oIIJXP5Gk780ALuO3b2zmjBGD6+hoVSxwoJPYd6TpSAdtIJB4I7HikHXJFHengryWB5HGOOaYHQeDNBtvEF9cQXeqW2nJHC0okm4DEdhXPzKElZdwYAkZXoabnFHbPPPerck4pW1JSabdwCkhjkDHYmhTtcEAEjsRmhgA/Bz70+XaHYRlimeC3XHvUlAGbyiMDZnJIUdfrTe2APf3pCc44A+lKVIOD9etMQoG7A4XAoUcE4PAoVSxwDzW54i8K6x4cttPm1mxktUv4/Ot95GXX1x2/GqSE2loYYB6YpSMGlxnFSRRq+7dIiYUn5s8n0GB1p2AjHTODSjGMYGc9aUj0xS+y/nRYAGNoG0Zz170c9zxSjHcZP1pVx3wBimkIQCnAkgA5x6UIpY8DPGaWmADr7Uvf2oHNKBTQhQPakwV+opaOaYhO+aMflTgPbNHGOnegBoFO9s8UcccGjuaAArg9R+FKPakFKBkUwD60DNLx+NGKdgFPPQYoAJFAFPK4JGQT7GnYQg6deadyKAO1OAFVYQgHHb6U4DPpS7aeASefpTSENC07b+VTRxgkbs49qnjtyxwOa1jTbIlNR3Kipk9M1YjjJAULwO2K1LTSJZivykZr0Lwr8LdZ1fa6WjQwnnzZ/kH4dzXVHD8us9DgqY6KfLDVnmltYvLgKprodH8L3l9IqW1tJK+eiKTX0DoPwq0XSkWTVrj7TIP4F+Vf8AE116Xul6TB5WnWiKqjGFG1f8TTeIpw0grv8AAxftqivJ8q/E8a8PfB/UbnEl/wCVaR995yfyFeg6V8OvDWkKHuY3vJB3lO1fyqxf+JLiRtqOIx12xistLq4vbgCJHlJOMEnJNRKtVmtXZeRCpU09fefmdQNUsbBfJ063hhHQLDGP6Ufa7ucBppvKQ/hWUljdjhgsDn1OMfjWbqM0ttMY5ZScYBZWyBWCs9EdDi4q7R1hurKIgHzLmQDoOOar/wBrzcrHHHajPJkGMfnWJbW0s8O5Lps/xDyjn8+p/So/7KggmL3k0jK/8Jwpz+NQ3Fbsrll0RtTa1aEN5t2ZGUdYwSDVGTXImO2GNyD0xk1Mh0fT1EmIQD65c/rWdqPiohimmwLs7tJwPypR1eiCaUV70hZdQuyf3NvIxPbrVK5i1e6DO9u6p64xis83up3jMVuZeO0MZ4qa2gu5eJRcMB1Z8kn8BW+sddDm0n0Yf2fcKQJJI1z6vV6DRiVQ/akO84AXmp7Szt0Kl/tRx2MWAK3/ACLMIoEk7FhyAh4/E1hUxDTsjelhYvdGF/YcQZhNczAgHGyLOT6darf2VltrCbGeuO1dGlrZxqZNzYBxjODmopGHJjmO0n7rPnFZKvM2eFh2MYaImwHdOMn0XpQNBjY4Sdg56jbWibaUANHcHPtg1ZhldEIcKX9T1odep3F9VpdUY6+GyMbZFf8AH/8AXQdHnjc/fx22gEfyrWnlkwPKHluRyQo5/OsptVuLaQDz1c574P4YrSFWpIzqUaMSs9vtbmWQH0KVGbVJCT9rjBH95CP6Vfn1qZk+a3ifcMq4+Zc1k3GoI7b/ACI1bvjgH8K6oOb3VjjqeyjsydtDnktmmhVJxn/lnIQw/A1kgIJDlnQg4ORmnyXpDlo12HGCFfj/AOtWfNcbjzxn8a3ipdTmnOOnKbFxPYIqLbSyk8b2Yfypt9Pb28i/Y71blCAdwUoQfQg1zzuBnnrURb3zRyeZftNDsLDVQvMuJBjkb8Vo2+rwsy/vWhOM8/NmvPt5zV2CTK5yWx129vrUumi41mek2fiK4hI8uYSL9a3rTxSkgAnUV5jpclgd32yS6XnAaIKw/IkGt+O10uVwLLWo9x7ToU/WsZ0odUbwrT+yzvmvLG+j2yBHB7MM1z+r+CdA1PJazjjZv4oTtP5dK5yf7XYlWcq6Ho0bhgfyqa1150wFdh7E0o0pR1psJVYS0qxMTWfhHuDNpt2PZJV5/MV59r3gbVdLbNzaPj+8vIr3a116YgHazKe+K0Y9ctpV8u5iVlPUEVrHE1I6SVzN4em9absfJdzpjIzBkIPes6exOcgdB0r6y1Pwn4b1wMVRYJW7rxXAeIvhLdxBpdOZLhPQda2VSjU02fmZ81elq1deR8/PbFe1KkQFdrrHhm8sZGS5t5I2B7jFYUtiUboRRKhbVG9PGxkZO0jikVFyd5OCM8etaTQBcArwP1qCSIEk4I9qxlTsdMaqZnOvqMmq7Ic8AmtIx8Edz69qgeLj8axlC5rGZQMZ5PpTSnSrxjxwMH3FWbRoIre5WaPezIPLPHysD1+mM1HIU52WhjlRtOQQc8elRMzY25+XOcdqsSjcx4qJ1GehHrUNGqZXIGfYUHknpUuzI6HimMMVFirjVC55PHqBThjg0gGcAVIiYOPzpoGTRA+x9an256Co4uuO1WlXAyB7VrFHPJ2Krg5xnpULEdOOvWrbp6ZqtIhz/hSaKiyHjkdaUE4/QcUjDFIvB4/CszUkz0qQPhTjvUHIPI/SnFs9OBTuS0KTggnpTWO7OePakJPfkUKOelFx2EI46YpOopWOTzzTowMgE8GgYwjnj60o9+tP2k5xzjmjq2TRYVx8Q9q0beQRDLKjjBGGGRyMZqhGCOTzVjotbw0RhU1YYyTUkQ7CmRj5sVKgy3y0yWTRrzxxVpANoBAznrUMQBX3z1q3HGdtaRRzzkOjTJA61bhi+bBHOajijweetaMa7QCB24raETiq1LCxxfLiphBtH9akj/AVLkAZNbqJ50qjuV1gDA0k9sfK4HFX4lVu2Ktva74cgH6VXKQ63KzhdQTywQR3yKzVU7vr6V1GrWpy2RWKISvOOlcdSHvHs4esnAijjyehq1DFyB3p0C54I75qwkYDUlEc5vYidCvsajwSelXZcng59eah8sdKbREZaanlWOD6DvTgxVSuBzgnimtjPy9KfAyJKjSp5iAgsucZHpntXgH1Iw8HPvSt948gn2qe/limu5ZLaAW8LMWSIOXCDsMnk/jUKco3PGM9KAFhZ42LxvsZR1BwfTimfyoxjHHXmjJxjtQA9yCwwu0YH/66C2W7KD2HSmZPcmnAFu3QdqAHJt53bgccYHekOSO+39KTgkc4HvWuPD+pHw6+ti2f+zFmEBm7byM49f8AIqkhXMlBuYBmAyeSe3vS9KQelObkL2wKEAiLuP8AjSn2HFFO2kckEZ5HvVIQi8Yq7f6le6hHbJe3M0628flRCRy2xAegz0FU/Sl+lVsIUBc8k4x2FGP1oK88HNOUZ79OaAuIE+QtxgEAjPNA4pKeMZ4/WnYBOlGKd0o79MU7CuIo/Knr1BIBHpQB6ClAosAAfhSgYoApw7Z5FMQgHYflRinY7jigcD9aBCKpYhRyScAU64ieCZ4ZUZJEYqykYII6gikJ5z3oIZssQSM8nqM0xjD174peM8ZpAPzpT2B6e1Fhhj8fpSiljTfIq8ZZgOfel/CmkIADjBpSBngAfjS04AcZq0rgIF/KnBKeqn0rSt7ryLK5t/s8EjT7f3jpl48H+E9s1pGFzOUrbGVgingDA46VMIySc1PDbtJ8oUZq4029iZVEtWVo4yT0q3BbtIelbOk6BcXkqRQwvLKx4RAWJ/KvYfCPwcubhUuNelFlCefKXBkP9BW6pRgrzZx1MU27QVzx3TtFuLuSOOGNndjwqgkk1674O+Dl9dqk+rFLCDqd/Mh+g7fjXq+l2Xh/wxF5WkWkZmAwZMbnP1aq1/rs9yxWIs57KnSh4nl/hq3mzklSnU+N/JE+leH/AAx4YUfZLRZ7lR/rZQHb/AVNe+JdzBVOzsAtcrqAuV5vJRGDzsJ5PHoKyBfQQn5o3dvXdgGuZyUndu7NVD2aslY7CbVWyCRhSMls5rIn1ISyBUjJY+o3VT02UXtwyCAISOSBkKPr61Zu7u3tojGjiVx1GaE0jRq6vfQsRwiSHzLpogrDcGdTz7AYqCG/FrNttLbdzkSBc1EYbm92lVcIOhYY/Km3EX2ZWDzBD3Cnc34mnfoxO+6NOW9TBl1W9MYPOxDg1kyeIrG3bbZWnmnrucZrIaH7RJ0kk+vetOx8PXEg3lY4FPJMp7ew61EuSPxManUn8KIjrmoXRO1hAD2HFV4Yb26lKqssz9gOa6u00rTom/fSNcuoxtAwP55rXtXSEbIIREp9Pl/+vWDxEY/CjVYecviZy1l4VuGCteOIv9lDuatmLQ7a1O8QiQgfelO4/lW0MsOgz9ay9S1u0soyjSBpOm1ecVHtpzdkaexpU9WVv7QaOYQwwufVgvyj/wCtWks8aRkzOIx1LE4zXG6prEUi7oSRM/IjXJAHYms1Hu7qeJZ4XcEjbhhg+h54rRUW9XoYvEqLtHU7ObxLZxEpGDKw9utZ914rZsqtuEGMcHBoh0KOaBnAuoZCBjI3gnv06Cm2/hed2b95jBwN8ZyR6+1NOlHcmSxM9jPGrvLIzAyKWGPlk/xqPdJIpIed2PbeK3Y/CE7j9/PHk5xhP8KvWfhm2tFP2kPMQeCF6fhT+twjtYz+o1Z6SucikdwhLGC6Ze5U/wCFV5LlUchjdof9416I2kRSwMsMf3uN2MEVFp/hs20khkRrgHjEmMYprHRtqiZ5XO/uyZ5/E6SSAtNMUB+bJ6V0aSIkQhhihcAZC5DuRWrdaJaDzvOtoo36Bt23H5CsS909bYq1mCkuflYEEH8R/Wsa1eNbbQ3w+Gnh782pbEFtOijyzGepA4NZ11pheRzFIMZ4DcH8+hq9aSrMqmYqlwPkkjIIB9wavGdEGGAjH14rKGJqUnZM3qYWlVV2jjri1nt2/eRkKR1YcH8aplDK4RIgW9BXc2yG6cRjd1OAEyMe9M1fSLKOATRbZJFGSUYhR+XSvRpY5S0kjzKuXcusXocDPEBIQwMbDgqR0qAxjs4qTVHVTuEgZyeVzuP1z3rNNzjvXoxd0eXNtOyLwhPYqfxp0T3FuS0LvGSMHacZHoazRcjd1qZLwqeGqrXJU2jb0XQrvW5ZRBJEh67pCAM9ccd62bPwjqX2mFLgfuz1dHyV9x/+qoPBetNbzyQiXb5mNsax7ize1ejRTBSyBQHUfNtHT6iuSrUnCVlseph6FOrFN7nLHwvdW8aNb3BMoBDI5xz7YrFvWubG4A1K0fZnG8dD+PevQFeRSQFXb3yR+dNlKSx+XNGjqOxwayVaS3OieEi/h0OLj1ZDCiWMk6qR86bs5PtipDqcuE81dykZAcdfxq/qPha1lYzWRMEucgfw/l2qDbJCPK1a1DqBhZUGRj3q+eL2MnSqLR/8AWLUImIMczRN6NyK1LTX7q127iWTPUcisl9EtroBrObt061VOh3cJJjl4643YppwkZyhVjqkdt/aGm6zD5eowRSZ7sM4rl9d+GWnaijS6TN5THnY3Ipltp14CD/Ee9Xvtl7pUuyUEdDkdDTTcHaDJlHmV6kfmeS+IvA+p6QzGa2bb/eHINclLaFHKupAB59a+orPxDBdJ5N7EroeMsOtY+veAtG11Gl09/s8zc4A4/KtFXW1RWJ9nJa03f8AM+Z5YQpO0H2yO1VGXbjIBxXpnifwFqejOztAZIh0dBkf/Wrirq0kyEdcbRgcYxVuCauioYizszCMeW4pjoMD1J6VoPblWPpUckJUAEjJ54PSsXBo641UzHkQ7e3p0quUPzZNatxFjGSTVOSMjk8isJROmE7lUrlcA9etMKHjIq0q9R2NBjyMD61HKXzFQqAflzipFUk08xFTg8fWlCc5GTSsNsVcgjHAq9AM9s1VVOB6VagB44J9a0iYz1Qybr0xiq0yjHBzmtR4gy8Dp1qnLHhcYptCjJGY4I47U3GevQVZdCTnFRbOueOxrFo6EyLp6elKF4pdp9MjvSZ96kY09c08D5R3oC/Lzz2p6DtTQmyMg5PSgCp/L545FK3IA4OBjpVWDmItvApQuSOtPx3py5ye1FhXHwDDrx3qZgvmMBnbmokJTpxkEdO1PXr7VqmZSV3c0dYh06K6QaVNNNAY1LGZQrB8fMBjsD0qsoyeBxUeMYxn61ZhPIJ6+tUtTLZE0Ixx3q7CoIFV0XknP51dtxk8Dmt4I46rLMcfGQPxqVGIwvUehqaGPeg6dM02VCvPat7Hnynd2YGXaR606S4Qsuwt0Gc+vfFZ8jnfwQB71en065trG1u5omWC5LeU/Ztpwf50Odh+y6ly2mw4wa7Dw7c6cyXCakruDA4iKHGJMfKT7Zrg4GPuKupcGOPIzirupKzOSpTtK6G6wMzHFYUsYB/pWtNL5oXA/GqE0fr2rOep1ULxVmVoFG/0q4sWcHFQRRgtnpWjGnAqYI1qzsVnjyPmqPbgdOatTsFHI6VTL7u3Sm0hQbaPIzUlrbzXU8cNvE80znascalmY+gA5JqPPanIWU70JBU5yD0r5o+yAHBGQCB+tI3JyABz2pQM0deQOOlACAZBOeBScZ6fSnAZBIIAHqeaQD0pgOkCjG3djA+8O9IoJIAzmgZH88U5MA88/jimkIUITx1PpUpuZ/s32YSv5G7f5e47d3TOOmaiAwPr3pyqQN52lQcYPeq2AYPXrS9SSevtTsdWxgH2pBTSC4nenAUUAU7CFXk84pT17Uen0pVO08dxjmmIdEFLYkJ24PQZPTim88ZpQBnn8aBTEKF9eKUDjvQKeF49s+tNCE5xjJwetKB0pQMCnKpOcDoM0wE6cDPpRjtinjGOQcnBB9KOw4GRRYQhUA4zn6UY5pxx2zj3oxRYBuKKcRj0PGeKXA98U7AMxzRgkYGcdad+FA4p2GN20AevP1qQLwTxgYpMdu1OwDQOegp4HfnHegDFOHTBzTSAQdxUirjHQ/SlVOM8VKkea0UWS5JCIOasxRkjFS2to0n3VOB3rv8AwX4B1LX3VoIfLtgfnuJchB9PU1006VtZOyOKtiEtFucbZabLPIqRxlnY8ADJNeueCvhDfXwS51hhY2xAJU/fYfTtXf8AhbQdC8LnbbRLc3iD95cyLn8B6Vb1nxO8mUtzx04PFVKrbSmreZxXctZv5GlYweH/AAjbeTpVtEJQPmlbBY/VqyL7xHNeSlYssD0XnH5d65y7nMpPmyZHUjuTUK37RqRAu3Pccsf8K5pJR82axvLTZHRvhVD3k+QekKdT9fSmXmouqbbdEtUOATn5j/WsNr6aQKoGxscsDkn8e1JAkjOCVZierFsflXK25PU6eaMFoid0e4JMkwBfu5wcfhzT4NPO8CGDzm6YK5H5f41a8y0hRfPVpZQeEXkVebUbgWBGxLWI+h2uf1puSiiEnN3ZX+zT2jGO6eG0yOBuGfwUf1prm0spA0StMT/y0Zep9lrClvZPOZgjbvUnr9asWVwZJsvbZYZ+cc1DqlqKNM3N3enAHlp2OD/KpUsljVWkheVh/wA9DsGfpWvpItRgyS845DkDH4VoNd6czEeYgI5OBUOrfY1VJbsx3aaHBhWCEBeflxn+tMtrlmk2uhkZmzjHH54qzNY2N05lguo1cnq/NFtbRRsczwyYOCAeCazky1Fo1EijHzGOOPPbgn+lTMcJuiRWX26/lSWkYJx+7PsBWgqxxoTnB79qnmsaqNzno/tF3KRMkqxDgjbtq2NNtiuxbeMqepKVpNKrZxgn3pFk5zjH40nVfTQUaSW+pjWvhixjlMhjySckZyPyrYttOtrdERIkwgwvsKeJBnLcU4Spnr+FTKpJ7suNKEdkTDCjIHXtUe7GcDHtTsqVBXp3NCSIMgkEms2zWwIGxx+NPjALc9+9IxbooA57HrUVzeQWaM9zIoOOFzyfwpK7dkKUoxV5M07ZvJkAXoR+dZ11rMe8LGo+8VPzAH8vrWNP4x0e33K8xJHTA615pq/iVW1GS4g3AF9y4PTniuyhg51L8yPNxeZU6VuR3PR9R1l97RfZJACOSYtxIrjtS1W0t7nbLbXCoDja2Bz9P8Kjh8eaiEE0U8ZbOTkZbHpT18YWWoTf8T2BXhwcBFBOfpWn1WUd4mP1+E9pa+Zm3Gr2TsQjS5BDKHwfwp0WrsxVS5Kc5XOK5y6urczuYVHl7jsB647VXN2OgCqD6V1rAJ9TheZyT2O6fxB9gjVLW6853X94B/AeRtFZlxrZnbcwEZxjCtx/+uuU+0AHg4BoEuTndW0cJCBjPG1KjNy7spby0lvYUZmiP7zAzketYLsTkFQa7DRr1LTS2E0cm6U4ZWymBxz78VzmoeVLMxjXaOoowtdynKHRCxlFRhGd9WUCAT6e1PjjyeSKTyz1FPVW5wM16O55jnY7Wx8O2dxoxvNJvjcX0ShpLU/K/XnZ3PFV9B8QNp8kiGMKMlfnJyua5eN5EbcCQfUHFW11C5VXV/Lm39RNGH/nzWTpb31OuGLUbWVj05L+3+zLP5iuWIVQj5y2OmKuQS3JjS5mKhWXhcc/Q15mllOllDPLILSGQqE8tC2fXgc5xziugvbW8tLI3Oi6y93ZuApWQYcMecAf/qPNcsqaVkmenDEyau1sdh9uJKqEKE9j1NSyTwyNt3Kfxri7KbWZPsiwW63MrbkBPykHqR2yfpV621OW2RftsLx4OwselQ6XY1jiU1drQ2brToXYFQ0THkMpxmqdx/adow8qXzEPUMOa1bS4tpS7lkxxgg8DiiaOQFihDx8EhjWd2tzbli1dM55tceGQJdRbCTjParQ1CO/tPIMh8vO4bSDtNSX3kXFvNHcRKeMgdvwNcNdvLZ3zRwh0IOAM9j71vTgp7bnLVm6e+qN/7Z9nfazdPUEVrWGtKCCjYPoDXG3WoyrGsV9bMXI3K7Aqce3rVM3GGzGxHsa19nzbnPz8r0PYLLXI5kEc+HU9Q1ZOveB9H15HlssW9wecAcflXAWuryxsA5yK6TS9ekUKysWUdu4qOSdPWLL5oVNJo4DxP4I1DR5G8yElM8MvINcZcWhRjuU8H0r6isNbtb+Hyb0LLGeDntXMeK/h7a6hE9zpBXJGdlaRrKWk1ZmTpThrB3X4nzrLEo3blJbtg8Cs+WBncBRkscAV3Wt+G7rT5GSaJ1ZeuRXMXduVY8GidPQ2o11cxhGVY5GDnFDKTjIq6YyhPHI5prR5+YdepFY8p2c9yjs56fhT44wW9vWrAjPPHalWM56fjU8o3MRIuMCpkjxwepPWpooyMDiptn0JxVqJi6mpW2nHtmkkg3JuHb2qcKAM8HIqcSItu6nOe1VGKe5nObWxgSRbWqvcDKjAUYGOBV6f75yOKqyrlcDr3rCSOyDb3KBHGKTHcVYZCDzSMN2OAOAOKysb3Ihuzz2qVPu4YDr1pPL56VKE4ByM1SQmwC7QSCR6e9NC89Kl2NjGODShfWqsRcjAwOKAv5VKEP1p4UHBwBn0ppCbsRhO1OCYPNWkAKAe/WnrD8w3dOoq+UycyAqSAR096nhU5Ge1XBYym0a4CEwo4RnHQMQSB+QNQou08DIqkjLnurE8Y28Kc54z61aiBUjgioIRnjGasjg4xgCtonLUZpWLhZFJPGc1YvgrsWXGCeMdqzY22kYzVgPvG2trnDOOtyhOnz5HI9al3v5aqScDpzU0TGG4V8K205wwyD9RUU7BmJwBk5wBgVk2ap6CBscg80NOQBk1ExAXrx3qMjcMjjFLmZXImWFuMEHr6UyWXcck5qtznrSEnijmLVNXLtsfmB4xWpGBszWTb/eGOnpWnF86gZHStIPQ5a8ShfPzx+tZrswPPStK5Ayec1lztzgd6ibOqgtLHmZFAz2px+b2poHavnj6wcGKOGXIZTkH3pDksTxz6Uck+46Uv6fSnYQhA7dKVl29GU8Z4NO5AAxSetOwCAUo4Of50EY7g8UpGOvU800gFUAn7wA65NJ3/Cl44xxijGADkfSiwgpfw5NA68nApVUE8kAetUAgH1NO7dfwoH0pfpTEGMCnAjklc5H5Uu9iipn5ASQO2T3pPpnFMQLwD6+tKBj7wNL8uFxnPc5pcEnJyT700IFpwoHalpgA5+tKOaB7UoFNIBwxjkc0pxwFyfrTT/KlXqKYhQMnjmlAHOaABzz9KUcGmgDA5+tAHT+tT28qR7/MhWQFSoDEjaT347ioDTsK43vQKdjBxSgGiwwAoxxxSge3FShOAc/hVJXE3YiwakVctkAD2pyoSRxVu2tS5x/KtYUnJmU6qirshhiJOO9dB4f0G61W8jt7WBppG/hUf5xXWeBPh/d+IHWUx+RZA/PO/Gf931Ne02aaF4MsPs2mRK1xj5pDgsx9zW+lPRas8+dd1NtEc/4U+GumaLCl54iaOaZRkW4PyD6+tdTfeJoFQW9mI7eFRhdoxgewrj9T1u6vpC7PgfyHtWQ8oz6k9zWb1d5GUV0RvanqoupFjt92z1PVj61QaN1QF5lJP8KnJqnDHJKwCgnNaVtZBjl26ehrOdVI2hSuUsyFsR/j3qSO12tvnBbnpW9alIIWW1iUSNxvcgkfStO30Wa8CtNIeR2P+cCuOda51xonO28ilwBGeOxrWtkeZgsWQfVRit228P2sLAyKrEd806e4t7EGOGNd/IB9PesXO5qqVtzNNr5JAkUGUcjOeKR7H7Qh8yQ5Az1xioZnZju2lpD1OTSLMyjk7R6DvWbkXZbGZdxLbOuEeQ+uM/4VVuLqfy8K8arx8nQmtqWKKfBZ3Hpzx+VWbHRYH2lsydPlAz+lTe5HI+hysb3Esqqszqx4+9xW8dI2RRtdalAisM4jG/NaOo6cFl/dWgC9OhBzS2GmzB9zoFJ6ZpiUdTNtUm34tizgHqyjn/CtuxtAw/0tEU5ySDj8607eBLeIgRxKf9kdTVWaNpZ22eaT/dJ4o0NFGxpQ3ECwBLeP5v7xNR7mLHg5rKaOaHn5mZuPmO0CtKBWCjIOcdS3Wky4seRIOcAfWmNISclhn2GaeASTlRj1NGxcEngVJYzzGI7j6jFEjgYYncF5wAKeqLjAIP1pjRuSduBn8KncYyPU7Y9J0wTxz39KnS7Tl2DBMcNniuc1SxvoBPLbwo6uATjJZjnr+Fc9dalrzItsLZ1II2hICSfx7V008Jz6pnFUxvs7qUWdlfeILKOGYpcYlAOCvr6DNeea1rn2otLHK/I5DdRWZrtzP/aNwlwUMqtscouAxHGax3OSF9eK9jDYSFJXR85jcfUxD5XoiOa6ds7jk1VaY+9XLiOMEhQTiqzJg8rXajz1ZDFmIbgkfSpPOLY4zUezn7tPVBnkGmVfsPUgknmnEL/Dn8aNhbopHtVuxtPMlTzVdo85IXgkfXtWU5qK1NadNzehTb2AxV1TaGzh8sTC8DHfuKmMjtgYzmrA0wySMYQwTPAbkge5p6aYoBZnXcDjg1jOamtzpjCUHqizBcrI4F47uETCEZ/kaz35JI/WtVbWERgvuzjqeKrRRpK8kbj5iMqfalRtHYVdSmlcoMN64NRGNhghjj0q4VKtwOhrZsdHOsBzYlEuFXLQk43e4PT8K7OZLU4Um3ZGBGzrwefrUnJHPFbkXhu8W9todQiltopGAMhXIAzjNdDqngNojcT2MzPaRx79rrlmPACggc/XFTKtGLsXDC1JpyS2OU/tm/ks4rSadngiIKKQMjHTnrU9qvmzxG4WVVJDYJ2hiD6/1qWx0C/m2Sw2rnncucZ49j9K9Jgun1HQBDrFgZ7lPvKABx7Y6HvWc6kYfCjehQlVbc5NPoLZ6dd29gj6aHjgmxKiSv5phk7sGPr1rGtdF1u1uFluwLuCWbEkbvuGD/Fj8q6vT9SguN0cEixsoBZen51pRMPLAZck1xe0lFvQ9yNGE0mnsc3NoNpcTtNb5iJYblQYVSOvB6is3xDb3NiFurLzTCNokzzj1I9q7eS3LA7flYjBI9KoXVm4t2gkZwrggEc9e1TGo76lzorldlY87utVjlULcvz2AHWsR7N51AtN0ytx5eN35e9dXrnha3kjUZaz8pDsmJyHbsCOwPHfiuVsjdaPfRXUaxthmj3bhtYjqK7qbi17h5lWM00qmx2WhaY91oRstSZGj6wowwyDsOOnU1j6p4NjhRfs88vmlgPnXIA9SR+Fdbo2sQajaq+I4mZQChIyCKuoGkwCmVPQk81zc8ot9D0VSpziranjd9bSWVw8UjxyFTyY23CiG42MGRirV6Jrnhqz1ObzlaS3kIxlcbWx61wuu6A1hZGe2n+0PE22ZB1HfcPauiFVNanNOg4lq11E7gS2yT17H610Ok+I5reVVLYOe/Q15vBeE8E4rQhuiAFY5HbB6Vo4KW5z80ovQ9dmk0zxBbiK+iTcf4vT8a828ZfDqWBXuNPzNF1wByKLHUpISMN8v866nTfELgBWfK91NQoyhtsOTjPfc8KutOeBysqEYPPrVGaLaGCZCk8Z64r6A1jQ9M16NnQLDcHuOhrzLxB4YuNNlIljO3sw6GrspbEe1lT+I4URjPTpT44frWlLaFHPBBpqQ9SetTyG3trq5FDCewz9KY4weOlXFDL7VE8e4g44puOhCnqUnXrjtVeQndWr9nLIR0I5qm8JyemKyaaN4TTMx1yTUXlcnAOPWr8iEZ9j0qMDIxjHfNZNanVF6FIwk9RwKaYsAnkCtfygRwCagki5xihwGql3YzGDNjJzgYH0pyDnP6VZeI/maYIvzqbNF3uMUYHSnFdy9M4FSxx5IBAPrmh0IJ9KqxFyELnpUmzHH+RTlU5Pepkj4JyMD1poTYQpkcg4qyFx1x9KSMDinyDbxWiOeTuwLsEMYJ2k5Iz6VGi8nPJpeM1LGpByOD2oJeg+Lnt7VajQHr0pkcZHI5FWolAOK3gjkqz7AkWQaWIgPg8AjrV6OPMZxj8DVSdMMcZrSUbHJGpzNpkMvB4qGRht4zxUkhyDVZiSTzWEmdMI3ElkGMY69TUayAdelEpUtwAuccdabLEUjjY9HBI59OKi50KCsIW3MCOM1Kig9s1HGNxq5BGTx1ppCm0hsYwfer0bYSq4G0ngU5yAB34rROxhJcxBeMQenNZk3Jq3cMWY85qowPORWcnc6aUbI86CgqWLAYxx3P0pp6cDnPWjv6UpJbGa8Ox9KIRg4yD70o4PrRjnGR9c0CmkBe1a9TUL1riO1gtUKqoihGFXAA/PjNVNnyFsrwcYzz+VIDgcUdabENHWrUFp5tpPcedCnlFR5bth3yT90d8Y5qAA4JpVOCM5K+gOKdgDbwMtgk4x6UbCBu7Zxmg4zkDA9KMc0WAAKfHtDDeCR3A600AZxTlA55AwM/WmkITr9aMYHHNLR/KnYBf51JGqlGO47wRhQOo781Hx1p8btGSyEgkFc+x4NOwgzmlwRjPWminCnYBw9qO1GKUdaaAOpp3GPegDmjFUlYQo569KMc0vHrSjjrTSACOc9ulOHFAAwec0o9MUWEJ6UoGfTHvRj86cBnFUhCAZPalVTz3704D14FPVatRE2Ii9elTImaWND6Vr6PpU19cRxxIWLHACjJJropU3LY56tZQV2V9OsXuZAiKTzXtngD4YxvDHqWvDyrYDcsJ4L/XPQVs+DfBVj4ZtEv8AXFR7vGY7fqF92961NV8QtdxGSQlYR9yNf4/c+1bSmkuWn82eW5uo+ae3Yn17XY7O1W001FggA2rtGOPYVw80zzyHJLEnkmlu7h7mVpJWyxPHt9KbFG7HjhepNck5qCsjWEHJjBGWbGckdq0bSw3Kzvjgd+lRxoI+gGcelSCOeYqvIH5Vx1Kz6HXCmkWFlhjfEYLcY9qt21vNchRyB2C4H9KZa2gRgOpHXIrq9OiMcShcD1J71zuTZ0RiR6LpIjmDyjPH1JrpJGjgUKoLcducVmC6hgB86TAPHLc1Bc6umNtuoA9W4qGappbE175864LiFfRetQJaQIMqu8+pNVBemYfN859zgCs/UdRmRiCTjPQCockgWupttBEeJQg9KVtNtZCMk/hXN2+ozM4KI2RxxzXTaQJp18yXcIj+GanmuWlcdHo8ORhnwDyBW3ZwLDlbeEfjjmo1Cg4BqRXKsMHAHOTVIbjoXbaFpAwnjUA9MGiSzC5aJegzjNNgu1Rsuxz3zVqO7jYE7sn6YrXRkbGPMuCdzD6Coiy7sDAbuT1rQ1OOJo0fI3HPAOaxxk5G4Kh6nHSs5R1Li7kN4Y3BVyGyMGsxYIbeQXRaTfHwu5y3GMY61LcSwgnGC3Tnp+VUbiGaRm24TAzkt3zSjo9SKm10XU1+1kUKqT+aTjYF/rWilyW6qcdu9UVMICx7R5ijG7qWq9aRgcspWlUcW/dHSU0vfZOpYnJyKsRoODnFIuM/dwfTrU0Ss3JBFYm6HCLcOelU9Wt5/JC2oyM/Ng8gVqIcLhaep56daak46ilBSVjwzxVok1nc+YkcnkyEtk84Peub8tg2T26V9KSWMFx/r41cdMEZrDv/AAJpN4SyxGNj3Q4/SvWo5ooxUaiPAxOSylJypM8LSLjp+NO8gnotetS/DRPNPl3ZCehTpWfqPgSaygEizRvxkqeDXUsxoydkzz5ZTiIq7R5vHZluxq1Bp4zytdJd6NJp0Kz3w+zwN0aRSN30GMmsoa3ZIQLK1mvJs4CudgP4DJP6Vt7bnXuamUcMoa1NB9lo0ly+2KNnIGeB0HrWjczadoSeQ4+1aiOGRG/dx/U9z04FZPivXtQURafIsNuFjHnxQjau487W7nAI6k81iDU3lYeYqlsYyKx9jKrrI6XWjR0gte5cuNTnmkYooXPZRgCqTTykjIOQa2LeSKawZViXzc5Zzzx7VnXClGzjBNaQSWljGbk1e5ctkZ1+d29qHt2SRXjkJI7GqUdy6Ag4/Gmtf8MM5Jq1F30M3IsTyAzHkepxXTfD+GGXVjNNNKjRkbDGwxk/3gecVxaXC5JkBPHavTvh5d6E+mrGfLGqIm0mXCs2Tzhu46cVpOXLCwsPR5qiZ2918qpGyAowyjJ82M+v6mq91LJBBEZnDOGBTZ8rKAO9aLnErCUqCBtwgJNUby1jlBVW8xGIwUOCvuc1xxa6nszjJK8SsmrwGe2ZgTGVIl2jDH6U+1exTxJNLa4kjnjGBI2MOMYx+Gat6dbWmnzxqY0eeMH5nxhgfWrMWnWc9wbqS0Xz1bJZW4HpUycb6IUIVWldrchvdGS6dLksFnbgkZI+mM1eitLaCUSQrhggUqWzipYiMhY0bZjH0qJ4SkjeWP15rK7elzsVOMfeSLYKuyBGHv8ASoLkjqo3KOuBVAySr82D6Z6gUxX8w7g5yOuO9JQG5k1yYrhPLljBVh0ZSQa5vULCw0u2jE1h5lmGLum7IBPXA7fpW8JJJWGV+uBVG+k3r5csJYspCsOx6VtC6ZjUs15nD2ukX7STalokCxwrkR5bsfTP5dDXXaBcvLYQo5lluAn74yAKVbuMCsWa+udACTXJe7td/wAqeYWwOmMnpWMmtfa/ECyaXbCCfDK6htxYYzjaWGfwrplGU9Ohx05wovfXsehvEyIUMW5etYHiKG4hs/Ot3Hy9QEz8ueeO4rU0C9uLuwV7lNjgDBVvvD6dq05Io5EznBHb61zX5Xqd7SnG6PC9Xs4JvOu7J440iODGRtJ98VlQzA/KTzXpHiXwdbzMHtCbaR3JJ25R+vpXEv4R1WMyKUj3ISFXd8z4/ujvXbComjgnRd9SGKcqeO9Xre7Kkc1T0/S7+ebyWgaN14JkG0A9BkmnXFvNayGOaMh+3fI9RWimtjn9m1qdHY6mUYfNXQR31vf25gvVWSM+vb3FedRXGOM1oWt8UI5oaTE00SeJvCrQBriz/e255yOq/WuPmtWjOCvHQ16Zpuqkcbsg9QehqHWNAg1BGuNPG2U8tF2/4D/hVqXSRzSg46xPMmj5AxjA9M0wABsYrevbEwb1KbWzySOR7VkSREP0xVOIQncTU2t3nc2cbRQnG1WbcRxzzWXKpPPNabJ8ox1qu8fBGBz61jNHTRdjJkViTkVGUyfQ9M1oSRc8VEYsEcYrnaO6MtBka8Y69qRo8nmplBUYFPCBgTn86om9ig0POeajMQHOK0GQdx9KiMfOeMe9JotSKsac4P50SxgjjrVjaT/jTtnfiiwc2pRRCOalVe2Km2kn26VJHFn2oUQciIIAaftyp3HtxVlYsr7imODgLnIBzjPSqsZOVyttOcVZgTkHtTorZ5A+wbtilz7D1qxaoR2yKqKMqkrIsQxZXpxUph9qsQqMdOlTCPOc10xR5VSpqVolK4yCB6U24UZyOhq40R25IqB/mAyOnFU1pYyjK7uZUi7c5APGOaqPwevHetK6QgnArPlUEk89a5Zo9Ki7laT8uaYPmB9vanSBieaVU6eveoOu+hZto89avqmxCcZqtZgDrV+XiMdK1itDjqt81imwGOajOdvWnsabgnhc1JS0Kkq/NxTDCSauOpzmrNvGrDDD6Ucty5VLK543knAPQUfSlwKeCpVt2d3UEevpXh2PqRmKVaBjn17UvOB700hB1pQcdh9aUZ9B6c0gFUAelH0paUnJxgcDFAD1i3W7yh0AVgu0n5jnPIHpx+oqPqfSl/lRjigQlKKMd8GlFOwAOaUUZGCMfjSimACgUoopoAFSZzzxn2FMFOHX1piHClHOB+FIKkiVnYKqlmPAA6mmIQ8cd+9ApygE4PHvQKYAB+VKOKQU7vjOaaAB1q1awxSRXDSTLG0aBkUgkyHcBtH4En8KrjrThnPSqRLFAx2pwXt3pUXOP61KBzk8/hWijclsaF55qaKLLDuOtLHHk10Hh7Q7rVL2K2tIjJK5wFWuiFO5z1anKiPQdEuNUvo7aziaR5DgKBk17/4X8Oab4J09Z7oJNqrL16iP2H+NJ4e0ix8F6fsiCTaq6/vJOyewrPvriS7lMkz5Oc5NTUrK3LHY4bObvIbq2rTXkrOSzEnBHtWXK5LZYc/3amkkRjiOEhieGznNTfYWRPMdlyTwueTXLOvbY2hRuypFGGIZu3XirqOmAAmTjuajjhLuVVT9KuJAE+/8rHjb3rjlNyOmMeXYSPczDAA/3RVy3jLEE4UZ6k0W9rNLjYpI/IVrW+m95X9tq81FjRJlW3jbfiJSQTxjirtxcPaxCKMgznqT0UVb2JbxkJgenrWJc209w5LuQD1pN2KsyOScblLyb29Tz+VQPIGk/i2juDmkexVTncXx6mrOnx75GVIwEAyxYY6Vi3cIxLFvK4i2glB71Pa2AuJcN8ydT7VEVCZJXLdKu6ZMxkCxqAMjOTxWbep0RjZG7aWkUEKpCoCj2qYExjHf0FPQjaORk03ocdT7VokABiCcYB96Vmwoycn+VN2jcc5+tOI9RxTvYVriZDK3PNPt5SuQxzj0qMgdBgCkQHPb0qCyxI+5c85qlcHIOBirLDBO7IqCUZ4GPxouwMKSNZLjgE46noKbO2Ds4bbx1rUmh2ZA2g92Y9BWRcMQ37s5z2FS9EJImsSpuo8gbwfWukZVYbpRgnpiuX02Mi5VnO5gd2B2rpI2DscHgDrST0KsXYEXHHzc9amI2nGRxUKuUUEcn+VMMvzcc96BlxQTjA4qVfSqJuIofmuZljB5ya5TVviEtrOEsrIttyGac4z+A/xrSFCdT4UYVsZSoL32egxRE4JqyykJuUD6V4vd+NtUvrsyw3EtpGCCkMR+UfX1/GnXfjHWb8CO4uR5YwCsahQR74FaywU0jkjm1GTsj2zywygkc1Beaf58Z2OY5MYDgAkfmDXE6D40Kxyi6eOR15WMgqx/HGK6KHxdZCz868BtyU3Kh+Zm+mK5pR5Xqd8KsKkdDz3x7oV/ZXNsJbu7uI7h/lZTkgr1HPHOfYVY0fQbK3dJrZGEmcP5gG9WxkgHA9euK7CBpNUulubwNE5jPlQuN3lZ9ccbjxn0x+NOs9IEF7JPyxbk7m4H0FbPET5eXY5Fg4c7nvc4TUfAOmzie7vBcR4/eNmVTuPc5xyTWdqPgTTp0gXRbwQ3DgFknkDKp9OBnP516ibdZUYStmEc4Iz+VZIsbGC4T927MGMybFH5n86UcVVjqpFVMFRlo4mVp/gez0rTHEpa6uZVxvC5C/7o/wATWNqXgJ5oWmglZCT/AMtB2x6CvULMpcoW3qFIGADjFc5421SLRtInmE6+cSPL3nG4+lKOIrOd09WVUwtCNOzWiPALw+RcSwzD50YqR7iq0bq7EJ196n1CLzB9qkl3ec5bnv6nr61RjglkVnXIRSAPc19JCemp8xKCvoW7S3e5dhGylgcbSQCe3FXYInWRlZSjr14rJAdSCDhs9a6/TrTUpbQ3F5Dm2ZHPnHJAICjPHU8D86U6yhqyo0HPRG74U8TXWn3EcFzOfsTuPMJOWA9j1r0R9S0Z742kV5C0s+NgByvTIBIrxN227gOSDgn1pIZiH3K21h3BpOkpu6Cni5UlyvU9/lgjld2KKuzAbbyPwAoSZBH5UAKnIf5hgk15Po3iyTTNMngjiZrp87ZS/Qe479/zrq/CviR9euhbzxGOWNd/7vJ3AdaxlRkk30O+ni6c2ktzurW5OA7Y3jpxT5G+1HeVUepHasGadFmchGUZxg9foBViGSTYrtEzI3QDj8axdPqjrjWT0NMqZYShiXafukDnNYs9qq+YQxGc4z3/APr1YjumO94tx24OPQ07zGaRZGAYcN0/zzSScRu0jHcSwRBncKDwGbIIPvWVp2v28upJBes0SA4Uocknpz6V1V5aC4m86CYo3oeR9DVabR7Ka7hvntEEkT4OD6dyO9axqRt7yOepSqXTgyK5sF8p4WhS4t2yDtPzDI9+tYeqaFZ3aCGwjitr8hZBIMlsICB+ODzXV38uxcIoBHy5UgbqxkuYr6GVYZY47lRx82HA7gYpwlLcqrCD0ZjeHdTvbaCG01WBY7jzNiOpyJBXXxyxArnn3U9K4XxbqyaRYxwyWjy+ZHhZWlPD8557fSuS0bxNPb6jvhbykmdTIHYsqjPJ/wD11q6DqLmWhzrFqlL2b1PZrqDeDtbryDngelcxqdtcxOxSJAY8NuDbsg+1dCtyzwI0DLJhASUPBHrRFMzbWO1kIzx/KueLaO2SUldHDSXqyoY5AI9jAHgEHvz7ZrlvEMl7BdJP5+Rk7WRs4HpwOPpXpMum2BnlnWH55OHAOOetYmp2cMLhYlZyWAEcnKke1dEZRvojlnCdtWeXlz+tSwzc81e8T2iW2pEQxiNSM7VzgHuOaxdxBzXTF31MLLY3bW4II5rodO1AowIauKjm4Uj8a0bW6ORVbmUoHc3llba1BnKpdAcN2b6/41wmq6XLaSyLLGVYHoa3rC+KEEGt6UW+sWohuTiQDCOOo9vpQm4nNOnfVbnlzxAK2QTnpVZgOmK6bWdGmsJWV1OOqkdCPasGeMhicc05K+o6crOzM94hzzVeRCB71o7R/F3qpKpB9KxaOuMyqF6DjrmpAmOvQ0Yp2RkHue1KxqNaMbc559KhZcjNWwpxkZxUDjmgEQKvc1LJGNox0pGJYjPoO1SJzxnPt0oSBlQrh8ZzirSINo5570wpl+lSxrg800gk7kiR5/rUZTceg4qyg+Uc8nigRENyR781SMb2IVjzjiraR4wMUsUYLjjqa0I4Mn7taQRx16lhbaMkYrQSAc4FNtIip5FbOivDFqFu15H5luHBdfVc8it9lc8qcuaVjDuIipwQfaqEi4J9a7Txn/Zr6vKdHGLQgFc+uOcVyU6jJ4qU7pM0hpJxuZc6FjkkfjWfMgK479a13BOaqSxjoBWMkejSlYzBGeM/yp6R5PSrJiwppqgjAIrOx0c9whXY/FPuW+bHYUgwrZ9KRst3NFxct3ch55zzUoGTkcUqx565qdE29u1NImcrDPLUqp3ck8jFWLdcLnPSowDkCpVU7VPGD6GqSMm7niNL05pKXFeEfYgKUfWl+lHpQAvSjvxRS1QAPX+VIBSgUrEscsST05oEAH5UYwSAc4pF4p2RgZHtTAQcUvbp+NIOlKOOcUAHb3pRxzSD60op2AUdelKOnShlZDhgVPXBGKP0piFFKPTmkzTh1pgKvIp4455FNX8qcP0piHAelOxSKKeBgU0hXGgU4D8B70oHY04A96aQCAY6U9BTlXKn/Gnom6tFG5LYqjK9uPbk1Yijzz2oiX16elbegaRcarexwWsbOzHAAGSa6adMwqVFFXYvh7R7nVL2O1soWeWQ4AAyf/rV754b0W28L6eYLYo1+y5uLntGP7opfC/h638N2Qt7Xa+oSLiaUchB/dBqDV9SjQeRbEOV6nrz/U1FWqn7sdjkd5u7K925nZzkiMH7z9WNUvL3MFRWBPrTrCOS4nUMxPPJ6muoltok2KgB2jGAOtcNSZvTppmNBY7Cpblsdc9KvrabsZ+6Of8AOavxwkqzsOg4C1UJmeUheB3Pv6Vg3c6VGysOW3jU4jCRg9T3NLFZRLJypdj3NSQ2yxI0k7n1yafbXcShWmZFDcjLdqTDQmmWRI1SEAEnBYdhVqOMhcAfNjkmqz63p8QAE24/7IzVWbxPbZKxRMcd2OBWbZSsjTZFTLSc7Rk8cCs66vUc5hIxjIPH51A2tie3yyBQcjdnjFc/e3EUjkxlyCcDJ5qGwcuxelvIgSQxZ8+mKs6bK0oAXIPfPC/jWPbwswZiMIO5rR06RPNCcbO/NZsIXb1NOWHduDOG56r0qSCMQzxyBd4HbNTELtxGOPanRRkA7VJbt3rJN3Ou2huwurAfN82MkelOJ9s1WhSOG3XJCyHGRjvTy5XIyMCuuxgn3LCyY5GCKa8ny5xg56CoDIqsAOp5psknz87R9anlHctbhtyRjPY0wyEHHPHOa5vxDrZ0+EPACblvkhUDO5mGBitS1aVreNbh902xQ5xwT3NOVNxipdyYVVKbguhotKOcHJP40ySUbCXIUY78VWZgMBc8dTVW/wAzKqscIDnHrWN7G1h1zcArgHk8c1j3Jy22PLHu3tVubcQVU5xVeGIu54PyjrjrWcpXGkWdNjfdycD61tIpiVdp+YjrWXZlFO0N83XpWizjaWwaSKLAlAcKTlgMkLzWdqOrtbQFjGFQnALnA9yf8BWVq8E0V095aA+Yy7cg4IP9RWF4m1/7EYbeWB7uWVSVJX5D2I/A120aSm1bU8rE4qcE1awt9rI1HUBPLLsibLFclgPYDtWJqM0MlzI1ujJGT8qk5rOztYsQoY8kLwB7Co5LgL9a92nRUUfI4jEOo2iyxKjIwDVKWSRGwjEfjVKe/JOFNSadHPeNK4QyRwrvkA9OlaTtGN2TRpTk9C0uoyIMyXAAxjLHNdDod7aXTQ3n265E1oMPHNjy5Mn7y8/KB0xyT171kWMcTJ9mvbOzBwfKM/7tzz65yf1rvPDmh2l7aQW1oYA6Z3RxIQOp5zXi4uvF6WPpsDhZR1vc7HStckmmgil8rb5JI2cD61qpqKywq6YIbgHdn61zNp4XW2uVYkRuq7Q5GOMY/L2qT7JLZwySRx8oMJ821R7/AP668xpX0PZUmlqbOpakljE0khDRrwWBAHNcZc6mhvElt5MqMhZASM561g6u+rNcyRSwSNECSNq7gcmqFrpl/PFI6QyJGBlncbFUeuTxVqnJnPUrnbSeJH8l7lZYlHl7I41fknIz9Olc38RvEU8lvpivFCtwU81k28gZO3OfUc1lxahYaQd2Uv5wDtT/AJZqfUn+Lr0HHvXO300l5ePe6lOWeU7mPUsa9LCYJp88zysZmCa9nF3ZTnmkunee9kG4tlVGABVjTtOur6dVtYpGPQbUJAz6noKyJZVaUtGTg/w9a0bTxFqVpata2l5NHE2QUDYFehOMrWgcVJptOZ6xo3gfTbbR4X1m2d9SQ8pFNjfk/Ue1QeLNRbT9Ci061s/sNoDuWJwcsM/eHbr79q89i8U6rHdrcG7mWYDG4vmpL3Xr7VrsTapetdOvTzOBj8K8+ODqOopVJXSPSljYKm4042bK813gYXiqy3QLelaJisp7O6klZEnXBi2cqTnlcfQ5zz0rDVA6SuZUBQ8IeM/SvVUjyXRvqzR+0jA2mvRPCnhnULa5sNVmmgt4iBIUZ8Fo/wAOOR615Vbq0sgRBnccDmu8hsdY0q6s9Jnle4Vt0hhilYBAylCM/Q/rWNara0U9zXD0Ip88lex7VJHGYnlBifjKl+gH+FYHim3lfTmSyLRTwgShDLt8xO5GTyK5QeIrzR7O6tZplFwgVRHcEPlT3U/h3x9Koaj48v723hUJCjxZG4LnK8YHPbisacZXTR21sRScXGWjJ9J8ZrBC1rqCMqFgPOhPOB6jvVy08aaelqT5r+b5hQI33SvZq4aWW0u7JzMDFfZypXlW+vvS2senW1tG99C1w85PSQrsA44x3+tdVV0YLmkmcFCpXk+SEl8z1e11SK4sJrrTZjcuhBMSnoT+n/6q04Lh5oGeGBxIwyVD4V8Y6GvFpdPuIbSea0M32eVgWgOd+Bjr6itC48V6k5tUtiLOG1UKscZ4Prn1rFQhVV6bO1YmVL+KtT1pfLu4MsBDLGwLKV3g15v47a002TfGoilaQnYi4Rwe4I6Ec8GpbDx3L9piW/gHkKm1mjGGPT8+/wCdcDrzxTapO1u7SQ7vkYgjI+la0acoy1M8TXhUh7ot5rN5c2620lw7WytuWNuQDVWGC5mjmmihaSKHBkcDIQHgE1WIHU4/CtXRrf7RHcZmMQWPO3nD8/d4/wA8V1SlyrQ44R5nqXfD3iO+0yVoopyIXGNrDcB+FdlJ4imsI43uBHcA5IlhbjB6ZHqOa81eORH5Q9e/etbw5Al9efZ5rqG3jfgmUgD/APXWU4xerNoVKi0R6Lp2rWt9FFKJ42nBJdc4JB4HHereoSSxQYNozxnAyw5APcVk6r4d0/TfDa3ttNOlxGPlnByj4Oegri5/Ed/dLFb3F20qRcAg4OP61zxipv3TslVlTVp7nodzpFjqtkguohJKMFWXKsfzrznxf4a/sNN4nkkk8zDRGMjYpGQc9PaulsNZOoR2kUYdLiM/vJdm9X6gcVmar4gj+1vZ6lbm6gUbGc/LKhzzjgY/EVcOZOwpSg1exxcDnoatRyYNV7hoftEvkFzBuOwyDDbe2fegOcAdu1dFzLc2bW42kc1tWV2QRzzXJxyelX7a5Ixk1SZnKB38M8OoWv2e7GV/hbuprkNf0aWzlYkfIfusOhFWrG6II5ro7e4ivLcwXQDofzH0o2MJRv6nl08RTgg1TZN2c5z29K7XX9Ea0cty0Tco46H2+tc6FEEyuoDBGDYYZBwe49KGr6jhO2jMgoeeOnGaZtq/dHzZncIq7mLYUYAz2HtVdk5z1qGjqiyJc4xk461HIhycdBVlVxxSvGCOKmxVzPIIUg/WgZGOmKsvEePSomXB+tFh3uKi8dKXBPWlVvlxwacq55/CmSORulToDioACKsQ9QKaImi1CvKnHFbllGHwMfWsm37ZFa1pJsYMa2ieXiHqa8ViDHkCq8sPluSelX7O5GASePSo9QcOvGOeoFNSd7HNKnG1zIuG6kdPWs2U9cir8zYjIzWZMcn1+lUx043ZSdiGPSkZQxFJIPnPXmpI1OR1rLc7bWRG8Xyciq3lc1qEAqBgcVXkj4okgpz7lDZ83HenLHk1Z8vtgmnpHz7Vmkbueg2GEZGRUixqGBYfKDyKnjTscUrJnIFXYwcrspgZP9KkVCB061II8MSOlShPpxQM8DHvUkzq75WNEHA2pnHA9zUdLivDPsgpaPpQOuaLCFHWigdaWmAvbk9O1JS9hRQAneinfhSdqLIA7ijHPrR2pRTQgxS8Un8qWmApJYkkkk9zQOlApcenSgBRT+McUwCnimAopwoUYPY04DvVCY5R0q7Lco9jDCsEaujMxlGdzZxwfYY/WqY6jFO69etUm0S1cUDmnAEYoAGAec5/SnqDVRAcgyat20XIyDtHXFR26rn51LDB4Bxz2rQs4jKVVc5Y9B3ropxuY1JWRNpdjLeXCQQIXZiBgDOa908G6FF4csx8oOoSL87Zz5Q9B71keB9Aj0a0W9uV/wBLlH7pW/hHqa6O7mdLbfx835/WnWqcq5YnBd1Xd7C6vqIij8q3OGYHe2a55VCnJySalhzKDI/K5796fbrul3y/cB6evsK4pM2SuaWj2zK63D5CZ445Y+groVHnSseNw6gdqwpbiR8EY81htUAYCD0A7fWtiweCxtP9YHfq3fJrmlK7OqGisaBjwmAcis66uoIncSEKFGcjrUV9qMiou0CLf03nrXP3W+e42iTzWXljjCioci27FnVtaNzmKEMsA6Du31rDlkaQHc3A984qxez2tuyrGTLLjkr0zVRH+0M290QD+8cY/Cs5O5DYu9m4RT9SKJWPEfV81FJKi42Nu45bsKZHIWyYgM47j+tZtiLaTuqCMtjHYdqtae8fniSVN4U5Ck43Vloq8YOR61ehu1tYXVeXIwWwCR9D2qb6lImv7t2kcv8AKf7g6D6VWtJ5JLgKHyueV6CoJbjIdgS8snGWbOKfp9pNcc7tgU/MScZ5ougV29DtoLkLCiqc4A5NaFjOH5BAPoK5nypYoBiQycAAGtXTJwyYQYf0xjHvWdtbo61J7M6KNgx3HqPWns5OTtB46mm2vMC8jjrTmYKD9K3Um0ZtajCQRgLyehpvAiKevTNMz827jPpUU0jNkHglcijmCxzHlvceIT57k2+n8pnoXI4/IDP5V0kU2/BXnPTIqnHap5jfL8zHJx3PrVtU2jbwMDGRRWq87VtkKhR9mn3ZOBzkdPWlcZU4xmmxsFA709nBPGAMdKxNyhKj7sbeGHOKW1Ro5ueBVzOSM4HFJtGQydD3pWC4S26r+845PQVOs8UcLJNgN3FZ2pzO4Eakgd8Cst5rawjkkvJwN38Oc8elVGnKbsjKpVjBXkauqzsltINgVgPlzzg+pFeca7qgaOKKSaOZ4i2XERQ8npzzWr/wlMSi6MdpJshVnBALjPbd6CvMdUvpLu4mmdjvdixJr28HhXSd5HzuYYr6yuWm9DWmv4xwGFVJLsNxmsAs2455p6SHGT2r0kzzPqaj1NCSZc/L19a1dG1e5sUlWzl8vzBh+OSP8muc3+tPWTHQ0pJSVmaRpuOsTqLbUlN4bi8giug/LhsjP5dPwrqbb4g3lvYfZtNt7WxUcB4kJOPqxJrzDz8AjOaTzz3rCWHpvdG8alZLSR6Xb/EXVYNiSXYuVU5w6jn26Vj33iO/1HiW9lKA8JkgD8BXHRyHd8zADqaQ3h3AIcBu2aFQpRd0huVeouXmZ0kWrS2MheK6lVx3RyCD+FVrnXJZ23XFxNKTx87E/wA65xpCeucHvVjSbZb3Ube1eVYVkcKZHGQuT1qm4x1sEcNKWjZrQ6miPyitxwDVC5u5ZnJdufQHpXSar4F1S0N1c2MT3lhF9x1HzuOcfL9B2zUlz4W+zeCtN1KWMQ3VzcSHLMQxiwNuVPuDz71jHFU6luV7mk8DKheU1scxDKUwAMEjHTNSzCNEQxOzHaC+5cYPcD296Roh8oZyOeSBzVeVwpdIy5jJPXuO2a1adyIyT1RZtlV5AWdACCevtUrXKgDYhHA6nms4vhVA6invcMxLOdxIx0osFrs0IbhRkuu7vjPBqvMwkyy5U55AqB7lXOUjSP5QPl/nUatnhjxQVaxZgmkib5T+ldRN4lmbw3a6arqdkrSMR945xgHjoOT1PWszQdEk1W3vZ0nhhhtI/Ncyk/MB2GO9Z0zKGwiAFep7n3rN8k3bqivfgtNmaYvGlb94Tz71YEqgcNk1ipcBmVWAGTyx7VYMckM7RyIQ4PTOa05lsckqTd2zctITIyFgcMeD2P41qtEr3FjCvDEEAY9zmqekLcJaEtnY/IX6d617mSNltA+EKk4OOc5zXHjX7h0YGP7wm1rdBaQMCwkDED1x1rJklhvFUurLMR9/Hf3q5rMrPZq0UgdwdrK45GOc1hiXJ445rx4TlB3iz3KsIy0aHXcEsPzSDKZxu7Gs2QA+3Nb9wbmLynLg70V/ZlPtUEsNlcMnmobdzwWjOR+K/wCB/CvWo5inpUPNq5fb4DCeNlBZeR04q7Y6nc2UE9ujYhnUCRcdcHt6VafRLwsWsitzGRnMXUfUHkVmXMDRRDzOJCTkEcjFd8a1Op8LucnsalLdFkXJkDI4we2ahIKE7Rg9c1E4Mtmko4ZPlb3HrUum3YG+KcZDDaD6U/QfqWbjUr97VLVriQwLyqluM49KzFuDGQxyWHSrotpribyLdCzdfoPU+lU7zT7mKNZWjDRH+JDkfnUqcU+Uq0nqdInjW5+12lylrbQXEHWSJNpfn/61X/HesaBqsdvfaekq6nPzcp/D0HJ9/pXnoZskEEUrqyEZ9MiqVON1JF+1laz6kryrvyBgE9u1TqSFwPrWe3r3q7Bl4FbPI4NaC6EqN+tWI5MGqyjJpwJQ81SFzI2bWcgitu0ucEHNcrC5GK1LafIHNURJHbW1xFdW5guQGjb17fSuT8QaLJZylly8Tcq47/8A16uWVyQRk10EE0V3bmC5G6Nv09xUtWM2jzKWE88cDjNQmI9fSul17SJbSZsHMZ5Vh0IrKSFuAelFhxqdyisP+cUvkgVpJCBxxx60jxEknH5Ucoe0Mp4s9sVXeDPNazRD8ahlT5QpAFJo0jMyNmDipEAxTpU+cjtSouKk23Qm325qZBgCkRPrUyJgfWmiZFm1PIH86vRN8wGeapxjGOg4qWM/Nj+laJnFWp8xswSMhI9KkmkLd+tZ0MjAYPNTtISuelaI4JQa0IrnJH9KzJQM57VbmbJqs4J6dKUma0YWKvll2JGARzVuGEBR3qEAB8VbiBUA5qIm1RO2g0xnPShoeBkVN1OCKnVeAD1qmzFJmc0OMnFReWQK1WhyAcVH5WBwPapaKUyrCnU4pXXA6VaSPGRjj1pksZxj+dJjjqymq96eoG6lK7WIHIFPxz9ak3sfPo9aUDryBxnmkpa8Y+vADOee2aBRS0AHelpV6884pCKLAGKdxtxjnPXNJinM245OBn0GKBDcUYp3LdT270lACCpIZGicOoXIzjcoYenQ8U0fSnKdpBwDg5welMBuOB60lO/nQcdqAHJE7K7KpKqMk+lIBQOlKBTAcvykEEgil96SnAUxDuh604CmrTwOKpCHU8ZA9qQDgflT1XPNWkAIOamAyRwB9BQqggYGOMfU1Ztog8gH3fc84rSMSJSsiS1iDvk5APU16X4B8PoFGo38f7hT+7Q/xt/gKwPB+hnVb9QFK2qHdI59K9NdlVo4IAFjUbUA6AV0tqnHzPNqzdSXKjQhWS+uQG+73P8ASrepNG0UgYlY1QAYHWpLNRZ2gkwMbeprn9Qu3lk2IRgt0Hr/AIV585XZtFcqI3O58A7UQYA/z3qzCFt03XABftHn+dUBcG3kCxkGRere/tUMrF5m+Yn171zzmXFdTUaZTKMNlz1px1IQLsBVpT/Ee1ZAlffiLhj1z6Ux8R8/efr9KwbNU2at1fCdPNmPzgcACqUheRNqsQGPQHrVFp9xPOB3FSJMRtJGB2xUcwwvIUtjtc75BjoehqoxDMMdD6GppSWY4GATkcU1lbywxXgdBjFTImwFAsQ2ZbjJP8IqGPfJIVUsMjqaQSsCoCkj061Yhiklm3MpUegrIdrk9pbNhcsc9AAeTVx7BFQN5jAfxcc1Y063ZMbQGyMkMM1OxZXJdYhGOxO00LzNOXQoS2EUShi0kgYZHGM1YtLtY4iiowA4wccVJeXVrb2LthHmK4xk561HBdxPoShIR5hXlvetGoqN7CV3NxTLLXYWPyweo59ataVjzWZWPA6k81zELs7nB284zXT+HVVC5lcbgSAAc1m9jWm23qdnp6bIPnJLHnFTnB64Gaz7SfzThjggenWrDkMBtOP51rBqw5asjnhRWEo6gYzntVaR1YZ64qbO5SpJOOefSqU0hUgEZHSlIIonaVBIFUHd2pkkirsQthnJ/kapzzlH3A4VBzzWFrmppJd232dyTFlvl5+b09+M/nWRcpqKOrj2oCg5JJJ5708bQSOlYtpeJcASZAJ4Kjscc1mat4ie3uGtreIFl6uaulRnVlywM62Kp0Yc83obGp3dxZyh9oeA4yTngVoJfQtaJLG+8MOAvUn0rgNR164lt9k8yqnUqBjNc3/wlkVjMQiGRecqGI/XtXpRy+Vvf3PIeaKcmqSdjvLvXpbe6Mcj7Hz/AKsck1h6zeWbpI+oyy7/AOGDG129/YVxdz4umaXfaQRQP0Ehy7j6E1izXjzys8kjvI/LMxyTXTTwrTvsjCpNyVpas1rjU7tEeETOlu+A0asdpHofWsy4lU9KiN2Rw2GqjNIN+c/Ka7npoZU6LluWmc4zu4polINUDcSDIBwKiad8jk0jqWHua3ng8EUonTPUg1lrOejH8aUyk45pieHRpm5RT3ppvADwv61mhsnrz705cUx/V4o0ZLwGLaByTk/0quHBYHn35qFQSOtTQgK/7wZA7VmxqEY7Fw7CqquVwOc9zVrT7prK5hmVmV0dWVoztZcHPB9apLIAx8tdpbp3xUse/fhlOBzkjNZvazJ8z6X8Ha/Y6ra28aytJfRxi5kDMCqDHKt7jrXnXxQ8Xwa1fR29pGq29vlVKnO49z9K5O48WyLp02nadAlnbS7TIwYvLJgYwznHy+wA/Guf8zcWIOR3NcuGwipycgxeIlWioMszTbicVDxyWOBTBLGCMjPrg9aZI4xxx+NdxxxhbREpKDuc02VlYnau32qu0maaGOMjOPWkaqm9yfIUjBBP8qmjbnJwVHWqozn5iKmhaU/uogzbyPlAzuPakNo9G8CXCRaFqXnfZ3jkdEaFvvMp/iz0AHPPrWlq2jeHmtbaWObyNuWljR8yBewAPU++a5bQdPntrG+ivEkhWQBNskZ5fPT1HHtWfe3JUeVG21cYwtee6M5VW4s6HWhCmk1c6Wez0GAK1q1xdgMCSSFUjuMEA1JrOsRajaWMh02G3hhYosyockAgbTjvjmuJW4bON5z71fuLm6WOC0kfYqncIx79/rzW6w7TTbuzmlWbTSVkeiado0xs7K+j8qWCf5fv5APofSs3xTci0vEskjTbEm0OrZyTyWz37dKyfC95PBqKRmWJoVHAlfCqWGPzrV/tAIAt9Ct0EbmFk9OMBgcniuTF+0StubYb2d7rQ5yW8klm3FmJA28mkM3llSijPp6e9WtQt4lkkltwFjkIdEORsB7E98etVJbWaCfbKOQeucg/SvNPRRoXLRrFB5bMzlBvY84xUSuAMtsGD1xjP+NS3Elv9kt0ik+aNSsmR3z1HtSabplxqEyrBwCc7jwqj1J7UI0luW9Jv5LC9jmwWRCPlBIBHoaseKlF3N5VuiwwMfM24yckev40thpUt5N5CIzyL93YpKue/PtUWsItuIS9zvusfMobIUdAPbtXVhYv2qZzYmX7ppnIMzW8kkfOPukVGnLHmi9JM5z35qKInzAD3r6OK0PFbdrm9ZQzPZ3LKWXKBA4HbOT/ACrS0by0/wBHmKmLAU+x9abaSmKO1t8ZV4WdsdixwP0X9azll8u42MoOBhucc9q+exNRus2j2KELU1cn13RvIvNh2KWAKMeAwPSuanMkLtHIOVOMV3elTwatY/2VfS7ZP+XeXup/un27VzGt6Nc6e5WVWYKdu4nofQ16OFxSmuWW5yVsO4PmWqMrKuu3GG7VLZsVJU9KhVPmBBxirhhAkDJ0PNegjnbUdCykeU4pCCxwasRJhc9MGkddr5Hemjm53cYgZevSpoJNjYpFGeMUhXH4VRop3N61zJGHXqOtaVvMQBzzWNo8uW2noa0m+RiPyqb2ZW5tq8d7bG3uOnVW/umufutPaCd1dcMPerUE5Rua1CFvYArY8xR8p/pRexlONzlTFhueDQyEj6Vpy2wDFW+Vh61TkTaQOtWmZPQzpI/mH1qGdM5xzWgYs5qGZR25oZrB3MWaPrgfWoguMcfpWjKv/wCqq+znIHSsmjrixiDnPFSYPGcelSRR5OTUhTHQU0JsSMZ/+vUnQ9aI0xjPNT7AAPXvVGUgU8jnOTVkIWGBzUKKQBVy3LLjGQelWjkqxKbRnkCmNDxg1qNDzmoHjCjkUmEGZZiO7p0qwinj+VTiMHtQiY4qEzaSuNSME805cZNTqgC9qQx+lO5HLYkjUFeaiePD9KnjBT60uNxzx+FFzFx1K7LjioZBngcmrMi4yO9V8fPik2XTRVZD1A9qkSMse2anKAjoakhTDcjtUo3lsfNijccZA+tApAKcCPmGOvT2rxkfWijoeBzSUUopgTwwh4JpDIi7AMKTy2T2qHNJ9KUcZA70xAKXnHqKSlPTrn2pDCl7eppOtL1P4Y4piFHTHH1o/Gk6dOacBnHahAFJ2+tKqljgd6BimAvU8DFKOtAHFOVcgnjA96LCDHpTwMZyM0nboMU4D86oBR0AqRQdvtSKo4qVU/HHaqSEAHPHSpFXkD1oRfwqaNOn9K0iiWOjjIAPHIyOa2dG0+W9uY44ULO7YwKo2sO8jI716r4O0oaVpovZE/0qbiEEdB610wSiuZnJXqaWRuafZQaLpgtYuXxmZ/U+lV7ORnuGLAc9z2oupXEZjHJzk/WmwxhwqsSFz8xrlq1Lsypwsa89y86ExnECAFt3Ugd6yJnAJww5yR64FWtQIggWLoQNzZrPtGy+5wWUcnsSK45zN0ugyNh5gIGCRUpGBlTgn9aYGCBpNgI7D0qt9pLdBk+9c0maRVizcy+WgzkydyKikWQw72OMDAHTFIwPLkM20jNWHCsrMB1xjNZuRaV9yhHF+6ycD3JpdwRuMkdKWdiCVbIxxUDAswJJ2+lK4i9HcMcbtpC98cgVDLIGwBy2agZzHHwQB1I9aSIluQOaGxF3TUHmMSAfTA4+lbUcIb519Ox6Vh28zLhFUg98HitW3mJWNMlBjv61mzena1iK7uLi2aKOI8kZBxn602KdnjUlWaZySzk9PpT/ABP539lh1YBA4BAGD+NY1vq8MMKDLGYdscY9a7YUXUopwWtzz6ldUsQ4zelrmslst3N5coygHzZp1+4TZBFhVA28DgAVU0W+IS4kceY27nPbjpWXfXsktwzKePSuerBwnyPoddCpGdNTXU2tOSK4nlBmC7cnoctXV6e8flRojDe47nn6V51Yzlt2wqo6sc1s6fdlriNmOJA3foQPSsWrm0HY9GtEYZbIA9askqsfGMkdaq28+6HehJTAp1xMWBbPGMAVtHRD3YwyAkjPHQ1ka3dSRoFt8lmPX+6PWtD5ipJPJ7VieI7k21oWGDg42+pxUN30HJWVzO+0OIpZbyaMqVKqXyD+AHrXPvNafaC8E87sBuwi4+Y9ev8AhWfd3ElxcO0pLyN+Q+lMGIIH2KfMfq3oKuxx89za0y/Ml+8Vn5aTP821m44HP1zWfqWoC3Z9+DKScgdjWOvmqWeKNycZJHYVmXdzvBx065r1suSs2eTmNNzlFdA1PUJJnJLEewrGdyxJJqSd+pqlJISTXosqhS5VZIl8wBCSfmqNpqhySeKTknmpudCprqTCUkfNS5DAZOBVfBpdrFc9ulFyuRdBZMDoQfpTAc9c4pvQ4NSMoIyo2ilc2Wgyp0kjCbGXcOue4qFYyU3D6UojcjIBI+lK43ZgDzxUkbhc5z9RUW1gOhp2CenWmKyZehumAXKqV6YIqyWT5Tyuew5xWUhK/MQdtWo50ZFHAYfrRcwnT7FxplwNjsO1QPM6jljk9jVV3zISRg57UhnZlVTyFPAPalYFTLYuCVz1P97/ABpVnOc8iqKtz178U4uWI5yelAezRb83IHIB9Kf5p2gE5x056VUD8c9fSnKQMHqKCXTRY3Z6mpI8vgbsD3NV2dMZTIO7oewqzHhrdiF6HAbFBLVkTRxk9CM1fsosSIwbDA5yPWqNi26Qhu4pUujFJuLcA4xWiSOKopybijp5HuLjLSyuxY7iSSST61QvJoEwpJdhVOfUmeMJH34zWe7kseSc9qHZbGVHDzk7zLzyKSMDH9aVbhvOU8k981SjcsVVeueMmpQ5Mw3DDA4wKg6VTtuXxOyNu6HvirdtqsiOCcsPU1RCNJ0HFN2gEhc/ShxTMlbodpaeJTgQ3O2W3ZChRlBBB98ZFP1C50rUd8kpktJW/gtxujz9Ccj8DXHQs20dSAakQsuSwOOtYTwdOeti4YqpDS51NhLpcbL9ruHnQk7kjj259Mk1NFr9zZwstuY0iIKqiLwF/HnP41y0bRKhfJz2BHSoRLg7i1ZxwVOJbxlSe2h1epeJLq4kh2IsKRrtVU9MetRQxm8tpplkAZEztPesWGYTxFGAB7GpNIunh1KOJn+Qtg/Q8VvCjGC91GE6sp6tlW85ZSB7VXj4PNaWqQmK6mizwCcVTt494PGSK6YkXtG5r3CoNOhvFlJlCCIIB029T/L86YBvMUgbnALeufrWhb+QLAw3CMYzj7pwR71nSReWzbN2zqpz2rwsXQcJOXRnp4TExqxUeqFeUiUSIDvUksAMc+td7Ao8U+HBPkfbrSPbIjc+cn09f6iuOtzbTW5Dy4lUEKQOHz2P0qvperXGj6lHJZqymI4f5jhxnoRXGr7x3R26LR7MqanZRwyfug2w+v8ACfSprGPzIFDYJXpXd6/aWes6WNTsQI7ac5kGCfLlxjHFcfbQmJmUjG04PPGa9vB4j2sbPc8fG0XT2I/JaOQ+hFDJkEfjVwAHKnr1FQlfmNdyPN5tSuOOcU5xkZqbyyVJ7im7OCDVJlqWpJp52vu7A9K3JBujVh9KwLQkO6+ords28yD6ipkbxldjVzt9xV20mKsOaqbcMPQ8UKxQjH400W1c27uFbyAyx/61RyPUf41z8gIbArZsrgxuCDS6nZq2LmIDYfvD0NNaGUo3Zk3LqbeJRGq7QckDrWY+AeQcelacyk544FVGiBzmguCM0pljk4qFhx8orQkjOCAKqyIecdqRvESNfm981MVz71EnJ6duasIo6UITQ6OP1FStF26c8VJCCSMr+FWTGCelUYyZUWNuM+tW4o8MPX0pwixnipoFO7pxQYz1JNu1DjBqnOo5I9K0WQeXVKZex55qJMqlHqVo03daeIcVLEmOlXUi3KT396jmN3Ez2TjpSRrk4OeKtyRnPTGaQRgH1NO5m0RbQRxn1oCAVMsZP0zTimBjFHMZuBRmGBjFV9hzmrs69R1qJIuaLhFWGKmcZqQLgdOtShcAGkYc8Ur2NUrnzAPWilpVxkZ6V5J9WApf50lOFUkAY+tGPWrMVnPLbSzxwu0MWN7gZC56ZPaq56U2mtxJpiUo/OkA96cM4IB49KlAJx6Y4o6UoY4I65GDxQBTAUKcEjoCKD07fSilxmgBDyelKKTjPtTv5UCFHWnhTz9O5poGOuacBmqQClSpKsCCDyDxUiqd3r3pgqRR0xQhDwQeuB6YqVRk4HI+lRAZFWYxkD1rSIMcg9v0q5BHnbkLj3qKJcYra0eye7uEjjUsWOOK6IQuYVJ8qN/wXoQv70STLi1h+eRsdvSvQbi5Xc8pUhVGyNQcYFVbW3TTbBLKIjI5kb1bv+VIoEo3txEpwM96zr1OiOOC53zMrq5U5bLZPArc0aLc5EqBQSG3N2qC0tkkZXHXqPaticCytCxxuxwfeuGUrnVGPU5nXJEfUZQCDt4P4VQW42rjJIJ59Kddyb3eUZ3sf8mo129WIJHOKwkHUS4YRwK0jAsckKKj01TK53cKOao3LzTz/OvHtV3Th5ahQenGaxkVF3ZsBgivGnQjkgcCoJCoHygkACrYhWQKrMAoHJ6VnSTAyukbZTdwcVmby0ROEUpllz/vetNmhiSMmRR04xTo0ZysSEfnVW9hZZUjYZctjg5xQiLGe5O49eelSRlCBuBH0PSi5j+csCMdx6VEh3yD5sADOTwKpkNamvbMioGXbxwQT2zV+2WMujK21eueuKzbIxFliyvqXxkVcEiW4DMxbccKf89KSi5PlRo5xpx5pEutj7dbmFnYKeQw65FZtlp8UUyoQsu1idx6N7VNHPvQOeFGRz+lPdkUbl4yDwDWk41aC9neyZzU6tHEP2ltUQygIzRoqouc/L3rEkCmXlSwz1BqTRv3i3MjuzMxCjc3GTk5/WlmjHmOhxlaVSDpycXua0qiqQUkrIhth5jMBlQp+6K07eVoZFjKkKffkfjVazhzIQG4zkkCta2tyHYsdwPANYtm0Udbp92fsEQ3AIBjk88etX4mMmCOg/WuRtybO1nMjDywNxz29K2fCF4b2xaZ0wQ5AHtVXdjRNXsbaJlvmLc8YBrL1zT4prWXauZh8ynGcVtAbELe9VbpFeIFiVJIztOCRSHJXVjzmKwCTF545H3jJ+XH+fpV6a3t4FQFIolI3EOcsfqO30rpEnVpHX5WI42A9v61BcQWs6vLcQIRuCkk/kK0i4t+8c7i4r3Tlr7UrK2t3FvtnDKVPy7QTjpn8a88likjAEyOm4ZUsCAR6j1r2L/Rbe2MccNuo3ZDbAzD6ZrhPG9tNPA1692Jktz5aKSAQhOensT0r0sJVp05csVa5wV6U5K8mvkcbPGhQkEDAzk1mFuancuykDJAGeKpMe9em2TSg0rNkysFOUY5A4xxQZFA68YquWyaRm3HOAO3FSbchL52AcfrTDKWJOfyqPvRQaKCQ8EnrUgZgADyKiBHbIpc9aQWLSPxgdT1BFPScquMcdqqFvQn8aeGBXDc+lO5LgmXlu8j5gMkVVYZbgHOaQfKRzlc46VPNt27doU46juaCOVR2KxB245K/wAqBExxtBNGDxx3qwJ8oABz60Fu62IlAYhc89DT7uBreXYzI2eQUOQRTH+UjIODzzTGcsCO3bNArMQngA09WwR19sVGoJBIGcCjPNAyXPOfarMcsf2WRHzuJBUiqe/P3ifrTS1BLjcmDfMatWtyYHJwrKwIKt3qgD3pd+O9MTjc2tNnU3PJABzwKtz2yOGZcBzXOxzMjhl6itey1BZDtkwGq4tbHDXozjLniNliK4UkAgZpqK3BPQVqzwrNHkEEgZGO9ZbAq+BkADBpSQ6VTnVmSysPMG3p2bFPt3VJQ0rZwaS3dCvlyr34J7VOY4yflUGoCUktGaEE8bLtBGSPpS+QXm+U8+uaqJCkigqArZ/KtGL5YxzyOKqNziqtQ1iPihEMm5m4AzSzzR7GxgA1FcuSg9MVnXJDMvltlu9WzGEPaO7EuZwjEcnvioI5dxPcUy5jZ5M7s44JpyL91R96osegopRLkchjXdnjrS29xvvIiOpcfhzVC4ZtuxTyOuKv+HrOS4uI5JBiNCGJx1oJcYqLkzb1mYPfEryRikth++LKoAIrMvJVa7fac5bFbVmFXaBnitEclT3YovuhMC4yCBS29vbXEUi3F00Mo+4CuQ1TYxGPeqMqjcG/CsqlNVIuJjRqulJSI7/S2s52G4YXG4qflXPSpVg822JMXmZIV/8AZz0OasGNJdrgsGxtyO49KlGkS+UH0t2LAEvAzHJH+yf6V41fCTparU9/DYyFXR6M0fCV2NLupdKu2b7HeAoSckI38L/rzWRq1hLoesXFvM+9VfaTk/MM8EfhUdxfEjZNGROMDBGCv1FdJHAviTSVhlmMmoWqgIx/jj9P19e1ctOo6crnXKmqseVmA5UFSpyMdfWlYbiCODSNBJbjyZo2R4ztyR2pYRgjPWvpKNRVIKSPma9J0puLHKmCGPTvSTR7WBHQ1YZcAHFSmPdaZ7rxV3MrGTF+7uh6VsaQ27evoTWTKCJlrR0b/j7cetVLY0hLUvyDBIPamlRzu781amTmq0wOFNZpnUSK4CgdxWnp9yrAo/KMMEVhscZPpg1LbybWFaLUTRevrQwsQPmXqD6is509QRW7DJ9pg2MfmHK/4VTnhJJzTJWhjyxDAIqtLBlSRjqO9a80LKBxx6VVki4z0HvSNYsyhFjgVIvOB1qy8WDnGaFQbuBx9aCh9uMMPetGNFYYNUokGQT07YrUtVBwDTMZiLbgnnPSk8ra/FaKx/Lnr6Go5V56cd6VzDcjCZQ5IxVOaLn6dqv9eO1RvHke9Zs3grIpQoS+SOK0YVAAB4pqRbAKXBB5zUs1eo2ZMZxj61VkUqcj8augbuM9KiZOT1pXIaKm7B96k6jrUTD5uvFWEX5Rii41C5UlTkjNOijJx3qV48tnGamgTGDg07kNakEsWB0qJo61bgq+DtCnGOKq+Vk4qZSNqcND5QFL1PFJSg4IIrzT6QVcZGaXI98UnNL9KYG5p3iW90/QNR0i3ZVtL4qZhtBJ2nIwe1YeeaB1peAODx9KuUm9yUkhM807jHf3ptLUoYvFPEbeVv8A4c7evfFMpRxTAXOaXuTgD6UKMnmiiwgHrx+VOXrSdvrSimAuMdaeBmmrxTwMdc00AvsKkUHPvTRk4NSIO/H407APXqcLViNMkbgeajjXI5yKsxISc4JrSK1JbLFsm5gD616d4J0sWto19KuHb5Yhjv3P4f1rkPCeltf30UQA2E8kjpXq8EIdo4YFwkYCoo9K6JS9nHzPPrS55cpDFbvM5B+4Bl29qqyP9ouFWP5Yl4UVp6xPDaQ/ZYT83Hmn39KzdPTkSY6ngV5s53ZpGNtDdtkeEQRqM4wTSeJbiL7OpDbME9D1qUOh3O5wo6fSuT1aYzTMM8AHBI61gpHRJWRXMiyZcYTPRaeP3cQx/FnNUUzuBJ+7xUktwAh2k/jWcnchEE0nLKCBjg4pbZgrDJPvmoF3STfKDxzmnRABN5YZboM1DQk7M0JZHmYAs2B0BPAqaHqE498Dmq2nxyTYEXzvnceenvWnZx74/lCecTk8HpS5H2KUk9y3DZAwF2cqeoGe1VlXc4fcCBnGOO5p8F1uZojJlADwB157UxEIZQhHX1qdjdNPYpahblSFXGevTqayLiNoZQCecHcQeBXSXdlc3O/7NC0jAdV7Vg3UYQsm8O4I5Vs+uRxwaaTtcxqNXH2TiMqWON/an3l0GulSJixUDj37/wA6oxSeS4O7584AI6VVhuPMup5FBVuSD613YGnebkzzMwqN0uVGvHKW/dqCQpOD/OpFvhCpicZDDOR9elU7MMUSR8nPIH+frTpVdZlMQUk4JU8Gt6talKo6U9v1OShh6sKaq0vn6C6XK0cc0eAEL8DA/OmFD9vOSdrEj9KRZDFGNygZOcDt7UsrK0qMmQSQa8yvPmqOSPboR5KaiatvEcFhwM4ODV43EFpb72LFx0QdTUNlOi2DupVnXgKe7HgCseeGR1klfILE4Oev0rJQ6s2lO2wmq6vJqGA+FiBG2Jemf6n3rp/BetW1hGbW6zErHd5uMgfUVy66c0JRWQ54bgZ3fSoNQ1c2IltLa3iE+NrzuNx7fdB4FdeHo+1lY5KtaVP3lueu3mq6dBZ/aW1C1MPqJVz0z0rkdd8c6Ov+j2tz5jyDb5oQ7U/qa8lv7l5WczOWZiWJ9z1x6VnM4HUZr0IZfTi9dTOWLqVFpodlJ4titbhjCrzEdHzsH4dzUN145ubi1e1aJRG/UqcH6ZrjZG7/AKVEz57V0+xpp35UZRg3Gzk/vOv0TUZpdTgSGR4wxwWVuRz1/CujdbefUvKeRpoc4UBOHBwD9een0rkvDyW7abPLKyRyh9qvu+YAD0resdZ0zw9cTOZPtkq52IDuDH3PavNxfNUq+4tjWjBU1Y5LWLltOv7u1twE2M0THHUA4/CsFmzmrOoXD3V3LO/LSMXbHqTzVQ16Sbsrm8IpCjvz0pcnpTQeeKcOAMjjtQmXYTFJUm4ADByfWkIBPXNMBAce9Ax3NHHvSUBYcDTlbGMZ9KjyR/KhWweaQWLCOSwBIz6mns2epyB39KqhgDkfrT1bPB65zTuS0SGRic56cUbicZ6DpQ6FVUkghhnGefxpgG7gA5p3AcT83z/maReSBkdcc9qCCO3tSDtigBwPUZx2pDR0OBSk8YxjvQAn40Ac4xSY75pckdc0ALyBnFIe+aUEnr/+qm/WgQGnjjBzTQvODxxSigTOo0qTdYJz8ynFV9SIEpOwLx+dLoRU27oM560/UYmbawGeMcdqvoeZpGszP3kquTnFPimdHHIxUezDEZ6VLHtfarDHoag6nZrUv2c483PPPB+taHmAY44rKii2kqe3Oa0oyHjTAq4nnV4rckuGJiyOnPFUIseZk9jVi5dlwecdKksbfzXCqMljnNPczj7kSrefuI1YDg9veqFuzyP8o+cnHXH/AOqr2tM0915Vqv7qH5c+/c1LbWSWVqbm7TG7/Voerf8A1qR1wajHXcsSaZFaR73vIpA38UeSPpRLrJitmhtVClhgt/hWfcXL3CgN/q1ztUdBTLeLJBI4HvQS4p6yLWnozTBiMjOc10Fs/wC8HrWZboBFuXj0FXbfJq0cdafMbisTCCT0qlNIATU0DfuGFUblufxotqcpYtZirZ3Vt2d9sZTkg1zMbccd6twTEDGTRKN0XCo4vQ6y4is9URfOXZcqPlmTr+PqKzNFz4Y1mO+uofPjRiSU+6c/5BwadYNhlznmtXzjHIwKLJGR8yMMg15WKwfNrDc9rCY7l/ibHSa4mma94Y8zTpI2uLf5yQeST1H09q89dCjdO9adtILK9a5swYRkZQcZ7/0/nVG6k86YuFC72JwO2avL6VSinGexjmNenWanDclYbo6ltlzbyAjoM0yMfu+auWy7LdicDdxzXe3ocSjqYUy7pRWjpEJ8/d68VAkZaXB61t6dCFkB96qTsiaUbyH3yYAIqjOD5a1q36gxD61lXLbpNo4C8VnBnXLQgAzvz6VEjVaVdrP3FZu/DkVpF6gjZspirDB5rZ2LMnmY69a5i3fpmug02YMNjH5TWhDVhJos8/hiqM8QI4zxW5LHjNUJo6Q4sxnixUZQ9cCtGWPBOMVAV59qRomRIgGK0LXG4euaqhcj1q3bcMKCJLQ1OCo6U0x5XccdcUI24cYpCee9I57DRHg5xThHx04p7HAHrUkZfayqSAwweKiRtAr7AScc0xo81Z8phk9BSmPIzWdzdIpBcNjpSSKcGp/L+bPpSMpIIH5UCsZhT5uORVmJMrjFLs+bGKmjUgDHWpbNIorFMHp17VLHHg4PIqfZwSR1oCVLmNU9SJl46VJAh5yM1IEzxUqptWpvc15bHxz70Ud6XvzXIe0HYUelApfrTAPzpRgckZ4xSUvWgQBcgnI4GeTS54x6UlLTAMClpBjn17Uo5HYe9AC8CnjngkcDvTBmnHI44yKaEKBwTxxSj8fpSfSnDpTGO9sD8qeAeOn0z0pqrkE56U4Dn0oAVRzU8Y6YIPH5VGo4wDmp4l46dapIGTR44z/Kr1rCXI479KqxJuIHAPua6rwnpZvLxNwOwHJPtXRTWupz1ZcqOx8KWS6fpRlcASTDA9l9fxrcs9UFnHLJGA87DCZ/h9TVK+dQoROFGAB6CqhTY4DdVGcVz16nMckFrcdcO7EE8lzlj361fsZP3kcY6Zxn0qgMl+TzV3TYtk+ZGPsM1xNnRFamnqLMkHHfqR2FYF5EQnmYILV1CLmTDqWD9qwfE80YuUiTog7eprLoaVDGYYTBHUioZ1/dgqeAc49TSh8rkqSc4pLhwU2L1GSakghQMTsx8xPQd6ui0BG6QMNo+6oHX3zVOBihAJGfbvVj7SWDBmJJHTHYUnfoC5balu0823kKxKsIbku56irUl+qweTDyc/PJjk1z+9yu4tz0FSpMcbV6dS1W5tKxHLqasTAttBx0ya2ra38+L91hVQfefoP8a5xZQiDGPpUrak6QIik7G/T61klc05uVFnVb9EhWK2AZujSHv9B2Fc48m0knqe57VLdSZJbeTk856/lVeKPz3wW2KOWZuij/AD2rVamEm27lhSI7WScZ3MPLQEdz1P4CqaQyRSGNgA/BOO2a1IlSVklK4gQFY0PXA7n8eT+VP3LBC1wUHyfr+NdlOrKjZJXuclSnGtdt7EchltjBEvAjQ+YxGeWxTSx3DjP9ajjSR5DNNgNIdwBNS5BPBAxxmuKs05WR2UItQ10IWkVt2OCe3am7wU+UY28Y7ilMa79xGccnB61H97JK4rJo2uX7G5CpIrltvBOOcnNK1+J5FA5VOFUDGBWWz/KURtsXVie9ORvmDQrsIOfXJqraCbNxr9I/LtpJDGm0YOATnqBXD6rP/p1ycY/eNgfjW+8byzJKpIfOMn19a46+nMksh5PJ5r0cv3bObErmsiGZy2WY4qs8noOKeAXfFR3DLkKmMDqfWvU8yYRSdiN5GPfikGSfX600CrFrOIS4KRv5iFPnUHbnuPQ+/vUXOjlSIi7Z5puTjk8elPcrn5eR9KZgcnIxmhgkOiG5vu59qhkwDx+dO8wgEKcHuaZzj1FJlJahnpTvUNkY4ApD1wOR34pe/A4pWKFOMZGc96TOBx3oB59M9aUgDuDQAY2sNw4680w8U89OPzpp9aAEPWkFLSUmMAcdgfrUiHaRkZqMDgnNKKAaLRcMcBQBikAIPfpUangZ61q20SXEPX5lqkrmE5cmpnEEEYz60h6nOPSpZ0KyNk81D6f1plp3Qdv6Uo9cjjnmkJ5/pS5Bx91cCgBMEnOPegdvpSr83QZ9qT6UABPTAAx+tKQB0pAKUDPUj8aBCClxS4pUBzxTEaeiS+XPgnAbtWxLkqwBw3UYrnLZtki+xroYmDBH7CqWx52KjaSkjNl+Z/nIJPeoyCh549KsTR4kcDqpIquxJwDytSzWEjT00+b8rH5q0IItrOMdDWLbM1vOjHp/Ouy0eGOWcORlStVE4sQrPTqZM0BP3hx1rQ0+MpaSsMAkYH48f1ovICr7emwlSKS3uUUSLjLAcD9as5He1ifTtPg27JMCKH5nY/xH1rntZu2vrsvnCL8qL6CtS4u2+xtCpJZ/v471jxRhpAcHnk0rHTSf2mRKpVcH8asRx8gYoEeZCT1qxEhVSx7UkhzmrFtfltsYGBU0D8EVRQsTjOQatJkHp1rRI4qjNKOYhNuapytn86XcQMHrSbc/zp2OdMWAEHB6CraJ83So4I6uJHgY7ZobLinJ3NTTG8zap5ZeM+1aLtmVh2FUtGhKyFu1XxHulJI71zy3OyK90qSjbknoaiEGZB7VPeL+8H5VYtkwQWFO+hna7sV9hBwParMwKRbe4qdIAZAT0FF0paPgYyf61NzdRsmZtoB5x3jnnmtq0Q5XjtVSCECbbjnOCa04V2jnrSmyqMGiO9Py9KyAmZgcd61ZlMmR+dU0AWUAdOpoi7IqWrIbvEYdv7tYRJ801saq2Ygo6scViO+ZGI/vGtYbAyzC+DWraT7SMGsEP+8NXbeXpWlw3OztZBPDzywqKePnOKz9KuCjg54ralAZc+tBlszJkiyeaqtFjsa2GjzziopID1H5UFcxlbMHAqeHGcHIPTIp8sR+lMRVBGTUs0vdFyBvXFWNuT6moIEABNW0Ix0/Ws3KwlAbs4/nU0A2kAmkA4p/T396hu5aVicgbcAD8qYsfPpSxt+tSrx1FZt2NEVJISvOKpSKdxzmtibBHT2rPeLLccUJj5StHEM/Nk8cVOkPIqVEBYYHFWQihMAc+tTJmsIlTy+KQJg8VawAOOaaRntWTZtylcLz0qSQDt2p2BmiTA4Un8aaYpI+MwOCc9uPekpenSlRtjqcBgDnDDIP1rE9YbS9R2FDHcxOAMnoO1BHYelAC5OAD064pRjB4ySOOelJ29BR/KmIXBPSjFL6YPOOe2KBxQAdu1HanE7sAnOBgClABHr3xTsAmDzS4IAyDyM81JGqNv3NsKrkAjO4+n8+aawwce1OwgB5pygnp3poHrUiqRtIyPQ0IYoHrxUiqe9Jj5Rz16U9SwG0E4POKoY5VNTpnIBz+FRqvI4/EirUKE4wAcGriiWy1ZxF5BgZOeleqeHLNbDSFZlw7j9K4rwnpn2y/iUghM/N9K9B1GQDbHH0Uf8A6q1m+SNu5wVpc0rECvmfLdByaQnexd8Z61ACXwhzzyT6AVNEQ/tnvXn1WOCJbVOCxxjPf1rTsIw9yhOMk5/KqY4UKCO3NaGlpudmHGMjnvXNJnTCJoSMsKkk8LknPpXC3l2s11IxGdxLV2WoDfaTNxnGcnoMV55MdzuxIzn1rO4Vd7FuSQEAJxjJxT4YS67iMDqapRE456dOalMjSjaM4zjjvSIXmTBQWYL0PPApAoKkY9hj1q9YWv2qXZDhVTOfMOD+NOvIFi/491B3Ngbh0Fa8jtcjdmJIuTnOVB6VKqkKvHHXJFXJY0WExxqC4+Z36D6Cs5pxbq6SEO+AFGf1qZRdrji1exNHLul2jJPCgVrMIHiEU8ghMWMMRkA/xZ/SsS2kKOjgYYHOT2q9d2pgtUllYmWQZw3HBpRaQNN7FF7oCYFAHA67hwfwqFpVkcgqAm7IVRhRTZcZIAOffmolJi4bGSeB3FaRetzGcW0SyXeJMLwBxxUokE6BXO5V5welZ4idp2UjaB1NXIjhVRcHHc8V3YmvBQUY7nBhcNL2nNIked9mSw3ZyMCpoCMEltwUAniqsrDzDn5l6Z7fhTEI2bTuGewry0j1WXJZhu3AY3HOTzVSSXkEsFX0JpZS3ygoQB0BHTFVrhlZ92PlPHrTAngheTIJB5znPAq7Au0ZGDkYHHas+0JUcBsnq3YU+WZzgBycA9KN9xNtFiS5ggWR5HIdVIRAckn+lctDdoDcKLaBzICo3pvZfcE9D71qG08+Q/KRx0FalqlvpttDB9ngklWUyvJtBc+i7uwGK7qVelRVoo53TlN3kcv4itF0+KxhKhZ2hEkvPck4H5AVgnPvW34tna51eSV8bmAJA6DgcCsTvXox1irmtJWWooJPriggrkUYGeD2+lLvO3aMYPPSqNBokKhgMYYYOQD/APqpueOaCPUYzSVJVhPSlJpKPWgYvQZyOfegUDHejIxwOaAFzxTlBPCjNNBIyB36076GmIUkbcEc5zn2prAg4YEH3pf0HoRSElifX86AGigEg5HFFL1zSaHcQDp6U4UDg5HanAFjxyetIQIPY/Wr+nSGOQDjBPNU16DHrjAqTAVgQfpVrQzmuZWNy9sVmglfgOo3fWsHJB6gGuigcvark8ONpPtWRqFm9rIB95SOCKpq+pzUZ2fKyieeTnFFKRxzSkYYjI6+tQdVxMc0U4Dn1A9KQ4x3zQFwGB1FORS2QAT3wKZjNSpgD1Pt2oQmIvXg1IFJ28AE8cUgGOVzjHWlB596ohsmRNrfPwa17Q/usVmW8RcBj0z0rWg6/QVSOPENNWIbpwZnK9M4/GqefmqeYERgk8k1XfHFSwprQuxLvAXGfQV2egRlUVfSuVsYwSh712elLshQgcmtFscdd30JtXtttm04H3vmNcvErJEZGUgv936V3l1GHgSMjKkAVyutKHvSkWNigdOxpRdznl7pnwqA+49jxUksQklLgBeOAKliCQrlsM3bNWWwsSMTlm5qmQ5W1M3yQjbcZOOfamybTgVPcSrGu7jJ7UQReYMyDAPNNCu3qMt4i/uB3qdhhuO1XEjEcfA7VXIy2fWqTM5jU+90qdF5HrTY0zx3q5BFubpSuQldkltD/ERx2q9FDlgTSwx4A46Vct1ywzWLlc7YQSRdsI9i8jtVmNfnBB56UsaFYSR3qxGgSIuRjismzVIzZoxJcBR+dWBF8wVRnvSRfe3sOe1X7aEk7jVNihG7Goh2ljTGT1ParzIpjI/uiq6xlkLNwDUJm7VlYr2cRMhJHerTjMmBxgVNbR7Rnt2pqKWLs1JvUpKyM+d/IQnOWPAFVeQGY9TwKszxmeYkZCr1qC/YRIoyMnsK1Ri97mdeuNxYc7Rn/CsTOOta1+pW1G/G5+ce3asZzxgVtEzbsPjbLVZhbBqmnWpomy30psqLNuylwwrqLCTzocZyVrjbZ8EV0Wj3AjmUt908Gn0FJGx5RzzSmPK1deMbc45qE+gFZ8xLjYy7qEL0HNZ8o29R0remi31l3cW1uORihs0gJbuNoBq1GwAJzVBBg9asRkseDWUjoSLkfPSpGB47Co7fnjpV+NQRzzUN2E0RIu1RnrT2cGUnn8abIMHPXFRBhuAFLcpE7kn6VAwBUfLznk1NjIPOBTAuX56VBqkLHF8uRTlOGx1qdAAvA5qs64PFQ2axQw8tz6050wmTSKvzcdKnkOY8DAqG7GqRTUUEZqXZg5xShCaLi5T4uI4ByMmjt79c0uOCQR16UAVB6Q2lAyRiil6AdKEITpSgc0oHFApgAqWEFm2h1QP8pZ+APqaYMDjHNA700gFXIPBpcY46HvSdB9acuMHOenH1piFUZPFKTmkHT0FOQD+JsD2GaaAQjABNOUngc4Ham8Z/GpEXPPAosND0XdnGPWnrkfjzTT8rbcdOKljz0HTHOKpICSAKThiQPYVetY93XvVSNDxgHFbOlW/mSIoBLE8jFbU43ZlUlZHc+D4BbadJMRhn+Rfb1P8AKr8rl3JboeAKekaW9ukKkbY1xn37/rUKKzsB3bvWNapeRxRXUkA2oWOPnpNxijLDvxmpHj3uVBwAPyFRPy+xfu+tcM3c2SNDT0V3Bf7gOTnvWuzKqsqEBR3FUNOiWOIM2fmGR7VBqt79nLW5UDI5YVzyZ0x0QeIL5RZ+THnc4zwe1ccz4bkdTya0blizAnOfes+5Ta52nGOcVNzObuPZ+gwB71e0pCJVIkCl8rllyPpislc43NkmtO2HlDLOcgZHGMGrgrszbOqsohbRhpAgnZMhAc8f4VneIrmG2J8hkZn+6o/h7UG4WHRuSfOK4z261yrMZ5CWJZnOee5repKy5SY6mtbSMUMrgEDlhj9KxJXEt2zOeMk/rWu7PHB5RGNgBb27fnWRPFiTf0U5Kg9cVc4P2afQxhNOo11LdvL0fCgA9xnmrAn3MXYsw4x7+3NZqSFuhBUdfSniVmYAKSTzgCuOx07D7idFVmAAcn73f8PQVRRt0nXG44OelTXQOWLlTggYFVNhZ+mRVoh6l6NHd8BWb5uOOv0FWXi2PIqsrlMZw3WodPMkm8oSAMBmPGParc0QhMm1iDsBYsOefT0FVyp7ivYqvhCTt5PTuKQQTna4jcjHXaauSFYlRY3MpVctgdPp+dUzefMY23lc9M0nFR0FGTkE7FlCltzgdPb2qCPKsx4wM095PupGTtPJJ60pGw7YQJGxzkdKzZoiQ280QxKvlrt3DccEg+3XtUUsyxrtA3k/xY6Uh3qCyjDsPy/Crei6LdarKFt0OAfmkPQUX7jSvoV7fc0qKuc/xMegFXo7f7RICFO122IMc12lv4SSCEIzsxGWkbpx6ZrH1i+stDik8uRZJYzwewNaUKcq8rRIqyVJe9uee/EG0Sx14RIFA8pCceuK5kVc1i+k1HUJbmY5dzk5qmp56V7sVZWFTTUdRcUbffFSKTgnaCP5Ux23ZIAHfApssYetJ096dR820DkKTxnpUjG8Y7596MUpyCQeKTFFxh1PTijGF6c0u0g4PFBGQDnmgBBn1FLilHHTv2pR1PC/4U0DBxn2xxzTTVma1aK3hmZkKy5wAwLDBxyO1QqoLAMcAnrjNMVxgxQO3T60oH0o24pBcFUbvmPHtSgU4LkDFPMTAnjkdqVhcw2L7wBGasbd31qAfKRWjCu6PevGRiqRnOVi7Zr/AKIhPGD0pNfnwkcIUcgMSaktc+QBzweKo6y4klwc7l4/Cr6HJFXqGYPYd80owOtB7U4gYHPPfisztEBx7Z4oxSjnqRSsME4OfcUCG96co78fSg4zyO1KBnjoKaE2P5IAA/EVJHGT9PWmxpyD1HtV8Ddjjr2FUjGc+UltUGwewq7FGQjHpmobePyxyOW6VebCDgZPSrPOqz1sZ96o8vj1rOLAuBWjqxEaKpPNUdNha4uAAMgc1D3sb0XaHMzoNLTdLGoGcACuxsI8zKo6LgVlaBZCNTIR8vYkdTXRWiCDLsQAOapu2hxy953JNSnEMLsCBhTj61yQLRoZJeSeRn+dbmpTebAGxlWbIHsK5XUL1Zp/LDfL3IpxVkYSTnKyFGZZV6kuQBjtV+eVTIyLjauFH0qnHcpEB5a/N0QkfrTJgSq8Ese39aYNXGPKjXJYAle1X7dySu4D6VUtYMnGKvxpt6CqIm0tiaWQEACokTJzUipnj9KsRQ57UbGLfMwhi7kVoW8BAFLbQbiMjCitKKHAzis5SOilDqV1TnHatCzi5yelJbwb3x2HWtW0hG/P8K1k2dSVyVYflVRjA61HdfN8o6dBV08DAqE/L1FZpmtiGG1yRuxgVe27I8L1NRQ5dgv51cVAeW+6P1pNmkI2IkiPknJ+9TSg4A6DpU+TIxPQfyp6AEgDH1qbmnKMSIkYqKQBN4B+8cVMZgbsxAfKq8mqc53XAwcKmSfemtROyRSvXSLdzhF6n1Nc80rTzknJJ4A9Ku6tObiTyowSo9O5qvsEUeBjeRhj2Uf411QVkcU5XZT1CXzG55J/kKzZI9oyTz6DtVycgscdKpyH2rRGLepF0qWHimAZ5NSxAhee9MuLLcJxWrZyYI5rHjOCKvW74I7UkanoWmS/abFDnLLwaWRcAisnwzc4l8onhx+tbtwnes5aMzZTPPGaz7tf7vfrV6Tgk1UnYEEf1qWXB6lBYstUypgAgH0qeJc8EVL5e0+tZtnShsC45J6Cr8bhQMiqagg57dxTwcn5TUsZJOcmoh1/lR2wakUZoKSJ8hoxwM0xBn19KAKcFxyOtZs1RKg4PHNMEe7dT1bbkYzkU5MYPPWs2bIg8sAccUoHFTkE0hQcVBoiErjrS7RUpXLe1ATueKlstI+JMcH603JzTjnIPagnnoOlWdQnQZ454owR9DQAM5pQCePSiwCozKSVODjFHTmlHA4yCaAKLAXtCisJNXtI9Ymlh09pAJ5Il3OqdyB61VufLFzL5BLQhjsLdSueCfeo+tLjAGOM1V9LAAB/T1pemMH64pcDBycUqgYOc5xxigQAZAPNKCOhJx2oHT68UEk89aYCrnqOuOeKcr8cjj1FNyR0PXrT41JzgZFA07EoG7HQ1NGpOOgHrSWTRpOjTRiWJWBZN23cPTPb61KpVnYj5AT068VokDZNCpYr0IHaux8HWmbr7QQCkI3/AI9v1xXKWqAt+gFel6Dai10aIYxJJ85J9OwrRy5IXOWq76FiZztCgdTUyLsi3/hVZ+bhVU8KKu3gVYo03Ajbng157ZCRXMrBcjANRSShRw2M9fpTXbuelUbkl9wXuc4rmnItGrNq5l2RQfu0Rh171HqcyXMvmAEAcE561h7iZB6Dr71r20AePc5+XbWTZtHUaEDtxj5R3qjciJS2cse2OK0iBEhBXAxgE+tY95827n39KlBLQaykqGXoTxjtitKxjkmjM8WXkXqDyPyrMtiPLw7FQTuz2qbcbcfIWLHBJHHXtXVBW1OaWprXty5t/Jd0lc4LEHIQDtjpmshSEbzSORyMDvU8Ks8R/uDknuarkGSYKvA6lj0UetZzk5O5aWgiO0pL7yqnmRm/OqMxeUsSTknGTV24lRlVIxtiXoOufc1CScKEBDD0HNJzk1Z7C5Yp3tqQIjRfuyevNTSbtmEyBjk+tVguHZ3bODjHX8Ku284iBeSNZT23/dH4VNhspYyPmY4701ypTjrnpmpJ5fNbcxyScAAYH/1qakeWGdo9z/KnYncdbXLxJhcgE5qxud23NuOffrSxRQxksxyQMjsM1NaxG4cP1BOM9BRzWHYv6VAvlZlbYrHHNZs1qUkPcdiR1HpWjqLw2EINy4VGOB71l3Wu2G0FGYuDwgHFa08NUqLmWxE6sY6ImiggJZrl5EULkEKCCa0NJ0h79lW1bzXdsFVGDtz1rJg1u3WVBLCki4xuXJz9a6V7kRxokL+SGHypGMED3I70qtCdL4iYVostQ+ESL7yGuoXIY7lik3fLXZ/6BoenZyII1/U/1NcxpGpWeiws+oON8mME/ff2ArivFPiKW8uJmc7hkhEzworTDYKVZ3noh1cYqcbQ1kzqfEvjKGON2hkwhHCg8t9a8k1rVJNQuC7Ehc8LVa7uWmcljVQnmvXUYwXLFWRnRoa+0m7sGPNPiUs3y9hn8qYaAfUZpnUSlsIVwOSDTM9qcCDgEjHYU0jPpSEgOOwxSA8jOcUvAPPIoAGRk8ZpDEB4wenpSngmkzg/0pRyOTx60DAnI5PvS8qmMDa3fr0pvGTjOKVVycDk80gDHI/OnD9KQDPfFKODTETswwFHTHUim43KFVDu9adCFydy54wOakSFnI7Va1M3JIgEZyeMGnhAdo6n1qUvsYqF4HXNTwoGIyMA96djNztqQxwMHXIwDT5oSjbsHmtHyfkCrggdDSmDeozz2o5TD22tzJEIMRbPQ1p2a5t1zgbeaZ9lKyFCOD0q8YCluoXJLHApJE1KqdkOt1wmSOOtYN6xeZjnv0rqHi8m3J9BXLuS7EnAP86piw0uZtkBGDjFLgBc9804rzzRjjGO/pUWO24wdOaAOMZ4NP5wFwMZz0q1FEjQnJGc9cUImUrFQD6E+tWrWAOBz82eB2q1BZxkhSeaeSInKoOB1wKaRjKpfREsVkqSZZl2j0NTosc0yJEML3NU/MeQjLHA7Vs6Pafu2mI+9wo9qtHHVlyq7eohCQgbgCccCo4f30hLDCDk1NJAZrhtpyF6Yp00ZCeTH1PDVVjk5kYl8rXlztQZA4Bro/D+mJGgL/d6k+tFhpuxvmGT3NdPY2gVVLDnsv8AU1O2prKo5JRWxPaRfLuxtQdBUN/IZXS2iPzSHBx6d6ffXsdrFljznAA7/SqsL/Y7eW7uRiVxwP7q+n40JdTKcrKyM/xbqCwFYIW5CgD/ABrmLOAl975x6mrUyvd3TXM4Jycge1WETPHSmCkoRshqoCxfHzdAPQVZig3H39TUlvbs2CM4+lacNsAASMeg71WxjKRBBb4UACrKWrdqv2luzdB+NaCWoGAcGpcrBGnzamPHac9KtRW2CABWstsO44qWKAKOKzczWNGxXgtwoGetWDH6flVlYgO2SatwwdOM1m5HRGHQjsoCE5HWrW0xrx3qZVCLUghLAZ61m5GyhoQxDOSelN2GRwFHP8qstEQBGnXvVqC3Ea/7XrUuVi1Tb0IYoQi4/M0123HAyFFTzHPAHHemJFlsmlfqaW6IjRS+ABhfSpMCEFm7CrKJgHbVW8f5COAAPzoWrK5eVXMyJmWd5G5L9Kr3tyo3KhwzdTT7iRgpCHk8Z9qobHUkIrEnqxreMepxTm1ois5WMYI25HOOp/GqcoaTttUVbeBy3zg/Ska3kYABTj0ra6OVpsy3UcBarPCdx3Ct1bTbkt1qCaJV7U+cXs2zG8vHanccAValTrjiovLC9BVXKjBoEGDVlGwRVYgg5p4Y7s0G6Ru6XOY5VYHBBzXchhNCjjowzXnFo/INdxocvnWRTOSp/SpntcmSFnXk1VkXJ5q/cIarBMnHasrlRQ2NNsYPHPv6Uh4IxkCp1X5elDR/L0qGzZEH3gcUZwTj8KmVcZPHFRtxkY49aChI1yG3H2qdBgcU2IcE44NSdSAvpUspD4yM4IzU2zioI1O7tVxWBxWcjenqQOORTgMVIV4z6UzcOeKhmqVhacFBWmL8w69KevXioZaBFAOKUjtTzwOnNNPPOKixoj4fkG0jBB7nFNHXnpRg0vLE+wrQ6QyNuAOe5py4wc5z2ojHzcjI74OKVR74/GmhAR2NGO9Ko5H9aeEy7BRvC5PFUBHxj370DP4U/OQBgDAoGdpAJx1NIBp5A5z7elA69aCO3OKXHvR1AXtnvTj25P40jYyTyB6VJbIksyJJKIlY4LsCQvvxzTAZghiOOKcvXH86Tp/+unAfWgESpx16HnFTxAHgZwO9QKAcc1agU5HQZq46iloje0CyNxdxRKQ25hkjsK9KmIUAKAFAwB7CuR8F258x52H3Rwfc11M78kUsQ9onHu2xiqNwYg/NzRcsSiqAKlnwojGR90Yqs4ZyG/h6VxVNHYqGquQTOSAB0AqFkJic9gOOOtSCNmlYDBIBJ5pUQiNvlOTwK55XLRjSDa4A9eBW9bACFW7ADLVj3kTRSkgf/WrZs3HkKG7jkGs5GtPcgZ2kZsAjHPSs28AKFuBkYrXuWVEOOT7Vj3bBlOBn0GaUQmR2gWFAzAEn7u4dDVy2eC4kdrmZkdslgI8r+AHSqaldgbk8dDTYXwTnBYHI966ITt5nNNNrR2NIXVv5O1TKxBBO0bf1qtdlvtG14xCpwWjznA68+9QwMVI34ZQeQBjNPlLzSSyyAhnYnJOaudRONkrGUINSu3cjnkjEjiNcIAMe9VhIVLkALvGM0sxIBQcY9utQlSQoH1z6Vzo3CQAcHk459qkjjDqzOxCIMfX2FJJAybWkDDI3D3H+RUiKGjAIGepphuQ4xxjGPelwEXIwSeAatNbBCMkAkZzn9Kkit0mnXaDyMBQO9K4W1KMAMj9zzngV1OlxRxr5e/Ep+YHHA9sVasdHWGFWlUBpGwD6DFOt4rZS77huiJO4c5FEPfkkEk4pyOF8e373GsG13Ax2w2ZHQt1J/XH4VzO3By4rX1a9juL55o4gCxzkjr71myku5ZySa+jUFGKS6HHTnKSu1Y0NFlt4bnzLpsRrz0yT7Ctm68WGNWj06AR88SPyw+grkyMkUqsBnI59KmUU3dj9km7snnupppfNmkaR85LMc1WuZmkcs3Umm9frTZDuCjCjHfuaLm0YJO5ExyaYaftJBP4Uh57D8KRuhKKD7UDrzQMdjGMg/jTn4x16dTTkVSrZLZA4wM80zvQTcQCkp2c8Dp6UhxjjOc0hifXtRS9PrR244pMBAcc/hQPalPalVcnAFILguSKlRVxhs57U6CJnkAAyfSrNvCsh+ZsDrnFVFGc5pDYflXHc96mXAIOeMVcZbaGPAwx7Go9kcrYXA4rVKxyOopa2Io7Xzn3jHritCGBXXB4K9qbax+TtB5q9FGrSow4yeapI5qtXzKUZ/eFOmOmauxRAqe1SXFoFJdevrTY1JXI4xTsYSqcyuhyxBQSw5P51oRWyCNXYfcXj69ajto/NmRSM5IzWhfOI3VFAw/WnY5pzbdjLu1zaSluPlNcgynJxkD3rt75AICG4HWuTuYwZfkXCnpUyR24KpoyqmNwzx2zUqxjY4LHI5HNNKYkwRgj0qwUZIenLe1Qd8pbFfywDk8+lPGRGR0FIcYAHXpT9jOwT8OOlIL9yQBgqnPSkH7yQuxwD61OyY3d+McVJpNlJdXSxLnnrx0FBi5JJtlrR9P8AtEhLZEY6n19q6CddibYxjsAO1aUdolnbJGowxHH+NJDFzwvA6VotDyqlR1HcyliaFRGg/eH7zHtVi1ssZOMk962YbAABj3/WrSW4QZI68AUnIIwvuVLW2Ce7dz6VJe3MdrDn1446sadeXEdrH833vT1rAvtSW3cvIFmujyqn7sf196Er6spyt7qLkMDvIbzUOABlE9PrVHVJ3vGLMxEK9B61SF3c3Lb5nLKe3QU9d87BVBbsMVZm3Z6kCsWbgcn9K07Kwd8HY2O5I4rR0vSkiUPcKGfsD0FbEe0YUY/DtUuVhqPMUIbJhhQuSPbgVdg045zKfwq/EDtHloB7kc1aji4+Yms3NmkaMSuiJGoUDn0FTIh7jFT7Ao+VefapUj7ms3I3USJFPanrHnk1IcKOeKkiiaVhgYHpUtlJDYIy7jaK0Ei2cd6khg8pfepwgBrOUjohT7kMUOW3NVgJ6U5foMUjuc4FZ3N1FIEVVOe5qbAVctUKAj5mGKPmkfPUUDWgMN3PAHrTGkCj92N3qT0pbiKQjDAbT0GetVrjOCGwigdqpK5EpW2FNxhGeR8+lZk87SE47etWdhkXC4YDuecVC1uRnzG/A9K1jZHPNykivEAclmVmzzzTmXnjB96SaKP/AGAPaqsixDlZeR71a1MtYkzAA/NTGORwapyRJKP9aSfTNVp7aSPJikOPTNVZEuTXQuyZP8VU5c9MGq4uLmPG8bhTVu3P+sjwucZos0HMmEiZycmoGUjpU7uMbhyKrvKp68VauBWl3dBSI7HGelSO4J5pvp3qrjTLtqcd667wtOBcGMn74x+NcVCeeK3dHnMc8bjgqwNN6qwNHdzIOarFMdq0GXeoI5BGaqyr1rmuUiuVyeOaey/JQMA+9OcZpMpMqPx0pjDPUVO8ZGehFR7DjJHFMdxVHA6etPUZHFMUc89KnjQZ5pM0Q6FTznipiOPenwRgrnNKy7eQKxbudEdEQEnGOp6VE7EDng0smWfPSo3PTHSiw+YcjE8Dj0qyvTPpVeLAX/aqwvSpkaRYbiafj8qQUoHHrWbNUfDrDpzzSopY+1AH41seHdafRZrl44IJxPC0LCZAwwe49DWkUr6nQ21sZOCB+NAHHFOdt8hbgE0DkYp2GhyMU9OQRyM0mdvQnkc0HsPwoxxkD2zQAY/E4oxxngigdcZFPChgNpy2SCB6ULUQ0knHHGMU3GCPangE5wM4GSKaTuJz+dFgAksxJxknPSnDGO9Nxj3py9sDNMY8AY9D/OnAHsKB1Hygd+BUir36k0DFQZNXrVNzAf1qGJVwM8duladhFmRBkdegrSmrsipoju/DMPkaYh7uSfyq/OeCR0ziktkWG3jj7IoGPwqKVyQMGuarK82zmS0QGZpZE3+n6CrLnzFJUfKBxWdE2AN3X+da6KFswfbNclSV2a042RlbgN5XqeOafJI8doozk5zx1phfewA+UEdPSmkmSXGcgd6ybCwzViwtYi0Y82YZyD175qbSsPbozk8DFT64sctvbbcAqRk54GarWISN5I8kqr4Vh0I9alq8bgnadie7HJZemOgFZjxiTC8AA5z6CtS7OUwDwe/pWWAcnPBzSiXMhQKHEZPyg8tjtUTttdtgGMkAn0oZtzsQeppinL9cc1ojBsu2KrvBLHIIz8tWblAtukkKtleGGc8noazIJ/LkO2Tbk4BPQ896sW9yVyZDzg8Hj8K2jCNtTmlOV9Cs6Ebm5xnqaZuxkyYyuOh9aW4YNMxUbV3YAzkGoS25lUEY5xWLVmbLVFhbkPDtIyQTz1P0/wA+tPWMsVx3OTgelQLHlhhgw9hWvZWvzLHJvSZs4z2Hp+OR+VJlpFbeCHyvUAAn0pYpWij8wpyc7QDyaztUu3gldYSoKnluuaFBubSESAJtU7m9QTXXDBSkk31OWri4w1Ne3nlu2XzJH44B6DNaAhSKdJomwhG2RQc7hjmuSGpBWCxKqoox8wzmuotj5QEcqhQQroQevtWeIoOi00XQrOpH31Y57UvC89tdSLg+WOUI7jqDWUbHbF907ycc9q9J1mZG060kLfOQY8+oArhtbkZY2ePIZjgAV62GqOpTUmcVVyjV5LmPOlrEygszkEFwoxgelUZdu9mjBCE8Z9Kv29i0g3SyBAwzyMmobmALnyw2wetatHRCcU7XKjMuzG35s5zUe0+nFTeX/wDWqaOMtgYwD3FRY350imIyQxGOPf8AlTGH5Vfe3Ib1qFomPQcemKdgjUTKm004pgep71aERQc4Un1qMpg4HNIvnIhnGO1KQCOmP61LwMYQcHv3pAxGdvDH0FA7kOM8mgkuSWOeOpp7DJ6ZGKQLyKQ7jB60AGpWUqxHcHtU9vAJG3SHCdzjNFhOaRWRNxAHU9qmjgYnoc1JtCkbanjB25JyT1p2M5VOxXJZHJ5yKFZ/erRgDIX4A7e9JHGSQvr6U0iHNWESFnUAnHpnirlvYsCrE5FWI4MBTLwex9qsGdI0I3A/StEu5xVKsnpEjICDDHIqzDKEIAwarTkOgZecUy0XzJACeM9KsxtzRuzavXCQZ9RxVeAb0BFLqrfu0X86doERlk2n1o6nPa0Lm5Y2gjkDY42liarzxiS6yeccZ9K2vLKW8n/fIqjbxhi5YYFCZzSb3KF6mYW3DK8cetc8IVjYs3qcA1u6xOsK7cEseKwWky5Z+PSk3c68NGSiRGHDeZJ37VWuZNxyvXoKmkZpGOcgdqiWMFwoBznvUnoR7sgSFmb1PX6Vs6basUVXGepA9KksrDOHGfKHcj7x9f8A61b1mir8uMufbpRYwq1+iMv+xi78MQo9q6DRtNFsrMqjnkmtG1t1RA0mMfzqwY2lIUDap7DvSOaUpSVmUZWDPiMZJ6sf88Crthabvnb7nr61bayXKhwqqRwg/i+tSy/KmwelJsUYW1YyJfMdmUfKOBWXqlwqT4Vs7B29aLrUPLdYbdxkA7m7CsW5vY1chAJG9T0qow1uzKdS+kSHULx0bcTumboOu33rHjgZ5Nz5JP5mtNUkuHyx4PJ4HNa1lYoAC6n2GOta7Exny6Ip2WmtKisRhK17S3iiHygelWhaySkBsRp2UVftbONOANzfrWcplwg5FcQSPjOFHartvapGN79PfvU4gcEZIX6dal8peuCx96xcjpjAjVgSMLn2qyg45GKQI2OBinLA57mobRokx2QBQHJ4QZPrUqWnI3ZNXoLYLyQKhyRahJlW2s2chpDWnHGsYwAKcq4HFHAqG7nRCmoikc8daUUgPoKUYzk1JqSLycCpo4kUEty1Vmm2DsM1We7c5CDd70crYOajuXmQsWaRgF7AVHJcoo2R9vQVnqZ5WO9wqemalcKgwHP9arlM3O+yCeZwpJKqT6nms9D5jFpg8h7KvSp38ofMx5/z6003kacIuPqatKxjJ3erDMvIEaRrjuabJwVDSDbjqDUE9yZSTuXNZ90ZgnyvxVKNyJVLbGhMIHQqCHqhIIoxtRBjr0rMe5cNgkg0sd0WHXI71ooNIwdZSexed0IyFG6qdxM2dwHfoKQTAHAPI7VDK43ZU8U0huVyvcTTAggHHaozcScgnkdj3pZbkCTY/HOKZLtkGPatLGSbvuBnUjGNrd8VE5BY5INQlGXgjK5znvTUYjOcHtQohzjzH82QxqVARgjkfyqMPg8H8KCx6qaC4u5cTDDI/OtGzba/JrEgkOc9BWlbycjPUU0atHqOkP8AaNLgb+IDafw4qZ4OCTWb4Nn82wkT+62fzrbfp0rlnpJoqOxmyx5bjtSmIGPP8Xep260xh3oCxXWPcf6VO8QS3wQOuafDHmlul+Xvipb6GkUZ82C7FUCgnOB2p8OCR1zSMpycUqDDZzzQ9iluXQdq44qKYg0pbI65NMYehHvWdjXmIyQEIxyT1qMjjsc0SZz35prcAUxpjkBz0qdeOvWqqPk+lSK/pnNQ0aRZYqYxlF56moEOMVbtla5kVPzPpWcjZO58MHpj060ADODwO9OkYMqAIqbRtOO/ufek24we3StGdQh6n0/KnhT1A9qTjOB0pwzwBmmkAh5BzndnOc0nUDBp5HJJH6031zgY9qbQXEwc88GnKRnkZFMyc04dv5UkAHPXt7UYySSOTTmBU4PFI4xgZzimwAD3pwBHBGKsvaFNPiuvNiKySNGEDfOMYOSPTmoATnLc80bDWo9Af6ZqdAoPIzg1CpO7d79uKsxDdw3T1qrFxVySNctkA/gK6Dw9b+dfxR4JBYZrEjYgnHygntXWeD4SbhpTyEUsP5VpDS7MsQrROjmkwT6E9RUMjEjPQDildsMB6U66QJMyDopwM9685sw8hsURLqSeQP0rUBXySO2KzVbYST0OBV132QscdcYrmkbQKbx+bJ0YFRyRUXdSQecZq1bpI4JIIBzkj1qXU7XybSOZW2lDjB6GobK5L6lO/wD9Qw24+Uc1S0pzJDs8wnYfunoBzVmQ+ZDlmJZuDmsqAtaXPA3Anke1XSXNeJhWfK1NHQ8YbgEg4ArG1E+TKzdN2eKti9RFV85LdR7+lZl1MLhlO3JHUVTw9SnrJaE/WadT3YvUh4QdTnFRsfkJXGQOeaCcNgHj+VJITgnPv6UiSBmBIGDnqc1YjnLyKxAO7gg+vQ1H5Jckr16/SrFjbF5Qg5JPBpc1gtcSRWyAeFHOatWUIjkWSVN6Lhtu7bu9K05bDexfbuHqBwKo30y2tsCqsLgggbxwB6itaVGdV6ImdWFLcigjdXiKKAd24sRwPerlgtyL9JTNh1JG8ruyfZe5rnJLudlx5rfQdKmjv5yxdiWcnJJ9a7PqLtZM5/rVnewt1a+ZcMzsXVWyTjHFNvJSLZliXgfoKvQC4u0AdsIOSxFVr2SKNGjhUEHhnPU13U4uMbM8+clOWhjRkmQdMD3rqSGLxXkzNISFwqdMZrlmDbjtUjJrovCt4sTyR3ERZGwqndgA5rnxNNyV1ud8KijubmoXiS3VrZ+XhYI9zfU4OPyxWNcRpPKQV3bTwK1dQto0Mt7Gdzy8Mu7O0+1UY9xyEGM1vh4qNNJHn15t1Gym9gzchfyqJtIlk4VRj1NdLpahMhwrDqAB0qecDkqMD6Vre5j7aUdjjpdJWEHcdxFVGgVORXVXURkBPb3rIngjGeSx9qTiaU8Q3uY8hbGOw9qpzMRwCcd62TayO2QmE96ik095DkhVA9DilY64VorcxGU8E5xQsbZGByfat0aeigFjk5qRIbdDxgGjlLeLVtDDFo/BIwD3qBkO8g/nXSvGjAEjr0xTHhhIAMYJFDiTDFvqjnliO0cZ5qT7OwUkglemcd62WEaJtjjA9aPJYhUZ1ZR/dPAo5TT6w9zHhgZ3H8qurbvtCDOO9aQjSPIAH4VBNchG+VcZ607GbrOb0GCwCgZwc880fZlV/vZ9hUyOzoCFOP72aWN4oiSxVj9aLC55FcxhpQrDCgYqVzHAgcLjHpVa6uBuBQnJ6nFVEZ532EFhnIA70r2L5eZXexLNfPKSATj0qxZ2xZd0jZHXFWLPTDjdMNo67RU8siIPLhXJHcdqtJ9TCpWj8NMhcogCoe9XNJtS8wbB2r8xJpNPtDLMPkyTxk9BXVW9mIolQDoOTVHNOdlZGJe2hlkJPQccVf0GEQy5Pbp71LIV3kDp0AqWygYsBjDN+goObmbVjWz5kfzfU1QvJRDG5UDpx7VanHlpx0rA1G6aR9qgbB61KKavoZOqsJ3JLncDjgdqy0Ric84B+tXHDbjtO4/nU9racjeeepVT0+po3O2ElTjYIIUdEUJ06nHP51Pa6cAGJPyZ5Pr7fSrUETEkNgL/AHF6/wD1hWiiDaDLhV9B/SmYTrPoVYYnZhswAPuj09629J049XHX170+ygBCsseB6Y61qRo6DMrYz0UVMmTCPNuBtgv3uT2pwZbdN2CT0AHU1IWBI6ADrWVeagsTERgOQfvdh9KlJsupOMC15vkFpZ2zI3/jvsKw9S1OSQsqsUUdQOtQ3M8s0hK5z69hUCWbE/Pkn2rVQS3OSVVy0QtjC8yzFe6N1qSDTuQWGa2rK3Szti8i/M/Cr61bgt2k5I2jrSchqDKFpYYx8o9ga1orTZ9/GfQVPbR87YwW9604bToW5NYyqHVSo3KENsS2eg9TV+CEL0ANWxAAOakjjAGAKxc7nZGlylUwb3yamS2AHNWVUKelPVc1DkaqCIFgUVIkQHQVP8oHTmkJY9BipuaciGhcdakXPamY9TUi8c0ikhdpPekAA60yWVQOtQfa4wSAckdqaTYnJIuEgCoJWfHAAz6mqzNLMwyQq+1SKgTqdx9zTSsQ532JEChSZDk4qEzojfKgpzMCPmxj0qEyKuQsSgf3qpIiT7EqzNJ0QAfWh43OeR+dUWmiU5OSfrim/bFHG7A+tO3Yjn7j5wVPIyapyNGT8xANOe7yvynd7iqlw5kGMjOe4q0jOTT2ILhjGSVP0xUf27cmJM/UU1iSSsh2sOlVJgCQDkH1Faqxg7rYjuLoFuRkfTmqZlKvuRiKluYyg3YyD3qlKcA1orHNO6ZNLdF85yD2qFb9sYJwRVSV/eqc7kPyeD3qrIUZNm15qzrwQHHT3qN5jnrtK8VlwTMBkdRV+RhJEGB+Y0rWNUSrdBmZW6g0r4KgqetZnmFZATwPWp7WffGATyOKZThfVEkrlTuB5p0c/HNISNwBwc1A42ufSmaQWli8r45FXrd84rLibK9at2r9B6VJ0W0PQ/Adxi6eIn76H8xXXz5BrzzwhP5Wq27E8FgPzr0mVCW+tYVlaVyI7WKIX5uaRunFTyrgio9uTWVy0iW2XC9KJwdhAHBqaAYHtinTx4TJ4zWTep0RjoZDoc8UBcnrU7gA4zx600DHOadwsNC4+lNNPY8e1RFufegNhrnA5qEoWqfbk/Wn7BgDvSbLiisI8A45p4T5hzU/lngVIkXzAAVLZqokSrtBY1bti6AlDjcOaYI92Ac4qU8D5e9ZvU1irHwvz9aVeo4pR/P3pxx/Dz9RWqR1AV9OeO9IOD1pwHVScd6Vzj7wGTV2ENJB7DjjimN1FOCnk54pG561LuCEA4z7460p65JzSKpP0FPjTccDnmkUJ/F605R9aBnr36mnEg44AwPxqrDsIATkdutPXlsHHX/JoAx0zmlQHOD+NFikiV0CyuqsrgMQGHQ+/NWYEBIBYDnr6VBGvJ+varAU7sYxWiizSOjJo1+YgDOOldv4TTZY3Dt3IWuLthhgSeld7oCBdHyP43PX0pz92DZhidUiZhhmJzk4xTkGZAW45pjljITnBHQ1NdSI1wzIMK2COc9uf1rzL6HN1Ii3BbuKsRp9qKlWO3HJH8qka0VNKmmcrvbGB3AqPQ9wfbtBRh696mVNpXHTqJysbccSLFHtGOM1Frqf8SqXAyeABUsxKvGjAjJ4564qW/h+12bxcYYDFcsjrW1jjw2I/LPUcmqk4WGTcB74rRNqwkY7TjoSOhNQzWDzSAfxHqKa0MJJtFBoy8vCkEBuPpVebegGBg9K6q3sdwbIwQo/Kqes26KyFAMAdMfnVuo5aGXslHU5snofmz708hhkdd3HPcVYa1dmXaMLjtSSwP8AJ6jigkiiU7s5PDY4roUijtNMjkbiZsgAjoTVWxtFRfNlYBAMgerelP1K8e5ZPMHyoMIg6KK6sLhXWfM9jnxGKjRXKtyS61BobC3iVi0+DkDov/16wpo3uJjJIxaQ8sTVwQF+SOTV2CxwBkV7ahGKsjxp1ne/UxVtRztXPvV6000Y3vwg/M1r/ZVT+HJ7KKvw2TNGM9cenSmR7VyOeuiSApBWMdEWqZt/MYbhgdeBXTvpo3EvjPc1EbeFMhASx9etFg9rY5aaAKwAjAz91fWpYHitQHkI3HoFxzW6+kebhpGIPtx+tZt/pdpEAWdyVPK9SaTNI1FLRhaalNcOSUCxAfKQPy+tNOpCN9qgIScEkfzNVp3B8tY3K44+X+EVg3jEzFt4KA425zUuyN4UlUfY62LU3ZzHEEi77zxmtCOdRGN75buzHrXF6dcr5yofkHbOTW4Yo50wxZuemaFqZVqSTsXbjUbVG2GVCfbmmrNFImU2kdc5qFNIifOEwnerNtp3kphFKqT+P0p6mLhBLQptdIWA2kntUU0qxIS7fMemOc1p3Vs5UiCMZI+Zm4rMXSmdsyMZOedvSgqKh1KUwd2VmcbWGR7UipEoBkbJ7L3q7c+XARHGPMmPAVe3uaa1v90NGZJOpwMD6epoNeay1K/mqeI4849aI98rbiqj3I4FX4tPmc/OoUf3R0FXFs0TAcjA9s1aRm6sY7GNHZPPKTkkHv2qR7FoVygJHtW7FtiIwo6cZpZGjL5flj7Yp2M3XkzFgsnk5finSWG7O0/pWw0SrAkjPGd3RQ/I+tZN4ZycICi9cnjNJ2BTm32KjacxU7pmA9KqPZKp7nHetKBFGGkLSN6DpUvktK24rtHpSsa+2lHqZC2PmnkcelaFnYR2zBgMt6ntWlFbYwAM1MYlTlu3ehJGM8ROWnQoSQvJ8oJVO/vUlvYxgjkLk8k1YGWVto4ra0zTVIjeZdzgZwelNuxEXJ6IbY2Kxsp2nCjIz/OrF3+7hLDjIrS8oKpJ6Csq7fL9N3Pyr6n/AAqU7mklyozkR2ZeB5h6D+6PWtq0RYIizn8T3qvFAsKmSU9eWPqaiuJJJBlcAY4ycYobuStCLU7rc3UKOmBWBMN7gDJz2FazWxf/AFjnnsBkmrEVjFGmZeFP8Pc0bAp2dzFhspD8ltzIfvSEcL7L/jV5YY7SNYoxvmH8XofWtArNJ8lrCUT1xj9at2ekcZk57nHf8aNENuU9jHsonLYRd8h6k9q2rLSskPMdx64PQVpwWkcS9gB2ptzOyoVi+Un+L0qXK+w1BR1kTDy4F5Kg+pNVnvLeNt8smM+vGfpWXJKxcsVaV+xPQVWFlLcSeZcEknsKaguonWb0ii9d6itynlQAhCc4Xq31NRJaNLhpB9B/9ar9lppRRgBV7kjmtO3tUXkLn/aP9KHNR0RCpSqO8jMt9NIAHU+g6CrUVnDAdz4Y1fZGbA+6voKsQ2oIDY/E9azdS50RoJbIpG3a4dWK4A6DoBVyKzUDL5atCC2OATwKsCICsnM6oUOrKttbYHAxV1YtoxxmlAC+5p6hieBism7nVCCSI2j5604bV+tSGNu9MCDNK5VhBk07AFRtPGrFd4zQ3zLlTk+tA9BfOQHGeaRZg5+UGodip80hB9qgmuBjoceg4FNRuRKdtyzLdRJkE8+3NQSPLOB5beWv6mqod2AWNQB3NTE4UBicf7PWrUUjJzciTzEjAXeSe+etPihY5ZY9ue5qJHKr+7VE9z1pssmf9bKT+NAr9yxM4jXG5Qfc1TkmYJu81fpUDy2u7lh+eahk+zOCFk61SREpN7A945yFZiB3FRLcsvzBzk/3qZ5YGBHODjseaglU5ILZPoorSyMG5FmS43ZJKD0z0qrI/mZBZF7cGoplkRRnlfSoJPLYEspz7VSRDk+o5JTDLjcCwPrwaupdJMo2ja4HIPUVjSTDaCg4HBz1qPzY5HVgxRgOopuNyFU5TTlnXcVyGI71XkKuNyt07ZrNuJ2D7mIA7GmC5aP7vIPXinyj9rd6lqdyy4JqnMAVBWnu4fkEA1ATjqapIiepUkOc1UuCCmD+dWpOtV5F3AirMYuzK0UjJJg8j+daSy+h4FUELRNuXGR61LGxbcxpM6U7kjsrEq2cmoC7xEAnAB6gVEHLEkHmpZB5kO4de9I6I6aFq1lEiKe44NSSHcMryR1rMs2Imxn5T61eTKyDj5T3oNJRsye2bJxV2E4YGqCLtbIHU1cjfGDTuUjpNJlKTRuD0INevKwkRHHRgDmvF9OcBhXr+gSefo9q/fZtP4cVhX2TFFaj5OtIievep3TmlRPmGa5WzWMR8UeAKWdcqSeMVYjwBTLkDZx0rFyuzqjHQxJj8x6AVFk7SalnT5uM1GU49626GGtyMksDjNN46k1MIzgelCx5PTFFx8rCNT16VMIwAD606JM9Rmp1TLgdu5Pas2zeMSLAVMAcnk0+2iLuO+TjilKh5O2Opqe1bY5K4yOcmobNktRs8YjYrwcGqsmSc81bkyzHHOTVa6QxnGeeppIbZ8NAZXOeT7UL+WKEAJxnA9fSnALwWJz6AVubiZ4zx9KDgnPrSjnjHOetKoGQGH1xTAfBHvcZrTutGuo7MXPkMIWJAbHHFVIHVJNyDauc8nPFd5qHjsz+C4NBEEQijYuGC/Nn61tFKxjJyvoeb5IXbyBnJFAyD8vFPcguSeRSrn5ucA9axa1OhbCA4BAJwetKFweO9Kq98VNbwvKW8sFtqliB2A6mhFDAuR0p20glTwc4pTgDgUL146VoUjR0a6istRt7iW3SdInDmN+jYPQ1PqVxHfalc3MMKwJNI0gjU8ICc4HsKzUXnir1pEDt3HaueT1rRSb0KjDW5LbrjgnqcV3eljbpVso4yGPP1rioQCcHHXuK7eyX/Q7YZ6xg/nWWJdqZnX6A6naCf4qijVWniQngn5jV2d0SFVJGVPAx1zVbSwZb/nGFBbLVwpJRucNRtvlRau2eWDY7EoP6dKt6VAsX2bPGVJPvzVa+lLlgzHBOAB0HrU3mM8sCg7SFwOM96qT5qLkzGmlCsoI12XfPnPTnpVplBxjoahhQqq92xz71InOOR07V5zPWjsZwtP8ARpEJJZWPOMd8g1WWLIIK5ZemPetaRWAYg5OOnrWb5sgmCpHmRiScnAFS4t7EOSjuE0bK6hWH3cY6elUbyMSsp6Z4PPTil+1TLI7S7sE4TPT6VWZ98gZjzXo4bBqa5mzyMXj3F8qRaW2SONNrFtuC2B/FToYLXhpThucnGeTTrMI8qrNIyxM3zlRnA9cU10A4Xpn6V2rBU+p5zzCotkiG6CSYWMHy04X396pfZixxjJ/lWosIXA/ibmrkVnhVZ+B0GO/4V1xtBWRxuU6krsy7aywQAMmriw+WQOGfHLHtWi7JEMIAG7nvTbeMcM3A6073Fy9CGC0y+SCSevqa1JFjtYPmA3Y4FQq23JAKqen0qxGqsoknIEfYHqals1hFLYw5jI7E7T9ccCmQWzLksu5j7Vu5DnEcRx70JCx9M0+cn2WtzJa3mkGD8vtVWewUghxn1zxXQGJAfmccds1V1AqkXyjGf1oUh8ljj73ToGVlwAO5zgVhTaZA0u2Le3+yDXS3SPcOQzNjP3VrS0rTArBmTb7d6p26mlOpJbM57TfDwVAz/IP7uea2rTT4ywSNe/U1vmyLkJEAAepq7bWSQJwOe5qHOxTUpvUy004KoUAM3fNJ9nSNvu7m/SteSPJwBhfQVGYccn5RU8w/ZpGK9k0rZfn/AGR0FJJpsZUBiQvopxWs8b9I1/E9qgkgfdmRj14A6mqTIcDJWxtYN3kRKpPUjkn8TVWXy0bCD5vRa2praQ8LGVX34qjPZx7W8yRlB4wmBVxZjJO+pkTTsgO4iMdMdSagAmf5kQ7eu4itIQxQnEVuCw/iY5p+64bHAX2q7kbbGOba8kPCufwqOS0nU/OAvuTW00c7dWb8KT7NIx4UZ9T1pcw+ZmRHaspDv1HTNEkW9sscn3rW+wueWPNPW0A6Lk+tTzBqZsFrnHy8VfFuEHzdq0be1AUbsUS26swC5NS5alODtczgjMwWJBn1pr2MrsSx46VvWloIxucc1YFuZ3zjCjoBS57DjSZm2FgAigABBznHJNb0FuscWAMYqWK2CAbgCRUjIT061Ep3OqnR5dWZt3zgAHHYVXFsEy8v3sduwrTaHaST19apzKzeyn+93ppkVI9zJuEknfOCFHCgfzppj8vAVS7njJrUWINxnPvVlbbZjCjd2J7Cq5rGKpOWpQtLRI1zIvmS/oKsrGM5CqD6qP61dW3A+9TxbM2SflUdhUORuqVkUwgU/M3P51N8wUbYy/uTgVORFEOBz71G0+eOfwFFx2SIRFPIcuwT2WkktkHX5m9TzVhPNf7qce9S/ZXfmVsD0WlzWFyJmb5K52omT646Vbgt1QAuMtV2O1AwEGKsxWwzjGTScy40irHAXIJBC+lT+VlunA6D0q8lvjjvVlbYADNZuZ0Rosz4rcDkjcauRQ85YfQVZEaqPlApjMF7jNS5Gqp2HAdqXGeAagLE98UvnJGpLHmpL0RI2EGTimvcFFzjis+TUFEmXPX26VXuNWjK4jyw+lUoMh1Yrqa6X/ybpF+Ue9VZrxpPuR8euayhfSuPkTA9+lG+Rhl2Az2zVcljN1rrQvF0C/Ow+i0C7wn7sAdvWqSrzzlqsKMKAQB7UNIFJ9BWnuHPZfem8A5c7j70yW4jjB3ECqE9+mDsOfrVJPoZykluzQafGQOKikuo05ZufSsZ7pmblvwBqCV5X+6Bx71agYut2NeXURjAAqpLds/UkfhWcAzD5mA96cJDEoIO7PUVfKlsZucpbkhk3H7xJpwBOD2PpUARG+ckgntmrfmgQ7SxA9KbYoxvuV3kKng1YtrhfLO0sW6EVEY1f+6R7U0W6qcq3Xrg0m0NRaZZa4YjleB+lUpGySQe/pU0suUKAiqJbYTnA/GhBNXGXSEJuJJHqBVLzQ2QCQau7sD+8D1FIILYg43oT6GtE+5g4djNnZ/LIDDrn61T+0HeByp7+latxbbEJU7gfesyWFl5UcH8xVJoa7MkWZkycZ9qWG4WbvzVScmSHCtlsVQtpxHL8xOBQaQp8yNmXmoW96HkwQMg5GeKYXB+7yaZg6bTEXBcA1A7nMu04UD8acJV38n5ulRyviKVgBkjFJnTSjZ6lKOYpJ6irccvzYJ+U1lg81LExBqbnpOki2rGOUY6A1prIpADdRyKzhl4yepWp1+aJW7j1oE43L8jHAI9asxMGTNUYCGGD9asQMSAM8UyeWxuae3K1654JlMmj7P7jkf1rx2wYhhXqvw8kzb3Mf0as669wlfEdUyc0qpipG9qXzMRbcDr1rzmzpikMPHFRzjK1KoyTmlZflJOKlmyWhmzR4IqKNU3fOcL7Vbl4z71TkbgjOMVa1IasLIyk8AD0FN2jg54qHJJJOamLELTsJSJCAFAAxgYJ96kAKRnjlugqO3yzgepqzIw3nj5RxUM1j3Itu1MDGT1pwYsuxeh5oVdx5/AVYiAVenNIojI2KcHmq5jM0hBOe9TzHGar9CeetCQNnwt2zmnryOB07ULjp0x696cOmB06nFbpHUNTbyDnkUuOw4NGCTtHP8AOmk4GD+OO1ADlbBxk4pd5OcHNR9T6Yp2MD/61CY7DucAHHTpTkHOMc0xV4OO1PVvWkWkSYwowCOPzpVODnH4UnOMjOOlJjH8qopIeTkAcfhUyY2/d5Pf0qBBjr0q4xjaZzEjJGSSqlt2B6ZqkUhyLk9QDjmrURHA5x0qKMDZhRz3Oakj4+taI2SLkPAzxgeld7bIBHbD/pkv8hXBW7ElVxxmvRCoQRgcEIF/lXPin7hzYjdGZdsTPtJ4FMtS0eHB5PSklObl8n7oNT2kRdlQDIAJFeffQ4mtdAlwZY2YkqOW561rab/pMwfGAi4HtWTeFv3a7QBnBI7mtzSQpiKjqOBXZXaWGjY4cNd4uVzWhbIH86a8bJkpwc5I9acZFhKb+FPAIHAJ4qS5B2ggEt1ryz20ysx3eX3JHIHc1S1iT7LFG55+b7w6rV5W38FcdTms3xBbNd2JVThgwYbeDjvTS1InKyuYl/M08Nq4OASSqkU4NkKqjoOtWL63Z9LtiBjyzjGORkCoYYyCRng17WBhy07HzWYT5qpctx8ozUw+8FNIqlEWnwJ5kwUck8ZrsbPPS1sWraNc+YwyM/KD3960NrKjSMMsR3pllB50+/afLQYFXbhVTAI+grFvU6ox0M22tS5Msg46gVZhgLEyMMA/dFSjBIU9Ce1W5Aq5yAFFDky4U42Kf2cM+W5A5+pqR1RcFsMR0zQHaV9sIwKke3VVy53Gi47LoivJKB/9aqM8kj8Akewq66Z4UYFEcAByQCad7GMry0M37NJIR2xUq6a0mN7E1rxQnPSrYi2rzik5lwoJ7mHFpcaH5lBPrV+C1CngcVbCgH1FTRKzcItS5s3jSSIlhCgYxn2qRouMtirsVthfVqgm2b9nzO3oOgqLm3IkVljDNiNT9ac1t6nBqaSTyU+cgH0WqsjySDg7B9etUrktpEVw8UPyqDJJ6dh9apmVyxOxSfUirBQHoM1IlsT1FVojFpyehmT+dNwTx7VHFpv98ce9b6Q7eiikeM45o9p2H7C+rML+zgCcDj6Uv2FfTNa7I2eaTbxRzsaooyTbBf4RUTQjOAK12jU0CAHsKOcl0V0McWxOM8Cn/ZkUDbk/hWqYMmj7PngA0c4exsZQhycVat7THLDArQitdvIXmrcdtyC3OKlzNI0jNS13cgfL6VbihWNR0q7sAGAKgdAMs5FTzXNVBRInIz8g/Gm7kUFmOB3NV7m8IO2JT9aiUSSZycVSiZyqa2Qs825SI1C579TVdLZ3J3E81owRbVwq8+pFWI7Vj1GB70c1iHTctWUILYL90HPrVoQAHk5NWgqp3/KnBGf7oAqeY1UEiqUVe1NddwI4H0rQhs933jUotFFLmQ+RsxhZqx5BJqdLVV6KM1qCBT2qVLdRRzgqJmLDkcCpFtmPXNayxIPSngADgVLmaqj3M6O1PfgVOsSoMDirDKW6mmttUetTdstQUSIKQeKGcL16/WmySDHUD2qlNcIvC8tTSuJySJ5Zziqcl4qkgnkVVuLhzwfk5wPeqskcxJ5UH19K1jBdTlnWf2S6183QKRnvVKa4eWT5izY7KaBAzHMjs4+vFOEYUYGAPSrskZ3nLcgcPIBuIUegqaK2wuFAA70pKjryfanhv72AKGwUUtx6xgDCkkmnGDZyy7vrxURvEQbV/OqdzqA7kD8anVmjcUXmmccKEH0qCWVmHzSKv1rKkvsk7GFV5LtiPmYfnVKLMnURavEl3Dy23qepFQxwNnM27GemcVTe/VO6CoH1GRvuGtFzWOd8l7mvIYFUgIFHr1NVgyRDcjMT1rJe7d/vtg+5qI3RXgsSfamoic79DVmm3qchm9qh+0FFIGaz3uwVwWYD61AJdhDK5wexNNIC/PesrqGAA6ZFNk1V4yVU59zVGWVZeWFRSR7hk5BqrIm76momsFfvd/Q1bj1EFMoM9+a5lkA/iB9adby+XMrA5xScUWmzf/tAOSR8vrQblXByQR0rFvT825CMEdaotcSQltuSB3FKyLimzo/M7hhtzxUiS8YNc9FqAk2leWH3h2rSjnDgY9KCZQcTRZlI4YVQmDLyMsn8qjZmViQTT45c8nmmtCWrkUcCOpKf/qrJv4CkuAvBOeK3g6K3AALdeKhuYfNUHI3Dmi5dOXLIxXZofLBb5On0qWFgrFgcjtjvTLuMyBunyjpUFoxCHJ6HpTTOiUbxuK/qAc9TSztm26gEnvUwPRQOvWs24cbyB0zxQXRjzDM81IO1RZG/jpUqAsG6cDNI7i5C+zaePpUwYeXjHO7NUg3QVKrUE8pehbpV2A81mQtg1oWx5FUiJI2rI/MK9M+HT/6TMnrHn9a8wsuor0b4evt1NBn7yMKmt8DMPtI9Gx+VRvyal6CkC5bpxXl3O1IaqnHtTZGywFSucDAquRgZqdzTYrz9MVSk56/WrczEgAngdqiC5bJ6VcTOWpCI8AdCcZpzKc4BqYjB6U6NMnnnNO5NhsCmM7vTpSkFz7DrV2RUjG1cMfX0qFlPapvc0StoJEdpJIB9KsKmYw2ee9RpFnk9Kkdto2j0xSZpHzIGTc20dTUc6xxL1ywoMm0Nzg1Ul3OeKaRLZ8QbcYJ470uAOcZ5707cCvPLfSmkjHvjpiunQ6xr4JyelIQCucjk9CeaJGHGBgDrTMjNRcqw4nkUv0I4GOaYDzTweeAenehMaHAAU7AHQ8+lIgPP50o+tBaFBz1qTrjuMVGBhhjj61LGpDdeKVykORcgdanQYxwajXjoR6Z6VLGD2NUmaKJajHoKkK7SO9NiBOABnPpUjjbwRg1stjUlt/mkXsSRXpF0Nu0+grzi0Aa4i643D+dd/e3IWXB6dMe9c2K+E4sS9UZ0pAjkl5y7YFWdNmVSWZhx6HtVbVDsSKJRwi5J9zVS1cu52Z4xxXL7K9O553tLTsaynzQPlBGWIzWppROVDcb1JH4GseIjbgEcnJ+la9odi2wbqchR6g1Cu6Ti+gaKqpLqaup8abcDdtO3r6YqZpVaFHZvlwCWJqK9Qvpt0o++Y2HHXOKwU1P7Tp1rFjAVQGPqRToUHWskVicUsPeXkaNzenBjthkDo5qCK6aQslwm7A4I43e1QWUuA3AP9amUrIrk7dyYwD0ya9OWHpU42seJDF16s73Khdmb5uNzZxnvUipiT1GM80+BFeVBIPl3DJx2qW4RI7mVIySgcqpPcZ4raLS0RztNq7D7314FWtOB84kDIJxUaDEuB0DHmtzQrRZGZ2PK8496JysiqcOaRdVVijIAC/SqDhpZs5wKtSlpptq8KKeI8kAD2xWSdjqkr6FeCNY/mYEnsPWlkG75iQfQVZZMsV6+p9aVIMDLDvRcOXoiOD92mAOT1NKQDyam8rnFPWGpci1BsrCLd0qSOEd6n2Y4xThGxPQ0uYtUrDQFUcCkwznCjJqzHbZ5c4FWUZUGI1/E1NzRRKsdmcbpDx6CrGUjUBBk+1SHcx+Y5FAizj0ov3KtbYjZmZDk4zxxVfGxSEGKuMg7c/Wk8sdT1oQmjNeEvyetKtpu+/1rR2qe1LsAHIp85Ps02U0tlXoKcVC9qklJA+UVX2u/bFTcrlS2Gs4prMSOBT2iI69acq80AkVmjOcmoZEYnA6VpiInr0qVIFxwOafMHJcyo4GPWp0hOOBWksI9Kf5DdlpOQ1CxnrbjqamWAZ+VauLauSOKnW2Ye1S5FKJQEIHXFL5dXVtXf7p4ppiMeQT81CY7WKrQ7E3sML71nTurkKFH41o3KvIuDmoI7cKclcn3FXFpGM027FD7GfvFQM+lTQWgYgAfjWiImc/N+QqxFEAOKHII0kipFbqgxxn1NPNuCeWNWXyvGOKiJ9T+lTuaWSIhbIvUVIFVemPxpQGb7uTUotmkA3EY9KBpdiFmGSAaYBz0q6LTaOlMZFFCsDT6lYdeBinKG9TUnygUjSAdKdwSHA460GX+6KqSy+pNQGX1zRy3BysXHmJzlqpyzAZycmonlB6kD8c1C8kQ6sD9KpRM5TEmnY9M/hUBV2Oc7QfepPNX+Dk+wppYt149zxV7GLXNuRCCMNuYPIR0z0p7SEcfKv60xpF6F81A8qZ4xRuCSRM8/wApAJ/GoN+elQSSZ7gfhVaSYLnBJppEykXJJgnf8qp3F2RzUZk3cHA+pqrPGr981SXciUnbQiuLzcDiUCsy5um2naQasTW2BkY/GqMqxRH5mH0zW8YxOKU5X1KwaSZzmXBHbGKevmqSfMOPTNQy3EA5/i9qha53Ahc/nVOw0pMueYSfXHvSnnoTjvWXJM+PmY/ShJN2Nz4/GpbLVNl9pIlPO5sdjR9tzhQCo7YFVzJuUAFf51Gwn6xyKT7DFIpRXUuGVWHJGfemPKqjgqfQAVQfzekgP4UxsuVTdkdvalc0VNF1btR6ZoFyv8ROfes94GGSCGxVaTcTg8Yo5hqkmbcbpIcKwGakNuSh28ke9YCCYAMhBx781pWt9KIgVGWVsMPUUKQpUWtUy9axM0hiK8MOc1S1IOrNCoCL1Lf3q2kljKxsMYbnI7VHqIjeIhgB7ntQ3cqC5XqctFuWYspAI/DNaEV/1fARgMMueD71Qu8LKQoBHY9qgZioyGxj8qm9js5FNHSx3iEr5hKhhnJqVJQXYJ0rm7WbewWTnsK6G0tsKpyAdvFO5lPDpbExbdj1FTRvuXjrVKVsMefUUyGQxSLu3BW45pnLKi2hspQzkbc5ODz3rNuX8ohVGBnk+9XLsiJmcnnOR9azNSlV4wwPJPIpXOylC9hZL0GAgZLk1SLc9ahB5p+e1M64U1DYlU1bjYImDjDfyqpGfmUYyKlByaCmiZTycHoamRht985quhwalj5NMVi5D2xWjbtgEEc561nW5wQeuKvRHJ+tMzkbVg3zCvQfAj41i1HruH6GvOrDt9a77wO2Nbs/9/H6UqmsWc7+JHrGKTGBUxGKjPJxXkXPQSItu44qKX0FW9o6d6ilVAo5+ahMqxSkQZ5qPGBzUzjgZ6UwDPOOKtMya1GImT81WdhlkyqgZHQVHkD606Mk5x971oYIci5IHepxFtxRGmDx+dPZ9in1qGzWMe5FIwXgVC7BAS33uwokb161WZsn600gbIjljzUu0KMtj6UiAAEtnAprZkfr1qrk2PhyJWaQrGhkdxgBRk+9JHE0iyMgBEa72ywGB/k0iOIyDt5wQBkjHvmojzj1/lWtzvURpPUd+tNJz+FO2/LnnNIo55OB16UmFh68A4GeMHI6ZoUAkZNN/wD104DkAHPv0ouOxKm3IznGaccDtznvTEGMlf0qRAMEk4/DOadykiSFFZgCwUHu3QU7j2P41GoxUi/zoNIkqE8cfSpkOeec1Ei9OxqUE44xxVJG0UWI2PBGakHzAkfXHtVdSenSpwcKPmHPbP8AOrTLZPZkGeIc/eH8673UIgBuPPzfnzXA2vE8ZP8AeHSvRJ8faVDdCwGD9ayr6pHnYrdFLW0MNszFMGRgqk+igZ/nWdp7t5e1flYnOcda7zxP4euL0W/2RN0IXbgcY9/0FS6B4Yitol8/55hxg8hTmteWPs7M8JOTm7HHlioZh8qgAEVPd3ss6wTfKAvGB/simalGPtdyi9FYjAPvVES7YjFjvuB+tebTfLOzO+pH3ObqjtdPnhngDoTh8cH+VcxNamxvp7YjKglkIHBBrQ8PXBIMCDJHPP5VqmFZo1EqglTjB/xq41HharXQipSWNpJ7MwrNGd1CclgeKt2jMzXEchABXd93kHPSsO9uCl26RNtjVztKmrOm6i0ru10/mOmGViecDgj8v5VVTGe1l5GNLBKjF33NWMdSR0pBE0kmefU/WprXEwDKPlbkVqQ2+IzxzXpqWlzynBvQo20ZK7j61s6PKYJTuHDdaqCHaCoGKu2cR8wcenFTJ3LprlZpLGF3OoALdqBFjPvyTU24FcY4H86a8iQxmSd1RB1ZjgVjc7OVCiMYwBTvK45qrbaxYySqiyncfukowU/iRitZVBWp5r7FqFtyusPGakWIY5q0ijZ70hXnpSuaKNiARBecU4g+lWQvy9KjkXHrSuNxIduacFFKq57YqTgUxWEUYpx6U0kHpxSoCSBQAmPamEYPNTshB4qBlYUJg0PUAUpQt0ohQkEsacTjpUtlJEDxgctihQvQYqRkaX7ozVmCyJGX4ouCRRMYIoWFRg1qNZqRhetNjtQhyxzRcOUpxQPI2FGB61eht1jGO/rTydo4FRtcBM5NK7ZailuT+Uq84FIEOM4wPU1QW9Mkuf4Von1BiQew6ClysfNE0XYKmVUZpkQeWI5wO2fWorSQ3ibuUUever3yoOPujpS2GtSABlUICAB1pUjtskyuSR24FUby5keUrAhPriq3lXEjAMyRj3OTTSJcraJG7bS2rShFhXB7kZrSdbZo8NGhA74rm4IVgbO9mc96sl9vzGX9amS8zSMn1RLqMEUm3yNsWOpNVRbJGoP2lfrjiqV/LI7llyQeAAazLuaRGEbK3H8JNaxi2tznqTSexuEAsQZEYDnIqnJKgcqGBrLMshTjKg9s0wg7ctJge1Wo2M3O+yNuK4jQcsM1J/aEQIrm3njXoxY+pNVjOCc7gaPZ3F7ax2X22NxgNis6W5AY7+BXPi9xyWA/GlN4sgxu5oVOwOsma8swk6PhfQUnmhRjNc9JdlOjGmG/f1/OrUDN1UdC8yd6z7idi2EHB71mNqLn+IA1GdScd/yNVGNjOdVMu+a4OGyeferO2JFBc4b061mLqG4/MSc9zTZboDHHPrmm0QpJamobhV/1YUVTuJ2Pes17wDocUw3oYYY/pTUBOrfQfLcMM4/nVaS7cHqPyp7MhGVxz7VA6Iw521okjCTfQglvmJ4zn61BJevnAGPxqWS3DZ2moVt2Q561Whk3Iha9l5y2B9aamoyAkncQPWluxEmNxGfas2fB6v8AgKdkxq5o3WqIyFAvNZDuHbJbaKQFAfu7vrVee4XGDj6U9jRRbZM8akHZF5g9Q1Qtb55IZMVHDdBG+T5R35qz9oVh8z4NSy+WUSNotwC5HtVdg0bHK5xVl2IA+fP1pY3Uqd3T1FK5SukQxt5jAZaP09KlSbY5RmXdSyBSo2/Mv5VE4hbqcYFFwVmW0lbBLDgUEQSEkDn8qzmufJO0lSD3FSzSptWXJI6ErRcPZtMsPCuQQ1QSxqD8xqq90BCz7uc/KO+PeqxumZQ2aDSNGRaZVXJzSJE28lSeRVCSYMRz1606K6eNuD07VJv7JpaHT6dMrQlCCCDjBqzI6zW+08nGDXPR3zKC4GcdulSwamsqqSMP0PvQT7N7lK7YrJIgXCjqM1U3bwRznPFaGrRlmWWMcMOazuI5VAIDA4apOunZrQlh+SQH3zXXaVLmJGzkEVycm3yxjlieTWrocjlWVSdqjrnoaAaurmnfMA5wOuBVW4Ztyk/w8VPcxt5KsfvHr+dSXsStbkgDzABTUrGfLcpXw32wb0AJrCnGARnIHSte8nH9mCM8uW7Vityp9MUDoRsrEajI9qev15qEHBqTp1PUZq0dBOjeoycVLjBxkVXWrGQWOOlAiRasQqT09M1BGOlWU4DY6d6ZLJYzgitGIYOO4rMj+8K1V+Yq3qKaM5GnZdRXd+DDjWrL/rqtcJYc4rtvCJxrFif+mq/zon8LMHuezOcUirjk9adt+bJpC3WvFPQI3bBNVnJY896ndCRu7ZpgUbXZiPYU0DZA5zxgCo2qQJub2pJBzgdKtMhkQyTxVqFQqjjmmRxkckVKikmhscUx4chSB3qJuTk1IwwKgkPB55qUakUpycCoyOMdz+lSHpnH1qGTAz71RDQOB0B+UVVknIBVRjPcd6V5CQe1VJH9OtNIiTPiopycmkC/Lnn0q7gH5cDBPYU0x43L0x6itrHschT2fnTtoABOc1OU/l2prKc470WDlsQ7ckbjkUbeDgVLs45xShORzRYhxI0yDgZqRcjrjA4x60/aAOhoVcHtiiw0rCAVOoBJKjA9zmmnluQPwqWNcDB6+uapI0itRVXgHmrBjCop3BiwJwDyO3NRjIG3PGc05FyR0HuapI3HLzyQKlUFuxpZYJbaYpPG0cgIJVwQcHkVOjAbRgAdc461SiK462/4+IjjlSP516bpdv8AatS3SY2KxYk+ma82jGHBXkZ616xo0P8AoUswzyaiotUebjdLHW29z+4QsQeuB6UyUGKB2xkspxj6VUtpB9n3elOM+8hm5VRyPWs2ecjzW8dRLNuOCc+9UkJCqe+OBVjVU8q8lKY2huMH1qFmRoYu7nk49K816O51botWEzwTCVSRjn8K2ry+hGnMUJaRhgc96xLUCS3dNxEq8ge2OlSlh5W3nJ9q9Fwhiqd+qPLVWeEq8v2WY92xB+UDnnFRW7gTIzH5T/Kta500/YmuPPj9QpbkisFgfMYZIxXk2s7Hq3TVzu/Dk+5VhYYC/cye1ddBECQcZry/RL5YpQ0xIU8Z9PQ16NoeopNEofAbAwezD1FerQq80bHl16XLO/cvzWvygn8KfDHsBbHzdKdfX9rYwebeTxRR+pP9O9Zep67FbwwNbL57TLlF6fTPfPI4rSU1FaijTu9EW9R1GHTod8+5nbhI05Zz6AViWkdzqVwbjUWHynMcQ5VPw9feltrWSWV7u7O65cfKG6IPQCta1QKnOd2eeK82vXc9Eeph8Mo6yIJFWEliMBTkDHHFdFYXMF5arNbvujYcex9K5zUJPLtZBgsSO3Xnj+dcxpOsT6NfzeWfOgzh0PAPTn2NaYZ2uZ4y0WnY9XjOBipQQfpXP+Htaj1WJzt8uVDhkJz+NbiNxiupnPGSauiQsAKCAR0qPOOaQTKTgHrQVcVwB3qI4zyakZGb6UBEXqp+ppiZGCvQdasxKBzUQ2M3ykZqUIwHFDBDnNQDryKsLGSMt0ojjXdk5NTcbRACzcKPyqWG3Zm+bgVYDIuQm3PrUfnbcjgmlcqxZijVBgAVKzADJrOe7CDGRmmtcrJHj5smizHdIveaOT2pg3OSwIAFVIYpZn2x4AHU+lSyB7NlBZWBPUUDRPEBKmXBX2qOawEgOJMUouPMXCA+/HSmxs5m2s+B3BPWlqN2M64sp0kEaKWLcDaK0bfRWWENOQ7H+HsK0opFXvn0NTeeG6YBoc2JUo3KotvLRRwABgAcVQ1CV0XJysfer9xNsXcTn2qrJeREqjENnsaSY2lsZJ1CNl28qvTjvUriKGMTCTPcA96hutKiluDIkxSPqVx3qteWrCECOTeuMEdzWujMG5pO6H3OsLGQCoKdsGqVxfpcbC8zxfSsO/le2VliiJbuG7VFpiSyMZZ889FroVNJXOF4iblym3HeeWpAkdpM8MeBU0UnmMS53E9zVNVUEZFOJ8vkA5qbI2TfUmmkA571VkcOOc0kxLcqfqKps/POaaREpEsiDJwfzqrNEGHJz7Kak8wn1prFT2/I1SdjNxTK4hAIySfbipNjKOF/E4p7TBRxxVOe79Wp6sVlElmcheG59M1nvK2T8wB+tNlujng1TlueuW5q4xMJzXQstKGyTvYj0qGR3kU8bD2JPSqb3hzgMaqSXjk4PGatRM3dm9ZOIkbfJvcnk/4U+WVAcA5984Nc59sIznmh7yU87jilyMtSurM2pCcZQ59iapS3LocMhqg19MO+R70HUCRhkA/Gmricb7GjFqSD5W4B70r3APAJ+orFM6M2eB71JFIF/i4qkkRJNGqtxzgO2frSyXTgcuMfSqLsVC9gRnNRM+4ZWRc+hosSr3JZrqIg7gGPsKpTTxH7oxUU6STHLMRz2bikaNRtX7wPB4oNlGK3IXbJOWPFV9u8kqw47kYxU8+nnOVY4PIqA2jpExHJJ4qWdMHHoyJgXY8n8e9A8sYDOS1LA5JUSErj2qKZASWyFJPOak2td2ZPI4XADZParMbtkHtWbtXACnPPWr0M8cQG8456UhTjpoW1TIbsMVlzK28qOK0/PjMe4Ece9Y93dfvCVPANK5NGMm7C7VIw+RUEkpgLIeVPbNVpLtmLds1WZyx5zQdsKT6kzyHsetOibOep4qsG55NKDnPOKDXkJSffinGTGMNnGKgB+uCaAaA5S8snU7u3OfWmgbSWzxzj61WJzQzYxigSiaa3LfZSG6EYqiDubr3p1u26KRSeeopkWDIuaTCMbNmkIwYiOSAMk+9WNPn8tkjHCsef5VPpkPm2zNMByfl/Oobi0e3lDbcJ2NInyN0P5tsVznacD6VOfmUj+LGB7Vm2LOqITzvJ5q9bElizHknNSxWMO6jDQsykr5Zxg1mN8pOeQa2tQUtdyJH0X2qvqdh5EKPkF9oJFWKLtoYw609T2pO/SlXrVmxMvSpUqJelTKOaaJLMJwRmplYgEevFVozzUw60ybFq2GWGfWtmaNY3QKMLgGsi07E+ta8jb2BPoBR1M5FqwyDj3rtvCRzq9iO/mr/OuLshj867XwYAddsR/wBNV/nTl8LOd/Ej2lutRuvvUjsB9aj5LV4p6IwjAqLaZGwOlSTHjAoX90uT35pgNmCxrgYzVdMbssM0rbpHwBkmkA5AqloS9WTqC7egqZyFHGBgVGpCLgVHI5J+tRubLRDXcmozgAsT9PeiRgPlqJ2AXLc+gq0ibiFiw5HFV5WODgVODkc1WuJB0GKaJZVmwOp+tVZGJPFTvyCSOO9V9oaT265rRWMZXPkZlOxXVSE6Z5xn61Cc5yec81IrELtBOCckdqCvuMe3WtD373IgAVPXdUZXnHSpX4b5cjmgDsRnPTIpoTZHtATLde1Igw3OD6Zp07bHZMbccFcg8j3pEYgc4HoTQTdXHHJyOMZzihGIG0H5TjIpXcMPUdPxpE4HXmnYHuSKnPHP0qRIzxREueeMd6vgEFMKmQMcVpGJpFFXaVHrmlxg9asGBs98dqkWJBkSA546VagzRld5HlbMpZjxyTk4AwKdEMEZI5OBmngDsFJIxzxj6UmDkdQB2pctiC5GRwMjjvXtel2og0Qqf4gM5/3Qf614lCx4IGO3XrXu88n/ABLwzcYjXOP92s6nQ87HdClA3lwuM9Diodam+zafLIDgkAD6ninxOJUzkDsfesrxhKUsIUz9+TP4AVzz0TOGO5x1+xLgdMio4SAgPoaS8OGGevrUYkwyhcY/nXnyOhGzpybriNo1z6c1fvbVETzlY5LcrWHbymMpg4B6gVt3c0slpw2EXBxjrx1zWlByU1ZmGIjGVN3KZiQIJHAPIHSq2qWqI6uEOT1I/SpblmazQg8HAFaCRLcWiD+8uPp71pi0lJNGeAfNFxbOWlRt3A27hnjpmrdhql3ZRPCp3LnAB7H1xRdQODIj8lDx649arIDuO8bjxgiueMmtjokk9GbBF1q8xCRvKW2kmQ/KuP6dK6XRdGa2JmvJvOmxhT/Cg9BTtHINrA+MZQZP4VsxsABkDnHSplNy3Z006UYrQJQ6xkIFL9s9DT2bauR+NNdioBJzj1qrJIDnON3X2qEjYlIEkjBgGXA681lXFnbW6SRqoEbnOD7/AP6q0Y2ZMk5OBk1larMFQO2yNj0LngU3d6Izly2vIg0m4bRNYAtV8yCUqrl+vJH5V6XC/UE9CRXkEd99qu4TgRjzFZ2z6GvUbG8jvYfNhcOhYjNehSUuVcx5PNHmfLsapAI6UyGEbycY9KiWT04qZZhuG6tC9GSs204RSTTQWb76jilinUillbBBQ/WkVa4792Oq/pTJWUKfLzQGBGTzSEq1AWJLWUHhz+dWJJY4hwMk1TEIPSpfs7hchSaHYavYoyksxKg5PaomLRjLZJrat4GdMMm0eppJLC25M0x2+1Ckg5GYcUgZ8ldxNXreKSRwFXr27Cron0uxxjbkdCTk1Tk8Q24YogGfUdKOZvZDUUt2aTyrZwleN38zVL7TEAzSyr5x/EVz+o6w10dtuGJzyxrJP2kSeYzFh6EmqjSb1ZnPEKOiOtnugiN5XU96gti4fznfk+tY1tfOwHmglh0qaPUomJDNjHbriq5GT7aL3Oh+2hl/rmo/tKgFt5x6Zrnb7UIpIdts/wAw75wKy7rULqOBirK3qQKFRbJnilA655myC0mB602WSRmDxuCB2rgotcnwUZXZvep5NYlfaIll3AYI7E1f1doxWOhJXsdnNf4QpIUwepz+lVkvIGikVJMAc5B6VyE91eXMGwoqc5znmktredpVyx3Y/hzzTVJLVsl4qUnZIkudQDSkkFs+tOt75Q4Cn5u4xTJLOBpR5rgMeuD0NUPJMNwSCWAPBrdWascb9pF3Z00VwzR78dKieUSH/WYJ7VThnPl89/WlDJnJ59qysdd7os7jjlhUTuAeTmopZiy9gKrPJnoaEJuxYeUHocVC06jODzVR2A69aheRsHFWo3MnMlnmyeGOazLiRznL4/CnyvnoOaz5s5PJzWsUctSbY5y5GfMx+FUpkl5Yyt7VIz7TzmnFty81djPmlEoO0mANw/Ooixzy2D7VcljBOarNFHu9fbFSzeM7liM5iB5/GoZL1I22tmnO42gBuf5VmTWzPISWAB680mzWnGLfvFx71QuVwxH8NQHU4n4kjK1QuYhGMxN9RVceWzcna36VNzrjQha5otcxvIBDJgE4INTRytG/DgqPXpVARKmMdT3zSSO+0g4AouwdOMtDoLfUUdBDKQQentUMxtw33yG+tYSMVIbzAAOajeR5WbncSafMQsKr6M2i0aNu3MzduajlvAoYgnPaslxJEACQT1zU0ZDBFdSB35o5h/V0ndmraarG4An4f17Gny3iKW4yoPJrmpdof5TkA8VLLcGMgFeQMEZqeYv6pG90buba5zsbmqk9q6MADkfWsQSMMsjYxzkVIb6Ur8zZ4xRc0WHlHZlq6xC52NweQKpSXRaTJOfrVd5Wfvnio884NK51Qp2WpbW4Zc7TgHmonkycg8mos/gDSHvg0FqC3H7sKRgZPc03P5U1myABjApMnpSKsPznrSggdP1pg6UoouFiTIDdSR709CG3c4IGRUIqWE7XH5UriaHDkEA9OaRiTSDKnHenDlR6dKdydhFJHFSxKWbg0xUJH061YhVVjdmJJ/hFMHY2ba6+zCGMqXIIOBWpbyRX0LCQY2nkVjhVmtfN+7IrcnPJFXtGkjxORnd0IqGZtGnDCqxIozhScH2pInAfGOBSWkrSRASAgDNQuMM49ef1qQsSX0KmHzVXEhwufX1qea0FzoZmyN8cf54qpczGSBgWwFG4e9XtOdZtMNoGwSfm57Gq6GTOOMO6KSQY+U9KiFX9Qt5LC6ljIypH5iqK9a1RtFj1qVaiXipFHftTBllRgA8cjNSjrUSj5Vz6VPEuSfYZpklqFfujvWrEd0mPbGKykyCK0oT0I70dTORqwD5wBxXZ+CVzrlj/ANdFrjLMZIrvfAkZOu2Qx0bP6GnP4Wc73R60QSaU4UU9VokjIALDANeLc9GxCFyct0qGZi3ToKndudvaonAzTGV/u805flGT3pH96jDEtz09aolaEhPc0wucZ/WhmznsKYTnpzSSLbIwSTnqTRJhSc8tSs4T/eqFjkcmqJI3YnPpVZ25AHLe9SNuc/KKimPljA5Y0xMikYs+wck0y4+RNi/fbipUVYUJc89zVN5SzM/OPX+lNEvRHyLGcY5FP9DVdWI4xjBwKlSQoRnk/nWyPWUhHXnjn8aiZzjHUe9Ofk8c80wqclTgEHBzRcGxhPBPApVYqysO3TigJk8c9hin7ccZ9uaSJBMZGcjNSrjsD6Y9aiwWyTn605OCK1RSZfhIKhSBjdye9acFuxQMoJAPXHSsYMWfOFB6+1bmmalLbwyRpLhJU2uB3GeldVLle5rBvoWIItjDI6daqXf3s429sVZku1aJQVGc53iqvmLzwGraXKlobO7IGJ27QevzH601GwMevXirKqrkEcZ7AU2WDY30GeaxcepGxJbnay5+nFe038n+hptPBVf5V4vBguCcZr1Rp/Osbc55MKsPyFc9VbHn43oS279FH8LZ+tVPGts8mmxXMfKxN8w9Af8AIojmER3t93Na16v2zSLlI1D74yF+tc81dHnr4jzO8AYZBzkGqifLHz1zx7VOWwcN2zUbAdcZHSvNkdJZibI3Zxitm0czW3lPIfmC7eCec+lYETkIFHr0rdt4x/ZnmRkgqcHb2qqW5lVXuiSxusUluRh4m/pVrSj+6wx6HH0rFP2hbjJkYsOck9a1bUSxo8sSebHJ9+PJFd9ei5w8zzqFVUqumzLmo2InCtHw6/qPSsV9OnE4/dsNx288jFbWn353eXPwTkjJ6exNaJh8xA2Py715lmtz2oqNRXRNpyJDbxxKc7VC1ecApsBBIGcVmRggBXAAByGq4hbzN4O5cjj0FKxuiaRyyhOjY5qvbsLgll6AlfypC7Ejn1zilVPKjZo+/rQLqQaldf2dYyXEhBI4Ck43HtXBS6nNLMTMRI27OGPA+ldtLbvNeM18sboo+RByPyNc/rdtb3OpughEaRhS2wAHJ6YrenNU9TixNN1N9irayCd4hAmHdwu0djXqHh6zewsBHIcuTub2NeR2sbi8mh8pWVgSrF9u3Gea9N8D3dxc2MyXLtIImCo7HJK4/pXYqikcFOlyPXc6gNxTiSAPSo1OaQsR3pmw8ZAz60pnKH1NNyW4UGpUtQRmZvwBodhqLewJPlRjP4VaRWIBxjPrVea5htkwoA+lVDqDl0YyoIs8iluWkludDbYQf7VOuNUigQ7mAI965y51lFBWPlscAVkTGSdg0jEt6elJU7vUqVRR2Ny88QNISsIJHqBWTcXt1LnLFR71ExkUZxzTRKSw3itVBI5ZVZMctsZFLyuWJpgtUdSO59KtrKpAGQBSlUPzK2DVXsZtXKSQtbjC9DUqvgdPzqYknhlyKDGTgpyKfMTy9iq+wgZUYqlNbxMMFnX6VrtAAAarvHEM7mKmnzWB077mJLpnAMdxjn+Kq92zRqIDLknj5Oa2pbTcCUkB9jVC50oyMCyEH1VsVcZ9zCdL+VFIW7w42YZj3J5qdFLMDwD3NTW8U8DbCu9egJPNOu4pNvCkj0FNyuKFNJCq6+Z94bhU8dwqLlB83rmsSbKDIPzHofSqkt2wG0P9TRyXB1lA338mYHenPUkd6a+wgIgXHvXPpdzrna7Y9TT11KRThjk0ezaJ+sRe6NGV2iYEoxB79acsyyDqRj1FZ66oy8MSy9hUc2pFiQCMn2p8rF7WKNTlfeoJWPpVa2u/MOxmBOOMGklv40cDacjrQkW5Joc75HTn3qCRucZH0qy01s8ZLspJ7elUJIskvFLgDnFNOxlKLZIuG+8OKJIlkTAXAqj9rdGIBbjqTUaagzN1JJNXcydJi3VuU6A4rOndwxTOMc1rXFwhj5wSaymkWNmDevFO5UIMazlB1zxz2qEzgkg1NLg7GjIJYY56VBO0KuTkFgvRR3pXNYwXYUAPt2kZ9+9V5LlYsqyrnPao5iGOY12D+Jc9qpXLR5xFIWGf4h0qWzpp0U3qWH2yZYKG45x2qq0A2/KRyelNjnaM7hnjrT3ujNIDwM55qWdCjKL02GF5YWwCRUW8ty2SSepqYlRjOWAP4moZWV2Oxdozx3qTZeg+AZcLleTgE9qfdSKPli69zmq21tx6g0YYqQBkdzTBxTdx6SAYZgTjtUv2reuJckDgY4qs8UikZBP4UnksxGAQPU0XZXLFjWch89uv0phcsxJJ5pZFKnnH4Gm9gB97NBqkhpY9M0gPUf5NO4AYEHd2ph6dec9KQxrsWzgYGegpvPU5p7DAOc7umKZ/KmUAJ680dRnvRg4z2pPakAp7UqBSwDEgZ5IpMnaRk4zmhcAnNACjrzTtuADkU0VJHyMHHtQJgvc4p2OnoadA4jO7Az2z2p0Y3soJ78Z6UCDYc56ipYwRmIg7iR/n9abNL85WMbUB4pI3xJ5gJ3dfxoJJYdyT7Qp3Z6VrJp/mOVkPlqoBAI5rNjlPnLOq7sEFs9jW5d6iC9v5YGeCTjp7UyJXKkTPZyGJwNo4ORnI60aXOzXPJUbvlJ9cVDrE/wDpvyqAMAH3qCyj865CxHGeaQJXR1wUhEAwO9VpD87tuyOasjAQAn05NVZxsGByTUdQKnnh0VDwq8E+tW9NcW9ysgU+WowT2NUSmyNuOvFOgmLKEXgA9Kslo0dftS9u847YJ+h//XXMY2muyusz6KzeiY/z+VcmsZaJyP4acWKLtoMAqRBTR0x6VKgGD69q0RROvAXjtUy8n0z6VCnPWp4xVElqIZq9AOlU4xV+EdKZnI1rAfMM16L8PEzrlsfQMf8Ax0159YDoa9O+GMIk1kE9EjY/yFTWdqbZgleokemqAAWYcCmN84LMfpTrhtzCNeg6moZZAgCjk14u56hCw2gmoS3XNKzk5zUW7kZqrEXGtyfSmNxwMUrnLnbkAnjNMc44HPvVIVxpPPtTXfAwOtNL4+tR/e5PCiqsK4AFue1G3f8A7ophk3EheFFQXV15a7Y+WNFmwukTTyrGvOBVJphnceF9aqsxJ3THJ7LUO8yNkn/61Vyke0uSyu1w3og61MirGvmzABE6LREY9nPyxr+dZ15cmQ4HCjoKEr6IbdtWfJUe3GWbj6U8Dg8Z44OagX8jUy4K+/tWiPVQ1mJIyBjHalIx2pQM+ntUiAnHXPSnYpIhIOeOPakBOff3q15O3nn1qAja5yOKFoOSsAbgZHbAFOQjd8wOMc4pqrke9PdemPzrREj0457Vch6DHyn3p3h7TH1jVrawhliikncIrSnCgn1NW9X0ybRtTuLK72GeF9rbHDCtoFQmk7FfdwQvOKXlXAPXHc0kaZUt75wKU/eGBxx7076nRJs0LaNlDuQhCgEhmHfgY55/Coy2Wx09qr+aQuBwFPXtT7eUggNyrHjAqnIzRbggYqWA/dr1bHH413mmTeZpllIM4EWw/gSP6Vxs+qn+z2tFVQN+5jj5jx0J9K6HwpOZtPEbn7jkfgRWVXY5MWrxuaar5q+WeecV0OnJ9ntPLHJXqc96wLFSbh0JxjrW2jGJCfWudnmHG+LrIQX3nRIFimGeP73eufkOMcV1vi1t32ZSCEIYfQ8YrlCBjnrXnVlaR0w1jcSMAv8ATpXV+HlLaZcI3zcjHPXiuaiJ+QoFznnitmymaGCbqMgEcUqejCexWXcVyRwhKZrQsp/IuBuHyt1FULIPLNKueTg496t5OBuXlOOete1D3oanz9ZOFRtE1zZgEFAWGOPcUtpqElr5at88HYdxWjY+WYh5xwD0PXFOu9NiuwNvyt1BFclSnFvU7qdSaXNB6ktpcQ3cLSQuGXuPSpVm28oOPSude2udPuGZeMnqDkEUy91KNIWcybGHQDk1yzw7Wq2O2ljk9J6M6Uzx7mBZd3cA1i3t1cteutpcEqQBtHIB71zBvZp7nzY2IZifmXvWtpWn3t5gQ4BB5J4x71ioNuyN/bJq7Ny31B4Aq3asnq5HBqnqCRsDeWpG8YDAn7wzxxXRDRoWt/LuGa4Y93OPyrmNQd9FnlR4t0ROU3DqMetazoOKuyI11N2MwK81zJPCvDqBtA6etej+EIBDpZbBDO2cHrXnmg6x5TtHFHJCWcn5TknPQEV6bpP7uyiGCGIy2euTWlFK+iMpq2poltv0qQPkfdyagO0csc1DJKXJCHAHeumxkX0uI43VSwDNUF5cu7hFbavcis2dVyhBPy81Iso+8KOXqPn0sTlFKkPhs9s9Kqz2yHPHFSht4yDQXxweDVIhsrRQIvK5OPWrKlTjkGmEc5HBoPzdeD60yNRZQQCV7VWZ/wC8KnbcoODmoXZT94EUIT2EUhj8pwTQWIbG79ajIGDtcYqEtzzTFYuCdk5yT9Kd9rdu3FUhhuQcGl5A65pAXDcnk5wKqzTAg7s1EWYdRiopGRgQ4OPamkKTKlxexRtkOQaE1x4wQvzfrTJILctuCfN6tVWe2Lj5GWtEkzBuS2Lqa+xb506VZj1qCUjfjPvXMzwXMYyig/Ssm6NwCdykH6U+RMhVpnbXLWd10IB9Rxisy704DmJwR6GuXtZpVkC8nPBrTtJbsOyK4IHPzHrVJW6ilaW6LDRSRDBGGqpOTn5ifqKdc3zrIVmQg461RuLjAyGGfQ1SZn7LsI8xB4YfTFN+0gsBz9RUEk691AJ5yDVUyNyQAR0yKTZqqZtRyIn3HPPelacdC2awluWHHT8OKDK5GeTSH7NmyZEySTTDKuch/wBayFlcMARn2qyEVhuUkexpicLF47WwC5IpdiqQysNw6HFUY59vBzVlZVYDB4oIfMhJUds87ifes2feBznNam/H8Qpr7G4JGaCo1Gt0YcuTGoDMSOSKiEpTtzWvNaIclcVnzW4Bx0IqTqhVi9CsWz1qpcIV5zkHvVvyiW29ae9m4XqpyPWkbxkoszA2TtHWpEZAjHnfnj0pJYwkhAyMdqhk3HBNJnRuWAw4PWpJGWNQcEOeazw5B65pS+7JPGaLj5C6tzuADE5PcdaJpgVADcevSqWcikHfmgPZo0FvHRACQw9D1ps96ZVw6gD261S9PSkxmncPZxvclDJznJOOOlIY3VdxU4HftUY4PWguxGCT+dIuwNz1600nBzRn86VF3EDOM+tMYwkkk0dulB4zR2x3pDBwFYgEMB0PrSDHU9e1HT3oHpigAOfwoIx0xQBSmgAU47Z+tOHGCKaBzxTscc0APJy2QMVIrhVbgEkYGe3vUI4POacBjrQKwdeelPikaI5XuCvPvU1vGkhYMPmNRzxGJ2XOQKQr9BY5G2bQSOc1v6VpjXloJllAAbBU1z6hT1zW/oTyRoyxqWLD5jngCn0Jn5EGvW7JKrFflxjP0qppu/7bHtyea1tYj8y1SVurDp71R0mPEkkp5WME0iU7I2Zp2KoysNoap5VaUoyY5FYLSlioU/ITmr9nekLtAJAGM0rCt1NN7ZXgCnrjBrM8kxbxnv1FbcIO4D+E/NzVS5t8Rtgck5zSuIWF3n0kwxf6wHBHrWCknlvKrDBORitK0JSR4mYqHHBBrPu7d4ZgJCGychhVoVhIoySv+0cU9Rtch+OoNWooZFjCkYUEHIqCYEyNnrmrTAdGKsxioYxge9WoxnBrQTLEK9K0IMs+T1NVIV4+lX7ZeRTRnI17BelepfC+I/a7mQHG2Lb+ZH+FeZWA4Feq/DtTHZXT92ZV/IH/ABrLE/w2Y0/4qO1lkCKVXr61X680Dnr0pGbHXpXlpHe3caw555qJsUjy9x0qu0lUkS2SMR2qFjSl6jbJHPeqSFcaxBOBxjvUMsmRtHC0+ZtiY7mqrKfLL/wg4+tUiW7EbyMeB3qGY+UPm+/6UkkpRsg4NVJHLMWY5J71aRm5D3POW5Y0ixsSNoJJ7Cmpx87/AHRTDNLIGdeEH4Ae1JlRC4cplcgkccHiqMj570rv1NVpH5xVxiTJny5sIUPg7TxmnIc8gHGO3amMrnk5IHQ06PIB4qD3GTxgZ9/rVpAu7Izt7VXTJGcY4qfccg4GMdOlWi4ssTKAg4Bz1xVAjc7EgY9BUzSnb/WoAxDVQpyuTLGMA9qbKhGcdu9DNwccim7jnnIzziruiSxaDkEsFI79OassSRuYgknGD3qnvGflJP19akWReMemOTTUtLFRSuTKWUYzwKJHyw3dBx0pJJPkXHfrnuaieYuQvJxSubNpImkcPyFGPbiiPqDzjsRUaMzHkcZzVxEB7fjTuRe5LDDvjkfeoKAHa3VvYVv+D5fnuY+QSA4/A/8A1657P4VqeFpTFrcKk4WQFD+I/wAcUtzLEK8GdxbqwvhjkucfWtmTGB/KotNEfljcq+cBjfjtTbokBip5UVieQznvFEgcxQn74G7Pv/kVzL/eLYrptfjEtsJRjzYzgn2Nc1JjcGHeuCuveub09iS2YqxOcHHFXSxa2Cg5Zjnr6CqkSszDGOPWrCsMhmyOw4qI6ajl2LWkhPOlaYEOcAYPArU8oKGJGfU9xVLSXhM0yNnawGB64zV6IssjICWTtXp4ed4nj4qHvjsbTgEEHtSx3DQuRuIwOnrTGRgCQDkdR7VDIyk5yCfSujlUjnU3HYn+eeRW3ZGeBVXV9IhvAghHlzLySeh9iKt2My7+Bt7GrEsTFWlzyORUTgrcrNISb97dnP6H4du478TXToiIcbUOciu0sbeO3UhCxJ6ljyar26vsDevNWUJJ5yKyjShDY6edyRbWWmXKJMmJEVx7jNESnvUw4HNU7FK5Tt9OsopllS0gSQfxKgBFaKMFGarhsvjPFAlySD+FSopbFX7lwPnJ9qjVSThuhpiOOcmkWb9KLDEmO1SDVZZtpGOlT3GGXPcVTZMrletNEsvxuowF7+venGTdnJrKDcYJ47e1H2qSN9rgkHv607E81tzQMjI2OoqUSK0Zz1qoku5c8EUhdW5BANFgTLKuR0NEjhuoxVBpSDzg0v2kHvg+mKdhc3QnZM5I5+lMDADBAPtUBuevb6VG9xvU7vwIosJsssEPKHBqMvInoRVJrhScHPsaFnYDh9w96diFNFtpwevH1qCSUY4pjzo33hj61VkZf4WoUQcidpBjmq7zAVCZG9jVaeTjGSKtIhy0LbXAz96q00yMcMBWZcTMp55HqKz7i8bHqKqxk25aG04iLZCg/SmrKFztYgjsRXLPPPGS8MpBz0zU1prG/wCS5G1v7wHFI0VJ2ujX1GYGMrKoJPQmsG6mZAfKcE+lajypKmOCCOtYV7EyZIIYH3oNqKu7MpC6kBweKnkuSEjJlVywyQCcj61GNmP3qAqenFLFZRTKzKSpHrUu51+71CO6wWycgjpVq11JkDqTiNhzx0rPNn8/yv8AmKYYJPmwecdKV2LkgzZtdQgMmHbHoateYjAlPm/GuTIKHkc0+GV1bAcqKFMmWGT2Z0lwY5RgHafWm25EZIEgYj34rG+0SoMMQRnORTGl82TLZDZ654quYn2D2ZvrH58m3fg/WpJbHKrsfk+/euc+1TRblBxng/Sliv5Y8AO2Qfwo5kQ8PNapnRx2sqJtaXOarm3uI3wRuUdTTLHVfNAWUgE981ptcYXGAfcc1WhzSc6b95GcAzHaqHP86k8p2Hzr+FW/PTcCowfcVKssbEBsjPfGaaRLqNdDCudMlc7o8H2NU2065A+dAF9zXVNbgjIk4pjW28EHH4ijlNY4uS0OOkttjfOwx7c1AV54BxXVXOnMc4QGqN1Y/Z4xhRk+nJrNxOuniUylaWSSR5kkCnIwKinjiUkK5JBwKV9ykgZFQ855NK5urt3uWkig+zFmJ80nAHYfWoyyPIN6BVLZOKSUMI1RgcdRUJPanca1LAtVkumjhfev8Jxyfwpx06YIzMu0A4BI6mq6TmGQPESrLyD7057uaQfNKzHOeTTugtO+hEYmAJxwDg0PE0ZXcMZGRT5J2mRU6Y9B1pbc75ljkPyM2DSKTe7BrORrX7QqEoDhj6Gq6DLgfgavXkhWRoInPlJ0Cnr61XguGt5hInUHPIzzTCMnYZcW7wSMrg5Hf+tQ44xW1LMNSt2LbElUbjkferMCgSYdcr3x2oaHCV9yEdMEfrS4yM1I0QEe4EEbsAd6YOtLYpO4nSnLzxUqWzvC0iDKqcGoh6GgCQRNs37Tt6ZxxmljiZ+R0Pet/T7VJ9GIkHIJIz2rIuH24UADb6UEKd9BdPjH2tVfsa17y0+UEqMScfjWXaS/6QJDwd3NdakKXaID0XkVLE9zkFtnFwIipBroNDtHtWd3fKkcAd6u3djFIRImN46YqlFcyWpSN0yM4684ovcV7k11As7NGT2O2ltLIR2MyMfmcHmrE5BRSmQcdRS2E4lRgyncKESzlE/1wBPANaFlJ5m6MDAzkY9qr6zCtvqbqB8pIbg+tSWuY9zBsDcMUF7o6W3lDwruGGqV1Xy85GMZrLjn2yAk5BXpVjeZ4pASFYDGKRJDc2oMIdfvjkVRu52uI0DKAV9q2rKRpGMbJjauc1l6hCYpzjG1hnpTRJc0p/tCur9duKzZoz5hz2NX9CYCeU44AzUV0v8ApDkDgmtI7iWjIwuHPpU8Q4qMDpU8Y54rQRah6fWtG2HIqhCOPxrStRyKpMzkbenpnHvXsXgmBYtBRm4LsW/p/SvJNLXLCvZtIjMOkWke3H7sH8+a58W/dSM6P8S5cll7LUEhPJY8e1ObAPPOKikOTk1wpHU2Rudx44A7VFj1OfpTm56cUwsFqiRxIAwKj8wBsGkfOOfvHoKdDb/xPyaNEUrt2RXlJlfgHpVW5OMLntWq6r0HFZN+AJAOgxzRF3CUbFJzzmliiMr4/M+lPVDM2EXao7mtC3iWNcdvX1qpSsiYQuyjNAHcbiUgQZPvVK7uEdRgbYF6L/eNXNTmRTtcnaP4fWsC5mMr5wAB0A7UQi5asJtR0Q2aXc2Tx7Cq7NQxqJ25ODx3roSMGz5uVTkZ7VKo34Uk4Awo9PYelKgAHOfwqRF79axPpeQYq4PoP5UcgHnn61MwPtTD06Z7YqkRJWK4kIbPGQc88ikBPGPp0pwU45A69aTbgf40GaVw+6xHcetLk5OfzpMEcGnZBUAgdetCGxV55PJ9KehGcYqIZB+X88VIXBQgqN2fvE81VxXH8t0U4Xqc0qjI5BxUSEkEZwP51PGyj7wB7elNMtXZPC4hdW4bac4YcflU0LgDOetZ7Mc8fSnRMc5JIouUtDSbcVyM8VJaSeVNFKD8ysCOPQ1UjcleegqZFO7oMVSCWqPXLFgyloz8uNy/Q81PKQQGGCCORWF4XvAdPtix+6DEw+nT9MVoK5EzRt0PesZaOx4842bMbVWKP5JK4bJ59KwJFwrg8Ec1o6ozDUnV+cVXkAZmBHUVxVNWax0RVUt5oIBI9qty58mMeh5p0AkjXMYX5VPOKrvMZEYA+5+uai1h7lyLCSqNwXcOnoa1YZGCjceTXPocomOvrWzbXHmRAyIAy8Ee9dmFnpY4MXB3UkacSnOR0qre2JMokhPGclT2pbW8Awf4AcVouwZAVxk11XscvIpKxRt49jnNasYBTFVdoY9OaswjAGelEnc0hHl0LI4UY7cU+PG7JqHPNO34dR681BroW1fuOnSo5ZcHaPxqKWUBsL25NQM+QTnvQkDZY8zB4pxf5c1SVz1JqQyYT3NOwkWFk96az4JFVkk+alkfOKTQ1qXIZt6kHrUW7DEGqXneXIG7GrDvuAcHikJiyEE+lQvlgVbkdj6U2R6gM2DVJGbsOSZoG2vkqejdqmabAFV/NR+H/WmBgnC8r6VROqLgkDDg4NQOTyWGKh3qxyrYPpTHnYLhulOwr6D2Zs8MPzqNpSD82D9arTTnrx+FVpZiAWBLAdgeadieboXXzu3LISP7pqJbtw7IRg+hrPivlkJ2Mc9wetOkmWX74+h9KZDRea4BPPX2NQNcEHGTWXNP5YO85HZqg+0spBibeD/Ax/lVWFqzUMu45DD3FQyzY+lZs16gy0IJk6FDwRVG5v53+TARz2zS0GqUpF27uCpJVwKy2uiz+XjD55rMvbp3wGJyODmmR3bLKJcZYDAx9KlyOynh7LUvPdqX2kDcKSSMSW8j5+Ye3Wq0EH2kZDYYg8etSQyPEkiYyDxSbNORL4SGO6dDtDED2NOmnlaQ7m3EDv3rPkPzZzQrMSACTnoKm50qkty3NM5wCSMVatrqNYdrZMhPU1mM7AkNnINJuGAe9O43TTVjWkdQ3LADGabFKsmecGsovzyTxSb8HI4+lIj2JtXFtvhWWPkZ5qldKj7XRdjYwQKgW8mSPYG+XrimPcvIRkZb270Ow4Qkty2sCbFw5LfpUEm5Cc8EU+NwImIJDDpjv60kcodSHGR60ws0x2np5tyBIARgnmnXtqYULxNlM8+1ROBE4ZDkdsGrEt0HtimMMeDzRpYzlzcycdjOV2J47d614VvIokk+YIe+azGO3p371btNSe3O0fNFnOw9DQtC6kXJaI1I7oEgSEg460/z5VwVYlfbtWZLdCZSycYOTmoZpR0idipAznjmquc31e5uLqyLw7Hg1HNrUgmOw/L2B7isTcjEZ4PTNSQwGUMATvXkc0XY/q0FqzUbVWkRRGxVs4PvWlGizx7mYRt6HmubikMbEBQSPahLt1PPP1p3Jlh/5DamsCSdwJA7gVlXFoy5K9Aaf/a86hk3Eqwwc1AdQlYcnp+tS7MqnCpHcWJw7qk3IHGfSmXtuYJMMOG5U54IqMsXBJ4qKQsQCScdKLnRFajW44yPwpvWlwCeTRjPQ9qRuKqngY+maXcRLkYODTD+lIRySOlArDmcuxLdSc0zmj3pc98DHSgdrDkJJyvJAz1q1cX7TyiTy40IwcKvHFUhnOAM0oG44FCbE0mW/tYa4EpjVfmyyqOoqa5kspULRxSRyHJwDlaoY4xnmnqdqMNoO7A57U7k8ut0WrC4ESyISVMg27sZxTbiEQXBXd5if3h3qqOa0tIEckrJKNxPQe9K4PTU3dNO/TAHBA5H1rHn06bbJIFPy9R3/KtW+kKGOOM4+lStdJaxguGbeAWJoMU2ndHO2sTNKAwONw5x0rp0LC32wMe3I64rMvr9X+RVVcEYI9PerWjyebuQurLyB60mW23qXrV2+zuSS2MnnqKz5W+0NvyQw4rYWPYm0AYPXFVJLYRxYj7ndUoRnSXRt12tu3A5H0qzp91HJLuQlfUZ61n6sjHa5+70rORmicFTjHOaofLcl1KbzryR8k84FLFM2wLngc1Fcbdw2nrzzVmzt9+GOdvT60itErFy0kaVW3dQcitC2lG+XjtVe0gSISMTnPAFMK/OxBPWgnc07KfDkHAGOtO1GMsisT1B6dqpDPkFh6jPuK1vLE8S+mKaJZlacCsjKDjcMVPeRtHKVbrj86jtF236AcndjH41e1VS8u/HAGK0W5JRxzip4xzUYU5z1FTxCtWK5ZhWtO0XkVSgWtazj6UIyk9DoNBg824hT+8wFezttRQqgYXgEV5Z4Ot/M1e0X0bd+XNeoSLjO49K5MU7tImh1Y3qSBUTikL1DJJx71zWOgSRgOB0pijjLDk9BT1A2gt+A9aUsE+ZiNxp3BK4qoE+aT7xpDKN20HB9Kpz3BByOSemapPI28YOT1Jo5blc/LsaF3crFkD7/p6VkSMWbnkk0krZJyck1JaxM539u1UlykNuTLSKsMI3kADkmq0uqIoO1Dx0qteylztzlV/Ws6VuacaaerCVVrREd1K0shZzljVR2p8jHmq7mt0jnbvqMkbrUJYdT90daeVLE88dz6VBKys2F4UUxNngWO/FPXgZwc9sUgPQEfSlIw2MgEHFY2PqBu4k9OtO2EgE8ehPSmkDPGamjUFCRgY9TVIhK71InjwfmzUbYVuBnPrVoqz9Oc85x0xUEyY7jPfBpNFWsRNtAzg5pq9TTiMrkmkUep4pIyk7jgvHA6+9GwgZwakVSQCM5oJOSOuKofKNjT5STzQqnOM8GpV5wP6VMkRI3BfY00i0iIR4GCMU8IMd8jr6VJ5mxQrIPWmQjMgJ7HNOw+o6FeOc9a0bePJBIJxwRUCxjOcHr2qeI84I6f5zWkSuU6XQX8sywkYzh1+o6/0/Kuptisqhm6iuKsJdksLkH0J9uldbaMFfaT8rVlUjqedi6fLK/coeI7UNNFMoxn5SR7dKy2j6Mx69K6fU4jPZsAPmXkVztx80IxwQea46kbO5zxegEiIr5Y6jmseNykxXHc8VoRPwF9/1qheRN5nmRjB7j+tYyKRJGdjbTnDHINXYy5bcg/eKOR/eFZ9tJvRQ20gnAJPQ1PHcnJDLiVeM460Rlyu6FOKkrGms5VA6Y8tu+O9WrG98w4JJP9axZJvKkWSTJgl4b/ZNSktGo8rGAcj3r0ac1NHnTpum7HVQvVlZARjHFczBeSO4ZTwB8wrUtboOnDfnV2EpGkHOevHpT3YDa3cVTDhgCDUrv8gosO9xkkn71jQrkjr7VDIwwcetLGw2E96Yrkynkc0rSdveog/eoy/zj60homZsMuOmeaJJMDPXBqEv82KGJaNsUih8/wAynt3qCC4ZRt6460rP+6U96plwJc+vpQlcmo7amgzZGR0NQSENn1qNJgjlW5B6Ukjc89DVJGXMmNZicjPNR+e65BOQKeSCPeoZFz0qhSQ5plYAg4NNadhxnI+tV50+XGaqqpR88gexp2My5PMqx7ueKreeCA2RSudwww496z5YRESUJAznGeKYkWXBPzRsB68dahF11V1IPqBxVCa4BLbiyKOhHSkWYsgCsHA7g5pGqh3J7qbepVhxWeXZG+Q5FXAASTkH1FVbyElS8Z6dqd7IqC6M1YNEm1CyFyCEJOEBHXHU5/P8qzbmCWGZEuUwvRWY8fnXfaTB5GjWcJYBhEuR3BIyf51l6lbpPazRy855Ueh56V5ccZLnaex6rwUeRW3OB1G3iRSS58zPIxkfnWXuwe/FdfeGGy0GaOZEa4nO1eOnPX8q409+1ddOpzq6FTg4qzL1rIN2V+UryBVzUWX5XQj5lBI9+9ZMLZcdh3pJLhmyM8VpcTp3lcH55qMmjdmjOevFBulYUN6ikzkHnpSAc96cOMgg4PFADfrSilUEHFAwRnpQITGRSAEHjqOaduwAB3pp5oGAYg5705W7jg+nrTCMHkUcZoFYuwDchBOB1qAn5uaWKTYjKRkGmluveglREz/OkHrSbj9KTv1oKsPDkADjGakSXaRnnvioKKYuUmdt+T/F3p0EzRHjvUHBNP2kBSeAelMTimrG2sSXFq0qYSToB61RuWkU7ZFAYcdKhhuGjTaOhOa0Jb2C4sWEy5mGMcU2cvLKEtrorWsUcu4S8v2xStaqFLZ+UHH41Wify5A3PHapHnJbjjvz3osaOMr6Fy0mRFCOgZc5aoLhMoSg/dk8VErKSST9B606O4cYU8qe1BPI07orFMHnNNxz7VtywoiQysMRSDjNVL2y8p90ZDRnuDU2LjVTdmUR14owVbOKsrCyqr478Y61IVMpVdvzk5BHFFi+dFR4sIWBGM9PSogOwq7dJtYEgqCOfc1HEGilVhgehIoGpaFcDjn86VVOCRz61NOu1yr4JB6g1PaxB7dgrjJP3cc49aAuUwuKcR69akkURnHvQq+YWO5QRzg96BjNuKntWeGRJkUnDdadBFGVzM+0EcY55rcvVjtdIiaDDAHrjvQRKXQv2zrIodgobqM9axNUuAty6sN4x1zVE38+4bXwB0GOlVZJGc/MxJosJQ6jmcliATir+mXHlElVJPpWajFW3A4Iq9Y3AViDGCx7ik0U9jpLfUleRVboeAQKsXxYwHy8bsetZVnPHIAyoBjqR2rUtp1lUlWViKkhoxb0NJCxfKnggHtWUwOctXSXab45fN4OODWVe2+FjZBhSvJp3GmZ+Ow5re0dR9nBdflz19KxCn3cHqcV0enrtt0jUgg8k0MJbBEALllU5GPwpzQEKSBncTzUkEYaQn0yKsSMQPl+6BzzQRchmTytKwxAYnNWrJnECx9yOtZ17J5kqp24z9aupKVuE9BxTQEdovl6gncg1pXyj7M47lgc1TkKtchxwQcVcv8A/j3JzjpVrchmcuQvPQmp4RUIXhfcVbgWthFy3XpWzYrlhWbaryK27BMkU0YVHod18P7fN5LMekaYH1NdpK+c4rnvBduYtOllxjzGwPoK25Bt45Pqa8+s7zNKOkCNiSeKaFBOT0/nQXA47VG8pHPftjtWZpoPkk2kcZc9B6VGwypeU5UdB61HuCKWkPzHpUBmy+5vXpTSb2HdIZNk/O3Q9BVZm45wCaluJ/MJJ4A6AVVY4OSeetaKJm5ajhGWbH5n0pZ7kBPLi4UdT61FcXDOAo4Xv71Ud8CqUb7ic7bCStiqcrVJK9VJGq0jJsjkbmmY4LHpnAHrT9uV3NwB3qOaTC56EjCj0HrTfkCIZ5MgquAvc+tUZZccLT5mxx2qnIeapIls8TDYPHJpWckYPYcVC7gDIOTTDOBwV/Xmue59LzWJ1+9xUqE8DpVFSWfr+VW7W3aWZEMgTewXc5wBk9T7UJi5y0pBUf3vUVBP6Y6/pUpjMbMMq5U4ypyDTMZ4IHrVM1vzIZAgY4PPHpmntEqgNkYPYnmmsSnPTsaBKC2TzxxSBJWsKCMAEfXFMJ2ng5Oe1K5x04OenWpEgYpvx8pNUhWfQSMjPHX1q5ahQxEhI4/M1Am1SBjkGplG5sjAGenpVJFxQ54wffNSRW+CPlqWPYW+Y4+gzU6AAHHzH61pYtRRG8JUDHAPrVm2gGNzDIA6dM1Hu5wefb0q1C+5MNwByeKZsooYGIc7TgGur0yQz2SNn5hwfwrkmXJ6Zrf8NykSNC5wW+YVE1dHJjqfNTuuh0EUvy/NyM4Nc9dbTPIqH5NxArcuFxhl4B4PtXPX6NHcbl+6x5+tclRaHjwK0ikZIGc81BeuwjWWMDKnmrLuUAbt3+lRQyxkhJB+7Y4NcrNDKeQq4ZeCCCcVs2zR3asZDtk28VkSxqJWVSSAeD60JKy8A8rzWTKNGViUMUnzKRg0yzcxxrDMCY2+4+f0qle3rCD5VO9hz6VWtbku6BvmHpWlOo4MynT5lY6FiEuVCHGRgn3qxC7YYHOc/pWdZzHeBIMqDn8Ku3FwiR+bE2SByBXq05c6TR5lRODsaFs7pH8rZGcn2q610RsB5U/oa5htV27mB28YIp8er74wGHyk4Jq2iUnY6SRwc5PWoYJGEnTg8E1QimWaIbZM47g1NbsVJ3vuwKTRXMaUjY/nVbzM4weab5vTnrVZm2ORnvmpKbL5fgc0sL5baehqr5gCA9acpyQVpWKJ5XxD61nyNxnNSXMpHyjt1qqG5qkjOo7jzJx1p8U+QFbpUDL3FV5GKEHtVHKrpmoXVR7etNLKwyjgVShuuCrj86jmUctCeO4pWsbxlcuvkjmq0iMvI/Kqqzt2JyKnF0SMMMrTV0KSGGQ4IIqncykZABxV13SQ/LwaryRK45Az+tMlKz1Mt1Eg5/HNRfYlWQOm7PscVcb9yx+6fqc1JHcbjghQfakzbma2KhjkY/dI9+9RoJUb5ZM/7xq+xibluao6g6LgdA1SxwbehI2q3drMJRI5YYBGflKjtUeo+JLu4ZDaxpDtOeRuJP41kzStH0OQeD3qIyRsOgX9axdGF72PQhKfKSald3V2fMuSWYcew/Cs0mtRflTIwoHtkVWmhRwDERn0rS1lZDhPXUpbsA00fpT5I2QkMMH3plSdCsOzge9AYYPTkY5pCCMZ4zyKTk0wHK2O9KCQN3bPWmUUwHFic8nnrRnmkFLkelAgBxS4+U8fj6Umc9aTNABRSZpaYxwHHt60dKVT27daJMAjaT05z60CEJHHrSHnk80lGeB/OgBR7ilz/hSA4xxSkj0wfanYQdfelB5pCKXpgHFIYue9OHNMp3YYzTEPfK4yCDjIzTcnPNDMznLMScY5OeBxSA0CFPXnpTl56UynoxRlIJyDkeooCxPNcyuscUjMUjG0Kf4alsrhYphvJMZGCKpMSxyxJyaQHipuS4JqxoWt0omw4yhPT0qW6nUwboyBhuAKywcU4SEKRgepp3JdJXuSvM743846USOzgEjjoBUQbAIxnP6UZyB7UF8o+Vw8hb1pYpNkgYZ4qM42985/CiKQxurLjKnIyMj8qAsT3LKW+XODzUI470hJNAoGie2jeVtsY3OegHU1rW99Amny210GLE/dFY8LGN1ZCQ3Yimvksc9femS43Jpzb7CIlcNu4JPaq9FAoBCjrUsYPOOwyaYiknjFSAdKBMkhkaI5RiD7VqWtyI8TICDkB17GskdKeGO3GaTVyWjsE23MO4YKkelVJoQLRY3XBUYqnpV232V4v4kG4Z7itMMsyIwPXnFRaxJzl3GIbjYQeRW1pH+ow3rxVfVLN/MWUL8g64qe1eMopt+NuCwJpjbua8dsQjbehOfpUdyojxGDxnJqKS9IVVQlS/GetNWUtsycnBpElG6O27HoOaswsZJMjiqs6ktuB61Nbcq2fwrQOhctxljzznrUsoklV5G+6rBaZCuFOOM1buW22scYwMnccd6a3JZWTlVHYVdt16VUiXmtG3XpWpmy9bL0re02PJGO9Y9qvzCus8L2ouNRtoz93cCfoOabdlcwnroekaZD9j0y3iIwVQZ+pp8nTJ/CpJZUB9cdBVKWYuTk/jXm6t3OhWSsRyEk46E087YUDMM9gPWmrtHztz6D1qrcyMzEn9KaVwvy6kcrmRyzH/61V3btmnM5x71EzYHqfetUrGTdxGIQfNyewqs7ckmlc5JJqF2qkiWwd6qyNT3bAzVZ2zVANdqiCl2wO/f0pzHNCKCCSeO9DBK4t28YVVTlF7+prMlbJJqxdS7jwMAdBVCRqcUDIpW61Wc1JI1V2arRB4ew5qJ1IOe1WSQMD+VM+UsPMBx7da42fSSQyAkNnvVwynaFOeBge1Vo1XPOatKuIw6hjg45poFG4nmHaRnJHepFRwm4YI9c0yNN7ZIP8qmAyuBxjj609S0iCdyRzzioCxzwatOgAIHJ9aVLYOMkHB54oDlbK6NggZ4PWtGKdimzO1fQVmmNg+AOKtKQqgZy2eSTx+FXEcW0aFzaNbrbszwv5sYlAjcMQMkYbHQ8dKRR/wABOKhjkVfv9CO1TK4YYWtEaxJEOPepYyO3/wCqoUAz1+U1KGUjGMYqzREyIx+bt65qaMHPXrTrG2aXG3kHj2q/Fa4ySOnrVKJtEZBEWOSPfirSMIrpJFGCD19algQKOoOR+tQyjJYd/aiUdDScFKFjqVKywZzkMM/SsK/TmRG5PUVb0mfEGCc+X1HqDSamF4dDnFcc10PmakPZzaMTPmxEZ69KzpNyscj5emavsPLmO37vUVHcqHRx/ERkY9a4ZIpGXvIYrjpzTJSSwYEc8U91IbPpTGAA5GRWTRZDcyPNHk/eXj8Khs5VScbhweDU0h2uoHIPeoPIJk+XaMnuwGKQjftVEhwxw2flJqO4Rra4OTiJ+CDVWOVFVcygsnGB3/GtC3mjvIHimXnGVOea6cPX9m7M5a1HnVzPurZo2GTmNhkMOhrPJeM9SVPQ1tJNNafuHUPF6N0qOS1guI90R2k9R1r1FJSV0cSk6ekkQ6RelJQmSCTmulhkSVdynjHWuXl01kBdH3lR24rQ0GYtDLGeMNkgntQKfLL3omr52QcdRzipC4kjDjFVV4lwT3qsZTaXLqxO1jwPY96TRKdzVtn3fKasIQhAJ+lZImKOCOQeRitISLLEpHWoZcXdDLoEnOetVckHjpVrdlearSjaaaYNaXFL988VFIPxBpC2QQabyRgntVJmEoleXMZ3ZO3+VO8w7TtNI5B+U4NVyGjztyU/lVbkrQhkunVyxXj1qzFOktuZFPK/eHf8KqTgrh1wc02ONWXAXa+c8d6lnSkmi35i5yjA98VJ5uV9G7EVl42k4PHcdxU8Uv8AC7AnsfWncJQViWcbgS6596z5AyHcvb3q5K5U8Hg1SmlGcd+4ouEL7EE+osGUbNvaqV1deauTnINWpYknjx6dPUVQuLdol3ZBFSzrpKHzGPMXX9CahJpppDmpOtRsSxzOhyp49PWpPOXG5flPdc1WzikpicUXHvGkjKPg8YGRVInmgjgH14pfcUmOKS2EzRjg8iiigoBR9RmiigBaKKCaBBStgdCDSUlAxeepoFFApgO3Z6803ml7Hik+tMQYpKXr1o70AKQRjI7ZpR19KSl60AABJwD+tODNs28Yzu6U0jinfKFXaTu5z6VICCl4I/rSCimAvNLTfSnYI6+maLiFA5pcEn5ecUEAHg5GKdHknC9W4+tFxMNxKhT0BzipJ4wgTaDhlB59aainvjg85q5eSKY0VlAdVwBQkZOTTVjOI+tFH86KRsKeDSmhQSDjsMmjvQAmD70d6cR0pMYpiHDoc0oQnJ9OuaQcUpyWyck0APiIAOc9Pl+tI7FzlvvE9aD0Azn+lOiQySKi/eYgCgQ0qR19KQCp5ZXYIjncIxtUegyT/MmmIoO4kgYGfr7UxCAcCnLSL/8AXp/XknmmIMk9eaOe9KBS4oESW0rQyB17dj3rWtbw703qoRhx7GscD2q1AwZNknbkUmhM6qMBgd2OR+dYpTyGkUKDhq0bJwYFUMMqADzUd3CjzNuYKxXOakkqyusjwqBgAZ/GlilJdeu0GoyoGS/3sYGDSDIVRnqKALWPMRiMDaOlOt0wfrT7RSsTnAJYbcVYgiAVz3FNMRYRfugdRVi+j2xQk4yQRUdshLA561LqBy8YHYVSepLIoV6Vo2ygEZGapwLWlbr0zWxlJl+yjywNd/4Ittvn3LdFGxfxrjLCPJGO9emaLbi00uKMj5j8zfjWNZ2iZR1kXJG4+tQNklQDTnYk0KQqnPU9K5jTccduMHgDoO5qlMWdunJqzHJhydoY4wM1BOQv+8aErMctis/BxUUjDtSu3WoHatUYjHbNQtwOaexx1qCRutMZHI2SarsakkP51Ax/OmAcEY5JNR3D7FwDyeo9Ka8m3pwapyvRYadhsj5zVWRqe7VWlbmqRLI5GqBmpXbrULtVoVjxwjP1p9tGjTRrKTsLDcR1Azzj3p7R+uMkVJDFvKgEAk4yeg+tcSPpuUikQLnHTJFNG8YwDxU5X5mA9frViOJSMYOCOxqi0VYsngscVZVSFJU5A/SllgEZ4YHjI5qLzDjGeKDRJWHqeTwAQeKtQ7WT5sgnsKroVA5PFL50aOSnT3poWw+eMKMgciqD43YwfQ1cuLhGHy5yaqADk5z6VREtdhVJYjPNXYsAHoKrwkdCBwPpinIxDA5471UWOOhbztToc1B5p3Yz09aHk3YxyPSmxqCx3Ake1VcqUux0GnXCGJc5DZ/Ktu2uWikWVWUupyMjcOnoa5W0Gw5rYtpgAA2eRW0ZaWNoX6lx3xxj8qjJcsGJ4I6mnRrvIbqOlSOvTIA4otc15tCawbyZlzna3ymrkq7WaNjweV9jVDIVABjn0q5H/pFvk/eTrXPWh1PLxtO75yjLDhjweO1VZcggDp1FbYQOgPfofcVm38BhmPO5T0PrXFUj1OFMw7xCHyP4v0NV+q89RWhecFeMox5FVZYgd4X8PesGi0yukYdGGcY5FU7hSPvduM1cBIYEAkinTqJ4964BHUYqbXAy0LDg+uauxzB0O1D5vcKcfjVN0IYhhx60sSFSzllUDpnvWY90dAji9jKucOgAAPeqiK9pOG7fzpbadJwWZVWQccA8irVxJb+Qv2hxtbuAcVvRrODOarS5kQveiJVbgqxPbpVO4JWTzLdwG7haiunaGDEYWW367qqRXmOCAoznivUjNSWhwxoOGxv2moB2Mcu1XIBq3fIJrUSAjzY8j6iualmWb59wLLgE+tattJKkKbjuVhwf6VRMopaksN7uiVZBjHyg09b0wN1JKnBHY1SSFfMzglCcn2p07RuFJQ7NxBbPJoDTodDb3CXMO9Ka7ZBB7Vnac8calYGJB5IJ6GrbvuG4HmptqO4wkg9eKa7ECkMgAyfu9/apBtdOxHtTIkU3JzxTN5+tTumOlVZMg5/OtEZWuxk6ZbcmB6iqoujAxSQc/qKtZ5x2NUb942BWThx0NSzek7uzJjPDKvDbX7VVeYq+H61nFiD1pRLuG1+R2PpUnWqVjSNwRhWOVI4aqc7YJO7DD3qGOZtxXgg8H3pLhgy7wPl6EelK4407MUTbsbSQ36Gp47lZVMcuAelZZYg0u45z3oubukmPuYTDJg8g8g1DjNTiffHslGR2J7VCcqcUFxbtqIaTvQTim0XKFP0Ip8ZXYysMdw3p/wDrphyepozg8cdqQCkkqF7Ckwc9KM0vSmAUUUUALSUtFACUgPXNLQaAAcUYoFFAAO+aMUtGKYhKB1paUY70DEHWnjI4PT6U3FKDQA+Y5YZAGB0ApmKOtLSASlooI5oEHegdaKKBjgQDzkj2pMnPFJ1pxHY8UhWFUkEH8adI5kbPTjpTccZ464owdpPpTFYB7jtxijtR9aBQA7HApQKUDPSgUwFY5CjAGBikxxQeBSr1oARVLEBRk+lL9aUDnijGOtIQgqWEDPNMA9qklUI20EZHX60AyM5JpaQZpyg0wBeDxTxSKpPTmnLjPOaZLHCnHk9APpSAU8dKZIsS5JzTlBzxSxjmnJwwNAmaOjkkuSeOOKvXi75VwcEg5qhpny3LLjhhVyUE7jngHFQ1qIiuURoo3UHjg1HEu4lhjK9O9aiQq9oqEgBuTVSBFbCJgH19aQE0A/dg++atKcHGBk8mogCmE7jrUkY3vx9KEIvw/MUVegpt2S0+3H3RirFomMcc1DP8105PrVR+Ih7DoQcitS1U5FU4E5FbFlHkg1uYTZ0Hhm0FzfRIR8o+Y/QV6C3zEBRWD4QsxFZtO4+aQ4HsBW25wcCuSrLmlYKasriSgISAQT6iowhbk1aityRufgU24ZEXJ4HpWPN0Rso9WVGIjBY8HtVB2OafPKWbJ/AVWZs1rFGU5XEdqhJ9aVjmonarMxHaqztmnu1V5GpoBrt6VXlfHFPkbHA61VkOKYDXbiq0jU53qtI1MYx3qvI1Pdqgc00FiJzUTtSyPzUDGqQWPLoYy8mM1ZRQD2qoHVACDmp1mL4Vh71xJH0akShOdwwQRT1JVWIGeDnBqPzVQgkcVTluC7HC4UnHWnsNyHSzMW6nmmKxLcnOe9Rkk5zn8qRHAYZ6ZoJUmaIAEQyefpVRwQeCDTmuRnA9MGmq+4ntmnc0bTFjAyC2SB1x1p+3ADZA5ximHHGG6dabuJztoQaJE4YL6EEVIgG4jcCPUd6rhS3PepITtPOQatCUiZjgkdRntQkrBsLnHXFBUsARSKrA8c1aKb7GnbTpJjIx7AVowKZXVYwMnpWHBuU4C5Fa+nxsZ87gAvJNaRZrFux0sERhtxGQM55P9KjmjAj3Z79M9Kqy3bQRgnp71C16sgyCSa2ui43W4+Tce5q1p03l3ADZ8tvlaqBmVsA+lTRNuXIyfaokuZGdSPOrM6NI9su1sYY/lWfqqbUKOOV5Bq/p8omtMsfmX5W/pTL5PtFuyj/XJ6964JxtdHjSXLKzOVuhuTn6iqRBDHitCaJl5A4/kagZVYEEnd2rkaLRRPPPvjikiO2UqDjPTPellyj7hUDkpID1rPYdia5WOR+YgpI52nvVMqOjDIFW1dWT5vXr1x9aVmTzF2xKCevJIoauIpeWY2DRk49KuLIJoyroAMdv50s5jERxGqkcHaTwfxqKSWPO7LMOMEHBqXGwmUwZLedlX5kPG3sRUd3Yh1861yeMtH/Ev+Iqe6kWUDC4K8dOadaRSyESQttcd881pTqODuhSjcyASp54YVqadqkkKmKVRJF2z2+lOuI4pZCt7GYZscSqvDH3H9RWfPA8B2uVIHIIPBr0aVaMzmqU1Lc3YrlJSCjDacjFTwyID5brhvWuYWbAA5BHoetaVveCUJvJ3jj6itr3OaVBpaF4I9tdB1/1bnGRWkHO0OB9azbW6WTMb4yPXrVqF1VyH+VW4/GmYybvZllgHUjseoqlE01pLjBaLt7VOHEMmxs4PKmiRd2R/FSKTsTFxIvmKevUVDIAQagjdom5BA9BU5AcblIHtTRm42KjqUPrVPUYDJGJIznHUVoSZHBFUZwVyVz+FNl0207oxXBBORzUTHFarAMRvUGqV3bFDvTlKho9GFRN2ZV3EEGl807yex6imkU3rUnRZMcyj7ycr/Ko6cp2nih8E5AxntSGhtHNGKKYwz60spXI2rjAx1zn3pvXpTpI2j27wRuAYZ9DTuIZRRRSGLRR2oFAhaWkpe1UIAKDS9qKBjaDzS0hpAFGKWjFAAKXpRS0xB1pO9LRQAUUUUAL2xS96QUvbmgBTz1ptGaKAEJooox0OaQDlJJLFucd6MUUoGaAFFKvTnvTc0opgGDSjIII7UAU4AnJHakIXJJ569aAPWgUopiACpVWPyWJz5mRge3eo8e9OxSAQUvv1zSgfLkkUpJChT0J3YoQDrdQZRkgAcnJ9KbM/myFvXmkYckAED3pBmgEh2OQOvGacBxnPNNUEninLTQDgM05RmkHXipE46jPpTIbEAp/J5NGKcvSmIUClAoFOApiLuny7XwRycYNXXH3xnILVUsI/wB4rsPlFXc+Zu5Awc/zrN7kk8TBbV1YnjpUaRFQrJ0680s7GOGNQRk8mpEffAqgdO9IYqAlmJ5PX8au2sf3W/KoLdPyrRt48nA7CmIlRvLUk9QM1WhGSSep5qadcxnOBk4pbdOlaU11M5suWydOK6HR7Rri5ihjGWY4rJs48kV6J4Islhje8lXLH5Ywf1NVUlyxucz952OhghW3tkjXgKABT0CIN8hwO1LNLk7mA9gOlVZCXOWP4Vwas3Voiz3jknZ8q/rVCaUuSWOafKwycVWc1aikRKbZG7VA7elSOSahbitERcYxxVeR+aWVutV3aqQgdqgduaHaoWamA2RqrStipZCACc9KpyvzTGMck1A5x1pZHqvI2aCkhsjVBI1DNUTGgdhjmmd+etOx82Bkt6Ux22qT3PcUcw7HkwJz8tWYCpUl3wQuV4zk+nt9ag2jIwcdgaHb5snJ/rXKtD2i1w2SMHJqBgEkPpSxuCM9qcwUjGO2etUWN35ULgY6ccVXZceuO9TMGC8DgdaiG5yFHfoKTFJjVHIGferSKMDBO7vjpSRwknng1ZFuQcgGrSErjDBxn1PFK0QHAOatxJyAR70NGpPX6VdjRRZWjUYIPQdqeUz93Oac8e0/KaswwEqcgHjHXFJIepWicg88ds1YijDt3z2pFhIbjGOpzVuNcY64HPFUjanG71LFnCqqwYDJGMnjFXYIvKUkA4PvUMBJBLfrVoA5GW61pE67IqXbnbxnGMc1UKnO5AfetC5VduAc8c+lRW8R3eop2Jcbsjtg5bHqcCtGJ1iVlI+bIGc9KUW+PuZ46VA0bK+08HpTL9noa2l3S290ATmKT5WrVuw8VyGHbr71zUKMTjGce9dHAWnsl3/6xOD/AErKrDqeTjqLj76KN1AhDHor8j61i3MZjkBHauilUsGV/p9DWXNEHTDDnoa4KiOKLMaRN4II96qSowUjHStFlwSM4IphjDpuB6cfjXO0WZinDDd0PWnFg6FWXHPBzT2gJY7GAI556GonJGdvJx09KQE9swGWBBU9Qf51Wu4ShDgAKT69KLc/eGcnt61Zj4kOcEFeSaBbFee1ZERzlkdc5x0pQ0kHliMh1xvA6Yz2rVtGZcxy5MLcYP1rXk0+zkt2kniPyrgHOMVap3VyHLuY92pu7JdwXJA7Yzisy2gWZ2gl3BegwMnir9zJBB+6iwUX7uD781mtKI5vMTKv9c8Vndpj30KN1amFcqMoe5qGKFi42dc8A8VoPLuZy6kZ6ioGjXeDD35wfWuuliOkiJQsQl380tgBx14rRW8/0bc+Tg9vWqMrktlzgj25FLCjNHIoIJboR3ruTvqc04p7m/BcJc23IBP8qlQrKgZG5HHPWubtJmiOADn0rWV/LIkTJRx8wpnPOnysuTcoWX7wqqJwDg8etSSXCjG7gMKybubynKjJU9Ce1FxQg5aM03nGdpwRUTbH+6QDjvWQ9wWKlTwOlOFyTye3Wi5p7BrYutGQ2dtLsBHT6j1qkNRwSDkilj1JAfukfypXK9nNdCG8s9oMkQyncelZ5HNb63CS5aLnHVfWqc9mJGLRY56ik1fY6KdVrSRlkEUAZ4zU0yMhw3GKg6GpZ0xdxDSfWlpDTLE7jFHajvRtOM4yOmaQAKWgUp5PQfhTQhKBRQKBDuoopBSimAtFAopiFpKQUtAwoooHSkIMUc0tFMA7Yxz60UuKMUgCgHFFFMAopKWgAooopAGKKWimAdKM0EUtIAHtS9etAFOAoBgODRyTk9zSgUuKBAKUUg496cPpQIft4HI5o68GkApygYOSc9qYAc45444FGF4wT7+1Kee/FJiiwh0o+Y/45pApwT1xSn26U4/dABOKAG4pQKUClAzQgFFSAUiinqPSqRIoFPHGR/kUKPWlxTJADNOApVGM5GcinKO+aBF6xJ8vnkA8VNCDvf1zVeElYc56nNWgArqwyAQDUEtiXDFpzge1XbaLfgc8DJqqyMkgZhjNalumyMA9T1oY7k0CBVJPSrVkp/eP2IqB2AQKg5PFXFHlQGlYkgk+ZwOwq1bx9KrQJubJrXtIvmGa2irGE5GhpFo9xcRwxjLOcCvULeNba3jiT7qAKK53wbp/lxNeSLgt8sf9TXSE561z1pXdkKmuo08k1BM/anyPxwaqSHH1rNIbI5DzUDt6U+Q9ahY+taIkaxwKrStzUkr8VUkeqSJY2RqrO1OdqgY0xDWbmoXfApZHAFV5G4JNMpDJGJqtI1Pkaq8jUFJEcjVWdqmbnnoKrswBz296VykhDxyevpUEjdcdaV3JJNQSOQKRQjMDj5ue+KhlkLNjk9gKV22rVczFc470DPPTCdoI5HcjpTJQEHTDj+VH2h9oQN0OaawzGrFgSSRt7gf5/lWWh69xmemBirNqm88jgfrUESdCKswklduOlCKiNuAp+6MDvzUcS4Iq15Z3EdRmpBBjlCcYyeOlOwOOo9IsAEjNWVAzzyDzTIMAEMASTxk4qxuUxgbfm3fez1HpirWhpEaVUgEZ9OfWgoSvsTgZp+MjAP8A+upEXjpx64qjUgEQ9Dn+dSAlcZqxkDk4zioSpc7jgUhChdwz05qWNSD1HFPiRWiJBwwIwuOo9c0qLjtx7UGkJEsPyjPrVgEdeKpFz255qZJOTkA8YqkzdSJHyVwD9RUtr8h5RTx3qOMnBAwc8c1YhAOPUCqRorblpE+UN+vamFNzcgHinB8KVzwOwpvQ4qi1JFqyiUOpdc+wrWaA2cw8wMAwHB5yD0NZEDBCOnPtV92eXncTgckn9KvdWJq041I2Y67AQ7gM+vuKzrvl94ACnpWnEPPiKPywHB9RWXMuwtE3/Ac159aHKz5ypSdOfKzOvECsHUdaqRvskHA2t1BFXxyDG5HPTNUpkKkg1ySBEM6HcT74qoU2vjAG7vV3HHNRvHvXC5PpioaAqMn71XHy4HOBV1bRjIqsNrckHpVeIMSEB+bOME1O8x+0fOC3G3I/LIpxS6iZamUwWseWRt3Qnt9Kiu9S8y3WJmkA/iK96p3U2UKnL+nYiqjTqyFH49CO1W5dCVHuV5JtrYRgw9TTHb7zoAVPYdjUMgKkhsdPWoznggnisGjSxfeeK5UGQbHAxkDr9ahlRoxx17EdDVUFhwKmRwB8wPPHsKnYLE7QPICZQQ+3INVY5HhfB47kVfjlLAq/IHykdMf402SGOb5CcMOjeldNGvyaPYylTTK8rfKHjbknk46Ve08F1kQ/dxkGsiSOS3Yhunr2NTW8zBkKt04xXoRlzK6OWVNpWNIwu4aM9PX0qnPA+NkmeOhFaPDkSocHHQ96Y12jq6PG2QM1W5jGUk9DGMDqpOOhpEfawOMj09asG6YNtYDA/PFJIiSrvhOD6UjrUn1KVxHsPXIPT6VXNXJi3l7SM1Tcc0jeDugR2XocVfsb4xMFl5U/pWdg96VQT0BpXsEoKSszoZooruD5SN3Y1iXELROVYYot7l4HG0/L3FaJZLuI5xnt7U73MVek7dDIpVCk4bNaD6awAIcZ7VWmt3ibDD8aRsqsZaJkDKB0NNBOMdqkEbHoDTCpBweDQWORFYH59re4602jFLTAbRS4oxQAuOOOvegUCimAtFFFMQdqQUtFIAoopQKYAKKMUUALRRS4oAKMUoFGKBCAUU7FIaAuJRS0UBcSloxSgUAJSgUuKUCgLigcUUtAFAgpcU4AY96cowc96QDRz6dMdKUdvanYoFMAFKo564pRx2zRTEGMilVSxAHJPagCnLwRimIFRicYOemKUgjg9RUuGQBwSCelMxSENApwHpS4pwFCQNgoqRRSAVIBVEthilApwFOApiGgce9SL0GKQLUiLSETg/u1X05q4DiAF/TAqogyRV19pQAEE0miR6q812pfkHH4VrQICelVrRMuegwBWlAowW7CpYNjY48yZ7jipblhhY17cn60kT4G8/hREhZiT3qoq5EnZE9pHyOK6HRLJry6jhTufmPoKyraPGAK9F8Mad9ishLIP3sgz9B2FXOXLE5viZtRKsMKxxDCKMAe1I544pCeajkbjiuM2GO/pVZzUjdOagkNUkQ2RuaqyPxUkr1WYqQxYkegHerQiKR85qCRuOaVzzUMje/NWSNY1BI2PaleQAHIyfrVWeXdwOKCkhkj5P0qBiT3p+N3eoncAYXv3pXKsRv9agldVOOvvTpZNoz1NUpXJY59aBodJIWB9KrO3G49KHbJwTUEz5O0dKCrCGTkEjI9Kgkk5yaViAMk1WdsmgoSRic1A7D1pzk1XdhzQM4Nm4zxnNLEfmFMdsnke2KngOFZe57+lc63PWRYiJClQcBuD71Yiix0xg98VXiOVxt+YdCKuwkiLBI2ZzWiNBERQ2GIwalXaExwCTjk0zHUkZHpjpQRjn730FUFx5zxjr6+tKmVO0/jUIYdO44zU0a/KCMkHrRuJPsWU2kKc5OOas42dfTI5qqgxng8VLFIcH5sDpimajn+YnikYAHaGBwOtDHnPBNNAPboaYnIswgrllwcdz0pSwK9gAOuKjQMTgH3NPUHkEGixSkMA5qVFI5Jwe2aVk79PSnqp3A4/GmkaJkkQ6+pq7DEWAwPf6VBCnHC89Pr+FWUYBsjgelWkXz9ESPGQinjJ75qNOpDZ+tTI27IBp+3POOe9NJgpPqM3Y6duKsW8qqQGqswCD5m5PY1Cz4J5Jp7HQpXRr3E8SyB7Zmx15/lT7yJLu3W4h/EehrD3ll7mruk3ghuNj/6mThvb3rOrHmRx4ujzx5luipcR5+YdahaLzF7ZFb19biGQ45V+mR0NZUqlXyVwfQV5042Z5KZSa2byXYclRkj29RTdNk2zqDgbuOa17PBJPfB49u9V59OC3SSQvmJuh9PapS6gzM8RWxgu1kiXCuMjHHPeqXmfuFDH506HHauru4Bd2RicEyJyuPWuYmjIJDdulTUVnoEXcjlCTJuI/eNnOP8KoXMAQNsYHHbvU8gKMCB9aZLL5rZJG7pnFZ3KM98ng/d6fSmhc8AfrUzqdxA/OkjAVhuyKW4yNY2xk4x9acIt29gQFUZJNWpiEjjMZHTkkYqOJTKrDcAuc8nGKGhXKp35wDwORVqCXeMOcSdM+tOMSPGCrEtjof6UxLVyNyDPcgUguid13pskXj3rOntzEd0eSo6+1XkuWHEiKwHGTSRSCdivCk9PetKdVwehEo3KUVyy8EkgVciurdpNzk7z1JqvPaktlB+FU3jZchgVIr0YVYzWhzTpJmnqiKIAyIMZzuX0rMSfyydvQ8YrQ0y4SJWjmfKN7ZxT7rTYZvmtG+b+72qyIyUfdkZ7TI4AIqvKgzlfumny27xnDqQRQoZCAR+FBvG0fhKxB5p8EjxSK6HDKcg1oKI5MfKBTjZxsRj5aVn0G6y2aIdTRZZRJGgRyAXUdM46iqkDtG3BwauT27QMGHKngU1rdnXeEIBPXtSclHcUXdWJftgaHHRqj88vgScj1oS1bJ2spwCSBzTHhKx7uq561MakZbMFTSIZDtc4PToRTGYt1JpWGDTcVZugopQKKYCUmKXFFACUtFFFwD6UUUUXAKKUdKMUAApaKWmIKMU7FAFFgG0tLQBQAoFGKUUYpgJSU7FJigQlGKcBRikAmKUCnBTS4oBiAUuKcBTsU7CuMxmnBacFp2OKBXEApcClHIpcUWC4mKCOadtxShaAuNxntSgU4KSKUDimK40CnIoJAOB9aUCnAUxXEPJoxTgKeBSAYFqQLShaeFpiuMC08Cnhadt4oENVakApQKeBTsIaBUqrShakVaBNiquCKsQrlx70xVzU8KHOaCbmhaoTuwev61peXthCg8twagsFxGpxx1qdnO8nsvT61HULjGX95gdBxV2CPgVWt48tzW5pNk93dRwxjJY9fStVojCpI2vCulC5nE0y/uYz/30fSu45PSobG2S1tkhjHyqOvr71M7YHHSuSpPmYRVkNfj61BIwHWld/Sq8kmM+tJIGNeTJqvK/pSO3NQu1WkSMkaq0hqR29KrOc1Qxjn0qtI+M4qSVuCAeKpSt7/lTEIxLnA6mo7pRE4Tdk4yanhdYAZWGX/gX+tUbiVnfcxyxPJqb3ZaVkNkcKMN/3z6fWq7MxORmmyNlj3FRs/X1qgsRSyZbH5VXkfGT1Jp7DgtngVWfJOc8etBSQxn9PzqNmwDnHtQzDt0qCR6CkMkbJqBmpXeoGbNAxHbriomI9qHNQu4oGczaraq8IuEYjcDJtPUegHrTtRS0W+mGnmQ2m8+UZcBtvbOO9Uy28jb6fnU0YJAA5qOZNWPSUbO5LAoyF59a0FBWLCggDrVaHjLEZwPpUnmkJgHgnmjY2iOUYbByy+x6ikYA5I454B5peDgnkfrShsEMmcCkmW4iIit1bB96mT7uccCowDndg5zg+9WYlJAwp3dvetIohaDhgoAvX+dMGUJLHvViIcZ3BR0PGccVUkBHI/I802rDbuPL7jnp6VNCC2P5VTXLFffgdqtRPt+X+L1FCJuXYlB5Oc1ZWNQoODnPp2qtAMkc5/GranGc9D6Uy4jo4zI4Ug8DAAqxHCqc8Htg8VBFMYmyhw1P+0blUBcY9qDZNDMsj5BPHPFDS84H54pJMKPlJPr2qIEE/MB0xxxVJmiRoWcgIOQOKvbkC5xnj16VjRvsAIIP9KeJyeCatMOW7J5n+Y46elRpgrgjk9CelNBHUnknpUiFdw35A9qRrFjC3GAMHv71GrYbGOadLgkketRKrBgQKljbOl024F1aGCUZdRwfUVDNDjKY+b+dZ1u7xzCRMgjkCt0lbqHzlABPUDsawqU76nj4qj7OXMtmZcaFJVdeO+Kvwxq75bIPUDsaiZcgjB3Co1uPLcLIcYNctrHLcsXqeXIsqgqMfrWTq2niRPtNsMqRlwOxreYie2Ixu7/WsiO8+zysMgxngqex9KJpNAjlZMjggbTxzVGQbGI9a6q6sob9HksiBMuS8J4/KubnRlJR1KuvY9q5ZKxqmQqwxzwfWmzrv575zScA0HryeKi5REGJznJx2qSMoBhsjvkDNIwDY/mKQocAg5AouFiV5QcMEQnHPp+VSJcy7VjR9qEYwowKgbA+7xkZoUheoyKdxWEu4yHOcD15qIRSIysBnuOetWWAcDOAen1pJFjRVO47x2FIEI1wzIh2qCpwferqQJPD5ihWyPmXHQ1nMM57ZqS2le3YFSRn9aadhOJHPZKWzGSpPY8iqmbi1kyNy9s9q6SJoLiLLff9R/hUU9gzR/dLJ9K6aeIlHcylTTMX7aZBtmGfemXEYZVaJgatT6aFYkNtHoaYkCpnDnjpgVt9YgZ+yad4lEZz2BFWIw7Al22gdzT8Eyb+p/lTeWPfPvWVTEvaJp7O+5IblAFCruI7vzULyyOuGbPp7U3ZkgDj3NK1uC3ysCPauRtt6migkaGhIftJkO0JjBB6fjTtVhjF3sXAVlGRnoaWD/Ro1BOQ3zH8qrXpy6NgjNdGFi3LmIrPTlRBLagKD/D/AHqpugVuDkVpRylhhhkU6WzSWHdD94ckV6BhCo07SMnbk8ZzSMCOCOasLA7NwDUcqEMc9aDoUk2Q0U7FIRSKEIoxxTjQBTAQCjFOxQBTEJilApwFL2pgNAoxT8UYpgNxRTgKMUCuJilxSgYpcUgEAoxTsUAUANxRin4oxQAzbTgvNOC08LTFcZijFSbaNtMVxuKUD1p2KULQAgHNOxSgU4CgQ0Cn4AApQKXFMTG4oIp+PSjbSsIbjilxTwKUDiiw7jVFOxTgtOAqibjQtOC04LTwtFguNC08LTgtOC0WEIAcU8LShelSKtVYVxuynqlPC1Iq0CuNVOKkVacq1MiUE3GxpV2zh3Pg9KjRK0rOPYm4jmpYE20RxjHfgU5V4Cj8aFy75x8o4Aq5bQbiPU0ooicrElrB04r0XwxpQsbTzZRieQf98j0rL8LaOGYXU6/Ip+UH+I11bt1xxWdWf2UZxV3dis4FQO3WhmqFmJNZJFNhIwwfWqshqR2qvK1UiWRSNioWb3pWbmomPc/hVCGyHiqshxn3qV3yCWPFVJH5OOtMYyV/XrUYRfLeR+g6D1NKFMj4HUnpT9RMaRpArgBeTjrmpb6FJdTODM0hdzVaeQFicfhS3D/vGA4A4qq7dhVIYhJNQSNj609zgYquzZPtTBCMS3eoJmzwOAOlOd+OOlQSNQURSP2qs7U+VqrO3NA0I7VA7UrnioWagqwjtULN1xQx96jY5+lIpI5SLjJwcirls2xhkZ56GoFUqSPTripox+PvWMND0ix0xhgTnmmFmVznjtilTI5z0p0iszZbvySe9W9Skw35Gc1KJCTg9BzimOhjYKM8qCcrjB61ZgiWVvncDqc4JHSmkHMx0cmQVPC9cD19afFKoBy2MdMetRiHcDgEt2/rUHlMXwGwD61eqE2WjNk8kZznrRIowp9smoUVVXq24HA461IrljlgSego3DmDHAK/e68VMq7SrdPxp6iMKGIIGelJ5yZIQZ544qrWJU7lu2BZuPm+lXYxjggn8Kz4JPmCjpjtWrZgtt3AY9TTSNY6kJGeTwacp2qSQDxxzWjdQQrzHJvXjBIxz3qjKu1goAHem4midiAsTz15qZVP3ht59ah4LAKM89jVgSMV8vjGcgGixp7TQhLDPPrT/l2qQeSeRjt9aZdW8sDI0sTxrINyFlIDD1HrSpt5ye1CY4y5tiaNxxkDHpS5VhnoaixjBHak5PI5pmnMTKnzYJq5Bbs0Zf8AhBwcnvVWBz1JzirqyALhaQcwzywuRirthM0TgHlDwahEe98881ZjgOTnGR6Ubk1VGUbMuTR/MGU+496y9SjO0vH06MDWjASFCN+BPaq90hQ46g9R6VzVY2PGqQdOVipo14wkEEhxk8UniKwYIbiM/Ln5h6e9MWzBn5ba/wDCegq7czyR2wWQEAgqSea5+lmSctBMyzhkYq46HNb1o9tq6mG/hTzcYDjgt/8AXrBuY9j5Xp6itTSFhdoyZTvyCBnHOfWs49mU+5FeeFwEne2mYsg3BMZz7ZrlnUjORz3r1oLwro3bBrl9c8Pi6kaexIDnl06D6iidG+sRQqdzigMd+KVRir99pV1ZxJLNHiNu4OcH3qiRwM5rncXHRmyaewo5wGPsKVU3EDB9sUqJuGTwBT1IVcqcEetITIWUhutAw2Q/4GpMBlOOtRkY70CF2AJ079aa6nb6+lTqVdcHio3jZUyAWXPWk0NSIoXMTBlzkVtJq+IwGgiL/wB45rIiTccnGKkKBfvZz+lCGya9vGumy21RjoowKptzGc4/OlfAPOOaRhxlelXcXKRbRnjqfemsjhd2CAeM4qRRzin7VK8DpSCxWSMk8ZNWLeNvN2nkE/WhAMY6D1q5ZOI3U8ZHAJHFSxkWoKFcBGBwOnSoZ2DLH5npVi/AkmOzHC9Sap3L5RAB0r0MOrQRy1dZDmjRl/d8GmxStAdrL9OajicjgZqVmEnDqfwrpMbNaMbLMjEHOD0OKrSSLuPGVp0sJXkcr7VCRRc3hCPQY4BOV6UzHNSFaTFBqM70Yp2OaULQFxuMGnYp2OKAKqwhAKXFOAp2KAuNA96MU7FLigQzFKFp22lxQA3bSgUuKcBTFcbtpAKkxSAc0WC43HNKFp4FLiiwXGgU5RzShacBimJsbijFSYpQtArkYWlC80/bS45phcbinAUoFPAoENApQtP204CgLkYWlC+1SgUu2mK5FtpQvFSbacFoFcYFp2KftpQtOwhoUU8LTlWnqtMLjQtPC809VqQLzQTcjC1Iq04LUgSmA1VqVFpypUyJQJjUSpkSnolWI4qTENhjywrQC8ZHToBTbeLHJHFWo49zACo3E2OtoOAcV0vh3SmvJxkYjXlm9KqaVYPd3CRRL17+lehWVtFY2Yii7dT6mlOfKrGL95koVIoxGgwijAFQucmnHJqKRgOlYIoTI71C2aVjnk9KrySE8DgU7ANlkxwKrO2ac7ZNQE8GqsK4jtioJH9+aJGqu7+lMQyVieM8VXducDr2ApztmlZ4re23nJnf7o9BSbsWlcieUW6cf61h27Vnhth8xySewzRJLli3U+9VJH3HJppDEkky3pmoic8+lNYgnNML+vSmApUsTj8TVWR/alklLHHO2oHbFAxsr5NTWdqLhJJJJBHGnf3qnI3WoWlcrsDHb1xniiwxLnaHYIcr2NVpmAwFH4mnSNz61Xds0FIYxzUDtj609zgdahfnpk0ikNb+dIwA69fSgtgf7XrUTNSKMK32qzFgCMcZqRWBIz8vGOO9RqCRjHIpONmSeQemKzWh6BbeQuVJHGMflVi3jDkAEAg9zWcsh79TUglOz5cj+tUmNGjcFGJKLjjHXPNLEQE6kHGQRzis0SsGGfrircUgBBkB2g5IWrTQN2J45ChPJ3Hjr1qNvlOeDjrUSyowbHXPC1IiscDHJ6YovcXMEWxnO+TaME5IznA4H9KYJPnyATn3pJ0Kn7w6frUY4X5gTnmkmS9Se4kkdVfaqgcADpTbW6MHmAhGDjacrkj3B7VAz5cckgd/ShcMQQpyB+dDbuK2ljWlvlunjMUEUAVFUrGDzj+I5PU96vQXXlrjdwf0rAt32liTmr8LHrwc1UZG8NDb+0F0O0nHvVKefOQTg9c1FHKRgluM/Sm3DDblQOffrVORd7slimPBOakWZlIx+tQREbRnJ9BUw27iBz3+tJNlF261G7v44Irm4kkSAbI1c52D0FRoQGIbkjpUcfLDHJ9qXbz0Oc00EUlsTMQAMdv50wuM49aCwCgA/Wm456g4702zS5MsmwDFXLOUeapkG5QckeorPI3bQoGenXrUkB2k8/hQmLmNlXBfK8c8DParqykRDPJHTFZFvIwPJ4rQFw0qRoSMKCowMcZzTBu5YCvKxP8ACD61KhDgoceisf5UyMhRjOQfSnBATgZINEo3Rz1IKRFc2xC5xhhWdchzF5b9B09jW2jccjIHBz3FQXUCuvHKEcH0rhqQaOFxcHqc3syfmGT3qrcIbdy0X3eMitSeJkkZW4I6Gqc2MYPJPX3rnasUhLPVri1kV0kLRHGUbsa29P1YXMhJBC7hwOo/xrmZYuTgfhS2U72swcdB2pxm0Jxud7LFHPFsZFZTnKkZrl9R8MI7SSWkm3/ZfoK0bHWImiVnJyMcAdK1Y5o7iMPGVIPat7RmtTLWGx5tcQNbTNFKPmQ84qqzAtx0r0bVdFh1JVyfKlAOGUdfrWE/g6crN+/TcOYwAefrXNKhJPQ0jUXU5eMgZ55H60FcjPb2p11bS2szRToyOOxqIHFYWa0ZY5Dt4BFTnGB5Z+UjBGO9QhSeQf8A61TQqCPm9apCZEoZJCV9elSupZc9+9PMXJOAcc5p6cAE80NDUikY+OmaRVxxVyQDAI/KoDj8e/FI0TIGT1/SnLhMHqfpT2xkU0HrjnFNCkPY5GPl/AVJbxjzQwAAHbNMQAn3xU8Pygk84HekyCtdqC42nqKgliQ2ocZ3d6tyEP1GD24qJkJtWwOhruov3TCppIoRHDgkdK0AySocgE+uMYqkgAb5uB3xVqAQ7vkcj2NbowqdyObfDjALL6kVSkO5iSAPpWvKj4wV3iqM0GMkAj2xVWLpVEUiKQipStIV4oOm5FilFPxS4piGge1AFPxS7aYDQKUCnAUoFNA2NxSgU/FKFp2FcjApcU/bShaBXGAYpcVJtpdtOwrkeKAtSbaXbQK5Htp2KdilAoBMaBzTsUoWngUwuMApwXmnhadtoER4o21LtpdtFguRBaeFp4WnBaAuMAp22nhadtpiuRhadtp4Wl20CGBeacFpwXmnhaaEMC08LTwtOC0wIwvNPVacEqRVoENAp6rTgvNSKtMQirUirTlWpUWgTYiJU6JSolWI0pE3Fjj9qtRRZxxSwx5q7DFUsLiRxDgDpWjp9k8sqpGu52PAotbcu6qqkseAB3rt9F05bGHc+DOw59vaocrGcn0JtKsI9Pt9owZT95qts3PNI5qJj61je4kOZy3sPSoXbFJJJ/kVWd/SmkFx8khPGelV3akZqjYnHSqsAj9M9qqyNzxUk0gPA6CqzNQA1z61XkapWJJwoyT0FNkUQoHf5m6Be2aL2KSuRFQgDy8L6etZ9zcGaQsx+g9BUl7cNcOB0jXpk/rVCRgvApJdWV5CSOMHPU/pVV2pzvVeRqoBHaq7tnvSu1QM1MdgZsVC7UMSc1C7UDEdvSoHc9qc54yelQysFHUEn0oGkRu2DUDGhnpue5BK5pFWE2liAAST2FQzqUcq2M/WrYKnkSLGcknPYVQllBI6YHA4qblIO2TwKhkccimySZqBnzQUkVU+U5BwTx+FIU5wD7c1M4xyCMdKSMA4GTn2qLHWndEXlcqCBjuelBiGcZ6HtU4wF5xzUczqiZPXJ6UbFLUYY8Y+YZp0rqqBckEd854pvmKqMQwLHgLjOc96pSElsk/lUuViixE53jnIHWty/vbOcx/YrZrdNiqQX35YDk/jWHaFlDbnbyz1wM81JC4zuHp0qoS0IaLMh54yQORQoD4JzSowPBGD1B9KcrAdSAfatEguK8GVw2CSexpj2zIOoPTofWrKMoJyBgenSpZVLIrhRls8Cq5UzPnaZnRhgx6e9WYydwOR7U+XMjKz8k8e9TxQhFJ29uAe9Tym8JgzfuwOuO+aj5J7H6U7BJ2nFLIAvKk9cUGvMSQkk88GrO3GDjGeQapwSrnGDkdKshxjnv6U0x8xajcY+bB7Y9qlXHJGM1SiOW9jV+ALgE5/CqTLiRsN2SetOXKnrgkY/CpJAOdmfTmkVcjHNBq0RFST8vIFOi+Vx9e9TbQMnAIqMjBBximKxdDpxjJ49KmhkweM/lVGMd+cVYiYDjGPpVIls1Ek3ketTJMVIxwPY1QSTYFC9x3qVX5x2qiUrlpnB5FPhk68fKfvLn9ahTgf404Ag8ColC5E6SmrMfe2yypxjPUVhT2/BOMFeua6CKRSArdexqK9ttwPf1FcdSkefKLpuzOYlQEFehHeqzAg8GtW5t9p5GGFUpouMjg+lcjVi0yuB5RDpkrjntj2rR0e7eGQYGEPX8+tUkGM55B7VIiquQpwTyBTTtqgZ2ENxjByDntVtJwwxnFczYPuh+Z/nU+vSrgvUidQzcH+KupO6OZxsWNZ0+G/gKyqC4+6wHI/GuBu7C4tWIeJ9uTzt4r0KKdZV3KR+dJMqlGWQgZHA61nOkpalRk46HmaNirEB3EjIBq9rNsouPkMYQHqO3tWQ+FOUOK5OWzN1aSLRuCp4JNBcEA9DVYK3XNWrO2a6bahww5APSjcLAHGOTxUfuDU9zY3MCeZInyjgkHp9aqYyRjihqw0xWyM8HrTBw2MjFSfMDjkU7yzgnGfWgLirwoYAdxT4SDlCFA9aZz0/LFORiOS2M0hImgVPNXDBj0BxUtxD5QKqQQe1R2ykkFWUY561qNmSNTIFAHQ4roouzM6qujnpYHYnKflVV4WTPBrpJbYOpIcEj04rJuEZDypx712IwiytBcumA3IqZ7iM9cnj0qBgjHkYqJlx71Qezi3cSYqxyq4qPbT8UoWg2WisRFaMVNt9qQLTC5HtpQKfilC00MYFpcc1JtpQtNCZHilAp4WlC0xXGBeacFp4WlC0xDQKMc0/FLjNMBmKMe1P20uKBEYFKBT9tOC0AMxSqKkC04JimFxgHNPC8U4LUiiglsiC80u2pStG2nYVyPbS4qTbQBxTsAwLTgKXFOApCuJilxzTwKcFpgMC08LTwtPVaAuNVadt5p4HNOC0ybjAtOC1IFp4WiwxirUqrx0pypUyJQJsYiVMiVIkdTpHmmQ2Rxx81ciipYos1dii6UmxXCCLgVoW8BYhVGSaS3gLMAByeldlomli0QTTAGXsP7v/wBespSsS2O0TShZxiWUAzkf981pseaVjUTPisG7isDtUDv6USPmoHanYYjt1qF2odsVC5qkIC3Ge1V5ZiBx1NSY3BmY4QdapSNk0D2FzTevJOB6013AA/lUM0pJBboOgoBEst0sS7Yx8x6t3+lZsshc/MSaWRskkmoJGwKaRVxkjAJ9apSHnrUsrZqrI1MBjtzUDtSyNUDNzQWhrHNRtTiepPQU1fnYDOB3PpSGRSMF+tV3OFy3SpbkbZWCn5c8Z44pk0W23MrsAScIp7+9AEE5GAXbLenoKpsxkfaCP8KdJySTkmoi2EZRjJ6mkUkJGhkkCAgAnqew9asXskZRQmBEgwoPc+v1qso2oXJ+U/hmqs0hcjsB0FIdhjsWOaifilY4qJ24oLGucVECMnJxihjupjcZ5pFD96sFAGMcU0EKcg4BPWoWB4+YEkZ47U8IzR55IXk+1SdMY2JW+dSeODVKUbnyelSF8HBzmhVV93OGxxSlqXdIhLKEGN24H8MVE45yTz1p4U564FPmTCpxgketTYlsr+Y6rsDHZnOO2adBOFLZHB6cU2VADnknvxUaZEgK9RU6oaLiTsTnB9MUTXLSvuYnnjFRqrhTkjk5OKZI26QsEUAnO0dBV8zEWrWfEg3tgE4rZ08NOZCHUeWCxyep9q55QZA21TuzkkdhViwnMcmM8e9aQmZzjpoa1xtWTOfwFadvIkloM4DZ6VlSOHALYw3NQwTbnxHnpjFaXsyYu6NUqu4gheKqTjaCvDMf0qRmIiAwGPrmq2GYEkZFDOiMrkluV+Y4y3QYPSrZOVB49MYqhCpDc9KuIOhY9BmpiUnqTQkjr+eK0IDuI3HGe9VIxtwfUd+9Wrfk9Pyq7G8GW44huwfzz1qwUVcbR06+1IFAQEAg0m4qDng+hq0im2yKRCeAR+dQkFCc/T6VK/Xk/QCo5DkbccUAmOQbsYIJJ4qYnbgYwc81UQkHnt6VKHBx6k/hVIpq+qLUTc4Pb0q1EMCqUfB/+tVyJwo5XPFBN7FqNyg4Az7im+YwPHSmow79M54px2seBjNK5SEBPpzV+2k3rskHPYmqiKB949+9WxAQNwB2nvioauZ1acZqzIbyzDe3oaw542jcq647V1EMm5dkg59TVa8tFkXY447N6Vy1KR50oSpuzOTli2njvTc9Nw6dDWhPA0LFWHPY+tVXQZyBj2rlasNMbETyRnHt2q0rtLF8pBK9Djv6VTAKtkEqfammeWB8qcevvVKVtAcbluzvzCSMkkc4x1FaksiajYt5TkNjqOoNc3NMkkrNEcA8/Sltbp7eUFMgZ5HY1Sn0JcOpVvYJ4WIK7j09Qfemw21qQn2iaSJ+67AR+ddPbTRzPtYbeMlD1/A1otb29wDmNGBHO4UezTFztaHNrY6XGuYTNcE4z8wGP0qeN0VwlnCkSnG4jqfxrZh0u1gOY0CZ96f9hg3FmUjPdTQqdiecqRRC6tnScfMfvD1HrWHdaEUfFrKshx91uDXSSx/ZcNGPMUDJyeRS+bAzJKCFBGCMU3BSGpM4RhJEzLIpVlPQ00SHnHGa7O7sLaZt2Q/sRmsy40m2YOdhiK/3TxWTpMpTOfG3HXk1IR8gBH40+5tRCSUkDA9OOahy+0Ar8tZNNF7l/T41yQV+YL+dX2cbDHg/j2rKsWKSjgkn17VrxIxDMQcdTTh8QS1Rk3AZWOCRVd5XK4LE1pSJl8EcGq1zalDleRXox1RzOyepmSDJ6YqJlq4yn0qNlHcVRSKuDTqkZRngYoCjvTHcj5o2mpMD0o5pgRlaUCn4oAphcQLS4p2KMc0wEA5pdtOxzSgU0hDQKXbTwKdtqgI9tAFSbaNtAhmKUCnYpwWgQzFOC808LTgtAXGBadtp4FOC0CGBacBTgtOApokbigLTwtOxTER7aXbUmKAKYEYFKFqQLzTsUgGKtPApVFSBaAGgU9RxTttPVaYrjVWnhakVKeqUxDFTipFSpVSpFjoC5EsdTxx09Y6sRR0EtjY4/arMcVPjj6VbjipNktjIoulaFtbl2CqCT2xUljZvPIqRqWY9hXZ6VpsdkgZgGm9fT6VnKViWyHRtJW0USzAGU9B/drUahnqJn9a522wQM3PJ/Gq7sRSzS7j0A9hVZ3poYO9Qs9I71CzUwHM1RnLHHemsxJwOtRXMgiUDOXPUelMYXcwOI1+6v6mqe70600yFiOc1G8oUEDG71HamlYNxWOOvWq7k5JPNHmAZJ/Wo3dfvyfd7L60rgkLldpeQYXHAHUmqDye9LPM0hyePQelVnamimJI2aruac7VCxqhjHNQOD1/Wp9pLYHXsB3oWJi+CAeeKlsZUkcdDwBRC+QAiguT3pt4Vz1Gc87elVd7AbslRjnHekMkALsxyOTnJ7CormYPIADlE4UU9oCoRpDknB259azZX+Zip6+lF7jSJJpyc9BkY4FVXIHvTWbnik+9kHP4dqCrEczO+SSSAPwFV2OKklfII9T0quzAKSetIpDXPvUDMTSu3NRk96RSAn0pjU5jUbGkxiWoy3I3Ac1ac7Y8AkA9s9qowSFSO+Pep5JN/+PrTVrGzvchYEscEEetMdgv+Bp7EBgSMAcYNRuA33Rk9MVDKFGHI4xj0qxOqhUHGcdvWksYwXGTj1/wqaf8AesvCrkDAHamloS3qU5oDgE9xnr0pkUfUk81fe3MbMsjFWXqp60yJAHyO56U+UOYriJicA8GnrbFl3EcetbCWwK/Jnb0INWYIFSE5QE9APStOQj2ljmGQrleR/WmLjscNnr2rYuYEJK5II9qz7i3EJGHR8gHKH17VDjYtSuD3DCMKSPTHtSW8hjlB5yOlVVJHQc+tS2rESrkDJPep5rsq1jZil3MolJX2qeUoSNigc+tUxulmADZOO1WUUA7Tk1smEUPjiXdx68ZrQt7R55YooQZJH+VVHUnHSq9qoVxuBIHp69qlA5yD82fWqSNLliOMc5OD6EVo2aKSPkHTvxmqccEpg83YdmcFh0Bqzbvjjg1Zd2i5uyuz5c54PcioGygPH+NLux36nrjrTJrp5FRHYsqZwCentQHMyM85zwcUZGCCvJ4Bz0oU7RnOQO1RHr1GKRXNcn2jaDkHPGDUe0g9KerDAH6UjDBP160yoyYsbkHPpVqJ8nnIqoDxwD9CKkDY+bgZqbmhbDnkk8CrMTDGd2SOgqgJcgdB9KsQkAjJ470FXL4bc+7rk81rw3W6BYucZzj1NYcX3/lJwTxVtGwSTn8aCXqSzjDsMMrA5wadHKGXa/OajLeYc5yxHem8jPFJq6M5w5lqNu7UMMMOOx9Kxp7do2O4fjXRISRhuQajlgDoeM+1c06ZxTg4M5ho8A55FVpogUODW7cWZAynNZs0RUkkfWuaUbCTMcAoeRSkc5U8e9Wp4SeVquVINRaxRYhvXREXYjFT1I5rWg1OJmUHKPjoO/0NYKY6HjNKUKn/ADzVKbRDimdKt+C6gEH2IqeO7UttOefauXS5kyqk5XPUda1oyYgpJWRCMgdxWqlclxsaVzs27gwYHggcGq+5SQnTnqelSFUb5s8ketCxJwp4/GmSJHbMsxK8DPSnzQ9T8rA9QaXz2hj2lgwB4J7UxJvOB4xj070xHMaoqJcsqKwA5qouFXktzx7V009tHMcSL75NZ11p7EA2ynb0x61hODepakU9MjUz/O2FHPPettSAGViSnaqEdukIVXVlY8sR2NXIZAQIic7TxUcti+YqXilSGXNQxTgZDD8623tPMixxk84rMl08KxxkGuqnJmMkiKS2jnwUwG9qoT2vlvhjj3q5iWBsHIxUolDjDrke9bXIs0zF8jceDTTAwrXmt4XGUO0+1Upodg+8SapMpFNkwORTcVOy8d6YRVDG84xnim4qQCjFAiMjilxT8UmKoLiAU4CgCnAcUwYCnYzQBTgKom4YpMU/FGKAuMApwFO20oFIAAFKBSgc04CgQgFOpQKdimJjQKMU8CjbzTEIBTgKULUgWgCMLTgtSBeadtpARBaXbUgXmnBaYEapUgWnqtSBaBDNtSKtOVakVKYrjVXmpUWnKlTIlMVxqp0qZI6fGntVhI+lBNxkcVWY4qkjjq3DDnFJslsjiiz2rV03TZbuQLGvyjqx6CtDSNFafbJMCkX6n6V08UccEYSJQqjsKylO2xF7lews4rKLagy/dj1NWC9IzCoXfFY7gOd+etQO3vTXeoXemkMV2qB2od6gZuadhiu3FQO9Dtk4qGQ7T1yRTGKZSuSPvfyqpMSPvdasqyKoZ/mJ5x6VRuZDI5Zuvp6UluOxHI/Yf/rqEnGaU8A5PNNUruJc4Ucn/wCtVCRbtY4o42ubnJQfdU/xGsmeUyOWPHPSpbu4aXG7G0cKo6LVJ29KhLqzS/RCSN61Wd+eKczZBqFzxVAMLfNSM2OT1qOSQLwPvUQKzsQME9Tmi5RpWSbImmLKGP3cjOP/AK9Zd9MIujb3I5I6D2pb25MI2xuzMR83oKy5AShcnvgZqQAzYYkgH0zUEjtI+5+cmjOT7+9SWoQSgyn5V59fwoGh2quyhS5+dx09BWSzVPfTNPOzt1Pb0FVGahbFJCM3FNMpVCB3GKY7VG5oKQyRs8mo25BJNKxFMlbcRwAMY4pMYxhjkjiomOTUk8m9vwAqNFyeelIpDu2Tmm43MelOVS4OOF96RQBmk2MphiMc8GpQ4285yOBipdTs/sF9LbGaKcxNtMkJyjfQ1Wb2xj2oNk7jGILcnrmiHJJwckDPX0qOTOfmH6Um7uBx34qOoy0khVcAHntU6yF+vOBiqQcbAB+PvU8fIxj3xVpktFuN/MO5zx371LbKnO7cCB8uB1PvVUhhjcMNn0q5ZIry4LbffrWi3IextWiKYTxkkjGO1dP4c0iwv/tIvbxbVUiMis3c+lc7aJs6ZwePrV9QxBK5UdBW9tDmbMrV7RVZ9jBhyMjiuYukKkqRXbTwZhbPDHvXN36gSHzFDYG0Y45qJxNaczFRQr5Y8dqNmWyvFT+Xuzg4OelWYIFJwGH+NYqBu5DbNnAGTitWBc5OaqLF5bYYYxweaswkDp0rRKwKXYuxx4HtmpARnIxUYlGAvt2pEYZOOlXcqLNFbtzbiDcfLznA6U1Dgkg5x0qorKehzjqKPNGTxRctyuXfM3H1A9KGPJI6nrx0qt5uTleFPAqUEZ5z060XuCZKrAEbgcdKQsuclT0/Woi6bTuPzAccdT71H5g2nJOT056UXKSuTA5OM981OGCjAxk96pecXcknFOeTPfPGTRuaJFlmGOcUx5N2Kr7+BnOKfI8WE8h3Y7fn3LjDegpFc1iwhxxn9atRSH047VRjYY5AOKkSQ54+vSi5dzWt3HQcmravzycisqB/lJyPoatxyYouK5oIQTSsQeR9KhifKnjPFLG2fWmCZYjd1wBnjmrA/evkkhsdagjZRklck8c1NGvPHIpNBJRluJJHlc9/bpVSe2WTPGDWogHvmmSQB8suAfSspwOOpR5dYnMXVmUJIH4VnvHz8w5+ldXLGeVZfwNULmzV8lOvpXNKBkpdznJEGMEUwbl+63FaMtsVJBH4VWkhI+709Kyd0UQfIw+dcH2q3bzeRhT8yHofSqpGOvBp69PUU0xNXNpJVKgg9fSpg7EcfyrASRozlTxV2C8JIDZrSMrkOJosQwwR+dQhxH2NKsqsOCCTUch3A/Nt/CqIJDOjfK5BBpElCMFzgGs+SF+oYGmhtvBOBSY7GjKEkkyAuRxkdar+Q8Ugb5cE8GojKQPkJbHWrdpIsqbWJyPxqXqNaF+DG35uRio5VXoRzVdbuNPkyd2eh7Vd2LLCHU/N7U4u2gPYz7mBGUhhj0NZM6PE5BG4e3et5kDA1UuIc9sj071qQjKBB4wy/SmSwEjKsCfSp5Y3Q/ISQOoPUU2IsWwQKpPUDOkUj7wqMitiWEvGMqGrPljCdM/QirTuFyuFoxT6XFUmIiK0m0+lS4pQtVcCILxTlXipAtKFpiGBacBUgWl20wGYpdvNSbaULzTER7eKULUoXilC0gIwtPC8U8JUirxQIiC0u2pdtOC0xXIgtOCc1KFpwXnpTAiC08LUgTmnBaBXIgtOC1KFpwWkFyILTgtSBacEoC5GFqRVqRUqRY+apCbI1X2qZUp6R1OkdMhsjSPmpljyelTRx5qzHF7UXE2QRx1aji5qeGAnHFbml6NJc4YjbH3Y/wBKmUrEXMu1tWkcKilm9BXV6VoyQhZLkBn6hew+taNpZQWa4iX5u7HqamJrCVS+wW7jsgCo3akZzULt71A7A7VAz0O1QO2TVWFYHeoWah2xUBYZ5PFMLCu9RFs01mqMyDBAPXvQND5GCj5Tz/Kq4y7YHPt600tlsDj61dt1S3iaZxlwPlUjvSb5Soq7Krxrb5M3L9kB/nWfI4JJouZWeRmc5Y1VeTmml3B+Q6STg1WZ8k46Ujt+dQyyBV469qbGgkfnAOTUMj4o3YBJqqxJOTSKSHO34VXmkCggdaJZcA4PNUnf5v50ikh4cBufxNPhny7KBsQ8sQOcVUY8knr6U+JdxGXC9zk9qBsllkXkInLEEZHSq8yFnw/X7x9BUkzjzycjAGBgcVVldsZAwPSkKwkhVRjPIHOBVQzEbiOCeOtE784zmq0jcbfSgtIZI3U/pUDGnOcmoWNBQMajY0pPNRMeetA0IxqNzu5/DFDHNPKBAAT83XHpSuVsMROct0FNkIY/LxUkhYjA6VGoJ4PepAUv5Ufr6Co0O7lqcQCWyeF4GPWkQALyeTSY9iqGJYYOcelNdxs44OetRbsAc9achUq2/J44x60rm1iPJAOf/wBdA+YAdCOlKCuCT68e1TIjCJ5FQlOFJx0J/lU2HcbbBHlRZG2gsATjOBVoAJOwiPyhiM+oqmoJ3YBJ+napbd8PhmO3vVxYma011usVtzDESHLiYL8x9s+nenWMRQq/8Pr6GoBlI8Rjeh/ix+lXoHEiKCVj2gAYHU+5raK1MXsb+lnKIkiMVwW4PPTir0algoyPYdaw4JGhjYqQYg2wtnrWpa3KMuQRxwBmuhM5pRaLF6yqvlkAMP61zup2u49Qc9x61rXMnmfMfxz3qjLPGszNIvHULmiQRujA+yOuSc7fWpo44wh3kjbx65NXZXQnKDk/dzWVM373Ctj0NYytE6Yty3LTlTwh+XHehDjuaqiQDABzxT1kztPTHH1qbmi0Lscgx85AA74zT0bfjI4PNUZJGdVACgKNvAqSB8dcg0JgWweSRz+NSIexxUJcNnOAKerlRkHpTHcuHAA5GT1Ao83AJGOmOvSqfmkc9cdqQyfKeR0o5ikS7yxPODmnFiOM479agVgWBz+Xejdz/Olc2iyUsPTn8qdGxHU8DqetQg5OSQKcXYgDsOgFCZdyVWx1PbAqSLjryKhQg8kgH6VLnA9c8+wqhNkm48d/Wp45PlxgZJ69xVZWBOeBn0qVsAlVIZc4BHGaQuYtxtk8GrsTY6dfrxWZG3PH6VfiOADxzzTTHzF2JycD+VWUOSOmc9KpxvjnIqRGORQO5fTrx+tXI5cKqnB5zWfG3A6+lThznnrTFe5dD5IIxUiEZ5PWqaNg+hqxG2eTzQO5YaFZRhuR+tUp7Jo/mHzL6jtWjFJjpUm8HtWbimYTpqRgvArjDcH1rMurEpkqAw9RXWz20cq8fK30rNuLV4jyMj1FZSpmDi4HIywgk9jVZo2X3HqK6me1Rwdw59azZrMrkjn6Vk6YKRkAbhihCUb5quNDntzURTacEfnUtNDvclEihBtBb9DSJOjjknPpUBj6EHFRNGyc459RRzNC5UXuGH/16ieM89xTYZnYYYBqsYBHAx7VadyWrFPIVuDilWd0fKcVM0QOcj8agaA9jmpswWpddRcIs0YG4cEVLplx5cgVzgf1qtaDYCrcA9M0s7BJgUGFPWk+4XNmUZwynGagYY75qa3nSaA56jsKYy5PWtou5DKUwVjzWfLAQ2Vx9M1sGLPbIqNoAT3qgMgTMgG9Dx3qxiK4RdxH5YxU8tpnIYcemaqTWzxt8vK/WqTJIJrFk5Qhh+tV/JbuMVdAcHCsfxpzhs/MM+9UgTKQhNNaPaattGRg9qbj2qgZWC04JVgdaXAzz0qhXIAlKEqbA7UY9qoVyMLShaftpQKAGhaXHtTwtPC0CuMC08JTgtOCmmAzbShaeEzTwlMQxVp22pFWnBKQEYWnBKkC08LTEQhKeFqYJUgjoEQBKesdTrHxUix+1MRCsftUqx8VOkXtU6w0CbK8cVWEi9qsRwE1bhtiSBjmlchyK0UPtV+1s5JmCxoWJ7CtnTtBkkw1xmNPT+I10dtbRWsYWFAvv3NZyqJE6sydN0NYyHujk/3B/WtsEKAFAAHAxSMc1GWArJyctyrWHFqjZ6jd6id8DmhIB7vxULvxTGeomfmnYBWJPXj61EzdfSkdwOvX3qrI5B+b8RQMdJIMZPQVWd8nrTXfJOahd8fWmA8uT3phfmonkxkk9Kntoi2JHOB1A/qaG0hpXLlnajh5cZxkCqms3TF1iXiNew7mnTagkXyp87Dv2rFnnMkjMxyzc1EU27suTSVkJI9QM3WmyPjrULyYHua0uSkEkm0EjmqxYkkt1pJHySecdKiLUih7vjrUEj8c9KGORz09arSyjoOlIaGyNk+gqAZZ8Dlj6UrnP1rX8PJG3mnrN2JHQUnoW3YyUjYkqiFpPT0qOYqpKb8nHzEVra3OtsDHFjzX+8fQVhMroBIy5Ujqe9CEncSa4bYFGBnr6mqkshPvSMxdmJI9aic4HWgpIaXOajc475pGOMknioGcZwKCrCu2ehqImlOTSNjHHakMaT61G3SnE+tNJIBxjnigY0cHJ7U3LYZ89B3p4xtO44HU1GoEiuAAOQcn0pDEj+9zye1SqAoPc9zUf+riOzk560yF2Z8sSQOT2pD3EkXYNuOetQmUn5adcuCxC/SoQjFwuefbtUMaXcqoMvgkKCep6ClyccZpBgBcjmpByoGAR/WhI2bCMcjHXrzTstgruJFLHzkHAyKnaFlgjZlHzdPUimok8xAvyocHg9RTox0OQB3zUsgDyZUbAQAB1poA3EAEr/n+tO1gvc0kkU2iKufM3Ek9sdqtKwRAMYPrWVbSKsiBjuHpWnMriFVxt3DcM8Fga3TujF6DTKxU9ABzmlt7kjO3cSTVNgyqCSOegzSRNg47daXNqVZWNhJ2K/vCfQY7VBPK7KScMegPtTZLgmFUXkjOSB1pksqzCJQiqFXaSB+tU5EcthI5ZQ4CgZUcHFU55AzNgHafetFUfsR6celQTW4CO3O1eM1Ek7FxauUk3RMQwKEDJBHNSIxUqTweoqJgcnJ/PvTFck5I71Cdi9zWhiV7d5TKgKsPkJwWz6VHj5j19vSqq7+OoBrRhVQuW5Hf3qtydiPfhTgcnvnp7UvmHH3j70jx4J28jrUeMA96CkStIfY59KbnJpmcdfu9BRv4wvQetFy0TocMMHIFPLEPwRyarI2M5ODT1f1/lSNEycP68n+VSg7tvQdhiqyAsCR1HWpomwMYGD700VcsNGyBGYHDDI560A88VDnrj8CKFfrk5NVcRYU88GpkJA6/Squ8HoPY1YstklxHHJIsaswBdgcL7mmJuxYjOeauREjBPAPNVSFVyAQwzjcOhqxEeMDv2oBO5bQ1Zj4HuPWqkL7c5x07ipN3IwRmgsuiTJHp2BqdH7n9KoRtgjjBHFWN3THpVAXUYdulTq21jsJx64qgjnuasxOB94buCOuO1AF6OQDPc1Okny+/asxG5zmrcTHAH4UhlwOSecmnZDDB6ehFVg5HHP0qRZB7CixL1GT2qvkoce1Z89vglXUithTx1zSkBuGAxUuJhOlfY5d7Q5JHIqtNbc8rXTz2AYExnHsaozWzp/rFOPWocDBqUdznWtjnjP0pDDjgitmS3HOOKgaEg9KycBKZlGArkpgH9DTXcqMlQCK0Xj+oqGaLcMMufcUuUG7lNZQw54HuaGO0ZIyvrUjwgEdT9aUAgbdg20wuUyxzlWxVpHjmGJsbuxFSmOMj7o57UqxRbeQBSsNMasbwNuHKeoNXoT5oyD9DUSDCnbyPTNMCyRSb4wNp5Kf4ULQRcIP8QH1ApNg4Iot7hJl6gH0NTBO4AqhEBXsKjkjBPPSrQUjr0pCuRiqQmZ0tsGzs9OmKptCUbGDWywIBwBVWR8E7lPFWiSkEDc/0okthtzkZ9qsO5z8iik38/MMfSqQGeyFT0pApJ4FaBKsOenvTRGhOQKtCbKflkdQRShKtmMMOKb5RzTQittpwX2qfy/WjbiqQiILTwtSBacqc0wIgtPVKmWOnhKBXIQlOCVMI6eI6AIFWnhKnCU9Y6QXIAlSLHVhI6lWKqRLZXWOpFiq0kVTLD7UyeYqLFUyRVbjgz2q1Das5AVSx9AKTZLkUkgz2qzFbZIwMmt+y0GWTDTYiT35P5Vu2djbWgBjTLj+JuTWcqiQrNnP6foU0oDSjyk9+v5V0NlYQWgHlrl/7zcmrLSUwvWTm5DtYeWqNn9ajd/eoWkpJATtJUTv3qJnx1qB5c5p2AmeT0qHcWNRu3GajaTIwOlMLErMBnnNRh0G4sckDge9QM9RNIFU/3j+lBSHSPg571WkfJNNd6hd8CgQrtULNk4FIxJqKRsZA/GgaQNIFbpuwePQ0y4uZJM7jhfQUxmwMVGm13wzYRRljjoKTXcpAqtIGK5IUZNQMyrnParT3Q8l1RNqMRgegH9azJXByT2pJhYbK57/lULy9Txk9KY8mSewqDcSdxzjtTKSHk84ppcd+KaW/P0qvJKN3sKAQXEufYelVC/NJJJk8VEWplomGW71ei1B7CHy0ADHnJ55qjbggmQnaq9Pc1TuHyck5J6fSluOxOZvMd5Z2LMT9cmoLiZ52+ZyBjHXgCokJz1AFRysCTtBx70DsRt944yRUcrgnHanOfSq8vynB60h2GSNk1HS96F60ihelRswFEjc4qMAtwBSCwM3HNRPN8qqB0pJ2G7CngUsUDvHv4C7tufei4yGRiI/qaVEbco5yT0pZjtcBcHHH0pkzlSArlm/ix0qRokmfa/rjoBUbMxHHb9KaCvlvlMuTkHPSkUlyqDPXgetMdrCOuVyDjnGT3NIjBY2wFye9JdyszgbQFX5cAYqJ33kADA6YFSOzZCvzHjqKk8xioQklc5A7VEc7hnvUoX59oYcetCNGaFiiOW3gK2CQaknljeWNEG1F9R0z/wDXqkshCjYeB1xQ0hXa2d2RyPStebQy5bu5bmEaR5UYY8feqmFJJC5yPSm+dk4Jz6Z7VJHkj69TSbuUlYaARjHWrzXEjmMTEkqoX5j0A6CqQBz756GpUByOORQrphLUmbrkjg1Ys4POdYkVnZuAF61OFVoI9yAEDgg8kURBUX72Hzxjj9a15DLmKZDByo4PTFW7SDEu1s5B706WykjiEvy7WYhTuGcj2qS3+XbuPJPp3qUrPUpyujTuraKOV445FkVW2iQdx64qpcw7Rt7dqBdLEcjBGMc96i+2thT1xntzVtpkRizOuIMN8zDJ4+lVljPmZ9DV+UKx35HPY1DlEBJHfIOf51i0ba2HJxwOVq3HnHUAAVkG5YtgHHfjvVuOY8Bzk00xWZa3tzhsGq7NkjH04pssgI+tRIz8bf0obKRI7fMOcmlUHPIOKa2AMnNR7sdCcGpY0WN2c9x0p6du/wDOqys2M+vWp429vxpo0TJ8lRgcdj70eYT09KiM5IC5JUH7uelCvt4UmgEyyszKQV69M0DgAnkniq6uCeM4609SM59eadykS7u2KmhznngVXTk9qmiOPce1MRpw/d69atIwqlbvuwOPpU5f8MetUUi4HH0HpUsbE9uKoo+Rg/oKsRP7Y7U0XYuoDjOOB3qVW461UV6er9cj8aYrFxHxjgH61MrH/wDVVSJgcZyKl34+70oAuI/Bq1G4x3BrOVxUscgUg8H60Ay/vzyRmnIwAPGPTmqYfPSpg+cdKCblxX5A4qZZPU5qmjADB61Kh9/zosJO5dEnORT9yvHtkFVklAUY6+tK7rg9qVirJkE9mrklDtxVCW2kU5K5HtWoJiueevalQjr3o5bmM6MXsYvlBshhUE1tjkZ/CuiljgkPzKAfUcVUksX5McgPsalwMJUZROfeAdziofJYZxyPzrantZR9+M4qv5IB5yDU+zM72MwJu+X7p9QKGtGXky81fMHfP6UCMdDg/UUvZsOZGYyuoIUnJ71EskqHlj+NbXkxv/CPwqCWyjPQkUcocxlBnVty8Me9WkvZMgNj8KkayI6MDULW7A9OaajcVzQjuUcD5hn0qQsMcYrKELDsacEcetP2YuY0NwPFMkVScnn8Kro7qeefrT1fP3gR9KOVoLoZLBg5Wq5VgaubhnjP404+Wyjg7qpJiuUTz1Ax7UuKtGLuBxSeXVJE3K4XvilCn8asCMdqXy/aqsDZXCZ60vl1YEfNSCKqsIqiOpFjqysVPEdAmyssdSLH7VZWKpFhpk3KgT2p6xGriw+1SrB6iiwuYpLF61IsNXlg9qmS3PpRYXMUkiqdIPatK30+aXGyJj74rWtNCkJBmZUHoOTUuSRLbZz6W59KuW2nTTnEcZb3xx+ddVDp1rABiMOw7tzVgvgYHA9KzdXsHKzGs9BVcNcyZ/2U/wAa2IIYLZcQRqvv3ppk9KN3c1m5NlKNiYv600t6VCZKA2e/FSUSl6jeTHemSOvRePeoSSc+lNCsPZ89+O9QNIB0qN3zURb1q0TYkaQnvUZaoy1RPJimBI8lCqzjI4Hqarhxu+Y8U2e6L4A4UdBUu/QpeZLLIiDbHy3dqqM9Rs/vUTP2p2sG4929aiZ6jL5pjPnOKYJCySYyBURbC5PelOOaryNzhSOPWkOw15MtgZNOYAJsZgB1buTUDyKoIjPJ4z61FhnbrxjqaTKSHSy7+VG1R2qpI2WxSSPlsA8DoKToMt/+ugdhrD8/5VXkO0A9h0qdiDnJ47mqckm45GAg6e9AxJZNq5z8xqnIwAxRI5Zic1BI9BSQ1mojVpDgdO5qMnJqaWUoMgAA9BQMS6k2AIhwMetUs5701iSSSeabkdqRSRKWGOPxqJjikGffFQu3JFFxpEsXMo74qvcHLE560ocg8HHaoJWOetTcqwgonPlhehY9qEJGeP8A61RXHMlA7Aqkjexwv8/pSFiq4HfrSFizgHoOBUoP7pgOTjrQSymRlqcH8sHJyAKM7TnvUIbdJ8xwvU0i9xkhI5OcGltih379w4yAO5qKV9zFj+Apgfac96Q7aD2fPGeKm8xIoT185u46Af41WyFQnqajLc5pXHa5KF3RuWbn+H3NJETDIsjKMDsw4qS2QskjFchR19KrXFwZTyTx0FDBb2LDWkgtTdY/ceYI+SM5xmq4bB6c/WodxIA7dAalOVGDjJGaVzSxKrYUrk896YTk5xk0RgMCcgYH5n0qQksSxG7oM4/KnuIZtIbipYzk4OaRUOPrT1wHA46c00rCepdi8tdwdQ5ZeDkjB9akjjBGcj3FVlIPCg7e1W4MBsEjOO1bxMmX4AsvDkqoyR/hQiqr88qTz9aS1lYAMCN3QZp5TKglSM9/et7GN9S4xjaBE2DcCCWzUF3EkSkJKGOPmGMYJ/yKktl3gs2ABUFw+zIU98iokEdyg7EsQRwOOKjcFTycntV+CylvJsQAySMC2BVSWAKxBODWTizZTWxCXLfLjkdPSq152Hc9athRg84bFUpQwJ7GpehommQxk9zwKnUnOGyCOtMnk82RTHEkeFCkIDyR3PuaQHLZ5PpmoQybcSc5q7BkRAFF65zjmqkJQcnk1aDgAnPHp61aRLGPjkg/pVdzzkY4p80mG+UfrULsCo256c5qWVFEoPQZFSZ+Rc45qsG45z/hTlPOM0Jlk+eR3+lP5bOByOaY53EsQqj26UwNgc9M0xliM8duentUnXHGDVdCARnpUm7k4AUE4oHcm+v6VLGMHHPFQKcEYP1qzH7EVSGkWo354/Kpg+etU0/OpkI/rigtIto/H0qaJiTVQkJxlScDpU0cgxx1x27VVyy6JAq+9KkuCDwR6VTLe4qRTwePei4maEcoPtmpxJ0rNhbG4fhU6vz1FMgv7wM4ORT1kNUBIQcZp4fOMUxM0Fl96mScisxZSD7/AFp6yHOeooJZ0Z1FXsI7fyIgytu8zHzn2zUKycnBzWXFNk/4VOJMdzQKMVE0A3p9fpS+bgZI/wDr1REvfinLLii5Zb8zccnrUqyYxjg1TRs/T1pwYZ69adxl0Pu9qlSTngis8PgcdqlSWgltGhv7MaGjR+qg/hUEbE45qRCc9enpTMpJMZJYRODjKmq8mmMBlcMPatJWGeDipA3vQZSpqxgNaOnO0imGOTHIrplweMA/WlMELj5kGfalYxdN9DlJIs9Uqu1v6Zrr206FvUGoH0tD91/zFNWM3GSOT8hs9DTlib1IrpG0th0INMOmP/c/KnZEOUlujnzETSeSfSt46ew/gb8qYbE/3T+VPlRHtGYnk+1OEPtWx9jP900fZD6Ucoe0MrYSMdqPIPpWuLQ+lL9kPZafKHtDIEHtThCfStdbJj0Rj+FPXT5T0if/AL5o0FzmOIDUiwe1baaVcN0iP41YTRrg9VUfU0XQc7MEQe1PWD2ro49Ef+ORB9Oasx6NCo+eRj9BilzIV2zmEg9qmS2z2rqotMtU6qW+pqzHBBF9yJB+FT7RBqctFYSP92Nj9BV6DRbhsbgqD3NdDvAFG+pdRhymdBosS8yyFj6AYq7DaW0X3Ilz6nmngknigq3rUOTfUtRJt4A4pBLg5qs7be9N354FTYCw8uaYXJqHdilBP0osBJmgn1NRhvQZppbcevHr2FIY8sScCnlDjHfvUcTKASP++jUU84JwDge9K9x2tuSvIidTuPaqjzMfpUDy5zjNRs4NWkTcmZieajLVEZKAwOSxwopisOZ/eoHfGaSWcEYUYFVnegbHs1Rlqjd6jL0xWJGb1quz9aSR8VCz4HvQND3kHIU0wlsZzxTQ4ByefQVA9zhiMDI/KkUkTSS4GFPI7+lVC+WwOtMaUuwVccn8zVqSNbcBAcz/AMTdh9KTZRDHHhgXGT6f4064ycqpBJxuPQfSo5JggKrz71QeRmJyxx9am1xoeHKO/bHUntVeScMScfhTHZpGYM3GP4qrscscf5FMaRYY7uPxNU7mfPyJ9CRRcTCNAq9TVND8xJ6YpjSHsccd6iekdu/rTmYuPnPQYGaBiQJvYljhV5J9qguH3OSfwFXHfZbhQBg89OtUGwOtIEMwTTiu0Z/M05pUVsRDIwBlvXvUJYtwfXrQUIzdqiKkjPFPdsehp0QAR5XPCjge9JjuVnAXvlv5VXJ5p8z9abb/ADb+CSVOOelSUu4sBOHyOtMny5DdD0xUqrtHJpUCA5YbgDnBPWgGyp93JNN38YxVwQiWUgALnkAHiqko2NjOSODQCdyGX1PAqvuwT71LPIzBdx6DAFVyMGky0hrjpz2pj5VsEYIqYnbGfl69PaoGJY5JJJPOaRSE609Yyf8A9VPBCKQOWPfHSkydvJIH86BXHG6kjtnt0IEb8txyfxqieuanZlPA5pko2EDv71LKjoV1cg9e/WpoRucLuHJxk9Khb/WH5cD0p6HHWkmaMsgBWIJHBIyDVm2CnCsevYVS3EfzNSI2CCM5q0zOSua+rxQxTKkEqyhUXLqu3nHI/A8ZqgvT0INNDM2FBzn0p+/yyNo+YDDZ5q73JSsSxyELtGAQeuOav2kSkbmPGePc1nRbNp3ZDAfLgd/ertpLsAzghjnmtab1IqbaGrbW7nqvHbHYgVK7yLGI8s0Ybdjtu6ZrY8PC2nmjFwCIy2GxzxSa3Fai5kW2ZgoJCkjtn2ru5FbQ8/2j5rHPvKUbAJ29fpSfaUfcGTeSuBjjmprhY2jCjg56k1kO2xmXcRn0HUVzTdjqhaRopqXlhfLwu3oRwc1UkuPMPzdRVBmK55FMVj5g5696xdRs1VNLUsTzHcASB71C79CeSRTJW3MSDn+tRM/PJzUt3NEh6kbjuBwOeKRZNj7hkEdMVCzc/Kc+lKhznJGP51m2XYnR/myf15qVX5+8Bx9KpqxHPNSDA9TnpihSCxKWO3qCPrTdxUbeB3pmePUnpzSHjGD0oGTKcckAZHGR1p24DBX5TjvUe7eFG4nC45PTrxT8PGQGUqT2IxwaaC5Kh6Z704kbjt+7ngmoxkdCBUiAYPp6Uyx4wcYI5/Cng8YFRgZ9jTguMZpgSqcY71YjbA71VUjtnH9KkRsU7jReyAcZzz2p27DHGQM/pVZXAHrmnq30xQUi2rA/56VLuCOwBVsHGR3qiXxj0p8bE/Q0x3L6sPSpQRxg5zVRM4zjgVIH7U0DZcU5wOKfu4qrGfSpA+D8wB46GmK5Oj4PqalDjHPWqiMM88j2pwfuPWgVy0r571KJMgAYOKqK3y9DntT0Y9qCbl2J/Tr2qxv4x1qhGwU88j608PjHNFwuXQ/B5zUiPg+lUhITk54qSNvx70wuXfMJAGTjtThJg81T8yn7uh/SmFy75vAxT45DwKoq/FTI3I45oIlqavmhlXaqrgYOO/vUiSdg1Z6SkDHSpw+MYIOR2pkbF1HqeNz24qijnFWYZNuG4yDmmS2WVfk9x71NE/aqgJ5I7c07fnr1pEXL3mDgc/jQW755qqHNSo3BOcY9aQm7FlDk/wCNOBFVll/KpoShYCUsq9yBk0iJSJd+0HrQGz1qCfchCnIBGRnrihXpmfqWVYe1PBB7Amq2cH3pyuAfekLQsgqOwpQ49KrhixwOTSlscE80ENIs7wOhp6MO/X0qmH2kHqfel35JOaANBSSpYDIHWmmXHQ5qoJjjAJwaBJ60rCLm/wDCjcQOciqwbIyTxS+YuOpJoFYsb8d6QPzUIYt6Uu4AgL19aVx2LBO3gkZ9KevqaqiQKeeTTWnyMA4qdWWkkXHmUf8A1qiknJ6cVU35PFSAKE3O3XoBRawNtil803OOc1C0meKZ5g/iNUSWTJgYFIJPmwTx71WL5+6eKYXA75oEWmnwSF4FNE/TPA9qqGQHPOKjZ6VgLj3BPA4HYVA8nJJOartJUbSU7AydpPSmF/eoS9NMuznr9aY7E7NhQSetRSz7gB0A6AVXeUnvzUTNSCxM0lRs9Qlqaz4HNMLEjPUZfvmoWkJ6dKieT0oCxM0lRs+OT0qBnz1qKR94IB+X+dIpIka4ADYHbg1VLEjk9e1Mlb5gFPWkHAyT+XWgdizax4LSs21U557mmS3J3Hvn1qF7lpIljA2xg9BUW4KCT2pDJXYk5JqGSTHTHNRtMxIAHFRlsnJOTQMVyCgzncetQu5Clm7Usjc+/rVG6m3fKvQe9IpIjdyzknvSqT0FQqeKcsm1u/tRcbHttUc9c9Kac9SaSQ7WO7Bbr9KjZiSPU0XEhZpvlyevaqjvnOKklXk4PNQkelIpCxH5iQaVjzxTPu8Z60xmCqW5z0FFx2HMcdaZI/7vbzyelQBiT8x6GpJV2oGJG49PYUmOxWY/MSe1SI2Fx0HfHeoRlue1PZv4QMUhskznvUckwQHd1oLgNz296qyhnZmBBC+pouCVyzbXTRLLMCN2Ni57Z6n9KrhTI3zH1JqLA4X86fJwVjHH94+tSh2SZBIck9BTSCo45PfFTGPhnzgZ4yearyyYGAcUykxu4Zw3SlQKxOKrluaDJg5Xr60h2JJG2ttHIqJmLHk0hPGepPNMNK5SQoPp2pGJJJPegjGOQe9SW0RuJhGpAY9CaQyufmfsMnp6VKFYKrYIUnAJqD37VKqnYXGcAgZqUy2TRruYLkDJ6ngU9ThsdPcVDGxOct07mnhsvnvVomxICc8cnpxTlbB6Y9aaHzk5wPWjdk9BVElhHBP07Z61ftioHznGBnIrNjIBGQcjmn+aexwPStU7Gclc3bK/eFt27C/TvVxdUxHOGVHMqhdzDlcHOR6Vzas2FPOCMVNDJgklhjNaqq7WMXSV7mhM4Pz+vQ1RlJckn5j61Kx3QcDoeTnr7VVdiq4yQP51MpXKgrDMqRyOaffGAbBbrIBsG4uRkt3xjtUDkpJglT7jpTTySckjH51kbWFTG0ZzioZOp25AFObI78VGQC3B4qWy0JnkevSnFt65JUEYGAMfyphxkkcH0oJYn3qBjw2BnGR6U9Ouc/8A1qRF3H39aU8cDp700gW48/OnGARgfX3pCpAz+hFKqjIwQKSQkudxJ7U0Njk4APbPWpFJY8549fSo1OB8o6VIvzdOPeqQiXduxk44xTl4xmmEDnkccfWjIBzjtTKTJ2bgcD1peDx0qENz0pynPei5SJkwT6CpRtx0OahjBcgKCSewp5PAFMTZIGyRyMU5SN3XNQjOOnUVJ6c/h6UguThsgZ6ClDZPB4qFmJOCTxTowWYADknFUNyLKOc45qdH565NVFbawz644NSKdv3hgjnmhMm5okMsSvtAViQD64//AF0zzCT9fXtVVXJx1+tPDAnjj1p3BFlT0FSnCkYYNxk4qqP0BqUMpCjnJ6+n4UDLAYEAYwfWnhgKgVSeg/Wml9pIoEy4HwTyKUSc4PWqokO0jjmlDZ96Cbl1XqZJD7/SqKN371OjYOQaYXLauAeRkfWnBzVYNnrUgOKBXLSNjpUyMaqK+7n+dTxuAQeo7iqFctocdMVOjcfSqSuO1Sxt9ePSglsvRSY6gVajYdzke1ZqydDipopVyNxOO+KZk2aYYbeScegpobnrVQSE+wp5kHbNBNyyH5yDTg/c1WDknrRvxQJsvJIMc/hin+ZnvVHf6GnB6CGX3meVt0jFm4GSfQYFKJMd6pB/enb/AMqBWLnm+9OWQ1R8zHeneYOgb8aQWLol29DS+aOaoiQfU0okOeaZLL4c460oeqYkpwkpCsXA/vSh/wC8eKpmX3pN/qaALplz9KVW+YYqsDxluBQZscDpUiLglCkYO4UNNycDaKrR73B2KzfQZpN3BpWGT7zSb6rs+OtAkQfeYjjtTAsrJikMmepqs0277vAHQUo3EZwcUmBMXPYUxnA75qIv6UgXJ+Y8Ac+1DYWuO8wscDk0F1Q/OAxx0zxUMtyinEQ4qr5hPJpbhaxa8zimmT3qvv8AemlqqwiYyVGZM9KrSzKhwTg1XecyPsi6DqaYWL5mUZyckelRCQsdzcegqshCjjr604vx1pDJi3NNLVGpJOBzUMkmOO9AEzSCoHkyagaQ9zxTC/pSHYmMg6U1mwOeKrs+MgHJqGRyx+Zj9KB2Jp5sLhTkVCJOMD0qBzuIGcAUwvwQp5oGSvJz1wfQUwscEE9etRAgDPJ+tG7Lc4pDJCwAwOlQPLzhTk0yaTHHr3qLcSQF/WgdixuCqA3WopZQi+rVFI4jGcgk1Sd8nJ70hpE7SEnnkmqz8nrUkX3ssfl7mobmQM2RxSGh0ZG1u5xwKFADbjg46VCcnAXOaYxxxknFIdh+7cxPWl3E88cVGCce1IX9OtAwkYDp1qF32jGOacSetROw70AhhcgE1C7lgBnv0pJZM8DpS24w29sbR+tK5diSOI43N90H86SVt5yRgHj6US3AkY4456elLqA8uCFNqIxXeSDktnkUEorxTGORXCqwRgQGGQT7juPak3F2Zmxk88cVHEQxCsMDPWpJQFJCElR3NBT0IpOTt796Y2FXsSOppvOevJNLcKECrvDcZOO2e1IY2IkNnOBnOcU0SbZc9+etNXOcdBTQoaQ46Z70h2HSSFPrVR2JJJPWpZyGbjtUJGOtA4oYaaBk08DcSOhph6GkykxHIzkdKRenPak747VIE4qRt2IzQrmNwy9R0pWG3NR9TQC1HZZl2nJCDgDoBSLkjA6ClLtgDoB6UKQOo5zSNCQbfLzk789McY9c5/pQhwc/yqNWGeeuKUHnr1pkkoJYdRgCnpwv6UxAANzYK5wQDzThwBjP+FWiWTK23GQD29acpAXvk8cdKhXGOetPDAYwcH+dVclokVyCfyqQNjGahJYqepVc0sY55PA9qBWuW/M+UHPTtTGmUhQAMCogwKgEBcdeOtMcgZxxmruJRJGUbSwHA79AabvBTA61Dk9M8CmnPOAc98VDZaQ5m67aZnGPX0ppY9Mj8KQ9cZz7iouWPZ2LY9uachGM9/T1qHv6VKNvl992efTHammBIshUjaMYpwYnkjFRKcgVI+5DtZQG4P51SYhygn/69PJBQAj5s9aWGXYjgxoQ67csucc5yPQ+9M4xwSSRn6U3YRICnlAbSH3HJzxj0xQGGBycjrUW7Ee09fWlVupPSgCcsAx2/MucZP8AOgYOcHgVGCNuQM/j0pScHnp7ihjTJQQOhzUgPI6dPwqBT3OKepHU5PHagu5YUgH/AApwbHAxioA3y4pVYdBgH3oGydT74FOzn3qAMSOlPVvQihEWJs5wakj7HI/GoAwXqP1o38GqJuWiVAByMmlLEnJOSeuarb+PrTi2eR6etA0Wkk7En8KcG7iqytx39uKmR8dOO1Mdyyj4Hc1Kj881UD+w4p/mAgcYoC5ZL9MGgNwe4qFmOSD1oBHYgmgG7k4fHepFY9c1VD9jTjIc5NBJeRuRnOPUVIr/AJVR8wnaAelSpISAO1MVzShdTwxI49M80obpzVRHwOetTxuMZIpkssq5U8Htipo8n8vSqin6U9Xx7duKYrl5HG0jAPv6VIrnGAeDVFHIPHFTp0zxge9FyWy6jZHPFSIwyOeKprIM5FO83piquZs0RIB06Uof3qgsnFOV80EmgHBqTzCTk1SR8D3p2/nrQJlsP609ZKqBsdelKJQOn60gLof3oMoqmJCT65o3mgC2ZM+1AcE8dKqFyD1oD0XFYveYMDAoEmKprJzz0p4kGaLisWxJgU4SZ9qqq2c/MMDnmk8z0oAuB6d5gBql5mOvX0o8wUCLpmY96TzM96qByalQhQS3JFIVjUttQuI7ZoY22oxySOtQ7iMk8DtVFrkYwOlSBmcAnp6Uh2LSkuxwcDuaj3DueKheUIuCQB6etRCZQQTyPSkKxpxyADEcf/AjQLmNX/evkD0rMnvWZNowo9qq+ZRYDVuL4O/7oYX9TVWS4ZlwTx6VW3+lNJ9aLIbJ93ekMlQFqaX9aoViz5nPJqKe7CjCDn1NVXlJ4X86iBxyeT70gHhWclpGPPapEKouFGBUBfFIZKAsWGfHemF+eOartJ700yEHg0DsWpLlsbRwB6d6gLnuagL88Ux3xyTSAnZx3NReYWPBFQs4JprvztU8etAyV2OPk69KiJ8tSSctSMwVc4quZS7c9vWgdh3zH5mPvio2cMcDoKbLL/8AWFRKwAIzzUjsTF9o5/CkV8nHc/pULHd0pykKO9AD3OOcVGSAMZGT2FNmlyMDAFVQ2MnHGaBoW6Y+YAfTtUTjZjdSjLSZPXNRzHzHJzntQUh7OGA7AdqiJB5Ixim98VJgeXgnk0gIw+Tx1NNI5p3CDOMntUUkhzxye9IYkj84HWgfKmW60wYUZPWomc5znrQMlJqrM3PzGnSydh+dVHz1qRpAzUFvlAzx2piDc4GRye9SS7TwOgoLIkLZIFWPJZot0nBzjFTWyRKBhyTtBORjn0qeRQxwOlUkZyl2KIh2kc5I7elNuGES4b5nbkCpnLKTtGSDiq1xCTKAW3NjNJjTu9SNGLRBnfbg8DFCxowIMgzmmy4yFU/KOlOWMiMSY46ZNSMbMqjIGcevrUKd8VMRnvUZGKBrYhk45zUDZJ5qzITt2jmq7Kc4oKQwHBz6UmAVY/lTmx25FIBmNh3yKkobGuTzUmCPwpVBAAokx9DQS3chlOetRj3qRwe9JEhZvQDuaRa0Q0gnHQ546004B2k9OMg96CST1wKYDSZoOJwOPSngjdntUa4zg55PWpAAASTzngUkDJFbBHFSq/ZhlSc4HrUCKxBYAkA04Ec5IrRMhokGQcZwaUNx7/yppzsDn7ucdaM5Axx2qrisTKxAyT24qSWSN2BjQoMAHnP1qtknsR7U+5j8mZ4i6PtOCyHKn6U7k2FJ5GD+NEj7m+XgVETjvx70dT8vYZ5OKVyrEoBOAOaaQ2SAM8ZNOhm8twwPQ5qTULpppAxCLnnCgDr9KppWuTd3sVc8c80h4A4560nBJx0x3o5APt2rM1FFSQqpYB2wO5xn9KiQ4IyAe+DT1bIwMA5zTWomTRbMNuzn+HBA5z39qaDjIx+lMWTB6daOpwuTTESZY5yflA704HrziolJBHf6U/IxnoM9D1xQMUk5xmj+LPAphbmnJz1IHfmmIlzhc59qVXxnjqeveogT27fjT0I43H34HNJgiTPPOPrTgwBGCDwD0qNcENzg444zk03cc9Tigdyz5mRtzge1KGz6ZFVi/PXmnxN1/pTHcsZGODShumCBng1CG556U8AFmCtxnAJHWmBKG9fpSjiolJB461IjH1xQSSg9P505eOpFQZpwfOO9MROG9Pyp6v7VXDY4pykntmncVy0r4HWnK3PYfU1X3YHJ5z0oBBbAx17mncC2r470oaq8MihxuJxnnHpT5JFZ2KDAzwDzxSC5OHxzxTkIJHb1JquHIB6cjuKVXIPbFMRcR/Q1PGc8AjmqaHj3qzH60yWyyDjj8KlU9OcmqxYg44zUm/0GDQK5YDEY4qWN/rVQPUiuARk/lTFctq/PNSh8dOnvVMSDsePenq9IllrfzUyNleo69KoBzjPapQ+Dwc/SmIuCTaeOtOSUgiqQc5609HGeo/OncVjSDnueaf5oAwg57ms8TfWpYpVB+c4H60EloOT1NL5nPNQXEyEqI12qPfJP1qNHoHYuh80vmDPBqsG47Zpd2KBFnfRvqv5h+lN8ygCz5nPFODnrziqnmetKZM49KBMt78kc07fz1zVEP+VSK4A5NArFzee1AbHOaqCXJ4pS5UkNkEetFxF0XG1cKBnPU00zZJLk/Sqe+ml896QF+OZAwL5I7gVLNfM/yqAi+grK3juaUzcAA0WAuNJ703zffFVPMoEmelCCxb8zjrQXPeofM2gZ5PvziomlLHPJ+tAWLXmE9OKN/NVQ5POfzpxnRAMHc3r2oAnL9yaY8hPAwPp1quXZ/U1E0nbPNAWLJfFNMlV/M9KYX9TSHYnL00vUBamGXnC0BYsbvekL1X8zHU80m8saLhYmZsA881GDuyWPyj9ajeTsKRz/AHsg9hQMeHA6daViq46sfaoFYZ5OBQZecAgD3pBYdKwdhtOPYnNQu4RcDmmtLtJC8+9V9wLE5zSHYfI2Tycmm7tvHc00sc9aj3/eb06Uhk+/JwBzSM+xeetRwjjJzk05iDx3HpVCImJLZJ60AgtzgKKRyEU881AzNtyfrSGiSSRcEA84yagyQuRxnjrUZf5+ehPNSFwRyAB0FIYoOPwqOSTHC0xpDkgdKjJpDSH+ZgcjmlUHaW2kgdTiiHYo3SDjsPWljnEkxLcKwxgcfQUAQs4JI7VC55OKV254FNkXBwDn1NIpDYkMsgGceuaimOegwKt2LtHcZQAkgjketRXERLlcdPSgL6lPHpVqKIAZb60sMPzcnNRzyFmwpwqmkNu+xbSNCM561IFGwgdTxk9qqxXCRoARk55IqW5uYwWLRlQwGM9R71dzFp3ImOzPO49gKrXDYOCPmP3j6e1SvMgdjGDt/hzzVVUaQO+fc1LZaRG45HFS4bygcHAqLGTjPerojLKqkgDHTNSU2UzwKVImZN4+6Dg+tLIu1yvH503cAMUyt9h18nKYRVAUDjv71Aqp5ZyGMh6c8AU5mJOTinKi8licKMnFIFoQMiurE4Rwc4A6/wCFQH5Vzjr3qyQNpOTuPQe1QsD3pWKTI945FOWMuM/nUiQ7j1GO5xU2wKAT92iwm+xCVyAG7VGcYwOBUh+YnJNRtxxQJFN0dEVmRgsnKEjr7imKcYPBxzzUbOzY3MSQOMmkBPfvWV0dViX3/SnCmLz1rWksrVdEW6+0j7UZdvk4/hx97NWo3JcrbmfGzlSgyR97HbigMAOxz7UgO3OVDcY57e9NzQtAJ0ZNrZDFv4SDx170qEcnP0qEYIySc/nQGAqkS0T7iQO5A65oTOeBn/CmKSOOBn170K5GdpIzxxVCsP8AMwrKAvPcjkfSkAJJIyB7UwEKR3FKWBzt4pDsLgA89KRiOowB6UmSRTWOaTGhVPOR0pWYs3JJNRggZPUUBsDHFTcdiTI9ycYpynCng+melR4IweefalwT7iquA9Tkc8U5TtxjOaiB59BT9xBBHBHemmIkOEY7WJwcAgVHuP8AjQWGPc9abnjg/gaTYEoIJApeNvGc/SoR6Z4pST09O9NMLEitjPUDvTw319KhDbvr1605G24yAfY0XAmzyMfzpd3Hvmo1ycfnS7lwOTu+lADweOTTlYirlvqgi0W5sDbQO00iv5zD50wOg+tZyt3709hIsI2MDNWJtqMVifemeDtxVMEgcZ96miO5CuM+nNUgZM8xkILckAD04FBbPSonDIcMMd6XcuB6+lAEyuQQfx6Uu7PJqAsM+tKGyeCKBFjcfwo3c5FQqxxyKduOB6GgRNk460qsB16VCDyO9Lvx0oAlB96lDAAc8ntVZW/KnhvTp3oEWQ3509DVdTgDr+NSBs9ABTA0tMjSe8hikkESu4Us3QZPU1s+JbG30rUntba6jukT/lrGeGrmY3wcjipfMZsZPNaKWljOUW5XuXPM49qVHwRzVZCXYAcseBTlYjPakmOxb8zcc8c+lOVyarK3FP3e9MC0j4qZX49BVNGNTA9PX3oRJYDYOM/nS7+1Qbh0yKXJxnigRPvp6tyOaq7qfvGMDigLFzzME4/PpSq471T3+lSJuc/KCe1IRcWQnHYU4Pk9aSSzmtY0kuV8tXHygsMn8KhDEngcU0yS4snHal8z1xVc5j++pBPrxSswwMEk45ouBLv96cHqvvGOlIHyeO/pSuBZZwcdPwFAaoC4Ucnn0FN83NAWLW/HU0bienAqA3CKuETJ9TUZlLnLHincVi2twU+5wfXvThNkEnrVEPzkGpo1Z/b3NAmifzM0bsdeTUW+NAcncfakFzHtO5Wz2AouFicHcTlgBTTIACF/OqhlLHIpwk9MUgsT7yakIaNdzkLnoCeT+FR28byN8uOO/pUVyVRhhixHWlcZN52ThRRvPQc1RMme+Ka0+D8hOR6UCsXmbnB6+lLI6xrgYaTv6CqKyOxySSfX0peFGWouFi19pk2bN5C9SM1GXqsZfQYFG+gdizvNN3575qDeaC+Bx1oAlaTnA60wt6Hmog1I0gFAWJiwHWmq+Tmq5YsfanbscDiiwE+4A8HJHrUbuSeOTTAwxxUUkmOtAJEhfb7n+VR+Yc/1qu8v4U1dzAt/D6mkVYnlcHAFNBwuO9RlgvTr2zQqmQjPegBc7uO3rUg2ngDj3phXDEHjBpHfYMjAAoEyWRgoznJPFRhwi4P/AOuqpl3tnJpsknYfnTCxM0uOetQM+7Oaidy3FIvHXrSGkPXnJNNm7CgyKuAagaRnYMB0pMpEgGBk00EswHekBJyWqS3yrhgMlTkZ9aQbAyuSOABnH0pjbY5DsbdjvilmkeQsWJJyTVcNzzSBDt3PNNLZpGHU5puRigY9JGibcp5pqlpGLMx246+tNAJ5P3R+tDNk4H4UAxy5BBDEAioJ3UsdoAFWJ2ZwiDGFwoqm6MGYHBIPODSBBH8zADrSys0kh3NuakYhF4++f0qLJwSoOcdaRVuoSSOdqFuFoiB5AJI+lLHCz3Cx45JAzU1q3km5AYA42gHqeR0/KgbasInyxsWUE9qaWPY0x2JbgYxUgZvJwF4znNMmxHzz3pBgmkz6ZqeEKQT8oI6c0DbsPjVEaVlywAO3PHPrVJuvPU+9TSttU8nB9KreZkrnrSuKN2WJLcrgv1xnr2o+ba0YIwSCR7iovO3AgE4FIZWxj9aAsx6JtbaOeabcBlkKtwV7VHLIQvyfeqOCdkkLOBJwRhunI60rjURWNMJNIWpCaC0jN/EUo5p0bFwYxt+Y5yeORUYPpWB0k8ZVTzzUs05mfJAAP8K9BVXGE3bhycYzzSowzgn8qtMhrqWZJFZyUQIp7A5pgxzz06e9NOV4PBpRyOKoRIQFA5+Y9qTrk9O1NHTjOBQvXDZ5ouA4Njrz2pQRk4701eepAozk9adxCnuM80oPpTRycZHTqaVGKsrDBwc8jIpXGOBOaR2DEkLjJzgdvzppYkknGT7U3PqRRcdgJzQPrSZpRjGCcD+tIB+/PLHOOOaVef6VGPbFKDz149qq4iVjx25oBJIAGajz+OakR8cdDnqKLiG555pQ3IPBpGxjA596TIPqKGMdwx449qs3EKpDC4kUs+Syc5XHr9aqqwUcgHPTNDuXbLnJNNPQVnccDyc8U7J68k9KjDcY4p4PYGhMY4NjGOtLxnjkUnHPFIOeO9FwHA5z2pQc0zJA96ARg560rgTL/sjmp7ed4XV4mKsD1HBFVFOO5/CnqSODiquJo0b2+nvfJ+0zNL5SCNN38KjoB7VXz75qDdx69qejcnvTuKxJn0pd3A5+tMHPSnYGMkjI7etADwR2wKeG9OBUXG0Y59aE5OBTQMl3nA5NLuOMdqi3YHtQDzQIlBp4eohzkgfkelLmhCLCMT15xUqPg5FVFPrUymmBaRscjtUm/vUCkY75pQ2KdySyrU8NVUN09KkDYGeapMRa3Zx6U9W5AzVUPk8ZxUsbDqWxgfnTuBcZ1LEou0dhnNOQnBbsvJqkJMcClEueKBFwyAk0CT1OapxtluTxnmn7xnCk4zxRcVi0HJNSKS3So7aSBQ3mozsehBwF/wAallnUt+6QKvpRclkqHYwJIJB4qZZiDkk+tUBISeDipokLtycUhFz7QWHzZNSx3QhOdoJ7Z5qrLD5YyrFvXtVR2wT60IVjSub6S5l8yVyzepqMS+9Z4kJxU8RX+NsD86Yyz5h9eaQyVV8ygy9hSCxY8zng0of1qsrZFODDvTCxaDDb0O6nM+VHQAD8aqiTsKUEn60CZYRwpz6U952b+KoeFGWNRb80CLAbPelyqg5HNQBjQXoAkD5p/mBfvH8Krkk4ycUhKjnPFIC4ly5GEwq9zVeSTJ+U5qu8xbgcKO1RnJ6mkFiYtzywp6Dv2qtuVecZoMpJ60wsXxKqRnaOe1VzJuOSTUAY9AaeDjryaAsTZo8zHSoWc9/wpC4A55NICYsR7UhOOpyai3Z5NICWJwaYEwYYOT9BTMlzjNQu2BjrTVlIGFyPU0DsWGk2jC0gkyecCq3mDOBk0oGRnOaAsWGkHO3t61C7fiadGVXJfkenrUZYFuD9aAE25OTyaOcgenSlZh0AxTRk5wM4pAPCjIJwfalDgHjtUTPjpTZDlAAcMeoxQA+abzCWc1BuB4Y/hSsVCHd27AVWchVJzg0BYkZyuefmNRF+T3qDcS39aVjjgcmkVYk3c8U1n9+ai3D+I81Gz+nFAWJd3f8AWgOScDj61AWpyhjk9vU0irFoDb1+tSeZsxtOCetV4pMkZ57U+QYzk80iAnkyvAxk8+9RKSwLdMUM2Rx0qOThBj8cUFJC8k8Uu0ZA7UqAhcmgc9OtAhZCOg6VFtyAcdTTpDVhE8yFQG6dM8UxXsQswwAQKiZAQTT24J3dRSZ5pAQtAVO1gPXrS/KhygAxUwOcgjrUM+AAuOaVhp30ITK3meZuIYd6Q5ZmPQNzSFeeMZqVWVcEj5QDn8ulIp6CwhCOcZ9T3pXkVEODk5xVFn+ckU+HaQwc444+tFwceo9dp5zxUIO+YKM4JxTXfaOajhlAm3Gi5VtC9dSxoqxqM4HNUWdc5xz6Uydt0jHOeajPTrUNjjCyJmm+bgAfQUqS7WBZQcHOD0NQBeck8Y61PEiOu6RgBnp3oTKaSGTyBnzgLk5wvamlgB8hJPeo5DlyRwPSkz8uKVx20JwN2COmcUkpy2cKPYU6J4/IkDl/MGNgA4981B1Y02wSKC5LYHFApufzp6AuyqOrHArBG7Epw68Uh4JBoFUIlBz1pRSKAVzkAjHFAPWruSTLtMZG0mQkYOeMd+PypFIXrnNMUlWBo70JhYcxzz39qTcQenOKbx2zijnOKGwHj5mA7k1IkMjsVRCzDsBk1GFwgfIxkgevH/66ck8kL7opGViMZU80Jg/IiY80oPrmkH6dqQZ6/wA6Vxi/zpcnGKcSu1QBg85OetNI784FUK4A4IP405mLsWOMk+lDLg46/Sm45wOaAHL1704YB45H0pmSOKUZpoRIX3A7gvrnHNKIwYi4deGA2k8n3+lRDOKM460mxod2yBQKTGaXvg/lS6jHE5wM8ClDEcGkRdxAzj3oP07VQhQeKU4Bxximkc8fSjknmgB3GOv4UBvTvSDp70YpgPBPAFOwT160xSaeoyCwOAOtNCHg4HIJp6txUZPAznHTmkBI56YouIuLM0cbBdu2QBSSoPQ549PwqMHOdzYqIHoR06Uv8qLgSITjIyQOtDMCT2qM9BgknvSZG05yT2xRcCQP6mnhsDJI/rUGcmnBhgHvTuKxNu7DpUkSl2CrySelV1NWrd8DHTPencTJvKIk2FlJ9RyKcOKQSBeQeemRTGOelO4iUH8qcCMDnnPSoATj6U4GncLFhG2sD6UpbP1qAHvTt3HFFybE6t708E5wP0qtv9eSacrECmFicvk1IrVXUjGcgYqRJ/LxlVYc9RTEywoGDlse1WLeEMpaR9iDqepP0rNWQswJqXeGwAenvQSyzvBYhd2ztmnBueOKrRsvTBP0NaESxbQc4x2PNBLY1ASeKsx7YjucnPtVZpgB8v5UySfJw3A9AaBPUtS3hkBBPHpVcvnNV92T04oZ1K5yBTGWPMHc07ze39apeYqjkE0pmORgACmBc8zilRs9arRuCDuPP1qeN0UA9TQFycZpwyfeoUdnPAqYfKAGakJjyNpG4ipZHjjRVj5bHzGq25QTgbvqajdy5yzDP1oESlieppVINQhgDxz+NO8xVPK/rQBOZMcd6N2OtVTJlutOWVehAJ9aLhYnLn6VGziomlGPlNQlyxpXHYs+aKaWJPWq24fxcU7co6ZNAWJ1HtS4zUW8EDBwvpmlaUFfT2oAk3gcL1oVyOtVvM44oDnvQJllpM9TTd3PXiodwI5oZixwOlAWJWcnCrTlO0YJqvv2jC/nSFj2P40wLEjDO1TnjrULv2FRu/HWoxnNIdiZdzEc8VYQAL8uCe59Kqrk4x0qbeoGAM0xEhGeWzTc4+6OKY8g74qF5Sc0ATl8Htk9zSKzZCkkfU8VDF87DdwOpNI8m9z7+9ICYnAyCCc9qZv+9IckCoGkJGE6d6jeQGPa3X2pFWFLl3Jyc1HIxJxngVG7ccUi+9IdhxJUc9ai3EnjNDNk1G0mOnAFAIcx25z1pI/mYDOPU1CxOanjG/5V+VRySaLjeg4RMxDdAT1NPlhZER2ZdpyAN3PHt2pGIyApyPU0xzuPBoEmCMVOQMUMxPJJzScdTSHnpSAlQ/pUnyquTg5qurU4kMn06UCY8tuPHFNBNJH8oO7OaTOckUAOTLuq9CT3q4FUx/eDbepzVQbfkAzyOSamCKCFjfLd6YpFWdmDnI+lSQuJFC+WMjncCc/4UjqXBHGRUcRERbdnJGBg1I+hOGAzj9aicK+C2c+1R7ueeKbuPPNAKI9VKEsuKb5TTbwv3+SFAzmmGQrweM04SkEFSFZTkEHkUFalR1ZI0kA6kjp0qu8jE5NaE8ySQYdcMDkFT1rNfJyallxd9yN2J5phNPZWGMjr0psi7Tg9e9Q7misC89akYJ5SsG+fJyMdB2qJOpzSMeTg8UrhbUuoGeFAduwHgCkeIKevHpVVZShHPTnFPednO41SaIcXcJwFxjOe9RRsFJ3DNPuJRI5YDGe1Q1LZaWmpMSGztGBSHA9ajRypyKVmLHJNA7H/2Q==]>

	at java.base/jdk.internal.reflect.NativeConstructorAccessorImpl.newInstance0(Native Method)
	at java.base/jdk.internal.reflect.NativeConstructorAccessorImpl.newInstance(NativeConstructorAccessorImpl.java:62)
	at java.base/jdk.internal.reflect.DelegatingConstructorAccessorImpl.newInstance(DelegatingConstructorAccessorImpl.java:45)
	at java.base/java.lang.reflect.Constructor.newInstance(Constructor.java:490)
	at org.codehaus.groovy.reflection.CachedConstructor.invoke(CachedConstructor.java:73)
	at org.codehaus.groovy.reflection.CachedConstructor.doConstructorInvoke(CachedConstructor.java:60)
	at org.codehaus.groovy.runtime.callsite.ConstructorSite$ConstructorSiteNoUnwrap.callConstructor(ConstructorSite.java:86)
	at org.codehaus.groovy.runtime.callsite.AbstractCallSite.callConstructor(AbstractCallSite.java:277)
	at io.restassured.internal.ResponseSpecificationImpl$HamcrestAssertionClosure.validate(ResponseSpecificationImpl.groovy:512)
	at io.restassured.internal.ResponseSpecificationImpl$HamcrestAssertionClosure$validate$1.call(Unknown Source)
	at io.restassured.internal.ResponseSpecificationImpl.validateResponseIfRequired(ResponseSpecificationImpl.groovy:696)
	at io.restassured.internal.ResponseSpecificationImpl.this$2$validateResponseIfRequired(ResponseSpecificationImpl.groovy)
	at jdk.internal.reflect.GeneratedMethodAccessor107.invoke(Unknown Source)
	at java.base/jdk.internal.reflect.DelegatingMethodAccessorImpl.invoke(DelegatingMethodAccessorImpl.java:43)
	at java.base/java.lang.reflect.Method.invoke(Method.java:566)
	at org.codehaus.groovy.runtime.callsite.PlainObjectMetaMethodSite.doInvoke(PlainObjectMetaMethodSite.java:43)
	at org.codehaus.groovy.runtime.callsite.PogoMetaMethodSite$PogoCachedMethodSiteNoUnwrapNoCoerce.invoke(PogoMetaMethodSite.java:198)
	at org.codehaus.groovy.runtime.callsite.PogoMetaMethodSite.callCurrent(PogoMetaMethodSite.java:62)
	at org.codehaus.groovy.runtime.callsite.AbstractCallSite.callCurrent(AbstractCallSite.java:185)
	at io.restassured.internal.ResponseSpecificationImpl.body(ResponseSpecificationImpl.groovy:270)
	at io.restassured.specification.ResponseSpecification$body$1.callCurrent(Unknown Source)
	at io.restassured.internal.ResponseSpecificationImpl.body(ResponseSpecificationImpl.groovy:117)
	at io.restassured.internal.ValidatableResponseOptionsImpl.body(ValidatableResponseOptionsImpl.java:244)
	at com.revature.planetarium.controller.planet.GetPlanetsByOwnerAPITest.getPlanetsByOwnerAPIPositiveTest(GetPlanetsByOwnerAPITest.java:37)
	at java.base/jdk.internal.reflect.NativeMethodAccessorImpl.invoke0(Native Method)
	at java.base/jdk.internal.reflect.NativeMethodAccessorImpl.invoke(NativeMethodAccessorImpl.java:62)
	at java.base/jdk.internal.reflect.DelegatingMethodAccessorImpl.invoke(DelegatingMethodAccessorImpl.java:43)
	at java.base/java.lang.reflect.Method.invoke(Method.java:566)
	at org.junit.runners.model.FrameworkMethod$1.runReflectiveCall(FrameworkMethod.java:59)
	at org.junit.internal.runners.model.ReflectiveCallable.run(ReflectiveCallable.java:12)
	at org.junit.runners.model.FrameworkMethod.invokeExplosively(FrameworkMethod.java:56)
	at org.junit.internal.runners.statements.InvokeMethod.evaluate(InvokeMethod.java:17)
	at org.junit.internal.runners.statements.RunBefores.evaluate(RunBefores.java:26)
	at org.junit.runners.ParentRunner$3.evaluate(ParentRunner.java:306)
	at org.junit.runners.BlockJUnit4ClassRunner$1.evaluate(BlockJUnit4ClassRunner.java:100)
	at org.junit.runners.ParentRunner.runLeaf(ParentRunner.java:366)
	at org.junit.runners.BlockJUnit4ClassRunner.runChild(BlockJUnit4ClassRunner.java:103)
	at org.junit.runners.BlockJUnit4ClassRunner.runChild(BlockJUnit4ClassRunner.java:63)
	at org.junit.runners.ParentRunner$4.run(ParentRunner.java:331)
	at org.junit.runners.ParentRunner$1.schedule(ParentRunner.java:79)
	at org.junit.runners.ParentRunner.runChildren(ParentRunner.java:329)
	at org.junit.runners.ParentRunner.access$100(ParentRunner.java:66)
	at org.junit.runners.ParentRunner$2.evaluate(ParentRunner.java:293)
	at org.junit.runners.ParentRunner$3.evaluate(ParentRunner.java:306)
	at org.junit.runners.ParentRunner.run(ParentRunner.java:413)
	at org.apache.maven.surefire.junit4.JUnit4Provider.execute(JUnit4Provider.java:316)
	at org.apache.maven.surefire.junit4.JUnit4Provider.executeWithRerun(JUnit4Provider.java:240)
	at org.apache.maven.surefire.junit4.JUnit4Provider.executeTestSet(JUnit4Provider.java:214)
	at org.apache.maven.surefire.junit4.JUnit4Provider.invoke(JUnit4Provider.java:155)
	at org.apache.maven.surefire.booter.ForkedBooter.runSuitesInProcess(ForkedBooter.java:385)
	at org.apache.maven.surefire.booter.ForkedBooter.execute(ForkedBooter.java:162)
	at org.apache.maven.surefire.booter.ForkedBooter.run(ForkedBooter.java:507)
	at org.apache.maven.surefire.booter.ForkedBooter.main(ForkedBooter.java:495)
]]></failure>
  </testcase>
  <testcase name="getPlanetsByOwnerAPINegativeTest" classname="com.revature.planetarium.controller.planet.GetPlanetsByOwnerAPITest" time="0.029"/>
</testsuite>